[0.866s] Invoking command in '/home/neu/Desktop/microros_ws/firmware/mcu_ws/uros/tracetools/tracetools_launch': AMENT_PREFIX_PATH=/home/neu/Desktop/microros_ws/firmware/mcu_ws/install/tracetools_trace:${AMENT_PREFIX_PATH} PYTHONPATH=/home/neu/Desktop/microros_ws/firmware/mcu_ws/build/tracetools_launch/prefix_override:/home/neu/Desktop/microros_ws/firmware/mcu_ws/install/tracetools_launch/lib/python3.8/site-packages:/home/neu/Desktop/microros_ws/firmware/mcu_ws/install/tracetools_trace/lib/python3.8/site-packages:${PYTHONPATH} /usr/bin/python3 setup.py egg_info --egg-base ../../../build/tracetools_launch build --build-base /home/neu/Desktop/microros_ws/firmware/mcu_ws/build/tracetools_launch/build install --record /home/neu/Desktop/microros_ws/firmware/mcu_ws/build/tracetools_launch/install.log --single-version-externally-managed
[1.049s] running egg_info
[1.049s] creating ../../../build/tracetools_launch/tracetools_launch.egg-info
[1.049s] writing ../../../build/tracetools_launch/tracetools_launch.egg-info/PKG-INFO
[1.049s] writing dependency_links to ../../../build/tracetools_launch/tracetools_launch.egg-info/dependency_links.txt
[1.050s] writing entry points to ../../../build/tracetools_launch/tracetools_launch.egg-info/entry_points.txt
[1.050s] writing requirements to ../../../build/tracetools_launch/tracetools_launch.egg-info/requires.txt
[1.050s] writing top-level names to ../../../build/tracetools_launch/tracetools_launch.egg-info/top_level.txt
[1.050s] writing manifest file '../../../build/tracetools_launch/tracetools_launch.egg-info/SOURCES.txt'
[1.071s] reading manifest file '../../../build/tracetools_launch/tracetools_launch.egg-info/SOURCES.txt'
[1.071s] writing manifest file '../../../build/tracetools_launch/tracetools_launch.egg-info/SOURCES.txt'
[1.071s] running build
[1.072s] running build_py
[1.072s] creating /home/neu/Desktop/microros_ws/firmware/mcu_ws/build/tracetools_launch/build
[1.072s] creating /home/neu/Desktop/microros_ws/firmware/mcu_ws/build/tracetools_launch/build/lib
[1.072s] creating /home/neu/Desktop/microros_ws/firmware/mcu_ws/build/tracetools_launch/build/lib/tracetools_launch
[1.072s] copying tracetools_launch/__init__.py -> /home/neu/Desktop/microros_ws/firmware/mcu_ws/build/tracetools_launch/build/lib/tracetools_launch
[1.072s] copying tracetools_launch/action.py -> /home/neu/Desktop/microros_ws/firmware/mcu_ws/build/tracetools_launch/build/lib/tracetools_launch
[1.072s] creating /home/neu/Desktop/microros_ws/firmware/mcu_ws/build/tracetools_launch/build/lib/tracetools_launch/actions
[1.072s] copying tracetools_launch/actions/__init__.py -> /home/neu/Desktop/microros_ws/firmware/mcu_ws/build/tracetools_launch/build/lib/tracetools_launch/actions
[1.072s] copying tracetools_launch/actions/ld_preload.py -> /home/neu/Desktop/microros_ws/firmware/mcu_ws/build/tracetools_launch/build/lib/tracetools_launch/actions
[1.072s] running install
[1.073s] running install_lib
[1.074s] creating /home/neu/Desktop/microros_ws/firmware/mcu_ws/install/tracetools_launch/lib/python3.8/site-packages/tracetools_launch
[1.074s] copying /home/neu/Desktop/microros_ws/firmware/mcu_ws/build/tracetools_launch/build/lib/tracetools_launch/__init__.py -> /home/neu/Desktop/microros_ws/firmware/mcu_ws/install/tracetools_launch/lib/python3.8/site-packages/tracetools_launch
[1.074s] creating /home/neu/Desktop/microros_ws/firmware/mcu_ws/install/tracetools_launch/lib/python3.8/site-packages/tracetools_launch/actions
[1.074s] copying /home/neu/Desktop/microros_ws/firmware/mcu_ws/build/tracetools_launch/build/lib/tracetools_launch/actions/__init__.py -> /home/neu/Desktop/microros_ws/firmware/mcu_ws/install/tracetools_launch/lib/python3.8/site-packages/tracetools_launch/actions
[1.074s] copying /home/neu/Desktop/microros_ws/firmware/mcu_ws/build/tracetools_launch/build/lib/tracetools_launch/actions/ld_preload.py -> /home/neu/Desktop/microros_ws/firmware/mcu_ws/install/tracetools_launch/lib/python3.8/site-packages/tracetools_launch/actions
[1.074s] copying /home/neu/Desktop/microros_ws/firmware/mcu_ws/build/tracetools_launch/build/lib/tracetools_launch/action.py -> /home/neu/Desktop/microros_ws/firmware/mcu_ws/install/tracetools_launch/lib/python3.8/site-packages/tracetools_launch
[1.074s] byte-compiling /home/neu/Desktop/microros_ws/firmware/mcu_ws/install/tracetools_launch/lib/python3.8/site-packages/tracetools_launch/__init__.py to __init__.cpython-38.pyc
[1.075s] byte-compiling /home/neu/Desktop/microros_ws/firmware/mcu_ws/install/tracetools_launch/lib/python3.8/site-packages/tracetools_launch/actions/__init__.py to __init__.cpython-38.pyc
[1.075s] byte-compiling /home/neu/Desktop/microros_ws/firmware/mcu_ws/install/tracetools_launch/lib/python3.8/site-packages/tracetools_launch/actions/ld_preload.py to ld_preload.cpython-38.pyc
[1.076s] byte-compiling /home/neu/Desktop/microros_ws/firmware/mcu_ws/install/tracetools_launch/lib/python3.8/site-packages/tracetools_launch/action.py to action.cpython-38.pyc
[1.077s] running install_data
[1.077s] copying package.xml -> /home/neu/Desktop/microros_ws/firmware/mcu_ws/install/tracetools_launch/share/tracetools_launch
[1.078s] creating /home/neu/Desktop/microros_ws/firmware/mcu_ws/install/tracetools_launch/share/tracetools_launch/launch
[1.078s] copying launch/example.launch.yaml -> /home/neu/Desktop/microros_ws/firmware/mcu_ws/install/tracetools_launch/share/tracetools_launch/launch
[1.078s] copying launch/example.launch.xml -> /home/neu/Desktop/microros_ws/firmware/mcu_ws/install/tracetools_launch/share/tracetools_launch/launch
[1.078s] copying launch/example.launch.py -> /home/neu/Desktop/microros_ws/firmware/mcu_ws/install/tracetools_launch/share/tracetools_launch/launch
[1.078s] creating /home/neu/Desktop/microros_ws/firmware/mcu_ws/install/tracetools_launch/share/ament_index
[1.078s] creating /home/neu/Desktop/microros_ws/firmware/mcu_ws/install/tracetools_launch/share/ament_index/resource_index
[1.078s] creating /home/neu/Desktop/microros_ws/firmware/mcu_ws/install/tracetools_launch/share/ament_index/resource_index/packages
[1.078s] copying resource/tracetools_launch -> /home/neu/Desktop/microros_ws/firmware/mcu_ws/install/tracetools_launch/share/ament_index/resource_index/packages
[1.078s] running install_egg_info
[1.079s] Copying ../../../build/tracetools_launch/tracetools_launch.egg-info to /home/neu/Desktop/microros_ws/firmware/mcu_ws/install/tracetools_launch/lib/python3.8/site-packages/tracetools_launch-4.1.1-py3.8.egg-info
[1.079s] running install_scripts
[1.101s] writing list of installed files to '/home/neu/Desktop/microros_ws/firmware/mcu_ws/build/tracetools_launch/install.log'
[1.127s] Invoked command in '/home/neu/Desktop/microros_ws/firmware/mcu_ws/uros/tracetools/tracetools_launch' returned '0': AMENT_PREFIX_PATH=/home/neu/Desktop/microros_ws/firmware/mcu_ws/install/tracetools_trace:${AMENT_PREFIX_PATH} PYTHONPATH=/home/neu/Desktop/microros_ws/firmware/mcu_ws/build/tracetools_launch/prefix_override:/home/neu/Desktop/microros_ws/firmware/mcu_ws/install/tracetools_launch/lib/python3.8/site-packages:/home/neu/Desktop/microros_ws/firmware/mcu_ws/install/tracetools_trace/lib/python3.8/site-packages:${PYTHONPATH} /usr/bin/python3 setup.py egg_info --egg-base ../../../build/tracetools_launch build --build-base /home/neu/Desktop/microros_ws/firmware/mcu_ws/build/tracetools_launch/build install --record /home/neu/Desktop/microros_ws/firmware/mcu_ws/build/tracetools_launch/install.log --single-version-externally-managed
