Not searching for unused variables given on the command line.
-- Found ament_cmake: 1.3.5 (/home/neu/Desktop/microros_ws/firmware/dev_ws/install/ament_cmake/share/ament_cmake/cmake)
-- Found Python3: /usr/bin/python3.8 (found version "3.8.10") found components: Interpreter 
-- Configuring done
-- Generating done
-- Build files have been written to: /home/neu/Desktop/microros_ws/firmware/mcu_ws/build/rosidl_generator_dds_idl
make[1]: Entering directory '/home/neu/Desktop/microros_ws/firmware/mcu_ws/build/rosidl_generator_dds_idl'
/usr/bin/cmake -S/home/neu/Desktop/microros_ws/firmware/mcu_ws/ros2/rosidl_dds/rosidl_generator_dds_idl -B/home/neu/Desktop/microros_ws/firmware/mcu_ws/build/rosidl_generator_dds_idl --check-build-system CMakeFiles/Makefile.cmake 0
/usr/bin/cmake -E cmake_progress_start /home/neu/Desktop/microros_ws/firmware/mcu_ws/build/rosidl_generator_dds_idl/CMakeFiles /home/neu/Desktop/microros_ws/firmware/mcu_ws/build/rosidl_generator_dds_idl/CMakeFiles/progress.marks
/usr/bin/make -f CMakeFiles/Makefile2 all
make[2]: Entering directory '/home/neu/Desktop/microros_ws/firmware/mcu_ws/build/rosidl_generator_dds_idl'
/usr/bin/make -f CMakeFiles/ament_cmake_python_copy_rosidl_generator_dds_idl_setup.dir/build.make CMakeFiles/ament_cmake_python_copy_rosidl_generator_dds_idl_setup.dir/depend
/usr/bin/make -f CMakeFiles/ament_cmake_python_copy_rosidl_generator_dds_idl.dir/build.make CMakeFiles/ament_cmake_python_copy_rosidl_generator_dds_idl.dir/depend
make[3]: Entering directory '/home/neu/Desktop/microros_ws/firmware/mcu_ws/build/rosidl_generator_dds_idl'
cd /home/neu/Desktop/microros_ws/firmware/mcu_ws/build/rosidl_generator_dds_idl && /usr/bin/cmake -E cmake_depends "Unix Makefiles" /home/neu/Desktop/microros_ws/firmware/mcu_ws/ros2/rosidl_dds/rosidl_generator_dds_idl /home/neu/Desktop/microros_ws/firmware/mcu_ws/ros2/rosidl_dds/rosidl_generator_dds_idl /home/neu/Desktop/microros_ws/firmware/mcu_ws/build/rosidl_generator_dds_idl /home/neu/Desktop/microros_ws/firmware/mcu_ws/build/rosidl_generator_dds_idl /home/neu/Desktop/microros_ws/firmware/mcu_ws/build/rosidl_generator_dds_idl/CMakeFiles/ament_cmake_python_copy_rosidl_generator_dds_idl_setup.dir/DependInfo.cmake --color=
make[3]: Entering directory '/home/neu/Desktop/microros_ws/firmware/mcu_ws/build/rosidl_generator_dds_idl'
cd /home/neu/Desktop/microros_ws/firmware/mcu_ws/build/rosidl_generator_dds_idl && /usr/bin/cmake -E cmake_depends "Unix Makefiles" /home/neu/Desktop/microros_ws/firmware/mcu_ws/ros2/rosidl_dds/rosidl_generator_dds_idl /home/neu/Desktop/microros_ws/firmware/mcu_ws/ros2/rosidl_dds/rosidl_generator_dds_idl /home/neu/Desktop/microros_ws/firmware/mcu_ws/build/rosidl_generator_dds_idl /home/neu/Desktop/microros_ws/firmware/mcu_ws/build/rosidl_generator_dds_idl /home/neu/Desktop/microros_ws/firmware/mcu_ws/build/rosidl_generator_dds_idl/CMakeFiles/ament_cmake_python_copy_rosidl_generator_dds_idl.dir/DependInfo.cmake --color=
Dependee "/home/neu/Desktop/microros_ws/firmware/mcu_ws/build/rosidl_generator_dds_idl/CMakeFiles/ament_cmake_python_copy_rosidl_generator_dds_idl_setup.dir/DependInfo.cmake" is newer than depender "/home/neu/Desktop/microros_ws/firmware/mcu_ws/build/rosidl_generator_dds_idl/CMakeFiles/ament_cmake_python_copy_rosidl_generator_dds_idl_setup.dir/depend.internal".
Dependee "/home/neu/Desktop/microros_ws/firmware/mcu_ws/build/rosidl_generator_dds_idl/CMakeFiles/CMakeDirectoryInformation.cmake" is newer than depender "/home/neu/Desktop/microros_ws/firmware/mcu_ws/build/rosidl_generator_dds_idl/CMakeFiles/ament_cmake_python_copy_rosidl_generator_dds_idl_setup.dir/depend.internal".
[35m[1mScanning dependencies of target ament_cmake_python_copy_rosidl_generator_dds_idl_setup[0m
make[3]: Leaving directory '/home/neu/Desktop/microros_ws/firmware/mcu_ws/build/rosidl_generator_dds_idl'
/usr/bin/make -f CMakeFiles/ament_cmake_python_copy_rosidl_generator_dds_idl_setup.dir/build.make CMakeFiles/ament_cmake_python_copy_rosidl_generator_dds_idl_setup.dir/build
make[3]: Entering directory '/home/neu/Desktop/microros_ws/firmware/mcu_ws/build/rosidl_generator_dds_idl'
/usr/bin/cmake -E copy /home/neu/Desktop/microros_ws/firmware/mcu_ws/ros2/rosidl_dds/rosidl_generator_dds_idl/setup.cfg /home/neu/Desktop/microros_ws/firmware/mcu_ws/build/rosidl_generator_dds_idl/ament_cmake_python/rosidl_generator_dds_idl/setup.cfg
Dependee "/home/neu/Desktop/microros_ws/firmware/mcu_ws/build/rosidl_generator_dds_idl/CMakeFiles/ament_cmake_python_copy_rosidl_generator_dds_idl.dir/DependInfo.cmake" is newer than depender "/home/neu/Desktop/microros_ws/firmware/mcu_ws/build/rosidl_generator_dds_idl/CMakeFiles/ament_cmake_python_copy_rosidl_generator_dds_idl.dir/depend.internal".
Dependee "/home/neu/Desktop/microros_ws/firmware/mcu_ws/build/rosidl_generator_dds_idl/CMakeFiles/CMakeDirectoryInformation.cmake" is newer than depender "/home/neu/Desktop/microros_ws/firmware/mcu_ws/build/rosidl_generator_dds_idl/CMakeFiles/ament_cmake_python_copy_rosidl_generator_dds_idl.dir/depend.internal".
[35m[1mScanning dependencies of target ament_cmake_python_copy_rosidl_generator_dds_idl[0m
make[3]: Leaving directory '/home/neu/Desktop/microros_ws/firmware/mcu_ws/build/rosidl_generator_dds_idl'
/usr/bin/make -f CMakeFiles/ament_cmake_python_copy_rosidl_generator_dds_idl.dir/build.make CMakeFiles/ament_cmake_python_copy_rosidl_generator_dds_idl.dir/build
make[3]: Entering directory '/home/neu/Desktop/microros_ws/firmware/mcu_ws/build/rosidl_generator_dds_idl'
/usr/bin/cmake -E copy_directory /home/neu/Desktop/microros_ws/firmware/mcu_ws/ros2/rosidl_dds/rosidl_generator_dds_idl/rosidl_generator_dds_idl /home/neu/Desktop/microros_ws/firmware/mcu_ws/build/rosidl_generator_dds_idl/ament_cmake_python/rosidl_generator_dds_idl/rosidl_generator_dds_idl
make[3]: Leaving directory '/home/neu/Desktop/microros_ws/firmware/mcu_ws/build/rosidl_generator_dds_idl'
make[3]: Leaving directory '/home/neu/Desktop/microros_ws/firmware/mcu_ws/build/rosidl_generator_dds_idl'
Built target ament_cmake_python_copy_rosidl_generator_dds_idl_setup
Built target ament_cmake_python_copy_rosidl_generator_dds_idl
/usr/bin/make -f CMakeFiles/ament_cmake_python_build_rosidl_generator_dds_idl_egg.dir/build.make CMakeFiles/ament_cmake_python_build_rosidl_generator_dds_idl_egg.dir/depend
make[3]: Entering directory '/home/neu/Desktop/microros_ws/firmware/mcu_ws/build/rosidl_generator_dds_idl'
cd /home/neu/Desktop/microros_ws/firmware/mcu_ws/build/rosidl_generator_dds_idl && /usr/bin/cmake -E cmake_depends "Unix Makefiles" /home/neu/Desktop/microros_ws/firmware/mcu_ws/ros2/rosidl_dds/rosidl_generator_dds_idl /home/neu/Desktop/microros_ws/firmware/mcu_ws/ros2/rosidl_dds/rosidl_generator_dds_idl /home/neu/Desktop/microros_ws/firmware/mcu_ws/build/rosidl_generator_dds_idl /home/neu/Desktop/microros_ws/firmware/mcu_ws/build/rosidl_generator_dds_idl /home/neu/Desktop/microros_ws/firmware/mcu_ws/build/rosidl_generator_dds_idl/CMakeFiles/ament_cmake_python_build_rosidl_generator_dds_idl_egg.dir/DependInfo.cmake --color=
Dependee "/home/neu/Desktop/microros_ws/firmware/mcu_ws/build/rosidl_generator_dds_idl/CMakeFiles/ament_cmake_python_build_rosidl_generator_dds_idl_egg.dir/DependInfo.cmake" is newer than depender "/home/neu/Desktop/microros_ws/firmware/mcu_ws/build/rosidl_generator_dds_idl/CMakeFiles/ament_cmake_python_build_rosidl_generator_dds_idl_egg.dir/depend.internal".
Dependee "/home/neu/Desktop/microros_ws/firmware/mcu_ws/build/rosidl_generator_dds_idl/CMakeFiles/CMakeDirectoryInformation.cmake" is newer than depender "/home/neu/Desktop/microros_ws/firmware/mcu_ws/build/rosidl_generator_dds_idl/CMakeFiles/ament_cmake_python_build_rosidl_generator_dds_idl_egg.dir/depend.internal".
[35m[1mScanning dependencies of target ament_cmake_python_build_rosidl_generator_dds_idl_egg[0m
make[3]: Leaving directory '/home/neu/Desktop/microros_ws/firmware/mcu_ws/build/rosidl_generator_dds_idl'
/usr/bin/make -f CMakeFiles/ament_cmake_python_build_rosidl_generator_dds_idl_egg.dir/build.make CMakeFiles/ament_cmake_python_build_rosidl_generator_dds_idl_egg.dir/build
make[3]: Entering directory '/home/neu/Desktop/microros_ws/firmware/mcu_ws/build/rosidl_generator_dds_idl'
cd /home/neu/Desktop/microros_ws/firmware/mcu_ws/build/rosidl_generator_dds_idl/ament_cmake_python/rosidl_generator_dds_idl && /usr/bin/python3.8 setup.py egg_info
running egg_info
creating rosidl_generator_dds_idl.egg-info
writing rosidl_generator_dds_idl.egg-info/PKG-INFO
writing dependency_links to rosidl_generator_dds_idl.egg-info/dependency_links.txt
writing entry points to rosidl_generator_dds_idl.egg-info/entry_points.txt
writing top-level names to rosidl_generator_dds_idl.egg-info/top_level.txt
writing manifest file 'rosidl_generator_dds_idl.egg-info/SOURCES.txt'
reading manifest file 'rosidl_generator_dds_idl.egg-info/SOURCES.txt'
writing manifest file 'rosidl_generator_dds_idl.egg-info/SOURCES.txt'
make[3]: Leaving directory '/home/neu/Desktop/microros_ws/firmware/mcu_ws/build/rosidl_generator_dds_idl'
Built target ament_cmake_python_build_rosidl_generator_dds_idl_egg
make[2]: Leaving directory '/home/neu/Desktop/microros_ws/firmware/mcu_ws/build/rosidl_generator_dds_idl'
/usr/bin/cmake -E cmake_progress_start /home/neu/Desktop/microros_ws/firmware/mcu_ws/build/rosidl_generator_dds_idl/CMakeFiles 0
make[1]: Leaving directory '/home/neu/Desktop/microros_ws/firmware/mcu_ws/build/rosidl_generator_dds_idl'
-- Install configuration: "Debug"
-- Installing: /home/neu/Desktop/microros_ws/firmware/mcu_ws/install/rosidl_generator_dds_idl/share/rosidl_generator_dds_idl/environment/pythonpath.sh
-- Installing: /home/neu/Desktop/microros_ws/firmware/mcu_ws/install/rosidl_generator_dds_idl/share/rosidl_generator_dds_idl/environment/pythonpath.dsv
-- Installing: /home/neu/Desktop/microros_ws/firmware/mcu_ws/install/rosidl_generator_dds_idl/lib/python3.8/site-packages/rosidl_generator_dds_idl-0.8.1-py3.8.egg-info
-- Installing: /home/neu/Desktop/microros_ws/firmware/mcu_ws/install/rosidl_generator_dds_idl/lib/python3.8/site-packages/rosidl_generator_dds_idl-0.8.1-py3.8.egg-info/entry_points.txt
-- Installing: /home/neu/Desktop/microros_ws/firmware/mcu_ws/install/rosidl_generator_dds_idl/lib/python3.8/site-packages/rosidl_generator_dds_idl-0.8.1-py3.8.egg-info/SOURCES.txt
-- Installing: /home/neu/Desktop/microros_ws/firmware/mcu_ws/install/rosidl_generator_dds_idl/lib/python3.8/site-packages/rosidl_generator_dds_idl-0.8.1-py3.8.egg-info/top_level.txt
-- Installing: /home/neu/Desktop/microros_ws/firmware/mcu_ws/install/rosidl_generator_dds_idl/lib/python3.8/site-packages/rosidl_generator_dds_idl-0.8.1-py3.8.egg-info/dependency_links.txt
-- Installing: /home/neu/Desktop/microros_ws/firmware/mcu_ws/install/rosidl_generator_dds_idl/lib/python3.8/site-packages/rosidl_generator_dds_idl-0.8.1-py3.8.egg-info/PKG-INFO
-- Installing: /home/neu/Desktop/microros_ws/firmware/mcu_ws/install/rosidl_generator_dds_idl/lib/python3.8/site-packages/rosidl_generator_dds_idl
-- Installing: /home/neu/Desktop/microros_ws/firmware/mcu_ws/install/rosidl_generator_dds_idl/lib/python3.8/site-packages/rosidl_generator_dds_idl/__init__.py
-- Installing: /home/neu/Desktop/microros_ws/firmware/mcu_ws/install/rosidl_generator_dds_idl/lib/python3.8/site-packages/rosidl_generator_dds_idl/cli.py
Listing '/home/neu/Desktop/microros_ws/firmware/mcu_ws/install/rosidl_generator_dds_idl/lib/python3.8/site-packages/rosidl_generator_dds_idl'...
Compiling '/home/neu/Desktop/microros_ws/firmware/mcu_ws/install/rosidl_generator_dds_idl/lib/python3.8/site-packages/rosidl_generator_dds_idl/__init__.py'...
Compiling '/home/neu/Desktop/microros_ws/firmware/mcu_ws/install/rosidl_generator_dds_idl/lib/python3.8/site-packages/rosidl_generator_dds_idl/cli.py'...
-- Installing: /home/neu/Desktop/microros_ws/firmware/mcu_ws/install/rosidl_generator_dds_idl/share/ament_index/resource_index/package_run_dependencies/rosidl_generator_dds_idl
-- Installing: /home/neu/Desktop/microros_ws/firmware/mcu_ws/install/rosidl_generator_dds_idl/share/ament_index/resource_index/parent_prefix_path/rosidl_generator_dds_idl
-- Installing: /home/neu/Desktop/microros_ws/firmware/mcu_ws/install/rosidl_generator_dds_idl/share/rosidl_generator_dds_idl/environment/ament_prefix_path.sh
-- Installing: /home/neu/Desktop/microros_ws/firmware/mcu_ws/install/rosidl_generator_dds_idl/share/rosidl_generator_dds_idl/environment/ament_prefix_path.dsv
-- Installing: /home/neu/Desktop/microros_ws/firmware/mcu_ws/install/rosidl_generator_dds_idl/share/rosidl_generator_dds_idl/environment/path.sh
-- Installing: /home/neu/Desktop/microros_ws/firmware/mcu_ws/install/rosidl_generator_dds_idl/share/rosidl_generator_dds_idl/environment/path.dsv
-- Installing: /home/neu/Desktop/microros_ws/firmware/mcu_ws/install/rosidl_generator_dds_idl/share/rosidl_generator_dds_idl/local_setup.bash
-- Installing: /home/neu/Desktop/microros_ws/firmware/mcu_ws/install/rosidl_generator_dds_idl/share/rosidl_generator_dds_idl/local_setup.sh
-- Installing: /home/neu/Desktop/microros_ws/firmware/mcu_ws/install/rosidl_generator_dds_idl/share/rosidl_generator_dds_idl/local_setup.zsh
-- Installing: /home/neu/Desktop/microros_ws/firmware/mcu_ws/install/rosidl_generator_dds_idl/share/rosidl_generator_dds_idl/local_setup.dsv
-- Installing: /home/neu/Desktop/microros_ws/firmware/mcu_ws/install/rosidl_generator_dds_idl/share/rosidl_generator_dds_idl/package.dsv
-- Installing: /home/neu/Desktop/microros_ws/firmware/mcu_ws/install/rosidl_generator_dds_idl/share/ament_index/resource_index/packages/rosidl_generator_dds_idl
-- Installing: /home/neu/Desktop/microros_ws/firmware/mcu_ws/install/rosidl_generator_dds_idl/share/rosidl_generator_dds_idl/cmake/rosidl_generator_dds_idl-extras.cmake
-- Installing: /home/neu/Desktop/microros_ws/firmware/mcu_ws/install/rosidl_generator_dds_idl/share/rosidl_generator_dds_idl/cmake/rosidl_generator_dds_idlConfig.cmake
-- Installing: /home/neu/Desktop/microros_ws/firmware/mcu_ws/install/rosidl_generator_dds_idl/share/rosidl_generator_dds_idl/cmake/rosidl_generator_dds_idlConfig-version.cmake
-- Installing: /home/neu/Desktop/microros_ws/firmware/mcu_ws/install/rosidl_generator_dds_idl/share/rosidl_generator_dds_idl/package.xml
-- Installing: /home/neu/Desktop/microros_ws/firmware/mcu_ws/install/rosidl_generator_dds_idl/lib/rosidl_generator_dds_idl/rosidl_generator_dds_idl
-- Up-to-date: /home/neu/Desktop/microros_ws/firmware/mcu_ws/install/rosidl_generator_dds_idl/share/rosidl_generator_dds_idl/cmake
-- Installing: /home/neu/Desktop/microros_ws/firmware/mcu_ws/install/rosidl_generator_dds_idl/share/rosidl_generator_dds_idl/cmake/rosidl_generate_dds_interfaces.cmake
-- Installing: /home/neu/Desktop/microros_ws/firmware/mcu_ws/install/rosidl_generator_dds_idl/share/rosidl_generator_dds_idl/resource
-- Installing: /home/neu/Desktop/microros_ws/firmware/mcu_ws/install/rosidl_generator_dds_idl/share/rosidl_generator_dds_idl/resource/idl.idl.em
-- Installing: /home/neu/Desktop/microros_ws/firmware/mcu_ws/install/rosidl_generator_dds_idl/share/rosidl_generator_dds_idl/resource/msg.idl.em
-- Installing: /home/neu/Desktop/microros_ws/firmware/mcu_ws/install/rosidl_generator_dds_idl/share/rosidl_generator_dds_idl/resource/srv.idl.em
-- Installing: /home/neu/Desktop/microros_ws/firmware/mcu_ws/install/rosidl_generator_dds_idl/share/rosidl_generator_dds_idl/resource/action.idl.em
