Not searching for unused variables given on the command line.
-- The C compiler identification is GNU 8.3.1
-- The CXX compiler identification is GNU 8.3.1
-- Check for working C compiler: /home/neu/Desktop/microros_ws/firmware/freertos_apps/microros_nucleo_f446ze_extensions/../../toolchain/bin/arm-none-eabi-gcc
-- Check for working C compiler: /home/neu/Desktop/microros_ws/firmware/freertos_apps/microros_nucleo_f446ze_extensions/../../toolchain/bin/arm-none-eabi-gcc -- works
-- Detecting C compiler ABI info
-- Detecting C compiler ABI info - done
-- Detecting C compile features
-- Detecting C compile features - done
-- Check for working CXX compiler: /home/neu/Desktop/microros_ws/firmware/freertos_apps/microros_nucleo_f446ze_extensions/../../toolchain/bin/arm-none-eabi-g++
-- Check for working CXX compiler: /home/neu/Desktop/microros_ws/firmware/freertos_apps/microros_nucleo_f446ze_extensions/../../toolchain/bin/arm-none-eabi-g++ -- works
-- Detecting CXX compiler ABI info
-- Detecting CXX compiler ABI info - done
-- Detecting CXX compile features
-- Detecting CXX compile features - done
-- Found ament_cmake_ros: 0.10.0 (/home/neu/Desktop/microros_ws/firmware/dev_ws/install/ament_cmake_ros/share/ament_cmake_ros/cmake)
-- Found Python3: /usr/bin/python3.8 (found version "3.8.10") found components: Interpreter 
-- Found action_msgs: 1.2.1 (/home/neu/Desktop/microros_ws/firmware/mcu_ws/install/action_msgs/share/action_msgs/cmake)
CMake Warning at /home/neu/Desktop/microros_ws/firmware/mcu_ws/install/rcutils/share/rcutils/cmake/ament_cmake_export_libraries-extras.cmake:116 (message):
  Package 'rcutils' exports library 'dl' which couldn't be found
Call Stack (most recent call first):
  /home/neu/Desktop/microros_ws/firmware/mcu_ws/install/rcutils/share/rcutils/cmake/rcutilsConfig.cmake:41 (include)
  /home/neu/Desktop/microros_ws/firmware/mcu_ws/install/rosidl_runtime_c/share/rosidl_runtime_c/cmake/ament_cmake_export_dependencies-extras.cmake:21 (find_package)
  /home/neu/Desktop/microros_ws/firmware/mcu_ws/install/rosidl_runtime_c/share/rosidl_runtime_c/cmake/rosidl_runtime_cConfig.cmake:41 (include)
  /home/neu/Desktop/microros_ws/firmware/mcu_ws/install/builtin_interfaces/share/builtin_interfaces/cmake/ament_cmake_export_dependencies-extras.cmake:21 (find_package)
  /home/neu/Desktop/microros_ws/firmware/mcu_ws/install/builtin_interfaces/share/builtin_interfaces/cmake/builtin_interfacesConfig.cmake:41 (include)
  /home/neu/Desktop/microros_ws/firmware/mcu_ws/install/action_msgs/share/action_msgs/cmake/ament_cmake_export_dependencies-extras.cmake:21 (find_package)
  /home/neu/Desktop/microros_ws/firmware/mcu_ws/install/action_msgs/share/action_msgs/cmake/action_msgsConfig.cmake:41 (include)
  CMakeLists.txt:7 (find_package)


-- Using all available rosidl_typesupport_c: rosidl_typesupport_microxrcedds_c;rosidl_typesupport_introspection_c
-- Found rosidl_adapter: 3.1.5 (/home/neu/Desktop/microros_ws/firmware/mcu_ws/install/rosidl_adapter/share/rosidl_adapter/cmake)
-- Found rcl: 5.3.4 (/home/neu/Desktop/microros_ws/firmware/mcu_ws/install/rcl/share/rcl/cmake)
-- Found rmw_implementation_cmake: 6.1.1 (/home/neu/Desktop/microros_ws/firmware/mcu_ws/install/rmw_implementation_cmake/share/rmw_implementation_cmake/cmake)
-- Found rmw_microxrcedds: 3.0.2 (/home/neu/Desktop/microros_ws/firmware/mcu_ws/install/rmw_microxrcedds/share/rmw_microxrcedds/cmake)
-- Using RMW implementation 'rmw_microxrcedds'
-- Configuring done
-- Generating done
-- Build files have been written to: /home/neu/Desktop/microros_ws/firmware/mcu_ws/build/rcl_action
make[1]: Entering directory '/home/neu/Desktop/microros_ws/firmware/mcu_ws/build/rcl_action'
/usr/bin/cmake -S/home/neu/Desktop/microros_ws/firmware/mcu_ws/uros/rcl/rcl_action -B/home/neu/Desktop/microros_ws/firmware/mcu_ws/build/rcl_action --check-build-system CMakeFiles/Makefile.cmake 0
/usr/bin/cmake -E cmake_progress_start /home/neu/Desktop/microros_ws/firmware/mcu_ws/build/rcl_action/CMakeFiles /home/neu/Desktop/microros_ws/firmware/mcu_ws/build/rcl_action/CMakeFiles/progress.marks
/usr/bin/make -f CMakeFiles/Makefile2 all
make[2]: Entering directory '/home/neu/Desktop/microros_ws/firmware/mcu_ws/build/rcl_action'
/usr/bin/make -f CMakeFiles/rcl_action.dir/build.make CMakeFiles/rcl_action.dir/depend
make[3]: Entering directory '/home/neu/Desktop/microros_ws/firmware/mcu_ws/build/rcl_action'
cd /home/neu/Desktop/microros_ws/firmware/mcu_ws/build/rcl_action && /usr/bin/cmake -E cmake_depends "Unix Makefiles" /home/neu/Desktop/microros_ws/firmware/mcu_ws/uros/rcl/rcl_action /home/neu/Desktop/microros_ws/firmware/mcu_ws/uros/rcl/rcl_action /home/neu/Desktop/microros_ws/firmware/mcu_ws/build/rcl_action /home/neu/Desktop/microros_ws/firmware/mcu_ws/build/rcl_action /home/neu/Desktop/microros_ws/firmware/mcu_ws/build/rcl_action/CMakeFiles/rcl_action.dir/DependInfo.cmake --color=
Dependee "/home/neu/Desktop/microros_ws/firmware/mcu_ws/build/rcl_action/CMakeFiles/rcl_action.dir/DependInfo.cmake" is newer than depender "/home/neu/Desktop/microros_ws/firmware/mcu_ws/build/rcl_action/CMakeFiles/rcl_action.dir/depend.internal".
Dependee "/home/neu/Desktop/microros_ws/firmware/mcu_ws/build/rcl_action/CMakeFiles/CMakeDirectoryInformation.cmake" is newer than depender "/home/neu/Desktop/microros_ws/firmware/mcu_ws/build/rcl_action/CMakeFiles/rcl_action.dir/depend.internal".
[35m[1mScanning dependencies of target rcl_action[0m
make[3]: Leaving directory '/home/neu/Desktop/microros_ws/firmware/mcu_ws/build/rcl_action'
/usr/bin/make -f CMakeFiles/rcl_action.dir/build.make CMakeFiles/rcl_action.dir/build
make[3]: Entering directory '/home/neu/Desktop/microros_ws/firmware/mcu_ws/build/rcl_action'
[ 50%] [32mBuilding C object CMakeFiles/rcl_action.dir/src/rcl_action/goal_state_machine.c.obj[0m
[ 50%] [32mBuilding C object CMakeFiles/rcl_action.dir/src/rcl_action/goal_handle.c.obj[0m
[ 50%] [32mBuilding C object CMakeFiles/rcl_action.dir/src/rcl_action/action_server.c.obj[0m
[ 50%] [32mBuilding C object CMakeFiles/rcl_action.dir/src/rcl_action/action_client.c.obj[0m
[ 62%] [32mBuilding C object CMakeFiles/rcl_action.dir/src/rcl_action/graph.c.obj[0m
[ 75%] [32mBuilding C object CMakeFiles/rcl_action.dir/src/rcl_action/names.c.obj[0m
[ 87%] [32mBuilding C object CMakeFiles/rcl_action.dir/src/rcl_action/types.c.obj[0m
/home/neu/Desktop/microros_ws/firmware/freertos_apps/microros_nucleo_f446ze_extensions/../../toolchain/bin/arm-none-eabi-gcc -DRCL_ACTION_BUILDING_DLL -DROS_PACKAGE_NAME=\"rcl_action\" -I/home/neu/Desktop/microros_ws/firmware/mcu_ws/uros/rcl/rcl_action/include -isystem /home/neu/Desktop/microros_ws/firmware/mcu_ws/install/rcl/include/rcl -isystem /home/neu/Desktop/microros_ws/firmware/mcu_ws/install/action_msgs/include/action_msgs -isystem /home/neu/Desktop/microros_ws/firmware/mcu_ws/install/rmw/include/rmw -isystem /home/neu/Desktop/microros_ws/firmware/mcu_ws/install/rosidl_runtime_c/include/rosidl_runtime_c -isystem /home/neu/Desktop/microros_ws/firmware/mcu_ws/install/rcutils/include/rcutils -isystem /home/neu/Desktop/microros_ws/firmware/mcu_ws/install/builtin_interfaces/include/builtin_interfaces -isystem /home/neu/Desktop/microros_ws/firmware/mcu_ws/install/rosidl_typesupport_interface/include/rosidl_typesupport_interface -isystem /home/neu/Desktop/microros_ws/firmware/mcu_ws/install/unique_identifier_msgs/include/unique_identifier_msgs -isystem /home/neu/Desktop/microros_ws/firmware/mcu_ws/install/rosidl_typesupport_introspection_c/include/rosidl_typesupport_introspection_c -isystem /home/neu/Desktop/microros_ws/firmware/mcu_ws/install/rcl_interfaces/include/rcl_interfaces -isystem /home/neu/Desktop/microros_ws/firmware/mcu_ws/install/rcl_logging_interface/include/rcl_logging_interface -isystem /home/neu/Desktop/microros_ws/firmware/mcu_ws/install/rmw_microxrcedds/include -isystem /home/neu/Desktop/microros_ws/firmware/mcu_ws/install/microxrcedds_client/include -isystem /home/neu/Desktop/microros_ws/firmware/mcu_ws/install/microcdr/include -isystem /home/neu/Desktop/microros_ws/firmware/mcu_ws/install/rosidl_typesupport_microxrcedds_c/include -isystem /home/neu/Desktop/microros_ws/firmware/mcu_ws/install/tracetools/include/tracetools  -std=c11 -mcpu=cortex-m4 -mthumb -mfpu=fpv4-sp-d16 -mfloat-abi=hard -DUSE_HAL_DRIVER -DSTM32F446xx -D_TIMEVAL_DEFINED -O0 -Wall -fdata-sections -ffunction-sections  -DCLOCK_MONOTONIC=0 -g   -fvisibility=hidden -Wall -Wextra -Wpedantic -std=gnu11 -o CMakeFiles/rcl_action.dir/src/rcl_action/action_client.c.obj   -c /home/neu/Desktop/microros_ws/firmware/mcu_ws/uros/rcl/rcl_action/src/rcl_action/action_client.c
/home/neu/Desktop/microros_ws/firmware/freertos_apps/microros_nucleo_f446ze_extensions/../../toolchain/bin/arm-none-eabi-gcc -DRCL_ACTION_BUILDING_DLL -DROS_PACKAGE_NAME=\"rcl_action\" -I/home/neu/Desktop/microros_ws/firmware/mcu_ws/uros/rcl/rcl_action/include -isystem /home/neu/Desktop/microros_ws/firmware/mcu_ws/install/rcl/include/rcl -isystem /home/neu/Desktop/microros_ws/firmware/mcu_ws/install/action_msgs/include/action_msgs -isystem /home/neu/Desktop/microros_ws/firmware/mcu_ws/install/rmw/include/rmw -isystem /home/neu/Desktop/microros_ws/firmware/mcu_ws/install/rosidl_runtime_c/include/rosidl_runtime_c -isystem /home/neu/Desktop/microros_ws/firmware/mcu_ws/install/rcutils/include/rcutils -isystem /home/neu/Desktop/microros_ws/firmware/mcu_ws/install/builtin_interfaces/include/builtin_interfaces -isystem /home/neu/Desktop/microros_ws/firmware/mcu_ws/install/rosidl_typesupport_interface/include/rosidl_typesupport_interface -isystem /home/neu/Desktop/microros_ws/firmware/mcu_ws/install/unique_identifier_msgs/include/unique_identifier_msgs -isystem /home/neu/Desktop/microros_ws/firmware/mcu_ws/install/rosidl_typesupport_introspection_c/include/rosidl_typesupport_introspection_c -isystem /home/neu/Desktop/microros_ws/firmware/mcu_ws/install/rcl_interfaces/include/rcl_interfaces -isystem /home/neu/Desktop/microros_ws/firmware/mcu_ws/install/rcl_logging_interface/include/rcl_logging_interface -isystem /home/neu/Desktop/microros_ws/firmware/mcu_ws/install/rmw_microxrcedds/include -isystem /home/neu/Desktop/microros_ws/firmware/mcu_ws/install/microxrcedds_client/include -isystem /home/neu/Desktop/microros_ws/firmware/mcu_ws/install/microcdr/include -isystem /home/neu/Desktop/microros_ws/firmware/mcu_ws/install/rosidl_typesupport_microxrcedds_c/include -isystem /home/neu/Desktop/microros_ws/firmware/mcu_ws/install/tracetools/include/tracetools  -std=c11 -mcpu=cortex-m4 -mthumb -mfpu=fpv4-sp-d16 -mfloat-abi=hard -DUSE_HAL_DRIVER -DSTM32F446xx -D_TIMEVAL_DEFINED -O0 -Wall -fdata-sections -ffunction-sections  -DCLOCK_MONOTONIC=0 -g   -fvisibility=hidden -Wall -Wextra -Wpedantic -std=gnu11 -o CMakeFiles/rcl_action.dir/src/rcl_action/action_server.c.obj   -c /home/neu/Desktop/microros_ws/firmware/mcu_ws/uros/rcl/rcl_action/src/rcl_action/action_server.c
/home/neu/Desktop/microros_ws/firmware/freertos_apps/microros_nucleo_f446ze_extensions/../../toolchain/bin/arm-none-eabi-gcc -DRCL_ACTION_BUILDING_DLL -DROS_PACKAGE_NAME=\"rcl_action\" -I/home/neu/Desktop/microros_ws/firmware/mcu_ws/uros/rcl/rcl_action/include -isystem /home/neu/Desktop/microros_ws/firmware/mcu_ws/install/rcl/include/rcl -isystem /home/neu/Desktop/microros_ws/firmware/mcu_ws/install/action_msgs/include/action_msgs -isystem /home/neu/Desktop/microros_ws/firmware/mcu_ws/install/rmw/include/rmw -isystem /home/neu/Desktop/microros_ws/firmware/mcu_ws/install/rosidl_runtime_c/include/rosidl_runtime_c -isystem /home/neu/Desktop/microros_ws/firmware/mcu_ws/install/rcutils/include/rcutils -isystem /home/neu/Desktop/microros_ws/firmware/mcu_ws/install/builtin_interfaces/include/builtin_interfaces -isystem /home/neu/Desktop/microros_ws/firmware/mcu_ws/install/rosidl_typesupport_interface/include/rosidl_typesupport_interface -isystem /home/neu/Desktop/microros_ws/firmware/mcu_ws/install/unique_identifier_msgs/include/unique_identifier_msgs -isystem /home/neu/Desktop/microros_ws/firmware/mcu_ws/install/rosidl_typesupport_introspection_c/include/rosidl_typesupport_introspection_c -isystem /home/neu/Desktop/microros_ws/firmware/mcu_ws/install/rcl_interfaces/include/rcl_interfaces -isystem /home/neu/Desktop/microros_ws/firmware/mcu_ws/install/rcl_logging_interface/include/rcl_logging_interface -isystem /home/neu/Desktop/microros_ws/firmware/mcu_ws/install/rmw_microxrcedds/include -isystem /home/neu/Desktop/microros_ws/firmware/mcu_ws/install/microxrcedds_client/include -isystem /home/neu/Desktop/microros_ws/firmware/mcu_ws/install/microcdr/include -isystem /home/neu/Desktop/microros_ws/firmware/mcu_ws/install/rosidl_typesupport_microxrcedds_c/include -isystem /home/neu/Desktop/microros_ws/firmware/mcu_ws/install/tracetools/include/tracetools  -std=c11 -mcpu=cortex-m4 -mthumb -mfpu=fpv4-sp-d16 -mfloat-abi=hard -DUSE_HAL_DRIVER -DSTM32F446xx -D_TIMEVAL_DEFINED -O0 -Wall -fdata-sections -ffunction-sections  -DCLOCK_MONOTONIC=0 -g   -fvisibility=hidden -Wall -Wextra -Wpedantic -std=gnu11 -o CMakeFiles/rcl_action.dir/src/rcl_action/goal_handle.c.obj   -c /home/neu/Desktop/microros_ws/firmware/mcu_ws/uros/rcl/rcl_action/src/rcl_action/goal_handle.c
/home/neu/Desktop/microros_ws/firmware/freertos_apps/microros_nucleo_f446ze_extensions/../../toolchain/bin/arm-none-eabi-gcc -DRCL_ACTION_BUILDING_DLL -DROS_PACKAGE_NAME=\"rcl_action\" -I/home/neu/Desktop/microros_ws/firmware/mcu_ws/uros/rcl/rcl_action/include -isystem /home/neu/Desktop/microros_ws/firmware/mcu_ws/install/rcl/include/rcl -isystem /home/neu/Desktop/microros_ws/firmware/mcu_ws/install/action_msgs/include/action_msgs -isystem /home/neu/Desktop/microros_ws/firmware/mcu_ws/install/rmw/include/rmw -isystem /home/neu/Desktop/microros_ws/firmware/mcu_ws/install/rosidl_runtime_c/include/rosidl_runtime_c -isystem /home/neu/Desktop/microros_ws/firmware/mcu_ws/install/rcutils/include/rcutils -isystem /home/neu/Desktop/microros_ws/firmware/mcu_ws/install/builtin_interfaces/include/builtin_interfaces -isystem /home/neu/Desktop/microros_ws/firmware/mcu_ws/install/rosidl_typesupport_interface/include/rosidl_typesupport_interface -isystem /home/neu/Desktop/microros_ws/firmware/mcu_ws/install/unique_identifier_msgs/include/unique_identifier_msgs -isystem /home/neu/Desktop/microros_ws/firmware/mcu_ws/install/rosidl_typesupport_introspection_c/include/rosidl_typesupport_introspection_c -isystem /home/neu/Desktop/microros_ws/firmware/mcu_ws/install/rcl_interfaces/include/rcl_interfaces -isystem /home/neu/Desktop/microros_ws/firmware/mcu_ws/install/rcl_logging_interface/include/rcl_logging_interface -isystem /home/neu/Desktop/microros_ws/firmware/mcu_ws/install/rmw_microxrcedds/include -isystem /home/neu/Desktop/microros_ws/firmware/mcu_ws/install/microxrcedds_client/include -isystem /home/neu/Desktop/microros_ws/firmware/mcu_ws/install/microcdr/include -isystem /home/neu/Desktop/microros_ws/firmware/mcu_ws/install/rosidl_typesupport_microxrcedds_c/include -isystem /home/neu/Desktop/microros_ws/firmware/mcu_ws/install/tracetools/include/tracetools  -std=c11 -mcpu=cortex-m4 -mthumb -mfpu=fpv4-sp-d16 -mfloat-abi=hard -DUSE_HAL_DRIVER -DSTM32F446xx -D_TIMEVAL_DEFINED -O0 -Wall -fdata-sections -ffunction-sections  -DCLOCK_MONOTONIC=0 -g   -fvisibility=hidden -Wall -Wextra -Wpedantic -std=gnu11 -o CMakeFiles/rcl_action.dir/src/rcl_action/goal_state_machine.c.obj   -c /home/neu/Desktop/microros_ws/firmware/mcu_ws/uros/rcl/rcl_action/src/rcl_action/goal_state_machine.c
/home/neu/Desktop/microros_ws/firmware/freertos_apps/microros_nucleo_f446ze_extensions/../../toolchain/bin/arm-none-eabi-gcc -DRCL_ACTION_BUILDING_DLL -DROS_PACKAGE_NAME=\"rcl_action\" -I/home/neu/Desktop/microros_ws/firmware/mcu_ws/uros/rcl/rcl_action/include -isystem /home/neu/Desktop/microros_ws/firmware/mcu_ws/install/rcl/include/rcl -isystem /home/neu/Desktop/microros_ws/firmware/mcu_ws/install/action_msgs/include/action_msgs -isystem /home/neu/Desktop/microros_ws/firmware/mcu_ws/install/rmw/include/rmw -isystem /home/neu/Desktop/microros_ws/firmware/mcu_ws/install/rosidl_runtime_c/include/rosidl_runtime_c -isystem /home/neu/Desktop/microros_ws/firmware/mcu_ws/install/rcutils/include/rcutils -isystem /home/neu/Desktop/microros_ws/firmware/mcu_ws/install/builtin_interfaces/include/builtin_interfaces -isystem /home/neu/Desktop/microros_ws/firmware/mcu_ws/install/rosidl_typesupport_interface/include/rosidl_typesupport_interface -isystem /home/neu/Desktop/microros_ws/firmware/mcu_ws/install/unique_identifier_msgs/include/unique_identifier_msgs -isystem /home/neu/Desktop/microros_ws/firmware/mcu_ws/install/rosidl_typesupport_introspection_c/include/rosidl_typesupport_introspection_c -isystem /home/neu/Desktop/microros_ws/firmware/mcu_ws/install/rcl_interfaces/include/rcl_interfaces -isystem /home/neu/Desktop/microros_ws/firmware/mcu_ws/install/rcl_logging_interface/include/rcl_logging_interface -isystem /home/neu/Desktop/microros_ws/firmware/mcu_ws/install/rmw_microxrcedds/include -isystem /home/neu/Desktop/microros_ws/firmware/mcu_ws/install/microxrcedds_client/include -isystem /home/neu/Desktop/microros_ws/firmware/mcu_ws/install/microcdr/include -isystem /home/neu/Desktop/microros_ws/firmware/mcu_ws/install/rosidl_typesupport_microxrcedds_c/include -isystem /home/neu/Desktop/microros_ws/firmware/mcu_ws/install/tracetools/include/tracetools  -std=c11 -mcpu=cortex-m4 -mthumb -mfpu=fpv4-sp-d16 -mfloat-abi=hard -DUSE_HAL_DRIVER -DSTM32F446xx -D_TIMEVAL_DEFINED -O0 -Wall -fdata-sections -ffunction-sections  -DCLOCK_MONOTONIC=0 -g   -fvisibility=hidden -Wall -Wextra -Wpedantic -std=gnu11 -o CMakeFiles/rcl_action.dir/src/rcl_action/graph.c.obj   -c /home/neu/Desktop/microros_ws/firmware/mcu_ws/uros/rcl/rcl_action/src/rcl_action/graph.c
/home/neu/Desktop/microros_ws/firmware/freertos_apps/microros_nucleo_f446ze_extensions/../../toolchain/bin/arm-none-eabi-gcc -DRCL_ACTION_BUILDING_DLL -DROS_PACKAGE_NAME=\"rcl_action\" -I/home/neu/Desktop/microros_ws/firmware/mcu_ws/uros/rcl/rcl_action/include -isystem /home/neu/Desktop/microros_ws/firmware/mcu_ws/install/rcl/include/rcl -isystem /home/neu/Desktop/microros_ws/firmware/mcu_ws/install/action_msgs/include/action_msgs -isystem /home/neu/Desktop/microros_ws/firmware/mcu_ws/install/rmw/include/rmw -isystem /home/neu/Desktop/microros_ws/firmware/mcu_ws/install/rosidl_runtime_c/include/rosidl_runtime_c -isystem /home/neu/Desktop/microros_ws/firmware/mcu_ws/install/rcutils/include/rcutils -isystem /home/neu/Desktop/microros_ws/firmware/mcu_ws/install/builtin_interfaces/include/builtin_interfaces -isystem /home/neu/Desktop/microros_ws/firmware/mcu_ws/install/rosidl_typesupport_interface/include/rosidl_typesupport_interface -isystem /home/neu/Desktop/microros_ws/firmware/mcu_ws/install/unique_identifier_msgs/include/unique_identifier_msgs -isystem /home/neu/Desktop/microros_ws/firmware/mcu_ws/install/rosidl_typesupport_introspection_c/include/rosidl_typesupport_introspection_c -isystem /home/neu/Desktop/microros_ws/firmware/mcu_ws/install/rcl_interfaces/include/rcl_interfaces -isystem /home/neu/Desktop/microros_ws/firmware/mcu_ws/install/rcl_logging_interface/include/rcl_logging_interface -isystem /home/neu/Desktop/microros_ws/firmware/mcu_ws/install/rmw_microxrcedds/include -isystem /home/neu/Desktop/microros_ws/firmware/mcu_ws/install/microxrcedds_client/include -isystem /home/neu/Desktop/microros_ws/firmware/mcu_ws/install/microcdr/include -isystem /home/neu/Desktop/microros_ws/firmware/mcu_ws/install/rosidl_typesupport_microxrcedds_c/include -isystem /home/neu/Desktop/microros_ws/firmware/mcu_ws/install/tracetools/include/tracetools  -std=c11 -mcpu=cortex-m4 -mthumb -mfpu=fpv4-sp-d16 -mfloat-abi=hard -DUSE_HAL_DRIVER -DSTM32F446xx -D_TIMEVAL_DEFINED -O0 -Wall -fdata-sections -ffunction-sections  -DCLOCK_MONOTONIC=0 -g   -fvisibility=hidden -Wall -Wextra -Wpedantic -std=gnu11 -o CMakeFiles/rcl_action.dir/src/rcl_action/names.c.obj   -c /home/neu/Desktop/microros_ws/firmware/mcu_ws/uros/rcl/rcl_action/src/rcl_action/names.c
/home/neu/Desktop/microros_ws/firmware/freertos_apps/microros_nucleo_f446ze_extensions/../../toolchain/bin/arm-none-eabi-gcc -DRCL_ACTION_BUILDING_DLL -DROS_PACKAGE_NAME=\"rcl_action\" -I/home/neu/Desktop/microros_ws/firmware/mcu_ws/uros/rcl/rcl_action/include -isystem /home/neu/Desktop/microros_ws/firmware/mcu_ws/install/rcl/include/rcl -isystem /home/neu/Desktop/microros_ws/firmware/mcu_ws/install/action_msgs/include/action_msgs -isystem /home/neu/Desktop/microros_ws/firmware/mcu_ws/install/rmw/include/rmw -isystem /home/neu/Desktop/microros_ws/firmware/mcu_ws/install/rosidl_runtime_c/include/rosidl_runtime_c -isystem /home/neu/Desktop/microros_ws/firmware/mcu_ws/install/rcutils/include/rcutils -isystem /home/neu/Desktop/microros_ws/firmware/mcu_ws/install/builtin_interfaces/include/builtin_interfaces -isystem /home/neu/Desktop/microros_ws/firmware/mcu_ws/install/rosidl_typesupport_interface/include/rosidl_typesupport_interface -isystem /home/neu/Desktop/microros_ws/firmware/mcu_ws/install/unique_identifier_msgs/include/unique_identifier_msgs -isystem /home/neu/Desktop/microros_ws/firmware/mcu_ws/install/rosidl_typesupport_introspection_c/include/rosidl_typesupport_introspection_c -isystem /home/neu/Desktop/microros_ws/firmware/mcu_ws/install/rcl_interfaces/include/rcl_interfaces -isystem /home/neu/Desktop/microros_ws/firmware/mcu_ws/install/rcl_logging_interface/include/rcl_logging_interface -isystem /home/neu/Desktop/microros_ws/firmware/mcu_ws/install/rmw_microxrcedds/include -isystem /home/neu/Desktop/microros_ws/firmware/mcu_ws/install/microxrcedds_client/include -isystem /home/neu/Desktop/microros_ws/firmware/mcu_ws/install/microcdr/include -isystem /home/neu/Desktop/microros_ws/firmware/mcu_ws/install/rosidl_typesupport_microxrcedds_c/include -isystem /home/neu/Desktop/microros_ws/firmware/mcu_ws/install/tracetools/include/tracetools  -std=c11 -mcpu=cortex-m4 -mthumb -mfpu=fpv4-sp-d16 -mfloat-abi=hard -DUSE_HAL_DRIVER -DSTM32F446xx -D_TIMEVAL_DEFINED -O0 -Wall -fdata-sections -ffunction-sections  -DCLOCK_MONOTONIC=0 -g   -fvisibility=hidden -Wall -Wextra -Wpedantic -std=gnu11 -o CMakeFiles/rcl_action.dir/src/rcl_action/types.c.obj   -c /home/neu/Desktop/microros_ws/firmware/mcu_ws/uros/rcl/rcl_action/src/rcl_action/types.c
[100%] [32m[1mLinking CXX static library librcl_action.a[0m
/usr/bin/cmake -P CMakeFiles/rcl_action.dir/cmake_clean_target.cmake
/usr/bin/cmake -E cmake_link_script CMakeFiles/rcl_action.dir/link.txt --verbose=1
/home/neu/Desktop/microros_ws/firmware/toolchain/bin/arm-none-eabi-ar qc librcl_action.a  CMakeFiles/rcl_action.dir/src/rcl_action/action_client.c.obj CMakeFiles/rcl_action.dir/src/rcl_action/action_server.c.obj CMakeFiles/rcl_action.dir/src/rcl_action/goal_handle.c.obj CMakeFiles/rcl_action.dir/src/rcl_action/goal_state_machine.c.obj CMakeFiles/rcl_action.dir/src/rcl_action/graph.c.obj CMakeFiles/rcl_action.dir/src/rcl_action/names.c.obj CMakeFiles/rcl_action.dir/src/rcl_action/types.c.obj
/home/neu/Desktop/microros_ws/firmware/toolchain/bin/arm-none-eabi-ranlib librcl_action.a
make[3]: Leaving directory '/home/neu/Desktop/microros_ws/firmware/mcu_ws/build/rcl_action'
[100%] Built target rcl_action
make[2]: Leaving directory '/home/neu/Desktop/microros_ws/firmware/mcu_ws/build/rcl_action'
/usr/bin/cmake -E cmake_progress_start /home/neu/Desktop/microros_ws/firmware/mcu_ws/build/rcl_action/CMakeFiles 0
make[1]: Leaving directory '/home/neu/Desktop/microros_ws/firmware/mcu_ws/build/rcl_action'
-- Install configuration: "Debug"
-- Installing: /home/neu/Desktop/microros_ws/firmware/mcu_ws/install/rcl_action/include/rcl_action
-- Installing: /home/neu/Desktop/microros_ws/firmware/mcu_ws/install/rcl_action/include/rcl_action/rcl_action
-- Installing: /home/neu/Desktop/microros_ws/firmware/mcu_ws/install/rcl_action/include/rcl_action/rcl_action/wait.h
-- Installing: /home/neu/Desktop/microros_ws/firmware/mcu_ws/install/rcl_action/include/rcl_action/rcl_action/names.h
-- Installing: /home/neu/Desktop/microros_ws/firmware/mcu_ws/install/rcl_action/include/rcl_action/rcl_action/default_qos.h
-- Installing: /home/neu/Desktop/microros_ws/firmware/mcu_ws/install/rcl_action/include/rcl_action/rcl_action/visibility_control.h
-- Installing: /home/neu/Desktop/microros_ws/firmware/mcu_ws/install/rcl_action/include/rcl_action/rcl_action/action_client.h
-- Installing: /home/neu/Desktop/microros_ws/firmware/mcu_ws/install/rcl_action/include/rcl_action/rcl_action/action_server.h
-- Installing: /home/neu/Desktop/microros_ws/firmware/mcu_ws/install/rcl_action/include/rcl_action/rcl_action/goal_handle.h
-- Installing: /home/neu/Desktop/microros_ws/firmware/mcu_ws/install/rcl_action/include/rcl_action/rcl_action/rcl_action.h
-- Installing: /home/neu/Desktop/microros_ws/firmware/mcu_ws/install/rcl_action/include/rcl_action/rcl_action/types.h
-- Installing: /home/neu/Desktop/microros_ws/firmware/mcu_ws/install/rcl_action/include/rcl_action/rcl_action/goal_state_machine.h
-- Installing: /home/neu/Desktop/microros_ws/firmware/mcu_ws/install/rcl_action/include/rcl_action/rcl_action/graph.h
-- Installing: /home/neu/Desktop/microros_ws/firmware/mcu_ws/install/rcl_action/lib/librcl_action.a
-- Installing: /home/neu/Desktop/microros_ws/firmware/mcu_ws/install/rcl_action/share/rcl_action/environment/library_path.sh
-- Installing: /home/neu/Desktop/microros_ws/firmware/mcu_ws/install/rcl_action/share/rcl_action/environment/library_path.dsv
-- Installing: /home/neu/Desktop/microros_ws/firmware/mcu_ws/install/rcl_action/share/ament_index/resource_index/package_run_dependencies/rcl_action
-- Installing: /home/neu/Desktop/microros_ws/firmware/mcu_ws/install/rcl_action/share/ament_index/resource_index/parent_prefix_path/rcl_action
-- Installing: /home/neu/Desktop/microros_ws/firmware/mcu_ws/install/rcl_action/share/rcl_action/environment/ament_prefix_path.sh
-- Installing: /home/neu/Desktop/microros_ws/firmware/mcu_ws/install/rcl_action/share/rcl_action/environment/ament_prefix_path.dsv
-- Installing: /home/neu/Desktop/microros_ws/firmware/mcu_ws/install/rcl_action/share/rcl_action/environment/path.sh
-- Installing: /home/neu/Desktop/microros_ws/firmware/mcu_ws/install/rcl_action/share/rcl_action/environment/path.dsv
-- Installing: /home/neu/Desktop/microros_ws/firmware/mcu_ws/install/rcl_action/share/rcl_action/local_setup.bash
-- Installing: /home/neu/Desktop/microros_ws/firmware/mcu_ws/install/rcl_action/share/rcl_action/local_setup.sh
-- Installing: /home/neu/Desktop/microros_ws/firmware/mcu_ws/install/rcl_action/share/rcl_action/local_setup.zsh
-- Installing: /home/neu/Desktop/microros_ws/firmware/mcu_ws/install/rcl_action/share/rcl_action/local_setup.dsv
-- Installing: /home/neu/Desktop/microros_ws/firmware/mcu_ws/install/rcl_action/share/rcl_action/package.dsv
-- Installing: /home/neu/Desktop/microros_ws/firmware/mcu_ws/install/rcl_action/share/ament_index/resource_index/packages/rcl_action
-- Installing: /home/neu/Desktop/microros_ws/firmware/mcu_ws/install/rcl_action/share/rcl_action/cmake/rcl_actionExport.cmake
-- Installing: /home/neu/Desktop/microros_ws/firmware/mcu_ws/install/rcl_action/share/rcl_action/cmake/rcl_actionExport-debug.cmake
-- Installing: /home/neu/Desktop/microros_ws/firmware/mcu_ws/install/rcl_action/share/rcl_action/cmake/ament_cmake_export_include_directories-extras.cmake
-- Installing: /home/neu/Desktop/microros_ws/firmware/mcu_ws/install/rcl_action/share/rcl_action/cmake/ament_cmake_export_libraries-extras.cmake
-- Installing: /home/neu/Desktop/microros_ws/firmware/mcu_ws/install/rcl_action/share/rcl_action/cmake/ament_cmake_export_targets-extras.cmake
-- Installing: /home/neu/Desktop/microros_ws/firmware/mcu_ws/install/rcl_action/share/rcl_action/cmake/ament_cmake_export_dependencies-extras.cmake
-- Installing: /home/neu/Desktop/microros_ws/firmware/mcu_ws/install/rcl_action/share/rcl_action/cmake/rcl_actionConfig.cmake
-- Installing: /home/neu/Desktop/microros_ws/firmware/mcu_ws/install/rcl_action/share/rcl_action/cmake/rcl_actionConfig-version.cmake
-- Installing: /home/neu/Desktop/microros_ws/firmware/mcu_ws/install/rcl_action/share/rcl_action/package.xml
