[0.024s] Invoking command in '/home/neu/Desktop/microros_ws/build/micro_ros_msgs': CMAKE_PREFIX_PATH=${CMAKE_PREFIX_PATH}:/home/neu/ros2_humble/install/rqt_bag_plugins:/home/neu/ros2_humble/install/rqt_bag:/home/neu/ros2_humble/install/ros2bag:/home/neu/ros2_humble/install/tracetools_test:/home/neu/ros2_humble/install/tracetools_launch:/home/neu/ros2_humble/install/topic_monitor:/home/neu/ros2_humble/install/tf2_tools:/home/neu/ros2_humble/install/examples_tf2_py:/home/neu/ros2_humble/install/tf2_ros_py:/home/neu/ros2_humble/install/sros2:/home/neu/ros2_humble/install/rqt_topic:/home/neu/ros2_humble/install/rqt_srv:/home/neu/ros2_humble/install/rqt_shell:/home/neu/ros2_humble/install/rqt_service_caller:/home/neu/ros2_humble/install/rqt_reconfigure:/home/neu/ros2_humble/install/rqt_py_console:/home/neu/ros2_humble/install/rqt_publisher:/home/neu/ros2_humble/install/rqt_plot:/home/neu/ros2_humble/install/rqt_action:/home/neu/ros2_humble/install/rqt_msg:/home/neu/ros2_humble/install/rqt_console:/home/neu/ros2_humble/install/rqt:/home/neu/ros2_humble/install/rqt_graph:/home/neu/ros2_humble/install/rqt_gui_py:/home/neu/ros2_humble/install/rqt_gui:/home/neu/ros2_humble/install/ros2trace:/home/neu/ros2_humble/install/ros2topic:/home/neu/ros2_humble/install/ros2test:/home/neu/ros2_humble/install/ros2component:/home/neu/ros2_humble/install/ros2param:/home/neu/ros2_humble/install/ros2lifecycle:/home/neu/ros2_humble/install/ros2service:/home/neu/ros2_humble/install/ros2run:/home/neu/ros2_humble/install/ros2launch:/home/neu/ros2_humble/install/ros2pkg:/home/neu/ros2_humble/install/ros2node:/home/neu/ros2_humble/install/ros2multicast:/home/neu/ros2_humble/install/ros2interface:/home/neu/ros2_humble/install/ros2doctor:/home/neu/ros2_humble/install/ros2action:/home/neu/ros2_humble/install/ros2cli:/home/neu/ros2_humble/install/quality_of_service_demo_py:/home/neu/ros2_humble/install/lifecycle_py:/home/neu/ros2_humble/install/launch_testing_ros:/home/neu/ros2_humble/install/launch_ros:/home/neu/ros2_humble/install/examples_rclpy_pointcloud_publisher:/home/neu/ros2_humble/install/examples_rclpy_minimal_subscriber:/home/neu/ros2_humble/install/examples_rclpy_minimal_service:/home/neu/ros2_humble/install/examples_rclpy_minimal_publisher:/home/neu/ros2_humble/install/examples_rclpy_minimal_client:/home/neu/ros2_humble/install/examples_rclpy_minimal_action_server:/home/neu/ros2_humble/install/examples_rclpy_minimal_action_client:/home/neu/ros2_humble/install/examples_rclpy_guard_conditions:/home/neu/ros2_humble/install/examples_rclpy_executors:/home/neu/ros2_humble/install/demo_nodes_py:/home/neu/ros2_humble/install/action_tutorials_py:/home/neu/ros2_humble/install/ament_uncrustify:/home/neu/ros2_humble/install/tracetools_trace:/home/neu/ros2_humble/install/tracetools_read:/home/neu/ros2_humble/install/test_tracetools_launch:/home/neu/ros2_humble/install/test_launch_ros:/home/neu/ros2_humble/install/sensor_msgs_py:/home/neu/ros2_humble/install/rpyutils:/home/neu/ros2_humble/install/rosidl_runtime_py:/home/neu/ros2_humble/install/rosidl_cli:/home/neu/ros2_humble/install/launch_pytest:/home/neu/ros2_humble/install/launch_testing:/home/neu/ros2_humble/install/launch_yaml:/home/neu/ros2_humble/install/launch_xml:/home/neu/ros2_humble/install/launch:/home/neu/ros2_humble/install/osrf_pycommon:/home/neu/ros2_humble/install/launch_testing_examples:/home/neu/ros2_humble/install/domain_coordinator:/home/neu/ros2_humble/install/ament_xmllint:/home/neu/ros2_humble/install/ament_pyflakes:/home/neu/ros2_humble/install/ament_pycodestyle:/home/neu/ros2_humble/install/ament_pep257:/home/neu/ros2_humble/install/ament_pclint:/home/neu/ros2_humble/install/ament_package:/home/neu/ros2_humble/install/ament_mypy:/home/neu/ros2_humble/install/ament_lint_cmake:/home/neu/ros2_humble/install/ament_flake8:/home/neu/ros2_humble/install/ament_copyright:/home/neu/ros2_humble/install/ament_lint:/home/neu/ros2_humble/install/ament_index_python:/home/neu/ros2_humble/install/ament_cpplint:/home/neu/ros2_humble/install/ament_cppcheck:/home/neu/ros2_humble/install/ament_clang_tidy:/home/neu/ros2_humble/install/ament_clang_format /usr/bin/cmake --build /home/neu/Desktop/microros_ws/build/micro_ros_msgs -- -j20 -l20
[0.096s] [  8%] Built target micro_ros_msgs__cpp
[0.097s] [ 12%] Built target micro_ros_msgs__rosidl_generator_c
[0.109s] [ 12%] Built target ament_cmake_python_copy_micro_ros_msgs
[0.123s] [ 23%] Built target micro_ros_msgs__rosidl_typesupport_fastrtps_cpp
[0.124s] [ 34%] Built target micro_ros_msgs__rosidl_typesupport_fastrtps_c
[0.127s] [ 44%] Built target micro_ros_msgs__rosidl_typesupport_cpp
[0.128s] [ 55%] Built target micro_ros_msgs__rosidl_typesupport_introspection_cpp
[0.140s] [ 76%] Built target micro_ros_msgs__rosidl_typesupport_c
[0.140s] [ 76%] Built target micro_ros_msgs__rosidl_typesupport_introspection_c
[0.167s] [ 76%] Built target micro_ros_msgs
[0.194s] [ 78%] Built target micro_ros_msgs__py
[0.224s] [ 87%] Built target micro_ros_msgs__rosidl_generator_py
[0.258s] [ 91%] Built target micro_ros_msgs__rosidl_typesupport_c__pyext
[0.259s] [ 95%] Built target micro_ros_msgs__rosidl_typesupport_fastrtps_c__pyext
[0.259s] [100%] Built target micro_ros_msgs__rosidl_typesupport_introspection_c__pyext
[0.528s] running egg_info
[0.529s] writing micro_ros_msgs.egg-info/PKG-INFO
[0.529s] writing dependency_links to micro_ros_msgs.egg-info/dependency_links.txt
[0.529s] writing top-level names to micro_ros_msgs.egg-info/top_level.txt
[0.551s] reading manifest file 'micro_ros_msgs.egg-info/SOURCES.txt'
[0.552s] writing manifest file 'micro_ros_msgs.egg-info/SOURCES.txt'
[0.573s] [100%] Built target ament_cmake_python_build_micro_ros_msgs_egg
[0.593s] Invoked command in '/home/neu/Desktop/microros_ws/build/micro_ros_msgs' returned '0': CMAKE_PREFIX_PATH=${CMAKE_PREFIX_PATH}:/home/neu/ros2_humble/install/rqt_bag_plugins:/home/neu/ros2_humble/install/rqt_bag:/home/neu/ros2_humble/install/ros2bag:/home/neu/ros2_humble/install/tracetools_test:/home/neu/ros2_humble/install/tracetools_launch:/home/neu/ros2_humble/install/topic_monitor:/home/neu/ros2_humble/install/tf2_tools:/home/neu/ros2_humble/install/examples_tf2_py:/home/neu/ros2_humble/install/tf2_ros_py:/home/neu/ros2_humble/install/sros2:/home/neu/ros2_humble/install/rqt_topic:/home/neu/ros2_humble/install/rqt_srv:/home/neu/ros2_humble/install/rqt_shell:/home/neu/ros2_humble/install/rqt_service_caller:/home/neu/ros2_humble/install/rqt_reconfigure:/home/neu/ros2_humble/install/rqt_py_console:/home/neu/ros2_humble/install/rqt_publisher:/home/neu/ros2_humble/install/rqt_plot:/home/neu/ros2_humble/install/rqt_action:/home/neu/ros2_humble/install/rqt_msg:/home/neu/ros2_humble/install/rqt_console:/home/neu/ros2_humble/install/rqt:/home/neu/ros2_humble/install/rqt_graph:/home/neu/ros2_humble/install/rqt_gui_py:/home/neu/ros2_humble/install/rqt_gui:/home/neu/ros2_humble/install/ros2trace:/home/neu/ros2_humble/install/ros2topic:/home/neu/ros2_humble/install/ros2test:/home/neu/ros2_humble/install/ros2component:/home/neu/ros2_humble/install/ros2param:/home/neu/ros2_humble/install/ros2lifecycle:/home/neu/ros2_humble/install/ros2service:/home/neu/ros2_humble/install/ros2run:/home/neu/ros2_humble/install/ros2launch:/home/neu/ros2_humble/install/ros2pkg:/home/neu/ros2_humble/install/ros2node:/home/neu/ros2_humble/install/ros2multicast:/home/neu/ros2_humble/install/ros2interface:/home/neu/ros2_humble/install/ros2doctor:/home/neu/ros2_humble/install/ros2action:/home/neu/ros2_humble/install/ros2cli:/home/neu/ros2_humble/install/quality_of_service_demo_py:/home/neu/ros2_humble/install/lifecycle_py:/home/neu/ros2_humble/install/launch_testing_ros:/home/neu/ros2_humble/install/launch_ros:/home/neu/ros2_humble/install/examples_rclpy_pointcloud_publisher:/home/neu/ros2_humble/install/examples_rclpy_minimal_subscriber:/home/neu/ros2_humble/install/examples_rclpy_minimal_service:/home/neu/ros2_humble/install/examples_rclpy_minimal_publisher:/home/neu/ros2_humble/install/examples_rclpy_minimal_client:/home/neu/ros2_humble/install/examples_rclpy_minimal_action_server:/home/neu/ros2_humble/install/examples_rclpy_minimal_action_client:/home/neu/ros2_humble/install/examples_rclpy_guard_conditions:/home/neu/ros2_humble/install/examples_rclpy_executors:/home/neu/ros2_humble/install/demo_nodes_py:/home/neu/ros2_humble/install/action_tutorials_py:/home/neu/ros2_humble/install/ament_uncrustify:/home/neu/ros2_humble/install/tracetools_trace:/home/neu/ros2_humble/install/tracetools_read:/home/neu/ros2_humble/install/test_tracetools_launch:/home/neu/ros2_humble/install/test_launch_ros:/home/neu/ros2_humble/install/sensor_msgs_py:/home/neu/ros2_humble/install/rpyutils:/home/neu/ros2_humble/install/rosidl_runtime_py:/home/neu/ros2_humble/install/rosidl_cli:/home/neu/ros2_humble/install/launch_pytest:/home/neu/ros2_humble/install/launch_testing:/home/neu/ros2_humble/install/launch_yaml:/home/neu/ros2_humble/install/launch_xml:/home/neu/ros2_humble/install/launch:/home/neu/ros2_humble/install/osrf_pycommon:/home/neu/ros2_humble/install/launch_testing_examples:/home/neu/ros2_humble/install/domain_coordinator:/home/neu/ros2_humble/install/ament_xmllint:/home/neu/ros2_humble/install/ament_pyflakes:/home/neu/ros2_humble/install/ament_pycodestyle:/home/neu/ros2_humble/install/ament_pep257:/home/neu/ros2_humble/install/ament_pclint:/home/neu/ros2_humble/install/ament_package:/home/neu/ros2_humble/install/ament_mypy:/home/neu/ros2_humble/install/ament_lint_cmake:/home/neu/ros2_humble/install/ament_flake8:/home/neu/ros2_humble/install/ament_copyright:/home/neu/ros2_humble/install/ament_lint:/home/neu/ros2_humble/install/ament_index_python:/home/neu/ros2_humble/install/ament_cpplint:/home/neu/ros2_humble/install/ament_cppcheck:/home/neu/ros2_humble/install/ament_clang_tidy:/home/neu/ros2_humble/install/ament_clang_format /usr/bin/cmake --build /home/neu/Desktop/microros_ws/build/micro_ros_msgs -- -j20 -l20
[0.754s] Invoking command in '/home/neu/Desktop/microros_ws/build/micro_ros_msgs': CMAKE_PREFIX_PATH=${CMAKE_PREFIX_PATH}:/home/neu/ros2_humble/install/rqt_bag_plugins:/home/neu/ros2_humble/install/rqt_bag:/home/neu/ros2_humble/install/ros2bag:/home/neu/ros2_humble/install/tracetools_test:/home/neu/ros2_humble/install/tracetools_launch:/home/neu/ros2_humble/install/topic_monitor:/home/neu/ros2_humble/install/tf2_tools:/home/neu/ros2_humble/install/examples_tf2_py:/home/neu/ros2_humble/install/tf2_ros_py:/home/neu/ros2_humble/install/sros2:/home/neu/ros2_humble/install/rqt_topic:/home/neu/ros2_humble/install/rqt_srv:/home/neu/ros2_humble/install/rqt_shell:/home/neu/ros2_humble/install/rqt_service_caller:/home/neu/ros2_humble/install/rqt_reconfigure:/home/neu/ros2_humble/install/rqt_py_console:/home/neu/ros2_humble/install/rqt_publisher:/home/neu/ros2_humble/install/rqt_plot:/home/neu/ros2_humble/install/rqt_action:/home/neu/ros2_humble/install/rqt_msg:/home/neu/ros2_humble/install/rqt_console:/home/neu/ros2_humble/install/rqt:/home/neu/ros2_humble/install/rqt_graph:/home/neu/ros2_humble/install/rqt_gui_py:/home/neu/ros2_humble/install/rqt_gui:/home/neu/ros2_humble/install/ros2trace:/home/neu/ros2_humble/install/ros2topic:/home/neu/ros2_humble/install/ros2test:/home/neu/ros2_humble/install/ros2component:/home/neu/ros2_humble/install/ros2param:/home/neu/ros2_humble/install/ros2lifecycle:/home/neu/ros2_humble/install/ros2service:/home/neu/ros2_humble/install/ros2run:/home/neu/ros2_humble/install/ros2launch:/home/neu/ros2_humble/install/ros2pkg:/home/neu/ros2_humble/install/ros2node:/home/neu/ros2_humble/install/ros2multicast:/home/neu/ros2_humble/install/ros2interface:/home/neu/ros2_humble/install/ros2doctor:/home/neu/ros2_humble/install/ros2action:/home/neu/ros2_humble/install/ros2cli:/home/neu/ros2_humble/install/quality_of_service_demo_py:/home/neu/ros2_humble/install/lifecycle_py:/home/neu/ros2_humble/install/launch_testing_ros:/home/neu/ros2_humble/install/launch_ros:/home/neu/ros2_humble/install/examples_rclpy_pointcloud_publisher:/home/neu/ros2_humble/install/examples_rclpy_minimal_subscriber:/home/neu/ros2_humble/install/examples_rclpy_minimal_service:/home/neu/ros2_humble/install/examples_rclpy_minimal_publisher:/home/neu/ros2_humble/install/examples_rclpy_minimal_client:/home/neu/ros2_humble/install/examples_rclpy_minimal_action_server:/home/neu/ros2_humble/install/examples_rclpy_minimal_action_client:/home/neu/ros2_humble/install/examples_rclpy_guard_conditions:/home/neu/ros2_humble/install/examples_rclpy_executors:/home/neu/ros2_humble/install/demo_nodes_py:/home/neu/ros2_humble/install/action_tutorials_py:/home/neu/ros2_humble/install/ament_uncrustify:/home/neu/ros2_humble/install/tracetools_trace:/home/neu/ros2_humble/install/tracetools_read:/home/neu/ros2_humble/install/test_tracetools_launch:/home/neu/ros2_humble/install/test_launch_ros:/home/neu/ros2_humble/install/sensor_msgs_py:/home/neu/ros2_humble/install/rpyutils:/home/neu/ros2_humble/install/rosidl_runtime_py:/home/neu/ros2_humble/install/rosidl_cli:/home/neu/ros2_humble/install/launch_pytest:/home/neu/ros2_humble/install/launch_testing:/home/neu/ros2_humble/install/launch_yaml:/home/neu/ros2_humble/install/launch_xml:/home/neu/ros2_humble/install/launch:/home/neu/ros2_humble/install/osrf_pycommon:/home/neu/ros2_humble/install/launch_testing_examples:/home/neu/ros2_humble/install/domain_coordinator:/home/neu/ros2_humble/install/ament_xmllint:/home/neu/ros2_humble/install/ament_pyflakes:/home/neu/ros2_humble/install/ament_pycodestyle:/home/neu/ros2_humble/install/ament_pep257:/home/neu/ros2_humble/install/ament_pclint:/home/neu/ros2_humble/install/ament_package:/home/neu/ros2_humble/install/ament_mypy:/home/neu/ros2_humble/install/ament_lint_cmake:/home/neu/ros2_humble/install/ament_flake8:/home/neu/ros2_humble/install/ament_copyright:/home/neu/ros2_humble/install/ament_lint:/home/neu/ros2_humble/install/ament_index_python:/home/neu/ros2_humble/install/ament_cpplint:/home/neu/ros2_humble/install/ament_cppcheck:/home/neu/ros2_humble/install/ament_clang_tidy:/home/neu/ros2_humble/install/ament_clang_format /usr/bin/cmake --install /home/neu/Desktop/microros_ws/build/micro_ros_msgs
[0.764s] -- Install configuration: ""
[0.765s] -- Up-to-date: /home/neu/Desktop/microros_ws/install/micro_ros_msgs/share/ament_index/resource_index/rosidl_interfaces/micro_ros_msgs
[0.765s] -- Up-to-date: /home/neu/Desktop/microros_ws/install/micro_ros_msgs/include/micro_ros_msgs/micro_ros_msgs
[0.765s] -- Up-to-date: /home/neu/Desktop/microros_ws/install/micro_ros_msgs/include/micro_ros_msgs/micro_ros_msgs/msg
[0.765s] -- Up-to-date: /home/neu/Desktop/microros_ws/install/micro_ros_msgs/include/micro_ros_msgs/micro_ros_msgs/msg/detail
[0.765s] -- Up-to-date: /home/neu/Desktop/microros_ws/install/micro_ros_msgs/include/micro_ros_msgs/micro_ros_msgs/msg/detail/entity__type_support.h
[0.765s] -- Up-to-date: /home/neu/Desktop/microros_ws/install/micro_ros_msgs/include/micro_ros_msgs/micro_ros_msgs/msg/detail/graph__functions.c
[0.765s] -- Up-to-date: /home/neu/Desktop/microros_ws/install/micro_ros_msgs/include/micro_ros_msgs/micro_ros_msgs/msg/detail/node__functions.c
[0.765s] -- Up-to-date: /home/neu/Desktop/microros_ws/install/micro_ros_msgs/include/micro_ros_msgs/micro_ros_msgs/msg/detail/entity__struct.h
[0.765s] -- Up-to-date: /home/neu/Desktop/microros_ws/install/micro_ros_msgs/include/micro_ros_msgs/micro_ros_msgs/msg/detail/entity__functions.h
[0.765s] -- Up-to-date: /home/neu/Desktop/microros_ws/install/micro_ros_msgs/include/micro_ros_msgs/micro_ros_msgs/msg/detail/graph__functions.h
[0.765s] -- Up-to-date: /home/neu/Desktop/microros_ws/install/micro_ros_msgs/include/micro_ros_msgs/micro_ros_msgs/msg/detail/graph__struct.h
[0.765s] -- Up-to-date: /home/neu/Desktop/microros_ws/install/micro_ros_msgs/include/micro_ros_msgs/micro_ros_msgs/msg/detail/node__type_support.h
[0.766s] -- Up-to-date: /home/neu/Desktop/microros_ws/install/micro_ros_msgs/include/micro_ros_msgs/micro_ros_msgs/msg/detail/node__struct.h
[0.766s] -- Up-to-date: /home/neu/Desktop/microros_ws/install/micro_ros_msgs/include/micro_ros_msgs/micro_ros_msgs/msg/detail/graph__type_support.h
[0.766s] -- Up-to-date: /home/neu/Desktop/microros_ws/install/micro_ros_msgs/include/micro_ros_msgs/micro_ros_msgs/msg/detail/node__functions.h
[0.766s] -- Up-to-date: /home/neu/Desktop/microros_ws/install/micro_ros_msgs/include/micro_ros_msgs/micro_ros_msgs/msg/detail/entity__functions.c
[0.766s] -- Up-to-date: /home/neu/Desktop/microros_ws/install/micro_ros_msgs/include/micro_ros_msgs/micro_ros_msgs/msg/node.h
[0.766s] -- Up-to-date: /home/neu/Desktop/microros_ws/install/micro_ros_msgs/include/micro_ros_msgs/micro_ros_msgs/msg/entity.h
[0.766s] -- Up-to-date: /home/neu/Desktop/microros_ws/install/micro_ros_msgs/include/micro_ros_msgs/micro_ros_msgs/msg/rosidl_generator_c__visibility_control.h
[0.766s] -- Up-to-date: /home/neu/Desktop/microros_ws/install/micro_ros_msgs/include/micro_ros_msgs/micro_ros_msgs/msg/graph.h
[0.766s] -- Up-to-date: /home/neu/Desktop/microros_ws/install/micro_ros_msgs/share/micro_ros_msgs/environment/library_path.sh
[0.766s] -- Up-to-date: /home/neu/Desktop/microros_ws/install/micro_ros_msgs/share/micro_ros_msgs/environment/library_path.dsv
[0.766s] -- Up-to-date: /home/neu/Desktop/microros_ws/install/micro_ros_msgs/lib/libmicro_ros_msgs__rosidl_generator_c.so
[0.766s] -- Up-to-date: /home/neu/Desktop/microros_ws/install/micro_ros_msgs/include/micro_ros_msgs/micro_ros_msgs
[0.766s] -- Up-to-date: /home/neu/Desktop/microros_ws/install/micro_ros_msgs/include/micro_ros_msgs/micro_ros_msgs/msg
[0.767s] -- Up-to-date: /home/neu/Desktop/microros_ws/install/micro_ros_msgs/include/micro_ros_msgs/micro_ros_msgs/msg/detail
[0.767s] -- Up-to-date: /home/neu/Desktop/microros_ws/install/micro_ros_msgs/include/micro_ros_msgs/micro_ros_msgs/msg/detail/node__type_support.c
[0.767s] -- Up-to-date: /home/neu/Desktop/microros_ws/install/micro_ros_msgs/include/micro_ros_msgs/micro_ros_msgs/msg/detail/graph__type_support.c
[0.767s] -- Up-to-date: /home/neu/Desktop/microros_ws/install/micro_ros_msgs/include/micro_ros_msgs/micro_ros_msgs/msg/detail/node__rosidl_typesupport_introspection_c.h
[0.767s] -- Up-to-date: /home/neu/Desktop/microros_ws/install/micro_ros_msgs/include/micro_ros_msgs/micro_ros_msgs/msg/detail/entity__rosidl_typesupport_introspection_c.h
[0.767s] -- Up-to-date: /home/neu/Desktop/microros_ws/install/micro_ros_msgs/include/micro_ros_msgs/micro_ros_msgs/msg/detail/entity__type_support.c
[0.767s] -- Up-to-date: /home/neu/Desktop/microros_ws/install/micro_ros_msgs/include/micro_ros_msgs/micro_ros_msgs/msg/detail/graph__rosidl_typesupport_introspection_c.h
[0.767s] -- Up-to-date: /home/neu/Desktop/microros_ws/install/micro_ros_msgs/include/micro_ros_msgs/micro_ros_msgs/msg/rosidl_typesupport_introspection_c__visibility_control.h
[0.767s] -- Up-to-date: /home/neu/Desktop/microros_ws/install/micro_ros_msgs/lib/libmicro_ros_msgs__rosidl_typesupport_introspection_c.so
[0.767s] -- Up-to-date: /home/neu/Desktop/microros_ws/install/micro_ros_msgs/include/micro_ros_msgs/micro_ros_msgs
[0.767s] -- Up-to-date: /home/neu/Desktop/microros_ws/install/micro_ros_msgs/include/micro_ros_msgs/micro_ros_msgs/msg
[0.767s] -- Up-to-date: /home/neu/Desktop/microros_ws/install/micro_ros_msgs/include/micro_ros_msgs/micro_ros_msgs/msg/detail
[0.767s] -- Up-to-date: /home/neu/Desktop/microros_ws/install/micro_ros_msgs/include/micro_ros_msgs/micro_ros_msgs/msg/detail/entity__rosidl_typesupport_fastrtps_c.h
[0.767s] -- Up-to-date: /home/neu/Desktop/microros_ws/install/micro_ros_msgs/include/micro_ros_msgs/micro_ros_msgs/msg/detail/graph__rosidl_typesupport_fastrtps_c.h
[0.767s] -- Up-to-date: /home/neu/Desktop/microros_ws/install/micro_ros_msgs/include/micro_ros_msgs/micro_ros_msgs/msg/detail/node__rosidl_typesupport_fastrtps_c.h
[0.768s] -- Up-to-date: /home/neu/Desktop/microros_ws/install/micro_ros_msgs/include/micro_ros_msgs/micro_ros_msgs/msg/rosidl_typesupport_fastrtps_c__visibility_control.h
[0.768s] -- Up-to-date: /home/neu/Desktop/microros_ws/install/micro_ros_msgs/lib/libmicro_ros_msgs__rosidl_typesupport_fastrtps_c.so
[0.768s] -- Up-to-date: /home/neu/Desktop/microros_ws/install/micro_ros_msgs/lib/libmicro_ros_msgs__rosidl_typesupport_c.so
[0.768s] -- Up-to-date: /home/neu/Desktop/microros_ws/install/micro_ros_msgs/include/micro_ros_msgs/micro_ros_msgs
[0.768s] -- Up-to-date: /home/neu/Desktop/microros_ws/install/micro_ros_msgs/include/micro_ros_msgs/micro_ros_msgs/msg
[0.768s] -- Up-to-date: /home/neu/Desktop/microros_ws/install/micro_ros_msgs/include/micro_ros_msgs/micro_ros_msgs/msg/detail
[0.768s] -- Up-to-date: /home/neu/Desktop/microros_ws/install/micro_ros_msgs/include/micro_ros_msgs/micro_ros_msgs/msg/detail/graph__traits.hpp
[0.768s] -- Up-to-date: /home/neu/Desktop/microros_ws/install/micro_ros_msgs/include/micro_ros_msgs/micro_ros_msgs/msg/detail/entity__builder.hpp
[0.768s] -- Up-to-date: /home/neu/Desktop/microros_ws/install/micro_ros_msgs/include/micro_ros_msgs/micro_ros_msgs/msg/detail/graph__struct.hpp
[0.768s] -- Up-to-date: /home/neu/Desktop/microros_ws/install/micro_ros_msgs/include/micro_ros_msgs/micro_ros_msgs/msg/detail/node__traits.hpp
[0.768s] -- Up-to-date: /home/neu/Desktop/microros_ws/install/micro_ros_msgs/include/micro_ros_msgs/micro_ros_msgs/msg/detail/node__builder.hpp
[0.768s] -- Up-to-date: /home/neu/Desktop/microros_ws/install/micro_ros_msgs/include/micro_ros_msgs/micro_ros_msgs/msg/detail/graph__builder.hpp
[0.768s] -- Up-to-date: /home/neu/Desktop/microros_ws/install/micro_ros_msgs/include/micro_ros_msgs/micro_ros_msgs/msg/detail/node__struct.hpp
[0.768s] -- Up-to-date: /home/neu/Desktop/microros_ws/install/micro_ros_msgs/include/micro_ros_msgs/micro_ros_msgs/msg/detail/entity__traits.hpp
[0.768s] -- Up-to-date: /home/neu/Desktop/microros_ws/install/micro_ros_msgs/include/micro_ros_msgs/micro_ros_msgs/msg/detail/entity__struct.hpp
[0.768s] -- Up-to-date: /home/neu/Desktop/microros_ws/install/micro_ros_msgs/include/micro_ros_msgs/micro_ros_msgs/msg/graph.hpp
[0.769s] -- Up-to-date: /home/neu/Desktop/microros_ws/install/micro_ros_msgs/include/micro_ros_msgs/micro_ros_msgs/msg/node.hpp
[0.769s] -- Up-to-date: /home/neu/Desktop/microros_ws/install/micro_ros_msgs/include/micro_ros_msgs/micro_ros_msgs/msg/entity.hpp
[0.769s] -- Up-to-date: /home/neu/Desktop/microros_ws/install/micro_ros_msgs/include/micro_ros_msgs/micro_ros_msgs
[0.769s] -- Up-to-date: /home/neu/Desktop/microros_ws/install/micro_ros_msgs/include/micro_ros_msgs/micro_ros_msgs/msg
[0.769s] -- Up-to-date: /home/neu/Desktop/microros_ws/install/micro_ros_msgs/include/micro_ros_msgs/micro_ros_msgs/msg/detail
[0.769s] -- Up-to-date: /home/neu/Desktop/microros_ws/install/micro_ros_msgs/include/micro_ros_msgs/micro_ros_msgs/msg/detail/entity__rosidl_typesupport_introspection_cpp.hpp
[0.769s] -- Up-to-date: /home/neu/Desktop/microros_ws/install/micro_ros_msgs/include/micro_ros_msgs/micro_ros_msgs/msg/detail/entity__type_support.cpp
[0.769s] -- Up-to-date: /home/neu/Desktop/microros_ws/install/micro_ros_msgs/include/micro_ros_msgs/micro_ros_msgs/msg/detail/graph__type_support.cpp
[0.769s] -- Up-to-date: /home/neu/Desktop/microros_ws/install/micro_ros_msgs/include/micro_ros_msgs/micro_ros_msgs/msg/detail/node__rosidl_typesupport_introspection_cpp.hpp
[0.769s] -- Up-to-date: /home/neu/Desktop/microros_ws/install/micro_ros_msgs/include/micro_ros_msgs/micro_ros_msgs/msg/detail/graph__rosidl_typesupport_introspection_cpp.hpp
[0.769s] -- Up-to-date: /home/neu/Desktop/microros_ws/install/micro_ros_msgs/include/micro_ros_msgs/micro_ros_msgs/msg/detail/node__type_support.cpp
[0.769s] -- Up-to-date: /home/neu/Desktop/microros_ws/install/micro_ros_msgs/lib/libmicro_ros_msgs__rosidl_typesupport_introspection_cpp.so
[0.769s] -- Up-to-date: /home/neu/Desktop/microros_ws/install/micro_ros_msgs/include/micro_ros_msgs/micro_ros_msgs
[0.769s] -- Up-to-date: /home/neu/Desktop/microros_ws/install/micro_ros_msgs/include/micro_ros_msgs/micro_ros_msgs/msg
[0.769s] -- Up-to-date: /home/neu/Desktop/microros_ws/install/micro_ros_msgs/include/micro_ros_msgs/micro_ros_msgs/msg/detail
[0.769s] -- Up-to-date: /home/neu/Desktop/microros_ws/install/micro_ros_msgs/include/micro_ros_msgs/micro_ros_msgs/msg/detail/graph__rosidl_typesupport_fastrtps_cpp.hpp
[0.769s] -- Up-to-date: /home/neu/Desktop/microros_ws/install/micro_ros_msgs/include/micro_ros_msgs/micro_ros_msgs/msg/detail/node__rosidl_typesupport_fastrtps_cpp.hpp
[0.770s] -- Up-to-date: /home/neu/Desktop/microros_ws/install/micro_ros_msgs/include/micro_ros_msgs/micro_ros_msgs/msg/detail/dds_fastrtps
[0.770s] -- Up-to-date: /home/neu/Desktop/microros_ws/install/micro_ros_msgs/include/micro_ros_msgs/micro_ros_msgs/msg/detail/entity__rosidl_typesupport_fastrtps_cpp.hpp
[0.770s] -- Up-to-date: /home/neu/Desktop/microros_ws/install/micro_ros_msgs/include/micro_ros_msgs/micro_ros_msgs/msg/rosidl_typesupport_fastrtps_cpp__visibility_control.h
[0.770s] -- Up-to-date: /home/neu/Desktop/microros_ws/install/micro_ros_msgs/lib/libmicro_ros_msgs__rosidl_typesupport_fastrtps_cpp.so
[0.770s] -- Up-to-date: /home/neu/Desktop/microros_ws/install/micro_ros_msgs/lib/libmicro_ros_msgs__rosidl_typesupport_cpp.so
[0.770s] -- Up-to-date: /home/neu/Desktop/microros_ws/install/micro_ros_msgs/share/micro_ros_msgs/environment/pythonpath.sh
[0.770s] -- Up-to-date: /home/neu/Desktop/microros_ws/install/micro_ros_msgs/share/micro_ros_msgs/environment/pythonpath.dsv
[0.770s] -- Up-to-date: /home/neu/Desktop/microros_ws/install/micro_ros_msgs/lib/python3.8/site-packages/micro_ros_msgs-3.0.0-py3.8.egg-info
[0.770s] -- Installing: /home/neu/Desktop/microros_ws/install/micro_ros_msgs/lib/python3.8/site-packages/micro_ros_msgs-3.0.0-py3.8.egg-info/SOURCES.txt
[0.770s] -- Installing: /home/neu/Desktop/microros_ws/install/micro_ros_msgs/lib/python3.8/site-packages/micro_ros_msgs-3.0.0-py3.8.egg-info/top_level.txt
[0.770s] -- Installing: /home/neu/Desktop/microros_ws/install/micro_ros_msgs/lib/python3.8/site-packages/micro_ros_msgs-3.0.0-py3.8.egg-info/dependency_links.txt
[0.770s] -- Installing: /home/neu/Desktop/microros_ws/install/micro_ros_msgs/lib/python3.8/site-packages/micro_ros_msgs-3.0.0-py3.8.egg-info/PKG-INFO
[0.770s] -- Up-to-date: /home/neu/Desktop/microros_ws/install/micro_ros_msgs/lib/python3.8/site-packages/micro_ros_msgs
[0.770s] -- Up-to-date: /home/neu/Desktop/microros_ws/install/micro_ros_msgs/lib/python3.8/site-packages/micro_ros_msgs/micro_ros_msgs_s__rosidl_typesupport_introspection_c.cpython-38-x86_64-linux-gnu.so
[0.770s] -- Up-to-date: /home/neu/Desktop/microros_ws/install/micro_ros_msgs/lib/python3.8/site-packages/micro_ros_msgs/micro_ros_msgs_s__rosidl_typesupport_c.cpython-38-x86_64-linux-gnu.so
[0.770s] -- Up-to-date: /home/neu/Desktop/microros_ws/install/micro_ros_msgs/lib/python3.8/site-packages/micro_ros_msgs/msg
[0.770s] -- Up-to-date: /home/neu/Desktop/microros_ws/install/micro_ros_msgs/lib/python3.8/site-packages/micro_ros_msgs/msg/_entity.py
[0.770s] -- Up-to-date: /home/neu/Desktop/microros_ws/install/micro_ros_msgs/lib/python3.8/site-packages/micro_ros_msgs/msg/_graph.py
[0.771s] -- Up-to-date: /home/neu/Desktop/microros_ws/install/micro_ros_msgs/lib/python3.8/site-packages/micro_ros_msgs/msg/__init__.py
[0.771s] -- Up-to-date: /home/neu/Desktop/microros_ws/install/micro_ros_msgs/lib/python3.8/site-packages/micro_ros_msgs/msg/_graph_s.c
[0.771s] -- Up-to-date: /home/neu/Desktop/microros_ws/install/micro_ros_msgs/lib/python3.8/site-packages/micro_ros_msgs/msg/_entity_s.c
[0.771s] -- Up-to-date: /home/neu/Desktop/microros_ws/install/micro_ros_msgs/lib/python3.8/site-packages/micro_ros_msgs/msg/_node.py
[0.771s] -- Up-to-date: /home/neu/Desktop/microros_ws/install/micro_ros_msgs/lib/python3.8/site-packages/micro_ros_msgs/msg/_node_s.c
[0.771s] -- Up-to-date: /home/neu/Desktop/microros_ws/install/micro_ros_msgs/lib/python3.8/site-packages/micro_ros_msgs/__init__.py
[0.771s] -- Up-to-date: /home/neu/Desktop/microros_ws/install/micro_ros_msgs/lib/python3.8/site-packages/micro_ros_msgs/_micro_ros_msgs_s.ep.rosidl_typesupport_introspection_c.c
[0.771s] -- Up-to-date: /home/neu/Desktop/microros_ws/install/micro_ros_msgs/lib/python3.8/site-packages/micro_ros_msgs/_micro_ros_msgs_s.ep.rosidl_typesupport_c.c
[0.771s] -- Up-to-date: /home/neu/Desktop/microros_ws/install/micro_ros_msgs/lib/python3.8/site-packages/micro_ros_msgs/libmicro_ros_msgs__rosidl_generator_py.so
[0.771s] -- Up-to-date: /home/neu/Desktop/microros_ws/install/micro_ros_msgs/lib/python3.8/site-packages/micro_ros_msgs/_micro_ros_msgs_s.ep.rosidl_typesupport_fastrtps_c.c
[0.771s] -- Up-to-date: /home/neu/Desktop/microros_ws/install/micro_ros_msgs/lib/python3.8/site-packages/micro_ros_msgs/micro_ros_msgs_s__rosidl_typesupport_fastrtps_c.cpython-38-x86_64-linux-gnu.so
[1.006s] Listing '/home/neu/Desktop/microros_ws/install/micro_ros_msgs/lib/python3.8/site-packages/micro_ros_msgs'...
[1.006s] Listing '/home/neu/Desktop/microros_ws/install/micro_ros_msgs/lib/python3.8/site-packages/micro_ros_msgs/msg'...
[1.009s] -- Up-to-date: /home/neu/Desktop/microros_ws/install/micro_ros_msgs/lib/python3.8/site-packages/micro_ros_msgs/micro_ros_msgs_s__rosidl_typesupport_introspection_c.cpython-38-x86_64-linux-gnu.so
[1.010s] -- Up-to-date: /home/neu/Desktop/microros_ws/install/micro_ros_msgs/lib/python3.8/site-packages/micro_ros_msgs/micro_ros_msgs_s__rosidl_typesupport_fastrtps_c.cpython-38-x86_64-linux-gnu.so
[1.010s] -- Up-to-date: /home/neu/Desktop/microros_ws/install/micro_ros_msgs/lib/python3.8/site-packages/micro_ros_msgs/micro_ros_msgs_s__rosidl_typesupport_c.cpython-38-x86_64-linux-gnu.so
[1.010s] -- Up-to-date: /home/neu/Desktop/microros_ws/install/micro_ros_msgs/lib/libmicro_ros_msgs__rosidl_generator_py.so
[1.010s] -- Up-to-date: /home/neu/Desktop/microros_ws/install/micro_ros_msgs/share/micro_ros_msgs/msg/Graph.idl
[1.010s] -- Up-to-date: /home/neu/Desktop/microros_ws/install/micro_ros_msgs/share/micro_ros_msgs/msg/Node.idl
[1.011s] -- Up-to-date: /home/neu/Desktop/microros_ws/install/micro_ros_msgs/share/micro_ros_msgs/msg/Entity.idl
[1.011s] -- Up-to-date: /home/neu/Desktop/microros_ws/install/micro_ros_msgs/share/micro_ros_msgs/msg/Graph.msg
[1.011s] -- Up-to-date: /home/neu/Desktop/microros_ws/install/micro_ros_msgs/share/micro_ros_msgs/msg/Node.msg
[1.011s] -- Up-to-date: /home/neu/Desktop/microros_ws/install/micro_ros_msgs/share/micro_ros_msgs/msg/Entity.msg
[1.011s] -- Up-to-date: /home/neu/Desktop/microros_ws/install/micro_ros_msgs/share/ament_index/resource_index/package_run_dependencies/micro_ros_msgs
[1.011s] -- Up-to-date: /home/neu/Desktop/microros_ws/install/micro_ros_msgs/share/ament_index/resource_index/parent_prefix_path/micro_ros_msgs
[1.011s] -- Up-to-date: /home/neu/Desktop/microros_ws/install/micro_ros_msgs/share/micro_ros_msgs/environment/ament_prefix_path.dsv
[1.011s] -- Up-to-date: /home/neu/Desktop/microros_ws/install/micro_ros_msgs/share/micro_ros_msgs/environment/path.dsv
[1.011s] -- Up-to-date: /home/neu/Desktop/microros_ws/install/micro_ros_msgs/share/micro_ros_msgs/local_setup.bash
[1.011s] -- Up-to-date: /home/neu/Desktop/microros_ws/install/micro_ros_msgs/share/micro_ros_msgs/local_setup.sh
[1.011s] -- Up-to-date: /home/neu/Desktop/microros_ws/install/micro_ros_msgs/share/micro_ros_msgs/local_setup.zsh
[1.011s] -- Up-to-date: /home/neu/Desktop/microros_ws/install/micro_ros_msgs/share/micro_ros_msgs/local_setup.dsv
[1.011s] -- Installing: /home/neu/Desktop/microros_ws/install/micro_ros_msgs/share/micro_ros_msgs/package.dsv
[1.012s] -- Up-to-date: /home/neu/Desktop/microros_ws/install/micro_ros_msgs/share/ament_index/resource_index/packages/micro_ros_msgs
[1.012s] -- Up-to-date: /home/neu/Desktop/microros_ws/install/micro_ros_msgs/share/micro_ros_msgs/cmake/export_micro_ros_msgs__rosidl_generator_cExport.cmake
[1.012s] -- Up-to-date: /home/neu/Desktop/microros_ws/install/micro_ros_msgs/share/micro_ros_msgs/cmake/export_micro_ros_msgs__rosidl_generator_cExport-noconfig.cmake
[1.013s] -- Up-to-date: /home/neu/Desktop/microros_ws/install/micro_ros_msgs/share/micro_ros_msgs/cmake/micro_ros_msgs__rosidl_typesupport_introspection_cExport.cmake
[1.013s] -- Up-to-date: /home/neu/Desktop/microros_ws/install/micro_ros_msgs/share/micro_ros_msgs/cmake/micro_ros_msgs__rosidl_typesupport_introspection_cExport-noconfig.cmake
[1.013s] -- Up-to-date: /home/neu/Desktop/microros_ws/install/micro_ros_msgs/share/micro_ros_msgs/cmake/export_micro_ros_msgs__rosidl_typesupport_fastrtps_cExport.cmake
[1.013s] -- Up-to-date: /home/neu/Desktop/microros_ws/install/micro_ros_msgs/share/micro_ros_msgs/cmake/export_micro_ros_msgs__rosidl_typesupport_fastrtps_cExport-noconfig.cmake
[1.013s] -- Up-to-date: /home/neu/Desktop/microros_ws/install/micro_ros_msgs/share/micro_ros_msgs/cmake/micro_ros_msgs__rosidl_typesupport_cExport.cmake
[1.013s] -- Up-to-date: /home/neu/Desktop/microros_ws/install/micro_ros_msgs/share/micro_ros_msgs/cmake/micro_ros_msgs__rosidl_typesupport_cExport-noconfig.cmake
[1.013s] -- Up-to-date: /home/neu/Desktop/microros_ws/install/micro_ros_msgs/share/micro_ros_msgs/cmake/export_micro_ros_msgs__rosidl_generator_cppExport.cmake
[1.013s] -- Up-to-date: /home/neu/Desktop/microros_ws/install/micro_ros_msgs/share/micro_ros_msgs/cmake/micro_ros_msgs__rosidl_typesupport_introspection_cppExport.cmake
[1.013s] -- Up-to-date: /home/neu/Desktop/microros_ws/install/micro_ros_msgs/share/micro_ros_msgs/cmake/micro_ros_msgs__rosidl_typesupport_introspection_cppExport-noconfig.cmake
[1.013s] -- Up-to-date: /home/neu/Desktop/microros_ws/install/micro_ros_msgs/share/micro_ros_msgs/cmake/export_micro_ros_msgs__rosidl_typesupport_fastrtps_cppExport.cmake
[1.013s] -- Up-to-date: /home/neu/Desktop/microros_ws/install/micro_ros_msgs/share/micro_ros_msgs/cmake/export_micro_ros_msgs__rosidl_typesupport_fastrtps_cppExport-noconfig.cmake
[1.013s] -- Up-to-date: /home/neu/Desktop/microros_ws/install/micro_ros_msgs/share/micro_ros_msgs/cmake/micro_ros_msgs__rosidl_typesupport_cppExport.cmake
[1.013s] -- Up-to-date: /home/neu/Desktop/microros_ws/install/micro_ros_msgs/share/micro_ros_msgs/cmake/micro_ros_msgs__rosidl_typesupport_cppExport-noconfig.cmake
[1.013s] -- Up-to-date: /home/neu/Desktop/microros_ws/install/micro_ros_msgs/share/micro_ros_msgs/cmake/export_micro_ros_msgs__rosidl_generator_pyExport.cmake
[1.013s] -- Up-to-date: /home/neu/Desktop/microros_ws/install/micro_ros_msgs/share/micro_ros_msgs/cmake/export_micro_ros_msgs__rosidl_generator_pyExport-noconfig.cmake
[1.013s] -- Up-to-date: /home/neu/Desktop/microros_ws/install/micro_ros_msgs/share/micro_ros_msgs/cmake/rosidl_cmake-extras.cmake
[1.013s] -- Up-to-date: /home/neu/Desktop/microros_ws/install/micro_ros_msgs/share/micro_ros_msgs/cmake/ament_cmake_export_include_directories-extras.cmake
[1.013s] -- Up-to-date: /home/neu/Desktop/microros_ws/install/micro_ros_msgs/share/micro_ros_msgs/cmake/ament_cmake_export_libraries-extras.cmake
[1.013s] -- Up-to-date: /home/neu/Desktop/microros_ws/install/micro_ros_msgs/share/micro_ros_msgs/cmake/ament_cmake_export_targets-extras.cmake
[1.013s] -- Up-to-date: /home/neu/Desktop/microros_ws/install/micro_ros_msgs/share/micro_ros_msgs/cmake/rosidl_cmake_export_typesupport_targets-extras.cmake
[1.013s] -- Up-to-date: /home/neu/Desktop/microros_ws/install/micro_ros_msgs/share/micro_ros_msgs/cmake/ament_cmake_export_dependencies-extras.cmake
[1.013s] -- Up-to-date: /home/neu/Desktop/microros_ws/install/micro_ros_msgs/share/micro_ros_msgs/cmake/rosidl_cmake_export_typesupport_libraries-extras.cmake
[1.013s] -- Up-to-date: /home/neu/Desktop/microros_ws/install/micro_ros_msgs/share/micro_ros_msgs/cmake/micro_ros_msgsConfig.cmake
[1.014s] -- Up-to-date: /home/neu/Desktop/microros_ws/install/micro_ros_msgs/share/micro_ros_msgs/cmake/micro_ros_msgsConfig-version.cmake
[1.014s] -- Up-to-date: /home/neu/Desktop/microros_ws/install/micro_ros_msgs/share/micro_ros_msgs/package.xml
[1.017s] Invoked command in '/home/neu/Desktop/microros_ws/build/micro_ros_msgs' returned '0': CMAKE_PREFIX_PATH=${CMAKE_PREFIX_PATH}:/home/neu/ros2_humble/install/rqt_bag_plugins:/home/neu/ros2_humble/install/rqt_bag:/home/neu/ros2_humble/install/ros2bag:/home/neu/ros2_humble/install/tracetools_test:/home/neu/ros2_humble/install/tracetools_launch:/home/neu/ros2_humble/install/topic_monitor:/home/neu/ros2_humble/install/tf2_tools:/home/neu/ros2_humble/install/examples_tf2_py:/home/neu/ros2_humble/install/tf2_ros_py:/home/neu/ros2_humble/install/sros2:/home/neu/ros2_humble/install/rqt_topic:/home/neu/ros2_humble/install/rqt_srv:/home/neu/ros2_humble/install/rqt_shell:/home/neu/ros2_humble/install/rqt_service_caller:/home/neu/ros2_humble/install/rqt_reconfigure:/home/neu/ros2_humble/install/rqt_py_console:/home/neu/ros2_humble/install/rqt_publisher:/home/neu/ros2_humble/install/rqt_plot:/home/neu/ros2_humble/install/rqt_action:/home/neu/ros2_humble/install/rqt_msg:/home/neu/ros2_humble/install/rqt_console:/home/neu/ros2_humble/install/rqt:/home/neu/ros2_humble/install/rqt_graph:/home/neu/ros2_humble/install/rqt_gui_py:/home/neu/ros2_humble/install/rqt_gui:/home/neu/ros2_humble/install/ros2trace:/home/neu/ros2_humble/install/ros2topic:/home/neu/ros2_humble/install/ros2test:/home/neu/ros2_humble/install/ros2component:/home/neu/ros2_humble/install/ros2param:/home/neu/ros2_humble/install/ros2lifecycle:/home/neu/ros2_humble/install/ros2service:/home/neu/ros2_humble/install/ros2run:/home/neu/ros2_humble/install/ros2launch:/home/neu/ros2_humble/install/ros2pkg:/home/neu/ros2_humble/install/ros2node:/home/neu/ros2_humble/install/ros2multicast:/home/neu/ros2_humble/install/ros2interface:/home/neu/ros2_humble/install/ros2doctor:/home/neu/ros2_humble/install/ros2action:/home/neu/ros2_humble/install/ros2cli:/home/neu/ros2_humble/install/quality_of_service_demo_py:/home/neu/ros2_humble/install/lifecycle_py:/home/neu/ros2_humble/install/launch_testing_ros:/home/neu/ros2_humble/install/launch_ros:/home/neu/ros2_humble/install/examples_rclpy_pointcloud_publisher:/home/neu/ros2_humble/install/examples_rclpy_minimal_subscriber:/home/neu/ros2_humble/install/examples_rclpy_minimal_service:/home/neu/ros2_humble/install/examples_rclpy_minimal_publisher:/home/neu/ros2_humble/install/examples_rclpy_minimal_client:/home/neu/ros2_humble/install/examples_rclpy_minimal_action_server:/home/neu/ros2_humble/install/examples_rclpy_minimal_action_client:/home/neu/ros2_humble/install/examples_rclpy_guard_conditions:/home/neu/ros2_humble/install/examples_rclpy_executors:/home/neu/ros2_humble/install/demo_nodes_py:/home/neu/ros2_humble/install/action_tutorials_py:/home/neu/ros2_humble/install/ament_uncrustify:/home/neu/ros2_humble/install/tracetools_trace:/home/neu/ros2_humble/install/tracetools_read:/home/neu/ros2_humble/install/test_tracetools_launch:/home/neu/ros2_humble/install/test_launch_ros:/home/neu/ros2_humble/install/sensor_msgs_py:/home/neu/ros2_humble/install/rpyutils:/home/neu/ros2_humble/install/rosidl_runtime_py:/home/neu/ros2_humble/install/rosidl_cli:/home/neu/ros2_humble/install/launch_pytest:/home/neu/ros2_humble/install/launch_testing:/home/neu/ros2_humble/install/launch_yaml:/home/neu/ros2_humble/install/launch_xml:/home/neu/ros2_humble/install/launch:/home/neu/ros2_humble/install/osrf_pycommon:/home/neu/ros2_humble/install/launch_testing_examples:/home/neu/ros2_humble/install/domain_coordinator:/home/neu/ros2_humble/install/ament_xmllint:/home/neu/ros2_humble/install/ament_pyflakes:/home/neu/ros2_humble/install/ament_pycodestyle:/home/neu/ros2_humble/install/ament_pep257:/home/neu/ros2_humble/install/ament_pclint:/home/neu/ros2_humble/install/ament_package:/home/neu/ros2_humble/install/ament_mypy:/home/neu/ros2_humble/install/ament_lint_cmake:/home/neu/ros2_humble/install/ament_flake8:/home/neu/ros2_humble/install/ament_copyright:/home/neu/ros2_humble/install/ament_lint:/home/neu/ros2_humble/install/ament_index_python:/home/neu/ros2_humble/install/ament_cpplint:/home/neu/ros2_humble/install/ament_cppcheck:/home/neu/ros2_humble/install/ament_clang_tidy:/home/neu/ros2_humble/install/ament_clang_format /usr/bin/cmake --install /home/neu/Desktop/microros_ws/build/micro_ros_msgs
