[1.950s] Invoking command in '/home/neu/Desktop/microros_ws/firmware/mcu_ws/uros/tracetools/tracetools_read': PYTHONPATH=/home/neu/Desktop/microros_ws/firmware/mcu_ws/build/tracetools_read/prefix_override:/home/neu/Desktop/microros_ws/firmware/mcu_ws/install/tracetools_read/lib/python3.8/site-packages:${PYTHONPATH} /usr/bin/python3 setup.py egg_info --egg-base ../../../build/tracetools_read build --build-base /home/neu/Desktop/microros_ws/firmware/mcu_ws/build/tracetools_read/build install --record /home/neu/Desktop/microros_ws/firmware/mcu_ws/build/tracetools_read/install.log --single-version-externally-managed
[2.279s] running egg_info
[2.280s] creating ../../../build/tracetools_read/tracetools_read.egg-info
[2.280s] writing ../../../build/tracetools_read/tracetools_read.egg-info/PKG-INFO
[2.280s] writing dependency_links to ../../../build/tracetools_read/tracetools_read.egg-info/dependency_links.txt
[2.280s] writing requirements to ../../../build/tracetools_read/tracetools_read.egg-info/requires.txt
[2.280s] writing top-level names to ../../../build/tracetools_read/tracetools_read.egg-info/top_level.txt
[2.281s] writing manifest file '../../../build/tracetools_read/tracetools_read.egg-info/SOURCES.txt'
[2.325s] reading manifest file '../../../build/tracetools_read/tracetools_read.egg-info/SOURCES.txt'
[2.326s] writing manifest file '../../../build/tracetools_read/tracetools_read.egg-info/SOURCES.txt'
[2.327s] running build
[2.327s] running build_py
[2.327s] creating /home/neu/Desktop/microros_ws/firmware/mcu_ws/build/tracetools_read/build
[2.327s] creating /home/neu/Desktop/microros_ws/firmware/mcu_ws/build/tracetools_read/build/lib
[2.327s] creating /home/neu/Desktop/microros_ws/firmware/mcu_ws/build/tracetools_read/build/lib/tracetools_read
[2.328s] copying tracetools_read/trace.py -> /home/neu/Desktop/microros_ws/firmware/mcu_ws/build/tracetools_read/build/lib/tracetools_read
[2.328s] copying tracetools_read/__init__.py -> /home/neu/Desktop/microros_ws/firmware/mcu_ws/build/tracetools_read/build/lib/tracetools_read
[2.328s] running install
[2.330s] running install_lib
[2.330s] creating /home/neu/Desktop/microros_ws/firmware/mcu_ws/install/tracetools_read/lib/python3.8/site-packages/tracetools_read
[2.331s] copying /home/neu/Desktop/microros_ws/firmware/mcu_ws/build/tracetools_read/build/lib/tracetools_read/trace.py -> /home/neu/Desktop/microros_ws/firmware/mcu_ws/install/tracetools_read/lib/python3.8/site-packages/tracetools_read
[2.335s] copying /home/neu/Desktop/microros_ws/firmware/mcu_ws/build/tracetools_read/build/lib/tracetools_read/__init__.py -> /home/neu/Desktop/microros_ws/firmware/mcu_ws/install/tracetools_read/lib/python3.8/site-packages/tracetools_read
[2.336s] byte-compiling /home/neu/Desktop/microros_ws/firmware/mcu_ws/install/tracetools_read/lib/python3.8/site-packages/tracetools_read/trace.py to trace.cpython-38.pyc
[2.336s] byte-compiling /home/neu/Desktop/microros_ws/firmware/mcu_ws/install/tracetools_read/lib/python3.8/site-packages/tracetools_read/__init__.py to __init__.cpython-38.pyc
[2.337s] running install_data
[2.340s] copying package.xml -> /home/neu/Desktop/microros_ws/firmware/mcu_ws/install/tracetools_read/share/tracetools_read
[2.340s] creating /home/neu/Desktop/microros_ws/firmware/mcu_ws/install/tracetools_read/share/ament_index
[2.341s] creating /home/neu/Desktop/microros_ws/firmware/mcu_ws/install/tracetools_read/share/ament_index/resource_index
[2.341s] creating /home/neu/Desktop/microros_ws/firmware/mcu_ws/install/tracetools_read/share/ament_index/resource_index/packages
[2.341s] copying resource/tracetools_read -> /home/neu/Desktop/microros_ws/firmware/mcu_ws/install/tracetools_read/share/ament_index/resource_index/packages
[2.341s] running install_egg_info
[2.341s] Copying ../../../build/tracetools_read/tracetools_read.egg-info to /home/neu/Desktop/microros_ws/firmware/mcu_ws/install/tracetools_read/lib/python3.8/site-packages/tracetools_read-4.1.1-py3.8.egg-info
[2.341s] running install_scripts
[2.363s] writing list of installed files to '/home/neu/Desktop/microros_ws/firmware/mcu_ws/build/tracetools_read/install.log'
[2.728s] Invoked command in '/home/neu/Desktop/microros_ws/firmware/mcu_ws/uros/tracetools/tracetools_read' returned '0': PYTHONPATH=/home/neu/Desktop/microros_ws/firmware/mcu_ws/build/tracetools_read/prefix_override:/home/neu/Desktop/microros_ws/firmware/mcu_ws/install/tracetools_read/lib/python3.8/site-packages:${PYTHONPATH} /usr/bin/python3 setup.py egg_info --egg-base ../../../build/tracetools_read build --build-base /home/neu/Desktop/microros_ws/firmware/mcu_ws/build/tracetools_read/build install --record /home/neu/Desktop/microros_ws/firmware/mcu_ws/build/tracetools_read/install.log --single-version-externally-managed
