[0.776s] Invoking command in '/home/neu/Desktop/microros_ws/firmware/mcu_ws/uros/tracetools/ros2trace': AMENT_PREFIX_PATH=/home/neu/Desktop/microros_ws/firmware/mcu_ws/install/tracetools_trace:${AMENT_PREFIX_PATH} PYTHONPATH=/home/neu/Desktop/microros_ws/firmware/mcu_ws/build/ros2trace/prefix_override:/home/neu/Desktop/microros_ws/firmware/mcu_ws/install/ros2trace/lib/python3.8/site-packages:/home/neu/Desktop/microros_ws/firmware/mcu_ws/install/tracetools_trace/lib/python3.8/site-packages:${PYTHONPATH} /usr/bin/python3 setup.py egg_info --egg-base ../../../build/ros2trace build --build-base /home/neu/Desktop/microros_ws/firmware/mcu_ws/build/ros2trace/build install --record /home/neu/Desktop/microros_ws/firmware/mcu_ws/build/ros2trace/install.log --single-version-externally-managed
[0.946s] running egg_info
[0.946s] creating ../../../build/ros2trace/ros2trace.egg-info
[0.947s] writing ../../../build/ros2trace/ros2trace.egg-info/PKG-INFO
[0.947s] writing dependency_links to ../../../build/ros2trace/ros2trace.egg-info/dependency_links.txt
[0.947s] writing entry points to ../../../build/ros2trace/ros2trace.egg-info/entry_points.txt
[0.947s] writing requirements to ../../../build/ros2trace/ros2trace.egg-info/requires.txt
[0.947s] writing top-level names to ../../../build/ros2trace/ros2trace.egg-info/top_level.txt
[0.947s] writing manifest file '../../../build/ros2trace/ros2trace.egg-info/SOURCES.txt'
[0.971s] reading manifest file '../../../build/ros2trace/ros2trace.egg-info/SOURCES.txt'
[0.972s] writing manifest file '../../../build/ros2trace/ros2trace.egg-info/SOURCES.txt'
[0.972s] running build
[0.972s] running build_py
[0.972s] creating /home/neu/Desktop/microros_ws/firmware/mcu_ws/build/ros2trace/build
[0.972s] creating /home/neu/Desktop/microros_ws/firmware/mcu_ws/build/ros2trace/build/lib
[0.972s] creating /home/neu/Desktop/microros_ws/firmware/mcu_ws/build/ros2trace/build/lib/ros2trace
[0.972s] copying ros2trace/__init__.py -> /home/neu/Desktop/microros_ws/firmware/mcu_ws/build/ros2trace/build/lib/ros2trace
[0.972s] creating /home/neu/Desktop/microros_ws/firmware/mcu_ws/build/ros2trace/build/lib/ros2trace/api
[0.972s] copying ros2trace/api/__init__.py -> /home/neu/Desktop/microros_ws/firmware/mcu_ws/build/ros2trace/build/lib/ros2trace/api
[0.972s] creating /home/neu/Desktop/microros_ws/firmware/mcu_ws/build/ros2trace/build/lib/ros2trace/command
[0.972s] copying ros2trace/command/trace.py -> /home/neu/Desktop/microros_ws/firmware/mcu_ws/build/ros2trace/build/lib/ros2trace/command
[0.972s] copying ros2trace/command/__init__.py -> /home/neu/Desktop/microros_ws/firmware/mcu_ws/build/ros2trace/build/lib/ros2trace/command
[0.972s] running install
[0.972s] running install_lib
[0.972s] creating /home/neu/Desktop/microros_ws/firmware/mcu_ws/install/ros2trace/lib/python3.8/site-packages/ros2trace
[0.972s] creating /home/neu/Desktop/microros_ws/firmware/mcu_ws/install/ros2trace/lib/python3.8/site-packages/ros2trace/api
[0.972s] copying /home/neu/Desktop/microros_ws/firmware/mcu_ws/build/ros2trace/build/lib/ros2trace/api/__init__.py -> /home/neu/Desktop/microros_ws/firmware/mcu_ws/install/ros2trace/lib/python3.8/site-packages/ros2trace/api
[0.972s] copying /home/neu/Desktop/microros_ws/firmware/mcu_ws/build/ros2trace/build/lib/ros2trace/__init__.py -> /home/neu/Desktop/microros_ws/firmware/mcu_ws/install/ros2trace/lib/python3.8/site-packages/ros2trace
[0.972s] creating /home/neu/Desktop/microros_ws/firmware/mcu_ws/install/ros2trace/lib/python3.8/site-packages/ros2trace/command
[0.972s] copying /home/neu/Desktop/microros_ws/firmware/mcu_ws/build/ros2trace/build/lib/ros2trace/command/trace.py -> /home/neu/Desktop/microros_ws/firmware/mcu_ws/install/ros2trace/lib/python3.8/site-packages/ros2trace/command
[0.972s] copying /home/neu/Desktop/microros_ws/firmware/mcu_ws/build/ros2trace/build/lib/ros2trace/command/__init__.py -> /home/neu/Desktop/microros_ws/firmware/mcu_ws/install/ros2trace/lib/python3.8/site-packages/ros2trace/command
[0.972s] byte-compiling /home/neu/Desktop/microros_ws/firmware/mcu_ws/install/ros2trace/lib/python3.8/site-packages/ros2trace/api/__init__.py to __init__.cpython-38.pyc
[0.972s] byte-compiling /home/neu/Desktop/microros_ws/firmware/mcu_ws/install/ros2trace/lib/python3.8/site-packages/ros2trace/__init__.py to __init__.cpython-38.pyc
[0.972s] byte-compiling /home/neu/Desktop/microros_ws/firmware/mcu_ws/install/ros2trace/lib/python3.8/site-packages/ros2trace/command/trace.py to trace.cpython-38.pyc
[0.973s] byte-compiling /home/neu/Desktop/microros_ws/firmware/mcu_ws/install/ros2trace/lib/python3.8/site-packages/ros2trace/command/__init__.py to __init__.cpython-38.pyc
[0.973s] running install_data
[0.973s] copying package.xml -> /home/neu/Desktop/microros_ws/firmware/mcu_ws/install/ros2trace/share/ros2trace
[0.973s] creating /home/neu/Desktop/microros_ws/firmware/mcu_ws/install/ros2trace/share/ament_index
[0.973s] creating /home/neu/Desktop/microros_ws/firmware/mcu_ws/install/ros2trace/share/ament_index/resource_index
[0.973s] creating /home/neu/Desktop/microros_ws/firmware/mcu_ws/install/ros2trace/share/ament_index/resource_index/packages
[0.973s] copying resource/ros2trace -> /home/neu/Desktop/microros_ws/firmware/mcu_ws/install/ros2trace/share/ament_index/resource_index/packages
[0.973s] running install_egg_info
[0.976s] Copying ../../../build/ros2trace/ros2trace.egg-info to /home/neu/Desktop/microros_ws/firmware/mcu_ws/install/ros2trace/lib/python3.8/site-packages/ros2trace-4.1.1-py3.8.egg-info
[0.976s] running install_scripts
[0.992s] writing list of installed files to '/home/neu/Desktop/microros_ws/firmware/mcu_ws/build/ros2trace/install.log'
[1.007s] Invoked command in '/home/neu/Desktop/microros_ws/firmware/mcu_ws/uros/tracetools/ros2trace' returned '0': AMENT_PREFIX_PATH=/home/neu/Desktop/microros_ws/firmware/mcu_ws/install/tracetools_trace:${AMENT_PREFIX_PATH} PYTHONPATH=/home/neu/Desktop/microros_ws/firmware/mcu_ws/build/ros2trace/prefix_override:/home/neu/Desktop/microros_ws/firmware/mcu_ws/install/ros2trace/lib/python3.8/site-packages:/home/neu/Desktop/microros_ws/firmware/mcu_ws/install/tracetools_trace/lib/python3.8/site-packages:${PYTHONPATH} /usr/bin/python3 setup.py egg_info --egg-base ../../../build/ros2trace build --build-base /home/neu/Desktop/microros_ws/firmware/mcu_ws/build/ros2trace/build install --record /home/neu/Desktop/microros_ws/firmware/mcu_ws/build/ros2trace/install.log --single-version-externally-managed
