running egg_info
creating ../../../build/tracetools_launch/tracetools_launch.egg-info
writing ../../../build/tracetools_launch/tracetools_launch.egg-info/PKG-INFO
writing dependency_links to ../../../build/tracetools_launch/tracetools_launch.egg-info/dependency_links.txt
writing entry points to ../../../build/tracetools_launch/tracetools_launch.egg-info/entry_points.txt
writing requirements to ../../../build/tracetools_launch/tracetools_launch.egg-info/requires.txt
writing top-level names to ../../../build/tracetools_launch/tracetools_launch.egg-info/top_level.txt
writing manifest file '../../../build/tracetools_launch/tracetools_launch.egg-info/SOURCES.txt'
reading manifest file '../../../build/tracetools_launch/tracetools_launch.egg-info/SOURCES.txt'
writing manifest file '../../../build/tracetools_launch/tracetools_launch.egg-info/SOURCES.txt'
running build
running build_py
creating /home/neu/Desktop/microros_ws/firmware/mcu_ws/build/tracetools_launch/build
creating /home/neu/Desktop/microros_ws/firmware/mcu_ws/build/tracetools_launch/build/lib
creating /home/neu/Desktop/microros_ws/firmware/mcu_ws/build/tracetools_launch/build/lib/tracetools_launch
copying tracetools_launch/__init__.py -> /home/neu/Desktop/microros_ws/firmware/mcu_ws/build/tracetools_launch/build/lib/tracetools_launch
copying tracetools_launch/action.py -> /home/neu/Desktop/microros_ws/firmware/mcu_ws/build/tracetools_launch/build/lib/tracetools_launch
creating /home/neu/Desktop/microros_ws/firmware/mcu_ws/build/tracetools_launch/build/lib/tracetools_launch/actions
copying tracetools_launch/actions/__init__.py -> /home/neu/Desktop/microros_ws/firmware/mcu_ws/build/tracetools_launch/build/lib/tracetools_launch/actions
copying tracetools_launch/actions/ld_preload.py -> /home/neu/Desktop/microros_ws/firmware/mcu_ws/build/tracetools_launch/build/lib/tracetools_launch/actions
running install
running install_lib
creating /home/neu/Desktop/microros_ws/firmware/mcu_ws/install/tracetools_launch/lib/python3.8/site-packages/tracetools_launch
copying /home/neu/Desktop/microros_ws/firmware/mcu_ws/build/tracetools_launch/build/lib/tracetools_launch/__init__.py -> /home/neu/Desktop/microros_ws/firmware/mcu_ws/install/tracetools_launch/lib/python3.8/site-packages/tracetools_launch
creating /home/neu/Desktop/microros_ws/firmware/mcu_ws/install/tracetools_launch/lib/python3.8/site-packages/tracetools_launch/actions
copying /home/neu/Desktop/microros_ws/firmware/mcu_ws/build/tracetools_launch/build/lib/tracetools_launch/actions/__init__.py -> /home/neu/Desktop/microros_ws/firmware/mcu_ws/install/tracetools_launch/lib/python3.8/site-packages/tracetools_launch/actions
copying /home/neu/Desktop/microros_ws/firmware/mcu_ws/build/tracetools_launch/build/lib/tracetools_launch/actions/ld_preload.py -> /home/neu/Desktop/microros_ws/firmware/mcu_ws/install/tracetools_launch/lib/python3.8/site-packages/tracetools_launch/actions
copying /home/neu/Desktop/microros_ws/firmware/mcu_ws/build/tracetools_launch/build/lib/tracetools_launch/action.py -> /home/neu/Desktop/microros_ws/firmware/mcu_ws/install/tracetools_launch/lib/python3.8/site-packages/tracetools_launch
byte-compiling /home/neu/Desktop/microros_ws/firmware/mcu_ws/install/tracetools_launch/lib/python3.8/site-packages/tracetools_launch/__init__.py to __init__.cpython-38.pyc
byte-compiling /home/neu/Desktop/microros_ws/firmware/mcu_ws/install/tracetools_launch/lib/python3.8/site-packages/tracetools_launch/actions/__init__.py to __init__.cpython-38.pyc
byte-compiling /home/neu/Desktop/microros_ws/firmware/mcu_ws/install/tracetools_launch/lib/python3.8/site-packages/tracetools_launch/actions/ld_preload.py to ld_preload.cpython-38.pyc
byte-compiling /home/neu/Desktop/microros_ws/firmware/mcu_ws/install/tracetools_launch/lib/python3.8/site-packages/tracetools_launch/action.py to action.cpython-38.pyc
running install_data
copying package.xml -> /home/neu/Desktop/microros_ws/firmware/mcu_ws/install/tracetools_launch/share/tracetools_launch
creating /home/neu/Desktop/microros_ws/firmware/mcu_ws/install/tracetools_launch/share/tracetools_launch/launch
copying launch/example.launch.yaml -> /home/neu/Desktop/microros_ws/firmware/mcu_ws/install/tracetools_launch/share/tracetools_launch/launch
copying launch/example.launch.xml -> /home/neu/Desktop/microros_ws/firmware/mcu_ws/install/tracetools_launch/share/tracetools_launch/launch
copying launch/example.launch.py -> /home/neu/Desktop/microros_ws/firmware/mcu_ws/install/tracetools_launch/share/tracetools_launch/launch
creating /home/neu/Desktop/microros_ws/firmware/mcu_ws/install/tracetools_launch/share/ament_index
creating /home/neu/Desktop/microros_ws/firmware/mcu_ws/install/tracetools_launch/share/ament_index/resource_index
creating /home/neu/Desktop/microros_ws/firmware/mcu_ws/install/tracetools_launch/share/ament_index/resource_index/packages
copying resource/tracetools_launch -> /home/neu/Desktop/microros_ws/firmware/mcu_ws/install/tracetools_launch/share/ament_index/resource_index/packages
running install_egg_info
Copying ../../../build/tracetools_launch/tracetools_launch.egg-info to /home/neu/Desktop/microros_ws/firmware/mcu_ws/install/tracetools_launch/lib/python3.8/site-packages/tracetools_launch-4.1.1-py3.8.egg-info
running install_scripts
writing list of installed files to '/home/neu/Desktop/microros_ws/firmware/mcu_ws/build/tracetools_launch/install.log'
