[0.242s] Invoking command in '/home/neu/Desktop/microros_ws/firmware/mcu_ws/build/microcdr': /usr/bin/cmake /home/neu/Desktop/microros_ws/firmware/mcu_ws/eProsima/Micro-CDR --no-warn-unused-cli -DCMAKE_POSITION_INDEPENDENT_CODE=OFF -DTHIRDPARTY=ON -DBUILD_SHARED_LIBS=OFF -DBUILD_TESTING=OFF -DCMAKE_BUILD_TYPE=Debug -DCMAKE_TOOLCHAIN_FILE=/home/neu/Desktop/microros_ws/firmware/freertos_apps/microros_nucleo_f446ze_extensions/arm_toolchain.cmake -DCMAKE_VERBOSE_MAKEFILE=ON -DUCDR_ISOLATED_INSTALL=OFF -DCMAKE_INSTALL_PREFIX=/home/neu/Desktop/microros_ws/firmware/mcu_ws/install/microcdr
[0.692s] Not searching for unused variables given on the command line.
[0.692s] -- The C compiler identification is GNU 8.3.1
[0.692s] -- Check for working C compiler: /home/neu/Desktop/microros_ws/firmware/freertos_apps/microros_nucleo_f446ze_extensions/../../toolchain/bin/arm-none-eabi-gcc
[0.692s] -- Check for working C compiler: /home/neu/Desktop/microros_ws/firmware/freertos_apps/microros_nucleo_f446ze_extensions/../../toolchain/bin/arm-none-eabi-gcc -- works
[0.692s] -- Detecting C compiler ABI info
[0.693s] -- Detecting C compiler ABI info - done
[0.693s] -- Detecting C compile features
[0.693s] -- Detecting C compile features - done
[0.693s] -- The CXX compiler identification is GNU 8.3.1
[0.693s] -- Check for working CXX compiler: /home/neu/Desktop/microros_ws/firmware/freertos_apps/microros_nucleo_f446ze_extensions/../../toolchain/bin/arm-none-eabi-g++
[0.693s] -- Check for working CXX compiler: /home/neu/Desktop/microros_ws/firmware/freertos_apps/microros_nucleo_f446ze_extensions/../../toolchain/bin/arm-none-eabi-g++ -- works
[0.697s] -- Detecting CXX compiler ABI info
[0.697s] -- Detecting CXX compiler ABI info - done
[0.698s] -- Detecting CXX compile features
[0.698s] -- Detecting CXX compile features - done
[0.698s] -- Configuring done
[0.698s] -- Generating done
[0.698s] -- Build files have been written to: /home/neu/Desktop/microros_ws/firmware/mcu_ws/build/microcdr
[0.713s] Invoked command in '/home/neu/Desktop/microros_ws/firmware/mcu_ws/build/microcdr' returned '0': /usr/bin/cmake /home/neu/Desktop/microros_ws/firmware/mcu_ws/eProsima/Micro-CDR --no-warn-unused-cli -DCMAKE_POSITION_INDEPENDENT_CODE=OFF -DTHIRDPARTY=ON -DBUILD_SHARED_LIBS=OFF -DBUILD_TESTING=OFF -DCMAKE_BUILD_TYPE=Debug -DCMAKE_TOOLCHAIN_FILE=/home/neu/Desktop/microros_ws/firmware/freertos_apps/microros_nucleo_f446ze_extensions/arm_toolchain.cmake -DCMAKE_VERBOSE_MAKEFILE=ON -DUCDR_ISOLATED_INSTALL=OFF -DCMAKE_INSTALL_PREFIX=/home/neu/Desktop/microros_ws/firmware/mcu_ws/install/microcdr
[0.714s] Invoking command in '/home/neu/Desktop/microros_ws/firmware/mcu_ws/build/microcdr': /usr/bin/cmake --build /home/neu/Desktop/microros_ws/firmware/mcu_ws/build/microcdr -- -j20 -l20
[0.719s] make[1]: Entering directory '/home/neu/Desktop/microros_ws/firmware/mcu_ws/build/microcdr'
[0.719s] /usr/bin/cmake -S/home/neu/Desktop/microros_ws/firmware/mcu_ws/eProsima/Micro-CDR -B/home/neu/Desktop/microros_ws/firmware/mcu_ws/build/microcdr --check-build-system CMakeFiles/Makefile.cmake 0
[0.726s] /usr/bin/cmake -E cmake_progress_start /home/neu/Desktop/microros_ws/firmware/mcu_ws/build/microcdr/CMakeFiles /home/neu/Desktop/microros_ws/firmware/mcu_ws/build/microcdr/CMakeFiles/progress.marks
[0.736s] /usr/bin/make -f CMakeFiles/Makefile2 all
[0.736s] make[2]: Entering directory '/home/neu/Desktop/microros_ws/firmware/mcu_ws/build/microcdr'
[0.737s] /usr/bin/make -f CMakeFiles/ucdr.dir/build.make CMakeFiles/ucdr.dir/depend
[0.737s] make[3]: Entering directory '/home/neu/Desktop/microros_ws/firmware/mcu_ws/build/microcdr'
[0.737s] cd /home/neu/Desktop/microros_ws/firmware/mcu_ws/build/microcdr && /usr/bin/cmake -E cmake_depends "Unix Makefiles" /home/neu/Desktop/microros_ws/firmware/mcu_ws/eProsima/Micro-CDR /home/neu/Desktop/microros_ws/firmware/mcu_ws/eProsima/Micro-CDR /home/neu/Desktop/microros_ws/firmware/mcu_ws/build/microcdr /home/neu/Desktop/microros_ws/firmware/mcu_ws/build/microcdr /home/neu/Desktop/microros_ws/firmware/mcu_ws/build/microcdr/CMakeFiles/ucdr.dir/DependInfo.cmake --color=
[0.741s] Dependee "/home/neu/Desktop/microros_ws/firmware/mcu_ws/build/microcdr/CMakeFiles/ucdr.dir/DependInfo.cmake" is newer than depender "/home/neu/Desktop/microros_ws/firmware/mcu_ws/build/microcdr/CMakeFiles/ucdr.dir/depend.internal".
[0.741s] Dependee "/home/neu/Desktop/microros_ws/firmware/mcu_ws/build/microcdr/CMakeFiles/CMakeDirectoryInformation.cmake" is newer than depender "/home/neu/Desktop/microros_ws/firmware/mcu_ws/build/microcdr/CMakeFiles/ucdr.dir/depend.internal".
[0.742s] [35m[1mScanning dependencies of target ucdr[0m
[0.743s] make[3]: Leaving directory '/home/neu/Desktop/microros_ws/firmware/mcu_ws/build/microcdr'
[0.743s] /usr/bin/make -f CMakeFiles/ucdr.dir/build.make CMakeFiles/ucdr.dir/build
[0.743s] make[3]: Entering directory '/home/neu/Desktop/microros_ws/firmware/mcu_ws/build/microcdr'
[0.749s] [ 12%] [34m[1mCreating directories for 'ucdr'[0m
[0.749s] /usr/bin/cmake -E make_directory /home/neu/Desktop/microros_ws/firmware/mcu_ws/eProsima/Micro-CDR
[0.757s] /usr/bin/cmake -E make_directory /home/neu/Desktop/microros_ws/firmware/mcu_ws/build/microcdr
[0.767s] /usr/bin/cmake -E make_directory /home/neu/Desktop/microros_ws/firmware/mcu_ws/build/microcdr/ucdr-prefix
[0.778s] /usr/bin/cmake -E make_directory /home/neu/Desktop/microros_ws/firmware/mcu_ws/build/microcdr/ucdr-prefix/tmp
[0.788s] /usr/bin/cmake -E make_directory /home/neu/Desktop/microros_ws/firmware/mcu_ws/build/microcdr/ucdr-prefix/src/ucdr-stamp
[0.796s] /usr/bin/cmake -E make_directory /home/neu/Desktop/microros_ws/firmware/mcu_ws/build/microcdr/ucdr-prefix/src
[0.810s] /usr/bin/cmake -E make_directory /home/neu/Desktop/microros_ws/firmware/mcu_ws/build/microcdr/ucdr-prefix/src/ucdr-stamp
[0.823s] /usr/bin/cmake -E touch /home/neu/Desktop/microros_ws/firmware/mcu_ws/build/microcdr/ucdr-prefix/src/ucdr-stamp/ucdr-mkdir
[0.840s] [ 25%] [34m[1mNo download step for 'ucdr'[0m
[0.841s] /usr/bin/cmake -E echo_append
[0.848s] /usr/bin/cmake -E touch /home/neu/Desktop/microros_ws/firmware/mcu_ws/build/microcdr/ucdr-prefix/src/ucdr-stamp/ucdr-download
[0.876s] [ 50%] [34m[1mNo patch step for 'ucdr'[0m
[0.877s] [ 50%] [34m[1mNo update step for 'ucdr'[0m
[0.877s] /usr/bin/cmake -E echo_append
[0.878s] /usr/bin/cmake -E echo_append
[0.892s] /usr/bin/cmake -E touch /home/neu/Desktop/microros_ws/firmware/mcu_ws/build/microcdr/ucdr-prefix/src/ucdr-stamp/ucdr-update
[0.893s] /usr/bin/cmake -E touch /home/neu/Desktop/microros_ws/firmware/mcu_ws/build/microcdr/ucdr-prefix/src/ucdr-stamp/ucdr-patch
[0.907s] [ 62%] [34m[1mPerforming configure step for 'ucdr'[0m
[0.908s] /usr/bin/cmake "-GUnix Makefiles" -C/home/neu/Desktop/microros_ws/firmware/mcu_ws/build/microcdr/ucdr-prefix/tmp/ucdr-cache-Debug.cmake /home/neu/Desktop/microros_ws/firmware/mcu_ws/eProsima/Micro-CDR
[0.917s] loading initial cache file /home/neu/Desktop/microros_ws/firmware/mcu_ws/build/microcdr/ucdr-prefix/tmp/ucdr-cache-Debug.cmake
[0.917s] Re-run cmake no build system arguments
[0.924s] -- Configuring done
[0.930s] -- Generating done
[0.930s] -- Build files have been written to: /home/neu/Desktop/microros_ws/firmware/mcu_ws/build/microcdr
[0.931s] /usr/bin/cmake -E touch /home/neu/Desktop/microros_ws/firmware/mcu_ws/build/microcdr/ucdr-prefix/src/ucdr-stamp/ucdr-configure
[0.944s] [ 75%] [34m[1mPerforming build step for 'ucdr'[0m
[0.944s] /usr/bin/make
[0.945s] make[4]: Entering directory '/home/neu/Desktop/microros_ws/firmware/mcu_ws/build/microcdr'
[0.945s] /usr/bin/cmake -S/home/neu/Desktop/microros_ws/firmware/mcu_ws/eProsima/Micro-CDR -B/home/neu/Desktop/microros_ws/firmware/mcu_ws/build/microcdr --check-build-system CMakeFiles/Makefile.cmake 0
[0.954s] /usr/bin/cmake -E cmake_progress_start /home/neu/Desktop/microros_ws/firmware/mcu_ws/build/microcdr/CMakeFiles /home/neu/Desktop/microros_ws/firmware/mcu_ws/build/microcdr/CMakeFiles/progress.marks
[0.963s] /usr/bin/make -f CMakeFiles/Makefile2 all
[0.964s] make[5]: Entering directory '/home/neu/Desktop/microros_ws/firmware/mcu_ws/build/microcdr'
[0.964s] /usr/bin/make -f CMakeFiles/microcdr.dir/build.make CMakeFiles/microcdr.dir/depend
[0.965s] make[6]: Entering directory '/home/neu/Desktop/microros_ws/firmware/mcu_ws/build/microcdr'
[0.965s] cd /home/neu/Desktop/microros_ws/firmware/mcu_ws/build/microcdr && /usr/bin/cmake -E cmake_depends "Unix Makefiles" /home/neu/Desktop/microros_ws/firmware/mcu_ws/eProsima/Micro-CDR /home/neu/Desktop/microros_ws/firmware/mcu_ws/eProsima/Micro-CDR /home/neu/Desktop/microros_ws/firmware/mcu_ws/build/microcdr /home/neu/Desktop/microros_ws/firmware/mcu_ws/build/microcdr /home/neu/Desktop/microros_ws/firmware/mcu_ws/build/microcdr/CMakeFiles/microcdr.dir/DependInfo.cmake --color=
[0.972s] Dependee "/home/neu/Desktop/microros_ws/firmware/mcu_ws/build/microcdr/CMakeFiles/microcdr.dir/DependInfo.cmake" is newer than depender "/home/neu/Desktop/microros_ws/firmware/mcu_ws/build/microcdr/CMakeFiles/microcdr.dir/depend.internal".
[0.972s] Dependee "/home/neu/Desktop/microros_ws/firmware/mcu_ws/build/microcdr/CMakeFiles/CMakeDirectoryInformation.cmake" is newer than depender "/home/neu/Desktop/microros_ws/firmware/mcu_ws/build/microcdr/CMakeFiles/microcdr.dir/depend.internal".
[0.973s] [35m[1mScanning dependencies of target microcdr[0m
[0.974s] make[6]: Leaving directory '/home/neu/Desktop/microros_ws/firmware/mcu_ws/build/microcdr'
[0.974s] /usr/bin/make -f CMakeFiles/microcdr.dir/build.make CMakeFiles/microcdr.dir/build
[0.975s] make[6]: Entering directory '/home/neu/Desktop/microros_ws/firmware/mcu_ws/build/microcdr'
[0.985s] [ 16%] [32mBuilding C object CMakeFiles/microcdr.dir/src/c/common.c.obj[0m
[0.986s] [ 50%] [32mBuilding C object CMakeFiles/microcdr.dir/src/c/types/basic.c.obj[0m
[0.986s] [ 50%] [32mBuilding C object CMakeFiles/microcdr.dir/src/c/types/string.c.obj[0m
[0.986s] [ 66%] [32mBuilding C object CMakeFiles/microcdr.dir/src/c/types/array.c.obj[0m
[0.986s] [ 83%] [32mBuilding C object CMakeFiles/microcdr.dir/src/c/types/sequence.c.obj[0m
[0.986s] /home/neu/Desktop/microros_ws/firmware/freertos_apps/microros_nucleo_f446ze_extensions/../../toolchain/bin/arm-none-eabi-gcc  -I/home/neu/Desktop/microros_ws/firmware/mcu_ws/eProsima/Micro-CDR/include -I/home/neu/Desktop/microros_ws/firmware/mcu_ws/build/microcdr/include  -std=c11 -mcpu=cortex-m4 -mthumb -mfpu=fpv4-sp-d16 -mfloat-abi=hard -DUSE_HAL_DRIVER -DSTM32F446xx -D_TIMEVAL_DEFINED -O0 -Wall -fdata-sections -ffunction-sections  -DCLOCK_MONOTONIC=0 -g -fPIC   -Wall -Wextra -Wshadow -pedantic -Wcast-align -Wunused -Wconversion -Wnull-dereference -Wduplicated-branches -Wduplicated-cond -Wrestrict -Wdouble-promotion -Wsign-conversion -fdata-sections -ffunction-sections -std=gnu99 -o CMakeFiles/microcdr.dir/src/c/common.c.obj   -c /home/neu/Desktop/microros_ws/firmware/mcu_ws/eProsima/Micro-CDR/src/c/common.c
[0.986s] /home/neu/Desktop/microros_ws/firmware/freertos_apps/microros_nucleo_f446ze_extensions/../../toolchain/bin/arm-none-eabi-gcc  -I/home/neu/Desktop/microros_ws/firmware/mcu_ws/eProsima/Micro-CDR/include -I/home/neu/Desktop/microros_ws/firmware/mcu_ws/build/microcdr/include  -std=c11 -mcpu=cortex-m4 -mthumb -mfpu=fpv4-sp-d16 -mfloat-abi=hard -DUSE_HAL_DRIVER -DSTM32F446xx -D_TIMEVAL_DEFINED -O0 -Wall -fdata-sections -ffunction-sections  -DCLOCK_MONOTONIC=0 -g -fPIC   -Wall -Wextra -Wshadow -pedantic -Wcast-align -Wunused -Wconversion -Wnull-dereference -Wduplicated-branches -Wduplicated-cond -Wrestrict -Wdouble-promotion -Wsign-conversion -fdata-sections -ffunction-sections -std=gnu99 -o CMakeFiles/microcdr.dir/src/c/types/basic.c.obj   -c /home/neu/Desktop/microros_ws/firmware/mcu_ws/eProsima/Micro-CDR/src/c/types/basic.c
[0.986s] /home/neu/Desktop/microros_ws/firmware/freertos_apps/microros_nucleo_f446ze_extensions/../../toolchain/bin/arm-none-eabi-gcc  -I/home/neu/Desktop/microros_ws/firmware/mcu_ws/eProsima/Micro-CDR/include -I/home/neu/Desktop/microros_ws/firmware/mcu_ws/build/microcdr/include  -std=c11 -mcpu=cortex-m4 -mthumb -mfpu=fpv4-sp-d16 -mfloat-abi=hard -DUSE_HAL_DRIVER -DSTM32F446xx -D_TIMEVAL_DEFINED -O0 -Wall -fdata-sections -ffunction-sections  -DCLOCK_MONOTONIC=0 -g -fPIC   -Wall -Wextra -Wshadow -pedantic -Wcast-align -Wunused -Wconversion -Wnull-dereference -Wduplicated-branches -Wduplicated-cond -Wrestrict -Wdouble-promotion -Wsign-conversion -fdata-sections -ffunction-sections -std=gnu99 -o CMakeFiles/microcdr.dir/src/c/types/array.c.obj   -c /home/neu/Desktop/microros_ws/firmware/mcu_ws/eProsima/Micro-CDR/src/c/types/array.c
[0.987s] /home/neu/Desktop/microros_ws/firmware/freertos_apps/microros_nucleo_f446ze_extensions/../../toolchain/bin/arm-none-eabi-gcc  -I/home/neu/Desktop/microros_ws/firmware/mcu_ws/eProsima/Micro-CDR/include -I/home/neu/Desktop/microros_ws/firmware/mcu_ws/build/microcdr/include  -std=c11 -mcpu=cortex-m4 -mthumb -mfpu=fpv4-sp-d16 -mfloat-abi=hard -DUSE_HAL_DRIVER -DSTM32F446xx -D_TIMEVAL_DEFINED -O0 -Wall -fdata-sections -ffunction-sections  -DCLOCK_MONOTONIC=0 -g -fPIC   -Wall -Wextra -Wshadow -pedantic -Wcast-align -Wunused -Wconversion -Wnull-dereference -Wduplicated-branches -Wduplicated-cond -Wrestrict -Wdouble-promotion -Wsign-conversion -fdata-sections -ffunction-sections -std=gnu99 -o CMakeFiles/microcdr.dir/src/c/types/sequence.c.obj   -c /home/neu/Desktop/microros_ws/firmware/mcu_ws/eProsima/Micro-CDR/src/c/types/sequence.c
[0.987s] /home/neu/Desktop/microros_ws/firmware/freertos_apps/microros_nucleo_f446ze_extensions/../../toolchain/bin/arm-none-eabi-gcc  -I/home/neu/Desktop/microros_ws/firmware/mcu_ws/eProsima/Micro-CDR/include -I/home/neu/Desktop/microros_ws/firmware/mcu_ws/build/microcdr/include  -std=c11 -mcpu=cortex-m4 -mthumb -mfpu=fpv4-sp-d16 -mfloat-abi=hard -DUSE_HAL_DRIVER -DSTM32F446xx -D_TIMEVAL_DEFINED -O0 -Wall -fdata-sections -ffunction-sections  -DCLOCK_MONOTONIC=0 -g -fPIC   -Wall -Wextra -Wshadow -pedantic -Wcast-align -Wunused -Wconversion -Wnull-dereference -Wduplicated-branches -Wduplicated-cond -Wrestrict -Wdouble-promotion -Wsign-conversion -fdata-sections -ffunction-sections -std=gnu99 -o CMakeFiles/microcdr.dir/src/c/types/string.c.obj   -c /home/neu/Desktop/microros_ws/firmware/mcu_ws/eProsima/Micro-CDR/src/c/types/string.c
[1.313s] [100%] [32m[1mLinking C static library libmicrocdr.a[0m
[1.324s] /usr/bin/cmake -P CMakeFiles/microcdr.dir/cmake_clean_target.cmake
[1.325s] /usr/bin/cmake -E cmake_link_script CMakeFiles/microcdr.dir/link.txt --verbose=1
[1.333s] /home/neu/Desktop/microros_ws/firmware/toolchain/bin/arm-none-eabi-ar qc libmicrocdr.a  CMakeFiles/microcdr.dir/src/c/common.c.obj CMakeFiles/microcdr.dir/src/c/types/basic.c.obj CMakeFiles/microcdr.dir/src/c/types/string.c.obj CMakeFiles/microcdr.dir/src/c/types/array.c.obj CMakeFiles/microcdr.dir/src/c/types/sequence.c.obj
[1.335s] /home/neu/Desktop/microros_ws/firmware/toolchain/bin/arm-none-eabi-ranlib libmicrocdr.a
[1.339s] make[6]: Leaving directory '/home/neu/Desktop/microros_ws/firmware/mcu_ws/build/microcdr'
[1.347s] [100%] Built target microcdr
[1.348s] make[5]: Leaving directory '/home/neu/Desktop/microros_ws/firmware/mcu_ws/build/microcdr'
[1.348s] /usr/bin/cmake -E cmake_progress_start /home/neu/Desktop/microros_ws/firmware/mcu_ws/build/microcdr/CMakeFiles 0
[1.355s] make[4]: Leaving directory '/home/neu/Desktop/microros_ws/firmware/mcu_ws/build/microcdr'
[1.355s] /usr/bin/cmake -E touch /home/neu/Desktop/microros_ws/firmware/mcu_ws/build/microcdr/ucdr-prefix/src/ucdr-stamp/ucdr-build
[1.370s] [34m[1mNo install step for 'ucdr'[0m
[1.371s] /usr/bin/cmake -E echo_append
[1.379s] /usr/bin/cmake -E touch /home/neu/Desktop/microros_ws/firmware/mcu_ws/build/microcdr/ucdr-prefix/src/ucdr-stamp/ucdr-install
[1.398s] [34m[1mCompleted 'ucdr'[0m
[1.399s] /usr/bin/cmake -E make_directory /home/neu/Desktop/microros_ws/firmware/mcu_ws/build/microcdr/CMakeFiles
[1.409s] /usr/bin/cmake -E touch /home/neu/Desktop/microros_ws/firmware/mcu_ws/build/microcdr/CMakeFiles/ucdr-complete
[1.421s] /usr/bin/cmake -E touch /home/neu/Desktop/microros_ws/firmware/mcu_ws/build/microcdr/ucdr-prefix/src/ucdr-stamp/ucdr-done
[1.435s] make[3]: Leaving directory '/home/neu/Desktop/microros_ws/firmware/mcu_ws/build/microcdr'
[1.444s] Built target ucdr
[1.451s] make[2]: Leaving directory '/home/neu/Desktop/microros_ws/firmware/mcu_ws/build/microcdr'
[1.451s] /usr/bin/cmake -E cmake_progress_start /home/neu/Desktop/microros_ws/firmware/mcu_ws/build/microcdr/CMakeFiles 0
[1.460s] make[1]: Leaving directory '/home/neu/Desktop/microros_ws/firmware/mcu_ws/build/microcdr'
[1.469s] Invoked command in '/home/neu/Desktop/microros_ws/firmware/mcu_ws/build/microcdr' returned '0': /usr/bin/cmake --build /home/neu/Desktop/microros_ws/firmware/mcu_ws/build/microcdr -- -j20 -l20
[1.641s] Invoking command in '/home/neu/Desktop/microros_ws/firmware/mcu_ws/build/microcdr': /usr/bin/cmake --install /home/neu/Desktop/microros_ws/firmware/mcu_ws/build/microcdr
[1.655s] -- Install configuration: "Debug"
[1.655s] -- Installing: /home/neu/Desktop/microros_ws/firmware/mcu_ws/install/microcdr/lib/libmicrocdr.a
[1.656s] -- Installing: /home/neu/Desktop/microros_ws/firmware/mcu_ws/install/microcdr/include/ucdr
[1.656s] -- Installing: /home/neu/Desktop/microros_ws/firmware/mcu_ws/install/microcdr/include/ucdr/visibility.h
[1.656s] -- Installing: /home/neu/Desktop/microros_ws/firmware/mcu_ws/install/microcdr/include/ucdr/microcdr.h
[1.656s] -- Installing: /home/neu/Desktop/microros_ws/firmware/mcu_ws/install/microcdr/include/ucdr/config.h
[1.656s] -- Installing: /home/neu/Desktop/microros_ws/firmware/mcu_ws/install/microcdr/share/microcdr/cmake/microcdrTargets.cmake
[1.657s] -- Installing: /home/neu/Desktop/microros_ws/firmware/mcu_ws/install/microcdr/share/microcdr/cmake/microcdrTargets-debug.cmake
[1.657s] -- Installing: /home/neu/Desktop/microros_ws/firmware/mcu_ws/install/microcdr/share/microcdr/cmake/microcdrConfig.cmake
[1.657s] -- Installing: /home/neu/Desktop/microros_ws/firmware/mcu_ws/install/microcdr/share/microcdr/cmake/microcdrConfigVersion.cmake
[1.668s] Invoked command in '/home/neu/Desktop/microros_ws/firmware/mcu_ws/build/microcdr' returned '0': /usr/bin/cmake --install /home/neu/Desktop/microros_ws/firmware/mcu_ws/build/microcdr
