[1.115s] Invoking command in '/home/neu/Desktop/microros_ws/firmware/mcu_ws/ros2/rosidl/rosidl_cli': PYTHONPATH=/home/neu/Desktop/microros_ws/firmware/mcu_ws/build/rosidl_cli/prefix_override:/home/neu/Desktop/microros_ws/firmware/mcu_ws/install/rosidl_cli/lib/python3.8/site-packages:${PYTHONPATH} /usr/bin/python3 setup.py egg_info --egg-base ../../../build/rosidl_cli build --build-base /home/neu/Desktop/microros_ws/firmware/mcu_ws/build/rosidl_cli/build install --record /home/neu/Desktop/microros_ws/firmware/mcu_ws/build/rosidl_cli/install.log --single-version-externally-managed
[1.338s] running egg_info
[1.338s] creating ../../../build/rosidl_cli/rosidl_cli.egg-info
[1.338s] writing ../../../build/rosidl_cli/rosidl_cli.egg-info/PKG-INFO
[1.338s] writing dependency_links to ../../../build/rosidl_cli/rosidl_cli.egg-info/dependency_links.txt
[1.338s] writing entry points to ../../../build/rosidl_cli/rosidl_cli.egg-info/entry_points.txt
[1.338s] writing requirements to ../../../build/rosidl_cli/rosidl_cli.egg-info/requires.txt
[1.338s] writing top-level names to ../../../build/rosidl_cli/rosidl_cli.egg-info/top_level.txt
[1.338s] writing manifest file '../../../build/rosidl_cli/rosidl_cli.egg-info/SOURCES.txt'
[1.375s] reading manifest file '../../../build/rosidl_cli/rosidl_cli.egg-info/SOURCES.txt'
[1.375s] writing manifest file '../../../build/rosidl_cli/rosidl_cli.egg-info/SOURCES.txt'
[1.375s] running build
[1.375s] running build_py
[1.375s] creating /home/neu/Desktop/microros_ws/firmware/mcu_ws/build/rosidl_cli/build
[1.375s] creating /home/neu/Desktop/microros_ws/firmware/mcu_ws/build/rosidl_cli/build/lib
[1.376s] creating /home/neu/Desktop/microros_ws/firmware/mcu_ws/build/rosidl_cli/build/lib/rosidl_cli
[1.376s] copying rosidl_cli/__init__.py -> /home/neu/Desktop/microros_ws/firmware/mcu_ws/build/rosidl_cli/build/lib/rosidl_cli
[1.376s] copying rosidl_cli/entry_points.py -> /home/neu/Desktop/microros_ws/firmware/mcu_ws/build/rosidl_cli/build/lib/rosidl_cli
[1.376s] copying rosidl_cli/cli.py -> /home/neu/Desktop/microros_ws/firmware/mcu_ws/build/rosidl_cli/build/lib/rosidl_cli
[1.376s] copying rosidl_cli/common.py -> /home/neu/Desktop/microros_ws/firmware/mcu_ws/build/rosidl_cli/build/lib/rosidl_cli
[1.376s] copying rosidl_cli/extensions.py -> /home/neu/Desktop/microros_ws/firmware/mcu_ws/build/rosidl_cli/build/lib/rosidl_cli
[1.376s] creating /home/neu/Desktop/microros_ws/firmware/mcu_ws/build/rosidl_cli/build/lib/rosidl_cli/command
[1.386s] copying rosidl_cli/command/__init__.py -> /home/neu/Desktop/microros_ws/firmware/mcu_ws/build/rosidl_cli/build/lib/rosidl_cli/command
[1.386s] copying rosidl_cli/command/helpers.py -> /home/neu/Desktop/microros_ws/firmware/mcu_ws/build/rosidl_cli/build/lib/rosidl_cli/command
[1.386s] creating /home/neu/Desktop/microros_ws/firmware/mcu_ws/build/rosidl_cli/build/lib/rosidl_cli/command/translate
[1.386s] copying rosidl_cli/command/translate/api.py -> /home/neu/Desktop/microros_ws/firmware/mcu_ws/build/rosidl_cli/build/lib/rosidl_cli/command/translate
[1.386s] copying rosidl_cli/command/translate/__init__.py -> /home/neu/Desktop/microros_ws/firmware/mcu_ws/build/rosidl_cli/build/lib/rosidl_cli/command/translate
[1.386s] copying rosidl_cli/command/translate/extensions.py -> /home/neu/Desktop/microros_ws/firmware/mcu_ws/build/rosidl_cli/build/lib/rosidl_cli/command/translate
[1.386s] creating /home/neu/Desktop/microros_ws/firmware/mcu_ws/build/rosidl_cli/build/lib/rosidl_cli/command/generate
[1.386s] copying rosidl_cli/command/generate/api.py -> /home/neu/Desktop/microros_ws/firmware/mcu_ws/build/rosidl_cli/build/lib/rosidl_cli/command/generate
[1.386s] copying rosidl_cli/command/generate/__init__.py -> /home/neu/Desktop/microros_ws/firmware/mcu_ws/build/rosidl_cli/build/lib/rosidl_cli/command/generate
[1.386s] copying rosidl_cli/command/generate/extensions.py -> /home/neu/Desktop/microros_ws/firmware/mcu_ws/build/rosidl_cli/build/lib/rosidl_cli/command/generate
[1.386s] running install
[1.386s] running install_lib
[1.387s] creating /home/neu/Desktop/microros_ws/firmware/mcu_ws/install/rosidl_cli/lib/python3.8/site-packages/rosidl_cli
[1.387s] copying /home/neu/Desktop/microros_ws/firmware/mcu_ws/build/rosidl_cli/build/lib/rosidl_cli/__init__.py -> /home/neu/Desktop/microros_ws/firmware/mcu_ws/install/rosidl_cli/lib/python3.8/site-packages/rosidl_cli
[1.387s] copying /home/neu/Desktop/microros_ws/firmware/mcu_ws/build/rosidl_cli/build/lib/rosidl_cli/entry_points.py -> /home/neu/Desktop/microros_ws/firmware/mcu_ws/install/rosidl_cli/lib/python3.8/site-packages/rosidl_cli
[1.387s] copying /home/neu/Desktop/microros_ws/firmware/mcu_ws/build/rosidl_cli/build/lib/rosidl_cli/cli.py -> /home/neu/Desktop/microros_ws/firmware/mcu_ws/install/rosidl_cli/lib/python3.8/site-packages/rosidl_cli
[1.388s] creating /home/neu/Desktop/microros_ws/firmware/mcu_ws/install/rosidl_cli/lib/python3.8/site-packages/rosidl_cli/command
[1.388s] creating /home/neu/Desktop/microros_ws/firmware/mcu_ws/install/rosidl_cli/lib/python3.8/site-packages/rosidl_cli/command/translate
[1.388s] copying /home/neu/Desktop/microros_ws/firmware/mcu_ws/build/rosidl_cli/build/lib/rosidl_cli/command/translate/api.py -> /home/neu/Desktop/microros_ws/firmware/mcu_ws/install/rosidl_cli/lib/python3.8/site-packages/rosidl_cli/command/translate
[1.388s] copying /home/neu/Desktop/microros_ws/firmware/mcu_ws/build/rosidl_cli/build/lib/rosidl_cli/command/translate/__init__.py -> /home/neu/Desktop/microros_ws/firmware/mcu_ws/install/rosidl_cli/lib/python3.8/site-packages/rosidl_cli/command/translate
[1.388s] copying /home/neu/Desktop/microros_ws/firmware/mcu_ws/build/rosidl_cli/build/lib/rosidl_cli/command/translate/extensions.py -> /home/neu/Desktop/microros_ws/firmware/mcu_ws/install/rosidl_cli/lib/python3.8/site-packages/rosidl_cli/command/translate
[1.388s] copying /home/neu/Desktop/microros_ws/firmware/mcu_ws/build/rosidl_cli/build/lib/rosidl_cli/command/__init__.py -> /home/neu/Desktop/microros_ws/firmware/mcu_ws/install/rosidl_cli/lib/python3.8/site-packages/rosidl_cli/command
[1.388s] creating /home/neu/Desktop/microros_ws/firmware/mcu_ws/install/rosidl_cli/lib/python3.8/site-packages/rosidl_cli/command/generate
[1.388s] copying /home/neu/Desktop/microros_ws/firmware/mcu_ws/build/rosidl_cli/build/lib/rosidl_cli/command/generate/api.py -> /home/neu/Desktop/microros_ws/firmware/mcu_ws/install/rosidl_cli/lib/python3.8/site-packages/rosidl_cli/command/generate
[1.388s] copying /home/neu/Desktop/microros_ws/firmware/mcu_ws/build/rosidl_cli/build/lib/rosidl_cli/command/generate/__init__.py -> /home/neu/Desktop/microros_ws/firmware/mcu_ws/install/rosidl_cli/lib/python3.8/site-packages/rosidl_cli/command/generate
[1.388s] copying /home/neu/Desktop/microros_ws/firmware/mcu_ws/build/rosidl_cli/build/lib/rosidl_cli/command/generate/extensions.py -> /home/neu/Desktop/microros_ws/firmware/mcu_ws/install/rosidl_cli/lib/python3.8/site-packages/rosidl_cli/command/generate
[1.388s] copying /home/neu/Desktop/microros_ws/firmware/mcu_ws/build/rosidl_cli/build/lib/rosidl_cli/command/helpers.py -> /home/neu/Desktop/microros_ws/firmware/mcu_ws/install/rosidl_cli/lib/python3.8/site-packages/rosidl_cli/command
[1.388s] copying /home/neu/Desktop/microros_ws/firmware/mcu_ws/build/rosidl_cli/build/lib/rosidl_cli/common.py -> /home/neu/Desktop/microros_ws/firmware/mcu_ws/install/rosidl_cli/lib/python3.8/site-packages/rosidl_cli
[1.388s] copying /home/neu/Desktop/microros_ws/firmware/mcu_ws/build/rosidl_cli/build/lib/rosidl_cli/extensions.py -> /home/neu/Desktop/microros_ws/firmware/mcu_ws/install/rosidl_cli/lib/python3.8/site-packages/rosidl_cli
[1.388s] byte-compiling /home/neu/Desktop/microros_ws/firmware/mcu_ws/install/rosidl_cli/lib/python3.8/site-packages/rosidl_cli/__init__.py to __init__.cpython-38.pyc
[1.388s] byte-compiling /home/neu/Desktop/microros_ws/firmware/mcu_ws/install/rosidl_cli/lib/python3.8/site-packages/rosidl_cli/entry_points.py to entry_points.cpython-38.pyc
[1.388s] byte-compiling /home/neu/Desktop/microros_ws/firmware/mcu_ws/install/rosidl_cli/lib/python3.8/site-packages/rosidl_cli/cli.py to cli.cpython-38.pyc
[1.388s] byte-compiling /home/neu/Desktop/microros_ws/firmware/mcu_ws/install/rosidl_cli/lib/python3.8/site-packages/rosidl_cli/command/translate/api.py to api.cpython-38.pyc
[1.388s] byte-compiling /home/neu/Desktop/microros_ws/firmware/mcu_ws/install/rosidl_cli/lib/python3.8/site-packages/rosidl_cli/command/translate/__init__.py to __init__.cpython-38.pyc
[1.388s] byte-compiling /home/neu/Desktop/microros_ws/firmware/mcu_ws/install/rosidl_cli/lib/python3.8/site-packages/rosidl_cli/command/translate/extensions.py to extensions.cpython-38.pyc
[1.388s] byte-compiling /home/neu/Desktop/microros_ws/firmware/mcu_ws/install/rosidl_cli/lib/python3.8/site-packages/rosidl_cli/command/__init__.py to __init__.cpython-38.pyc
[1.388s] byte-compiling /home/neu/Desktop/microros_ws/firmware/mcu_ws/install/rosidl_cli/lib/python3.8/site-packages/rosidl_cli/command/generate/api.py to api.cpython-38.pyc
[1.389s] byte-compiling /home/neu/Desktop/microros_ws/firmware/mcu_ws/install/rosidl_cli/lib/python3.8/site-packages/rosidl_cli/command/generate/__init__.py to __init__.cpython-38.pyc
[1.389s] byte-compiling /home/neu/Desktop/microros_ws/firmware/mcu_ws/install/rosidl_cli/lib/python3.8/site-packages/rosidl_cli/command/generate/extensions.py to extensions.cpython-38.pyc
[1.389s] byte-compiling /home/neu/Desktop/microros_ws/firmware/mcu_ws/install/rosidl_cli/lib/python3.8/site-packages/rosidl_cli/command/helpers.py to helpers.cpython-38.pyc
[1.389s] byte-compiling /home/neu/Desktop/microros_ws/firmware/mcu_ws/install/rosidl_cli/lib/python3.8/site-packages/rosidl_cli/common.py to common.cpython-38.pyc
[1.389s] byte-compiling /home/neu/Desktop/microros_ws/firmware/mcu_ws/install/rosidl_cli/lib/python3.8/site-packages/rosidl_cli/extensions.py to extensions.cpython-38.pyc
[1.389s] running install_data
[1.389s] creating /home/neu/Desktop/microros_ws/firmware/mcu_ws/install/rosidl_cli/share/ament_index
[1.389s] creating /home/neu/Desktop/microros_ws/firmware/mcu_ws/install/rosidl_cli/share/ament_index/resource_index
[1.389s] creating /home/neu/Desktop/microros_ws/firmware/mcu_ws/install/rosidl_cli/share/ament_index/resource_index/packages
[1.389s] copying resource/rosidl_cli -> /home/neu/Desktop/microros_ws/firmware/mcu_ws/install/rosidl_cli/share/ament_index/resource_index/packages
[1.389s] copying package.xml -> /home/neu/Desktop/microros_ws/firmware/mcu_ws/install/rosidl_cli/share/rosidl_cli
[1.389s] copying resource/package.dsv -> /home/neu/Desktop/microros_ws/firmware/mcu_ws/install/rosidl_cli/share/rosidl_cli
[1.389s] creating /home/neu/Desktop/microros_ws/firmware/mcu_ws/install/rosidl_cli/share/rosidl_cli/environment
[1.389s] copying completion/rosidl-argcomplete.bash -> /home/neu/Desktop/microros_ws/firmware/mcu_ws/install/rosidl_cli/share/rosidl_cli/environment
[1.389s] copying completion/rosidl-argcomplete.zsh -> /home/neu/Desktop/microros_ws/firmware/mcu_ws/install/rosidl_cli/share/rosidl_cli/environment
[1.389s] running install_egg_info
[1.390s] Copying ../../../build/rosidl_cli/rosidl_cli.egg-info to /home/neu/Desktop/microros_ws/firmware/mcu_ws/install/rosidl_cli/lib/python3.8/site-packages/rosidl_cli-3.1.5-py3.8.egg-info
[1.390s] running install_scripts
[1.412s] Installing rosidl script to /home/neu/Desktop/microros_ws/firmware/mcu_ws/install/rosidl_cli/bin
[1.412s] writing list of installed files to '/home/neu/Desktop/microros_ws/firmware/mcu_ws/build/rosidl_cli/install.log'
[1.478s] Invoked command in '/home/neu/Desktop/microros_ws/firmware/mcu_ws/ros2/rosidl/rosidl_cli' returned '0': PYTHONPATH=/home/neu/Desktop/microros_ws/firmware/mcu_ws/build/rosidl_cli/prefix_override:/home/neu/Desktop/microros_ws/firmware/mcu_ws/install/rosidl_cli/lib/python3.8/site-packages:${PYTHONPATH} /usr/bin/python3 setup.py egg_info --egg-base ../../../build/rosidl_cli build --build-base /home/neu/Desktop/microros_ws/firmware/mcu_ws/build/rosidl_cli/build install --record /home/neu/Desktop/microros_ws/firmware/mcu_ws/build/rosidl_cli/install.log --single-version-externally-managed
