[0.190s] Invoking command in '/home/neu/Desktop/microros_ws/firmware/mcu_ws/build/rcutils': CMAKE_PREFIX_PATH=${CMAKE_PREFIX_PATH}:/home/neu/Desktop/microros_ws/firmware/dev_ws/install/ament_uncrustify:/home/neu/Desktop/microros_ws/firmware/dev_ws/install/domain_coordinator:/home/neu/Desktop/microros_ws/firmware/dev_ws/install/ament_xmllint:/home/neu/Desktop/microros_ws/firmware/dev_ws/install/ament_pyflakes:/home/neu/Desktop/microros_ws/firmware/dev_ws/install/ament_pycodestyle:/home/neu/Desktop/microros_ws/firmware/dev_ws/install/ament_pep257:/home/neu/Desktop/microros_ws/firmware/dev_ws/install/ament_pclint:/home/neu/Desktop/microros_ws/firmware/dev_ws/install/ament_package:/home/neu/Desktop/microros_ws/firmware/dev_ws/install/ament_mypy:/home/neu/Desktop/microros_ws/firmware/dev_ws/install/ament_lint_cmake:/home/neu/Desktop/microros_ws/firmware/dev_ws/install/ament_flake8:/home/neu/Desktop/microros_ws/firmware/dev_ws/install/ament_copyright:/home/neu/Desktop/microros_ws/firmware/dev_ws/install/ament_lint:/home/neu/Desktop/microros_ws/firmware/dev_ws/install/ament_index_python:/home/neu/Desktop/microros_ws/firmware/dev_ws/install/ament_cpplint:/home/neu/Desktop/microros_ws/firmware/dev_ws/install/ament_cppcheck:/home/neu/Desktop/microros_ws/firmware/dev_ws/install/ament_clang_tidy:/home/neu/Desktop/microros_ws/firmware/dev_ws/install/ament_clang_format /usr/bin/cmake /home/neu/Desktop/microros_ws/firmware/mcu_ws/uros/rcutils --no-warn-unused-cli -DCMAKE_POSITION_INDEPENDENT_CODE=OFF -DTHIRDPARTY=ON -DBUILD_SHARED_LIBS=OFF -DBUILD_TESTING=OFF -DCMAKE_BUILD_TYPE=Debug -DCMAKE_TOOLCHAIN_FILE=/home/neu/Desktop/microros_ws/firmware/freertos_apps/microros_nucleo_f446ze_extensions/arm_toolchain.cmake -DCMAKE_VERBOSE_MAKEFILE=ON -DENABLE_TESTING=OFF -DRCUTILS_NO_FILESYSTEM=ON -DRCUTILS_AVOID_DYNAMIC_ALLOCATION=ON -DRCUTILS_NO_64_ATOMIC=ON -DCMAKE_INSTALL_PREFIX=/home/neu/Desktop/microros_ws/firmware/mcu_ws/install/rcutils
[1.520s] Not searching for unused variables given on the command line.
[1.520s] -- The C compiler identification is GNU 8.3.1
[1.521s] -- The CXX compiler identification is GNU 8.3.1
[1.521s] -- Check for working C compiler: /home/neu/Desktop/microros_ws/firmware/freertos_apps/microros_nucleo_f446ze_extensions/../../toolchain/bin/arm-none-eabi-gcc
[1.522s] -- Check for working C compiler: /home/neu/Desktop/microros_ws/firmware/freertos_apps/microros_nucleo_f446ze_extensions/../../toolchain/bin/arm-none-eabi-gcc -- works
[1.522s] -- Detecting C compiler ABI info
[1.522s] -- Detecting C compiler ABI info - done
[1.522s] -- Detecting C compile features
[1.522s] -- Detecting C compile features - done
[1.523s] -- Check for working CXX compiler: /home/neu/Desktop/microros_ws/firmware/freertos_apps/microros_nucleo_f446ze_extensions/../../toolchain/bin/arm-none-eabi-g++
[1.523s] -- Check for working CXX compiler: /home/neu/Desktop/microros_ws/firmware/freertos_apps/microros_nucleo_f446ze_extensions/../../toolchain/bin/arm-none-eabi-g++ -- works
[1.526s] -- Detecting CXX compiler ABI info
[1.527s] -- Detecting CXX compiler ABI info - done
[1.527s] -- Detecting CXX compile features
[1.527s] -- Detecting CXX compile features - done
[1.527s] -- Found ament_cmake_python: 1.3.5 (/home/neu/Desktop/microros_ws/firmware/dev_ws/install/ament_cmake_python/share/ament_cmake_python/cmake)
[1.527s] -- Found ament_cmake_ros: 0.10.0 (/home/neu/Desktop/microros_ws/firmware/dev_ws/install/ament_cmake_ros/share/ament_cmake_ros/cmake)
[1.528s] -- Found Python3: /usr/bin/python3.8 (found version "3.8.10") found components: Interpreter 
[1.920s] -- Configuring done
[1.928s] -- Generating done
[1.929s] -- Build files have been written to: /home/neu/Desktop/microros_ws/firmware/mcu_ws/build/rcutils
[1.934s] Invoked command in '/home/neu/Desktop/microros_ws/firmware/mcu_ws/build/rcutils' returned '0': CMAKE_PREFIX_PATH=${CMAKE_PREFIX_PATH}:/home/neu/Desktop/microros_ws/firmware/dev_ws/install/ament_uncrustify:/home/neu/Desktop/microros_ws/firmware/dev_ws/install/domain_coordinator:/home/neu/Desktop/microros_ws/firmware/dev_ws/install/ament_xmllint:/home/neu/Desktop/microros_ws/firmware/dev_ws/install/ament_pyflakes:/home/neu/Desktop/microros_ws/firmware/dev_ws/install/ament_pycodestyle:/home/neu/Desktop/microros_ws/firmware/dev_ws/install/ament_pep257:/home/neu/Desktop/microros_ws/firmware/dev_ws/install/ament_pclint:/home/neu/Desktop/microros_ws/firmware/dev_ws/install/ament_package:/home/neu/Desktop/microros_ws/firmware/dev_ws/install/ament_mypy:/home/neu/Desktop/microros_ws/firmware/dev_ws/install/ament_lint_cmake:/home/neu/Desktop/microros_ws/firmware/dev_ws/install/ament_flake8:/home/neu/Desktop/microros_ws/firmware/dev_ws/install/ament_copyright:/home/neu/Desktop/microros_ws/firmware/dev_ws/install/ament_lint:/home/neu/Desktop/microros_ws/firmware/dev_ws/install/ament_index_python:/home/neu/Desktop/microros_ws/firmware/dev_ws/install/ament_cpplint:/home/neu/Desktop/microros_ws/firmware/dev_ws/install/ament_cppcheck:/home/neu/Desktop/microros_ws/firmware/dev_ws/install/ament_clang_tidy:/home/neu/Desktop/microros_ws/firmware/dev_ws/install/ament_clang_format /usr/bin/cmake /home/neu/Desktop/microros_ws/firmware/mcu_ws/uros/rcutils --no-warn-unused-cli -DCMAKE_POSITION_INDEPENDENT_CODE=OFF -DTHIRDPARTY=ON -DBUILD_SHARED_LIBS=OFF -DBUILD_TESTING=OFF -DCMAKE_BUILD_TYPE=Debug -DCMAKE_TOOLCHAIN_FILE=/home/neu/Desktop/microros_ws/firmware/freertos_apps/microros_nucleo_f446ze_extensions/arm_toolchain.cmake -DCMAKE_VERBOSE_MAKEFILE=ON -DENABLE_TESTING=OFF -DRCUTILS_NO_FILESYSTEM=ON -DRCUTILS_AVOID_DYNAMIC_ALLOCATION=ON -DRCUTILS_NO_64_ATOMIC=ON -DCMAKE_INSTALL_PREFIX=/home/neu/Desktop/microros_ws/firmware/mcu_ws/install/rcutils
[1.938s] Invoking command in '/home/neu/Desktop/microros_ws/firmware/mcu_ws/build/rcutils': CMAKE_PREFIX_PATH=${CMAKE_PREFIX_PATH}:/home/neu/Desktop/microros_ws/firmware/dev_ws/install/ament_uncrustify:/home/neu/Desktop/microros_ws/firmware/dev_ws/install/domain_coordinator:/home/neu/Desktop/microros_ws/firmware/dev_ws/install/ament_xmllint:/home/neu/Desktop/microros_ws/firmware/dev_ws/install/ament_pyflakes:/home/neu/Desktop/microros_ws/firmware/dev_ws/install/ament_pycodestyle:/home/neu/Desktop/microros_ws/firmware/dev_ws/install/ament_pep257:/home/neu/Desktop/microros_ws/firmware/dev_ws/install/ament_pclint:/home/neu/Desktop/microros_ws/firmware/dev_ws/install/ament_package:/home/neu/Desktop/microros_ws/firmware/dev_ws/install/ament_mypy:/home/neu/Desktop/microros_ws/firmware/dev_ws/install/ament_lint_cmake:/home/neu/Desktop/microros_ws/firmware/dev_ws/install/ament_flake8:/home/neu/Desktop/microros_ws/firmware/dev_ws/install/ament_copyright:/home/neu/Desktop/microros_ws/firmware/dev_ws/install/ament_lint:/home/neu/Desktop/microros_ws/firmware/dev_ws/install/ament_index_python:/home/neu/Desktop/microros_ws/firmware/dev_ws/install/ament_cpplint:/home/neu/Desktop/microros_ws/firmware/dev_ws/install/ament_cppcheck:/home/neu/Desktop/microros_ws/firmware/dev_ws/install/ament_clang_tidy:/home/neu/Desktop/microros_ws/firmware/dev_ws/install/ament_clang_format /usr/bin/cmake --build /home/neu/Desktop/microros_ws/firmware/mcu_ws/build/rcutils -- -j20 -l20
[1.954s] make[1]: Entering directory '/home/neu/Desktop/microros_ws/firmware/mcu_ws/build/rcutils'
[1.955s] /usr/bin/cmake -S/home/neu/Desktop/microros_ws/firmware/mcu_ws/uros/rcutils -B/home/neu/Desktop/microros_ws/firmware/mcu_ws/build/rcutils --check-build-system CMakeFiles/Makefile.cmake 0
[1.963s] /usr/bin/cmake -E cmake_progress_start /home/neu/Desktop/microros_ws/firmware/mcu_ws/build/rcutils/CMakeFiles /home/neu/Desktop/microros_ws/firmware/mcu_ws/build/rcutils/CMakeFiles/progress.marks
[1.969s] /usr/bin/make -f CMakeFiles/Makefile2 all
[1.969s] make[2]: Entering directory '/home/neu/Desktop/microros_ws/firmware/mcu_ws/build/rcutils'
[1.970s] /usr/bin/make -f CMakeFiles/ament_cmake_python_copy_rcutils.dir/build.make CMakeFiles/ament_cmake_python_copy_rcutils.dir/depend
[1.970s] /usr/bin/make -f CMakeFiles/rcutils.dir/build.make CMakeFiles/rcutils.dir/depend
[1.971s] make[3]: Entering directory '/home/neu/Desktop/microros_ws/firmware/mcu_ws/build/rcutils'
[1.971s] cd /home/neu/Desktop/microros_ws/firmware/mcu_ws/build/rcutils && /usr/bin/cmake -E cmake_depends "Unix Makefiles" /home/neu/Desktop/microros_ws/firmware/mcu_ws/uros/rcutils /home/neu/Desktop/microros_ws/firmware/mcu_ws/uros/rcutils /home/neu/Desktop/microros_ws/firmware/mcu_ws/build/rcutils /home/neu/Desktop/microros_ws/firmware/mcu_ws/build/rcutils /home/neu/Desktop/microros_ws/firmware/mcu_ws/build/rcutils/CMakeFiles/ament_cmake_python_copy_rcutils.dir/DependInfo.cmake --color=
[1.978s] make[3]: Entering directory '/home/neu/Desktop/microros_ws/firmware/mcu_ws/build/rcutils'
[1.980s] [  3%] [34m[1mExpanding logging_macros.h.em[0m
[1.983s] Dependee "/home/neu/Desktop/microros_ws/firmware/mcu_ws/build/rcutils/CMakeFiles/ament_cmake_python_copy_rcutils.dir/DependInfo.cmake" is newer than depender "/home/neu/Desktop/microros_ws/firmware/mcu_ws/build/rcutils/CMakeFiles/ament_cmake_python_copy_rcutils.dir/depend.internal".
[1.984s] Dependee "/home/neu/Desktop/microros_ws/firmware/mcu_ws/build/rcutils/CMakeFiles/CMakeDirectoryInformation.cmake" is newer than depender "/home/neu/Desktop/microros_ws/firmware/mcu_ws/build/rcutils/CMakeFiles/ament_cmake_python_copy_rcutils.dir/depend.internal".
[1.984s] [35m[1mScanning dependencies of target ament_cmake_python_copy_rcutils[0m
[1.984s] /usr/bin/cmake -E make_directory include/rcutils
[1.984s] make[3]: Leaving directory '/home/neu/Desktop/microros_ws/firmware/mcu_ws/build/rcutils'
[1.984s] /usr/bin/make -f CMakeFiles/ament_cmake_python_copy_rcutils.dir/build.make CMakeFiles/ament_cmake_python_copy_rcutils.dir/build
[1.984s] make[3]: Entering directory '/home/neu/Desktop/microros_ws/firmware/mcu_ws/build/rcutils'
[1.984s] /usr/bin/cmake -E copy_directory /home/neu/Desktop/microros_ws/firmware/mcu_ws/uros/rcutils/rcutils /home/neu/Desktop/microros_ws/firmware/mcu_ws/build/rcutils/ament_cmake_python/rcutils/rcutils
[1.988s] /usr/bin/python3.8 -c "import em;em.invoke(   [     '-o', 'include/rcutils/logging_macros.h',     '-D', 'rcutils_module_path=\"/home/neu/Desktop/microros_ws/firmware/mcu_ws/uros/rcutils\"',     '/home/neu/Desktop/microros_ws/firmware/mcu_ws/uros/rcutils/resource/logging_macros.h.em'   ] )"
[1.994s] make[3]: Leaving directory '/home/neu/Desktop/microros_ws/firmware/mcu_ws/build/rcutils'
[2.003s] [  3%] Built target ament_cmake_python_copy_rcutils
[2.004s] /usr/bin/make -f CMakeFiles/ament_cmake_python_build_rcutils_egg.dir/build.make CMakeFiles/ament_cmake_python_build_rcutils_egg.dir/depend
[2.005s] make[3]: Entering directory '/home/neu/Desktop/microros_ws/firmware/mcu_ws/build/rcutils'
[2.005s] cd /home/neu/Desktop/microros_ws/firmware/mcu_ws/build/rcutils && /usr/bin/cmake -E cmake_depends "Unix Makefiles" /home/neu/Desktop/microros_ws/firmware/mcu_ws/uros/rcutils /home/neu/Desktop/microros_ws/firmware/mcu_ws/uros/rcutils /home/neu/Desktop/microros_ws/firmware/mcu_ws/build/rcutils /home/neu/Desktop/microros_ws/firmware/mcu_ws/build/rcutils /home/neu/Desktop/microros_ws/firmware/mcu_ws/build/rcutils/CMakeFiles/ament_cmake_python_build_rcutils_egg.dir/DependInfo.cmake --color=
[2.017s] Dependee "/home/neu/Desktop/microros_ws/firmware/mcu_ws/build/rcutils/CMakeFiles/ament_cmake_python_build_rcutils_egg.dir/DependInfo.cmake" is newer than depender "/home/neu/Desktop/microros_ws/firmware/mcu_ws/build/rcutils/CMakeFiles/ament_cmake_python_build_rcutils_egg.dir/depend.internal".
[2.018s] Dependee "/home/neu/Desktop/microros_ws/firmware/mcu_ws/build/rcutils/CMakeFiles/CMakeDirectoryInformation.cmake" is newer than depender "/home/neu/Desktop/microros_ws/firmware/mcu_ws/build/rcutils/CMakeFiles/ament_cmake_python_build_rcutils_egg.dir/depend.internal".
[2.018s] [35m[1mScanning dependencies of target ament_cmake_python_build_rcutils_egg[0m
[2.018s] make[3]: Leaving directory '/home/neu/Desktop/microros_ws/firmware/mcu_ws/build/rcutils'
[2.018s] /usr/bin/make -f CMakeFiles/ament_cmake_python_build_rcutils_egg.dir/build.make CMakeFiles/ament_cmake_python_build_rcutils_egg.dir/build
[2.018s] make[3]: Entering directory '/home/neu/Desktop/microros_ws/firmware/mcu_ws/build/rcutils'
[2.018s] cd /home/neu/Desktop/microros_ws/firmware/mcu_ws/build/rcutils/ament_cmake_python/rcutils && /usr/bin/python3.8 setup.py egg_info
[2.084s] cd /home/neu/Desktop/microros_ws/firmware/mcu_ws/build/rcutils && /usr/bin/cmake -E cmake_depends "Unix Makefiles" /home/neu/Desktop/microros_ws/firmware/mcu_ws/uros/rcutils /home/neu/Desktop/microros_ws/firmware/mcu_ws/uros/rcutils /home/neu/Desktop/microros_ws/firmware/mcu_ws/build/rcutils /home/neu/Desktop/microros_ws/firmware/mcu_ws/build/rcutils /home/neu/Desktop/microros_ws/firmware/mcu_ws/build/rcutils/CMakeFiles/rcutils.dir/DependInfo.cmake --color=
[2.091s] Dependee "/home/neu/Desktop/microros_ws/firmware/mcu_ws/build/rcutils/CMakeFiles/rcutils.dir/DependInfo.cmake" is newer than depender "/home/neu/Desktop/microros_ws/firmware/mcu_ws/build/rcutils/CMakeFiles/rcutils.dir/depend.internal".
[2.091s] Dependee "/home/neu/Desktop/microros_ws/firmware/mcu_ws/build/rcutils/CMakeFiles/CMakeDirectoryInformation.cmake" is newer than depender "/home/neu/Desktop/microros_ws/firmware/mcu_ws/build/rcutils/CMakeFiles/rcutils.dir/depend.internal".
[2.091s] [35m[1mScanning dependencies of target rcutils[0m
[2.097s] make[3]: Leaving directory '/home/neu/Desktop/microros_ws/firmware/mcu_ws/build/rcutils'
[2.097s] /usr/bin/make -f CMakeFiles/rcutils.dir/build.make CMakeFiles/rcutils.dir/build
[2.099s] make[3]: Entering directory '/home/neu/Desktop/microros_ws/firmware/mcu_ws/build/rcutils'
[2.107s] [ 13%] [32mBuilding C object CMakeFiles/rcutils.dir/src/allocator.c.obj[0m
[2.107s] [ 13%] [32mBuilding C object CMakeFiles/rcutils.dir/src/char_array.c.obj[0m
[2.107s] [ 13%] [32mBuilding C object CMakeFiles/rcutils.dir/src/error_handling.c.obj[0m
[2.108s] [ 20%] [32mBuilding C object CMakeFiles/rcutils.dir/src/env.c.obj[0m
[2.108s] [ 20%] [32mBuilding C object CMakeFiles/rcutils.dir/src/array_list.c.obj[0m
[2.108s] [ 27%] [32mBuilding C object CMakeFiles/rcutils.dir/src/filesystem.c.obj[0m
[2.108s] [ 31%] [32mBuilding C object CMakeFiles/rcutils.dir/src/find.c.obj[0m
[2.108s] [ 31%] [32mBuilding C object CMakeFiles/rcutils.dir/src/cmdline_parser.c.obj[0m
[2.108s] [ 34%] [32mBuilding C object CMakeFiles/rcutils.dir/src/format_string.c.obj[0m
[2.109s] /home/neu/Desktop/microros_ws/firmware/freertos_apps/microros_nucleo_f446ze_extensions/../../toolchain/bin/arm-none-eabi-gcc -DRCUTILS_BUILDING_DLL -DROS_PACKAGE_NAME=\"rcutils\" -I/home/neu/Desktop/microros_ws/firmware/mcu_ws/uros/rcutils/include -I/home/neu/Desktop/microros_ws/firmware/mcu_ws/build/rcutils/include  -std=c11 -mcpu=cortex-m4 -mthumb -mfpu=fpv4-sp-d16 -mfloat-abi=hard -DUSE_HAL_DRIVER -DSTM32F446xx -D_TIMEVAL_DEFINED -O0 -Wall -fdata-sections -ffunction-sections  -DCLOCK_MONOTONIC=0 -g   -Wall -Wextra -Wconversion -Wno-sign-conversion -Wpedantic -std=gnu11 -o CMakeFiles/rcutils.dir/src/allocator.c.obj   -c /home/neu/Desktop/microros_ws/firmware/mcu_ws/uros/rcutils/src/allocator.c
[2.109s] /home/neu/Desktop/microros_ws/firmware/freertos_apps/microros_nucleo_f446ze_extensions/../../toolchain/bin/arm-none-eabi-gcc -DRCUTILS_BUILDING_DLL -DROS_PACKAGE_NAME=\"rcutils\" -I/home/neu/Desktop/microros_ws/firmware/mcu_ws/uros/rcutils/include -I/home/neu/Desktop/microros_ws/firmware/mcu_ws/build/rcutils/include  -std=c11 -mcpu=cortex-m4 -mthumb -mfpu=fpv4-sp-d16 -mfloat-abi=hard -DUSE_HAL_DRIVER -DSTM32F446xx -D_TIMEVAL_DEFINED -O0 -Wall -fdata-sections -ffunction-sections  -DCLOCK_MONOTONIC=0 -g   -Wall -Wextra -Wconversion -Wno-sign-conversion -Wpedantic -std=gnu11 -o CMakeFiles/rcutils.dir/src/array_list.c.obj   -c /home/neu/Desktop/microros_ws/firmware/mcu_ws/uros/rcutils/src/array_list.c
[2.109s] /home/neu/Desktop/microros_ws/firmware/freertos_apps/microros_nucleo_f446ze_extensions/../../toolchain/bin/arm-none-eabi-gcc -DRCUTILS_BUILDING_DLL -DROS_PACKAGE_NAME=\"rcutils\" -I/home/neu/Desktop/microros_ws/firmware/mcu_ws/uros/rcutils/include -I/home/neu/Desktop/microros_ws/firmware/mcu_ws/build/rcutils/include  -std=c11 -mcpu=cortex-m4 -mthumb -mfpu=fpv4-sp-d16 -mfloat-abi=hard -DUSE_HAL_DRIVER -DSTM32F446xx -D_TIMEVAL_DEFINED -O0 -Wall -fdata-sections -ffunction-sections  -DCLOCK_MONOTONIC=0 -g   -Wall -Wextra -Wconversion -Wno-sign-conversion -Wpedantic -std=gnu11 -o CMakeFiles/rcutils.dir/src/char_array.c.obj   -c /home/neu/Desktop/microros_ws/firmware/mcu_ws/uros/rcutils/src/char_array.c
[2.109s] /home/neu/Desktop/microros_ws/firmware/freertos_apps/microros_nucleo_f446ze_extensions/../../toolchain/bin/arm-none-eabi-gcc -DRCUTILS_BUILDING_DLL -DROS_PACKAGE_NAME=\"rcutils\" -I/home/neu/Desktop/microros_ws/firmware/mcu_ws/uros/rcutils/include -I/home/neu/Desktop/microros_ws/firmware/mcu_ws/build/rcutils/include  -std=c11 -mcpu=cortex-m4 -mthumb -mfpu=fpv4-sp-d16 -mfloat-abi=hard -DUSE_HAL_DRIVER -DSTM32F446xx -D_TIMEVAL_DEFINED -O0 -Wall -fdata-sections -ffunction-sections  -DCLOCK_MONOTONIC=0 -g   -Wall -Wextra -Wconversion -Wno-sign-conversion -Wpedantic -std=gnu11 -o CMakeFiles/rcutils.dir/src/cmdline_parser.c.obj   -c /home/neu/Desktop/microros_ws/firmware/mcu_ws/uros/rcutils/src/cmdline_parser.c
[2.109s] [ 37%] [32mBuilding C object CMakeFiles/rcutils.dir/src/hash_map.c.obj[0m
[2.109s] /home/neu/Desktop/microros_ws/firmware/freertos_apps/microros_nucleo_f446ze_extensions/../../toolchain/bin/arm-none-eabi-gcc -DRCUTILS_BUILDING_DLL -DROS_PACKAGE_NAME=\"rcutils\" -I/home/neu/Desktop/microros_ws/firmware/mcu_ws/uros/rcutils/include -I/home/neu/Desktop/microros_ws/firmware/mcu_ws/build/rcutils/include  -std=c11 -mcpu=cortex-m4 -mthumb -mfpu=fpv4-sp-d16 -mfloat-abi=hard -DUSE_HAL_DRIVER -DSTM32F446xx -D_TIMEVAL_DEFINED -O0 -Wall -fdata-sections -ffunction-sections  -DCLOCK_MONOTONIC=0 -g   -Wall -Wextra -Wconversion -Wno-sign-conversion -Wpedantic -std=gnu11 -o CMakeFiles/rcutils.dir/src/env.c.obj   -c /home/neu/Desktop/microros_ws/firmware/mcu_ws/uros/rcutils/src/env.c
[2.110s] /home/neu/Desktop/microros_ws/firmware/freertos_apps/microros_nucleo_f446ze_extensions/../../toolchain/bin/arm-none-eabi-gcc -DRCUTILS_BUILDING_DLL -DROS_PACKAGE_NAME=\"rcutils\" -I/home/neu/Desktop/microros_ws/firmware/mcu_ws/uros/rcutils/include -I/home/neu/Desktop/microros_ws/firmware/mcu_ws/build/rcutils/include  -std=c11 -mcpu=cortex-m4 -mthumb -mfpu=fpv4-sp-d16 -mfloat-abi=hard -DUSE_HAL_DRIVER -DSTM32F446xx -D_TIMEVAL_DEFINED -O0 -Wall -fdata-sections -ffunction-sections  -DCLOCK_MONOTONIC=0 -g   -Wall -Wextra -Wconversion -Wno-sign-conversion -Wpedantic -std=gnu11 -o CMakeFiles/rcutils.dir/src/error_handling.c.obj   -c /home/neu/Desktop/microros_ws/firmware/mcu_ws/uros/rcutils/src/error_handling.c
[2.110s] /home/neu/Desktop/microros_ws/firmware/freertos_apps/microros_nucleo_f446ze_extensions/../../toolchain/bin/arm-none-eabi-gcc -DRCUTILS_BUILDING_DLL -DROS_PACKAGE_NAME=\"rcutils\" -I/home/neu/Desktop/microros_ws/firmware/mcu_ws/uros/rcutils/include -I/home/neu/Desktop/microros_ws/firmware/mcu_ws/build/rcutils/include  -std=c11 -mcpu=cortex-m4 -mthumb -mfpu=fpv4-sp-d16 -mfloat-abi=hard -DUSE_HAL_DRIVER -DSTM32F446xx -D_TIMEVAL_DEFINED -O0 -Wall -fdata-sections -ffunction-sections  -DCLOCK_MONOTONIC=0 -g   -Wall -Wextra -Wconversion -Wno-sign-conversion -Wpedantic -std=gnu11 -o CMakeFiles/rcutils.dir/src/filesystem.c.obj   -c /home/neu/Desktop/microros_ws/firmware/mcu_ws/uros/rcutils/src/filesystem.c
[2.110s] [ 41%] [32mBuilding C object CMakeFiles/rcutils.dir/src/logging.c.obj[0m
[2.110s] /home/neu/Desktop/microros_ws/firmware/freertos_apps/microros_nucleo_f446ze_extensions/../../toolchain/bin/arm-none-eabi-gcc -DRCUTILS_BUILDING_DLL -DROS_PACKAGE_NAME=\"rcutils\" -I/home/neu/Desktop/microros_ws/firmware/mcu_ws/uros/rcutils/include -I/home/neu/Desktop/microros_ws/firmware/mcu_ws/build/rcutils/include  -std=c11 -mcpu=cortex-m4 -mthumb -mfpu=fpv4-sp-d16 -mfloat-abi=hard -DUSE_HAL_DRIVER -DSTM32F446xx -D_TIMEVAL_DEFINED -O0 -Wall -fdata-sections -ffunction-sections  -DCLOCK_MONOTONIC=0 -g   -Wall -Wextra -Wconversion -Wno-sign-conversion -Wpedantic -std=gnu11 -o CMakeFiles/rcutils.dir/src/find.c.obj   -c /home/neu/Desktop/microros_ws/firmware/mcu_ws/uros/rcutils/src/find.c
[2.110s] /home/neu/Desktop/microros_ws/firmware/freertos_apps/microros_nucleo_f446ze_extensions/../../toolchain/bin/arm-none-eabi-gcc -DRCUTILS_BUILDING_DLL -DROS_PACKAGE_NAME=\"rcutils\" -I/home/neu/Desktop/microros_ws/firmware/mcu_ws/uros/rcutils/include -I/home/neu/Desktop/microros_ws/firmware/mcu_ws/build/rcutils/include  -std=c11 -mcpu=cortex-m4 -mthumb -mfpu=fpv4-sp-d16 -mfloat-abi=hard -DUSE_HAL_DRIVER -DSTM32F446xx -D_TIMEVAL_DEFINED -O0 -Wall -fdata-sections -ffunction-sections  -DCLOCK_MONOTONIC=0 -g   -Wall -Wextra -Wconversion -Wno-sign-conversion -Wpedantic -std=gnu11 -o CMakeFiles/rcutils.dir/src/format_string.c.obj   -c /home/neu/Desktop/microros_ws/firmware/mcu_ws/uros/rcutils/src/format_string.c
[2.110s] /home/neu/Desktop/microros_ws/firmware/freertos_apps/microros_nucleo_f446ze_extensions/../../toolchain/bin/arm-none-eabi-gcc -DRCUTILS_BUILDING_DLL -DROS_PACKAGE_NAME=\"rcutils\" -I/home/neu/Desktop/microros_ws/firmware/mcu_ws/uros/rcutils/include -I/home/neu/Desktop/microros_ws/firmware/mcu_ws/build/rcutils/include  -std=c11 -mcpu=cortex-m4 -mthumb -mfpu=fpv4-sp-d16 -mfloat-abi=hard -DUSE_HAL_DRIVER -DSTM32F446xx -D_TIMEVAL_DEFINED -O0 -Wall -fdata-sections -ffunction-sections  -DCLOCK_MONOTONIC=0 -g   -Wall -Wextra -Wconversion -Wno-sign-conversion -Wpedantic -std=gnu11 -o CMakeFiles/rcutils.dir/src/hash_map.c.obj   -c /home/neu/Desktop/microros_ws/firmware/mcu_ws/uros/rcutils/src/hash_map.c
[2.111s] /home/neu/Desktop/microros_ws/firmware/freertos_apps/microros_nucleo_f446ze_extensions/../../toolchain/bin/arm-none-eabi-gcc -DRCUTILS_BUILDING_DLL -DROS_PACKAGE_NAME=\"rcutils\" -I/home/neu/Desktop/microros_ws/firmware/mcu_ws/uros/rcutils/include -I/home/neu/Desktop/microros_ws/firmware/mcu_ws/build/rcutils/include  -std=c11 -mcpu=cortex-m4 -mthumb -mfpu=fpv4-sp-d16 -mfloat-abi=hard -DUSE_HAL_DRIVER -DSTM32F446xx -D_TIMEVAL_DEFINED -O0 -Wall -fdata-sections -ffunction-sections  -DCLOCK_MONOTONIC=0 -g   -Wall -Wextra -Wconversion -Wno-sign-conversion -Wpedantic -std=gnu11 -o CMakeFiles/rcutils.dir/src/logging.c.obj   -c /home/neu/Desktop/microros_ws/firmware/mcu_ws/uros/rcutils/src/logging.c
[2.118s] [ 44%] [32mBuilding C object CMakeFiles/rcutils.dir/src/process.c.obj[0m
[2.119s] /home/neu/Desktop/microros_ws/firmware/freertos_apps/microros_nucleo_f446ze_extensions/../../toolchain/bin/arm-none-eabi-gcc -DRCUTILS_BUILDING_DLL -DROS_PACKAGE_NAME=\"rcutils\" -I/home/neu/Desktop/microros_ws/firmware/mcu_ws/uros/rcutils/include -I/home/neu/Desktop/microros_ws/firmware/mcu_ws/build/rcutils/include  -std=c11 -mcpu=cortex-m4 -mthumb -mfpu=fpv4-sp-d16 -mfloat-abi=hard -DUSE_HAL_DRIVER -DSTM32F446xx -D_TIMEVAL_DEFINED -O0 -Wall -fdata-sections -ffunction-sections  -DCLOCK_MONOTONIC=0 -g   -Wall -Wextra -Wconversion -Wno-sign-conversion -Wpedantic -std=gnu11 -o CMakeFiles/rcutils.dir/src/process.c.obj   -c /home/neu/Desktop/microros_ws/firmware/mcu_ws/uros/rcutils/src/process.c
[2.120s] [ 48%] [32mBuilding C object CMakeFiles/rcutils.dir/src/repl_str.c.obj[0m
[2.125s] [ 51%] [32mBuilding C object CMakeFiles/rcutils.dir/src/shared_library.c.obj[0m
[2.126s] /home/neu/Desktop/microros_ws/firmware/freertos_apps/microros_nucleo_f446ze_extensions/../../toolchain/bin/arm-none-eabi-gcc -DRCUTILS_BUILDING_DLL -DROS_PACKAGE_NAME=\"rcutils\" -I/home/neu/Desktop/microros_ws/firmware/mcu_ws/uros/rcutils/include -I/home/neu/Desktop/microros_ws/firmware/mcu_ws/build/rcutils/include  -std=c11 -mcpu=cortex-m4 -mthumb -mfpu=fpv4-sp-d16 -mfloat-abi=hard -DUSE_HAL_DRIVER -DSTM32F446xx -D_TIMEVAL_DEFINED -O0 -Wall -fdata-sections -ffunction-sections  -DCLOCK_MONOTONIC=0 -g   -Wall -Wextra -Wconversion -Wno-sign-conversion -Wpedantic -std=gnu11 -o CMakeFiles/rcutils.dir/src/repl_str.c.obj   -c /home/neu/Desktop/microros_ws/firmware/mcu_ws/uros/rcutils/src/repl_str.c
[2.127s] [ 55%] [32mBuilding C object CMakeFiles/rcutils.dir/src/qsort.c.obj[0m
[2.128s] [ 58%] [32mBuilding C object CMakeFiles/rcutils.dir/src/snprintf.c.obj[0m
[2.128s] /home/neu/Desktop/microros_ws/firmware/freertos_apps/microros_nucleo_f446ze_extensions/../../toolchain/bin/arm-none-eabi-gcc -DRCUTILS_BUILDING_DLL -DROS_PACKAGE_NAME=\"rcutils\" -I/home/neu/Desktop/microros_ws/firmware/mcu_ws/uros/rcutils/include -I/home/neu/Desktop/microros_ws/firmware/mcu_ws/build/rcutils/include  -std=c11 -mcpu=cortex-m4 -mthumb -mfpu=fpv4-sp-d16 -mfloat-abi=hard -DUSE_HAL_DRIVER -DSTM32F446xx -D_TIMEVAL_DEFINED -O0 -Wall -fdata-sections -ffunction-sections  -DCLOCK_MONOTONIC=0 -g   -Wall -Wextra -Wconversion -Wno-sign-conversion -Wpedantic -std=gnu11 -o CMakeFiles/rcutils.dir/src/shared_library.c.obj   -c /home/neu/Desktop/microros_ws/firmware/mcu_ws/uros/rcutils/src/shared_library.c
[2.129s] /home/neu/Desktop/microros_ws/firmware/freertos_apps/microros_nucleo_f446ze_extensions/../../toolchain/bin/arm-none-eabi-gcc -DRCUTILS_BUILDING_DLL -DROS_PACKAGE_NAME=\"rcutils\" -I/home/neu/Desktop/microros_ws/firmware/mcu_ws/uros/rcutils/include -I/home/neu/Desktop/microros_ws/firmware/mcu_ws/build/rcutils/include  -std=c11 -mcpu=cortex-m4 -mthumb -mfpu=fpv4-sp-d16 -mfloat-abi=hard -DUSE_HAL_DRIVER -DSTM32F446xx -D_TIMEVAL_DEFINED -O0 -Wall -fdata-sections -ffunction-sections  -DCLOCK_MONOTONIC=0 -g   -Wall -Wextra -Wconversion -Wno-sign-conversion -Wpedantic -std=gnu11 -o CMakeFiles/rcutils.dir/src/qsort.c.obj   -c /home/neu/Desktop/microros_ws/firmware/mcu_ws/uros/rcutils/src/qsort.c
[2.151s] /home/neu/Desktop/microros_ws/firmware/freertos_apps/microros_nucleo_f446ze_extensions/../../toolchain/bin/arm-none-eabi-gcc -DRCUTILS_BUILDING_DLL -DROS_PACKAGE_NAME=\"rcutils\" -I/home/neu/Desktop/microros_ws/firmware/mcu_ws/uros/rcutils/include -I/home/neu/Desktop/microros_ws/firmware/mcu_ws/build/rcutils/include  -std=c11 -mcpu=cortex-m4 -mthumb -mfpu=fpv4-sp-d16 -mfloat-abi=hard -DUSE_HAL_DRIVER -DSTM32F446xx -D_TIMEVAL_DEFINED -O0 -Wall -fdata-sections -ffunction-sections  -DCLOCK_MONOTONIC=0 -g   -Wall -Wextra -Wconversion -Wno-sign-conversion -Wpedantic -std=gnu11 -o CMakeFiles/rcutils.dir/src/snprintf.c.obj   -c /home/neu/Desktop/microros_ws/firmware/mcu_ws/uros/rcutils/src/snprintf.c
[2.168s] In file included from [01m[K/home/neu/Desktop/microros_ws/firmware/mcu_ws/uros/rcutils/src/error_handling.c:35[m[K:
[2.168s] [01m[K/home/neu/Desktop/microros_ws/firmware/mcu_ws/uros/rcutils/src/./error_handling_helpers.h:[m[K In function '[01m[K__rcutils_convert_uint64_t_into_c_str[m[K':
[2.168s] [01m[K/home/neu/Desktop/microros_ws/firmware/mcu_ws/uros/rcutils/src/./error_handling_helpers.h:109:48:[m[K [01;35m[Kwarning: [m[Kunused parameter '[01m[Knumber[m[K' [[01;35m[K-Wunused-parameter[m[K]
[2.168s]  __rcutils_convert_uint64_t_into_c_str([01;35m[Kuint64_t number[m[K, char * buffer, size_t buffer_size)
[2.168s]                                        [01;35m[K~~~~~~~~~^~~~~~[m[K
[2.168s] [01m[K/home/neu/Desktop/microros_ws/firmware/mcu_ws/uros/rcutils/src/./error_handling_helpers.h:109:63:[m[K [01;35m[Kwarning: [m[Kunused parameter '[01m[Kbuffer[m[K' [[01;35m[K-Wunused-parameter[m[K]
[2.169s]  __rcutils_convert_uint64_t_into_c_str(uint64_t number, [01;35m[Kchar * buffer[m[K, size_t buffer_size)
[2.169s]                                                         [01;35m[K~~~~~~~^~~~~~[m[K
[2.169s] [01m[K/home/neu/Desktop/microros_ws/firmware/mcu_ws/uros/rcutils/src/./error_handling_helpers.h:109:78:[m[K [01;35m[Kwarning: [m[Kunused parameter '[01m[Kbuffer_size[m[K' [[01;35m[K-Wunused-parameter[m[K]
[2.169s]  __rcutils_convert_uint64_t_into_c_str(uint64_t number, char * buffer, [01;35m[Ksize_t buffer_size[m[K)
[2.169s]                                                                        [01;35m[K~~~~~~~^~~~~~~~~~~[m[K
[2.169s] [01m[K/home/neu/Desktop/microros_ws/firmware/mcu_ws/uros/rcutils/src/./error_handling_helpers.h:[m[K In function '[01m[K__rcutils_format_error_string[m[K':
[2.169s] [01m[K/home/neu/Desktop/microros_ws/firmware/mcu_ws/uros/rcutils/src/./error_handling_helpers.h:142:28:[m[K [01;35m[Kwarning: [m[Kunused parameter '[01m[Kerror_string[m[K' [[01;35m[K-Wunused-parameter[m[K]
[2.169s]    [01;35m[Krcutils_error_string_t * error_string[m[K,
[2.170s]    [01;35m[K~~~~~~~~~~~~~~~~~~~~~~~~~^~~~~~~~~~~~[m[K
[2.170s] [01m[K/home/neu/Desktop/microros_ws/firmware/mcu_ws/uros/rcutils/src/./error_handling_helpers.h:143:33:[m[K [01;35m[Kwarning: [m[Kunused parameter '[01m[Kerror_state[m[K' [[01;35m[K-Wunused-parameter[m[K]
[2.170s]    [01;35m[Kconst rcutils_error_state_t * error_state[m[K)
[2.170s]    [01;35m[K~~~~~~~~~~~~~~~~~~~~~~~~~~~~~~^~~~~~~~~~~[m[K
[2.173s] [01m[K/home/neu/Desktop/microros_ws/firmware/mcu_ws/uros/rcutils/src/error_handling.c:[m[K In function '[01m[Krcutils_get_error_string[m[K':
[2.173s] [01m[K/home/neu/Desktop/microros_ws/firmware/mcu_ws/uros/rcutils/src/error_handling.c:240:38:[m[K [01;35m[Kwarning: [m[Kinitializer-string for array of chars is too long
[2.173s]      return (rcutils_error_string_t) {[01;35m[K"error not set"[m[K};  // NOLINT(readability/braces)
[2.173s]                                       [01;35m[K^~~~~~~~~~~~~~~[m[K
[2.173s] [01m[K/home/neu/Desktop/microros_ws/firmware/mcu_ws/uros/rcutils/src/error_handling.c:240:38:[m[K [01;36m[Knote: [m[K(near initialization for '[01m[K(anonymous).str[m[K')
[2.177s] In file included from [01m[K/home/neu/Desktop/microros_ws/firmware/mcu_ws/uros/rcutils/src/error_handling.c:35[m[K:
[2.177s] At top level:
[2.177s] [01m[K/home/neu/Desktop/microros_ws/firmware/mcu_ws/uros/rcutils/src/logging.c:[m[K In function '[01m[Krcutils_get_env_var_zero_or_one[m[K':
[2.177s] [01m[K/home/neu/Desktop/microros_ws/firmware/mcu_ws/uros/rcutils/src/logging.c:130:35:[m[K [01;35m[Kwarning: [m[Kunused parameter '[01m[Kzero_semantic[m[K' [[01;35m[K-Wunused-parameter[m[K]
[2.177s]    const char * name, [01;35m[Kconst char * zero_semantic[m[K,
[2.177s]                       [01;35m[K~~~~~~~~~~~~~^~~~~~~~~~~~~[m[K
[2.177s] [01m[K/home/neu/Desktop/microros_ws/firmware/mcu_ws/uros/rcutils/src/logging.c:131:16:[m[K [01;35m[Kwarning: [m[Kunused parameter '[01m[Kone_semantic[m[K' [[01;35m[K-Wunused-parameter[m[K]
[2.177s]    [01;35m[Kconst char * one_semantic[m[K)
[2.177s]    [01;35m[K~~~~~~~~~~~~~^~~~~~~~~~~~[m[K
[2.178s] [01m[K/home/neu/Desktop/microros_ws/firmware/mcu_ws/uros/rcutils/src/./error_handling_helpers.h:109:1:[m[K [01;35m[Kwarning: [m[K'[01m[K__rcutils_convert_uint64_t_into_c_str[m[K' defined but not used [[01;35m[K-Wunused-function[m[K]
[2.178s]  [01;35m[K__rcutils_convert_uint64_t_into_c_str[m[K(uint64_t number, char * buffer, size_t buffer_size)
[2.178s]  [01;35m[K^~~~~~~~~~~~~~~~~~~~~~~~~~~~~~~~~~~~~[m[K
[2.178s] [01m[K/home/neu/Desktop/microros_ws/firmware/mcu_ws/uros/rcutils/src/./error_handling_helpers.h:91:1:[m[K [01;35m[Kwarning: [m[K'[01m[K__rcutils_reverse_str[m[K' defined but not used [[01;35m[K-Wunused-function[m[K]
[2.178s]  [01;35m[K__rcutils_reverse_str[m[K(char * string_in, size_t string_len)
[2.178s]  [01;35m[K^~~~~~~~~~~~~~~~~~~~~[m[K
[2.205s] [ 62%] [32mBuilding C object CMakeFiles/rcutils.dir/src/strcasecmp.c.obj[0m
[2.207s] [ 65%] [32mBuilding C object CMakeFiles/rcutils.dir/src/strdup.c.obj[0m
[2.208s] [ 68%] [32mBuilding C object CMakeFiles/rcutils.dir/src/string_array.c.obj[0m
[2.210s] [ 72%] [32mBuilding C object CMakeFiles/rcutils.dir/src/strerror.c.obj[0m
[2.212s] /home/neu/Desktop/microros_ws/firmware/freertos_apps/microros_nucleo_f446ze_extensions/../../toolchain/bin/arm-none-eabi-gcc -DRCUTILS_BUILDING_DLL -DROS_PACKAGE_NAME=\"rcutils\" -I/home/neu/Desktop/microros_ws/firmware/mcu_ws/uros/rcutils/include -I/home/neu/Desktop/microros_ws/firmware/mcu_ws/build/rcutils/include  -std=c11 -mcpu=cortex-m4 -mthumb -mfpu=fpv4-sp-d16 -mfloat-abi=hard -DUSE_HAL_DRIVER -DSTM32F446xx -D_TIMEVAL_DEFINED -O0 -Wall -fdata-sections -ffunction-sections  -DCLOCK_MONOTONIC=0 -g   -Wall -Wextra -Wconversion -Wno-sign-conversion -Wpedantic -std=gnu11 -o CMakeFiles/rcutils.dir/src/strcasecmp.c.obj   -c /home/neu/Desktop/microros_ws/firmware/mcu_ws/uros/rcutils/src/strcasecmp.c
[2.216s] [ 75%] [32mBuilding C object CMakeFiles/rcutils.dir/src/split.c.obj[0m
[2.217s] /home/neu/Desktop/microros_ws/firmware/freertos_apps/microros_nucleo_f446ze_extensions/../../toolchain/bin/arm-none-eabi-gcc -DRCUTILS_BUILDING_DLL -DROS_PACKAGE_NAME=\"rcutils\" -I/home/neu/Desktop/microros_ws/firmware/mcu_ws/uros/rcutils/include -I/home/neu/Desktop/microros_ws/firmware/mcu_ws/build/rcutils/include  -std=c11 -mcpu=cortex-m4 -mthumb -mfpu=fpv4-sp-d16 -mfloat-abi=hard -DUSE_HAL_DRIVER -DSTM32F446xx -D_TIMEVAL_DEFINED -O0 -Wall -fdata-sections -ffunction-sections  -DCLOCK_MONOTONIC=0 -g   -Wall -Wextra -Wconversion -Wno-sign-conversion -Wpedantic -std=gnu11 -o CMakeFiles/rcutils.dir/src/strdup.c.obj   -c /home/neu/Desktop/microros_ws/firmware/mcu_ws/uros/rcutils/src/strdup.c
[2.217s] /home/neu/Desktop/microros_ws/firmware/freertos_apps/microros_nucleo_f446ze_extensions/../../toolchain/bin/arm-none-eabi-gcc -DRCUTILS_BUILDING_DLL -DROS_PACKAGE_NAME=\"rcutils\" -I/home/neu/Desktop/microros_ws/firmware/mcu_ws/uros/rcutils/include -I/home/neu/Desktop/microros_ws/firmware/mcu_ws/build/rcutils/include  -std=c11 -mcpu=cortex-m4 -mthumb -mfpu=fpv4-sp-d16 -mfloat-abi=hard -DUSE_HAL_DRIVER -DSTM32F446xx -D_TIMEVAL_DEFINED -O0 -Wall -fdata-sections -ffunction-sections  -DCLOCK_MONOTONIC=0 -g   -Wall -Wextra -Wconversion -Wno-sign-conversion -Wpedantic -std=gnu11 -o CMakeFiles/rcutils.dir/src/strerror.c.obj   -c /home/neu/Desktop/microros_ws/firmware/mcu_ws/uros/rcutils/src/strerror.c
[2.217s] [ 79%] [32mBuilding C object CMakeFiles/rcutils.dir/src/string_map.c.obj[0m
[2.219s] /home/neu/Desktop/microros_ws/firmware/freertos_apps/microros_nucleo_f446ze_extensions/../../toolchain/bin/arm-none-eabi-gcc -DRCUTILS_BUILDING_DLL -DROS_PACKAGE_NAME=\"rcutils\" -I/home/neu/Desktop/microros_ws/firmware/mcu_ws/uros/rcutils/include -I/home/neu/Desktop/microros_ws/firmware/mcu_ws/build/rcutils/include  -std=c11 -mcpu=cortex-m4 -mthumb -mfpu=fpv4-sp-d16 -mfloat-abi=hard -DUSE_HAL_DRIVER -DSTM32F446xx -D_TIMEVAL_DEFINED -O0 -Wall -fdata-sections -ffunction-sections  -DCLOCK_MONOTONIC=0 -g   -Wall -Wextra -Wconversion -Wno-sign-conversion -Wpedantic -std=gnu11 -o CMakeFiles/rcutils.dir/src/split.c.obj   -c /home/neu/Desktop/microros_ws/firmware/mcu_ws/uros/rcutils/src/split.c
[2.222s] [ 82%] [32mBuilding C object CMakeFiles/rcutils.dir/src/time.c.obj[0m
[2.223s] [ 86%] [32mBuilding C object CMakeFiles/rcutils.dir/src/testing/fault_injection.c.obj[0m
[2.233s] /home/neu/Desktop/microros_ws/firmware/freertos_apps/microros_nucleo_f446ze_extensions/../../toolchain/bin/arm-none-eabi-gcc -DRCUTILS_BUILDING_DLL -DROS_PACKAGE_NAME=\"rcutils\" -I/home/neu/Desktop/microros_ws/firmware/mcu_ws/uros/rcutils/include -I/home/neu/Desktop/microros_ws/firmware/mcu_ws/build/rcutils/include  -std=c11 -mcpu=cortex-m4 -mthumb -mfpu=fpv4-sp-d16 -mfloat-abi=hard -DUSE_HAL_DRIVER -DSTM32F446xx -D_TIMEVAL_DEFINED -O0 -Wall -fdata-sections -ffunction-sections  -DCLOCK_MONOTONIC=0 -g   -Wall -Wextra -Wconversion -Wno-sign-conversion -Wpedantic -std=gnu11 -o CMakeFiles/rcutils.dir/src/string_array.c.obj   -c /home/neu/Desktop/microros_ws/firmware/mcu_ws/uros/rcutils/src/string_array.c
[2.233s] /home/neu/Desktop/microros_ws/firmware/freertos_apps/microros_nucleo_f446ze_extensions/../../toolchain/bin/arm-none-eabi-gcc -DRCUTILS_BUILDING_DLL -DROS_PACKAGE_NAME=\"rcutils\" -I/home/neu/Desktop/microros_ws/firmware/mcu_ws/uros/rcutils/include -I/home/neu/Desktop/microros_ws/firmware/mcu_ws/build/rcutils/include  -std=c11 -mcpu=cortex-m4 -mthumb -mfpu=fpv4-sp-d16 -mfloat-abi=hard -DUSE_HAL_DRIVER -DSTM32F446xx -D_TIMEVAL_DEFINED -O0 -Wall -fdata-sections -ffunction-sections  -DCLOCK_MONOTONIC=0 -g   -Wall -Wextra -Wconversion -Wno-sign-conversion -Wpedantic -std=gnu11 -o CMakeFiles/rcutils.dir/src/string_map.c.obj   -c /home/neu/Desktop/microros_ws/firmware/mcu_ws/uros/rcutils/src/string_map.c
[2.233s] /home/neu/Desktop/microros_ws/firmware/freertos_apps/microros_nucleo_f446ze_extensions/../../toolchain/bin/arm-none-eabi-gcc -DRCUTILS_BUILDING_DLL -DROS_PACKAGE_NAME=\"rcutils\" -I/home/neu/Desktop/microros_ws/firmware/mcu_ws/uros/rcutils/include -I/home/neu/Desktop/microros_ws/firmware/mcu_ws/build/rcutils/include  -std=c11 -mcpu=cortex-m4 -mthumb -mfpu=fpv4-sp-d16 -mfloat-abi=hard -DUSE_HAL_DRIVER -DSTM32F446xx -D_TIMEVAL_DEFINED -O0 -Wall -fdata-sections -ffunction-sections  -DCLOCK_MONOTONIC=0 -g   -Wall -Wextra -Wconversion -Wno-sign-conversion -Wpedantic -std=gnu11 -o CMakeFiles/rcutils.dir/src/testing/fault_injection.c.obj   -c /home/neu/Desktop/microros_ws/firmware/mcu_ws/uros/rcutils/src/testing/fault_injection.c
[2.233s] /home/neu/Desktop/microros_ws/firmware/freertos_apps/microros_nucleo_f446ze_extensions/../../toolchain/bin/arm-none-eabi-gcc -DRCUTILS_BUILDING_DLL -DROS_PACKAGE_NAME=\"rcutils\" -I/home/neu/Desktop/microros_ws/firmware/mcu_ws/uros/rcutils/include -I/home/neu/Desktop/microros_ws/firmware/mcu_ws/build/rcutils/include  -std=c11 -mcpu=cortex-m4 -mthumb -mfpu=fpv4-sp-d16 -mfloat-abi=hard -DUSE_HAL_DRIVER -DSTM32F446xx -D_TIMEVAL_DEFINED -O0 -Wall -fdata-sections -ffunction-sections  -DCLOCK_MONOTONIC=0 -g   -Wall -Wextra -Wconversion -Wno-sign-conversion -Wpedantic -std=gnu11 -o CMakeFiles/rcutils.dir/src/time.c.obj   -c /home/neu/Desktop/microros_ws/firmware/mcu_ws/uros/rcutils/src/time.c
[2.257s] [ 89%] [32mBuilding C object CMakeFiles/rcutils.dir/src/time_unix.c.obj[0m
[2.258s] /home/neu/Desktop/microros_ws/firmware/freertos_apps/microros_nucleo_f446ze_extensions/../../toolchain/bin/arm-none-eabi-gcc -DRCUTILS_BUILDING_DLL -DROS_PACKAGE_NAME=\"rcutils\" -I/home/neu/Desktop/microros_ws/firmware/mcu_ws/uros/rcutils/include -I/home/neu/Desktop/microros_ws/firmware/mcu_ws/build/rcutils/include  -std=c11 -mcpu=cortex-m4 -mthumb -mfpu=fpv4-sp-d16 -mfloat-abi=hard -DUSE_HAL_DRIVER -DSTM32F446xx -D_TIMEVAL_DEFINED -O0 -Wall -fdata-sections -ffunction-sections  -DCLOCK_MONOTONIC=0 -g   -Wall -Wextra -Wconversion -Wno-sign-conversion -Wpedantic -std=gnu11 -o CMakeFiles/rcutils.dir/src/time_unix.c.obj   -c /home/neu/Desktop/microros_ws/firmware/mcu_ws/uros/rcutils/src/time_unix.c
[2.267s] [ 93%] [32mBuilding C object CMakeFiles/rcutils.dir/src/uint8_array.c.obj[0m
[2.268s] /home/neu/Desktop/microros_ws/firmware/freertos_apps/microros_nucleo_f446ze_extensions/../../toolchain/bin/arm-none-eabi-gcc -DRCUTILS_BUILDING_DLL -DROS_PACKAGE_NAME=\"rcutils\" -I/home/neu/Desktop/microros_ws/firmware/mcu_ws/uros/rcutils/include -I/home/neu/Desktop/microros_ws/firmware/mcu_ws/build/rcutils/include  -std=c11 -mcpu=cortex-m4 -mthumb -mfpu=fpv4-sp-d16 -mfloat-abi=hard -DUSE_HAL_DRIVER -DSTM32F446xx -D_TIMEVAL_DEFINED -O0 -Wall -fdata-sections -ffunction-sections  -DCLOCK_MONOTONIC=0 -g   -Wall -Wextra -Wconversion -Wno-sign-conversion -Wpedantic -std=gnu11 -o CMakeFiles/rcutils.dir/src/uint8_array.c.obj   -c /home/neu/Desktop/microros_ws/firmware/mcu_ws/uros/rcutils/src/uint8_array.c
[2.274s] [ 96%] [32mBuilding C object CMakeFiles/rcutils.dir/src/atomic_64bits.c.obj[0m
[2.275s] /home/neu/Desktop/microros_ws/firmware/freertos_apps/microros_nucleo_f446ze_extensions/../../toolchain/bin/arm-none-eabi-gcc -DRCUTILS_BUILDING_DLL -DROS_PACKAGE_NAME=\"rcutils\" -I/home/neu/Desktop/microros_ws/firmware/mcu_ws/uros/rcutils/include -I/home/neu/Desktop/microros_ws/firmware/mcu_ws/build/rcutils/include  -std=c11 -mcpu=cortex-m4 -mthumb -mfpu=fpv4-sp-d16 -mfloat-abi=hard -DUSE_HAL_DRIVER -DSTM32F446xx -D_TIMEVAL_DEFINED -O0 -Wall -fdata-sections -ffunction-sections  -DCLOCK_MONOTONIC=0 -g   -Wall -Wextra -Wconversion -Wno-sign-conversion -Wpedantic -std=gnu11 -o CMakeFiles/rcutils.dir/src/atomic_64bits.c.obj   -c /home/neu/Desktop/microros_ws/firmware/mcu_ws/uros/rcutils/src/atomic_64bits.c
[2.325s] [01m[K/home/neu/Desktop/microros_ws/firmware/mcu_ws/uros/rcutils/src/time_unix.c:52:4:[m[K [01;35m[Kwarning: [m[K#warning is a GCC extension
[2.326s]  #  [01;35m[Kwarning[m[K no monotonic clock function available
[2.326s]     [01;35m[K^~~~~~~[m[K
[2.326s] [01m[K/home/neu/Desktop/microros_ws/firmware/mcu_ws/uros/rcutils/src/time_unix.c:52:4:[m[K [01;35m[Kwarning: [m[K#warning no monotonic clock function available [[01;35m[K-Wcpp[m[K]
[2.327s] [01m[K/home/neu/Desktop/microros_ws/firmware/mcu_ws/uros/rcutils/src/time_unix.c:[m[K In function '[01m[Krcutils_system_time_now[m[K':
[2.327s] [01m[K/home/neu/Desktop/microros_ws/firmware/mcu_ws/uros/rcutils/src/time_unix.c:74:3:[m[K [01;35m[Kwarning: [m[Kimplicit declaration of function '[01m[Kclock_gettime[m[K'; did you mean '[01m[Klocaltime[m[K'? [[01;35m[K-Wimplicit-function-declaration[m[K]
[2.327s]    [01;35m[Kclock_gettime[m[K(CLOCK_REALTIME, &timespec_now);
[2.327s]    [01;35m[K^~~~~~~~~~~~~[m[K
[2.327s]    [32m[Klocaltime[m[K
[2.347s] [100%] [32m[1mLinking C static library librcutils.a[0m
[2.348s] /usr/bin/cmake -P CMakeFiles/rcutils.dir/cmake_clean_target.cmake
[2.350s] running egg_info
[2.351s] creating rcutils.egg-info
[2.351s] writing rcutils.egg-info/PKG-INFO
[2.351s] writing dependency_links to rcutils.egg-info/dependency_links.txt
[2.351s] writing top-level names to rcutils.egg-info/top_level.txt
[2.352s] writing manifest file 'rcutils.egg-info/SOURCES.txt'
[2.354s] /usr/bin/cmake -E cmake_link_script CMakeFiles/rcutils.dir/link.txt --verbose=1
[2.360s] /home/neu/Desktop/microros_ws/firmware/toolchain/bin/arm-none-eabi-ar qc librcutils.a  CMakeFiles/rcutils.dir/src/allocator.c.obj CMakeFiles/rcutils.dir/src/array_list.c.obj CMakeFiles/rcutils.dir/src/char_array.c.obj CMakeFiles/rcutils.dir/src/cmdline_parser.c.obj CMakeFiles/rcutils.dir/src/env.c.obj CMakeFiles/rcutils.dir/src/error_handling.c.obj CMakeFiles/rcutils.dir/src/filesystem.c.obj CMakeFiles/rcutils.dir/src/find.c.obj CMakeFiles/rcutils.dir/src/format_string.c.obj CMakeFiles/rcutils.dir/src/hash_map.c.obj CMakeFiles/rcutils.dir/src/logging.c.obj CMakeFiles/rcutils.dir/src/process.c.obj CMakeFiles/rcutils.dir/src/qsort.c.obj CMakeFiles/rcutils.dir/src/repl_str.c.obj CMakeFiles/rcutils.dir/src/shared_library.c.obj CMakeFiles/rcutils.dir/src/snprintf.c.obj CMakeFiles/rcutils.dir/src/split.c.obj CMakeFiles/rcutils.dir/src/strcasecmp.c.obj CMakeFiles/rcutils.dir/src/strdup.c.obj CMakeFiles/rcutils.dir/src/strerror.c.obj CMakeFiles/rcutils.dir/src/string_array.c.obj CMakeFiles/rcutils.dir/src/string_map.c.obj CMakeFiles/rcutils.dir/src/testing/fault_injection.c.obj CMakeFiles/rcutils.dir/src/time.c.obj CMakeFiles/rcutils.dir/src/time_unix.c.obj CMakeFiles/rcutils.dir/src/uint8_array.c.obj CMakeFiles/rcutils.dir/src/atomic_64bits.c.obj
[2.362s] /home/neu/Desktop/microros_ws/firmware/toolchain/bin/arm-none-eabi-ranlib librcutils.a
[2.365s] make[3]: Leaving directory '/home/neu/Desktop/microros_ws/firmware/mcu_ws/build/rcutils'
[2.372s] [100%] Built target rcutils
[2.395s] reading manifest file 'rcutils.egg-info/SOURCES.txt'
[2.396s] writing manifest file 'rcutils.egg-info/SOURCES.txt'
[2.416s] make[3]: Leaving directory '/home/neu/Desktop/microros_ws/firmware/mcu_ws/build/rcutils'
[2.424s] [100%] Built target ament_cmake_python_build_rcutils_egg
[2.425s] make[2]: Leaving directory '/home/neu/Desktop/microros_ws/firmware/mcu_ws/build/rcutils'
[2.425s] /usr/bin/cmake -E cmake_progress_start /home/neu/Desktop/microros_ws/firmware/mcu_ws/build/rcutils/CMakeFiles 0
[2.432s] make[1]: Leaving directory '/home/neu/Desktop/microros_ws/firmware/mcu_ws/build/rcutils'
[2.437s] Invoked command in '/home/neu/Desktop/microros_ws/firmware/mcu_ws/build/rcutils' returned '0': CMAKE_PREFIX_PATH=${CMAKE_PREFIX_PATH}:/home/neu/Desktop/microros_ws/firmware/dev_ws/install/ament_uncrustify:/home/neu/Desktop/microros_ws/firmware/dev_ws/install/domain_coordinator:/home/neu/Desktop/microros_ws/firmware/dev_ws/install/ament_xmllint:/home/neu/Desktop/microros_ws/firmware/dev_ws/install/ament_pyflakes:/home/neu/Desktop/microros_ws/firmware/dev_ws/install/ament_pycodestyle:/home/neu/Desktop/microros_ws/firmware/dev_ws/install/ament_pep257:/home/neu/Desktop/microros_ws/firmware/dev_ws/install/ament_pclint:/home/neu/Desktop/microros_ws/firmware/dev_ws/install/ament_package:/home/neu/Desktop/microros_ws/firmware/dev_ws/install/ament_mypy:/home/neu/Desktop/microros_ws/firmware/dev_ws/install/ament_lint_cmake:/home/neu/Desktop/microros_ws/firmware/dev_ws/install/ament_flake8:/home/neu/Desktop/microros_ws/firmware/dev_ws/install/ament_copyright:/home/neu/Desktop/microros_ws/firmware/dev_ws/install/ament_lint:/home/neu/Desktop/microros_ws/firmware/dev_ws/install/ament_index_python:/home/neu/Desktop/microros_ws/firmware/dev_ws/install/ament_cpplint:/home/neu/Desktop/microros_ws/firmware/dev_ws/install/ament_cppcheck:/home/neu/Desktop/microros_ws/firmware/dev_ws/install/ament_clang_tidy:/home/neu/Desktop/microros_ws/firmware/dev_ws/install/ament_clang_format /usr/bin/cmake --build /home/neu/Desktop/microros_ws/firmware/mcu_ws/build/rcutils -- -j20 -l20
[2.696s] Invoking command in '/home/neu/Desktop/microros_ws/firmware/mcu_ws/build/rcutils': CMAKE_PREFIX_PATH=${CMAKE_PREFIX_PATH}:/home/neu/Desktop/microros_ws/firmware/dev_ws/install/ament_uncrustify:/home/neu/Desktop/microros_ws/firmware/dev_ws/install/domain_coordinator:/home/neu/Desktop/microros_ws/firmware/dev_ws/install/ament_xmllint:/home/neu/Desktop/microros_ws/firmware/dev_ws/install/ament_pyflakes:/home/neu/Desktop/microros_ws/firmware/dev_ws/install/ament_pycodestyle:/home/neu/Desktop/microros_ws/firmware/dev_ws/install/ament_pep257:/home/neu/Desktop/microros_ws/firmware/dev_ws/install/ament_pclint:/home/neu/Desktop/microros_ws/firmware/dev_ws/install/ament_package:/home/neu/Desktop/microros_ws/firmware/dev_ws/install/ament_mypy:/home/neu/Desktop/microros_ws/firmware/dev_ws/install/ament_lint_cmake:/home/neu/Desktop/microros_ws/firmware/dev_ws/install/ament_flake8:/home/neu/Desktop/microros_ws/firmware/dev_ws/install/ament_copyright:/home/neu/Desktop/microros_ws/firmware/dev_ws/install/ament_lint:/home/neu/Desktop/microros_ws/firmware/dev_ws/install/ament_index_python:/home/neu/Desktop/microros_ws/firmware/dev_ws/install/ament_cpplint:/home/neu/Desktop/microros_ws/firmware/dev_ws/install/ament_cppcheck:/home/neu/Desktop/microros_ws/firmware/dev_ws/install/ament_clang_tidy:/home/neu/Desktop/microros_ws/firmware/dev_ws/install/ament_clang_format /usr/bin/cmake --install /home/neu/Desktop/microros_ws/firmware/mcu_ws/build/rcutils
[2.870s] -- Install configuration: "Debug"
[2.870s] -- Installing: /home/neu/Desktop/microros_ws/firmware/mcu_ws/install/rcutils/share/rcutils/environment/pythonpath.sh
[2.870s] -- Installing: /home/neu/Desktop/microros_ws/firmware/mcu_ws/install/rcutils/share/rcutils/environment/pythonpath.dsv
[2.870s] -- Installing: /home/neu/Desktop/microros_ws/firmware/mcu_ws/install/rcutils/lib/python3.8/site-packages/rcutils-5.1.3-py3.8.egg-info
[2.870s] -- Installing: /home/neu/Desktop/microros_ws/firmware/mcu_ws/install/rcutils/lib/python3.8/site-packages/rcutils-5.1.3-py3.8.egg-info/SOURCES.txt
[2.871s] -- Installing: /home/neu/Desktop/microros_ws/firmware/mcu_ws/install/rcutils/lib/python3.8/site-packages/rcutils-5.1.3-py3.8.egg-info/top_level.txt
[2.871s] -- Installing: /home/neu/Desktop/microros_ws/firmware/mcu_ws/install/rcutils/lib/python3.8/site-packages/rcutils-5.1.3-py3.8.egg-info/dependency_links.txt
[2.871s] -- Installing: /home/neu/Desktop/microros_ws/firmware/mcu_ws/install/rcutils/lib/python3.8/site-packages/rcutils-5.1.3-py3.8.egg-info/PKG-INFO
[2.871s] -- Installing: /home/neu/Desktop/microros_ws/firmware/mcu_ws/install/rcutils/lib/python3.8/site-packages/rcutils
[2.871s] -- Installing: /home/neu/Desktop/microros_ws/firmware/mcu_ws/install/rcutils/lib/python3.8/site-packages/rcutils/logging.py
[2.871s] -- Installing: /home/neu/Desktop/microros_ws/firmware/mcu_ws/install/rcutils/lib/python3.8/site-packages/rcutils/__init__.py
[2.871s] Listing '/home/neu/Desktop/microros_ws/firmware/mcu_ws/install/rcutils/lib/python3.8/site-packages/rcutils'...
[2.871s] Compiling '/home/neu/Desktop/microros_ws/firmware/mcu_ws/install/rcutils/lib/python3.8/site-packages/rcutils/__init__.py'...
[2.871s] Compiling '/home/neu/Desktop/microros_ws/firmware/mcu_ws/install/rcutils/lib/python3.8/site-packages/rcutils/logging.py'...
[2.871s] -- Installing: /home/neu/Desktop/microros_ws/firmware/mcu_ws/install/rcutils/lib/librcutils.a
[2.871s] -- Installing: /home/neu/Desktop/microros_ws/firmware/mcu_ws/install/rcutils/share/rcutils/environment/library_path.sh
[2.871s] -- Installing: /home/neu/Desktop/microros_ws/firmware/mcu_ws/install/rcutils/share/rcutils/environment/library_path.dsv
[2.871s] -- Installing: /home/neu/Desktop/microros_ws/firmware/mcu_ws/install/rcutils/share/ament_index/resource_index/package_run_dependencies/rcutils
[2.871s] -- Installing: /home/neu/Desktop/microros_ws/firmware/mcu_ws/install/rcutils/share/ament_index/resource_index/parent_prefix_path/rcutils
[2.871s] -- Installing: /home/neu/Desktop/microros_ws/firmware/mcu_ws/install/rcutils/share/rcutils/environment/ament_prefix_path.sh
[2.871s] -- Installing: /home/neu/Desktop/microros_ws/firmware/mcu_ws/install/rcutils/share/rcutils/environment/ament_prefix_path.dsv
[2.871s] -- Installing: /home/neu/Desktop/microros_ws/firmware/mcu_ws/install/rcutils/share/rcutils/environment/path.sh
[2.871s] -- Installing: /home/neu/Desktop/microros_ws/firmware/mcu_ws/install/rcutils/share/rcutils/environment/path.dsv
[2.871s] -- Installing: /home/neu/Desktop/microros_ws/firmware/mcu_ws/install/rcutils/share/rcutils/local_setup.bash
[2.871s] -- Installing: /home/neu/Desktop/microros_ws/firmware/mcu_ws/install/rcutils/share/rcutils/local_setup.sh
[2.871s] -- Installing: /home/neu/Desktop/microros_ws/firmware/mcu_ws/install/rcutils/share/rcutils/local_setup.zsh
[2.871s] -- Installing: /home/neu/Desktop/microros_ws/firmware/mcu_ws/install/rcutils/share/rcutils/local_setup.dsv
[2.871s] -- Installing: /home/neu/Desktop/microros_ws/firmware/mcu_ws/install/rcutils/share/rcutils/package.dsv
[2.871s] -- Installing: /home/neu/Desktop/microros_ws/firmware/mcu_ws/install/rcutils/share/ament_index/resource_index/packages/rcutils
[2.871s] -- Installing: /home/neu/Desktop/microros_ws/firmware/mcu_ws/install/rcutils/share/rcutils/cmake/rcutilsExport.cmake
[2.871s] -- Installing: /home/neu/Desktop/microros_ws/firmware/mcu_ws/install/rcutils/share/rcutils/cmake/rcutilsExport-debug.cmake
[2.871s] -- Installing: /home/neu/Desktop/microros_ws/firmware/mcu_ws/install/rcutils/share/rcutils/cmake/ament_cmake_export_include_directories-extras.cmake
[2.871s] -- Installing: /home/neu/Desktop/microros_ws/firmware/mcu_ws/install/rcutils/share/rcutils/cmake/ament_cmake_export_libraries-extras.cmake
[2.871s] -- Installing: /home/neu/Desktop/microros_ws/firmware/mcu_ws/install/rcutils/share/rcutils/cmake/ament_cmake_export_targets-extras.cmake
[2.871s] -- Installing: /home/neu/Desktop/microros_ws/firmware/mcu_ws/install/rcutils/share/rcutils/cmake/ament_cmake_export_dependencies-extras.cmake
[2.871s] -- Installing: /home/neu/Desktop/microros_ws/firmware/mcu_ws/install/rcutils/share/rcutils/cmake/rcutilsConfig.cmake
[2.872s] -- Installing: /home/neu/Desktop/microros_ws/firmware/mcu_ws/install/rcutils/share/rcutils/cmake/rcutilsConfig-version.cmake
[2.872s] -- Installing: /home/neu/Desktop/microros_ws/firmware/mcu_ws/install/rcutils/share/rcutils/package.xml
[2.872s] -- Installing: /home/neu/Desktop/microros_ws/firmware/mcu_ws/install/rcutils/include/rcutils
[2.872s] -- Installing: /home/neu/Desktop/microros_ws/firmware/mcu_ws/install/rcutils/include/rcutils/rcutils
[2.872s] -- Installing: /home/neu/Desktop/microros_ws/firmware/mcu_ws/install/rcutils/include/rcutils/rcutils/shared_library.h
[2.872s] -- Installing: /home/neu/Desktop/microros_ws/firmware/mcu_ws/install/rcutils/include/rcutils/rcutils/configuration_flags.h.in
[2.872s] -- Installing: /home/neu/Desktop/microros_ws/firmware/mcu_ws/install/rcutils/include/rcutils/rcutils/strcasecmp.h
[2.872s] -- Installing: /home/neu/Desktop/microros_ws/firmware/mcu_ws/install/rcutils/include/rcutils/rcutils/env.h
[2.872s] -- Installing: /home/neu/Desktop/microros_ws/firmware/mcu_ws/install/rcutils/include/rcutils/rcutils/allocator.h
[2.872s] -- Installing: /home/neu/Desktop/microros_ws/firmware/mcu_ws/install/rcutils/include/rcutils/rcutils/split.h
[2.872s] -- Installing: /home/neu/Desktop/microros_ws/firmware/mcu_ws/install/rcutils/include/rcutils/rcutils/qsort.h
[2.872s] -- Installing: /home/neu/Desktop/microros_ws/firmware/mcu_ws/install/rcutils/include/rcutils/rcutils/repl_str.h
[2.872s] -- Installing: /home/neu/Desktop/microros_ws/firmware/mcu_ws/install/rcutils/include/rcutils/rcutils/snprintf.h
[2.872s] -- Installing: /home/neu/Desktop/microros_ws/firmware/mcu_ws/install/rcutils/include/rcutils/rcutils/visibility_control.h
[2.872s] -- Installing: /home/neu/Desktop/microros_ws/firmware/mcu_ws/install/rcutils/include/rcutils/rcutils/find.h
[2.872s] -- Installing: /home/neu/Desktop/microros_ws/firmware/mcu_ws/install/rcutils/include/rcutils/rcutils/stdatomic_helper.h
[2.872s] -- Installing: /home/neu/Desktop/microros_ws/firmware/mcu_ws/install/rcutils/include/rcutils/rcutils/format_string.h
[2.872s] -- Installing: /home/neu/Desktop/microros_ws/firmware/mcu_ws/install/rcutils/include/rcutils/rcutils/stdatomic_helper
[2.872s] -- Installing: /home/neu/Desktop/microros_ws/firmware/mcu_ws/install/rcutils/include/rcutils/rcutils/stdatomic_helper/win32
[2.872s] -- Installing: /home/neu/Desktop/microros_ws/firmware/mcu_ws/install/rcutils/include/rcutils/rcutils/stdatomic_helper/win32/stdatomic.h
[2.872s] -- Installing: /home/neu/Desktop/microros_ws/firmware/mcu_ws/install/rcutils/include/rcutils/rcutils/stdatomic_helper/gcc
[2.872s] -- Installing: /home/neu/Desktop/microros_ws/firmware/mcu_ws/install/rcutils/include/rcutils/rcutils/stdatomic_helper/gcc/stdatomic.h
[2.872s] -- Installing: /home/neu/Desktop/microros_ws/firmware/mcu_ws/install/rcutils/include/rcutils/rcutils/macros.h
[2.872s] -- Installing: /home/neu/Desktop/microros_ws/firmware/mcu_ws/install/rcutils/include/rcutils/rcutils/strdup.h
[2.872s] -- Installing: /home/neu/Desktop/microros_ws/firmware/mcu_ws/install/rcutils/include/rcutils/rcutils/security_directory.h
[2.872s] -- Installing: /home/neu/Desktop/microros_ws/firmware/mcu_ws/install/rcutils/include/rcutils/rcutils/types
[2.872s] -- Installing: /home/neu/Desktop/microros_ws/firmware/mcu_ws/install/rcutils/include/rcutils/rcutils/types/hash_map.h
[2.872s] -- Installing: /home/neu/Desktop/microros_ws/firmware/mcu_ws/install/rcutils/include/rcutils/rcutils/types/string_map.h
[2.872s] -- Installing: /home/neu/Desktop/microros_ws/firmware/mcu_ws/install/rcutils/include/rcutils/rcutils/types/rcutils_ret.h
[2.872s] -- Installing: /home/neu/Desktop/microros_ws/firmware/mcu_ws/install/rcutils/include/rcutils/rcutils/types/char_array.h
[2.872s] -- Installing: /home/neu/Desktop/microros_ws/firmware/mcu_ws/install/rcutils/include/rcutils/rcutils/types/string_array.h
[2.872s] -- Installing: /home/neu/Desktop/microros_ws/firmware/mcu_ws/install/rcutils/include/rcutils/rcutils/types/uint8_array.h
[2.872s] -- Installing: /home/neu/Desktop/microros_ws/firmware/mcu_ws/install/rcutils/include/rcutils/rcutils/types/array_list.h
[2.872s] -- Installing: /home/neu/Desktop/microros_ws/firmware/mcu_ws/install/rcutils/include/rcutils/rcutils/process.h
[2.872s] -- Installing: /home/neu/Desktop/microros_ws/firmware/mcu_ws/install/rcutils/include/rcutils/rcutils/time.h
[2.872s] -- Installing: /home/neu/Desktop/microros_ws/firmware/mcu_ws/install/rcutils/include/rcutils/rcutils/strerror.h
[2.872s] -- Installing: /home/neu/Desktop/microros_ws/firmware/mcu_ws/install/rcutils/include/rcutils/rcutils/testing
[2.872s] -- Installing: /home/neu/Desktop/microros_ws/firmware/mcu_ws/install/rcutils/include/rcutils/rcutils/testing/fault_injection.h
[2.873s] -- Installing: /home/neu/Desktop/microros_ws/firmware/mcu_ws/install/rcutils/include/rcutils/rcutils/visibility_control_macros.h
[2.873s] -- Installing: /home/neu/Desktop/microros_ws/firmware/mcu_ws/install/rcutils/include/rcutils/rcutils/error_handling.h
[2.873s] -- Installing: /home/neu/Desktop/microros_ws/firmware/mcu_ws/install/rcutils/include/rcutils/rcutils/cmdline_parser.h
[2.873s] -- Installing: /home/neu/Desktop/microros_ws/firmware/mcu_ws/install/rcutils/include/rcutils/rcutils/types.h
[2.873s] -- Installing: /home/neu/Desktop/microros_ws/firmware/mcu_ws/install/rcutils/include/rcutils/rcutils/filesystem.h
[2.873s] -- Installing: /home/neu/Desktop/microros_ws/firmware/mcu_ws/install/rcutils/include/rcutils/rcutils/isalnum_no_locale.h
[2.873s] -- Installing: /home/neu/Desktop/microros_ws/firmware/mcu_ws/install/rcutils/include/rcutils/rcutils/logging.h
[2.873s] -- Installing: /home/neu/Desktop/microros_ws/firmware/mcu_ws/install/rcutils/include/rcutils/rcutils/get_env.h
[2.873s] -- Up-to-date: /home/neu/Desktop/microros_ws/firmware/mcu_ws/install/rcutils/include/rcutils
[2.873s] -- Up-to-date: /home/neu/Desktop/microros_ws/firmware/mcu_ws/install/rcutils/include/rcutils/rcutils
[2.873s] -- Installing: /home/neu/Desktop/microros_ws/firmware/mcu_ws/install/rcutils/include/rcutils/rcutils/configuration_flags.h
[2.873s] -- Installing: /home/neu/Desktop/microros_ws/firmware/mcu_ws/install/rcutils/include/rcutils/rcutils/logging_macros.h
[2.927s] Invoked command in '/home/neu/Desktop/microros_ws/firmware/mcu_ws/build/rcutils' returned '0': CMAKE_PREFIX_PATH=${CMAKE_PREFIX_PATH}:/home/neu/Desktop/microros_ws/firmware/dev_ws/install/ament_uncrustify:/home/neu/Desktop/microros_ws/firmware/dev_ws/install/domain_coordinator:/home/neu/Desktop/microros_ws/firmware/dev_ws/install/ament_xmllint:/home/neu/Desktop/microros_ws/firmware/dev_ws/install/ament_pyflakes:/home/neu/Desktop/microros_ws/firmware/dev_ws/install/ament_pycodestyle:/home/neu/Desktop/microros_ws/firmware/dev_ws/install/ament_pep257:/home/neu/Desktop/microros_ws/firmware/dev_ws/install/ament_pclint:/home/neu/Desktop/microros_ws/firmware/dev_ws/install/ament_package:/home/neu/Desktop/microros_ws/firmware/dev_ws/install/ament_mypy:/home/neu/Desktop/microros_ws/firmware/dev_ws/install/ament_lint_cmake:/home/neu/Desktop/microros_ws/firmware/dev_ws/install/ament_flake8:/home/neu/Desktop/microros_ws/firmware/dev_ws/install/ament_copyright:/home/neu/Desktop/microros_ws/firmware/dev_ws/install/ament_lint:/home/neu/Desktop/microros_ws/firmware/dev_ws/install/ament_index_python:/home/neu/Desktop/microros_ws/firmware/dev_ws/install/ament_cpplint:/home/neu/Desktop/microros_ws/firmware/dev_ws/install/ament_cppcheck:/home/neu/Desktop/microros_ws/firmware/dev_ws/install/ament_clang_tidy:/home/neu/Desktop/microros_ws/firmware/dev_ws/install/ament_clang_format /usr/bin/cmake --install /home/neu/Desktop/microros_ws/firmware/mcu_ws/build/rcutils
