
recv_message start (t0): 2229506
recv_message end   (t1): 2231156
read_message end   (t2): 2231794
take_data start    (t3): 2232112
take_data end      (t4): 2232115
Ping received seq : 0  seq length : 10.
subscription_callback end (t5): 2233133
recv_message start (t0): 2429306
recv_message end   (t1): 2431188
read_message end   (t2): 2431826
take_data start    (t3): 2432144
take_data end      (t4): 2432146
Ping received seq : 1  seq length : 10.
subscription_callback end (t5): 2433164
recv_message start (t0): 2629306
recv_message end   (t1): 2631139
read_message end   (t2): 2631777
take_data start    (t3): 2632094
take_data end      (t4): 2632097
Ping received seq : 2  seq length : 10.
subscription_callback end (t5): 2633115
recv_message start (t0): 2829306
recv_message end   (t1): 2831137
read_message end   (t2): 2831774
take_data start    (t3): 2832092
take_data end      (t4): 2832095
Ping received seq : 3  seq length : 10.
subscription_callback end (t5): 2833113
recv_message start (t0): 3029306
recv_message end   (t1): 3031131
read_message end   (t2): 3031769
take_data start    (t3): 3032087
take_data end      (t4): 3032090
Ping received seq : 4  seq length : 10.
subscription_callback end (t5): 3033108
recv_message start (t0): 3231106
recv_message end   (t1): 3231140
read_message end   (t2): 3231777
take_data start    (t3): 3232095
take_data end      (t4): 3232098
Ping received seq : 5  seq length : 10.
subscription_callback end (t5): 3233116
recv_message start (t0): 3429106
recv_message end   (t1): 3431131
read_message end   (t2): 3431769
take_data start    (t3): 3432087
take_data end      (t4): 3432090
Ping received seq : 6  seq length : 10.
subscription_callback end (t5): 3433108
recv_message start (t0): 3629606
recv_message end   (t1): 3631112
read_message end   (t2): 3631751
take_data start    (t3): 3632068
take_data end      (t4): 3632071
Ping received seq : 7  seq length : 10.
subscription_callback end (t5): 3633089
recv_message start (t0): 3829606
recv_message end   (t1): 3831140
read_message end   (t2): 3831777
take_data start    (t3): 3832095
take_data end      (t4): 3832098
Ping received seq : 8  seq length : 10.
subscription_callback end (t5): 3833116
recv_message start (t0): 4031006
recv_message end   (t1): 4031132
read_message end   (t2): 4031770
take_data start    (t3): 4032088
take_data end      (t4): 4032091
Ping received seq : 9  seq length : 10.
subscription_callback end (t5): 4033109
recv_message start (t0): 4231106
recv_message end   (t1): 4231120
read_message end   (t2): 4231757
take_data start    (t3): 4232075
take_data end      (t4): 4232078
Ping received seq : 10  seq length : 10.
subscription_callback end (t5): 4233105
recv_message start (t0): 4429506
recv_message end   (t1): 4431098
read_message end   (t2): 4431736
take_data start    (t3): 4432054
take_data end      (t4): 4432056
Ping received seq : 11  seq length : 10.
subscription_callback end (t5): 4433084
recv_message start (t0): 4629206
recv_message end   (t1): 4631114
read_message end   (t2): 4631752
take_data start    (t3): 4632069
take_data end      (t4): 4632072
Ping received seq : 12  seq length : 10.
subscription_callback end (t5): 4633100
recv_message start (t0): 4831005
recv_message end   (t1): 4831106
read_message end   (t2): 4831744
take_data start    (t3): 4832062
take_data end      (t4): 4832065
Ping received seq : 13  seq length : 10.
subscription_callback end (t5): 4833092
recv_message start (t0): 5029506
recv_message end   (t1): 5031117
read_message end   (t2): 5031755
take_data start    (t3): 5032073
take_data end      (t4): 5032076
Ping received seq : 14  seq length : 10.
subscription_callback end (t5): 5033103
recv_message start (t0): 5229506
recv_message end   (t1): 5231104
read_message end   (t2): 5231741
take_data start    (t3): 5232059
take_data end      (t4): 5232062
Ping received seq : 15  seq length : 10.
subscription_callback end (t5): 5233089
recv_message start (t0): 5431106
recv_message end   (t1): 5431112
read_message end   (t2): 5431749
take_data start    (t3): 5432067
take_data end      (t4): 5432070
Ping received seq : 16  seq length : 10.
subscription_callback end (t5): 5433098
recv_message start (t0): 5629506
recv_message end   (t1): 5631097
read_message end   (t2): 5631735
take_data start    (t3): 5632053
take_data end      (t4): 5632056
Ping received seq : 17  seq length : 10.
subscription_callback end (t5): 5633083
recv_message start (t0): 5829506
recv_message end   (t1): 5831104
read_message end   (t2): 5831741
take_data start    (t3): 5832059
take_data end      (t4): 5832062
Ping received seq : 18  seq length : 10.
subscription_callback end (t5): 5833089
recv_message start (t0): 6029506
recv_message end   (t1): 6031077
read_message end   (t2): 6031715
take_data start    (t3): 6032032
take_data end      (t4): 6032035
Ping received seq : 19  seq length : 10.
subscription_callback end (t5): 6033064
recv_message start (t0): 6231006
recv_message end   (t1): 6231080
read_message end   (t2): 6231718
take_data start    (t3): 6232036
take_data end      (t4): 6232039
Ping received seq : 20  seq length : 10.
subscription_callback end (t5): 6233067
recv_message start (t0): 6429606
recv_message end   (t1): 6431078
read_message end   (t2): 6431716
take_data start    (t3): 6432034
take_data end      (t4): 6432037
Ping received seq : 21  seq length : 10.
subscription_callback end (t5): 6433064
recv_message start (t0): 6629506
recv_message end   (t1): 6631083
read_message end   (t2): 6631721
take_data start    (t3): 6632038
take_data end      (t4): 6632041
Ping received seq : 22  seq length : 10.
subscription_callback end (t5): 6633069
recv_message start (t0): 6829006
recv_message end   (t1): 6831092
read_message end   (t2): 6831730
take_data start    (t3): 6832047
take_data end      (t4): 6832051
Ping received seq : 23  seq length : 10.
subscription_callback end (t5): 6833079
recv_message start (t0): 7029606
recv_message end   (t1): 7031052
read_message end   (t2): 7031690
take_data start    (t3): 7032008
take_data end      (t4): 7032011
Ping received seq : 24  seq length : 10.
subscription_callback end (t5): 7033038
recv_message start (t0): 7228906
recv_message end   (t1): 7231076
read_message end   (t2): 7231714
take_data start    (t3): 7232031
take_data end      (t4): 7232034
Ping received seq : 25  seq length : 10.
subscription_callback end (t5): 7233062
recv_message start (t0): 7430906
recv_message end   (t1): 7431070
read_message end   (t2): 7431708
take_data start    (t3): 7432026
take_data end      (t4): 7432029
Ping received seq : 26  seq length : 10.
subscription_callback end (t5): 7433056
recv_message start (t0): 7629806
recv_message end   (t1): 7631054
read_message end   (t2): 7631692
take_data start    (t3): 7632009
take_data end      (t4): 7632012
Ping received seq : 27  seq length : 10.
subscription_callback end (t5): 7633040
recv_message start (t0): 7829606
recv_message end   (t1): 7831069
read_message end   (t2): 7831707
take_data start    (t3): 7832025
take_data end      (t4): 7832027
Ping received seq : 28  seq length : 10.
subscription_callback end (t5): 7833055
recv_message start (t0): 8029806
recv_message end   (t1): 8031057
read_message end   (t2): 8031695
take_data start    (t3): 8032013
take_data end      (t4): 8032016
Ping received seq : 29  seq length : 10.
subscription_callback end (t5): 8033043
recv_message start (t0): 8229006
recv_message end   (t1): 8231052
read_message end   (t2): 8231689
take_data start    (t3): 8232007
take_data end      (t4): 8232010
Ping received seq : 30  seq length : 10.
subscription_callback end (t5): 8233037
recv_message start (t0): 8429606
recv_message end   (t1): 8431062
read_message end   (t2): 8431700
take_data start    (t3): 8432018
take_data end      (t4): 8432020
Ping received seq : 31  seq length : 10.
subscription_callback end (t5): 8433048
recv_message start (t0): 8631005
recv_message end   (t1): 8631053
read_message end   (t2): 8631690
take_data start    (t3): 8632008
take_data end      (t4): 8632011
Ping received seq : 32  seq length : 10.
subscription_callback end (t5): 8633039
recv_message start (t0): 8829806
recv_message end   (t1): 8831038
read_message end   (t2): 8831675
take_data start    (t3): 8831993
take_data end      (t4): 8831996
Ping received seq : 33  seq length : 10.
subscription_callback end (t5): 8833023
recv_message start (t0): 9029006
recv_message end   (t1): 9031046
read_message end   (t2): 9031684
take_data start    (t3): 9032002
take_data end      (t4): 9032005
Ping received seq : 34  seq length : 10.
subscription_callback end (t5): 9033032
recv_message start (t0): 9229706
recv_message end   (t1): 9231033
read_message end   (t2): 9231670
take_data start    (t3): 9231988
take_data end      (t4): 9231991
Ping received seq : 35  seq length : 10.
subscription_callback end (t5): 9233019
recv_message start (t0): 9429706
recv_message end   (t1): 9431049
read_message end   (t2): 9431686
take_data start    (t3): 9432004
take_data end      (t4): 9432007
Ping received seq : 36  seq length : 10.
subscription_callback end (t5): 9433035
recv_message start (t0): 9629406
recv_message end   (t1): 9631043
read_message end   (t2): 9631681
take_data start    (t3): 9631999
take_data end      (t4): 9632002
Ping received seq : 37  seq length : 10.
subscription_callback end (t5): 9633030

