[1.933s] Invoking command in '/home/neu/Desktop/microros_ws/firmware/mcu_ws/uros/tracetools/tracetools_trace': PYTHONPATH=/home/neu/Desktop/microros_ws/firmware/mcu_ws/build/tracetools_trace/prefix_override:/home/neu/Desktop/microros_ws/firmware/mcu_ws/install/tracetools_trace/lib/python3.8/site-packages:${PYTHONPATH} /usr/bin/python3 setup.py egg_info --egg-base ../../../build/tracetools_trace build --build-base /home/neu/Desktop/microros_ws/firmware/mcu_ws/build/tracetools_trace/build install --record /home/neu/Desktop/microros_ws/firmware/mcu_ws/build/tracetools_trace/install.log --single-version-externally-managed
[2.229s] running egg_info
[2.230s] creating ../../../build/tracetools_trace/tracetools_trace.egg-info
[2.230s] writing ../../../build/tracetools_trace/tracetools_trace.egg-info/PKG-INFO
[2.230s] writing dependency_links to ../../../build/tracetools_trace/tracetools_trace.egg-info/dependency_links.txt
[2.231s] writing entry points to ../../../build/tracetools_trace/tracetools_trace.egg-info/entry_points.txt
[2.231s] writing requirements to ../../../build/tracetools_trace/tracetools_trace.egg-info/requires.txt
[2.231s] writing top-level names to ../../../build/tracetools_trace/tracetools_trace.egg-info/top_level.txt
[2.231s] writing manifest file '../../../build/tracetools_trace/tracetools_trace.egg-info/SOURCES.txt'
[2.274s] reading manifest file '../../../build/tracetools_trace/tracetools_trace.egg-info/SOURCES.txt'
[2.275s] writing manifest file '../../../build/tracetools_trace/tracetools_trace.egg-info/SOURCES.txt'
[2.275s] running build
[2.275s] running build_py
[2.275s] creating /home/neu/Desktop/microros_ws/firmware/mcu_ws/build/tracetools_trace/build
[2.276s] creating /home/neu/Desktop/microros_ws/firmware/mcu_ws/build/tracetools_trace/build/lib
[2.276s] creating /home/neu/Desktop/microros_ws/firmware/mcu_ws/build/tracetools_trace/build/lib/tracetools_trace
[2.276s] copying tracetools_trace/trace.py -> /home/neu/Desktop/microros_ws/firmware/mcu_ws/build/tracetools_trace/build/lib/tracetools_trace
[2.276s] copying tracetools_trace/__init__.py -> /home/neu/Desktop/microros_ws/firmware/mcu_ws/build/tracetools_trace/build/lib/tracetools_trace
[2.276s] creating /home/neu/Desktop/microros_ws/firmware/mcu_ws/build/tracetools_trace/build/lib/tracetools_trace/tools
[2.276s] copying tracetools_trace/tools/lttng_impl.py -> /home/neu/Desktop/microros_ws/firmware/mcu_ws/build/tracetools_trace/build/lib/tracetools_trace/tools
[2.276s] copying tracetools_trace/tools/lttng_stub.py -> /home/neu/Desktop/microros_ws/firmware/mcu_ws/build/tracetools_trace/build/lib/tracetools_trace/tools
[2.276s] copying tracetools_trace/tools/__init__.py -> /home/neu/Desktop/microros_ws/firmware/mcu_ws/build/tracetools_trace/build/lib/tracetools_trace/tools
[2.276s] copying tracetools_trace/tools/path.py -> /home/neu/Desktop/microros_ws/firmware/mcu_ws/build/tracetools_trace/build/lib/tracetools_trace/tools
[2.276s] copying tracetools_trace/tools/args.py -> /home/neu/Desktop/microros_ws/firmware/mcu_ws/build/tracetools_trace/build/lib/tracetools_trace/tools
[2.276s] copying tracetools_trace/tools/names.py -> /home/neu/Desktop/microros_ws/firmware/mcu_ws/build/tracetools_trace/build/lib/tracetools_trace/tools
[2.277s] copying tracetools_trace/tools/lttng.py -> /home/neu/Desktop/microros_ws/firmware/mcu_ws/build/tracetools_trace/build/lib/tracetools_trace/tools
[2.277s] copying tracetools_trace/tools/tracepoints.py -> /home/neu/Desktop/microros_ws/firmware/mcu_ws/build/tracetools_trace/build/lib/tracetools_trace/tools
[2.277s] copying tracetools_trace/tools/signals.py -> /home/neu/Desktop/microros_ws/firmware/mcu_ws/build/tracetools_trace/build/lib/tracetools_trace/tools
[2.277s] running install
[2.279s] running install_lib
[2.280s] creating /home/neu/Desktop/microros_ws/firmware/mcu_ws/install/tracetools_trace/lib/python3.8/site-packages/tracetools_trace
[2.280s] copying /home/neu/Desktop/microros_ws/firmware/mcu_ws/build/tracetools_trace/build/lib/tracetools_trace/trace.py -> /home/neu/Desktop/microros_ws/firmware/mcu_ws/install/tracetools_trace/lib/python3.8/site-packages/tracetools_trace
[2.280s] copying /home/neu/Desktop/microros_ws/firmware/mcu_ws/build/tracetools_trace/build/lib/tracetools_trace/__init__.py -> /home/neu/Desktop/microros_ws/firmware/mcu_ws/install/tracetools_trace/lib/python3.8/site-packages/tracetools_trace
[2.280s] creating /home/neu/Desktop/microros_ws/firmware/mcu_ws/install/tracetools_trace/lib/python3.8/site-packages/tracetools_trace/tools
[2.280s] copying /home/neu/Desktop/microros_ws/firmware/mcu_ws/build/tracetools_trace/build/lib/tracetools_trace/tools/lttng_impl.py -> /home/neu/Desktop/microros_ws/firmware/mcu_ws/install/tracetools_trace/lib/python3.8/site-packages/tracetools_trace/tools
[2.280s] copying /home/neu/Desktop/microros_ws/firmware/mcu_ws/build/tracetools_trace/build/lib/tracetools_trace/tools/lttng_stub.py -> /home/neu/Desktop/microros_ws/firmware/mcu_ws/install/tracetools_trace/lib/python3.8/site-packages/tracetools_trace/tools
[2.280s] copying /home/neu/Desktop/microros_ws/firmware/mcu_ws/build/tracetools_trace/build/lib/tracetools_trace/tools/__init__.py -> /home/neu/Desktop/microros_ws/firmware/mcu_ws/install/tracetools_trace/lib/python3.8/site-packages/tracetools_trace/tools
[2.280s] copying /home/neu/Desktop/microros_ws/firmware/mcu_ws/build/tracetools_trace/build/lib/tracetools_trace/tools/path.py -> /home/neu/Desktop/microros_ws/firmware/mcu_ws/install/tracetools_trace/lib/python3.8/site-packages/tracetools_trace/tools
[2.280s] copying /home/neu/Desktop/microros_ws/firmware/mcu_ws/build/tracetools_trace/build/lib/tracetools_trace/tools/args.py -> /home/neu/Desktop/microros_ws/firmware/mcu_ws/install/tracetools_trace/lib/python3.8/site-packages/tracetools_trace/tools
[2.281s] copying /home/neu/Desktop/microros_ws/firmware/mcu_ws/build/tracetools_trace/build/lib/tracetools_trace/tools/names.py -> /home/neu/Desktop/microros_ws/firmware/mcu_ws/install/tracetools_trace/lib/python3.8/site-packages/tracetools_trace/tools
[2.281s] copying /home/neu/Desktop/microros_ws/firmware/mcu_ws/build/tracetools_trace/build/lib/tracetools_trace/tools/lttng.py -> /home/neu/Desktop/microros_ws/firmware/mcu_ws/install/tracetools_trace/lib/python3.8/site-packages/tracetools_trace/tools
[2.281s] copying /home/neu/Desktop/microros_ws/firmware/mcu_ws/build/tracetools_trace/build/lib/tracetools_trace/tools/tracepoints.py -> /home/neu/Desktop/microros_ws/firmware/mcu_ws/install/tracetools_trace/lib/python3.8/site-packages/tracetools_trace/tools
[2.281s] copying /home/neu/Desktop/microros_ws/firmware/mcu_ws/build/tracetools_trace/build/lib/tracetools_trace/tools/signals.py -> /home/neu/Desktop/microros_ws/firmware/mcu_ws/install/tracetools_trace/lib/python3.8/site-packages/tracetools_trace/tools
[2.282s] byte-compiling /home/neu/Desktop/microros_ws/firmware/mcu_ws/install/tracetools_trace/lib/python3.8/site-packages/tracetools_trace/trace.py to trace.cpython-38.pyc
[2.284s] byte-compiling /home/neu/Desktop/microros_ws/firmware/mcu_ws/install/tracetools_trace/lib/python3.8/site-packages/tracetools_trace/__init__.py to __init__.cpython-38.pyc
[2.284s] byte-compiling /home/neu/Desktop/microros_ws/firmware/mcu_ws/install/tracetools_trace/lib/python3.8/site-packages/tracetools_trace/tools/lttng_impl.py to lttng_impl.cpython-38.pyc
[2.287s] byte-compiling /home/neu/Desktop/microros_ws/firmware/mcu_ws/install/tracetools_trace/lib/python3.8/site-packages/tracetools_trace/tools/lttng_stub.py to lttng_stub.cpython-38.pyc
[2.287s] byte-compiling /home/neu/Desktop/microros_ws/firmware/mcu_ws/install/tracetools_trace/lib/python3.8/site-packages/tracetools_trace/tools/__init__.py to __init__.cpython-38.pyc
[2.287s] byte-compiling /home/neu/Desktop/microros_ws/firmware/mcu_ws/install/tracetools_trace/lib/python3.8/site-packages/tracetools_trace/tools/path.py to path.cpython-38.pyc
[2.287s] byte-compiling /home/neu/Desktop/microros_ws/firmware/mcu_ws/install/tracetools_trace/lib/python3.8/site-packages/tracetools_trace/tools/args.py to args.cpython-38.pyc
[2.288s] byte-compiling /home/neu/Desktop/microros_ws/firmware/mcu_ws/install/tracetools_trace/lib/python3.8/site-packages/tracetools_trace/tools/names.py to names.cpython-38.pyc
[2.288s] byte-compiling /home/neu/Desktop/microros_ws/firmware/mcu_ws/install/tracetools_trace/lib/python3.8/site-packages/tracetools_trace/tools/lttng.py to lttng.cpython-38.pyc
[2.289s] byte-compiling /home/neu/Desktop/microros_ws/firmware/mcu_ws/install/tracetools_trace/lib/python3.8/site-packages/tracetools_trace/tools/tracepoints.py to tracepoints.cpython-38.pyc
[2.289s] byte-compiling /home/neu/Desktop/microros_ws/firmware/mcu_ws/install/tracetools_trace/lib/python3.8/site-packages/tracetools_trace/tools/signals.py to signals.cpython-38.pyc
[2.290s] running install_data
[2.290s] copying package.xml -> /home/neu/Desktop/microros_ws/firmware/mcu_ws/install/tracetools_trace/share/tracetools_trace
[2.290s] creating /home/neu/Desktop/microros_ws/firmware/mcu_ws/install/tracetools_trace/share/ament_index
[2.290s] creating /home/neu/Desktop/microros_ws/firmware/mcu_ws/install/tracetools_trace/share/ament_index/resource_index
[2.291s] creating /home/neu/Desktop/microros_ws/firmware/mcu_ws/install/tracetools_trace/share/ament_index/resource_index/packages
[2.291s] copying resource/tracetools_trace -> /home/neu/Desktop/microros_ws/firmware/mcu_ws/install/tracetools_trace/share/ament_index/resource_index/packages
[2.291s] running install_egg_info
[2.293s] Copying ../../../build/tracetools_trace/tracetools_trace.egg-info to /home/neu/Desktop/microros_ws/firmware/mcu_ws/install/tracetools_trace/lib/python3.8/site-packages/tracetools_trace-4.1.1-py3.8.egg-info
[2.295s] running install_scripts
[2.316s] Installing trace script to /home/neu/Desktop/microros_ws/firmware/mcu_ws/install/tracetools_trace/lib/tracetools_trace
[2.316s] writing list of installed files to '/home/neu/Desktop/microros_ws/firmware/mcu_ws/build/tracetools_trace/install.log'
[2.345s] Invoked command in '/home/neu/Desktop/microros_ws/firmware/mcu_ws/uros/tracetools/tracetools_trace' returned '0': PYTHONPATH=/home/neu/Desktop/microros_ws/firmware/mcu_ws/build/tracetools_trace/prefix_override:/home/neu/Desktop/microros_ws/firmware/mcu_ws/install/tracetools_trace/lib/python3.8/site-packages:${PYTHONPATH} /usr/bin/python3 setup.py egg_info --egg-base ../../../build/tracetools_trace build --build-base /home/neu/Desktop/microros_ws/firmware/mcu_ws/build/tracetools_trace/build install --record /home/neu/Desktop/microros_ws/firmware/mcu_ws/build/tracetools_trace/install.log --single-version-externally-managed
