Not searching for unused variables given on the command line.
-- Found ament_cmake: 1.3.5 (/home/neu/Desktop/microros_ws/firmware/dev_ws/install/ament_cmake/share/ament_cmake/cmake)
-- Found Python3: /usr/bin/python3.8 (found version "3.8.10") found components: Interpreter 
-- Configuring done
-- Generating done
-- Build files have been written to: /home/neu/Desktop/microros_ws/firmware/mcu_ws/build/rosidl_cmake
make[1]: Entering directory '/home/neu/Desktop/microros_ws/firmware/mcu_ws/build/rosidl_cmake'
/usr/bin/cmake -S/home/neu/Desktop/microros_ws/firmware/mcu_ws/ros2/rosidl/rosidl_cmake -B/home/neu/Desktop/microros_ws/firmware/mcu_ws/build/rosidl_cmake --check-build-system CMakeFiles/Makefile.cmake 0
/usr/bin/cmake -E cmake_progress_start /home/neu/Desktop/microros_ws/firmware/mcu_ws/build/rosidl_cmake/CMakeFiles /home/neu/Desktop/microros_ws/firmware/mcu_ws/build/rosidl_cmake/CMakeFiles/progress.marks
/usr/bin/make -f CMakeFiles/Makefile2 all
make[2]: Entering directory '/home/neu/Desktop/microros_ws/firmware/mcu_ws/build/rosidl_cmake'
/usr/bin/make -f CMakeFiles/ament_cmake_python_copy_rosidl_cmake.dir/build.make CMakeFiles/ament_cmake_python_copy_rosidl_cmake.dir/depend
make[3]: Entering directory '/home/neu/Desktop/microros_ws/firmware/mcu_ws/build/rosidl_cmake'
cd /home/neu/Desktop/microros_ws/firmware/mcu_ws/build/rosidl_cmake && /usr/bin/cmake -E cmake_depends "Unix Makefiles" /home/neu/Desktop/microros_ws/firmware/mcu_ws/ros2/rosidl/rosidl_cmake /home/neu/Desktop/microros_ws/firmware/mcu_ws/ros2/rosidl/rosidl_cmake /home/neu/Desktop/microros_ws/firmware/mcu_ws/build/rosidl_cmake /home/neu/Desktop/microros_ws/firmware/mcu_ws/build/rosidl_cmake /home/neu/Desktop/microros_ws/firmware/mcu_ws/build/rosidl_cmake/CMakeFiles/ament_cmake_python_copy_rosidl_cmake.dir/DependInfo.cmake --color=
Dependee "/home/neu/Desktop/microros_ws/firmware/mcu_ws/build/rosidl_cmake/CMakeFiles/ament_cmake_python_copy_rosidl_cmake.dir/DependInfo.cmake" is newer than depender "/home/neu/Desktop/microros_ws/firmware/mcu_ws/build/rosidl_cmake/CMakeFiles/ament_cmake_python_copy_rosidl_cmake.dir/depend.internal".
Dependee "/home/neu/Desktop/microros_ws/firmware/mcu_ws/build/rosidl_cmake/CMakeFiles/CMakeDirectoryInformation.cmake" is newer than depender "/home/neu/Desktop/microros_ws/firmware/mcu_ws/build/rosidl_cmake/CMakeFiles/ament_cmake_python_copy_rosidl_cmake.dir/depend.internal".
[35m[1mScanning dependencies of target ament_cmake_python_copy_rosidl_cmake[0m
make[3]: Leaving directory '/home/neu/Desktop/microros_ws/firmware/mcu_ws/build/rosidl_cmake'
/usr/bin/make -f CMakeFiles/ament_cmake_python_copy_rosidl_cmake.dir/build.make CMakeFiles/ament_cmake_python_copy_rosidl_cmake.dir/build
make[3]: Entering directory '/home/neu/Desktop/microros_ws/firmware/mcu_ws/build/rosidl_cmake'
/usr/bin/cmake -E copy_directory /home/neu/Desktop/microros_ws/firmware/mcu_ws/ros2/rosidl/rosidl_cmake/rosidl_cmake /home/neu/Desktop/microros_ws/firmware/mcu_ws/build/rosidl_cmake/ament_cmake_python/rosidl_cmake/rosidl_cmake
make[3]: Leaving directory '/home/neu/Desktop/microros_ws/firmware/mcu_ws/build/rosidl_cmake'
Built target ament_cmake_python_copy_rosidl_cmake
/usr/bin/make -f CMakeFiles/ament_cmake_python_build_rosidl_cmake_egg.dir/build.make CMakeFiles/ament_cmake_python_build_rosidl_cmake_egg.dir/depend
make[3]: Entering directory '/home/neu/Desktop/microros_ws/firmware/mcu_ws/build/rosidl_cmake'
cd /home/neu/Desktop/microros_ws/firmware/mcu_ws/build/rosidl_cmake && /usr/bin/cmake -E cmake_depends "Unix Makefiles" /home/neu/Desktop/microros_ws/firmware/mcu_ws/ros2/rosidl/rosidl_cmake /home/neu/Desktop/microros_ws/firmware/mcu_ws/ros2/rosidl/rosidl_cmake /home/neu/Desktop/microros_ws/firmware/mcu_ws/build/rosidl_cmake /home/neu/Desktop/microros_ws/firmware/mcu_ws/build/rosidl_cmake /home/neu/Desktop/microros_ws/firmware/mcu_ws/build/rosidl_cmake/CMakeFiles/ament_cmake_python_build_rosidl_cmake_egg.dir/DependInfo.cmake --color=
Dependee "/home/neu/Desktop/microros_ws/firmware/mcu_ws/build/rosidl_cmake/CMakeFiles/ament_cmake_python_build_rosidl_cmake_egg.dir/DependInfo.cmake" is newer than depender "/home/neu/Desktop/microros_ws/firmware/mcu_ws/build/rosidl_cmake/CMakeFiles/ament_cmake_python_build_rosidl_cmake_egg.dir/depend.internal".
Dependee "/home/neu/Desktop/microros_ws/firmware/mcu_ws/build/rosidl_cmake/CMakeFiles/CMakeDirectoryInformation.cmake" is newer than depender "/home/neu/Desktop/microros_ws/firmware/mcu_ws/build/rosidl_cmake/CMakeFiles/ament_cmake_python_build_rosidl_cmake_egg.dir/depend.internal".
[35m[1mScanning dependencies of target ament_cmake_python_build_rosidl_cmake_egg[0m
make[3]: Leaving directory '/home/neu/Desktop/microros_ws/firmware/mcu_ws/build/rosidl_cmake'
/usr/bin/make -f CMakeFiles/ament_cmake_python_build_rosidl_cmake_egg.dir/build.make CMakeFiles/ament_cmake_python_build_rosidl_cmake_egg.dir/build
make[3]: Entering directory '/home/neu/Desktop/microros_ws/firmware/mcu_ws/build/rosidl_cmake'
cd /home/neu/Desktop/microros_ws/firmware/mcu_ws/build/rosidl_cmake/ament_cmake_python/rosidl_cmake && /usr/bin/python3.8 setup.py egg_info
running egg_info
creating rosidl_cmake.egg-info
writing rosidl_cmake.egg-info/PKG-INFO
writing dependency_links to rosidl_cmake.egg-info/dependency_links.txt
writing top-level names to rosidl_cmake.egg-info/top_level.txt
writing manifest file 'rosidl_cmake.egg-info/SOURCES.txt'
reading manifest file 'rosidl_cmake.egg-info/SOURCES.txt'
writing manifest file 'rosidl_cmake.egg-info/SOURCES.txt'
make[3]: Leaving directory '/home/neu/Desktop/microros_ws/firmware/mcu_ws/build/rosidl_cmake'
Built target ament_cmake_python_build_rosidl_cmake_egg
make[2]: Leaving directory '/home/neu/Desktop/microros_ws/firmware/mcu_ws/build/rosidl_cmake'
/usr/bin/cmake -E cmake_progress_start /home/neu/Desktop/microros_ws/firmware/mcu_ws/build/rosidl_cmake/CMakeFiles 0
make[1]: Leaving directory '/home/neu/Desktop/microros_ws/firmware/mcu_ws/build/rosidl_cmake'
-- Install configuration: "Debug"
-- Installing: /home/neu/Desktop/microros_ws/firmware/mcu_ws/install/rosidl_cmake/share/rosidl_cmake/environment/pythonpath.sh
-- Installing: /home/neu/Desktop/microros_ws/firmware/mcu_ws/install/rosidl_cmake/share/rosidl_cmake/environment/pythonpath.dsv
-- Installing: /home/neu/Desktop/microros_ws/firmware/mcu_ws/install/rosidl_cmake/lib/python3.8/site-packages/rosidl_cmake-3.1.5-py3.8.egg-info
-- Installing: /home/neu/Desktop/microros_ws/firmware/mcu_ws/install/rosidl_cmake/lib/python3.8/site-packages/rosidl_cmake-3.1.5-py3.8.egg-info/SOURCES.txt
-- Installing: /home/neu/Desktop/microros_ws/firmware/mcu_ws/install/rosidl_cmake/lib/python3.8/site-packages/rosidl_cmake-3.1.5-py3.8.egg-info/top_level.txt
-- Installing: /home/neu/Desktop/microros_ws/firmware/mcu_ws/install/rosidl_cmake/lib/python3.8/site-packages/rosidl_cmake-3.1.5-py3.8.egg-info/dependency_links.txt
-- Installing: /home/neu/Desktop/microros_ws/firmware/mcu_ws/install/rosidl_cmake/lib/python3.8/site-packages/rosidl_cmake-3.1.5-py3.8.egg-info/PKG-INFO
-- Installing: /home/neu/Desktop/microros_ws/firmware/mcu_ws/install/rosidl_cmake/lib/python3.8/site-packages/rosidl_cmake
-- Installing: /home/neu/Desktop/microros_ws/firmware/mcu_ws/install/rosidl_cmake/lib/python3.8/site-packages/rosidl_cmake/__init__.py
Listing '/home/neu/Desktop/microros_ws/firmware/mcu_ws/install/rosidl_cmake/lib/python3.8/site-packages/rosidl_cmake'...
Compiling '/home/neu/Desktop/microros_ws/firmware/mcu_ws/install/rosidl_cmake/lib/python3.8/site-packages/rosidl_cmake/__init__.py'...
-- Installing: /home/neu/Desktop/microros_ws/firmware/mcu_ws/install/rosidl_cmake/share/ament_index/resource_index/package_run_dependencies/rosidl_cmake
-- Installing: /home/neu/Desktop/microros_ws/firmware/mcu_ws/install/rosidl_cmake/share/ament_index/resource_index/parent_prefix_path/rosidl_cmake
-- Installing: /home/neu/Desktop/microros_ws/firmware/mcu_ws/install/rosidl_cmake/share/rosidl_cmake/environment/ament_prefix_path.sh
-- Installing: /home/neu/Desktop/microros_ws/firmware/mcu_ws/install/rosidl_cmake/share/rosidl_cmake/environment/ament_prefix_path.dsv
-- Installing: /home/neu/Desktop/microros_ws/firmware/mcu_ws/install/rosidl_cmake/share/rosidl_cmake/environment/path.sh
-- Installing: /home/neu/Desktop/microros_ws/firmware/mcu_ws/install/rosidl_cmake/share/rosidl_cmake/environment/path.dsv
-- Installing: /home/neu/Desktop/microros_ws/firmware/mcu_ws/install/rosidl_cmake/share/rosidl_cmake/local_setup.bash
-- Installing: /home/neu/Desktop/microros_ws/firmware/mcu_ws/install/rosidl_cmake/share/rosidl_cmake/local_setup.sh
-- Installing: /home/neu/Desktop/microros_ws/firmware/mcu_ws/install/rosidl_cmake/share/rosidl_cmake/local_setup.zsh
-- Installing: /home/neu/Desktop/microros_ws/firmware/mcu_ws/install/rosidl_cmake/share/rosidl_cmake/local_setup.dsv
-- Installing: /home/neu/Desktop/microros_ws/firmware/mcu_ws/install/rosidl_cmake/share/rosidl_cmake/package.dsv
-- Installing: /home/neu/Desktop/microros_ws/firmware/mcu_ws/install/rosidl_cmake/share/ament_index/resource_index/packages/rosidl_cmake
-- Installing: /home/neu/Desktop/microros_ws/firmware/mcu_ws/install/rosidl_cmake/share/rosidl_cmake/cmake/rosidl_cmake-extras.cmake
-- Installing: /home/neu/Desktop/microros_ws/firmware/mcu_ws/install/rosidl_cmake/share/rosidl_cmake/cmake/rosidl_cmakeConfig.cmake
-- Installing: /home/neu/Desktop/microros_ws/firmware/mcu_ws/install/rosidl_cmake/share/rosidl_cmake/cmake/rosidl_cmakeConfig-version.cmake
-- Installing: /home/neu/Desktop/microros_ws/firmware/mcu_ws/install/rosidl_cmake/share/rosidl_cmake/package.xml
-- Up-to-date: /home/neu/Desktop/microros_ws/firmware/mcu_ws/install/rosidl_cmake/share/rosidl_cmake/cmake
-- Installing: /home/neu/Desktop/microros_ws/firmware/mcu_ws/install/rosidl_cmake/share/rosidl_cmake/cmake/rosidl_target_interfaces.cmake
-- Installing: /home/neu/Desktop/microros_ws/firmware/mcu_ws/install/rosidl_cmake/share/rosidl_cmake/cmake/rosidl_export_typesupport_libraries.cmake
-- Installing: /home/neu/Desktop/microros_ws/firmware/mcu_ws/install/rosidl_cmake/share/rosidl_cmake/cmake/rosidl_generate_interfaces.cmake
-- Installing: /home/neu/Desktop/microros_ws/firmware/mcu_ws/install/rosidl_cmake/share/rosidl_cmake/cmake/string_camel_case_to_lower_case_underscore.cmake
-- Installing: /home/neu/Desktop/microros_ws/firmware/mcu_ws/install/rosidl_cmake/share/rosidl_cmake/cmake/rosidl_cmake_export_typesupport_libraries_package_hook.cmake
-- Installing: /home/neu/Desktop/microros_ws/firmware/mcu_ws/install/rosidl_cmake/share/rosidl_cmake/cmake/rosidl_cmake-extras.cmake.in
-- Installing: /home/neu/Desktop/microros_ws/firmware/mcu_ws/install/rosidl_cmake/share/rosidl_cmake/cmake/rosidl_cmake_export_typesupport_targets_package_hook.cmake
-- Installing: /home/neu/Desktop/microros_ws/firmware/mcu_ws/install/rosidl_cmake/share/rosidl_cmake/cmake/rosidl_get_typesupport_target.cmake
-- Installing: /home/neu/Desktop/microros_ws/firmware/mcu_ws/install/rosidl_cmake/share/rosidl_cmake/cmake/rosidl_write_generator_arguments.cmake
-- Installing: /home/neu/Desktop/microros_ws/firmware/mcu_ws/install/rosidl_cmake/share/rosidl_cmake/cmake/rosidl_cmake_export_typesupport_libraries-extras.cmake.in
-- Installing: /home/neu/Desktop/microros_ws/firmware/mcu_ws/install/rosidl_cmake/share/rosidl_cmake/cmake/rosidl_cmake_export_typesupport_targets-extras.cmake.in
-- Installing: /home/neu/Desktop/microros_ws/firmware/mcu_ws/install/rosidl_cmake/share/rosidl_cmake/cmake/rosidl_cmake_package_hook.cmake
-- Installing: /home/neu/Desktop/microros_ws/firmware/mcu_ws/install/rosidl_cmake/share/rosidl_cmake/cmake/rosidl_export_typesupport_targets.cmake
