running egg_info
creating ../../../build/tracetools_read/tracetools_read.egg-info
writing ../../../build/tracetools_read/tracetools_read.egg-info/PKG-INFO
writing dependency_links to ../../../build/tracetools_read/tracetools_read.egg-info/dependency_links.txt
writing requirements to ../../../build/tracetools_read/tracetools_read.egg-info/requires.txt
writing top-level names to ../../../build/tracetools_read/tracetools_read.egg-info/top_level.txt
writing manifest file '../../../build/tracetools_read/tracetools_read.egg-info/SOURCES.txt'
reading manifest file '../../../build/tracetools_read/tracetools_read.egg-info/SOURCES.txt'
writing manifest file '../../../build/tracetools_read/tracetools_read.egg-info/SOURCES.txt'
running build
running build_py
creating /home/neu/Desktop/microros_ws/firmware/mcu_ws/build/tracetools_read/build
creating /home/neu/Desktop/microros_ws/firmware/mcu_ws/build/tracetools_read/build/lib
creating /home/neu/Desktop/microros_ws/firmware/mcu_ws/build/tracetools_read/build/lib/tracetools_read
copying tracetools_read/trace.py -> /home/neu/Desktop/microros_ws/firmware/mcu_ws/build/tracetools_read/build/lib/tracetools_read
copying tracetools_read/__init__.py -> /home/neu/Desktop/microros_ws/firmware/mcu_ws/build/tracetools_read/build/lib/tracetools_read
running install
running install_lib
creating /home/neu/Desktop/microros_ws/firmware/mcu_ws/install/tracetools_read/lib/python3.8/site-packages/tracetools_read
copying /home/neu/Desktop/microros_ws/firmware/mcu_ws/build/tracetools_read/build/lib/tracetools_read/trace.py -> /home/neu/Desktop/microros_ws/firmware/mcu_ws/install/tracetools_read/lib/python3.8/site-packages/tracetools_read
copying /home/neu/Desktop/microros_ws/firmware/mcu_ws/build/tracetools_read/build/lib/tracetools_read/__init__.py -> /home/neu/Desktop/microros_ws/firmware/mcu_ws/install/tracetools_read/lib/python3.8/site-packages/tracetools_read
byte-compiling /home/neu/Desktop/microros_ws/firmware/mcu_ws/install/tracetools_read/lib/python3.8/site-packages/tracetools_read/trace.py to trace.cpython-38.pyc
byte-compiling /home/neu/Desktop/microros_ws/firmware/mcu_ws/install/tracetools_read/lib/python3.8/site-packages/tracetools_read/__init__.py to __init__.cpython-38.pyc
running install_data
copying package.xml -> /home/neu/Desktop/microros_ws/firmware/mcu_ws/install/tracetools_read/share/tracetools_read
creating /home/neu/Desktop/microros_ws/firmware/mcu_ws/install/tracetools_read/share/ament_index
creating /home/neu/Desktop/microros_ws/firmware/mcu_ws/install/tracetools_read/share/ament_index/resource_index
creating /home/neu/Desktop/microros_ws/firmware/mcu_ws/install/tracetools_read/share/ament_index/resource_index/packages
copying resource/tracetools_read -> /home/neu/Desktop/microros_ws/firmware/mcu_ws/install/tracetools_read/share/ament_index/resource_index/packages
running install_egg_info
Copying ../../../build/tracetools_read/tracetools_read.egg-info to /home/neu/Desktop/microros_ws/firmware/mcu_ws/install/tracetools_read/lib/python3.8/site-packages/tracetools_read-4.1.1-py3.8.egg-info
running install_scripts
writing list of installed files to '/home/neu/Desktop/microros_ws/firmware/mcu_ws/build/tracetools_read/install.log'
