Not searching for unused variables given on the command line.
-- The C compiler identification is GNU 8.3.1
-- Check for working C compiler: /home/neu/Desktop/microros_ws/firmware/freertos_apps/microros_nucleo_f446ze_extensions/../../toolchain/bin/arm-none-eabi-gcc
-- Check for working C compiler: /home/neu/Desktop/microros_ws/firmware/freertos_apps/microros_nucleo_f446ze_extensions/../../toolchain/bin/arm-none-eabi-gcc -- works
-- Detecting C compiler ABI info
-- Detecting C compiler ABI info - done
-- Detecting C compile features
-- Detecting C compile features - done
-- Found ament_cmake_python: 1.3.5 (/home/neu/Desktop/microros_ws/firmware/dev_ws/install/ament_cmake_python/share/ament_cmake_python/cmake)
-- Found ament_cmake_ros: 0.10.0 (/home/neu/Desktop/microros_ws/firmware/dev_ws/install/ament_cmake_ros/share/ament_cmake_ros/cmake)
-- Found Python3: /usr/bin/python3.8 (found version "3.8.10") found components: Interpreter 
-- Configuring done
-- Generating done
-- Build files have been written to: /home/neu/Desktop/microros_ws/firmware/mcu_ws/build/rosidl_generator_c
make[1]: Entering directory '/home/neu/Desktop/microros_ws/firmware/mcu_ws/build/rosidl_generator_c'
/usr/bin/cmake -S/home/neu/Desktop/microros_ws/firmware/mcu_ws/ros2/rosidl/rosidl_generator_c -B/home/neu/Desktop/microros_ws/firmware/mcu_ws/build/rosidl_generator_c --check-build-system CMakeFiles/Makefile.cmake 0
/usr/bin/cmake -E cmake_progress_start /home/neu/Desktop/microros_ws/firmware/mcu_ws/build/rosidl_generator_c/CMakeFiles /home/neu/Desktop/microros_ws/firmware/mcu_ws/build/rosidl_generator_c/CMakeFiles/progress.marks
/usr/bin/make -f CMakeFiles/Makefile2 all
make[2]: Entering directory '/home/neu/Desktop/microros_ws/firmware/mcu_ws/build/rosidl_generator_c'
/usr/bin/make -f CMakeFiles/ament_cmake_python_copy_rosidl_generator_c.dir/build.make CMakeFiles/ament_cmake_python_copy_rosidl_generator_c.dir/depend
/usr/bin/make -f CMakeFiles/ament_cmake_python_copy_rosidl_generator_c_setup.dir/build.make CMakeFiles/ament_cmake_python_copy_rosidl_generator_c_setup.dir/depend
make[3]: Entering directory '/home/neu/Desktop/microros_ws/firmware/mcu_ws/build/rosidl_generator_c'
cd /home/neu/Desktop/microros_ws/firmware/mcu_ws/build/rosidl_generator_c && /usr/bin/cmake -E cmake_depends "Unix Makefiles" /home/neu/Desktop/microros_ws/firmware/mcu_ws/ros2/rosidl/rosidl_generator_c /home/neu/Desktop/microros_ws/firmware/mcu_ws/ros2/rosidl/rosidl_generator_c /home/neu/Desktop/microros_ws/firmware/mcu_ws/build/rosidl_generator_c /home/neu/Desktop/microros_ws/firmware/mcu_ws/build/rosidl_generator_c /home/neu/Desktop/microros_ws/firmware/mcu_ws/build/rosidl_generator_c/CMakeFiles/ament_cmake_python_copy_rosidl_generator_c.dir/DependInfo.cmake --color=
make[3]: Entering directory '/home/neu/Desktop/microros_ws/firmware/mcu_ws/build/rosidl_generator_c'
cd /home/neu/Desktop/microros_ws/firmware/mcu_ws/build/rosidl_generator_c && /usr/bin/cmake -E cmake_depends "Unix Makefiles" /home/neu/Desktop/microros_ws/firmware/mcu_ws/ros2/rosidl/rosidl_generator_c /home/neu/Desktop/microros_ws/firmware/mcu_ws/ros2/rosidl/rosidl_generator_c /home/neu/Desktop/microros_ws/firmware/mcu_ws/build/rosidl_generator_c /home/neu/Desktop/microros_ws/firmware/mcu_ws/build/rosidl_generator_c /home/neu/Desktop/microros_ws/firmware/mcu_ws/build/rosidl_generator_c/CMakeFiles/ament_cmake_python_copy_rosidl_generator_c_setup.dir/DependInfo.cmake --color=
Dependee "/home/neu/Desktop/microros_ws/firmware/mcu_ws/build/rosidl_generator_c/CMakeFiles/ament_cmake_python_copy_rosidl_generator_c_setup.dir/DependInfo.cmake" is newer than depender "/home/neu/Desktop/microros_ws/firmware/mcu_ws/build/rosidl_generator_c/CMakeFiles/ament_cmake_python_copy_rosidl_generator_c_setup.dir/depend.internal".
Dependee "/home/neu/Desktop/microros_ws/firmware/mcu_ws/build/rosidl_generator_c/CMakeFiles/ament_cmake_python_copy_rosidl_generator_c.dir/DependInfo.cmake" is newer than depender "/home/neu/Desktop/microros_ws/firmware/mcu_ws/build/rosidl_generator_c/CMakeFiles/ament_cmake_python_copy_rosidl_generator_c.dir/depend.internal".
Dependee "/home/neu/Desktop/microros_ws/firmware/mcu_ws/build/rosidl_generator_c/CMakeFiles/CMakeDirectoryInformation.cmake" is newer than depender "/home/neu/Desktop/microros_ws/firmware/mcu_ws/build/rosidl_generator_c/CMakeFiles/ament_cmake_python_copy_rosidl_generator_c.dir/depend.internal".
Dependee "/home/neu/Desktop/microros_ws/firmware/mcu_ws/build/rosidl_generator_c/CMakeFiles/CMakeDirectoryInformation.cmake" is newer than depender "/home/neu/Desktop/microros_ws/firmware/mcu_ws/build/rosidl_generator_c/CMakeFiles/ament_cmake_python_copy_rosidl_generator_c_setup.dir/depend.internal".
[35m[1mScanning dependencies of target ament_cmake_python_copy_rosidl_generator_c[0m
[35m[1mScanning dependencies of target ament_cmake_python_copy_rosidl_generator_c_setup[0m
make[3]: Leaving directory '/home/neu/Desktop/microros_ws/firmware/mcu_ws/build/rosidl_generator_c'
make[3]: Leaving directory '/home/neu/Desktop/microros_ws/firmware/mcu_ws/build/rosidl_generator_c'
/usr/bin/make -f CMakeFiles/ament_cmake_python_copy_rosidl_generator_c.dir/build.make CMakeFiles/ament_cmake_python_copy_rosidl_generator_c.dir/build
/usr/bin/make -f CMakeFiles/ament_cmake_python_copy_rosidl_generator_c_setup.dir/build.make CMakeFiles/ament_cmake_python_copy_rosidl_generator_c_setup.dir/build
make[3]: Entering directory '/home/neu/Desktop/microros_ws/firmware/mcu_ws/build/rosidl_generator_c'
make[3]: Entering directory '/home/neu/Desktop/microros_ws/firmware/mcu_ws/build/rosidl_generator_c'
/usr/bin/cmake -E copy_directory /home/neu/Desktop/microros_ws/firmware/mcu_ws/ros2/rosidl/rosidl_generator_c/rosidl_generator_c /home/neu/Desktop/microros_ws/firmware/mcu_ws/build/rosidl_generator_c/ament_cmake_python/rosidl_generator_c/rosidl_generator_c
/usr/bin/cmake -E copy /home/neu/Desktop/microros_ws/firmware/mcu_ws/ros2/rosidl/rosidl_generator_c/setup.cfg /home/neu/Desktop/microros_ws/firmware/mcu_ws/build/rosidl_generator_c/ament_cmake_python/rosidl_generator_c/setup.cfg
make[3]: Leaving directory '/home/neu/Desktop/microros_ws/firmware/mcu_ws/build/rosidl_generator_c'
make[3]: Leaving directory '/home/neu/Desktop/microros_ws/firmware/mcu_ws/build/rosidl_generator_c'
Built target ament_cmake_python_copy_rosidl_generator_c_setup
Built target ament_cmake_python_copy_rosidl_generator_c
/usr/bin/make -f CMakeFiles/ament_cmake_python_build_rosidl_generator_c_egg.dir/build.make CMakeFiles/ament_cmake_python_build_rosidl_generator_c_egg.dir/depend
make[3]: Entering directory '/home/neu/Desktop/microros_ws/firmware/mcu_ws/build/rosidl_generator_c'
cd /home/neu/Desktop/microros_ws/firmware/mcu_ws/build/rosidl_generator_c && /usr/bin/cmake -E cmake_depends "Unix Makefiles" /home/neu/Desktop/microros_ws/firmware/mcu_ws/ros2/rosidl/rosidl_generator_c /home/neu/Desktop/microros_ws/firmware/mcu_ws/ros2/rosidl/rosidl_generator_c /home/neu/Desktop/microros_ws/firmware/mcu_ws/build/rosidl_generator_c /home/neu/Desktop/microros_ws/firmware/mcu_ws/build/rosidl_generator_c /home/neu/Desktop/microros_ws/firmware/mcu_ws/build/rosidl_generator_c/CMakeFiles/ament_cmake_python_build_rosidl_generator_c_egg.dir/DependInfo.cmake --color=
Dependee "/home/neu/Desktop/microros_ws/firmware/mcu_ws/build/rosidl_generator_c/CMakeFiles/ament_cmake_python_build_rosidl_generator_c_egg.dir/DependInfo.cmake" is newer than depender "/home/neu/Desktop/microros_ws/firmware/mcu_ws/build/rosidl_generator_c/CMakeFiles/ament_cmake_python_build_rosidl_generator_c_egg.dir/depend.internal".
Dependee "/home/neu/Desktop/microros_ws/firmware/mcu_ws/build/rosidl_generator_c/CMakeFiles/CMakeDirectoryInformation.cmake" is newer than depender "/home/neu/Desktop/microros_ws/firmware/mcu_ws/build/rosidl_generator_c/CMakeFiles/ament_cmake_python_build_rosidl_generator_c_egg.dir/depend.internal".
[35m[1mScanning dependencies of target ament_cmake_python_build_rosidl_generator_c_egg[0m
make[3]: Leaving directory '/home/neu/Desktop/microros_ws/firmware/mcu_ws/build/rosidl_generator_c'
/usr/bin/make -f CMakeFiles/ament_cmake_python_build_rosidl_generator_c_egg.dir/build.make CMakeFiles/ament_cmake_python_build_rosidl_generator_c_egg.dir/build
make[3]: Entering directory '/home/neu/Desktop/microros_ws/firmware/mcu_ws/build/rosidl_generator_c'
cd /home/neu/Desktop/microros_ws/firmware/mcu_ws/build/rosidl_generator_c/ament_cmake_python/rosidl_generator_c && /usr/bin/python3.8 setup.py egg_info
running egg_info
creating rosidl_generator_c.egg-info
writing rosidl_generator_c.egg-info/PKG-INFO
writing dependency_links to rosidl_generator_c.egg-info/dependency_links.txt
writing entry points to rosidl_generator_c.egg-info/entry_points.txt
writing top-level names to rosidl_generator_c.egg-info/top_level.txt
writing manifest file 'rosidl_generator_c.egg-info/SOURCES.txt'
reading manifest file 'rosidl_generator_c.egg-info/SOURCES.txt'
writing manifest file 'rosidl_generator_c.egg-info/SOURCES.txt'
make[3]: Leaving directory '/home/neu/Desktop/microros_ws/firmware/mcu_ws/build/rosidl_generator_c'
Built target ament_cmake_python_build_rosidl_generator_c_egg
make[2]: Leaving directory '/home/neu/Desktop/microros_ws/firmware/mcu_ws/build/rosidl_generator_c'
/usr/bin/cmake -E cmake_progress_start /home/neu/Desktop/microros_ws/firmware/mcu_ws/build/rosidl_generator_c/CMakeFiles 0
make[1]: Leaving directory '/home/neu/Desktop/microros_ws/firmware/mcu_ws/build/rosidl_generator_c'
-- Install configuration: "Debug"
-- Installing: /home/neu/Desktop/microros_ws/firmware/mcu_ws/install/rosidl_generator_c/share/ament_index/resource_index/rosidl_generator_packages/rosidl_generator_c
-- Installing: /home/neu/Desktop/microros_ws/firmware/mcu_ws/install/rosidl_generator_c/share/rosidl_generator_c/environment/pythonpath.sh
-- Installing: /home/neu/Desktop/microros_ws/firmware/mcu_ws/install/rosidl_generator_c/share/rosidl_generator_c/environment/pythonpath.dsv
-- Installing: /home/neu/Desktop/microros_ws/firmware/mcu_ws/install/rosidl_generator_c/lib/python3.8/site-packages/rosidl_generator_c-3.1.5-py3.8.egg-info
-- Installing: /home/neu/Desktop/microros_ws/firmware/mcu_ws/install/rosidl_generator_c/lib/python3.8/site-packages/rosidl_generator_c-3.1.5-py3.8.egg-info/entry_points.txt
-- Installing: /home/neu/Desktop/microros_ws/firmware/mcu_ws/install/rosidl_generator_c/lib/python3.8/site-packages/rosidl_generator_c-3.1.5-py3.8.egg-info/SOURCES.txt
-- Installing: /home/neu/Desktop/microros_ws/firmware/mcu_ws/install/rosidl_generator_c/lib/python3.8/site-packages/rosidl_generator_c-3.1.5-py3.8.egg-info/top_level.txt
-- Installing: /home/neu/Desktop/microros_ws/firmware/mcu_ws/install/rosidl_generator_c/lib/python3.8/site-packages/rosidl_generator_c-3.1.5-py3.8.egg-info/dependency_links.txt
-- Installing: /home/neu/Desktop/microros_ws/firmware/mcu_ws/install/rosidl_generator_c/lib/python3.8/site-packages/rosidl_generator_c-3.1.5-py3.8.egg-info/PKG-INFO
-- Installing: /home/neu/Desktop/microros_ws/firmware/mcu_ws/install/rosidl_generator_c/lib/python3.8/site-packages/rosidl_generator_c
-- Installing: /home/neu/Desktop/microros_ws/firmware/mcu_ws/install/rosidl_generator_c/lib/python3.8/site-packages/rosidl_generator_c/__init__.py
-- Installing: /home/neu/Desktop/microros_ws/firmware/mcu_ws/install/rosidl_generator_c/lib/python3.8/site-packages/rosidl_generator_c/cli.py
Listing '/home/neu/Desktop/microros_ws/firmware/mcu_ws/install/rosidl_generator_c/lib/python3.8/site-packages/rosidl_generator_c'...
Compiling '/home/neu/Desktop/microros_ws/firmware/mcu_ws/install/rosidl_generator_c/lib/python3.8/site-packages/rosidl_generator_c/__init__.py'...
Compiling '/home/neu/Desktop/microros_ws/firmware/mcu_ws/install/rosidl_generator_c/lib/python3.8/site-packages/rosidl_generator_c/cli.py'...
-- Installing: /home/neu/Desktop/microros_ws/firmware/mcu_ws/install/rosidl_generator_c/share/ament_index/resource_index/package_run_dependencies/rosidl_generator_c
-- Installing: /home/neu/Desktop/microros_ws/firmware/mcu_ws/install/rosidl_generator_c/share/ament_index/resource_index/parent_prefix_path/rosidl_generator_c
-- Installing: /home/neu/Desktop/microros_ws/firmware/mcu_ws/install/rosidl_generator_c/share/rosidl_generator_c/environment/ament_prefix_path.sh
-- Installing: /home/neu/Desktop/microros_ws/firmware/mcu_ws/install/rosidl_generator_c/share/rosidl_generator_c/environment/ament_prefix_path.dsv
-- Installing: /home/neu/Desktop/microros_ws/firmware/mcu_ws/install/rosidl_generator_c/share/rosidl_generator_c/environment/path.sh
-- Installing: /home/neu/Desktop/microros_ws/firmware/mcu_ws/install/rosidl_generator_c/share/rosidl_generator_c/environment/path.dsv
-- Installing: /home/neu/Desktop/microros_ws/firmware/mcu_ws/install/rosidl_generator_c/share/rosidl_generator_c/local_setup.bash
-- Installing: /home/neu/Desktop/microros_ws/firmware/mcu_ws/install/rosidl_generator_c/share/rosidl_generator_c/local_setup.sh
-- Installing: /home/neu/Desktop/microros_ws/firmware/mcu_ws/install/rosidl_generator_c/share/rosidl_generator_c/local_setup.zsh
-- Installing: /home/neu/Desktop/microros_ws/firmware/mcu_ws/install/rosidl_generator_c/share/rosidl_generator_c/local_setup.dsv
-- Installing: /home/neu/Desktop/microros_ws/firmware/mcu_ws/install/rosidl_generator_c/share/rosidl_generator_c/package.dsv
-- Installing: /home/neu/Desktop/microros_ws/firmware/mcu_ws/install/rosidl_generator_c/share/ament_index/resource_index/packages/rosidl_generator_c
-- Installing: /home/neu/Desktop/microros_ws/firmware/mcu_ws/install/rosidl_generator_c/share/rosidl_generator_c/cmake/rosidl_generator_c-extras.cmake
-- Installing: /home/neu/Desktop/microros_ws/firmware/mcu_ws/install/rosidl_generator_c/share/rosidl_generator_c/cmake/ament_cmake_export_dependencies-extras.cmake
-- Installing: /home/neu/Desktop/microros_ws/firmware/mcu_ws/install/rosidl_generator_c/share/rosidl_generator_c/cmake/rosidl_generator_cConfig.cmake
-- Installing: /home/neu/Desktop/microros_ws/firmware/mcu_ws/install/rosidl_generator_c/share/rosidl_generator_c/cmake/rosidl_generator_cConfig-version.cmake
-- Installing: /home/neu/Desktop/microros_ws/firmware/mcu_ws/install/rosidl_generator_c/share/rosidl_generator_c/package.xml
-- Installing: /home/neu/Desktop/microros_ws/firmware/mcu_ws/install/rosidl_generator_c/lib/rosidl_generator_c/rosidl_generator_c
-- Up-to-date: /home/neu/Desktop/microros_ws/firmware/mcu_ws/install/rosidl_generator_c/share/rosidl_generator_c/cmake
-- Installing: /home/neu/Desktop/microros_ws/firmware/mcu_ws/install/rosidl_generator_c/share/rosidl_generator_c/cmake/rosidl_generator_c_generate_interfaces.cmake
-- Installing: /home/neu/Desktop/microros_ws/firmware/mcu_ws/install/rosidl_generator_c/share/rosidl_generator_c/cmake/register_c.cmake
-- Installing: /home/neu/Desktop/microros_ws/firmware/mcu_ws/install/rosidl_generator_c/share/rosidl_generator_c/resource
-- Installing: /home/neu/Desktop/microros_ws/firmware/mcu_ws/install/rosidl_generator_c/share/rosidl_generator_c/resource/idl__functions.c.em
-- Installing: /home/neu/Desktop/microros_ws/firmware/mcu_ws/install/rosidl_generator_c/share/rosidl_generator_c/resource/action__type_support.h.em
-- Installing: /home/neu/Desktop/microros_ws/firmware/mcu_ws/install/rosidl_generator_c/share/rosidl_generator_c/resource/idl__struct.h.em
-- Installing: /home/neu/Desktop/microros_ws/firmware/mcu_ws/install/rosidl_generator_c/share/rosidl_generator_c/resource/msg__functions.h.em
-- Installing: /home/neu/Desktop/microros_ws/firmware/mcu_ws/install/rosidl_generator_c/share/rosidl_generator_c/resource/idl__type_support.h.em
-- Installing: /home/neu/Desktop/microros_ws/firmware/mcu_ws/install/rosidl_generator_c/share/rosidl_generator_c/resource/srv__type_support.h.em
-- Installing: /home/neu/Desktop/microros_ws/firmware/mcu_ws/install/rosidl_generator_c/share/rosidl_generator_c/resource/msg__functions.c.em
-- Installing: /home/neu/Desktop/microros_ws/firmware/mcu_ws/install/rosidl_generator_c/share/rosidl_generator_c/resource/idl.h.em
-- Installing: /home/neu/Desktop/microros_ws/firmware/mcu_ws/install/rosidl_generator_c/share/rosidl_generator_c/resource/msg__type_support.h.em
-- Installing: /home/neu/Desktop/microros_ws/firmware/mcu_ws/install/rosidl_generator_c/share/rosidl_generator_c/resource/idl__functions.h.em
-- Installing: /home/neu/Desktop/microros_ws/firmware/mcu_ws/install/rosidl_generator_c/share/rosidl_generator_c/resource/msg__struct.h.em
-- Installing: /home/neu/Desktop/microros_ws/firmware/mcu_ws/install/rosidl_generator_c/share/rosidl_generator_c/resource/rosidl_generator_c__visibility_control.h.in
