[2.215s] Invoking command in '/home/neu/Desktop/microros_ws/firmware/mcu_ws/ros2/rosidl/rosidl_cli': PYTHONPATH=/home/neu/Desktop/microros_ws/firmware/mcu_ws/build/rosidl_cli/prefix_override:/home/neu/Desktop/microros_ws/firmware/mcu_ws/install/rosidl_cli/lib/python3.8/site-packages:${PYTHONPATH} /usr/bin/python3 setup.py egg_info --egg-base ../../../build/rosidl_cli build --build-base /home/neu/Desktop/microros_ws/firmware/mcu_ws/build/rosidl_cli/build install --record /home/neu/Desktop/microros_ws/firmware/mcu_ws/build/rosidl_cli/install.log --single-version-externally-managed
[2.535s] running egg_info
[2.535s] creating ../../../build/rosidl_cli/rosidl_cli.egg-info
[2.535s] writing ../../../build/rosidl_cli/rosidl_cli.egg-info/PKG-INFO
[2.535s] writing dependency_links to ../../../build/rosidl_cli/rosidl_cli.egg-info/dependency_links.txt
[2.535s] writing entry points to ../../../build/rosidl_cli/rosidl_cli.egg-info/entry_points.txt
[2.535s] writing requirements to ../../../build/rosidl_cli/rosidl_cli.egg-info/requires.txt
[2.535s] writing top-level names to ../../../build/rosidl_cli/rosidl_cli.egg-info/top_level.txt
[2.536s] writing manifest file '../../../build/rosidl_cli/rosidl_cli.egg-info/SOURCES.txt'
[2.558s] reading manifest file '../../../build/rosidl_cli/rosidl_cli.egg-info/SOURCES.txt'
[2.558s] writing manifest file '../../../build/rosidl_cli/rosidl_cli.egg-info/SOURCES.txt'
[2.559s] running build
[2.559s] running build_py
[2.559s] creating /home/neu/Desktop/microros_ws/firmware/mcu_ws/build/rosidl_cli/build
[2.559s] creating /home/neu/Desktop/microros_ws/firmware/mcu_ws/build/rosidl_cli/build/lib
[2.559s] creating /home/neu/Desktop/microros_ws/firmware/mcu_ws/build/rosidl_cli/build/lib/rosidl_cli
[2.559s] copying rosidl_cli/__init__.py -> /home/neu/Desktop/microros_ws/firmware/mcu_ws/build/rosidl_cli/build/lib/rosidl_cli
[2.559s] copying rosidl_cli/entry_points.py -> /home/neu/Desktop/microros_ws/firmware/mcu_ws/build/rosidl_cli/build/lib/rosidl_cli
[2.559s] copying rosidl_cli/cli.py -> /home/neu/Desktop/microros_ws/firmware/mcu_ws/build/rosidl_cli/build/lib/rosidl_cli
[2.559s] copying rosidl_cli/common.py -> /home/neu/Desktop/microros_ws/firmware/mcu_ws/build/rosidl_cli/build/lib/rosidl_cli
[2.559s] copying rosidl_cli/extensions.py -> /home/neu/Desktop/microros_ws/firmware/mcu_ws/build/rosidl_cli/build/lib/rosidl_cli
[2.560s] creating /home/neu/Desktop/microros_ws/firmware/mcu_ws/build/rosidl_cli/build/lib/rosidl_cli/command
[2.560s] copying rosidl_cli/command/__init__.py -> /home/neu/Desktop/microros_ws/firmware/mcu_ws/build/rosidl_cli/build/lib/rosidl_cli/command
[2.560s] copying rosidl_cli/command/helpers.py -> /home/neu/Desktop/microros_ws/firmware/mcu_ws/build/rosidl_cli/build/lib/rosidl_cli/command
[2.560s] creating /home/neu/Desktop/microros_ws/firmware/mcu_ws/build/rosidl_cli/build/lib/rosidl_cli/command/translate
[2.560s] copying rosidl_cli/command/translate/api.py -> /home/neu/Desktop/microros_ws/firmware/mcu_ws/build/rosidl_cli/build/lib/rosidl_cli/command/translate
[2.560s] copying rosidl_cli/command/translate/__init__.py -> /home/neu/Desktop/microros_ws/firmware/mcu_ws/build/rosidl_cli/build/lib/rosidl_cli/command/translate
[2.560s] copying rosidl_cli/command/translate/extensions.py -> /home/neu/Desktop/microros_ws/firmware/mcu_ws/build/rosidl_cli/build/lib/rosidl_cli/command/translate
[2.560s] creating /home/neu/Desktop/microros_ws/firmware/mcu_ws/build/rosidl_cli/build/lib/rosidl_cli/command/generate
[2.560s] copying rosidl_cli/command/generate/api.py -> /home/neu/Desktop/microros_ws/firmware/mcu_ws/build/rosidl_cli/build/lib/rosidl_cli/command/generate
[2.561s] copying rosidl_cli/command/generate/__init__.py -> /home/neu/Desktop/microros_ws/firmware/mcu_ws/build/rosidl_cli/build/lib/rosidl_cli/command/generate
[2.561s] copying rosidl_cli/command/generate/extensions.py -> /home/neu/Desktop/microros_ws/firmware/mcu_ws/build/rosidl_cli/build/lib/rosidl_cli/command/generate
[2.561s] running install
[2.561s] running install_lib
[2.562s] creating /home/neu/Desktop/microros_ws/firmware/mcu_ws/install/rosidl_cli/lib/python3.8/site-packages/rosidl_cli
[2.562s] copying /home/neu/Desktop/microros_ws/firmware/mcu_ws/build/rosidl_cli/build/lib/rosidl_cli/__init__.py -> /home/neu/Desktop/microros_ws/firmware/mcu_ws/install/rosidl_cli/lib/python3.8/site-packages/rosidl_cli
[2.562s] copying /home/neu/Desktop/microros_ws/firmware/mcu_ws/build/rosidl_cli/build/lib/rosidl_cli/entry_points.py -> /home/neu/Desktop/microros_ws/firmware/mcu_ws/install/rosidl_cli/lib/python3.8/site-packages/rosidl_cli
[2.562s] copying /home/neu/Desktop/microros_ws/firmware/mcu_ws/build/rosidl_cli/build/lib/rosidl_cli/cli.py -> /home/neu/Desktop/microros_ws/firmware/mcu_ws/install/rosidl_cli/lib/python3.8/site-packages/rosidl_cli
[2.562s] creating /home/neu/Desktop/microros_ws/firmware/mcu_ws/install/rosidl_cli/lib/python3.8/site-packages/rosidl_cli/command
[2.562s] creating /home/neu/Desktop/microros_ws/firmware/mcu_ws/install/rosidl_cli/lib/python3.8/site-packages/rosidl_cli/command/translate
[2.562s] copying /home/neu/Desktop/microros_ws/firmware/mcu_ws/build/rosidl_cli/build/lib/rosidl_cli/command/translate/api.py -> /home/neu/Desktop/microros_ws/firmware/mcu_ws/install/rosidl_cli/lib/python3.8/site-packages/rosidl_cli/command/translate
[2.562s] copying /home/neu/Desktop/microros_ws/firmware/mcu_ws/build/rosidl_cli/build/lib/rosidl_cli/command/translate/__init__.py -> /home/neu/Desktop/microros_ws/firmware/mcu_ws/install/rosidl_cli/lib/python3.8/site-packages/rosidl_cli/command/translate
[2.562s] copying /home/neu/Desktop/microros_ws/firmware/mcu_ws/build/rosidl_cli/build/lib/rosidl_cli/command/translate/extensions.py -> /home/neu/Desktop/microros_ws/firmware/mcu_ws/install/rosidl_cli/lib/python3.8/site-packages/rosidl_cli/command/translate
[2.562s] copying /home/neu/Desktop/microros_ws/firmware/mcu_ws/build/rosidl_cli/build/lib/rosidl_cli/command/__init__.py -> /home/neu/Desktop/microros_ws/firmware/mcu_ws/install/rosidl_cli/lib/python3.8/site-packages/rosidl_cli/command
[2.562s] creating /home/neu/Desktop/microros_ws/firmware/mcu_ws/install/rosidl_cli/lib/python3.8/site-packages/rosidl_cli/command/generate
[2.563s] copying /home/neu/Desktop/microros_ws/firmware/mcu_ws/build/rosidl_cli/build/lib/rosidl_cli/command/generate/api.py -> /home/neu/Desktop/microros_ws/firmware/mcu_ws/install/rosidl_cli/lib/python3.8/site-packages/rosidl_cli/command/generate
[2.563s] copying /home/neu/Desktop/microros_ws/firmware/mcu_ws/build/rosidl_cli/build/lib/rosidl_cli/command/generate/__init__.py -> /home/neu/Desktop/microros_ws/firmware/mcu_ws/install/rosidl_cli/lib/python3.8/site-packages/rosidl_cli/command/generate
[2.563s] copying /home/neu/Desktop/microros_ws/firmware/mcu_ws/build/rosidl_cli/build/lib/rosidl_cli/command/generate/extensions.py -> /home/neu/Desktop/microros_ws/firmware/mcu_ws/install/rosidl_cli/lib/python3.8/site-packages/rosidl_cli/command/generate
[2.563s] copying /home/neu/Desktop/microros_ws/firmware/mcu_ws/build/rosidl_cli/build/lib/rosidl_cli/command/helpers.py -> /home/neu/Desktop/microros_ws/firmware/mcu_ws/install/rosidl_cli/lib/python3.8/site-packages/rosidl_cli/command
[2.563s] copying /home/neu/Desktop/microros_ws/firmware/mcu_ws/build/rosidl_cli/build/lib/rosidl_cli/common.py -> /home/neu/Desktop/microros_ws/firmware/mcu_ws/install/rosidl_cli/lib/python3.8/site-packages/rosidl_cli
[2.563s] copying /home/neu/Desktop/microros_ws/firmware/mcu_ws/build/rosidl_cli/build/lib/rosidl_cli/extensions.py -> /home/neu/Desktop/microros_ws/firmware/mcu_ws/install/rosidl_cli/lib/python3.8/site-packages/rosidl_cli
[2.563s] byte-compiling /home/neu/Desktop/microros_ws/firmware/mcu_ws/install/rosidl_cli/lib/python3.8/site-packages/rosidl_cli/__init__.py to __init__.cpython-38.pyc
[2.563s] byte-compiling /home/neu/Desktop/microros_ws/firmware/mcu_ws/install/rosidl_cli/lib/python3.8/site-packages/rosidl_cli/entry_points.py to entry_points.cpython-38.pyc
[2.564s] byte-compiling /home/neu/Desktop/microros_ws/firmware/mcu_ws/install/rosidl_cli/lib/python3.8/site-packages/rosidl_cli/cli.py to cli.cpython-38.pyc
[2.564s] byte-compiling /home/neu/Desktop/microros_ws/firmware/mcu_ws/install/rosidl_cli/lib/python3.8/site-packages/rosidl_cli/command/translate/api.py to api.cpython-38.pyc
[2.564s] byte-compiling /home/neu/Desktop/microros_ws/firmware/mcu_ws/install/rosidl_cli/lib/python3.8/site-packages/rosidl_cli/command/translate/__init__.py to __init__.cpython-38.pyc
[2.565s] byte-compiling /home/neu/Desktop/microros_ws/firmware/mcu_ws/install/rosidl_cli/lib/python3.8/site-packages/rosidl_cli/command/translate/extensions.py to extensions.cpython-38.pyc
[2.565s] byte-compiling /home/neu/Desktop/microros_ws/firmware/mcu_ws/install/rosidl_cli/lib/python3.8/site-packages/rosidl_cli/command/__init__.py to __init__.cpython-38.pyc
[2.565s] byte-compiling /home/neu/Desktop/microros_ws/firmware/mcu_ws/install/rosidl_cli/lib/python3.8/site-packages/rosidl_cli/command/generate/api.py to api.cpython-38.pyc
[2.565s] byte-compiling /home/neu/Desktop/microros_ws/firmware/mcu_ws/install/rosidl_cli/lib/python3.8/site-packages/rosidl_cli/command/generate/__init__.py to __init__.cpython-38.pyc
[2.565s] byte-compiling /home/neu/Desktop/microros_ws/firmware/mcu_ws/install/rosidl_cli/lib/python3.8/site-packages/rosidl_cli/command/generate/extensions.py to extensions.cpython-38.pyc
[2.565s] byte-compiling /home/neu/Desktop/microros_ws/firmware/mcu_ws/install/rosidl_cli/lib/python3.8/site-packages/rosidl_cli/command/helpers.py to helpers.cpython-38.pyc
[2.566s] byte-compiling /home/neu/Desktop/microros_ws/firmware/mcu_ws/install/rosidl_cli/lib/python3.8/site-packages/rosidl_cli/common.py to common.cpython-38.pyc
[2.566s] byte-compiling /home/neu/Desktop/microros_ws/firmware/mcu_ws/install/rosidl_cli/lib/python3.8/site-packages/rosidl_cli/extensions.py to extensions.cpython-38.pyc
[2.566s] running install_data
[2.567s] creating /home/neu/Desktop/microros_ws/firmware/mcu_ws/install/rosidl_cli/share/ament_index
[2.567s] creating /home/neu/Desktop/microros_ws/firmware/mcu_ws/install/rosidl_cli/share/ament_index/resource_index
[2.567s] creating /home/neu/Desktop/microros_ws/firmware/mcu_ws/install/rosidl_cli/share/ament_index/resource_index/packages
[2.567s] copying resource/rosidl_cli -> /home/neu/Desktop/microros_ws/firmware/mcu_ws/install/rosidl_cli/share/ament_index/resource_index/packages
[2.567s] copying package.xml -> /home/neu/Desktop/microros_ws/firmware/mcu_ws/install/rosidl_cli/share/rosidl_cli
[2.567s] copying resource/package.dsv -> /home/neu/Desktop/microros_ws/firmware/mcu_ws/install/rosidl_cli/share/rosidl_cli
[2.567s] creating /home/neu/Desktop/microros_ws/firmware/mcu_ws/install/rosidl_cli/share/rosidl_cli/environment
[2.567s] copying completion/rosidl-argcomplete.bash -> /home/neu/Desktop/microros_ws/firmware/mcu_ws/install/rosidl_cli/share/rosidl_cli/environment
[2.567s] copying completion/rosidl-argcomplete.zsh -> /home/neu/Desktop/microros_ws/firmware/mcu_ws/install/rosidl_cli/share/rosidl_cli/environment
[2.567s] running install_egg_info
[2.569s] Copying ../../../build/rosidl_cli/rosidl_cli.egg-info to /home/neu/Desktop/microros_ws/firmware/mcu_ws/install/rosidl_cli/lib/python3.8/site-packages/rosidl_cli-3.1.5-py3.8.egg-info
[2.569s] running install_scripts
[2.582s] Installing rosidl script to /home/neu/Desktop/microros_ws/firmware/mcu_ws/install/rosidl_cli/bin
[2.583s] writing list of installed files to '/home/neu/Desktop/microros_ws/firmware/mcu_ws/build/rosidl_cli/install.log'
[2.873s] Invoked command in '/home/neu/Desktop/microros_ws/firmware/mcu_ws/ros2/rosidl/rosidl_cli' returned '0': PYTHONPATH=/home/neu/Desktop/microros_ws/firmware/mcu_ws/build/rosidl_cli/prefix_override:/home/neu/Desktop/microros_ws/firmware/mcu_ws/install/rosidl_cli/lib/python3.8/site-packages:${PYTHONPATH} /usr/bin/python3 setup.py egg_info --egg-base ../../../build/rosidl_cli build --build-base /home/neu/Desktop/microros_ws/firmware/mcu_ws/build/rosidl_cli/build install --record /home/neu/Desktop/microros_ws/firmware/mcu_ws/build/rosidl_cli/install.log --single-version-externally-managed
