Not searching for unused variables given on the command line.
-- The C compiler identification is GNU 8.3.1
-- The CXX compiler identification is GNU 8.3.1
-- Check for working C compiler: /home/neu/Desktop/microros_ws/firmware/freertos_apps/microros_nucleo_f446ze_extensions/../../toolchain/bin/arm-none-eabi-gcc
-- Check for working C compiler: /home/neu/Desktop/microros_ws/firmware/freertos_apps/microros_nucleo_f446ze_extensions/../../toolchain/bin/arm-none-eabi-gcc -- works
-- Detecting C compiler ABI info
-- Detecting C compiler ABI info - done
-- Detecting C compile features
-- Detecting C compile features - done
-- Check for working CXX compiler: /home/neu/Desktop/microros_ws/firmware/freertos_apps/microros_nucleo_f446ze_extensions/../../toolchain/bin/arm-none-eabi-g++
-- Check for working CXX compiler: /home/neu/Desktop/microros_ws/firmware/freertos_apps/microros_nucleo_f446ze_extensions/../../toolchain/bin/arm-none-eabi-g++ -- works
-- Detecting CXX compiler ABI info
-- Detecting CXX compiler ABI info - done
-- Detecting CXX compile features
-- Detecting CXX compile features - done
-- Found ament_cmake_ros: 0.10.0 (/home/neu/Desktop/microros_ws/firmware/dev_ws/install/ament_cmake_ros/share/ament_cmake_ros/cmake)
-- Found Python3: /usr/bin/python3.8 (found version "3.8.10") found components: Interpreter 
-- Configuring done
-- Generating done
-- Build files have been written to: /home/neu/Desktop/microros_ws/firmware/mcu_ws/build/tracetools
make[1]: Entering directory '/home/neu/Desktop/microros_ws/firmware/mcu_ws/build/tracetools'
/usr/bin/cmake -S/home/neu/Desktop/microros_ws/firmware/mcu_ws/uros/tracetools/tracetools -B/home/neu/Desktop/microros_ws/firmware/mcu_ws/build/tracetools --check-build-system CMakeFiles/Makefile.cmake 0
/usr/bin/cmake -E cmake_progress_start /home/neu/Desktop/microros_ws/firmware/mcu_ws/build/tracetools/CMakeFiles /home/neu/Desktop/microros_ws/firmware/mcu_ws/build/tracetools/CMakeFiles/progress.marks
/usr/bin/make -f CMakeFiles/Makefile2 all
make[2]: Entering directory '/home/neu/Desktop/microros_ws/firmware/mcu_ws/build/tracetools'
make[2]: Nothing to be done for 'all'.
make[2]: Leaving directory '/home/neu/Desktop/microros_ws/firmware/mcu_ws/build/tracetools'
/usr/bin/cmake -E cmake_progress_start /home/neu/Desktop/microros_ws/firmware/mcu_ws/build/tracetools/CMakeFiles 0
make[1]: Leaving directory '/home/neu/Desktop/microros_ws/firmware/mcu_ws/build/tracetools'
-- Install configuration: "Debug"
-- Installing: /home/neu/Desktop/microros_ws/firmware/mcu_ws/install/tracetools/include/tracetools
-- Installing: /home/neu/Desktop/microros_ws/firmware/mcu_ws/install/tracetools/include/tracetools/tracetools
-- Installing: /home/neu/Desktop/microros_ws/firmware/mcu_ws/install/tracetools/include/tracetools/tracetools/config.h
-- Installing: /home/neu/Desktop/microros_ws/firmware/mcu_ws/install/tracetools/include/tracetools/tracetools/tracetools.h
-- Installing: /home/neu/Desktop/microros_ws/firmware/mcu_ws/install/tracetools/include/tracetools/tracetools/utils.hpp
-- Installing: /home/neu/Desktop/microros_ws/firmware/mcu_ws/install/tracetools/include/tracetools/tracetools/visibility_control.hpp
-- Installing: /home/neu/Desktop/microros_ws/firmware/mcu_ws/install/tracetools/share/ament_index/resource_index/package_run_dependencies/tracetools
-- Installing: /home/neu/Desktop/microros_ws/firmware/mcu_ws/install/tracetools/share/ament_index/resource_index/parent_prefix_path/tracetools
-- Installing: /home/neu/Desktop/microros_ws/firmware/mcu_ws/install/tracetools/share/tracetools/environment/ament_prefix_path.sh
-- Installing: /home/neu/Desktop/microros_ws/firmware/mcu_ws/install/tracetools/share/tracetools/environment/ament_prefix_path.dsv
-- Installing: /home/neu/Desktop/microros_ws/firmware/mcu_ws/install/tracetools/share/tracetools/environment/path.sh
-- Installing: /home/neu/Desktop/microros_ws/firmware/mcu_ws/install/tracetools/share/tracetools/environment/path.dsv
-- Installing: /home/neu/Desktop/microros_ws/firmware/mcu_ws/install/tracetools/share/tracetools/local_setup.bash
-- Installing: /home/neu/Desktop/microros_ws/firmware/mcu_ws/install/tracetools/share/tracetools/local_setup.sh
-- Installing: /home/neu/Desktop/microros_ws/firmware/mcu_ws/install/tracetools/share/tracetools/local_setup.zsh
-- Installing: /home/neu/Desktop/microros_ws/firmware/mcu_ws/install/tracetools/share/tracetools/local_setup.dsv
-- Installing: /home/neu/Desktop/microros_ws/firmware/mcu_ws/install/tracetools/share/tracetools/package.dsv
-- Installing: /home/neu/Desktop/microros_ws/firmware/mcu_ws/install/tracetools/share/ament_index/resource_index/packages/tracetools
-- Installing: /home/neu/Desktop/microros_ws/firmware/mcu_ws/install/tracetools/share/tracetools/cmake/tracetools_exportExport.cmake
-- Installing: /home/neu/Desktop/microros_ws/firmware/mcu_ws/install/tracetools/share/tracetools/cmake/ament_cmake_export_targets-extras.cmake
-- Installing: /home/neu/Desktop/microros_ws/firmware/mcu_ws/install/tracetools/share/tracetools/cmake/ament_cmake_export_include_directories-extras.cmake
-- Installing: /home/neu/Desktop/microros_ws/firmware/mcu_ws/install/tracetools/share/tracetools/cmake/tracetoolsConfig.cmake
-- Installing: /home/neu/Desktop/microros_ws/firmware/mcu_ws/install/tracetools/share/tracetools/cmake/tracetoolsConfig-version.cmake
-- Installing: /home/neu/Desktop/microros_ws/firmware/mcu_ws/install/tracetools/share/tracetools/package.xml
