recv_message start (t0): 1331807
recv_message end   (t1): 1331862
read_message end   (t2): 1332500
take_data start    (t3): 1332818
take_data end      (t4): 1332821
Ping received seq : 0  seq length : 1.
subscription_callback end (t5): 1333829
recv_message start (t0): 1531705
recv_message end   (t1): 1531838
read_message end   (t2): 1532476
take_data start    (t3): 1532794
take_data end      (t4): 1532797
Ping received seq : 1  seq length : 1.
subscription_callback end (t5): 1533805
recv_message start (t0): 1731705
recv_message end   (t1): 1731835
read_message end   (t2): 1732473
take_data start    (t3): 1732790
take_data end      (t4): 1732793
Ping received seq : 2  seq length : 1.
subscription_callback end (t5): 1733802
recv_message start (t0): 1931807
recv_message end   (t1): 1931827
read_message end   (t2): 1932464
take_data start    (t3): 1932782
take_data end      (t4): 1932785
Ping received seq : 3  seq length : 1.
subscription_callback end (t5): 1933793
recv_message start (t0): 2131806
recv_message end   (t1): 2131817
read_message end   (t2): 2132455
take_data start    (t3): 2132773
take_data end      (t4): 2132776
Ping received seq : 4  seq length : 1.
subscription_callback end (t5): 2133784
recv_message start (t0): 2331806
recv_message end   (t1): 2331821
read_message end   (t2): 2332459
take_data start    (t3): 2332777
take_data end      (t4): 2332779
Ping received seq : 5  seq length : 1.
subscription_callback end (t5): 2333788
recv_message start (t0): 2531806
recv_message end   (t1): 2531807
read_message end   (t2): 2532445
take_data start    (t3): 2532763
take_data end      (t4): 2532766
Ping received seq : 6  seq length : 1.
subscription_callback end (t5): 2533774
recv_message start (t0): 2731807
recv_message end   (t1): 2731809
read_message end   (t2): 2732446
take_data start    (t3): 2732764
take_data end      (t4): 2732767
Ping received seq : 7  seq length : 1.
subscription_callback end (t5): 2733775
recv_message start (t0): 2931806
recv_message end   (t1): 2931807
read_message end   (t2): 2932445
take_data start    (t3): 2932763
take_data end      (t4): 2932766
Ping received seq : 8  seq length : 1.
subscription_callback end (t5): 2933774
recv_message start (t0): 3131705
recv_message end   (t1): 3131799
read_message end   (t2): 3132436
take_data start    (t3): 3132754
take_data end      (t4): 3132757
Ping received seq : 9  seq length : 2.
subscription_callback end (t5): 3133766
recv_message start (t0): 3331806
recv_message end   (t1): 3331807
read_message end   (t2): 3332445
take_data start    (t3): 3332762
take_data end      (t4): 3332765
Ping received seq : 10  seq length : 2.
subscription_callback end (t5): 3333783
recv_message start (t0): 3531706
recv_message end   (t1): 3531801
read_message end   (t2): 3532439
take_data start    (t3): 3532757
take_data end      (t4): 3532759
Ping received seq : 11  seq length : 2.
subscription_callback end (t5): 3533777
recv_message start (t0): 3731306
recv_message end   (t1): 3731799
read_message end   (t2): 3732436
take_data start    (t3): 3732754
take_data end      (t4): 3732757
Ping received seq : 12  seq length : 2.
subscription_callback end (t5): 3733775
recv_message start (t0): 3931806
recv_message end   (t1): 3931807
read_message end   (t2): 3932445
take_data start    (t3): 3932763
take_data end      (t4): 3932766
Ping received seq : 13  seq length : 2.
subscription_callback end (t5): 3933784
recv_message start (t0): 4131706
recv_message end   (t1): 4131801
read_message end   (t2): 4132439
take_data start    (t3): 4132757
take_data end      (t4): 4132759
Ping received seq : 14  seq length : 2.
subscription_callback end (t5): 4133777
recv_message start (t0): 4331406
recv_message end   (t1): 4331789
read_message end   (t2): 4332427
take_data start    (t3): 4332745
take_data end      (t4): 4332748
Ping received seq : 15  seq length : 2.
subscription_callback end (t5): 4333766
recv_message start (t0): 4531406
recv_message end   (t1): 4531788
read_message end   (t2): 4532425
take_data start    (t3): 4532743
take_data end      (t4): 4532746
Ping received seq : 16  seq length : 2.
subscription_callback end (t5): 4533764
recv_message start (t0): 4731705
recv_message end   (t1): 4731784
read_message end   (t2): 4732421
take_data start    (t3): 4732739
take_data end      (t4): 4732742
Ping received seq : 17  seq length : 2.
subscription_callback end (t5): 4733760
recv_message start (t0): 4931406
recv_message end   (t1): 4931803
read_message end   (t2): 4932441
take_data start    (t3): 4932759
take_data end      (t4): 4932761
Ping received seq : 18  seq length : 2.
subscription_callback end (t5): 4933779
recv_message start (t0): 5131707
recv_message end   (t1): 5131787
read_message end   (t2): 5132424
take_data start    (t3): 5132742
take_data end      (t4): 5132745
Ping received seq : 19  seq length : 2.
subscription_callback end (t5): 5133763
recv_message start (t0): 5331705
recv_message end   (t1): 5331790
read_message end   (t2): 5332427
take_data start    (t3): 5332745
take_data end      (t4): 5332748
Ping received seq : 20  seq length : 2.
subscription_callback end (t5): 5333767
recv_message start (t0): 5531708
recv_message end   (t1): 5531787
read_message end   (t2): 5532425
take_data start    (t3): 5532743
take_data end      (t4): 5532746
Ping received seq : 21  seq length : 2.
subscription_callback end (t5): 5533764
recv_message start (t0): 5731705
recv_message end   (t1): 5731768
read_message end   (t2): 5732405
take_data start    (t3): 5732723
take_data end      (t4): 5732726
Ping received seq : 22  seq length : 2.
subscription_callback end (t5): 5733744
recv_message start (t0): 5931506
recv_message end   (t1): 5931758
read_message end   (t2): 5932395
take_data start    (t3): 5932713
take_data end      (t4): 5932716
Ping received seq : 23  seq length : 2.
subscription_callback end (t5): 5933734
recv_message start (t0): 6131606
recv_message end   (t1): 6131770
read_message end   (t2): 6132408
take_data start    (t3): 6132726
take_data end      (t4): 6132728
Ping received seq : 24  seq length : 2.
subscription_callback end (t5): 6133746
recv_message start (t0): 6331706
recv_message end   (t1): 6331768
read_message end   (t2): 6332405
take_data start    (t3): 6332723
take_data end      (t4): 6332726
Ping received seq : 25  seq length : 2.
subscription_callback end (t5): 6333744
recv_message start (t0): 6531706
recv_message end   (t1): 6531764
read_message end   (t2): 6532401
take_data start    (t3): 6532719
take_data end      (t4): 6532722
Ping received seq : 26  seq length : 2.
subscription_callback end (t5): 6533740
recv_message start (t0): 6731706
recv_message end   (t1): 6731739
read_message end   (t2): 6732376
take_data start    (t3): 6732694
take_data end      (t4): 6732697
Ping received seq : 27  seq length : 2.
subscription_callback end (t5): 6733715
recv_message start (t0): 6931306
recv_message end   (t1): 6931753
read_message end   (t2): 6932391
take_data start    (t3): 6932709
take_data end      (t4): 6932712
Ping received seq : 28  seq length : 2.
subscription_callback end (t5): 6933730
recv_message start (t0): 7131206
recv_message end   (t1): 7131764
read_message end   (t2): 7132402
take_data start    (t3): 7132720
take_data end      (t4): 7132723
Ping received seq : 29  seq length : 2.
subscription_callback end (t5): 7133741
recv_message start (t0): 7331206
recv_message end   (t1): 7331752
read_message end   (t2): 7332389
take_data start    (t3): 7332707
take_data end      (t4): 7332710
Ping received seq : 30  seq length : 2.
subscription_callback end (t5): 7333728
recv_message start (t0): 7531606
recv_message end   (t1): 7531752
read_message end   (t2): 7532390
take_data start    (t3): 7532708
take_data end      (t4): 7532710
Ping received seq : 31  seq length : 2.
subscription_callback end (t5): 7533728
recv_message start (t0): 7731706
recv_message end   (t1): 7731731
read_message end   (t2): 7732368
take_data start    (t3): 7732686
take_data end      (t4): 7732689
Ping received seq : 32  seq length : 2.
subscription_callback end (t5): 7733707
recv_message start (t0): 7931406
recv_message end   (t1): 7931736
read_message end   (t2): 7932374
take_data start    (t3): 7932692
take_data end      (t4): 7932694
Ping received seq : 33  seq length : 2.
subscription_callback end (t5): 7933712
recv_message start (t0): 8131306
recv_message end   (t1): 8131739
read_message end   (t2): 8132378
take_data start    (t3): 8132695
take_data end      (t4): 8132698
Ping received seq : 34  seq length : 2.
subscription_callback end (t5): 8133717
recv_message start (t0): 8331706
recv_message end   (t1): 8331736
read_message end   (t2): 8332374
take_data start    (t3): 8332692
take_data end      (t4): 8332695
Ping received seq : 35  seq length : 2.
subscription_callback end (t5): 8333713
recv_message start (t0): 8531706
recv_message end   (t1): 8531729
read_message end   (t2): 8532368
take_data start    (t3): 8532686
take_data end      (t4): 8532688
Ping received seq : 36  seq length : 2.
subscription_callback end (t5): 8533706
recv_message start (t0): 8731706
recv_message end   (t1): 8731739
read_message end   (t2): 8732377
take_data start    (t3): 8732694
take_data end      (t4): 8732697
Ping received seq : 37  seq length : 2.
subscription_callback end (t5): 8733715
recv_message start (t0): 8931306
recv_message end   (t1): 8931731
read_message end   (t2): 8932369
take_data start    (t3): 8932687
take_data end      (t4): 8932690
Ping received seq : 38  seq length : 2.
subscription_callback end (t5): 8933708
recv_message start (t0): 9131406
recv_message end   (t1): 9131719
read_message end   (t2): 9132357
take_data start    (t3): 9132675
take_data end      (t4): 9132678
Ping received seq : 39  seq length : 2.
subscription_callback end (t5): 9133696
recv_message start (t0): 9331705
recv_message end   (t1): 9331723
read_message end   (t2): 9332361
take_data start    (t3): 9332679
take_data end      (t4): 9332682
Ping received seq : 40  seq length : 2.
subscription_callback end (t5): 9333700
recv_message start (t0): 9531505
recv_message end   (t1): 9531710
read_message end   (t2): 9532347
take_data start    (t3): 9532665
take_data end      (t4): 9532668
Ping received seq : 41  seq length : 2.
subscription_callback end (t5): 9533686
recv_message start (t0): 9731406
recv_message end   (t1): 9731719
read_message end   (t2): 9732357
take_data start    (t3): 9732675
take_data end      (t4): 9732678
Ping received seq : 42  seq length : 2.
subscription_callback end (t5): 9733696
recv_message start (t0): 9931706
recv_message end   (t1): 9931707
read_message end   (t2): 9932345
take_data start    (t3): 9932663
take_data end      (t4): 9932666
Ping received seq : 43  seq length : 2.
subscription_callback end (t5): 9933684

