recv_message start (t0): 1840605
recv_message end   (t1): 1840874
read_message end   (t2): 1841513
take_data start    (t3): 1841831
take_data end      (t4): 1841834
Ping received seq : 0  seq length : 200.
subscription_callback end (t5): 1842863
recv_message start (t0): 2040806
recv_message end   (t1): 2040840
read_message end   (t2): 2041478
take_data start    (t3): 2041796
take_data end      (t4): 2041800
Ping received seq : 1  seq length : 200.
subscription_callback end (t5): 2042828
recv_message start (t0): 2240806
recv_message end   (t1): 2240839
read_message end   (t2): 2241478
take_data start    (t3): 2241796
take_data end      (t4): 2241799
Ping received seq : 2  seq length : 200.
subscription_callback end (t5): 2242828
recv_message start (t0): 2440806
recv_message end   (t1): 2440846
read_message end   (t2): 2441484
take_data start    (t3): 2441802
take_data end      (t4): 2441806
Ping received seq : 3  seq length : 200.
subscription_callback end (t5): 2442834
recv_message start (t0): 2640705
recv_message end   (t1): 2640854
read_message end   (t2): 2641492
take_data start    (t3): 2641810
take_data end      (t4): 2641814
Ping received seq : 4  seq length : 200.
subscription_callback end (t5): 2642842
recv_message start (t0): 2840806
recv_message end   (t1): 2840842
read_message end   (t2): 2841480
take_data start    (t3): 2841798
take_data end      (t4): 2841802
Ping received seq : 5  seq length : 200.
subscription_callback end (t5): 2842830
recv_message start (t0): 3040705
recv_message end   (t1): 3040834
read_message end   (t2): 3041473
take_data start    (t3): 3041791
take_data end      (t4): 3041794
Ping received seq : 6  seq length : 200.
subscription_callback end (t5): 3042823
recv_message start (t0): 3240806
recv_message end   (t1): 3240828
read_message end   (t2): 3241466
take_data start    (t3): 3241784
take_data end      (t4): 3241788
Ping received seq : 7  seq length : 200.
subscription_callback end (t5): 3242816
recv_message start (t0): 3440805
recv_message end   (t1): 3440829
read_message end   (t2): 3441467
take_data start    (t3): 3441785
take_data end      (t4): 3441789
Ping received seq : 8  seq length : 200.
subscription_callback end (t5): 3442817
recv_message start (t0): 3640606
recv_message end   (t1): 3640837
read_message end   (t2): 3641475
take_data start    (t3): 3641793
take_data end      (t4): 3641797
Ping received seq : 9  seq length : 200.
subscription_callback end (t5): 3642825
recv_message start (t0): 3840406
recv_message end   (t1): 3840829
read_message end   (t2): 3841467
take_data start    (t3): 3841785
take_data end      (t4): 3841789
Ping received seq : 10  seq length : 200.
subscription_callback end (t5): 3842827
recv_message start (t0): 4040506
recv_message end   (t1): 4040834
read_message end   (t2): 4041473
take_data start    (t3): 4041791
take_data end      (t4): 4041795
Ping received seq : 11  seq length : 200.
subscription_callback end (t5): 4042833
recv_message start (t0): 4240607
recv_message end   (t1): 4240818
read_message end   (t2): 4241456
take_data start    (t3): 4241774
take_data end      (t4): 4241778
Ping received seq : 12  seq length : 200.
subscription_callback end (t5): 4242816
recv_message start (t0): 4440406
recv_message end   (t1): 4440795
read_message end   (t2): 4441433
take_data start    (t3): 4441751
take_data end      (t4): 4441755
Ping received seq : 13  seq length : 200.
subscription_callback end (t5): 4442793
recv_message start (t0): 4640606
recv_message end   (t1): 4640786
read_message end   (t2): 4641425
take_data start    (t3): 4641743
take_data end      (t4): 4641746
Ping received seq : 14  seq length : 200.
subscription_callback end (t5): 4642784
recv_message start (t0): 4840806
recv_message end   (t1): 4840807
read_message end   (t2): 4841446
take_data start    (t3): 4841764
take_data end      (t4): 4841767
Ping received seq : 15  seq length : 200.
subscription_callback end (t5): 4842805
recv_message start (t0): 5040806
recv_message end   (t1): 5040807
read_message end   (t2): 5041446
take_data start    (t3): 5041764
take_data end      (t4): 5041768
Ping received seq : 16  seq length : 200.
subscription_callback end (t5): 5042806
recv_message start (t0): 5240706
recv_message end   (t1): 5240798
read_message end   (t2): 5241437
take_data start    (t3): 5241755
take_data end      (t4): 5241758
Ping received seq : 17  seq length : 200.
subscription_callback end (t5): 5242796
recv_message start (t0): 5440607
recv_message end   (t1): 5440809
read_message end   (t2): 5441447
take_data start    (t3): 5441765
take_data end      (t4): 5441768
Ping received seq : 18  seq length : 200.
subscription_callback end (t5): 5442806
recv_message start (t0): 5640606
recv_message end   (t1): 5640811
read_message end   (t2): 5641449
take_data start    (t3): 5641767
take_data end      (t4): 5641771
Ping received seq : 19  seq length : 200.
subscription_callback end (t5): 5642809
recv_message start (t0): 5840505
recv_message end   (t1): 5840782
read_message end   (t2): 5841420
take_data start    (t3): 5841738
take_data end      (t4): 5841742
Ping received seq : 20  seq length : 200.
subscription_callback end (t5): 5842780
recv_message start (t0): 6040707
recv_message end   (t1): 6040779
read_message end   (t2): 6041417
take_data start    (t3): 6041735
take_data end      (t4): 6041739
Ping received seq : 21  seq length : 200.
subscription_callback end (t5): 6042777
recv_message start (t0): 6240706
recv_message end   (t1): 6240780
read_message end   (t2): 6241419
take_data start    (t3): 6241737
take_data end      (t4): 6241741
Ping received seq : 22  seq length : 200.
subscription_callback end (t5): 6242779
recv_message start (t0): 6440806
recv_message end   (t1): 6440817
read_message end   (t2): 6441456
take_data start    (t3): 6441774
take_data end      (t4): 6441777
Ping received seq : 23  seq length : 200.
subscription_callback end (t5): 6442815
recv_message start (t0): 6639605
recv_message end   (t1): 6640786
read_message end   (t2): 6641424
take_data start    (t3): 6641742
take_data end      (t4): 6641746
Ping received seq : 24  seq length : 200.
subscription_callback end (t5): 6642784

