recv_message start (t0): 913906
recv_message end   (t1): 913982
read_message end   (t2): 914602
take_data start    (t3): 914911
take_data end      (t4): 914915
Ping received seq : 0  seq length : 480.
subscription_callback end (t5): 915925
recv_message start (t0): 1113405
recv_message end   (t1): 1113960
read_message end   (t2): 1114599
take_data start    (t3): 1114917
take_data end      (t4): 1114922
Ping received seq : 1  seq length : 480.
subscription_callback end (t5): 1115952
recv_message start (t0): 1313505
recv_message end   (t1): 1313955
read_message end   (t2): 1314594
take_data start    (t3): 1314912
take_data end      (t4): 1314917
Ping received seq : 2  seq length : 480.
subscription_callback end (t5): 1315947
recv_message start (t0): 1513906
recv_message end   (t1): 1513966
read_message end   (t2): 1514606
take_data start    (t3): 1514924
take_data end      (t4): 1514928
Ping received seq : 3  seq length : 480.
subscription_callback end (t5): 1515958
recv_message start (t0): 1713906
recv_message end   (t1): 1713940
read_message end   (t2): 1714580
take_data start    (t3): 1714898
take_data end      (t4): 1714903
Ping received seq : 4  seq length : 480.
subscription_callback end (t5): 1715933
recv_message start (t0): 1913906
recv_message end   (t1): 1913940
read_message end   (t2): 1914580
take_data start    (t3): 1914897
take_data end      (t4): 1914902
Ping received seq : 5  seq length : 480.
subscription_callback end (t5): 1915932
recv_message start (t0): 2113707
recv_message end   (t1): 2113942
read_message end   (t2): 2114582
take_data start    (t3): 2114899
take_data end      (t4): 2114904
Ping received seq : 6  seq length : 480.
subscription_callback end (t5): 2115934
recv_message start (t0): 2313905
recv_message end   (t1): 2313941
read_message end   (t2): 2314581
take_data start    (t3): 2314899
take_data end      (t4): 2314904
Ping received seq : 7  seq length : 480.
subscription_callback end (t5): 2315933
recv_message start (t0): 2513906
recv_message end   (t1): 2513940
read_message end   (t2): 2514580
take_data start    (t3): 2514897
take_data end      (t4): 2514902
Ping received seq : 8  seq length : 480.
subscription_callback end (t5): 2515932
recv_message start (t0): 2713805
recv_message end   (t1): 2713937
read_message end   (t2): 2714576
take_data start    (t3): 2714894
take_data end      (t4): 2714899
Ping received seq : 9  seq length : 480.
subscription_callback end (t5): 2715929
recv_message start (t0): 2913505
recv_message end   (t1): 2913941
read_message end   (t2): 2914580
take_data start    (t3): 2914898
take_data end      (t4): 2914903
Ping received seq : 10  seq length : 480.
subscription_callback end (t5): 2915942
recv_message start (t0): 3113905
recv_message end   (t1): 3113944
read_message end   (t2): 3114584
take_data start    (t3): 3114902
take_data end      (t4): 3114906
Ping received seq : 11  seq length : 480.
subscription_callback end (t5): 3115945
recv_message start (t0): 3313805
recv_message end   (t1): 3313927
read_message end   (t2): 3314567
take_data start    (t3): 3314885
take_data end      (t4): 3314889
Ping received seq : 12  seq length : 480.
subscription_callback end (t5): 3315928
recv_message start (t0): 3513606
recv_message end   (t1): 3513923
read_message end   (t2): 3514563
take_data start    (t3): 3514880
take_data end      (t4): 3514885
Ping received seq : 13  seq length : 480.
subscription_callback end (t5): 3515925
recv_message start (t0): 3713907
recv_message end   (t1): 3713926
read_message end   (t2): 3714566
take_data start    (t3): 3714883
take_data end      (t4): 3714888
Ping received seq : 14  seq length : 480.
subscription_callback end (t5): 3715928
recv_message start (t0): 3913606
recv_message end   (t1): 3913916
read_message end   (t2): 3914556
take_data start    (t3): 3914874
take_data end      (t4): 3914879
Ping received seq : 15  seq length : 480.
subscription_callback end (t5): 3915918
recv_message start (t0): 4113806
recv_message end   (t1): 4113916
read_message end   (t2): 4114556
take_data start    (t3): 4114873
take_data end      (t4): 4114878
Ping received seq : 16  seq length : 480.
subscription_callback end (t5): 4115917
recv_message start (t0): 4313907
recv_message end   (t1): 4313926
read_message end   (t2): 4314566
take_data start    (t3): 4314883
take_data end      (t4): 4314888
Ping received seq : 17  seq length : 480.
subscription_callback end (t5): 4315928
recv_message start (t0): 4513907
recv_message end   (t1): 4513918
read_message end   (t2): 4514557
take_data start    (t3): 4514875
take_data end      (t4): 4514880
Ping received seq : 18  seq length : 480.
subscription_callback end (t5): 4515919
recv_message start (t0): 4713506
recv_message end   (t1): 4713892
read_message end   (t2): 4714532
take_data start    (t3): 4714849
take_data end      (t4): 4714854
Ping received seq : 19  seq length : 480.
subscription_callback end (t5): 4715893
recv_message start (t0): 4913807
recv_message end   (t1): 4913905
read_message end   (t2): 4914545
take_data start    (t3): 4914862
take_data end      (t4): 4914867
Ping received seq : 20  seq length : 480.
subscription_callback end (t5): 4915906
recv_message start (t0): 5113607
recv_message end   (t1): 5113905
read_message end   (t2): 5114545
take_data start    (t3): 5114863
take_data end      (t4): 5114868
Ping received seq : 21  seq length : 480.
subscription_callback end (t5): 5115907
recv_message start (t0): 5313806
recv_message end   (t1): 5313899
read_message end   (t2): 5314539
take_data start    (t3): 5314857
take_data end      (t4): 5314862
Ping received seq : 22  seq length : 480.
subscription_callback end (t5): 5315901
recv_message start (t0): 5513806
recv_message end   (t1): 5513886
read_message end   (t2): 5514526
take_data start    (t3): 5514843
take_data end      (t4): 5514848
Ping received seq : 23  seq length : 480.
subscription_callback end (t5): 5515888
recv_message start (t0): 5713606
recv_message end   (t1): 5713881
read_message end   (t2): 5714521
take_data start    (t3): 5714838
take_data end      (t4): 5714843
Ping received seq : 24  seq length : 480.
subscription_callback end (t5): 5715883
recv_message start (t0): 5913506
recv_message end   (t1): 5913893
read_message end   (t2): 5914533
take_data start    (t3): 5914851
take_data end      (t4): 5914856
Ping received seq : 25  seq length : 480.
subscription_callback end (t5): 5915895
recv_message start (t0): 6113706
recv_message end   (t1): 6113894
read_message end   (t2): 6114534
take_data start    (t3): 6114852
take_data end      (t4): 6114857
Ping received seq : 26  seq length : 480.
subscription_callback end (t5): 6115896
recv_message start (t0): 6313606
recv_message end   (t1): 6313889
read_message end   (t2): 6314529
take_data start    (t3): 6314846
take_data end      (t4): 6314851
Ping received seq : 27  seq length : 480.
subscription_callback end (t5): 6315891
recv_message start (t0): 6513606
recv_message end   (t1): 6513891
read_message end   (t2): 6514531
take_data start    (t3): 6514848
take_data end      (t4): 6514853
Ping received seq : 28  seq length : 480.
subscription_callback end (t5): 6515893
recv_message start (t0): 6713105
recv_message end   (t1): 6713886
read_message end   (t2): 6714526
take_data start    (t3): 6714843
take_data end      (t4): 6714848
Ping received seq : 29  seq length : 480.
subscription_callback end (t5): 6715888
recv_message start (t0): 6913805
recv_message end   (t1): 6913898
read_message end   (t2): 6914537
take_data start    (t3): 6914855
take_data end      (t4): 6914860
Ping received seq : 30  seq length : 480.
subscription_callback end (t5): 6915899
recv_message start (t0): 7113805
recv_message end   (t1): 7113889
read_message end   (t2): 7114529
take_data start    (t3): 7114846
take_data end      (t4): 7114852
Ping received seq : 31  seq length : 480.
subscription_callback end (t5): 7115891
recv_message start (t0): 7313805
recv_message end   (t1): 7313888
read_message end   (t2): 7314527
take_data start    (t3): 7314845
take_data end      (t4): 7314850
Ping received seq : 32  seq length : 480.
subscription_callback end (t5): 7315889
recv_message start (t0): 7513305
recv_message end   (t1): 7513886
read_message end   (t2): 7514526
take_data start    (t3): 7514844
take_data end      (t4): 7514848
Ping received seq : 33  seq length : 480.
subscription_callback end (t5): 7515888
recv_message start (t0): 7713706
recv_message end   (t1): 7713886
read_message end   (t2): 7714525
take_data start    (t3): 7714843
take_data end      (t4): 7714848
Ping received seq : 34  seq length : 480.
subscription_callback end (t5): 7715887
recv_message start (t0): 7913806
recv_message end   (t1): 7913877
read_message end   (t2): 7914517
take_data start    (t3): 7914835
take_data end      (t4): 7914839
Ping received seq : 35  seq length : 480.
subscription_callback end (t5): 7915878
recv_message start (t0): 8113706
recv_message end   (t1): 8113878
read_message end   (t2): 8114517
take_data start    (t3): 8114835
take_data end      (t4): 8114840
Ping received seq : 36  seq length : 480.
subscription_callback end (t5): 8115879
recv_message start (t0): 8313806
recv_message end   (t1): 8313872
read_message end   (t2): 8314512
take_data start    (t3): 8314830
take_data end      (t4): 8314835
Ping received seq : 37  seq length : 480.
subscription_callback end (t5): 8315874
recv_message start (t0): 8513807
recv_message end   (t1): 8513869
read_message end   (t2): 8514509
take_data start    (t3): 8514827
take_data end      (t4): 8514832
Ping received seq : 38  seq length : 480.
subscription_callback end (t5): 8515871
recv_message start (t0): 8713706
recv_message end   (t1): 8713868
read_message end   (t2): 8714508
take_data start    (t3): 8714825
take_data end      (t4): 8714830
Ping received seq : 39  seq length : 480.
subscription_callback end (t5): 8715870
recv_message start (t0): 8913805
recv_message end   (t1): 8913865
read_message end   (t2): 8914504
take_data start    (t3): 8914822
take_data end      (t4): 8914827
Ping received seq : 40  seq length : 480.
subscription_callback end (t5): 8915866
recv_message start (t0): 9113806
recv_message end   (t1): 9113859
read_message end   (t2): 9114499
take_data start    (t3): 9114816
take_data end      (t4): 9114821
Ping received seq : 41  seq length : 480.
subscription_callback end (t5): 9115861
recv_message start (t0): 9313806
recv_message end   (t1): 9313856
read_message end   (t2): 9314495
take_data start    (t3): 9314813
take_data end      (t4): 9314818
Ping received seq : 42  seq length : 480.
subscription_callback end (t5): 9315857
recv_message start (t0): 9513806
recv_message end   (t1): 9513856
read_message end   (t2): 9514496
take_data start    (t3): 9514813
take_data end      (t4): 9514818
Ping received seq : 43  seq length : 480.
subscription_callback end (t5): 9515858
recv_message start (t0): 9713706
recv_message end   (t1): 9713852
read_message end   (t2): 9714492
take_data start    (t3): 9714809
take_data end      (t4): 9714814
Ping received seq : 44  seq length : 480.
subscription_callback end (t5): 9715855
recv_message start (t0): 9913706
recv_message end   (t1): 9913852
read_message end   (t2): 9914491
take_data start    (t3): 9914809
take_data end      (t4): 9914814
Ping received seq : 45  seq length : 480.
subscription_callback end (t5): 9915854
recv_message start (t0): 10113807
recv_message end   (t1): 10113845
read_message end   (t2): 10114504
take_data start    (t3): 10114831
take_data end      (t4): 10114836
Ping received seq : 46  seq length : 480.
subscription_callback end (t5): 10115894
recv_message start (t0): 10313707
recv_message end   (t1): 10313841
read_message end   (t2): 10314499
take_data start    (t3): 10314827
take_data end      (t4): 10314831
Ping received seq : 47  seq length : 480.
subscription_callback end (t5): 10315890
recv_message start (t0): 10513807
recv_message end   (t1): 10513844
read_message end   (t2): 10514503
take_data start    (t3): 10514830
take_data end      (t4): 10514835
Ping received seq : 48  seq length : 480.
subscription_callback end (t5): 10515894
recv_message start (t0): 10713806
recv_message end   (t1): 10713824
read_message end   (t2): 10714483
take_data start    (t3): 10714810
take_data end      (t4): 10714815
Ping received seq : 49  seq length : 480.
subscription_callback end (t5): 10715873

