Not searching for unused variables given on the command line.
-- The C compiler identification is GNU 8.3.1
-- The CXX compiler identification is GNU 8.3.1
-- Check for working C compiler: /home/neu/Desktop/microros_ws/firmware/freertos_apps/microros_nucleo_f446ze_extensions/../../toolchain/bin/arm-none-eabi-gcc
-- Check for working C compiler: /home/neu/Desktop/microros_ws/firmware/freertos_apps/microros_nucleo_f446ze_extensions/../../toolchain/bin/arm-none-eabi-gcc -- works
-- Detecting C compiler ABI info
-- Detecting C compiler ABI info - done
-- Detecting C compile features
-- Detecting C compile features - done
-- Check for working CXX compiler: /home/neu/Desktop/microros_ws/firmware/freertos_apps/microros_nucleo_f446ze_extensions/../../toolchain/bin/arm-none-eabi-g++
-- Check for working CXX compiler: /home/neu/Desktop/microros_ws/firmware/freertos_apps/microros_nucleo_f446ze_extensions/../../toolchain/bin/arm-none-eabi-g++ -- works
-- Detecting CXX compiler ABI info
-- Detecting CXX compiler ABI info - done
-- Detecting CXX compile features
-- Detecting CXX compile features - done
-- Found ament_cmake_ros: 0.10.0 (/home/neu/Desktop/microros_ws/firmware/dev_ws/install/ament_cmake_ros/share/ament_cmake_ros/cmake)
-- Found Python3: /usr/bin/python3.8 (found version "3.8.10") found components: Interpreter 
-- Found lifecycle_msgs: 1.2.1 (/home/neu/Desktop/microros_ws/firmware/mcu_ws/install/lifecycle_msgs/share/lifecycle_msgs/cmake)
CMake Warning at /home/neu/Desktop/microros_ws/firmware/mcu_ws/install/rcutils/share/rcutils/cmake/ament_cmake_export_libraries-extras.cmake:116 (message):
  Package 'rcutils' exports library 'dl' which couldn't be found
Call Stack (most recent call first):
  /home/neu/Desktop/microros_ws/firmware/mcu_ws/install/rcutils/share/rcutils/cmake/rcutilsConfig.cmake:41 (include)
  /home/neu/Desktop/microros_ws/firmware/mcu_ws/install/rosidl_runtime_c/share/rosidl_runtime_c/cmake/ament_cmake_export_dependencies-extras.cmake:21 (find_package)
  /home/neu/Desktop/microros_ws/firmware/mcu_ws/install/rosidl_runtime_c/share/rosidl_runtime_c/cmake/rosidl_runtime_cConfig.cmake:41 (include)
  /home/neu/Desktop/microros_ws/firmware/mcu_ws/install/lifecycle_msgs/share/lifecycle_msgs/cmake/ament_cmake_export_dependencies-extras.cmake:21 (find_package)
  /home/neu/Desktop/microros_ws/firmware/mcu_ws/install/lifecycle_msgs/share/lifecycle_msgs/cmake/lifecycle_msgsConfig.cmake:41 (include)
  CMakeLists.txt:7 (find_package)


-- Using all available rosidl_typesupport_c: rosidl_typesupport_microxrcedds_c;rosidl_typesupport_introspection_c
-- Found rosidl_adapter: 3.1.5 (/home/neu/Desktop/microros_ws/firmware/mcu_ws/install/rosidl_adapter/share/rosidl_adapter/cmake)
-- Found rcl: 5.3.4 (/home/neu/Desktop/microros_ws/firmware/mcu_ws/install/rcl/share/rcl/cmake)
-- Found rmw_implementation_cmake: 6.1.1 (/home/neu/Desktop/microros_ws/firmware/mcu_ws/install/rmw_implementation_cmake/share/rmw_implementation_cmake/cmake)
-- Found rmw_microxrcedds: 3.0.2 (/home/neu/Desktop/microros_ws/firmware/mcu_ws/install/rmw_microxrcedds/share/rmw_microxrcedds/cmake)
-- Using RMW implementation 'rmw_microxrcedds'
-- Configuring done
-- Generating done
-- Build files have been written to: /home/neu/Desktop/microros_ws/firmware/mcu_ws/build/rcl_lifecycle
make[1]: Entering directory '/home/neu/Desktop/microros_ws/firmware/mcu_ws/build/rcl_lifecycle'
/usr/bin/cmake -S/home/neu/Desktop/microros_ws/firmware/mcu_ws/uros/rcl/rcl_lifecycle -B/home/neu/Desktop/microros_ws/firmware/mcu_ws/build/rcl_lifecycle --check-build-system CMakeFiles/Makefile.cmake 0
/usr/bin/cmake -E cmake_progress_start /home/neu/Desktop/microros_ws/firmware/mcu_ws/build/rcl_lifecycle/CMakeFiles /home/neu/Desktop/microros_ws/firmware/mcu_ws/build/rcl_lifecycle/CMakeFiles/progress.marks
/usr/bin/make -f CMakeFiles/Makefile2 all
make[2]: Entering directory '/home/neu/Desktop/microros_ws/firmware/mcu_ws/build/rcl_lifecycle'
/usr/bin/make -f CMakeFiles/rcl_lifecycle.dir/build.make CMakeFiles/rcl_lifecycle.dir/depend
make[3]: Entering directory '/home/neu/Desktop/microros_ws/firmware/mcu_ws/build/rcl_lifecycle'
cd /home/neu/Desktop/microros_ws/firmware/mcu_ws/build/rcl_lifecycle && /usr/bin/cmake -E cmake_depends "Unix Makefiles" /home/neu/Desktop/microros_ws/firmware/mcu_ws/uros/rcl/rcl_lifecycle /home/neu/Desktop/microros_ws/firmware/mcu_ws/uros/rcl/rcl_lifecycle /home/neu/Desktop/microros_ws/firmware/mcu_ws/build/rcl_lifecycle /home/neu/Desktop/microros_ws/firmware/mcu_ws/build/rcl_lifecycle /home/neu/Desktop/microros_ws/firmware/mcu_ws/build/rcl_lifecycle/CMakeFiles/rcl_lifecycle.dir/DependInfo.cmake --color=
Dependee "/home/neu/Desktop/microros_ws/firmware/mcu_ws/build/rcl_lifecycle/CMakeFiles/rcl_lifecycle.dir/DependInfo.cmake" is newer than depender "/home/neu/Desktop/microros_ws/firmware/mcu_ws/build/rcl_lifecycle/CMakeFiles/rcl_lifecycle.dir/depend.internal".
Dependee "/home/neu/Desktop/microros_ws/firmware/mcu_ws/build/rcl_lifecycle/CMakeFiles/CMakeDirectoryInformation.cmake" is newer than depender "/home/neu/Desktop/microros_ws/firmware/mcu_ws/build/rcl_lifecycle/CMakeFiles/rcl_lifecycle.dir/depend.internal".
[35m[1mScanning dependencies of target rcl_lifecycle[0m
make[3]: Leaving directory '/home/neu/Desktop/microros_ws/firmware/mcu_ws/build/rcl_lifecycle'
/usr/bin/make -f CMakeFiles/rcl_lifecycle.dir/build.make CMakeFiles/rcl_lifecycle.dir/build
make[3]: Entering directory '/home/neu/Desktop/microros_ws/firmware/mcu_ws/build/rcl_lifecycle'
[ 20%] [32mBuilding C object CMakeFiles/rcl_lifecycle.dir/src/com_interface.c.obj[0m
/home/neu/Desktop/microros_ws/firmware/freertos_apps/microros_nucleo_f446ze_extensions/../../toolchain/bin/arm-none-eabi-gcc -DRCL_LIFECYCLE_BUILDING_DLL -DROS_PACKAGE_NAME=\"rcl_lifecycle\" -I/home/neu/Desktop/microros_ws/firmware/mcu_ws/uros/rcl/rcl_lifecycle/include -isystem /home/neu/Desktop/microros_ws/firmware/mcu_ws/install/rcl/include/rcl -isystem /home/neu/Desktop/microros_ws/firmware/mcu_ws/install/lifecycle_msgs/include/lifecycle_msgs -isystem /home/neu/Desktop/microros_ws/firmware/mcu_ws/install/rosidl_runtime_c/include/rosidl_runtime_c -isystem /home/neu/Desktop/microros_ws/firmware/mcu_ws/install/tracetools/include/tracetools -isystem /home/neu/Desktop/microros_ws/firmware/mcu_ws/install/rcutils/include/rcutils -isystem /home/neu/Desktop/microros_ws/firmware/mcu_ws/install/rosidl_typesupport_interface/include/rosidl_typesupport_interface -isystem /home/neu/Desktop/microros_ws/firmware/mcu_ws/install/rosidl_typesupport_introspection_c/include/rosidl_typesupport_introspection_c -isystem /home/neu/Desktop/microros_ws/firmware/mcu_ws/install/rcl_interfaces/include/rcl_interfaces -isystem /home/neu/Desktop/microros_ws/firmware/mcu_ws/install/builtin_interfaces/include/builtin_interfaces -isystem /home/neu/Desktop/microros_ws/firmware/mcu_ws/install/rcl_logging_interface/include/rcl_logging_interface -isystem /home/neu/Desktop/microros_ws/firmware/mcu_ws/install/rmw/include/rmw -isystem /home/neu/Desktop/microros_ws/firmware/mcu_ws/install/rmw_microxrcedds/include -isystem /home/neu/Desktop/microros_ws/firmware/mcu_ws/install/microxrcedds_client/include -isystem /home/neu/Desktop/microros_ws/firmware/mcu_ws/install/microcdr/include -isystem /home/neu/Desktop/microros_ws/firmware/mcu_ws/install/rosidl_typesupport_microxrcedds_c/include  -std=c11 -mcpu=cortex-m4 -mthumb -mfpu=fpv4-sp-d16 -mfloat-abi=hard -DUSE_HAL_DRIVER -DSTM32F446xx -D_TIMEVAL_DEFINED -O0 -Wall -fdata-sections -ffunction-sections  -DCLOCK_MONOTONIC=0 -g   -fvisibility=hidden -Wall -Wextra -Wpedantic -Wformat=2 -Wconversion -Wshadow -Wsign-conversion -std=gnu11 -o CMakeFiles/rcl_lifecycle.dir/src/com_interface.c.obj   -c /home/neu/Desktop/microros_ws/firmware/mcu_ws/uros/rcl/rcl_lifecycle/src/com_interface.c
[ 80%] [32mBuilding C object CMakeFiles/rcl_lifecycle.dir/src/rcl_lifecycle.c.obj[0m
[ 80%] [32mBuilding C object CMakeFiles/rcl_lifecycle.dir/src/transition_map.c.obj[0m
[ 80%] [32mBuilding C object CMakeFiles/rcl_lifecycle.dir/src/default_state_machine.c.obj[0m
/home/neu/Desktop/microros_ws/firmware/freertos_apps/microros_nucleo_f446ze_extensions/../../toolchain/bin/arm-none-eabi-gcc -DRCL_LIFECYCLE_BUILDING_DLL -DROS_PACKAGE_NAME=\"rcl_lifecycle\" -I/home/neu/Desktop/microros_ws/firmware/mcu_ws/uros/rcl/rcl_lifecycle/include -isystem /home/neu/Desktop/microros_ws/firmware/mcu_ws/install/rcl/include/rcl -isystem /home/neu/Desktop/microros_ws/firmware/mcu_ws/install/lifecycle_msgs/include/lifecycle_msgs -isystem /home/neu/Desktop/microros_ws/firmware/mcu_ws/install/rosidl_runtime_c/include/rosidl_runtime_c -isystem /home/neu/Desktop/microros_ws/firmware/mcu_ws/install/tracetools/include/tracetools -isystem /home/neu/Desktop/microros_ws/firmware/mcu_ws/install/rcutils/include/rcutils -isystem /home/neu/Desktop/microros_ws/firmware/mcu_ws/install/rosidl_typesupport_interface/include/rosidl_typesupport_interface -isystem /home/neu/Desktop/microros_ws/firmware/mcu_ws/install/rosidl_typesupport_introspection_c/include/rosidl_typesupport_introspection_c -isystem /home/neu/Desktop/microros_ws/firmware/mcu_ws/install/rcl_interfaces/include/rcl_interfaces -isystem /home/neu/Desktop/microros_ws/firmware/mcu_ws/install/builtin_interfaces/include/builtin_interfaces -isystem /home/neu/Desktop/microros_ws/firmware/mcu_ws/install/rcl_logging_interface/include/rcl_logging_interface -isystem /home/neu/Desktop/microros_ws/firmware/mcu_ws/install/rmw/include/rmw -isystem /home/neu/Desktop/microros_ws/firmware/mcu_ws/install/rmw_microxrcedds/include -isystem /home/neu/Desktop/microros_ws/firmware/mcu_ws/install/microxrcedds_client/include -isystem /home/neu/Desktop/microros_ws/firmware/mcu_ws/install/microcdr/include -isystem /home/neu/Desktop/microros_ws/firmware/mcu_ws/install/rosidl_typesupport_microxrcedds_c/include  -std=c11 -mcpu=cortex-m4 -mthumb -mfpu=fpv4-sp-d16 -mfloat-abi=hard -DUSE_HAL_DRIVER -DSTM32F446xx -D_TIMEVAL_DEFINED -O0 -Wall -fdata-sections -ffunction-sections  -DCLOCK_MONOTONIC=0 -g   -fvisibility=hidden -Wall -Wextra -Wpedantic -Wformat=2 -Wconversion -Wshadow -Wsign-conversion -std=gnu11 -o CMakeFiles/rcl_lifecycle.dir/src/default_state_machine.c.obj   -c /home/neu/Desktop/microros_ws/firmware/mcu_ws/uros/rcl/rcl_lifecycle/src/default_state_machine.c
/home/neu/Desktop/microros_ws/firmware/freertos_apps/microros_nucleo_f446ze_extensions/../../toolchain/bin/arm-none-eabi-gcc -DRCL_LIFECYCLE_BUILDING_DLL -DROS_PACKAGE_NAME=\"rcl_lifecycle\" -I/home/neu/Desktop/microros_ws/firmware/mcu_ws/uros/rcl/rcl_lifecycle/include -isystem /home/neu/Desktop/microros_ws/firmware/mcu_ws/install/rcl/include/rcl -isystem /home/neu/Desktop/microros_ws/firmware/mcu_ws/install/lifecycle_msgs/include/lifecycle_msgs -isystem /home/neu/Desktop/microros_ws/firmware/mcu_ws/install/rosidl_runtime_c/include/rosidl_runtime_c -isystem /home/neu/Desktop/microros_ws/firmware/mcu_ws/install/tracetools/include/tracetools -isystem /home/neu/Desktop/microros_ws/firmware/mcu_ws/install/rcutils/include/rcutils -isystem /home/neu/Desktop/microros_ws/firmware/mcu_ws/install/rosidl_typesupport_interface/include/rosidl_typesupport_interface -isystem /home/neu/Desktop/microros_ws/firmware/mcu_ws/install/rosidl_typesupport_introspection_c/include/rosidl_typesupport_introspection_c -isystem /home/neu/Desktop/microros_ws/firmware/mcu_ws/install/rcl_interfaces/include/rcl_interfaces -isystem /home/neu/Desktop/microros_ws/firmware/mcu_ws/install/builtin_interfaces/include/builtin_interfaces -isystem /home/neu/Desktop/microros_ws/firmware/mcu_ws/install/rcl_logging_interface/include/rcl_logging_interface -isystem /home/neu/Desktop/microros_ws/firmware/mcu_ws/install/rmw/include/rmw -isystem /home/neu/Desktop/microros_ws/firmware/mcu_ws/install/rmw_microxrcedds/include -isystem /home/neu/Desktop/microros_ws/firmware/mcu_ws/install/microxrcedds_client/include -isystem /home/neu/Desktop/microros_ws/firmware/mcu_ws/install/microcdr/include -isystem /home/neu/Desktop/microros_ws/firmware/mcu_ws/install/rosidl_typesupport_microxrcedds_c/include  -std=c11 -mcpu=cortex-m4 -mthumb -mfpu=fpv4-sp-d16 -mfloat-abi=hard -DUSE_HAL_DRIVER -DSTM32F446xx -D_TIMEVAL_DEFINED -O0 -Wall -fdata-sections -ffunction-sections  -DCLOCK_MONOTONIC=0 -g   -fvisibility=hidden -Wall -Wextra -Wpedantic -Wformat=2 -Wconversion -Wshadow -Wsign-conversion -std=gnu11 -o CMakeFiles/rcl_lifecycle.dir/src/rcl_lifecycle.c.obj   -c /home/neu/Desktop/microros_ws/firmware/mcu_ws/uros/rcl/rcl_lifecycle/src/rcl_lifecycle.c
/home/neu/Desktop/microros_ws/firmware/freertos_apps/microros_nucleo_f446ze_extensions/../../toolchain/bin/arm-none-eabi-gcc -DRCL_LIFECYCLE_BUILDING_DLL -DROS_PACKAGE_NAME=\"rcl_lifecycle\" -I/home/neu/Desktop/microros_ws/firmware/mcu_ws/uros/rcl/rcl_lifecycle/include -isystem /home/neu/Desktop/microros_ws/firmware/mcu_ws/install/rcl/include/rcl -isystem /home/neu/Desktop/microros_ws/firmware/mcu_ws/install/lifecycle_msgs/include/lifecycle_msgs -isystem /home/neu/Desktop/microros_ws/firmware/mcu_ws/install/rosidl_runtime_c/include/rosidl_runtime_c -isystem /home/neu/Desktop/microros_ws/firmware/mcu_ws/install/tracetools/include/tracetools -isystem /home/neu/Desktop/microros_ws/firmware/mcu_ws/install/rcutils/include/rcutils -isystem /home/neu/Desktop/microros_ws/firmware/mcu_ws/install/rosidl_typesupport_interface/include/rosidl_typesupport_interface -isystem /home/neu/Desktop/microros_ws/firmware/mcu_ws/install/rosidl_typesupport_introspection_c/include/rosidl_typesupport_introspection_c -isystem /home/neu/Desktop/microros_ws/firmware/mcu_ws/install/rcl_interfaces/include/rcl_interfaces -isystem /home/neu/Desktop/microros_ws/firmware/mcu_ws/install/builtin_interfaces/include/builtin_interfaces -isystem /home/neu/Desktop/microros_ws/firmware/mcu_ws/install/rcl_logging_interface/include/rcl_logging_interface -isystem /home/neu/Desktop/microros_ws/firmware/mcu_ws/install/rmw/include/rmw -isystem /home/neu/Desktop/microros_ws/firmware/mcu_ws/install/rmw_microxrcedds/include -isystem /home/neu/Desktop/microros_ws/firmware/mcu_ws/install/microxrcedds_client/include -isystem /home/neu/Desktop/microros_ws/firmware/mcu_ws/install/microcdr/include -isystem /home/neu/Desktop/microros_ws/firmware/mcu_ws/install/rosidl_typesupport_microxrcedds_c/include  -std=c11 -mcpu=cortex-m4 -mthumb -mfpu=fpv4-sp-d16 -mfloat-abi=hard -DUSE_HAL_DRIVER -DSTM32F446xx -D_TIMEVAL_DEFINED -O0 -Wall -fdata-sections -ffunction-sections  -DCLOCK_MONOTONIC=0 -g   -fvisibility=hidden -Wall -Wextra -Wpedantic -Wformat=2 -Wconversion -Wshadow -Wsign-conversion -std=gnu11 -o CMakeFiles/rcl_lifecycle.dir/src/transition_map.c.obj   -c /home/neu/Desktop/microros_ws/firmware/mcu_ws/uros/rcl/rcl_lifecycle/src/transition_map.c
[01m[K/home/neu/Desktop/microros_ws/firmware/mcu_ws/uros/rcl/rcl_lifecycle/src/rcl_lifecycle.c:[m[K In function '[01m[Krcl_lifecycle_state_machine_fini[m[K':
[01m[K/home/neu/Desktop/microros_ws/firmware/mcu_ws/uros/rcl/rcl_lifecycle/src/rcl_lifecycle.c:265:24:[m[K [01;35m[Kwarning: [m[Kunused variable '[01m[Kerror_string[m[K' [[01;35m[K-Wunused-variable[m[K]
     rcl_error_string_t [01;35m[Kerror_string[m[K = rcl_get_error_string();
                        [01;35m[K^~~~~~~~~~~~[m[K
[01m[K/home/neu/Desktop/microros_ws/firmware/mcu_ws/uros/rcl/rcl_lifecycle/src/rcl_lifecycle.c:275:24:[m[K [01;35m[Kwarning: [m[Kunused variable '[01m[Kerror_string[m[K' [[01;35m[K-Wunused-variable[m[K]
     rcl_error_string_t [01;35m[Kerror_string[m[K = rcl_get_error_string();
                        [01;35m[K^~~~~~~~~~~~[m[K
[01m[K/home/neu/Desktop/microros_ws/firmware/mcu_ws/uros/rcl/rcl_lifecycle/src/rcl_lifecycle.c:[m[K In function '[01m[K_trigger_transition[m[K':
[01m[K/home/neu/Desktop/microros_ws/firmware/mcu_ws/uros/rcl/rcl_lifecycle/src/rcl_lifecycle.c:366:26:[m[K [01;35m[Kwarning: [m[Kunused variable '[01m[Kerror_string[m[K' [[01;35m[K-Wunused-variable[m[K]
       rcl_error_string_t [01;35m[Kerror_string[m[K = rcl_get_error_string();
                          [01;35m[K^~~~~~~~~~~~[m[K
[100%] [32m[1mLinking CXX static library librcl_lifecycle.a[0m
/usr/bin/cmake -P CMakeFiles/rcl_lifecycle.dir/cmake_clean_target.cmake
/usr/bin/cmake -E cmake_link_script CMakeFiles/rcl_lifecycle.dir/link.txt --verbose=1
/home/neu/Desktop/microros_ws/firmware/toolchain/bin/arm-none-eabi-ar qc librcl_lifecycle.a  CMakeFiles/rcl_lifecycle.dir/src/com_interface.c.obj CMakeFiles/rcl_lifecycle.dir/src/default_state_machine.c.obj CMakeFiles/rcl_lifecycle.dir/src/rcl_lifecycle.c.obj CMakeFiles/rcl_lifecycle.dir/src/transition_map.c.obj
/home/neu/Desktop/microros_ws/firmware/toolchain/bin/arm-none-eabi-ranlib librcl_lifecycle.a
make[3]: Leaving directory '/home/neu/Desktop/microros_ws/firmware/mcu_ws/build/rcl_lifecycle'
[100%] Built target rcl_lifecycle
make[2]: Leaving directory '/home/neu/Desktop/microros_ws/firmware/mcu_ws/build/rcl_lifecycle'
/usr/bin/cmake -E cmake_progress_start /home/neu/Desktop/microros_ws/firmware/mcu_ws/build/rcl_lifecycle/CMakeFiles 0
make[1]: Leaving directory '/home/neu/Desktop/microros_ws/firmware/mcu_ws/build/rcl_lifecycle'
-- Install configuration: "Debug"
-- Installing: /home/neu/Desktop/microros_ws/firmware/mcu_ws/install/rcl_lifecycle/lib/librcl_lifecycle.a
-- Installing: /home/neu/Desktop/microros_ws/firmware/mcu_ws/install/rcl_lifecycle/share/rcl_lifecycle/environment/library_path.sh
-- Installing: /home/neu/Desktop/microros_ws/firmware/mcu_ws/install/rcl_lifecycle/share/rcl_lifecycle/environment/library_path.dsv
-- Installing: /home/neu/Desktop/microros_ws/firmware/mcu_ws/install/rcl_lifecycle/share/ament_index/resource_index/package_run_dependencies/rcl_lifecycle
-- Installing: /home/neu/Desktop/microros_ws/firmware/mcu_ws/install/rcl_lifecycle/share/ament_index/resource_index/parent_prefix_path/rcl_lifecycle
-- Installing: /home/neu/Desktop/microros_ws/firmware/mcu_ws/install/rcl_lifecycle/share/rcl_lifecycle/environment/ament_prefix_path.sh
-- Installing: /home/neu/Desktop/microros_ws/firmware/mcu_ws/install/rcl_lifecycle/share/rcl_lifecycle/environment/ament_prefix_path.dsv
-- Installing: /home/neu/Desktop/microros_ws/firmware/mcu_ws/install/rcl_lifecycle/share/rcl_lifecycle/environment/path.sh
-- Installing: /home/neu/Desktop/microros_ws/firmware/mcu_ws/install/rcl_lifecycle/share/rcl_lifecycle/environment/path.dsv
-- Installing: /home/neu/Desktop/microros_ws/firmware/mcu_ws/install/rcl_lifecycle/share/rcl_lifecycle/local_setup.bash
-- Installing: /home/neu/Desktop/microros_ws/firmware/mcu_ws/install/rcl_lifecycle/share/rcl_lifecycle/local_setup.sh
-- Installing: /home/neu/Desktop/microros_ws/firmware/mcu_ws/install/rcl_lifecycle/share/rcl_lifecycle/local_setup.zsh
-- Installing: /home/neu/Desktop/microros_ws/firmware/mcu_ws/install/rcl_lifecycle/share/rcl_lifecycle/local_setup.dsv
-- Installing: /home/neu/Desktop/microros_ws/firmware/mcu_ws/install/rcl_lifecycle/share/rcl_lifecycle/package.dsv
-- Installing: /home/neu/Desktop/microros_ws/firmware/mcu_ws/install/rcl_lifecycle/share/ament_index/resource_index/packages/rcl_lifecycle
-- Installing: /home/neu/Desktop/microros_ws/firmware/mcu_ws/install/rcl_lifecycle/share/rcl_lifecycle/cmake/rcl_lifecycleExport.cmake
-- Installing: /home/neu/Desktop/microros_ws/firmware/mcu_ws/install/rcl_lifecycle/share/rcl_lifecycle/cmake/rcl_lifecycleExport-debug.cmake
-- Installing: /home/neu/Desktop/microros_ws/firmware/mcu_ws/install/rcl_lifecycle/share/rcl_lifecycle/cmake/ament_cmake_export_include_directories-extras.cmake
-- Installing: /home/neu/Desktop/microros_ws/firmware/mcu_ws/install/rcl_lifecycle/share/rcl_lifecycle/cmake/ament_cmake_export_libraries-extras.cmake
-- Installing: /home/neu/Desktop/microros_ws/firmware/mcu_ws/install/rcl_lifecycle/share/rcl_lifecycle/cmake/ament_cmake_export_targets-extras.cmake
-- Installing: /home/neu/Desktop/microros_ws/firmware/mcu_ws/install/rcl_lifecycle/share/rcl_lifecycle/cmake/ament_cmake_export_dependencies-extras.cmake
-- Installing: /home/neu/Desktop/microros_ws/firmware/mcu_ws/install/rcl_lifecycle/share/rcl_lifecycle/cmake/rcl_lifecycleConfig.cmake
-- Installing: /home/neu/Desktop/microros_ws/firmware/mcu_ws/install/rcl_lifecycle/share/rcl_lifecycle/cmake/rcl_lifecycleConfig-version.cmake
-- Installing: /home/neu/Desktop/microros_ws/firmware/mcu_ws/install/rcl_lifecycle/share/rcl_lifecycle/package.xml
-- Installing: /home/neu/Desktop/microros_ws/firmware/mcu_ws/install/rcl_lifecycle/include/rcl_lifecycle
-- Installing: /home/neu/Desktop/microros_ws/firmware/mcu_ws/install/rcl_lifecycle/include/rcl_lifecycle/rcl_lifecycle
-- Installing: /home/neu/Desktop/microros_ws/firmware/mcu_ws/install/rcl_lifecycle/include/rcl_lifecycle/rcl_lifecycle/data_types.h
-- Installing: /home/neu/Desktop/microros_ws/firmware/mcu_ws/install/rcl_lifecycle/include/rcl_lifecycle/rcl_lifecycle/transition_map.h
-- Installing: /home/neu/Desktop/microros_ws/firmware/mcu_ws/install/rcl_lifecycle/include/rcl_lifecycle/rcl_lifecycle/visibility_control.h
-- Installing: /home/neu/Desktop/microros_ws/firmware/mcu_ws/install/rcl_lifecycle/include/rcl_lifecycle/rcl_lifecycle/rcl_lifecycle.h
-- Installing: /home/neu/Desktop/microros_ws/firmware/mcu_ws/install/rcl_lifecycle/include/rcl_lifecycle/rcl_lifecycle/default_state_machine.h
