Not searching for unused variables given on the command line.
-- The C compiler identification is GNU 8.3.1
-- The CXX compiler identification is GNU 8.3.1
-- Check for working C compiler: /home/neu/Desktop/microros_ws/firmware/freertos_apps/microros_nucleo_f446ze_extensions/../../toolchain/bin/arm-none-eabi-gcc
-- Check for working C compiler: /home/neu/Desktop/microros_ws/firmware/freertos_apps/microros_nucleo_f446ze_extensions/../../toolchain/bin/arm-none-eabi-gcc -- works
-- Detecting C compiler ABI info
-- Detecting C compiler ABI info - done
-- Detecting C compile features
-- Detecting C compile features - done
-- Check for working CXX compiler: /home/neu/Desktop/microros_ws/firmware/freertos_apps/microros_nucleo_f446ze_extensions/../../toolchain/bin/arm-none-eabi-g++
-- Check for working CXX compiler: /home/neu/Desktop/microros_ws/firmware/freertos_apps/microros_nucleo_f446ze_extensions/../../toolchain/bin/arm-none-eabi-g++ -- works
-- Detecting CXX compiler ABI info
-- Detecting CXX compiler ABI info - done
-- Detecting CXX compile features
-- Detecting CXX compile features - done
-- Found ament_cmake: 1.3.5 (/home/neu/Desktop/microros_ws/firmware/dev_ws/install/ament_cmake/share/ament_cmake/cmake)
-- Found Python3: /usr/bin/python3.8 (found version "3.8.10") found components: Interpreter 
-- Found rosidl_default_generators: 1.2.0 (/home/neu/Desktop/microros_ws/firmware/mcu_ws/install/rosidl_default_generators/share/rosidl_default_generators/cmake)
-- Using all available rosidl_typesupport_c: rosidl_typesupport_microxrcedds_c;rosidl_typesupport_introspection_c
-- Found rosidl_adapter: 3.1.5 (/home/neu/Desktop/microros_ws/firmware/mcu_ws/install/rosidl_adapter/share/rosidl_adapter/cmake)
CMake Warning at /home/neu/Desktop/microros_ws/firmware/mcu_ws/install/rcutils/share/rcutils/cmake/ament_cmake_export_libraries-extras.cmake:116 (message):
  Package 'rcutils' exports library 'dl' which couldn't be found
Call Stack (most recent call first):
  /home/neu/Desktop/microros_ws/firmware/mcu_ws/install/rcutils/share/rcutils/cmake/rcutilsConfig.cmake:41 (include)
  /home/neu/Desktop/microros_ws/firmware/mcu_ws/install/rmw/share/rmw/cmake/ament_cmake_export_dependencies-extras.cmake:21 (find_package)
  /home/neu/Desktop/microros_ws/firmware/mcu_ws/install/rmw/share/rmw/cmake/rmwConfig.cmake:41 (include)
  /home/neu/Desktop/microros_ws/firmware/mcu_ws/install/rosidl_typesupport_microxrcedds_c/share/rosidl_typesupport_microxrcedds_c/cmake/ament_cmake_export_dependencies-extras.cmake:21 (find_package)
  /home/neu/Desktop/microros_ws/firmware/mcu_ws/install/rosidl_typesupport_microxrcedds_c/share/rosidl_typesupport_microxrcedds_c/cmake/rosidl_typesupport_microxrcedds_cConfig.cmake:41 (include)
  /home/neu/Desktop/microros_ws/firmware/mcu_ws/install/rosidl_typesupport_c/share/rosidl_typesupport_c/cmake/rosidl_typesupport_c-extras.cmake:13 (find_package)
  /home/neu/Desktop/microros_ws/firmware/mcu_ws/install/rosidl_typesupport_c/share/rosidl_typesupport_c/cmake/rosidl_typesupport_cConfig.cmake:41 (include)
  /home/neu/Desktop/microros_ws/firmware/mcu_ws/install/rosidl_default_generators/share/rosidl_default_generators/cmake/rosidl_default_generators-extras.cmake:21 (find_package)
  /home/neu/Desktop/microros_ws/firmware/mcu_ws/install/rosidl_default_generators/share/rosidl_default_generators/cmake/rosidl_default_generatorsConfig.cmake:41 (include)
  CMakeLists.txt:14 (find_package)


-- Found ament_cmake_ros: 0.10.0 (/home/neu/Desktop/microros_ws/firmware/dev_ws/install/ament_cmake_ros/share/ament_cmake_ros/cmake)
-- Using all available rosidl_typesupport_c: rosidl_typesupport_microxrcedds_c;rosidl_typesupport_introspection_c
-- Configuring done
-- Generating done
-- Build files have been written to: /home/neu/Desktop/microros_ws/firmware/mcu_ws/build/lifecycle_msgs
make[1]: Entering directory '/home/neu/Desktop/microros_ws/firmware/mcu_ws/build/lifecycle_msgs'
/usr/bin/cmake -S/home/neu/Desktop/microros_ws/firmware/mcu_ws/ros2/rcl_interfaces/lifecycle_msgs -B/home/neu/Desktop/microros_ws/firmware/mcu_ws/build/lifecycle_msgs --check-build-system CMakeFiles/Makefile.cmake 0
/usr/bin/cmake -E cmake_progress_start /home/neu/Desktop/microros_ws/firmware/mcu_ws/build/lifecycle_msgs/CMakeFiles /home/neu/Desktop/microros_ws/firmware/mcu_ws/build/lifecycle_msgs/CMakeFiles/progress.marks
/usr/bin/make -f CMakeFiles/Makefile2 all
make[2]: Entering directory '/home/neu/Desktop/microros_ws/firmware/mcu_ws/build/lifecycle_msgs'
/usr/bin/make -f CMakeFiles/lifecycle_msgs__rosidl_generator_c.dir/build.make CMakeFiles/lifecycle_msgs__rosidl_generator_c.dir/depend
make[3]: Entering directory '/home/neu/Desktop/microros_ws/firmware/mcu_ws/build/lifecycle_msgs'
[  2%] [34m[1mGenerating C code for ROS interfaces[0m
/usr/bin/python3.8 /home/neu/Desktop/microros_ws/firmware/mcu_ws/install/rosidl_generator_c/share/rosidl_generator_c/cmake/../../../lib/rosidl_generator_c/rosidl_generator_c --generator-arguments-file /home/neu/Desktop/microros_ws/firmware/mcu_ws/build/lifecycle_msgs/rosidl_generator_c__arguments.json
cd /home/neu/Desktop/microros_ws/firmware/mcu_ws/build/lifecycle_msgs && /usr/bin/cmake -E cmake_depends "Unix Makefiles" /home/neu/Desktop/microros_ws/firmware/mcu_ws/ros2/rcl_interfaces/lifecycle_msgs /home/neu/Desktop/microros_ws/firmware/mcu_ws/ros2/rcl_interfaces/lifecycle_msgs /home/neu/Desktop/microros_ws/firmware/mcu_ws/build/lifecycle_msgs /home/neu/Desktop/microros_ws/firmware/mcu_ws/build/lifecycle_msgs /home/neu/Desktop/microros_ws/firmware/mcu_ws/build/lifecycle_msgs/CMakeFiles/lifecycle_msgs__rosidl_generator_c.dir/DependInfo.cmake --color=
Dependee "/home/neu/Desktop/microros_ws/firmware/mcu_ws/build/lifecycle_msgs/CMakeFiles/lifecycle_msgs__rosidl_generator_c.dir/DependInfo.cmake" is newer than depender "/home/neu/Desktop/microros_ws/firmware/mcu_ws/build/lifecycle_msgs/CMakeFiles/lifecycle_msgs__rosidl_generator_c.dir/depend.internal".
Dependee "/home/neu/Desktop/microros_ws/firmware/mcu_ws/build/lifecycle_msgs/CMakeFiles/CMakeDirectoryInformation.cmake" is newer than depender "/home/neu/Desktop/microros_ws/firmware/mcu_ws/build/lifecycle_msgs/CMakeFiles/lifecycle_msgs__rosidl_generator_c.dir/depend.internal".
[35m[1mScanning dependencies of target lifecycle_msgs__rosidl_generator_c[0m
make[3]: Leaving directory '/home/neu/Desktop/microros_ws/firmware/mcu_ws/build/lifecycle_msgs'
/usr/bin/make -f CMakeFiles/lifecycle_msgs__rosidl_generator_c.dir/build.make CMakeFiles/lifecycle_msgs__rosidl_generator_c.dir/build
make[3]: Entering directory '/home/neu/Desktop/microros_ws/firmware/mcu_ws/build/lifecycle_msgs'
[  5%] [32mBuilding C object CMakeFiles/lifecycle_msgs__rosidl_generator_c.dir/rosidl_generator_c/lifecycle_msgs/msg/detail/state__functions.c.obj[0m
/home/neu/Desktop/microros_ws/firmware/freertos_apps/microros_nucleo_f446ze_extensions/../../toolchain/bin/arm-none-eabi-gcc -DROS_PACKAGE_NAME=\"lifecycle_msgs\" -I/home/neu/Desktop/microros_ws/firmware/mcu_ws/build/lifecycle_msgs/rosidl_generator_c -isystem /home/neu/Desktop/microros_ws/firmware/mcu_ws/install/rosidl_runtime_c/include/rosidl_runtime_c -isystem /home/neu/Desktop/microros_ws/firmware/mcu_ws/install/rcutils/include/rcutils -isystem /home/neu/Desktop/microros_ws/firmware/mcu_ws/install/rosidl_typesupport_interface/include/rosidl_typesupport_interface  -std=c11 -mcpu=cortex-m4 -mthumb -mfpu=fpv4-sp-d16 -mfloat-abi=hard -DUSE_HAL_DRIVER -DSTM32F446xx -D_TIMEVAL_DEFINED -O0 -Wall -fdata-sections -ffunction-sections  -DCLOCK_MONOTONIC=0 -g   -Wall -std=gnu11 -o CMakeFiles/lifecycle_msgs__rosidl_generator_c.dir/rosidl_generator_c/lifecycle_msgs/msg/detail/state__functions.c.obj   -c /home/neu/Desktop/microros_ws/firmware/mcu_ws/build/lifecycle_msgs/rosidl_generator_c/lifecycle_msgs/msg/detail/state__functions.c
[  7%] [32mBuilding C object CMakeFiles/lifecycle_msgs__rosidl_generator_c.dir/rosidl_generator_c/lifecycle_msgs/srv/detail/get_available_states__functions.c.obj[0m
/home/neu/Desktop/microros_ws/firmware/freertos_apps/microros_nucleo_f446ze_extensions/../../toolchain/bin/arm-none-eabi-gcc -DROS_PACKAGE_NAME=\"lifecycle_msgs\" -I/home/neu/Desktop/microros_ws/firmware/mcu_ws/build/lifecycle_msgs/rosidl_generator_c -isystem /home/neu/Desktop/microros_ws/firmware/mcu_ws/install/rosidl_runtime_c/include/rosidl_runtime_c -isystem /home/neu/Desktop/microros_ws/firmware/mcu_ws/install/rcutils/include/rcutils -isystem /home/neu/Desktop/microros_ws/firmware/mcu_ws/install/rosidl_typesupport_interface/include/rosidl_typesupport_interface  -std=c11 -mcpu=cortex-m4 -mthumb -mfpu=fpv4-sp-d16 -mfloat-abi=hard -DUSE_HAL_DRIVER -DSTM32F446xx -D_TIMEVAL_DEFINED -O0 -Wall -fdata-sections -ffunction-sections  -DCLOCK_MONOTONIC=0 -g   -Wall -std=gnu11 -o CMakeFiles/lifecycle_msgs__rosidl_generator_c.dir/rosidl_generator_c/lifecycle_msgs/srv/detail/get_available_states__functions.c.obj   -c /home/neu/Desktop/microros_ws/firmware/mcu_ws/build/lifecycle_msgs/rosidl_generator_c/lifecycle_msgs/srv/detail/get_available_states__functions.c
[ 10%] [32mBuilding C object CMakeFiles/lifecycle_msgs__rosidl_generator_c.dir/rosidl_generator_c/lifecycle_msgs/msg/detail/transition__functions.c.obj[0m
/home/neu/Desktop/microros_ws/firmware/freertos_apps/microros_nucleo_f446ze_extensions/../../toolchain/bin/arm-none-eabi-gcc -DROS_PACKAGE_NAME=\"lifecycle_msgs\" -I/home/neu/Desktop/microros_ws/firmware/mcu_ws/build/lifecycle_msgs/rosidl_generator_c -isystem /home/neu/Desktop/microros_ws/firmware/mcu_ws/install/rosidl_runtime_c/include/rosidl_runtime_c -isystem /home/neu/Desktop/microros_ws/firmware/mcu_ws/install/rcutils/include/rcutils -isystem /home/neu/Desktop/microros_ws/firmware/mcu_ws/install/rosidl_typesupport_interface/include/rosidl_typesupport_interface  -std=c11 -mcpu=cortex-m4 -mthumb -mfpu=fpv4-sp-d16 -mfloat-abi=hard -DUSE_HAL_DRIVER -DSTM32F446xx -D_TIMEVAL_DEFINED -O0 -Wall -fdata-sections -ffunction-sections  -DCLOCK_MONOTONIC=0 -g   -Wall -std=gnu11 -o CMakeFiles/lifecycle_msgs__rosidl_generator_c.dir/rosidl_generator_c/lifecycle_msgs/msg/detail/transition__functions.c.obj   -c /home/neu/Desktop/microros_ws/firmware/mcu_ws/build/lifecycle_msgs/rosidl_generator_c/lifecycle_msgs/msg/detail/transition__functions.c
[ 12%] [32mBuilding C object CMakeFiles/lifecycle_msgs__rosidl_generator_c.dir/rosidl_generator_c/lifecycle_msgs/srv/detail/get_available_transitions__functions.c.obj[0m
[ 17%] [32mBuilding C object CMakeFiles/lifecycle_msgs__rosidl_generator_c.dir/rosidl_generator_c/lifecycle_msgs/msg/detail/transition_description__functions.c.obj[0m
[ 17%] [32mBuilding C object CMakeFiles/lifecycle_msgs__rosidl_generator_c.dir/rosidl_generator_c/lifecycle_msgs/msg/detail/transition_event__functions.c.obj[0m
[ 20%] [32mBuilding C object CMakeFiles/lifecycle_msgs__rosidl_generator_c.dir/rosidl_generator_c/lifecycle_msgs/srv/detail/change_state__functions.c.obj[0m
/home/neu/Desktop/microros_ws/firmware/freertos_apps/microros_nucleo_f446ze_extensions/../../toolchain/bin/arm-none-eabi-gcc -DROS_PACKAGE_NAME=\"lifecycle_msgs\" -I/home/neu/Desktop/microros_ws/firmware/mcu_ws/build/lifecycle_msgs/rosidl_generator_c -isystem /home/neu/Desktop/microros_ws/firmware/mcu_ws/install/rosidl_runtime_c/include/rosidl_runtime_c -isystem /home/neu/Desktop/microros_ws/firmware/mcu_ws/install/rcutils/include/rcutils -isystem /home/neu/Desktop/microros_ws/firmware/mcu_ws/install/rosidl_typesupport_interface/include/rosidl_typesupport_interface  -std=c11 -mcpu=cortex-m4 -mthumb -mfpu=fpv4-sp-d16 -mfloat-abi=hard -DUSE_HAL_DRIVER -DSTM32F446xx -D_TIMEVAL_DEFINED -O0 -Wall -fdata-sections -ffunction-sections  -DCLOCK_MONOTONIC=0 -g   -Wall -std=gnu11 -o CMakeFiles/lifecycle_msgs__rosidl_generator_c.dir/rosidl_generator_c/lifecycle_msgs/srv/detail/get_available_transitions__functions.c.obj   -c /home/neu/Desktop/microros_ws/firmware/mcu_ws/build/lifecycle_msgs/rosidl_generator_c/lifecycle_msgs/srv/detail/get_available_transitions__functions.c
/home/neu/Desktop/microros_ws/firmware/freertos_apps/microros_nucleo_f446ze_extensions/../../toolchain/bin/arm-none-eabi-gcc -DROS_PACKAGE_NAME=\"lifecycle_msgs\" -I/home/neu/Desktop/microros_ws/firmware/mcu_ws/build/lifecycle_msgs/rosidl_generator_c -isystem /home/neu/Desktop/microros_ws/firmware/mcu_ws/install/rosidl_runtime_c/include/rosidl_runtime_c -isystem /home/neu/Desktop/microros_ws/firmware/mcu_ws/install/rcutils/include/rcutils -isystem /home/neu/Desktop/microros_ws/firmware/mcu_ws/install/rosidl_typesupport_interface/include/rosidl_typesupport_interface  -std=c11 -mcpu=cortex-m4 -mthumb -mfpu=fpv4-sp-d16 -mfloat-abi=hard -DUSE_HAL_DRIVER -DSTM32F446xx -D_TIMEVAL_DEFINED -O0 -Wall -fdata-sections -ffunction-sections  -DCLOCK_MONOTONIC=0 -g   -Wall -std=gnu11 -o CMakeFiles/lifecycle_msgs__rosidl_generator_c.dir/rosidl_generator_c/lifecycle_msgs/msg/detail/transition_event__functions.c.obj   -c /home/neu/Desktop/microros_ws/firmware/mcu_ws/build/lifecycle_msgs/rosidl_generator_c/lifecycle_msgs/msg/detail/transition_event__functions.c
/home/neu/Desktop/microros_ws/firmware/freertos_apps/microros_nucleo_f446ze_extensions/../../toolchain/bin/arm-none-eabi-gcc -DROS_PACKAGE_NAME=\"lifecycle_msgs\" -I/home/neu/Desktop/microros_ws/firmware/mcu_ws/build/lifecycle_msgs/rosidl_generator_c -isystem /home/neu/Desktop/microros_ws/firmware/mcu_ws/install/rosidl_runtime_c/include/rosidl_runtime_c -isystem /home/neu/Desktop/microros_ws/firmware/mcu_ws/install/rcutils/include/rcutils -isystem /home/neu/Desktop/microros_ws/firmware/mcu_ws/install/rosidl_typesupport_interface/include/rosidl_typesupport_interface  -std=c11 -mcpu=cortex-m4 -mthumb -mfpu=fpv4-sp-d16 -mfloat-abi=hard -DUSE_HAL_DRIVER -DSTM32F446xx -D_TIMEVAL_DEFINED -O0 -Wall -fdata-sections -ffunction-sections  -DCLOCK_MONOTONIC=0 -g   -Wall -std=gnu11 -o CMakeFiles/lifecycle_msgs__rosidl_generator_c.dir/rosidl_generator_c/lifecycle_msgs/msg/detail/transition_description__functions.c.obj   -c /home/neu/Desktop/microros_ws/firmware/mcu_ws/build/lifecycle_msgs/rosidl_generator_c/lifecycle_msgs/msg/detail/transition_description__functions.c
/home/neu/Desktop/microros_ws/firmware/freertos_apps/microros_nucleo_f446ze_extensions/../../toolchain/bin/arm-none-eabi-gcc -DROS_PACKAGE_NAME=\"lifecycle_msgs\" -I/home/neu/Desktop/microros_ws/firmware/mcu_ws/build/lifecycle_msgs/rosidl_generator_c -isystem /home/neu/Desktop/microros_ws/firmware/mcu_ws/install/rosidl_runtime_c/include/rosidl_runtime_c -isystem /home/neu/Desktop/microros_ws/firmware/mcu_ws/install/rcutils/include/rcutils -isystem /home/neu/Desktop/microros_ws/firmware/mcu_ws/install/rosidl_typesupport_interface/include/rosidl_typesupport_interface  -std=c11 -mcpu=cortex-m4 -mthumb -mfpu=fpv4-sp-d16 -mfloat-abi=hard -DUSE_HAL_DRIVER -DSTM32F446xx -D_TIMEVAL_DEFINED -O0 -Wall -fdata-sections -ffunction-sections  -DCLOCK_MONOTONIC=0 -g   -Wall -std=gnu11 -o CMakeFiles/lifecycle_msgs__rosidl_generator_c.dir/rosidl_generator_c/lifecycle_msgs/srv/detail/change_state__functions.c.obj   -c /home/neu/Desktop/microros_ws/firmware/mcu_ws/build/lifecycle_msgs/rosidl_generator_c/lifecycle_msgs/srv/detail/change_state__functions.c
[ 22%] [32mBuilding C object CMakeFiles/lifecycle_msgs__rosidl_generator_c.dir/rosidl_generator_c/lifecycle_msgs/srv/detail/get_state__functions.c.obj[0m
/home/neu/Desktop/microros_ws/firmware/freertos_apps/microros_nucleo_f446ze_extensions/../../toolchain/bin/arm-none-eabi-gcc -DROS_PACKAGE_NAME=\"lifecycle_msgs\" -I/home/neu/Desktop/microros_ws/firmware/mcu_ws/build/lifecycle_msgs/rosidl_generator_c -isystem /home/neu/Desktop/microros_ws/firmware/mcu_ws/install/rosidl_runtime_c/include/rosidl_runtime_c -isystem /home/neu/Desktop/microros_ws/firmware/mcu_ws/install/rcutils/include/rcutils -isystem /home/neu/Desktop/microros_ws/firmware/mcu_ws/install/rosidl_typesupport_interface/include/rosidl_typesupport_interface  -std=c11 -mcpu=cortex-m4 -mthumb -mfpu=fpv4-sp-d16 -mfloat-abi=hard -DUSE_HAL_DRIVER -DSTM32F446xx -D_TIMEVAL_DEFINED -O0 -Wall -fdata-sections -ffunction-sections  -DCLOCK_MONOTONIC=0 -g   -Wall -std=gnu11 -o CMakeFiles/lifecycle_msgs__rosidl_generator_c.dir/rosidl_generator_c/lifecycle_msgs/srv/detail/get_state__functions.c.obj   -c /home/neu/Desktop/microros_ws/firmware/mcu_ws/build/lifecycle_msgs/rosidl_generator_c/lifecycle_msgs/srv/detail/get_state__functions.c
[ 25%] [32m[1mLinking C static library liblifecycle_msgs__rosidl_generator_c.a[0m
/usr/bin/cmake -P CMakeFiles/lifecycle_msgs__rosidl_generator_c.dir/cmake_clean_target.cmake
/usr/bin/cmake -E cmake_link_script CMakeFiles/lifecycle_msgs__rosidl_generator_c.dir/link.txt --verbose=1
/home/neu/Desktop/microros_ws/firmware/toolchain/bin/arm-none-eabi-ar qc liblifecycle_msgs__rosidl_generator_c.a  CMakeFiles/lifecycle_msgs__rosidl_generator_c.dir/rosidl_generator_c/lifecycle_msgs/msg/detail/state__functions.c.obj CMakeFiles/lifecycle_msgs__rosidl_generator_c.dir/rosidl_generator_c/lifecycle_msgs/msg/detail/transition__functions.c.obj CMakeFiles/lifecycle_msgs__rosidl_generator_c.dir/rosidl_generator_c/lifecycle_msgs/msg/detail/transition_description__functions.c.obj CMakeFiles/lifecycle_msgs__rosidl_generator_c.dir/rosidl_generator_c/lifecycle_msgs/msg/detail/transition_event__functions.c.obj CMakeFiles/lifecycle_msgs__rosidl_generator_c.dir/rosidl_generator_c/lifecycle_msgs/srv/detail/change_state__functions.c.obj CMakeFiles/lifecycle_msgs__rosidl_generator_c.dir/rosidl_generator_c/lifecycle_msgs/srv/detail/get_available_states__functions.c.obj CMakeFiles/lifecycle_msgs__rosidl_generator_c.dir/rosidl_generator_c/lifecycle_msgs/srv/detail/get_available_transitions__functions.c.obj CMakeFiles/lifecycle_msgs__rosidl_generator_c.dir/rosidl_generator_c/lifecycle_msgs/srv/detail/get_state__functions.c.obj
/home/neu/Desktop/microros_ws/firmware/toolchain/bin/arm-none-eabi-ranlib liblifecycle_msgs__rosidl_generator_c.a
make[3]: Leaving directory '/home/neu/Desktop/microros_ws/firmware/mcu_ws/build/lifecycle_msgs'
[ 25%] Built target lifecycle_msgs__rosidl_generator_c
/usr/bin/make -f CMakeFiles/lifecycle_msgs__rosidl_typesupport_introspection_c.dir/build.make CMakeFiles/lifecycle_msgs__rosidl_typesupport_introspection_c.dir/depend
/usr/bin/make -f CMakeFiles/lifecycle_msgs__rosidl_typesupport_microxrcedds_c.dir/build.make CMakeFiles/lifecycle_msgs__rosidl_typesupport_microxrcedds_c.dir/depend
/usr/bin/make -f CMakeFiles/lifecycle_msgs__rosidl_typesupport_c.dir/build.make CMakeFiles/lifecycle_msgs__rosidl_typesupport_c.dir/depend
make[3]: Entering directory '/home/neu/Desktop/microros_ws/firmware/mcu_ws/build/lifecycle_msgs'
make[3]: Entering directory '/home/neu/Desktop/microros_ws/firmware/mcu_ws/build/lifecycle_msgs'
make[3]: Entering directory '/home/neu/Desktop/microros_ws/firmware/mcu_ws/build/lifecycle_msgs'
[ 32%] [34m[1mGenerating C type support for eProsima Micro XRCE-DDS[0m
[ 32%] [34m[1mGenerating C introspection for ROS interfaces[0m
[ 32%] [34m[1mGenerating C type support dispatch for ROS interfaces[0m
/usr/bin/python3.8 /home/neu/Desktop/microros_ws/firmware/mcu_ws/install/rosidl_typesupport_introspection_c/lib/rosidl_typesupport_introspection_c/rosidl_typesupport_introspection_c --generator-arguments-file /home/neu/Desktop/microros_ws/firmware/mcu_ws/build/lifecycle_msgs/rosidl_typesupport_introspection_c__arguments.json
/usr/bin/python3.8 /home/neu/Desktop/microros_ws/firmware/mcu_ws/install/rosidl_typesupport_microxrcedds_c/lib/rosidl_typesupport_microxrcedds_c/rosidl_typesupport_microxrcedds_c --generator-arguments-file /home/neu/Desktop/microros_ws/firmware/mcu_ws/build/lifecycle_msgs/rosidl_typesupport_microxrcedds_c__arguments.json
/usr/bin/python3.8 /home/neu/Desktop/microros_ws/firmware/mcu_ws/install/rosidl_typesupport_c/lib/rosidl_typesupport_c/rosidl_typesupport_c --generator-arguments-file /home/neu/Desktop/microros_ws/firmware/mcu_ws/build/lifecycle_msgs/rosidl_typesupport_c__arguments.json --typesupports rosidl_typesupport_microxrcedds_c rosidl_typesupport_introspection_c
cd /home/neu/Desktop/microros_ws/firmware/mcu_ws/build/lifecycle_msgs && /usr/bin/cmake -E cmake_depends "Unix Makefiles" /home/neu/Desktop/microros_ws/firmware/mcu_ws/ros2/rcl_interfaces/lifecycle_msgs /home/neu/Desktop/microros_ws/firmware/mcu_ws/ros2/rcl_interfaces/lifecycle_msgs /home/neu/Desktop/microros_ws/firmware/mcu_ws/build/lifecycle_msgs /home/neu/Desktop/microros_ws/firmware/mcu_ws/build/lifecycle_msgs /home/neu/Desktop/microros_ws/firmware/mcu_ws/build/lifecycle_msgs/CMakeFiles/lifecycle_msgs__rosidl_typesupport_c.dir/DependInfo.cmake --color=
Dependee "/home/neu/Desktop/microros_ws/firmware/mcu_ws/build/lifecycle_msgs/CMakeFiles/lifecycle_msgs__rosidl_typesupport_c.dir/DependInfo.cmake" is newer than depender "/home/neu/Desktop/microros_ws/firmware/mcu_ws/build/lifecycle_msgs/CMakeFiles/lifecycle_msgs__rosidl_typesupport_c.dir/depend.internal".
Dependee "/home/neu/Desktop/microros_ws/firmware/mcu_ws/build/lifecycle_msgs/CMakeFiles/CMakeDirectoryInformation.cmake" is newer than depender "/home/neu/Desktop/microros_ws/firmware/mcu_ws/build/lifecycle_msgs/CMakeFiles/lifecycle_msgs__rosidl_typesupport_c.dir/depend.internal".
[35m[1mScanning dependencies of target lifecycle_msgs__rosidl_typesupport_c[0m
make[3]: Leaving directory '/home/neu/Desktop/microros_ws/firmware/mcu_ws/build/lifecycle_msgs'
/usr/bin/make -f CMakeFiles/lifecycle_msgs__rosidl_typesupport_c.dir/build.make CMakeFiles/lifecycle_msgs__rosidl_typesupport_c.dir/build
make[3]: Entering directory '/home/neu/Desktop/microros_ws/firmware/mcu_ws/build/lifecycle_msgs'
[ 40%] [32mBuilding CXX object CMakeFiles/lifecycle_msgs__rosidl_typesupport_c.dir/rosidl_typesupport_c/lifecycle_msgs/msg/transition_event__type_support.cpp.obj[0m
[ 40%] [32mBuilding CXX object CMakeFiles/lifecycle_msgs__rosidl_typesupport_c.dir/rosidl_typesupport_c/lifecycle_msgs/msg/state__type_support.cpp.obj[0m
[ 40%] [32mBuilding CXX object CMakeFiles/lifecycle_msgs__rosidl_typesupport_c.dir/rosidl_typesupport_c/lifecycle_msgs/srv/change_state__type_support.cpp.obj[0m
[ 42%] [32mBuilding CXX object CMakeFiles/lifecycle_msgs__rosidl_typesupport_c.dir/rosidl_typesupport_c/lifecycle_msgs/msg/transition_description__type_support.cpp.obj[0m
[ 45%] [32mBuilding CXX object CMakeFiles/lifecycle_msgs__rosidl_typesupport_c.dir/rosidl_typesupport_c/lifecycle_msgs/msg/transition__type_support.cpp.obj[0m
[ 47%] [32mBuilding CXX object CMakeFiles/lifecycle_msgs__rosidl_typesupport_c.dir/rosidl_typesupport_c/lifecycle_msgs/srv/get_state__type_support.cpp.obj[0m
/home/neu/Desktop/microros_ws/firmware/freertos_apps/microros_nucleo_f446ze_extensions/../../toolchain/bin/arm-none-eabi-g++  -DROSIDL_TYPESUPPORT_STATIC_TYPESUPPORT -DROS_PACKAGE_NAME=\"lifecycle_msgs\" -I/home/neu/Desktop/microros_ws/firmware/mcu_ws/build/lifecycle_msgs/rosidl_generator_c -isystem /home/neu/Desktop/microros_ws/firmware/mcu_ws/install/rosidl_runtime_c/include/rosidl_runtime_c -isystem /home/neu/Desktop/microros_ws/firmware/mcu_ws/install/rcutils/include/rcutils -isystem /home/neu/Desktop/microros_ws/firmware/mcu_ws/install/rosidl_typesupport_interface/include/rosidl_typesupport_interface -isystem /home/neu/Desktop/microros_ws/firmware/mcu_ws/install/rosidl_typesupport_c/include/rosidl_typesupport_c  -std=c++14 -mcpu=cortex-m4 -mthumb -mfpu=fpv4-sp-d16 -mfloat-abi=hard -DUSE_HAL_DRIVER -DSTM32F446xx -D_TIMEVAL_DEFINED -O0 -Wall -fdata-sections -ffunction-sections  -DCLOCK_MONOTONIC=0 -g   -Wall -std=gnu++14 -o CMakeFiles/lifecycle_msgs__rosidl_typesupport_c.dir/rosidl_typesupport_c/lifecycle_msgs/msg/state__type_support.cpp.obj -c /home/neu/Desktop/microros_ws/firmware/mcu_ws/build/lifecycle_msgs/rosidl_typesupport_c/lifecycle_msgs/msg/state__type_support.cpp
[ 52%] [32mBuilding CXX object CMakeFiles/lifecycle_msgs__rosidl_typesupport_c.dir/rosidl_typesupport_c/lifecycle_msgs/srv/get_available_transitions__type_support.cpp.obj[0m
[ 52%] [32mBuilding CXX object CMakeFiles/lifecycle_msgs__rosidl_typesupport_c.dir/rosidl_typesupport_c/lifecycle_msgs/srv/get_available_states__type_support.cpp.obj[0m
/home/neu/Desktop/microros_ws/firmware/freertos_apps/microros_nucleo_f446ze_extensions/../../toolchain/bin/arm-none-eabi-g++  -DROSIDL_TYPESUPPORT_STATIC_TYPESUPPORT -DROS_PACKAGE_NAME=\"lifecycle_msgs\" -I/home/neu/Desktop/microros_ws/firmware/mcu_ws/build/lifecycle_msgs/rosidl_generator_c -isystem /home/neu/Desktop/microros_ws/firmware/mcu_ws/install/rosidl_runtime_c/include/rosidl_runtime_c -isystem /home/neu/Desktop/microros_ws/firmware/mcu_ws/install/rcutils/include/rcutils -isystem /home/neu/Desktop/microros_ws/firmware/mcu_ws/install/rosidl_typesupport_interface/include/rosidl_typesupport_interface -isystem /home/neu/Desktop/microros_ws/firmware/mcu_ws/install/rosidl_typesupport_c/include/rosidl_typesupport_c  -std=c++14 -mcpu=cortex-m4 -mthumb -mfpu=fpv4-sp-d16 -mfloat-abi=hard -DUSE_HAL_DRIVER -DSTM32F446xx -D_TIMEVAL_DEFINED -O0 -Wall -fdata-sections -ffunction-sections  -DCLOCK_MONOTONIC=0 -g   -Wall -std=gnu++14 -o CMakeFiles/lifecycle_msgs__rosidl_typesupport_c.dir/rosidl_typesupport_c/lifecycle_msgs/msg/transition_description__type_support.cpp.obj -c /home/neu/Desktop/microros_ws/firmware/mcu_ws/build/lifecycle_msgs/rosidl_typesupport_c/lifecycle_msgs/msg/transition_description__type_support.cpp
/home/neu/Desktop/microros_ws/firmware/freertos_apps/microros_nucleo_f446ze_extensions/../../toolchain/bin/arm-none-eabi-g++  -DROSIDL_TYPESUPPORT_STATIC_TYPESUPPORT -DROS_PACKAGE_NAME=\"lifecycle_msgs\" -I/home/neu/Desktop/microros_ws/firmware/mcu_ws/build/lifecycle_msgs/rosidl_generator_c -isystem /home/neu/Desktop/microros_ws/firmware/mcu_ws/install/rosidl_runtime_c/include/rosidl_runtime_c -isystem /home/neu/Desktop/microros_ws/firmware/mcu_ws/install/rcutils/include/rcutils -isystem /home/neu/Desktop/microros_ws/firmware/mcu_ws/install/rosidl_typesupport_interface/include/rosidl_typesupport_interface -isystem /home/neu/Desktop/microros_ws/firmware/mcu_ws/install/rosidl_typesupport_c/include/rosidl_typesupport_c  -std=c++14 -mcpu=cortex-m4 -mthumb -mfpu=fpv4-sp-d16 -mfloat-abi=hard -DUSE_HAL_DRIVER -DSTM32F446xx -D_TIMEVAL_DEFINED -O0 -Wall -fdata-sections -ffunction-sections  -DCLOCK_MONOTONIC=0 -g   -Wall -std=gnu++14 -o CMakeFiles/lifecycle_msgs__rosidl_typesupport_c.dir/rosidl_typesupport_c/lifecycle_msgs/msg/transition__type_support.cpp.obj -c /home/neu/Desktop/microros_ws/firmware/mcu_ws/build/lifecycle_msgs/rosidl_typesupport_c/lifecycle_msgs/msg/transition__type_support.cpp
/home/neu/Desktop/microros_ws/firmware/freertos_apps/microros_nucleo_f446ze_extensions/../../toolchain/bin/arm-none-eabi-g++  -DROSIDL_TYPESUPPORT_STATIC_TYPESUPPORT -DROS_PACKAGE_NAME=\"lifecycle_msgs\" -I/home/neu/Desktop/microros_ws/firmware/mcu_ws/build/lifecycle_msgs/rosidl_generator_c -isystem /home/neu/Desktop/microros_ws/firmware/mcu_ws/install/rosidl_runtime_c/include/rosidl_runtime_c -isystem /home/neu/Desktop/microros_ws/firmware/mcu_ws/install/rcutils/include/rcutils -isystem /home/neu/Desktop/microros_ws/firmware/mcu_ws/install/rosidl_typesupport_interface/include/rosidl_typesupport_interface -isystem /home/neu/Desktop/microros_ws/firmware/mcu_ws/install/rosidl_typesupport_c/include/rosidl_typesupport_c  -std=c++14 -mcpu=cortex-m4 -mthumb -mfpu=fpv4-sp-d16 -mfloat-abi=hard -DUSE_HAL_DRIVER -DSTM32F446xx -D_TIMEVAL_DEFINED -O0 -Wall -fdata-sections -ffunction-sections  -DCLOCK_MONOTONIC=0 -g   -Wall -std=gnu++14 -o CMakeFiles/lifecycle_msgs__rosidl_typesupport_c.dir/rosidl_typesupport_c/lifecycle_msgs/msg/transition_event__type_support.cpp.obj -c /home/neu/Desktop/microros_ws/firmware/mcu_ws/build/lifecycle_msgs/rosidl_typesupport_c/lifecycle_msgs/msg/transition_event__type_support.cpp
/home/neu/Desktop/microros_ws/firmware/freertos_apps/microros_nucleo_f446ze_extensions/../../toolchain/bin/arm-none-eabi-g++  -DROSIDL_TYPESUPPORT_STATIC_TYPESUPPORT -DROS_PACKAGE_NAME=\"lifecycle_msgs\" -I/home/neu/Desktop/microros_ws/firmware/mcu_ws/build/lifecycle_msgs/rosidl_generator_c -isystem /home/neu/Desktop/microros_ws/firmware/mcu_ws/install/rosidl_runtime_c/include/rosidl_runtime_c -isystem /home/neu/Desktop/microros_ws/firmware/mcu_ws/install/rcutils/include/rcutils -isystem /home/neu/Desktop/microros_ws/firmware/mcu_ws/install/rosidl_typesupport_interface/include/rosidl_typesupport_interface -isystem /home/neu/Desktop/microros_ws/firmware/mcu_ws/install/rosidl_typesupport_c/include/rosidl_typesupport_c  -std=c++14 -mcpu=cortex-m4 -mthumb -mfpu=fpv4-sp-d16 -mfloat-abi=hard -DUSE_HAL_DRIVER -DSTM32F446xx -D_TIMEVAL_DEFINED -O0 -Wall -fdata-sections -ffunction-sections  -DCLOCK_MONOTONIC=0 -g   -Wall -std=gnu++14 -o CMakeFiles/lifecycle_msgs__rosidl_typesupport_c.dir/rosidl_typesupport_c/lifecycle_msgs/srv/change_state__type_support.cpp.obj -c /home/neu/Desktop/microros_ws/firmware/mcu_ws/build/lifecycle_msgs/rosidl_typesupport_c/lifecycle_msgs/srv/change_state__type_support.cpp
/home/neu/Desktop/microros_ws/firmware/freertos_apps/microros_nucleo_f446ze_extensions/../../toolchain/bin/arm-none-eabi-g++  -DROSIDL_TYPESUPPORT_STATIC_TYPESUPPORT -DROS_PACKAGE_NAME=\"lifecycle_msgs\" -I/home/neu/Desktop/microros_ws/firmware/mcu_ws/build/lifecycle_msgs/rosidl_generator_c -isystem /home/neu/Desktop/microros_ws/firmware/mcu_ws/install/rosidl_runtime_c/include/rosidl_runtime_c -isystem /home/neu/Desktop/microros_ws/firmware/mcu_ws/install/rcutils/include/rcutils -isystem /home/neu/Desktop/microros_ws/firmware/mcu_ws/install/rosidl_typesupport_interface/include/rosidl_typesupport_interface -isystem /home/neu/Desktop/microros_ws/firmware/mcu_ws/install/rosidl_typesupport_c/include/rosidl_typesupport_c  -std=c++14 -mcpu=cortex-m4 -mthumb -mfpu=fpv4-sp-d16 -mfloat-abi=hard -DUSE_HAL_DRIVER -DSTM32F446xx -D_TIMEVAL_DEFINED -O0 -Wall -fdata-sections -ffunction-sections  -DCLOCK_MONOTONIC=0 -g   -Wall -std=gnu++14 -o CMakeFiles/lifecycle_msgs__rosidl_typesupport_c.dir/rosidl_typesupport_c/lifecycle_msgs/srv/get_state__type_support.cpp.obj -c /home/neu/Desktop/microros_ws/firmware/mcu_ws/build/lifecycle_msgs/rosidl_typesupport_c/lifecycle_msgs/srv/get_state__type_support.cpp
/home/neu/Desktop/microros_ws/firmware/freertos_apps/microros_nucleo_f446ze_extensions/../../toolchain/bin/arm-none-eabi-g++  -DROSIDL_TYPESUPPORT_STATIC_TYPESUPPORT -DROS_PACKAGE_NAME=\"lifecycle_msgs\" -I/home/neu/Desktop/microros_ws/firmware/mcu_ws/build/lifecycle_msgs/rosidl_generator_c -isystem /home/neu/Desktop/microros_ws/firmware/mcu_ws/install/rosidl_runtime_c/include/rosidl_runtime_c -isystem /home/neu/Desktop/microros_ws/firmware/mcu_ws/install/rcutils/include/rcutils -isystem /home/neu/Desktop/microros_ws/firmware/mcu_ws/install/rosidl_typesupport_interface/include/rosidl_typesupport_interface -isystem /home/neu/Desktop/microros_ws/firmware/mcu_ws/install/rosidl_typesupport_c/include/rosidl_typesupport_c  -std=c++14 -mcpu=cortex-m4 -mthumb -mfpu=fpv4-sp-d16 -mfloat-abi=hard -DUSE_HAL_DRIVER -DSTM32F446xx -D_TIMEVAL_DEFINED -O0 -Wall -fdata-sections -ffunction-sections  -DCLOCK_MONOTONIC=0 -g   -Wall -std=gnu++14 -o CMakeFiles/lifecycle_msgs__rosidl_typesupport_c.dir/rosidl_typesupport_c/lifecycle_msgs/srv/get_available_states__type_support.cpp.obj -c /home/neu/Desktop/microros_ws/firmware/mcu_ws/build/lifecycle_msgs/rosidl_typesupport_c/lifecycle_msgs/srv/get_available_states__type_support.cpp
/home/neu/Desktop/microros_ws/firmware/freertos_apps/microros_nucleo_f446ze_extensions/../../toolchain/bin/arm-none-eabi-g++  -DROSIDL_TYPESUPPORT_STATIC_TYPESUPPORT -DROS_PACKAGE_NAME=\"lifecycle_msgs\" -I/home/neu/Desktop/microros_ws/firmware/mcu_ws/build/lifecycle_msgs/rosidl_generator_c -isystem /home/neu/Desktop/microros_ws/firmware/mcu_ws/install/rosidl_runtime_c/include/rosidl_runtime_c -isystem /home/neu/Desktop/microros_ws/firmware/mcu_ws/install/rcutils/include/rcutils -isystem /home/neu/Desktop/microros_ws/firmware/mcu_ws/install/rosidl_typesupport_interface/include/rosidl_typesupport_interface -isystem /home/neu/Desktop/microros_ws/firmware/mcu_ws/install/rosidl_typesupport_c/include/rosidl_typesupport_c  -std=c++14 -mcpu=cortex-m4 -mthumb -mfpu=fpv4-sp-d16 -mfloat-abi=hard -DUSE_HAL_DRIVER -DSTM32F446xx -D_TIMEVAL_DEFINED -O0 -Wall -fdata-sections -ffunction-sections  -DCLOCK_MONOTONIC=0 -g   -Wall -std=gnu++14 -o CMakeFiles/lifecycle_msgs__rosidl_typesupport_c.dir/rosidl_typesupport_c/lifecycle_msgs/srv/get_available_transitions__type_support.cpp.obj -c /home/neu/Desktop/microros_ws/firmware/mcu_ws/build/lifecycle_msgs/rosidl_typesupport_c/lifecycle_msgs/srv/get_available_transitions__type_support.cpp
[ 55%] [32m[1mLinking CXX static library liblifecycle_msgs__rosidl_typesupport_c.a[0m
/usr/bin/cmake -P CMakeFiles/lifecycle_msgs__rosidl_typesupport_c.dir/cmake_clean_target.cmake
/usr/bin/cmake -E cmake_link_script CMakeFiles/lifecycle_msgs__rosidl_typesupport_c.dir/link.txt --verbose=1
/home/neu/Desktop/microros_ws/firmware/toolchain/bin/arm-none-eabi-ar qc liblifecycle_msgs__rosidl_typesupport_c.a  CMakeFiles/lifecycle_msgs__rosidl_typesupport_c.dir/rosidl_typesupport_c/lifecycle_msgs/msg/state__type_support.cpp.obj CMakeFiles/lifecycle_msgs__rosidl_typesupport_c.dir/rosidl_typesupport_c/lifecycle_msgs/msg/transition__type_support.cpp.obj CMakeFiles/lifecycle_msgs__rosidl_typesupport_c.dir/rosidl_typesupport_c/lifecycle_msgs/msg/transition_description__type_support.cpp.obj CMakeFiles/lifecycle_msgs__rosidl_typesupport_c.dir/rosidl_typesupport_c/lifecycle_msgs/msg/transition_event__type_support.cpp.obj CMakeFiles/lifecycle_msgs__rosidl_typesupport_c.dir/rosidl_typesupport_c/lifecycle_msgs/srv/change_state__type_support.cpp.obj CMakeFiles/lifecycle_msgs__rosidl_typesupport_c.dir/rosidl_typesupport_c/lifecycle_msgs/srv/get_available_states__type_support.cpp.obj CMakeFiles/lifecycle_msgs__rosidl_typesupport_c.dir/rosidl_typesupport_c/lifecycle_msgs/srv/get_available_transitions__type_support.cpp.obj CMakeFiles/lifecycle_msgs__rosidl_typesupport_c.dir/rosidl_typesupport_c/lifecycle_msgs/srv/get_state__type_support.cpp.obj
/home/neu/Desktop/microros_ws/firmware/toolchain/bin/arm-none-eabi-ranlib liblifecycle_msgs__rosidl_typesupport_c.a
make[3]: Leaving directory '/home/neu/Desktop/microros_ws/firmware/mcu_ws/build/lifecycle_msgs'
cd /home/neu/Desktop/microros_ws/firmware/mcu_ws/build/lifecycle_msgs && /usr/bin/cmake -E cmake_depends "Unix Makefiles" /home/neu/Desktop/microros_ws/firmware/mcu_ws/ros2/rcl_interfaces/lifecycle_msgs /home/neu/Desktop/microros_ws/firmware/mcu_ws/ros2/rcl_interfaces/lifecycle_msgs /home/neu/Desktop/microros_ws/firmware/mcu_ws/build/lifecycle_msgs /home/neu/Desktop/microros_ws/firmware/mcu_ws/build/lifecycle_msgs /home/neu/Desktop/microros_ws/firmware/mcu_ws/build/lifecycle_msgs/CMakeFiles/lifecycle_msgs__rosidl_typesupport_introspection_c.dir/DependInfo.cmake --color=
cd /home/neu/Desktop/microros_ws/firmware/mcu_ws/build/lifecycle_msgs && /usr/bin/cmake -E cmake_depends "Unix Makefiles" /home/neu/Desktop/microros_ws/firmware/mcu_ws/ros2/rcl_interfaces/lifecycle_msgs /home/neu/Desktop/microros_ws/firmware/mcu_ws/ros2/rcl_interfaces/lifecycle_msgs /home/neu/Desktop/microros_ws/firmware/mcu_ws/build/lifecycle_msgs /home/neu/Desktop/microros_ws/firmware/mcu_ws/build/lifecycle_msgs /home/neu/Desktop/microros_ws/firmware/mcu_ws/build/lifecycle_msgs/CMakeFiles/lifecycle_msgs__rosidl_typesupport_microxrcedds_c.dir/DependInfo.cmake --color=
[ 55%] Built target lifecycle_msgs__rosidl_typesupport_c
Dependee "/home/neu/Desktop/microros_ws/firmware/mcu_ws/build/lifecycle_msgs/CMakeFiles/lifecycle_msgs__rosidl_typesupport_introspection_c.dir/DependInfo.cmake" is newer than depender "/home/neu/Desktop/microros_ws/firmware/mcu_ws/build/lifecycle_msgs/CMakeFiles/lifecycle_msgs__rosidl_typesupport_introspection_c.dir/depend.internal".
Dependee "/home/neu/Desktop/microros_ws/firmware/mcu_ws/build/lifecycle_msgs/CMakeFiles/CMakeDirectoryInformation.cmake" is newer than depender "/home/neu/Desktop/microros_ws/firmware/mcu_ws/build/lifecycle_msgs/CMakeFiles/lifecycle_msgs__rosidl_typesupport_introspection_c.dir/depend.internal".
[35m[1mScanning dependencies of target lifecycle_msgs__rosidl_typesupport_introspection_c[0m
Dependee "/home/neu/Desktop/microros_ws/firmware/mcu_ws/build/lifecycle_msgs/CMakeFiles/lifecycle_msgs__rosidl_typesupport_microxrcedds_c.dir/DependInfo.cmake" is newer than depender "/home/neu/Desktop/microros_ws/firmware/mcu_ws/build/lifecycle_msgs/CMakeFiles/lifecycle_msgs__rosidl_typesupport_microxrcedds_c.dir/depend.internal".
Dependee "/home/neu/Desktop/microros_ws/firmware/mcu_ws/build/lifecycle_msgs/CMakeFiles/CMakeDirectoryInformation.cmake" is newer than depender "/home/neu/Desktop/microros_ws/firmware/mcu_ws/build/lifecycle_msgs/CMakeFiles/lifecycle_msgs__rosidl_typesupport_microxrcedds_c.dir/depend.internal".
[35m[1mScanning dependencies of target lifecycle_msgs__rosidl_typesupport_microxrcedds_c[0m
make[3]: Leaving directory '/home/neu/Desktop/microros_ws/firmware/mcu_ws/build/lifecycle_msgs'
/usr/bin/make -f CMakeFiles/lifecycle_msgs__rosidl_typesupport_introspection_c.dir/build.make CMakeFiles/lifecycle_msgs__rosidl_typesupport_introspection_c.dir/build
make[3]: Leaving directory '/home/neu/Desktop/microros_ws/firmware/mcu_ws/build/lifecycle_msgs'
/usr/bin/make -f CMakeFiles/lifecycle_msgs__rosidl_typesupport_microxrcedds_c.dir/build.make CMakeFiles/lifecycle_msgs__rosidl_typesupport_microxrcedds_c.dir/build
make[3]: Entering directory '/home/neu/Desktop/microros_ws/firmware/mcu_ws/build/lifecycle_msgs'
make[3]: Entering directory '/home/neu/Desktop/microros_ws/firmware/mcu_ws/build/lifecycle_msgs'
[ 70%] [32mBuilding C object CMakeFiles/lifecycle_msgs__rosidl_typesupport_introspection_c.dir/rosidl_typesupport_introspection_c/lifecycle_msgs/msg/detail/transition__type_support.c.obj[0m
[ 70%] [32mBuilding C object CMakeFiles/lifecycle_msgs__rosidl_typesupport_introspection_c.dir/rosidl_typesupport_introspection_c/lifecycle_msgs/msg/detail/transition_description__type_support.c.obj[0m
[ 70%] [32mBuilding C object CMakeFiles/lifecycle_msgs__rosidl_typesupport_introspection_c.dir/rosidl_typesupport_introspection_c/lifecycle_msgs/msg/detail/transition_event__type_support.c.obj[0m
[ 70%] [32mBuilding C object CMakeFiles/lifecycle_msgs__rosidl_typesupport_introspection_c.dir/rosidl_typesupport_introspection_c/lifecycle_msgs/srv/detail/change_state__type_support.c.obj[0m
[ 70%] [32mBuilding C object CMakeFiles/lifecycle_msgs__rosidl_typesupport_introspection_c.dir/rosidl_typesupport_introspection_c/lifecycle_msgs/srv/detail/get_state__type_support.c.obj[0m
[ 70%] [32mBuilding C object CMakeFiles/lifecycle_msgs__rosidl_typesupport_introspection_c.dir/rosidl_typesupport_introspection_c/lifecycle_msgs/msg/detail/state__type_support.c.obj[0m
[ 72%] [32mBuilding C object CMakeFiles/lifecycle_msgs__rosidl_typesupport_introspection_c.dir/rosidl_typesupport_introspection_c/lifecycle_msgs/srv/detail/get_available_transitions__type_support.c.obj[0m
[ 75%] [32mBuilding C object CMakeFiles/lifecycle_msgs__rosidl_typesupport_microxrcedds_c.dir/rosidl_typesupport_microxrcedds_c/lifecycle_msgs/msg/detail/microxrcedds/transition_event__type_support_c.c.obj[0m
/home/neu/Desktop/microros_ws/firmware/freertos_apps/microros_nucleo_f446ze_extensions/../../toolchain/bin/arm-none-eabi-gcc -DROS_PACKAGE_NAME=\"lifecycle_msgs\" -I/home/neu/Desktop/microros_ws/firmware/mcu_ws/build/lifecycle_msgs/rosidl_typesupport_introspection_c -I/home/neu/Desktop/microros_ws/firmware/mcu_ws/build/lifecycle_msgs/rosidl_generator_c -isystem /home/neu/Desktop/microros_ws/firmware/mcu_ws/install/rosidl_runtime_c/include/rosidl_runtime_c -isystem /home/neu/Desktop/microros_ws/firmware/mcu_ws/install/rcutils/include/rcutils -isystem /home/neu/Desktop/microros_ws/firmware/mcu_ws/install/rosidl_typesupport_interface/include/rosidl_typesupport_interface -isystem /home/neu/Desktop/microros_ws/firmware/mcu_ws/install/rosidl_typesupport_introspection_c/include/rosidl_typesupport_introspection_c  -std=c11 -mcpu=cortex-m4 -mthumb -mfpu=fpv4-sp-d16 -mfloat-abi=hard -DUSE_HAL_DRIVER -DSTM32F446xx -D_TIMEVAL_DEFINED -O0 -Wall -fdata-sections -ffunction-sections  -DCLOCK_MONOTONIC=0 -g   -Wall -std=gnu11 -o CMakeFiles/lifecycle_msgs__rosidl_typesupport_introspection_c.dir/rosidl_typesupport_introspection_c/lifecycle_msgs/srv/detail/change_state__type_support.c.obj   -c /home/neu/Desktop/microros_ws/firmware/mcu_ws/build/lifecycle_msgs/rosidl_typesupport_introspection_c/lifecycle_msgs/srv/detail/change_state__type_support.c
/home/neu/Desktop/microros_ws/firmware/freertos_apps/microros_nucleo_f446ze_extensions/../../toolchain/bin/arm-none-eabi-gcc -DROS_PACKAGE_NAME=\"lifecycle_msgs\" -I/home/neu/Desktop/microros_ws/firmware/mcu_ws/build/lifecycle_msgs/rosidl_typesupport_introspection_c -I/home/neu/Desktop/microros_ws/firmware/mcu_ws/build/lifecycle_msgs/rosidl_generator_c -isystem /home/neu/Desktop/microros_ws/firmware/mcu_ws/install/rosidl_runtime_c/include/rosidl_runtime_c -isystem /home/neu/Desktop/microros_ws/firmware/mcu_ws/install/rcutils/include/rcutils -isystem /home/neu/Desktop/microros_ws/firmware/mcu_ws/install/rosidl_typesupport_interface/include/rosidl_typesupport_interface -isystem /home/neu/Desktop/microros_ws/firmware/mcu_ws/install/rosidl_typesupport_introspection_c/include/rosidl_typesupport_introspection_c  -std=c11 -mcpu=cortex-m4 -mthumb -mfpu=fpv4-sp-d16 -mfloat-abi=hard -DUSE_HAL_DRIVER -DSTM32F446xx -D_TIMEVAL_DEFINED -O0 -Wall -fdata-sections -ffunction-sections  -DCLOCK_MONOTONIC=0 -g   -Wall -std=gnu11 -o CMakeFiles/lifecycle_msgs__rosidl_typesupport_introspection_c.dir/rosidl_typesupport_introspection_c/lifecycle_msgs/msg/detail/transition__type_support.c.obj   -c /home/neu/Desktop/microros_ws/firmware/mcu_ws/build/lifecycle_msgs/rosidl_typesupport_introspection_c/lifecycle_msgs/msg/detail/transition__type_support.c
/home/neu/Desktop/microros_ws/firmware/freertos_apps/microros_nucleo_f446ze_extensions/../../toolchain/bin/arm-none-eabi-gcc -DROS_PACKAGE_NAME=\"lifecycle_msgs\" -I/home/neu/Desktop/microros_ws/firmware/mcu_ws/build/lifecycle_msgs/rosidl_typesupport_introspection_c -I/home/neu/Desktop/microros_ws/firmware/mcu_ws/build/lifecycle_msgs/rosidl_generator_c -isystem /home/neu/Desktop/microros_ws/firmware/mcu_ws/install/rosidl_runtime_c/include/rosidl_runtime_c -isystem /home/neu/Desktop/microros_ws/firmware/mcu_ws/install/rcutils/include/rcutils -isystem /home/neu/Desktop/microros_ws/firmware/mcu_ws/install/rosidl_typesupport_interface/include/rosidl_typesupport_interface -isystem /home/neu/Desktop/microros_ws/firmware/mcu_ws/install/rosidl_typesupport_introspection_c/include/rosidl_typesupport_introspection_c  -std=c11 -mcpu=cortex-m4 -mthumb -mfpu=fpv4-sp-d16 -mfloat-abi=hard -DUSE_HAL_DRIVER -DSTM32F446xx -D_TIMEVAL_DEFINED -O0 -Wall -fdata-sections -ffunction-sections  -DCLOCK_MONOTONIC=0 -g   -Wall -std=gnu11 -o CMakeFiles/lifecycle_msgs__rosidl_typesupport_introspection_c.dir/rosidl_typesupport_introspection_c/lifecycle_msgs/msg/detail/transition_description__type_support.c.obj   -c /home/neu/Desktop/microros_ws/firmware/mcu_ws/build/lifecycle_msgs/rosidl_typesupport_introspection_c/lifecycle_msgs/msg/detail/transition_description__type_support.c
[ 82%] [32mBuilding C object CMakeFiles/lifecycle_msgs__rosidl_typesupport_microxrcedds_c.dir/rosidl_typesupport_microxrcedds_c/lifecycle_msgs/msg/detail/microxrcedds/transition_description__type_support_c.c.obj[0m
[ 82%] [32mBuilding C object CMakeFiles/lifecycle_msgs__rosidl_typesupport_introspection_c.dir/rosidl_typesupport_introspection_c/lifecycle_msgs/srv/detail/get_available_states__type_support.c.obj[0m
/home/neu/Desktop/microros_ws/firmware/freertos_apps/microros_nucleo_f446ze_extensions/../../toolchain/bin/arm-none-eabi-gcc -DROS_PACKAGE_NAME=\"lifecycle_msgs\" -I/home/neu/Desktop/microros_ws/firmware/mcu_ws/build/lifecycle_msgs/rosidl_typesupport_introspection_c -I/home/neu/Desktop/microros_ws/firmware/mcu_ws/build/lifecycle_msgs/rosidl_generator_c -isystem /home/neu/Desktop/microros_ws/firmware/mcu_ws/install/rosidl_runtime_c/include/rosidl_runtime_c -isystem /home/neu/Desktop/microros_ws/firmware/mcu_ws/install/rcutils/include/rcutils -isystem /home/neu/Desktop/microros_ws/firmware/mcu_ws/install/rosidl_typesupport_interface/include/rosidl_typesupport_interface -isystem /home/neu/Desktop/microros_ws/firmware/mcu_ws/install/rosidl_typesupport_introspection_c/include/rosidl_typesupport_introspection_c  -std=c11 -mcpu=cortex-m4 -mthumb -mfpu=fpv4-sp-d16 -mfloat-abi=hard -DUSE_HAL_DRIVER -DSTM32F446xx -D_TIMEVAL_DEFINED -O0 -Wall -fdata-sections -ffunction-sections  -DCLOCK_MONOTONIC=0 -g   -Wall -std=gnu11 -o CMakeFiles/lifecycle_msgs__rosidl_typesupport_introspection_c.dir/rosidl_typesupport_introspection_c/lifecycle_msgs/msg/detail/state__type_support.c.obj   -c /home/neu/Desktop/microros_ws/firmware/mcu_ws/build/lifecycle_msgs/rosidl_typesupport_introspection_c/lifecycle_msgs/msg/detail/state__type_support.c
[ 82%] [32mBuilding C object CMakeFiles/lifecycle_msgs__rosidl_typesupport_microxrcedds_c.dir/rosidl_typesupport_microxrcedds_c/lifecycle_msgs/msg/detail/microxrcedds/state__type_support_c.c.obj[0m
/home/neu/Desktop/microros_ws/firmware/freertos_apps/microros_nucleo_f446ze_extensions/../../toolchain/bin/arm-none-eabi-gcc -DROS_PACKAGE_NAME=\"lifecycle_msgs\" -I/home/neu/Desktop/microros_ws/firmware/mcu_ws/build/lifecycle_msgs/rosidl_typesupport_introspection_c -I/home/neu/Desktop/microros_ws/firmware/mcu_ws/build/lifecycle_msgs/rosidl_generator_c -isystem /home/neu/Desktop/microros_ws/firmware/mcu_ws/install/rosidl_runtime_c/include/rosidl_runtime_c -isystem /home/neu/Desktop/microros_ws/firmware/mcu_ws/install/rcutils/include/rcutils -isystem /home/neu/Desktop/microros_ws/firmware/mcu_ws/install/rosidl_typesupport_interface/include/rosidl_typesupport_interface -isystem /home/neu/Desktop/microros_ws/firmware/mcu_ws/install/rosidl_typesupport_introspection_c/include/rosidl_typesupport_introspection_c  -std=c11 -mcpu=cortex-m4 -mthumb -mfpu=fpv4-sp-d16 -mfloat-abi=hard -DUSE_HAL_DRIVER -DSTM32F446xx -D_TIMEVAL_DEFINED -O0 -Wall -fdata-sections -ffunction-sections  -DCLOCK_MONOTONIC=0 -g   -Wall -std=gnu11 -o CMakeFiles/lifecycle_msgs__rosidl_typesupport_introspection_c.dir/rosidl_typesupport_introspection_c/lifecycle_msgs/msg/detail/transition_event__type_support.c.obj   -c /home/neu/Desktop/microros_ws/firmware/mcu_ws/build/lifecycle_msgs/rosidl_typesupport_introspection_c/lifecycle_msgs/msg/detail/transition_event__type_support.c
/home/neu/Desktop/microros_ws/firmware/freertos_apps/microros_nucleo_f446ze_extensions/../../toolchain/bin/arm-none-eabi-gcc -DROS_PACKAGE_NAME=\"lifecycle_msgs\" -I/home/neu/Desktop/microros_ws/firmware/mcu_ws/build/lifecycle_msgs/rosidl_typesupport_introspection_c -I/home/neu/Desktop/microros_ws/firmware/mcu_ws/build/lifecycle_msgs/rosidl_generator_c -isystem /home/neu/Desktop/microros_ws/firmware/mcu_ws/install/rosidl_runtime_c/include/rosidl_runtime_c -isystem /home/neu/Desktop/microros_ws/firmware/mcu_ws/install/rcutils/include/rcutils -isystem /home/neu/Desktop/microros_ws/firmware/mcu_ws/install/rosidl_typesupport_interface/include/rosidl_typesupport_interface -isystem /home/neu/Desktop/microros_ws/firmware/mcu_ws/install/rosidl_typesupport_introspection_c/include/rosidl_typesupport_introspection_c  -std=c11 -mcpu=cortex-m4 -mthumb -mfpu=fpv4-sp-d16 -mfloat-abi=hard -DUSE_HAL_DRIVER -DSTM32F446xx -D_TIMEVAL_DEFINED -O0 -Wall -fdata-sections -ffunction-sections  -DCLOCK_MONOTONIC=0 -g   -Wall -std=gnu11 -o CMakeFiles/lifecycle_msgs__rosidl_typesupport_introspection_c.dir/rosidl_typesupport_introspection_c/lifecycle_msgs/srv/detail/get_available_transitions__type_support.c.obj   -c /home/neu/Desktop/microros_ws/firmware/mcu_ws/build/lifecycle_msgs/rosidl_typesupport_introspection_c/lifecycle_msgs/srv/detail/get_available_transitions__type_support.c
/home/neu/Desktop/microros_ws/firmware/freertos_apps/microros_nucleo_f446ze_extensions/../../toolchain/bin/arm-none-eabi-gcc -DROS_PACKAGE_NAME=\"lifecycle_msgs\" -I/home/neu/Desktop/microros_ws/firmware/mcu_ws/build/lifecycle_msgs/rosidl_generator_c -I/home/neu/Desktop/microros_ws/firmware/mcu_ws/build/lifecycle_msgs/rosidl_typesupport_microxrcedds_c -isystem /home/neu/Desktop/microros_ws/firmware/mcu_ws/install/rosidl_typesupport_microxrcedds_c/include -isystem /home/neu/Desktop/microros_ws/firmware/mcu_ws/install/rmw/include/rmw -isystem /home/neu/Desktop/microros_ws/firmware/mcu_ws/install/rosidl_runtime_c/include/rosidl_runtime_c -isystem /home/neu/Desktop/microros_ws/firmware/mcu_ws/install/rosidl_typesupport_interface/include/rosidl_typesupport_interface -isystem /home/neu/Desktop/microros_ws/firmware/mcu_ws/install/rcutils/include/rcutils -isystem /home/neu/Desktop/microros_ws/firmware/mcu_ws/install/microcdr/include  -std=c11 -mcpu=cortex-m4 -mthumb -mfpu=fpv4-sp-d16 -mfloat-abi=hard -DUSE_HAL_DRIVER -DSTM32F446xx -D_TIMEVAL_DEFINED -O0 -Wall -fdata-sections -ffunction-sections  -DCLOCK_MONOTONIC=0 -g   -Wall -Wextra -Wpedantic -std=gnu99 -o CMakeFiles/lifecycle_msgs__rosidl_typesupport_microxrcedds_c.dir/rosidl_typesupport_microxrcedds_c/lifecycle_msgs/msg/detail/microxrcedds/transition_event__type_support_c.c.obj   -c /home/neu/Desktop/microros_ws/firmware/mcu_ws/build/lifecycle_msgs/rosidl_typesupport_microxrcedds_c/lifecycle_msgs/msg/detail/microxrcedds/transition_event__type_support_c.c
/home/neu/Desktop/microros_ws/firmware/freertos_apps/microros_nucleo_f446ze_extensions/../../toolchain/bin/arm-none-eabi-gcc -DROS_PACKAGE_NAME=\"lifecycle_msgs\" -I/home/neu/Desktop/microros_ws/firmware/mcu_ws/build/lifecycle_msgs/rosidl_typesupport_introspection_c -I/home/neu/Desktop/microros_ws/firmware/mcu_ws/build/lifecycle_msgs/rosidl_generator_c -isystem /home/neu/Desktop/microros_ws/firmware/mcu_ws/install/rosidl_runtime_c/include/rosidl_runtime_c -isystem /home/neu/Desktop/microros_ws/firmware/mcu_ws/install/rcutils/include/rcutils -isystem /home/neu/Desktop/microros_ws/firmware/mcu_ws/install/rosidl_typesupport_interface/include/rosidl_typesupport_interface -isystem /home/neu/Desktop/microros_ws/firmware/mcu_ws/install/rosidl_typesupport_introspection_c/include/rosidl_typesupport_introspection_c  -std=c11 -mcpu=cortex-m4 -mthumb -mfpu=fpv4-sp-d16 -mfloat-abi=hard -DUSE_HAL_DRIVER -DSTM32F446xx -D_TIMEVAL_DEFINED -O0 -Wall -fdata-sections -ffunction-sections  -DCLOCK_MONOTONIC=0 -g   -Wall -std=gnu11 -o CMakeFiles/lifecycle_msgs__rosidl_typesupport_introspection_c.dir/rosidl_typesupport_introspection_c/lifecycle_msgs/srv/detail/get_state__type_support.c.obj   -c /home/neu/Desktop/microros_ws/firmware/mcu_ws/build/lifecycle_msgs/rosidl_typesupport_introspection_c/lifecycle_msgs/srv/detail/get_state__type_support.c
[ 85%] [32mBuilding C object CMakeFiles/lifecycle_msgs__rosidl_typesupport_microxrcedds_c.dir/rosidl_typesupport_microxrcedds_c/lifecycle_msgs/srv/detail/microxrcedds/change_state__type_support_c.c.obj[0m
/home/neu/Desktop/microros_ws/firmware/freertos_apps/microros_nucleo_f446ze_extensions/../../toolchain/bin/arm-none-eabi-gcc -DROS_PACKAGE_NAME=\"lifecycle_msgs\" -I/home/neu/Desktop/microros_ws/firmware/mcu_ws/build/lifecycle_msgs/rosidl_typesupport_introspection_c -I/home/neu/Desktop/microros_ws/firmware/mcu_ws/build/lifecycle_msgs/rosidl_generator_c -isystem /home/neu/Desktop/microros_ws/firmware/mcu_ws/install/rosidl_runtime_c/include/rosidl_runtime_c -isystem /home/neu/Desktop/microros_ws/firmware/mcu_ws/install/rcutils/include/rcutils -isystem /home/neu/Desktop/microros_ws/firmware/mcu_ws/install/rosidl_typesupport_interface/include/rosidl_typesupport_interface -isystem /home/neu/Desktop/microros_ws/firmware/mcu_ws/install/rosidl_typesupport_introspection_c/include/rosidl_typesupport_introspection_c  -std=c11 -mcpu=cortex-m4 -mthumb -mfpu=fpv4-sp-d16 -mfloat-abi=hard -DUSE_HAL_DRIVER -DSTM32F446xx -D_TIMEVAL_DEFINED -O0 -Wall -fdata-sections -ffunction-sections  -DCLOCK_MONOTONIC=0 -g   -Wall -std=gnu11 -o CMakeFiles/lifecycle_msgs__rosidl_typesupport_introspection_c.dir/rosidl_typesupport_introspection_c/lifecycle_msgs/srv/detail/get_available_states__type_support.c.obj   -c /home/neu/Desktop/microros_ws/firmware/mcu_ws/build/lifecycle_msgs/rosidl_typesupport_introspection_c/lifecycle_msgs/srv/detail/get_available_states__type_support.c
[ 90%] [32mBuilding C object CMakeFiles/lifecycle_msgs__rosidl_typesupport_microxrcedds_c.dir/rosidl_typesupport_microxrcedds_c/lifecycle_msgs/srv/detail/microxrcedds/get_available_states__type_support_c.c.obj[0m
[ 90%] [32mBuilding C object CMakeFiles/lifecycle_msgs__rosidl_typesupport_microxrcedds_c.dir/rosidl_typesupport_microxrcedds_c/lifecycle_msgs/srv/detail/microxrcedds/get_state__type_support_c.c.obj[0m
[ 92%] [32mBuilding C object CMakeFiles/lifecycle_msgs__rosidl_typesupport_microxrcedds_c.dir/rosidl_typesupport_microxrcedds_c/lifecycle_msgs/srv/detail/microxrcedds/get_available_transitions__type_support_c.c.obj[0m
/home/neu/Desktop/microros_ws/firmware/freertos_apps/microros_nucleo_f446ze_extensions/../../toolchain/bin/arm-none-eabi-gcc -DROS_PACKAGE_NAME=\"lifecycle_msgs\" -I/home/neu/Desktop/microros_ws/firmware/mcu_ws/build/lifecycle_msgs/rosidl_generator_c -I/home/neu/Desktop/microros_ws/firmware/mcu_ws/build/lifecycle_msgs/rosidl_typesupport_microxrcedds_c -isystem /home/neu/Desktop/microros_ws/firmware/mcu_ws/install/rosidl_typesupport_microxrcedds_c/include -isystem /home/neu/Desktop/microros_ws/firmware/mcu_ws/install/rmw/include/rmw -isystem /home/neu/Desktop/microros_ws/firmware/mcu_ws/install/rosidl_runtime_c/include/rosidl_runtime_c -isystem /home/neu/Desktop/microros_ws/firmware/mcu_ws/install/rosidl_typesupport_interface/include/rosidl_typesupport_interface -isystem /home/neu/Desktop/microros_ws/firmware/mcu_ws/install/rcutils/include/rcutils -isystem /home/neu/Desktop/microros_ws/firmware/mcu_ws/install/microcdr/include  -std=c11 -mcpu=cortex-m4 -mthumb -mfpu=fpv4-sp-d16 -mfloat-abi=hard -DUSE_HAL_DRIVER -DSTM32F446xx -D_TIMEVAL_DEFINED -O0 -Wall -fdata-sections -ffunction-sections  -DCLOCK_MONOTONIC=0 -g   -Wall -Wextra -Wpedantic -std=gnu99 -o CMakeFiles/lifecycle_msgs__rosidl_typesupport_microxrcedds_c.dir/rosidl_typesupport_microxrcedds_c/lifecycle_msgs/msg/detail/microxrcedds/state__type_support_c.c.obj   -c /home/neu/Desktop/microros_ws/firmware/mcu_ws/build/lifecycle_msgs/rosidl_typesupport_microxrcedds_c/lifecycle_msgs/msg/detail/microxrcedds/state__type_support_c.c
/home/neu/Desktop/microros_ws/firmware/freertos_apps/microros_nucleo_f446ze_extensions/../../toolchain/bin/arm-none-eabi-gcc -DROS_PACKAGE_NAME=\"lifecycle_msgs\" -I/home/neu/Desktop/microros_ws/firmware/mcu_ws/build/lifecycle_msgs/rosidl_generator_c -I/home/neu/Desktop/microros_ws/firmware/mcu_ws/build/lifecycle_msgs/rosidl_typesupport_microxrcedds_c -isystem /home/neu/Desktop/microros_ws/firmware/mcu_ws/install/rosidl_typesupport_microxrcedds_c/include -isystem /home/neu/Desktop/microros_ws/firmware/mcu_ws/install/rmw/include/rmw -isystem /home/neu/Desktop/microros_ws/firmware/mcu_ws/install/rosidl_runtime_c/include/rosidl_runtime_c -isystem /home/neu/Desktop/microros_ws/firmware/mcu_ws/install/rosidl_typesupport_interface/include/rosidl_typesupport_interface -isystem /home/neu/Desktop/microros_ws/firmware/mcu_ws/install/rcutils/include/rcutils -isystem /home/neu/Desktop/microros_ws/firmware/mcu_ws/install/microcdr/include  -std=c11 -mcpu=cortex-m4 -mthumb -mfpu=fpv4-sp-d16 -mfloat-abi=hard -DUSE_HAL_DRIVER -DSTM32F446xx -D_TIMEVAL_DEFINED -O0 -Wall -fdata-sections -ffunction-sections  -DCLOCK_MONOTONIC=0 -g   -Wall -Wextra -Wpedantic -std=gnu99 -o CMakeFiles/lifecycle_msgs__rosidl_typesupport_microxrcedds_c.dir/rosidl_typesupport_microxrcedds_c/lifecycle_msgs/msg/detail/microxrcedds/transition_description__type_support_c.c.obj   -c /home/neu/Desktop/microros_ws/firmware/mcu_ws/build/lifecycle_msgs/rosidl_typesupport_microxrcedds_c/lifecycle_msgs/msg/detail/microxrcedds/transition_description__type_support_c.c
/home/neu/Desktop/microros_ws/firmware/freertos_apps/microros_nucleo_f446ze_extensions/../../toolchain/bin/arm-none-eabi-gcc -DROS_PACKAGE_NAME=\"lifecycle_msgs\" -I/home/neu/Desktop/microros_ws/firmware/mcu_ws/build/lifecycle_msgs/rosidl_generator_c -I/home/neu/Desktop/microros_ws/firmware/mcu_ws/build/lifecycle_msgs/rosidl_typesupport_microxrcedds_c -isystem /home/neu/Desktop/microros_ws/firmware/mcu_ws/install/rosidl_typesupport_microxrcedds_c/include -isystem /home/neu/Desktop/microros_ws/firmware/mcu_ws/install/rmw/include/rmw -isystem /home/neu/Desktop/microros_ws/firmware/mcu_ws/install/rosidl_runtime_c/include/rosidl_runtime_c -isystem /home/neu/Desktop/microros_ws/firmware/mcu_ws/install/rosidl_typesupport_interface/include/rosidl_typesupport_interface -isystem /home/neu/Desktop/microros_ws/firmware/mcu_ws/install/rcutils/include/rcutils -isystem /home/neu/Desktop/microros_ws/firmware/mcu_ws/install/microcdr/include  -std=c11 -mcpu=cortex-m4 -mthumb -mfpu=fpv4-sp-d16 -mfloat-abi=hard -DUSE_HAL_DRIVER -DSTM32F446xx -D_TIMEVAL_DEFINED -O0 -Wall -fdata-sections -ffunction-sections  -DCLOCK_MONOTONIC=0 -g   -Wall -Wextra -Wpedantic -std=gnu99 -o CMakeFiles/lifecycle_msgs__rosidl_typesupport_microxrcedds_c.dir/rosidl_typesupport_microxrcedds_c/lifecycle_msgs/srv/detail/microxrcedds/change_state__type_support_c.c.obj   -c /home/neu/Desktop/microros_ws/firmware/mcu_ws/build/lifecycle_msgs/rosidl_typesupport_microxrcedds_c/lifecycle_msgs/srv/detail/microxrcedds/change_state__type_support_c.c
/home/neu/Desktop/microros_ws/firmware/freertos_apps/microros_nucleo_f446ze_extensions/../../toolchain/bin/arm-none-eabi-gcc -DROS_PACKAGE_NAME=\"lifecycle_msgs\" -I/home/neu/Desktop/microros_ws/firmware/mcu_ws/build/lifecycle_msgs/rosidl_generator_c -I/home/neu/Desktop/microros_ws/firmware/mcu_ws/build/lifecycle_msgs/rosidl_typesupport_microxrcedds_c -isystem /home/neu/Desktop/microros_ws/firmware/mcu_ws/install/rosidl_typesupport_microxrcedds_c/include -isystem /home/neu/Desktop/microros_ws/firmware/mcu_ws/install/rmw/include/rmw -isystem /home/neu/Desktop/microros_ws/firmware/mcu_ws/install/rosidl_runtime_c/include/rosidl_runtime_c -isystem /home/neu/Desktop/microros_ws/firmware/mcu_ws/install/rosidl_typesupport_interface/include/rosidl_typesupport_interface -isystem /home/neu/Desktop/microros_ws/firmware/mcu_ws/install/rcutils/include/rcutils -isystem /home/neu/Desktop/microros_ws/firmware/mcu_ws/install/microcdr/include  -std=c11 -mcpu=cortex-m4 -mthumb -mfpu=fpv4-sp-d16 -mfloat-abi=hard -DUSE_HAL_DRIVER -DSTM32F446xx -D_TIMEVAL_DEFINED -O0 -Wall -fdata-sections -ffunction-sections  -DCLOCK_MONOTONIC=0 -g   -Wall -Wextra -Wpedantic -std=gnu99 -o CMakeFiles/lifecycle_msgs__rosidl_typesupport_microxrcedds_c.dir/rosidl_typesupport_microxrcedds_c/lifecycle_msgs/srv/detail/microxrcedds/get_available_states__type_support_c.c.obj   -c /home/neu/Desktop/microros_ws/firmware/mcu_ws/build/lifecycle_msgs/rosidl_typesupport_microxrcedds_c/lifecycle_msgs/srv/detail/microxrcedds/get_available_states__type_support_c.c
/home/neu/Desktop/microros_ws/firmware/freertos_apps/microros_nucleo_f446ze_extensions/../../toolchain/bin/arm-none-eabi-gcc -DROS_PACKAGE_NAME=\"lifecycle_msgs\" -I/home/neu/Desktop/microros_ws/firmware/mcu_ws/build/lifecycle_msgs/rosidl_generator_c -I/home/neu/Desktop/microros_ws/firmware/mcu_ws/build/lifecycle_msgs/rosidl_typesupport_microxrcedds_c -isystem /home/neu/Desktop/microros_ws/firmware/mcu_ws/install/rosidl_typesupport_microxrcedds_c/include -isystem /home/neu/Desktop/microros_ws/firmware/mcu_ws/install/rmw/include/rmw -isystem /home/neu/Desktop/microros_ws/firmware/mcu_ws/install/rosidl_runtime_c/include/rosidl_runtime_c -isystem /home/neu/Desktop/microros_ws/firmware/mcu_ws/install/rosidl_typesupport_interface/include/rosidl_typesupport_interface -isystem /home/neu/Desktop/microros_ws/firmware/mcu_ws/install/rcutils/include/rcutils -isystem /home/neu/Desktop/microros_ws/firmware/mcu_ws/install/microcdr/include  -std=c11 -mcpu=cortex-m4 -mthumb -mfpu=fpv4-sp-d16 -mfloat-abi=hard -DUSE_HAL_DRIVER -DSTM32F446xx -D_TIMEVAL_DEFINED -O0 -Wall -fdata-sections -ffunction-sections  -DCLOCK_MONOTONIC=0 -g   -Wall -Wextra -Wpedantic -std=gnu99 -o CMakeFiles/lifecycle_msgs__rosidl_typesupport_microxrcedds_c.dir/rosidl_typesupport_microxrcedds_c/lifecycle_msgs/srv/detail/microxrcedds/get_available_transitions__type_support_c.c.obj   -c /home/neu/Desktop/microros_ws/firmware/mcu_ws/build/lifecycle_msgs/rosidl_typesupport_microxrcedds_c/lifecycle_msgs/srv/detail/microxrcedds/get_available_transitions__type_support_c.c
/home/neu/Desktop/microros_ws/firmware/freertos_apps/microros_nucleo_f446ze_extensions/../../toolchain/bin/arm-none-eabi-gcc -DROS_PACKAGE_NAME=\"lifecycle_msgs\" -I/home/neu/Desktop/microros_ws/firmware/mcu_ws/build/lifecycle_msgs/rosidl_generator_c -I/home/neu/Desktop/microros_ws/firmware/mcu_ws/build/lifecycle_msgs/rosidl_typesupport_microxrcedds_c -isystem /home/neu/Desktop/microros_ws/firmware/mcu_ws/install/rosidl_typesupport_microxrcedds_c/include -isystem /home/neu/Desktop/microros_ws/firmware/mcu_ws/install/rmw/include/rmw -isystem /home/neu/Desktop/microros_ws/firmware/mcu_ws/install/rosidl_runtime_c/include/rosidl_runtime_c -isystem /home/neu/Desktop/microros_ws/firmware/mcu_ws/install/rosidl_typesupport_interface/include/rosidl_typesupport_interface -isystem /home/neu/Desktop/microros_ws/firmware/mcu_ws/install/rcutils/include/rcutils -isystem /home/neu/Desktop/microros_ws/firmware/mcu_ws/install/microcdr/include  -std=c11 -mcpu=cortex-m4 -mthumb -mfpu=fpv4-sp-d16 -mfloat-abi=hard -DUSE_HAL_DRIVER -DSTM32F446xx -D_TIMEVAL_DEFINED -O0 -Wall -fdata-sections -ffunction-sections  -DCLOCK_MONOTONIC=0 -g   -Wall -Wextra -Wpedantic -std=gnu99 -o CMakeFiles/lifecycle_msgs__rosidl_typesupport_microxrcedds_c.dir/rosidl_typesupport_microxrcedds_c/lifecycle_msgs/srv/detail/microxrcedds/get_state__type_support_c.c.obj   -c /home/neu/Desktop/microros_ws/firmware/mcu_ws/build/lifecycle_msgs/rosidl_typesupport_microxrcedds_c/lifecycle_msgs/srv/detail/microxrcedds/get_state__type_support_c.c
[ 95%] [32mBuilding C object CMakeFiles/lifecycle_msgs__rosidl_typesupport_microxrcedds_c.dir/rosidl_typesupport_microxrcedds_c/lifecycle_msgs/msg/detail/microxrcedds/transition__type_support_c.c.obj[0m
/home/neu/Desktop/microros_ws/firmware/freertos_apps/microros_nucleo_f446ze_extensions/../../toolchain/bin/arm-none-eabi-gcc -DROS_PACKAGE_NAME=\"lifecycle_msgs\" -I/home/neu/Desktop/microros_ws/firmware/mcu_ws/build/lifecycle_msgs/rosidl_generator_c -I/home/neu/Desktop/microros_ws/firmware/mcu_ws/build/lifecycle_msgs/rosidl_typesupport_microxrcedds_c -isystem /home/neu/Desktop/microros_ws/firmware/mcu_ws/install/rosidl_typesupport_microxrcedds_c/include -isystem /home/neu/Desktop/microros_ws/firmware/mcu_ws/install/rmw/include/rmw -isystem /home/neu/Desktop/microros_ws/firmware/mcu_ws/install/rosidl_runtime_c/include/rosidl_runtime_c -isystem /home/neu/Desktop/microros_ws/firmware/mcu_ws/install/rosidl_typesupport_interface/include/rosidl_typesupport_interface -isystem /home/neu/Desktop/microros_ws/firmware/mcu_ws/install/rcutils/include/rcutils -isystem /home/neu/Desktop/microros_ws/firmware/mcu_ws/install/microcdr/include  -std=c11 -mcpu=cortex-m4 -mthumb -mfpu=fpv4-sp-d16 -mfloat-abi=hard -DUSE_HAL_DRIVER -DSTM32F446xx -D_TIMEVAL_DEFINED -O0 -Wall -fdata-sections -ffunction-sections  -DCLOCK_MONOTONIC=0 -g   -Wall -Wextra -Wpedantic -std=gnu99 -o CMakeFiles/lifecycle_msgs__rosidl_typesupport_microxrcedds_c.dir/rosidl_typesupport_microxrcedds_c/lifecycle_msgs/msg/detail/microxrcedds/transition__type_support_c.c.obj   -c /home/neu/Desktop/microros_ws/firmware/mcu_ws/build/lifecycle_msgs/rosidl_typesupport_microxrcedds_c/lifecycle_msgs/msg/detail/microxrcedds/transition__type_support_c.c
[ 97%] [32m[1mLinking C static library liblifecycle_msgs__rosidl_typesupport_introspection_c.a[0m
/usr/bin/cmake -P CMakeFiles/lifecycle_msgs__rosidl_typesupport_introspection_c.dir/cmake_clean_target.cmake
/usr/bin/cmake -E cmake_link_script CMakeFiles/lifecycle_msgs__rosidl_typesupport_introspection_c.dir/link.txt --verbose=1
/home/neu/Desktop/microros_ws/firmware/toolchain/bin/arm-none-eabi-ar qc liblifecycle_msgs__rosidl_typesupport_introspection_c.a  CMakeFiles/lifecycle_msgs__rosidl_typesupport_introspection_c.dir/rosidl_typesupport_introspection_c/lifecycle_msgs/msg/detail/state__type_support.c.obj CMakeFiles/lifecycle_msgs__rosidl_typesupport_introspection_c.dir/rosidl_typesupport_introspection_c/lifecycle_msgs/msg/detail/transition__type_support.c.obj CMakeFiles/lifecycle_msgs__rosidl_typesupport_introspection_c.dir/rosidl_typesupport_introspection_c/lifecycle_msgs/msg/detail/transition_description__type_support.c.obj CMakeFiles/lifecycle_msgs__rosidl_typesupport_introspection_c.dir/rosidl_typesupport_introspection_c/lifecycle_msgs/msg/detail/transition_event__type_support.c.obj CMakeFiles/lifecycle_msgs__rosidl_typesupport_introspection_c.dir/rosidl_typesupport_introspection_c/lifecycle_msgs/srv/detail/change_state__type_support.c.obj CMakeFiles/lifecycle_msgs__rosidl_typesupport_introspection_c.dir/rosidl_typesupport_introspection_c/lifecycle_msgs/srv/detail/get_available_states__type_support.c.obj CMakeFiles/lifecycle_msgs__rosidl_typesupport_introspection_c.dir/rosidl_typesupport_introspection_c/lifecycle_msgs/srv/detail/get_available_transitions__type_support.c.obj CMakeFiles/lifecycle_msgs__rosidl_typesupport_introspection_c.dir/rosidl_typesupport_introspection_c/lifecycle_msgs/srv/detail/get_state__type_support.c.obj
/home/neu/Desktop/microros_ws/firmware/toolchain/bin/arm-none-eabi-ranlib liblifecycle_msgs__rosidl_typesupport_introspection_c.a
make[3]: Leaving directory '/home/neu/Desktop/microros_ws/firmware/mcu_ws/build/lifecycle_msgs'
[ 97%] Built target lifecycle_msgs__rosidl_typesupport_introspection_c
[100%] [32m[1mLinking C static library liblifecycle_msgs__rosidl_typesupport_microxrcedds_c.a[0m
/usr/bin/cmake -P CMakeFiles/lifecycle_msgs__rosidl_typesupport_microxrcedds_c.dir/cmake_clean_target.cmake
/usr/bin/cmake -E cmake_link_script CMakeFiles/lifecycle_msgs__rosidl_typesupport_microxrcedds_c.dir/link.txt --verbose=1
/home/neu/Desktop/microros_ws/firmware/toolchain/bin/arm-none-eabi-ar qc liblifecycle_msgs__rosidl_typesupport_microxrcedds_c.a  CMakeFiles/lifecycle_msgs__rosidl_typesupport_microxrcedds_c.dir/rosidl_typesupport_microxrcedds_c/lifecycle_msgs/msg/detail/microxrcedds/state__type_support_c.c.obj CMakeFiles/lifecycle_msgs__rosidl_typesupport_microxrcedds_c.dir/rosidl_typesupport_microxrcedds_c/lifecycle_msgs/msg/detail/microxrcedds/transition__type_support_c.c.obj CMakeFiles/lifecycle_msgs__rosidl_typesupport_microxrcedds_c.dir/rosidl_typesupport_microxrcedds_c/lifecycle_msgs/msg/detail/microxrcedds/transition_description__type_support_c.c.obj CMakeFiles/lifecycle_msgs__rosidl_typesupport_microxrcedds_c.dir/rosidl_typesupport_microxrcedds_c/lifecycle_msgs/msg/detail/microxrcedds/transition_event__type_support_c.c.obj CMakeFiles/lifecycle_msgs__rosidl_typesupport_microxrcedds_c.dir/rosidl_typesupport_microxrcedds_c/lifecycle_msgs/srv/detail/microxrcedds/change_state__type_support_c.c.obj CMakeFiles/lifecycle_msgs__rosidl_typesupport_microxrcedds_c.dir/rosidl_typesupport_microxrcedds_c/lifecycle_msgs/srv/detail/microxrcedds/get_available_states__type_support_c.c.obj CMakeFiles/lifecycle_msgs__rosidl_typesupport_microxrcedds_c.dir/rosidl_typesupport_microxrcedds_c/lifecycle_msgs/srv/detail/microxrcedds/get_available_transitions__type_support_c.c.obj CMakeFiles/lifecycle_msgs__rosidl_typesupport_microxrcedds_c.dir/rosidl_typesupport_microxrcedds_c/lifecycle_msgs/srv/detail/microxrcedds/get_state__type_support_c.c.obj
/home/neu/Desktop/microros_ws/firmware/toolchain/bin/arm-none-eabi-ranlib liblifecycle_msgs__rosidl_typesupport_microxrcedds_c.a
make[3]: Leaving directory '/home/neu/Desktop/microros_ws/firmware/mcu_ws/build/lifecycle_msgs'
[100%] Built target lifecycle_msgs__rosidl_typesupport_microxrcedds_c
/usr/bin/make -f CMakeFiles/lifecycle_msgs.dir/build.make CMakeFiles/lifecycle_msgs.dir/depend
make[3]: Entering directory '/home/neu/Desktop/microros_ws/firmware/mcu_ws/build/lifecycle_msgs'
cd /home/neu/Desktop/microros_ws/firmware/mcu_ws/build/lifecycle_msgs && /usr/bin/cmake -E cmake_depends "Unix Makefiles" /home/neu/Desktop/microros_ws/firmware/mcu_ws/ros2/rcl_interfaces/lifecycle_msgs /home/neu/Desktop/microros_ws/firmware/mcu_ws/ros2/rcl_interfaces/lifecycle_msgs /home/neu/Desktop/microros_ws/firmware/mcu_ws/build/lifecycle_msgs /home/neu/Desktop/microros_ws/firmware/mcu_ws/build/lifecycle_msgs /home/neu/Desktop/microros_ws/firmware/mcu_ws/build/lifecycle_msgs/CMakeFiles/lifecycle_msgs.dir/DependInfo.cmake --color=
Dependee "/home/neu/Desktop/microros_ws/firmware/mcu_ws/build/lifecycle_msgs/CMakeFiles/lifecycle_msgs.dir/DependInfo.cmake" is newer than depender "/home/neu/Desktop/microros_ws/firmware/mcu_ws/build/lifecycle_msgs/CMakeFiles/lifecycle_msgs.dir/depend.internal".
Dependee "/home/neu/Desktop/microros_ws/firmware/mcu_ws/build/lifecycle_msgs/CMakeFiles/CMakeDirectoryInformation.cmake" is newer than depender "/home/neu/Desktop/microros_ws/firmware/mcu_ws/build/lifecycle_msgs/CMakeFiles/lifecycle_msgs.dir/depend.internal".
[35m[1mScanning dependencies of target lifecycle_msgs[0m
make[3]: Leaving directory '/home/neu/Desktop/microros_ws/firmware/mcu_ws/build/lifecycle_msgs'
/usr/bin/make -f CMakeFiles/lifecycle_msgs.dir/build.make CMakeFiles/lifecycle_msgs.dir/build
make[3]: Entering directory '/home/neu/Desktop/microros_ws/firmware/mcu_ws/build/lifecycle_msgs'
make[3]: Nothing to be done for 'CMakeFiles/lifecycle_msgs.dir/build'.
make[3]: Leaving directory '/home/neu/Desktop/microros_ws/firmware/mcu_ws/build/lifecycle_msgs'
[100%] Built target lifecycle_msgs
make[2]: Leaving directory '/home/neu/Desktop/microros_ws/firmware/mcu_ws/build/lifecycle_msgs'
/usr/bin/cmake -E cmake_progress_start /home/neu/Desktop/microros_ws/firmware/mcu_ws/build/lifecycle_msgs/CMakeFiles 0
make[1]: Leaving directory '/home/neu/Desktop/microros_ws/firmware/mcu_ws/build/lifecycle_msgs'
-- Install configuration: "Debug"
-- Installing: /home/neu/Desktop/microros_ws/firmware/mcu_ws/install/lifecycle_msgs/share/ament_index/resource_index/rosidl_interfaces/lifecycle_msgs
-- Installing: /home/neu/Desktop/microros_ws/firmware/mcu_ws/install/lifecycle_msgs/include/lifecycle_msgs/lifecycle_msgs
-- Installing: /home/neu/Desktop/microros_ws/firmware/mcu_ws/install/lifecycle_msgs/include/lifecycle_msgs/lifecycle_msgs/srv
-- Installing: /home/neu/Desktop/microros_ws/firmware/mcu_ws/install/lifecycle_msgs/include/lifecycle_msgs/lifecycle_msgs/srv/detail
-- Installing: /home/neu/Desktop/microros_ws/firmware/mcu_ws/install/lifecycle_msgs/include/lifecycle_msgs/lifecycle_msgs/srv/detail/get_state__functions.c
-- Installing: /home/neu/Desktop/microros_ws/firmware/mcu_ws/install/lifecycle_msgs/include/lifecycle_msgs/lifecycle_msgs/srv/detail/change_state__functions.h
-- Installing: /home/neu/Desktop/microros_ws/firmware/mcu_ws/install/lifecycle_msgs/include/lifecycle_msgs/lifecycle_msgs/srv/detail/change_state__type_support.h
-- Installing: /home/neu/Desktop/microros_ws/firmware/mcu_ws/install/lifecycle_msgs/include/lifecycle_msgs/lifecycle_msgs/srv/detail/get_state__functions.h
-- Installing: /home/neu/Desktop/microros_ws/firmware/mcu_ws/install/lifecycle_msgs/include/lifecycle_msgs/lifecycle_msgs/srv/detail/get_available_transitions__type_support.h
-- Installing: /home/neu/Desktop/microros_ws/firmware/mcu_ws/install/lifecycle_msgs/include/lifecycle_msgs/lifecycle_msgs/srv/detail/get_available_states__functions.c
-- Installing: /home/neu/Desktop/microros_ws/firmware/mcu_ws/install/lifecycle_msgs/include/lifecycle_msgs/lifecycle_msgs/srv/detail/get_available_states__struct.h
-- Installing: /home/neu/Desktop/microros_ws/firmware/mcu_ws/install/lifecycle_msgs/include/lifecycle_msgs/lifecycle_msgs/srv/detail/get_available_transitions__struct.h
-- Installing: /home/neu/Desktop/microros_ws/firmware/mcu_ws/install/lifecycle_msgs/include/lifecycle_msgs/lifecycle_msgs/srv/detail/get_state__type_support.h
-- Installing: /home/neu/Desktop/microros_ws/firmware/mcu_ws/install/lifecycle_msgs/include/lifecycle_msgs/lifecycle_msgs/srv/detail/get_available_transitions__functions.h
-- Installing: /home/neu/Desktop/microros_ws/firmware/mcu_ws/install/lifecycle_msgs/include/lifecycle_msgs/lifecycle_msgs/srv/detail/get_state__struct.h
-- Installing: /home/neu/Desktop/microros_ws/firmware/mcu_ws/install/lifecycle_msgs/include/lifecycle_msgs/lifecycle_msgs/srv/detail/change_state__struct.h
-- Installing: /home/neu/Desktop/microros_ws/firmware/mcu_ws/install/lifecycle_msgs/include/lifecycle_msgs/lifecycle_msgs/srv/detail/get_available_transitions__functions.c
-- Installing: /home/neu/Desktop/microros_ws/firmware/mcu_ws/install/lifecycle_msgs/include/lifecycle_msgs/lifecycle_msgs/srv/detail/get_available_states__type_support.h
-- Installing: /home/neu/Desktop/microros_ws/firmware/mcu_ws/install/lifecycle_msgs/include/lifecycle_msgs/lifecycle_msgs/srv/detail/get_available_states__functions.h
-- Installing: /home/neu/Desktop/microros_ws/firmware/mcu_ws/install/lifecycle_msgs/include/lifecycle_msgs/lifecycle_msgs/srv/detail/change_state__functions.c
-- Installing: /home/neu/Desktop/microros_ws/firmware/mcu_ws/install/lifecycle_msgs/include/lifecycle_msgs/lifecycle_msgs/srv/get_available_states.h
-- Installing: /home/neu/Desktop/microros_ws/firmware/mcu_ws/install/lifecycle_msgs/include/lifecycle_msgs/lifecycle_msgs/srv/get_available_transitions.h
-- Installing: /home/neu/Desktop/microros_ws/firmware/mcu_ws/install/lifecycle_msgs/include/lifecycle_msgs/lifecycle_msgs/srv/get_state.h
-- Installing: /home/neu/Desktop/microros_ws/firmware/mcu_ws/install/lifecycle_msgs/include/lifecycle_msgs/lifecycle_msgs/srv/change_state.h
-- Installing: /home/neu/Desktop/microros_ws/firmware/mcu_ws/install/lifecycle_msgs/include/lifecycle_msgs/lifecycle_msgs/msg
-- Installing: /home/neu/Desktop/microros_ws/firmware/mcu_ws/install/lifecycle_msgs/include/lifecycle_msgs/lifecycle_msgs/msg/detail
-- Installing: /home/neu/Desktop/microros_ws/firmware/mcu_ws/install/lifecycle_msgs/include/lifecycle_msgs/lifecycle_msgs/msg/detail/state__struct.h
-- Installing: /home/neu/Desktop/microros_ws/firmware/mcu_ws/install/lifecycle_msgs/include/lifecycle_msgs/lifecycle_msgs/msg/detail/transition_event__struct.h
-- Installing: /home/neu/Desktop/microros_ws/firmware/mcu_ws/install/lifecycle_msgs/include/lifecycle_msgs/lifecycle_msgs/msg/detail/transition__functions.c
-- Installing: /home/neu/Desktop/microros_ws/firmware/mcu_ws/install/lifecycle_msgs/include/lifecycle_msgs/lifecycle_msgs/msg/detail/transition__type_support.h
-- Installing: /home/neu/Desktop/microros_ws/firmware/mcu_ws/install/lifecycle_msgs/include/lifecycle_msgs/lifecycle_msgs/msg/detail/transition_event__functions.h
-- Installing: /home/neu/Desktop/microros_ws/firmware/mcu_ws/install/lifecycle_msgs/include/lifecycle_msgs/lifecycle_msgs/msg/detail/transition_event__functions.c
-- Installing: /home/neu/Desktop/microros_ws/firmware/mcu_ws/install/lifecycle_msgs/include/lifecycle_msgs/lifecycle_msgs/msg/detail/transition__functions.h
-- Installing: /home/neu/Desktop/microros_ws/firmware/mcu_ws/install/lifecycle_msgs/include/lifecycle_msgs/lifecycle_msgs/msg/detail/transition_description__functions.c
-- Installing: /home/neu/Desktop/microros_ws/firmware/mcu_ws/install/lifecycle_msgs/include/lifecycle_msgs/lifecycle_msgs/msg/detail/state__functions.c
-- Installing: /home/neu/Desktop/microros_ws/firmware/mcu_ws/install/lifecycle_msgs/include/lifecycle_msgs/lifecycle_msgs/msg/detail/state__type_support.h
-- Installing: /home/neu/Desktop/microros_ws/firmware/mcu_ws/install/lifecycle_msgs/include/lifecycle_msgs/lifecycle_msgs/msg/detail/state__functions.h
-- Installing: /home/neu/Desktop/microros_ws/firmware/mcu_ws/install/lifecycle_msgs/include/lifecycle_msgs/lifecycle_msgs/msg/detail/transition_event__type_support.h
-- Installing: /home/neu/Desktop/microros_ws/firmware/mcu_ws/install/lifecycle_msgs/include/lifecycle_msgs/lifecycle_msgs/msg/detail/transition_description__struct.h
-- Installing: /home/neu/Desktop/microros_ws/firmware/mcu_ws/install/lifecycle_msgs/include/lifecycle_msgs/lifecycle_msgs/msg/detail/transition_description__functions.h
-- Installing: /home/neu/Desktop/microros_ws/firmware/mcu_ws/install/lifecycle_msgs/include/lifecycle_msgs/lifecycle_msgs/msg/detail/transition__struct.h
-- Installing: /home/neu/Desktop/microros_ws/firmware/mcu_ws/install/lifecycle_msgs/include/lifecycle_msgs/lifecycle_msgs/msg/detail/transition_description__type_support.h
-- Installing: /home/neu/Desktop/microros_ws/firmware/mcu_ws/install/lifecycle_msgs/include/lifecycle_msgs/lifecycle_msgs/msg/transition_event.h
-- Installing: /home/neu/Desktop/microros_ws/firmware/mcu_ws/install/lifecycle_msgs/include/lifecycle_msgs/lifecycle_msgs/msg/state.h
-- Installing: /home/neu/Desktop/microros_ws/firmware/mcu_ws/install/lifecycle_msgs/include/lifecycle_msgs/lifecycle_msgs/msg/transition.h
-- Installing: /home/neu/Desktop/microros_ws/firmware/mcu_ws/install/lifecycle_msgs/include/lifecycle_msgs/lifecycle_msgs/msg/rosidl_generator_c__visibility_control.h
-- Installing: /home/neu/Desktop/microros_ws/firmware/mcu_ws/install/lifecycle_msgs/include/lifecycle_msgs/lifecycle_msgs/msg/transition_description.h
-- Installing: /home/neu/Desktop/microros_ws/firmware/mcu_ws/install/lifecycle_msgs/share/lifecycle_msgs/environment/library_path.sh
-- Installing: /home/neu/Desktop/microros_ws/firmware/mcu_ws/install/lifecycle_msgs/share/lifecycle_msgs/environment/library_path.dsv
-- Installing: /home/neu/Desktop/microros_ws/firmware/mcu_ws/install/lifecycle_msgs/lib/liblifecycle_msgs__rosidl_generator_c.a
-- Up-to-date: /home/neu/Desktop/microros_ws/firmware/mcu_ws/install/lifecycle_msgs/include/lifecycle_msgs
-- Installing: /home/neu/Desktop/microros_ws/firmware/mcu_ws/install/lifecycle_msgs/include/lifecycle_msgs/srv
-- Installing: /home/neu/Desktop/microros_ws/firmware/mcu_ws/install/lifecycle_msgs/include/lifecycle_msgs/srv/detail
-- Installing: /home/neu/Desktop/microros_ws/firmware/mcu_ws/install/lifecycle_msgs/include/lifecycle_msgs/srv/detail/change_state__rosidl_typesupport_microxrcedds_c.h
-- Installing: /home/neu/Desktop/microros_ws/firmware/mcu_ws/install/lifecycle_msgs/include/lifecycle_msgs/srv/detail/microxrcedds
-- Installing: /home/neu/Desktop/microros_ws/firmware/mcu_ws/install/lifecycle_msgs/include/lifecycle_msgs/srv/detail/get_state__rosidl_typesupport_microxrcedds_c.h
-- Installing: /home/neu/Desktop/microros_ws/firmware/mcu_ws/install/lifecycle_msgs/include/lifecycle_msgs/srv/detail/get_available_states__rosidl_typesupport_microxrcedds_c.h
-- Installing: /home/neu/Desktop/microros_ws/firmware/mcu_ws/install/lifecycle_msgs/include/lifecycle_msgs/srv/detail/get_available_transitions__rosidl_typesupport_microxrcedds_c.h
-- Installing: /home/neu/Desktop/microros_ws/firmware/mcu_ws/install/lifecycle_msgs/include/lifecycle_msgs/msg
-- Installing: /home/neu/Desktop/microros_ws/firmware/mcu_ws/install/lifecycle_msgs/include/lifecycle_msgs/msg/detail
-- Installing: /home/neu/Desktop/microros_ws/firmware/mcu_ws/install/lifecycle_msgs/include/lifecycle_msgs/msg/detail/transition_event__rosidl_typesupport_microxrcedds_c.h
-- Installing: /home/neu/Desktop/microros_ws/firmware/mcu_ws/install/lifecycle_msgs/include/lifecycle_msgs/msg/detail/microxrcedds
-- Installing: /home/neu/Desktop/microros_ws/firmware/mcu_ws/install/lifecycle_msgs/include/lifecycle_msgs/msg/detail/transition__rosidl_typesupport_microxrcedds_c.h
-- Installing: /home/neu/Desktop/microros_ws/firmware/mcu_ws/install/lifecycle_msgs/include/lifecycle_msgs/msg/detail/state__rosidl_typesupport_microxrcedds_c.h
-- Installing: /home/neu/Desktop/microros_ws/firmware/mcu_ws/install/lifecycle_msgs/include/lifecycle_msgs/msg/detail/transition_description__rosidl_typesupport_microxrcedds_c.h
-- Installing: /home/neu/Desktop/microros_ws/firmware/mcu_ws/install/lifecycle_msgs/include/lifecycle_msgs/msg/rosidl_typesupport_microxrcedds_c__visibility_control.h
-- Installing: /home/neu/Desktop/microros_ws/firmware/mcu_ws/install/lifecycle_msgs/lib/liblifecycle_msgs__rosidl_typesupport_microxrcedds_c.a
-- Up-to-date: /home/neu/Desktop/microros_ws/firmware/mcu_ws/install/lifecycle_msgs/include/lifecycle_msgs/lifecycle_msgs
-- Up-to-date: /home/neu/Desktop/microros_ws/firmware/mcu_ws/install/lifecycle_msgs/include/lifecycle_msgs/lifecycle_msgs/srv
-- Up-to-date: /home/neu/Desktop/microros_ws/firmware/mcu_ws/install/lifecycle_msgs/include/lifecycle_msgs/lifecycle_msgs/srv/detail
-- Installing: /home/neu/Desktop/microros_ws/firmware/mcu_ws/install/lifecycle_msgs/include/lifecycle_msgs/lifecycle_msgs/srv/detail/get_available_states__rosidl_typesupport_introspection_c.h
-- Installing: /home/neu/Desktop/microros_ws/firmware/mcu_ws/install/lifecycle_msgs/include/lifecycle_msgs/lifecycle_msgs/srv/detail/change_state__type_support.c
-- Installing: /home/neu/Desktop/microros_ws/firmware/mcu_ws/install/lifecycle_msgs/include/lifecycle_msgs/lifecycle_msgs/srv/detail/get_available_transitions__rosidl_typesupport_introspection_c.h
-- Installing: /home/neu/Desktop/microros_ws/firmware/mcu_ws/install/lifecycle_msgs/include/lifecycle_msgs/lifecycle_msgs/srv/detail/get_state__rosidl_typesupport_introspection_c.h
-- Installing: /home/neu/Desktop/microros_ws/firmware/mcu_ws/install/lifecycle_msgs/include/lifecycle_msgs/lifecycle_msgs/srv/detail/get_available_transitions__type_support.c
-- Installing: /home/neu/Desktop/microros_ws/firmware/mcu_ws/install/lifecycle_msgs/include/lifecycle_msgs/lifecycle_msgs/srv/detail/change_state__rosidl_typesupport_introspection_c.h
-- Installing: /home/neu/Desktop/microros_ws/firmware/mcu_ws/install/lifecycle_msgs/include/lifecycle_msgs/lifecycle_msgs/srv/detail/get_state__type_support.c
-- Installing: /home/neu/Desktop/microros_ws/firmware/mcu_ws/install/lifecycle_msgs/include/lifecycle_msgs/lifecycle_msgs/srv/detail/get_available_states__type_support.c
-- Up-to-date: /home/neu/Desktop/microros_ws/firmware/mcu_ws/install/lifecycle_msgs/include/lifecycle_msgs/lifecycle_msgs/msg
-- Up-to-date: /home/neu/Desktop/microros_ws/firmware/mcu_ws/install/lifecycle_msgs/include/lifecycle_msgs/lifecycle_msgs/msg/detail
-- Installing: /home/neu/Desktop/microros_ws/firmware/mcu_ws/install/lifecycle_msgs/include/lifecycle_msgs/lifecycle_msgs/msg/detail/transition_description__rosidl_typesupport_introspection_c.h
-- Installing: /home/neu/Desktop/microros_ws/firmware/mcu_ws/install/lifecycle_msgs/include/lifecycle_msgs/lifecycle_msgs/msg/detail/transition__rosidl_typesupport_introspection_c.h
-- Installing: /home/neu/Desktop/microros_ws/firmware/mcu_ws/install/lifecycle_msgs/include/lifecycle_msgs/lifecycle_msgs/msg/detail/transition_event__rosidl_typesupport_introspection_c.h
-- Installing: /home/neu/Desktop/microros_ws/firmware/mcu_ws/install/lifecycle_msgs/include/lifecycle_msgs/lifecycle_msgs/msg/detail/transition__type_support.c
-- Installing: /home/neu/Desktop/microros_ws/firmware/mcu_ws/install/lifecycle_msgs/include/lifecycle_msgs/lifecycle_msgs/msg/detail/transition_event__type_support.c
-- Installing: /home/neu/Desktop/microros_ws/firmware/mcu_ws/install/lifecycle_msgs/include/lifecycle_msgs/lifecycle_msgs/msg/detail/transition_description__type_support.c
-- Installing: /home/neu/Desktop/microros_ws/firmware/mcu_ws/install/lifecycle_msgs/include/lifecycle_msgs/lifecycle_msgs/msg/detail/state__rosidl_typesupport_introspection_c.h
-- Installing: /home/neu/Desktop/microros_ws/firmware/mcu_ws/install/lifecycle_msgs/include/lifecycle_msgs/lifecycle_msgs/msg/detail/state__type_support.c
-- Installing: /home/neu/Desktop/microros_ws/firmware/mcu_ws/install/lifecycle_msgs/include/lifecycle_msgs/lifecycle_msgs/msg/rosidl_typesupport_introspection_c__visibility_control.h
-- Installing: /home/neu/Desktop/microros_ws/firmware/mcu_ws/install/lifecycle_msgs/lib/liblifecycle_msgs__rosidl_typesupport_introspection_c.a
-- Installing: /home/neu/Desktop/microros_ws/firmware/mcu_ws/install/lifecycle_msgs/lib/liblifecycle_msgs__rosidl_typesupport_c.a
-- Installing: /home/neu/Desktop/microros_ws/firmware/mcu_ws/install/lifecycle_msgs/share/lifecycle_msgs/msg/State.idl
-- Installing: /home/neu/Desktop/microros_ws/firmware/mcu_ws/install/lifecycle_msgs/share/lifecycle_msgs/msg/Transition.idl
-- Installing: /home/neu/Desktop/microros_ws/firmware/mcu_ws/install/lifecycle_msgs/share/lifecycle_msgs/msg/TransitionDescription.idl
-- Installing: /home/neu/Desktop/microros_ws/firmware/mcu_ws/install/lifecycle_msgs/share/lifecycle_msgs/msg/TransitionEvent.idl
-- Installing: /home/neu/Desktop/microros_ws/firmware/mcu_ws/install/lifecycle_msgs/share/lifecycle_msgs/srv/ChangeState.idl
-- Installing: /home/neu/Desktop/microros_ws/firmware/mcu_ws/install/lifecycle_msgs/share/lifecycle_msgs/srv/GetAvailableStates.idl
-- Installing: /home/neu/Desktop/microros_ws/firmware/mcu_ws/install/lifecycle_msgs/share/lifecycle_msgs/srv/GetAvailableTransitions.idl
-- Installing: /home/neu/Desktop/microros_ws/firmware/mcu_ws/install/lifecycle_msgs/share/lifecycle_msgs/srv/GetState.idl
-- Installing: /home/neu/Desktop/microros_ws/firmware/mcu_ws/install/lifecycle_msgs/share/lifecycle_msgs/msg/State.msg
-- Installing: /home/neu/Desktop/microros_ws/firmware/mcu_ws/install/lifecycle_msgs/share/lifecycle_msgs/msg/Transition.msg
-- Installing: /home/neu/Desktop/microros_ws/firmware/mcu_ws/install/lifecycle_msgs/share/lifecycle_msgs/msg/TransitionDescription.msg
-- Installing: /home/neu/Desktop/microros_ws/firmware/mcu_ws/install/lifecycle_msgs/share/lifecycle_msgs/msg/TransitionEvent.msg
-- Installing: /home/neu/Desktop/microros_ws/firmware/mcu_ws/install/lifecycle_msgs/share/lifecycle_msgs/srv/ChangeState.srv
-- Installing: /home/neu/Desktop/microros_ws/firmware/mcu_ws/install/lifecycle_msgs/share/lifecycle_msgs/srv/ChangeState_Request.msg
-- Installing: /home/neu/Desktop/microros_ws/firmware/mcu_ws/install/lifecycle_msgs/share/lifecycle_msgs/srv/ChangeState_Response.msg
-- Installing: /home/neu/Desktop/microros_ws/firmware/mcu_ws/install/lifecycle_msgs/share/lifecycle_msgs/srv/GetAvailableStates.srv
-- Installing: /home/neu/Desktop/microros_ws/firmware/mcu_ws/install/lifecycle_msgs/share/lifecycle_msgs/srv/GetAvailableStates_Request.msg
-- Installing: /home/neu/Desktop/microros_ws/firmware/mcu_ws/install/lifecycle_msgs/share/lifecycle_msgs/srv/GetAvailableStates_Response.msg
-- Installing: /home/neu/Desktop/microros_ws/firmware/mcu_ws/install/lifecycle_msgs/share/lifecycle_msgs/srv/GetAvailableTransitions.srv
-- Installing: /home/neu/Desktop/microros_ws/firmware/mcu_ws/install/lifecycle_msgs/share/lifecycle_msgs/srv/GetAvailableTransitions_Request.msg
-- Installing: /home/neu/Desktop/microros_ws/firmware/mcu_ws/install/lifecycle_msgs/share/lifecycle_msgs/srv/GetAvailableTransitions_Response.msg
-- Installing: /home/neu/Desktop/microros_ws/firmware/mcu_ws/install/lifecycle_msgs/share/lifecycle_msgs/srv/GetState.srv
-- Installing: /home/neu/Desktop/microros_ws/firmware/mcu_ws/install/lifecycle_msgs/share/lifecycle_msgs/srv/GetState_Request.msg
-- Installing: /home/neu/Desktop/microros_ws/firmware/mcu_ws/install/lifecycle_msgs/share/lifecycle_msgs/srv/GetState_Response.msg
-- Installing: /home/neu/Desktop/microros_ws/firmware/mcu_ws/install/lifecycle_msgs/share/ament_index/resource_index/package_run_dependencies/lifecycle_msgs
-- Installing: /home/neu/Desktop/microros_ws/firmware/mcu_ws/install/lifecycle_msgs/share/ament_index/resource_index/parent_prefix_path/lifecycle_msgs
-- Installing: /home/neu/Desktop/microros_ws/firmware/mcu_ws/install/lifecycle_msgs/share/lifecycle_msgs/environment/ament_prefix_path.sh
-- Installing: /home/neu/Desktop/microros_ws/firmware/mcu_ws/install/lifecycle_msgs/share/lifecycle_msgs/environment/ament_prefix_path.dsv
-- Installing: /home/neu/Desktop/microros_ws/firmware/mcu_ws/install/lifecycle_msgs/share/lifecycle_msgs/environment/path.sh
-- Installing: /home/neu/Desktop/microros_ws/firmware/mcu_ws/install/lifecycle_msgs/share/lifecycle_msgs/environment/path.dsv
-- Installing: /home/neu/Desktop/microros_ws/firmware/mcu_ws/install/lifecycle_msgs/share/lifecycle_msgs/local_setup.bash
-- Installing: /home/neu/Desktop/microros_ws/firmware/mcu_ws/install/lifecycle_msgs/share/lifecycle_msgs/local_setup.sh
-- Installing: /home/neu/Desktop/microros_ws/firmware/mcu_ws/install/lifecycle_msgs/share/lifecycle_msgs/local_setup.zsh
-- Installing: /home/neu/Desktop/microros_ws/firmware/mcu_ws/install/lifecycle_msgs/share/lifecycle_msgs/local_setup.dsv
-- Installing: /home/neu/Desktop/microros_ws/firmware/mcu_ws/install/lifecycle_msgs/share/lifecycle_msgs/package.dsv
-- Installing: /home/neu/Desktop/microros_ws/firmware/mcu_ws/install/lifecycle_msgs/share/ament_index/resource_index/packages/lifecycle_msgs
-- Installing: /home/neu/Desktop/microros_ws/firmware/mcu_ws/install/lifecycle_msgs/share/lifecycle_msgs/cmake/export_lifecycle_msgs__rosidl_generator_cExport.cmake
-- Installing: /home/neu/Desktop/microros_ws/firmware/mcu_ws/install/lifecycle_msgs/share/lifecycle_msgs/cmake/export_lifecycle_msgs__rosidl_generator_cExport-debug.cmake
-- Installing: /home/neu/Desktop/microros_ws/firmware/mcu_ws/install/lifecycle_msgs/share/lifecycle_msgs/cmake/lifecycle_msgs__rosidl_typesupport_introspection_cExport.cmake
-- Installing: /home/neu/Desktop/microros_ws/firmware/mcu_ws/install/lifecycle_msgs/share/lifecycle_msgs/cmake/lifecycle_msgs__rosidl_typesupport_introspection_cExport-debug.cmake
-- Installing: /home/neu/Desktop/microros_ws/firmware/mcu_ws/install/lifecycle_msgs/share/lifecycle_msgs/cmake/lifecycle_msgs__rosidl_typesupport_cExport.cmake
-- Installing: /home/neu/Desktop/microros_ws/firmware/mcu_ws/install/lifecycle_msgs/share/lifecycle_msgs/cmake/lifecycle_msgs__rosidl_typesupport_cExport-debug.cmake
-- Installing: /home/neu/Desktop/microros_ws/firmware/mcu_ws/install/lifecycle_msgs/share/lifecycle_msgs/cmake/rosidl_cmake-extras.cmake
-- Installing: /home/neu/Desktop/microros_ws/firmware/mcu_ws/install/lifecycle_msgs/share/lifecycle_msgs/cmake/ament_cmake_export_include_directories-extras.cmake
-- Installing: /home/neu/Desktop/microros_ws/firmware/mcu_ws/install/lifecycle_msgs/share/lifecycle_msgs/cmake/ament_cmake_export_libraries-extras.cmake
-- Installing: /home/neu/Desktop/microros_ws/firmware/mcu_ws/install/lifecycle_msgs/share/lifecycle_msgs/cmake/ament_cmake_export_targets-extras.cmake
-- Installing: /home/neu/Desktop/microros_ws/firmware/mcu_ws/install/lifecycle_msgs/share/lifecycle_msgs/cmake/rosidl_cmake_export_typesupport_targets-extras.cmake
-- Installing: /home/neu/Desktop/microros_ws/firmware/mcu_ws/install/lifecycle_msgs/share/lifecycle_msgs/cmake/ament_cmake_export_dependencies-extras.cmake
-- Installing: /home/neu/Desktop/microros_ws/firmware/mcu_ws/install/lifecycle_msgs/share/lifecycle_msgs/cmake/rosidl_cmake_export_typesupport_libraries-extras.cmake
-- Installing: /home/neu/Desktop/microros_ws/firmware/mcu_ws/install/lifecycle_msgs/share/lifecycle_msgs/cmake/lifecycle_msgsConfig.cmake
-- Installing: /home/neu/Desktop/microros_ws/firmware/mcu_ws/install/lifecycle_msgs/share/lifecycle_msgs/cmake/lifecycle_msgsConfig-version.cmake
-- Installing: /home/neu/Desktop/microros_ws/firmware/mcu_ws/install/lifecycle_msgs/share/lifecycle_msgs/package.xml
