[01m[K/home/neu/Desktop/microros_ws/firmware/mcu_ws/eProsima/Micro-XRCE-DDS-Client/src/c/core/session/session.c:[m[K In function '[01m[Klisten_message[m[K':
[01m[K/home/neu/Desktop/microros_ws/firmware/mcu_ws/eProsima/Micro-XRCE-DDS-Client/src/c/core/session/session.c:676:22:[m[K [01;35m[Kwarning: [m[Kimplicit declaration of function '[01m[KxTaskGetTickCount[m[K' [[01;35m[K-Wimplicit-function-declaration[m[K]
     uint32_t start = [01;35m[KxTaskGetTickCount[m[K();
                      [01;35m[K^~~~~~~~~~~~~~~~~[m[K
[01m[K/home/neu/Desktop/microros_ws/firmware/mcu_ws/eProsima/Micro-XRCE-DDS-Client/src/c/core/session/session.c:676:22:[m[K [01;35m[Kwarning: [m[Kconversion to '[01m[Kuint32_t[m[K' {aka '[01m[Klong unsigned int[m[K'} from '[01m[Kint[m[K' may change the sign of the result [[01;35m[K-Wsign-conversion[m[K]
[01m[K/home/neu/Desktop/microros_ws/firmware/mcu_ws/eProsima/Micro-XRCE-DDS-Client/src/c/core/session/session.c:681:24:[m[K [01;35m[Kwarning: [m[Kconversion to '[01m[Kuint32_t[m[K' {aka '[01m[Klong unsigned int[m[K'} from '[01m[Kint[m[K' may change the sign of the result [[01;35m[K-Wsign-conversion[m[K]
         uint32_t end = [01;35m[KxTaskGetTickCount[m[K();
                        [01;35m[K^~~~~~~~~~~~~~~~~[m[K
[01m[K/home/neu/Desktop/microros_ws/firmware/mcu_ws/eProsima/Micro-XRCE-DDS-Client/src/c/core/session/session.c:682:9:[m[K [01;35m[Kwarning: [m[Kimplicit declaration of function '[01m[Kprintf[m[K' [[01;35m[K-Wimplicit-function-declaration[m[K]
         [01;35m[Kprintf[m[K("recv_message time : %d\n",  end - start);
         [01;35m[K^~~~~~[m[K
[01m[K/home/neu/Desktop/microros_ws/firmware/mcu_ws/eProsima/Micro-XRCE-DDS-Client/src/c/core/session/session.c:682:9:[m[K [01;35m[Kwarning: [m[Kincompatible implicit declaration of built-in function '[01m[Kprintf[m[K'
[01m[K/home/neu/Desktop/microros_ws/firmware/mcu_ws/eProsima/Micro-XRCE-DDS-Client/src/c/core/session/session.c:682:9:[m[K [01;36m[Knote: [m[Kinclude '[01m[K<stdio.h>[m[K' or provide a declaration of '[01m[Kprintf[m[K'
[01m[K/home/neu/Desktop/microros_ws/firmware/mcu_ws/eProsima/Micro-XRCE-DDS-Client/src/c/core/session/session.c:22:1:[m[K
+[32m[K#include <stdio.h>[m[K
 
[01m[K/home/neu/Desktop/microros_ws/firmware/mcu_ws/eProsima/Micro-XRCE-DDS-Client/src/c/core/session/session.c:682:9:[m[K
         [01;36m[Kprintf[m[K("recv_message time : %d\n",  end - start);
         [01;36m[K^~~~~~[m[K
[01m[K/home/neu/Desktop/microros_ws/firmware/mcu_ws/eProsima/Micro-XRCE-DDS-Client/src/c/core/session/session.c:682:38:[m[K [01;35m[Kwarning: [m[Kformat '[01m[K%d[m[K' expects argument of type '[01m[Kint[m[K', but argument 2 has type '[01m[Kuint32_t[m[K' {aka '[01m[Klong unsigned int[m[K'} [[01;35m[K-Wformat=[m[K]
         printf("recv_message time : [01;35m[K%d[m[K\n",  [32m[Kend - start[m[K);
                                     [01;35m[K~^[m[K      [32m[K~~~~~~~~~~~[m[K
                                     [32m[K%ld[m[K
[01m[K/home/neu/Desktop/microros_ws/firmware/mcu_ws/eProsima/Micro-XRCE-DDS-Client/src/c/core/session/session.c:683:15:[m[K [01;35m[Kwarning: [m[Kconversion to '[01m[Kuint32_t[m[K' {aka '[01m[Klong unsigned int[m[K'} from '[01m[Kint[m[K' may change the sign of the result [[01;35m[K-Wsign-conversion[m[K]
         end = [01;35m[KxTaskGetTickCount[m[K();
               [01;35m[K^~~~~~~~~~~~~~~~~[m[K
[01m[K/home/neu/Desktop/microros_ws/firmware/mcu_ws/eProsima/Micro-XRCE-DDS-Client/src/c/core/session/session.c:689:58:[m[K [01;35m[Kwarning: [m[Kconversion to '[01m[Klong unsigned int[m[K' from '[01m[Kint[m[K' may change the sign of the result [[01;35m[K-Wsign-conversion[m[K]
         printf("read_message time : %d\n", (current_time [01;35m[K-[m[K end));
                                                          [01;35m[K^[m[K
[01m[K/home/neu/Desktop/microros_ws/firmware/mcu_ws/eProsima/Micro-XRCE-DDS-Client/src/c/core/session/session.c:689:38:[m[K [01;35m[Kwarning: [m[Kformat '[01m[K%d[m[K' expects argument of type '[01m[Kint[m[K', but argument 2 has type '[01m[Klong unsigned int[m[K' [[01;35m[K-Wformat=[m[K]
         printf("read_message time : [01;35m[K%d[m[K\n", [32m[K(current_time - end)[m[K);
                                     [01;35m[K~^[m[K     [32m[K~~~~~~~~~~~~~~~~~~~~[m[K
                                     [32m[K%ld[m[K
[01m[K/home/neu/Desktop/microros_ws/firmware/mcu_ws/eProsima/Micro-XRCE-DDS-Client/src/c/util/time.c:[m[K In function '[01m[Kuxr_nanos[m[K':
[01m[K/home/neu/Desktop/microros_ws/firmware/mcu_ws/eProsima/Micro-XRCE-DDS-Client/src/c/util/time.c:60:5:[m[K [01;35m[Kwarning: [m[Kimplicit declaration of function '[01m[Kclock_gettime[m[K'; did you mean '[01m[Klocaltime[m[K'? [[01;35m[K-Wimplicit-function-declaration[m[K]
     [01;35m[Kclock_gettime[m[K(CLOCK_REALTIME, &ts);
     [01;35m[K^~~~~~~~~~~~~[m[K
     [32m[Klocaltime[m[K
[01m[K/home/neu/Desktop/microros_ws/firmware/mcu_ws/eProsima/Micro-XRCE-DDS-Client/src/c/profile/transport/custom/custom_transport.c:[m[K In function '[01m[Krecv_custom_msg[m[K':
[01m[K/home/neu/Desktop/microros_ws/firmware/mcu_ws/eProsima/Micro-XRCE-DDS-Client/src/c/profile/transport/custom/custom_transport.c:72:21:[m[K [01;35m[Kwarning: [m[Kunused variable '[01m[Kend[m[K' [[01;35m[K-Wunused-variable[m[K]
     uint32_t start, [01;35m[Kend[m[K;
                     [01;35m[K^~~[m[K
[01m[K/home/neu/Desktop/microros_ws/firmware/mcu_ws/eProsima/Micro-XRCE-DDS-Client/src/c/profile/transport/custom/custom_transport.c:72:14:[m[K [01;35m[Kwarning: [m[Kunused variable '[01m[Kstart[m[K' [[01;35m[K-Wunused-variable[m[K]
     uint32_t [01;35m[Kstart[m[K, end;
              [01;35m[K^~~~~[m[K
[01m[K/home/neu/Desktop/microros_ws/firmware/mcu_ws/eProsima/Micro-XRCE-DDS-Client/src/c/profile/transport/stream_framing/stream_framing_protocol.c:[m[K In function '[01m[Kuxr_read_framed_msg[m[K':
[01m[K/home/neu/Desktop/microros_ws/firmware/mcu_ws/eProsima/Micro-XRCE-DDS-Client/src/c/profile/transport/stream_framing/stream_framing_protocol.c:526:9:[m[K [01;35m[Kwarning: [m[Kimplicit declaration of function '[01m[Kprintf[m[K' [[01;35m[K-Wimplicit-function-declaration[m[K]
         [01;35m[Kprintf[m[K("==============%d\n", j);
         [01;35m[K^~~~~~[m[K
[01m[K/home/neu/Desktop/microros_ws/firmware/mcu_ws/eProsima/Micro-XRCE-DDS-Client/src/c/profile/transport/stream_framing/stream_framing_protocol.c:526:9:[m[K [01;35m[Kwarning: [m[Kincompatible implicit declaration of built-in function '[01m[Kprintf[m[K'
[01m[K/home/neu/Desktop/microros_ws/firmware/mcu_ws/eProsima/Micro-XRCE-DDS-Client/src/c/profile/transport/stream_framing/stream_framing_protocol.c:526:9:[m[K [01;36m[Knote: [m[Kinclude '[01m[K<stdio.h>[m[K' or provide a declaration of '[01m[Kprintf[m[K'
[01m[K/home/neu/Desktop/microros_ws/firmware/mcu_ws/eProsima/Micro-XRCE-DDS-Client/src/c/profile/transport/stream_framing/stream_framing_protocol.c:4:1:[m[K
+[32m[K#include <stdio.h>[m[K
 
[01m[K/home/neu/Desktop/microros_ws/firmware/mcu_ws/eProsima/Micro-XRCE-DDS-Client/src/c/profile/transport/stream_framing/stream_framing_protocol.c:526:9:[m[K
         [01;36m[Kprintf[m[K("==============%d\n", j);
         [01;36m[K^~~~~~[m[K
