[1.112s] Invoking command in '/home/neu/Desktop/microros_ws/firmware/mcu_ws/uros/tracetools/tracetools_read': PYTHONPATH=/home/neu/Desktop/microros_ws/firmware/mcu_ws/build/tracetools_read/prefix_override:/home/neu/Desktop/microros_ws/firmware/mcu_ws/install/tracetools_read/lib/python3.8/site-packages:${PYTHONPATH} /usr/bin/python3 setup.py egg_info --egg-base ../../../build/tracetools_read build --build-base /home/neu/Desktop/microros_ws/firmware/mcu_ws/build/tracetools_read/build install --record /home/neu/Desktop/microros_ws/firmware/mcu_ws/build/tracetools_read/install.log --single-version-externally-managed
[1.372s] running egg_info
[1.372s] creating ../../../build/tracetools_read/tracetools_read.egg-info
[1.372s] writing ../../../build/tracetools_read/tracetools_read.egg-info/PKG-INFO
[1.373s] writing dependency_links to ../../../build/tracetools_read/tracetools_read.egg-info/dependency_links.txt
[1.373s] writing requirements to ../../../build/tracetools_read/tracetools_read.egg-info/requires.txt
[1.373s] writing top-level names to ../../../build/tracetools_read/tracetools_read.egg-info/top_level.txt
[1.373s] writing manifest file '../../../build/tracetools_read/tracetools_read.egg-info/SOURCES.txt'
[1.392s] reading manifest file '../../../build/tracetools_read/tracetools_read.egg-info/SOURCES.txt'
[1.393s] writing manifest file '../../../build/tracetools_read/tracetools_read.egg-info/SOURCES.txt'
[1.393s] running build
[1.393s] running build_py
[1.393s] creating /home/neu/Desktop/microros_ws/firmware/mcu_ws/build/tracetools_read/build
[1.393s] creating /home/neu/Desktop/microros_ws/firmware/mcu_ws/build/tracetools_read/build/lib
[1.393s] creating /home/neu/Desktop/microros_ws/firmware/mcu_ws/build/tracetools_read/build/lib/tracetools_read
[1.394s] copying tracetools_read/trace.py -> /home/neu/Desktop/microros_ws/firmware/mcu_ws/build/tracetools_read/build/lib/tracetools_read
[1.395s] copying tracetools_read/__init__.py -> /home/neu/Desktop/microros_ws/firmware/mcu_ws/build/tracetools_read/build/lib/tracetools_read
[1.396s] running install
[1.396s] running install_lib
[1.396s] creating /home/neu/Desktop/microros_ws/firmware/mcu_ws/install/tracetools_read/lib/python3.8/site-packages/tracetools_read
[1.396s] copying /home/neu/Desktop/microros_ws/firmware/mcu_ws/build/tracetools_read/build/lib/tracetools_read/trace.py -> /home/neu/Desktop/microros_ws/firmware/mcu_ws/install/tracetools_read/lib/python3.8/site-packages/tracetools_read
[1.396s] copying /home/neu/Desktop/microros_ws/firmware/mcu_ws/build/tracetools_read/build/lib/tracetools_read/__init__.py -> /home/neu/Desktop/microros_ws/firmware/mcu_ws/install/tracetools_read/lib/python3.8/site-packages/tracetools_read
[1.401s] byte-compiling /home/neu/Desktop/microros_ws/firmware/mcu_ws/install/tracetools_read/lib/python3.8/site-packages/tracetools_read/trace.py to trace.cpython-38.pyc
[1.401s] byte-compiling /home/neu/Desktop/microros_ws/firmware/mcu_ws/install/tracetools_read/lib/python3.8/site-packages/tracetools_read/__init__.py to __init__.cpython-38.pyc
[1.401s] running install_data
[1.401s] copying package.xml -> /home/neu/Desktop/microros_ws/firmware/mcu_ws/install/tracetools_read/share/tracetools_read
[1.402s] creating /home/neu/Desktop/microros_ws/firmware/mcu_ws/install/tracetools_read/share/ament_index
[1.402s] creating /home/neu/Desktop/microros_ws/firmware/mcu_ws/install/tracetools_read/share/ament_index/resource_index
[1.402s] creating /home/neu/Desktop/microros_ws/firmware/mcu_ws/install/tracetools_read/share/ament_index/resource_index/packages
[1.402s] copying resource/tracetools_read -> /home/neu/Desktop/microros_ws/firmware/mcu_ws/install/tracetools_read/share/ament_index/resource_index/packages
[1.402s] running install_egg_info
[1.402s] Copying ../../../build/tracetools_read/tracetools_read.egg-info to /home/neu/Desktop/microros_ws/firmware/mcu_ws/install/tracetools_read/lib/python3.8/site-packages/tracetools_read-4.1.1-py3.8.egg-info
[1.402s] running install_scripts
[1.416s] writing list of installed files to '/home/neu/Desktop/microros_ws/firmware/mcu_ws/build/tracetools_read/install.log'
[1.463s] Invoked command in '/home/neu/Desktop/microros_ws/firmware/mcu_ws/uros/tracetools/tracetools_read' returned '0': PYTHONPATH=/home/neu/Desktop/microros_ws/firmware/mcu_ws/build/tracetools_read/prefix_override:/home/neu/Desktop/microros_ws/firmware/mcu_ws/install/tracetools_read/lib/python3.8/site-packages:${PYTHONPATH} /usr/bin/python3 setup.py egg_info --egg-base ../../../build/tracetools_read build --build-base /home/neu/Desktop/microros_ws/firmware/mcu_ws/build/tracetools_read/build install --record /home/neu/Desktop/microros_ws/firmware/mcu_ws/build/tracetools_read/install.log --single-version-externally-managed
