Not searching for unused variables given on the command line.
-- The C compiler identification is GNU 8.3.1
-- The CXX compiler identification is GNU 8.3.1
-- Check for working C compiler: /home/neu/Desktop/microros_ws/firmware/freertos_apps/microros_nucleo_f446ze_extensions/../../toolchain/bin/arm-none-eabi-gcc
-- Check for working C compiler: /home/neu/Desktop/microros_ws/firmware/freertos_apps/microros_nucleo_f446ze_extensions/../../toolchain/bin/arm-none-eabi-gcc -- works
-- Detecting C compiler ABI info
-- Detecting C compiler ABI info - done
-- Detecting C compile features
-- Detecting C compile features - done
-- Check for working CXX compiler: /home/neu/Desktop/microros_ws/firmware/freertos_apps/microros_nucleo_f446ze_extensions/../../toolchain/bin/arm-none-eabi-g++
-- Check for working CXX compiler: /home/neu/Desktop/microros_ws/firmware/freertos_apps/microros_nucleo_f446ze_extensions/../../toolchain/bin/arm-none-eabi-g++ -- works
-- Detecting CXX compiler ABI info
-- Detecting CXX compiler ABI info - done
-- Detecting CXX compile features
-- Detecting CXX compile features - done
-- Found ament_cmake_ros: 0.10.0 (/home/neu/Desktop/microros_ws/firmware/dev_ws/install/ament_cmake_ros/share/ament_cmake_ros/cmake)
-- Found Python3: /usr/bin/python3.8 (found version "3.8.10") found components: Interpreter 
-- Found rcl_logging_interface: 2.3.1 (/home/neu/Desktop/microros_ws/firmware/mcu_ws/install/rcl_logging_interface/share/rcl_logging_interface/cmake)
CMake Warning at /home/neu/Desktop/microros_ws/firmware/mcu_ws/install/rcutils/share/rcutils/cmake/ament_cmake_export_libraries-extras.cmake:116 (message):
  Package 'rcutils' exports library 'dl' which couldn't be found
Call Stack (most recent call first):
  /home/neu/Desktop/microros_ws/firmware/mcu_ws/install/rcutils/share/rcutils/cmake/rcutilsConfig.cmake:41 (include)
  /home/neu/Desktop/microros_ws/firmware/mcu_ws/install/rcl_logging_interface/share/rcl_logging_interface/cmake/ament_cmake_export_dependencies-extras.cmake:21 (find_package)
  /home/neu/Desktop/microros_ws/firmware/mcu_ws/install/rcl_logging_interface/share/rcl_logging_interface/cmake/rcl_logging_interfaceConfig.cmake:41 (include)
  CMakeLists.txt:15 (find_package)


-- Configuring done
-- Generating done
-- Build files have been written to: /home/neu/Desktop/microros_ws/firmware/mcu_ws/build/rcl_logging_noop
make[1]: Entering directory '/home/neu/Desktop/microros_ws/firmware/mcu_ws/build/rcl_logging_noop'
/usr/bin/cmake -S/home/neu/Desktop/microros_ws/firmware/mcu_ws/ros2/rcl_logging/rcl_logging_noop -B/home/neu/Desktop/microros_ws/firmware/mcu_ws/build/rcl_logging_noop --check-build-system CMakeFiles/Makefile.cmake 0
/usr/bin/cmake -E cmake_progress_start /home/neu/Desktop/microros_ws/firmware/mcu_ws/build/rcl_logging_noop/CMakeFiles /home/neu/Desktop/microros_ws/firmware/mcu_ws/build/rcl_logging_noop/CMakeFiles/progress.marks
/usr/bin/make -f CMakeFiles/Makefile2 all
make[2]: Entering directory '/home/neu/Desktop/microros_ws/firmware/mcu_ws/build/rcl_logging_noop'
/usr/bin/make -f CMakeFiles/rcl_logging_noop.dir/build.make CMakeFiles/rcl_logging_noop.dir/depend
make[3]: Entering directory '/home/neu/Desktop/microros_ws/firmware/mcu_ws/build/rcl_logging_noop'
cd /home/neu/Desktop/microros_ws/firmware/mcu_ws/build/rcl_logging_noop && /usr/bin/cmake -E cmake_depends "Unix Makefiles" /home/neu/Desktop/microros_ws/firmware/mcu_ws/ros2/rcl_logging/rcl_logging_noop /home/neu/Desktop/microros_ws/firmware/mcu_ws/ros2/rcl_logging/rcl_logging_noop /home/neu/Desktop/microros_ws/firmware/mcu_ws/build/rcl_logging_noop /home/neu/Desktop/microros_ws/firmware/mcu_ws/build/rcl_logging_noop /home/neu/Desktop/microros_ws/firmware/mcu_ws/build/rcl_logging_noop/CMakeFiles/rcl_logging_noop.dir/DependInfo.cmake --color=
Dependee "/home/neu/Desktop/microros_ws/firmware/mcu_ws/build/rcl_logging_noop/CMakeFiles/rcl_logging_noop.dir/DependInfo.cmake" is newer than depender "/home/neu/Desktop/microros_ws/firmware/mcu_ws/build/rcl_logging_noop/CMakeFiles/rcl_logging_noop.dir/depend.internal".
Dependee "/home/neu/Desktop/microros_ws/firmware/mcu_ws/build/rcl_logging_noop/CMakeFiles/CMakeDirectoryInformation.cmake" is newer than depender "/home/neu/Desktop/microros_ws/firmware/mcu_ws/build/rcl_logging_noop/CMakeFiles/rcl_logging_noop.dir/depend.internal".
[35m[1mScanning dependencies of target rcl_logging_noop[0m
make[3]: Leaving directory '/home/neu/Desktop/microros_ws/firmware/mcu_ws/build/rcl_logging_noop'
/usr/bin/make -f CMakeFiles/rcl_logging_noop.dir/build.make CMakeFiles/rcl_logging_noop.dir/build
make[3]: Entering directory '/home/neu/Desktop/microros_ws/firmware/mcu_ws/build/rcl_logging_noop'
[ 50%] [32mBuilding CXX object CMakeFiles/rcl_logging_noop.dir/src/rcl_logging_noop/rcl_logging_noop.cpp.obj[0m
/home/neu/Desktop/microros_ws/firmware/freertos_apps/microros_nucleo_f446ze_extensions/../../toolchain/bin/arm-none-eabi-g++  -DRCL_LOGGING_INTERFACE_BUILDING_DLL -DROS_PACKAGE_NAME=\"rcl_logging_noop\" -isystem /home/neu/Desktop/microros_ws/firmware/mcu_ws/install/rcutils/include/rcutils -isystem /home/neu/Desktop/microros_ws/firmware/mcu_ws/install/rcl_logging_interface/include/rcl_logging_interface  -std=c++14 -mcpu=cortex-m4 -mthumb -mfpu=fpv4-sp-d16 -mfloat-abi=hard -DUSE_HAL_DRIVER -DSTM32F446xx -D_TIMEVAL_DEFINED -O0 -Wall -fdata-sections -ffunction-sections  -DCLOCK_MONOTONIC=0 -g   -Wall -Wextra -Wpedantic -std=gnu++14 -o CMakeFiles/rcl_logging_noop.dir/src/rcl_logging_noop/rcl_logging_noop.cpp.obj -c /home/neu/Desktop/microros_ws/firmware/mcu_ws/ros2/rcl_logging/rcl_logging_noop/src/rcl_logging_noop/rcl_logging_noop.cpp
[100%] [32m[1mLinking CXX static library librcl_logging_noop.a[0m
/usr/bin/cmake -P CMakeFiles/rcl_logging_noop.dir/cmake_clean_target.cmake
/usr/bin/cmake -E cmake_link_script CMakeFiles/rcl_logging_noop.dir/link.txt --verbose=1
/home/neu/Desktop/microros_ws/firmware/toolchain/bin/arm-none-eabi-ar qc librcl_logging_noop.a  CMakeFiles/rcl_logging_noop.dir/src/rcl_logging_noop/rcl_logging_noop.cpp.obj
/home/neu/Desktop/microros_ws/firmware/toolchain/bin/arm-none-eabi-ranlib librcl_logging_noop.a
make[3]: Leaving directory '/home/neu/Desktop/microros_ws/firmware/mcu_ws/build/rcl_logging_noop'
[100%] Built target rcl_logging_noop
make[2]: Leaving directory '/home/neu/Desktop/microros_ws/firmware/mcu_ws/build/rcl_logging_noop'
/usr/bin/cmake -E cmake_progress_start /home/neu/Desktop/microros_ws/firmware/mcu_ws/build/rcl_logging_noop/CMakeFiles 0
make[1]: Leaving directory '/home/neu/Desktop/microros_ws/firmware/mcu_ws/build/rcl_logging_noop'
-- Install configuration: "Debug"
-- Installing: /home/neu/Desktop/microros_ws/firmware/mcu_ws/install/rcl_logging_noop/lib/librcl_logging_noop.a
-- Installing: /home/neu/Desktop/microros_ws/firmware/mcu_ws/install/rcl_logging_noop/share/rcl_logging_noop/environment/library_path.sh
-- Installing: /home/neu/Desktop/microros_ws/firmware/mcu_ws/install/rcl_logging_noop/share/rcl_logging_noop/environment/library_path.dsv
-- Installing: /home/neu/Desktop/microros_ws/firmware/mcu_ws/install/rcl_logging_noop/share/ament_index/resource_index/package_run_dependencies/rcl_logging_noop
-- Installing: /home/neu/Desktop/microros_ws/firmware/mcu_ws/install/rcl_logging_noop/share/ament_index/resource_index/parent_prefix_path/rcl_logging_noop
-- Installing: /home/neu/Desktop/microros_ws/firmware/mcu_ws/install/rcl_logging_noop/share/rcl_logging_noop/environment/ament_prefix_path.sh
-- Installing: /home/neu/Desktop/microros_ws/firmware/mcu_ws/install/rcl_logging_noop/share/rcl_logging_noop/environment/ament_prefix_path.dsv
-- Installing: /home/neu/Desktop/microros_ws/firmware/mcu_ws/install/rcl_logging_noop/share/rcl_logging_noop/environment/path.sh
-- Installing: /home/neu/Desktop/microros_ws/firmware/mcu_ws/install/rcl_logging_noop/share/rcl_logging_noop/environment/path.dsv
-- Installing: /home/neu/Desktop/microros_ws/firmware/mcu_ws/install/rcl_logging_noop/share/rcl_logging_noop/local_setup.bash
-- Installing: /home/neu/Desktop/microros_ws/firmware/mcu_ws/install/rcl_logging_noop/share/rcl_logging_noop/local_setup.sh
-- Installing: /home/neu/Desktop/microros_ws/firmware/mcu_ws/install/rcl_logging_noop/share/rcl_logging_noop/local_setup.zsh
-- Installing: /home/neu/Desktop/microros_ws/firmware/mcu_ws/install/rcl_logging_noop/share/rcl_logging_noop/local_setup.dsv
-- Installing: /home/neu/Desktop/microros_ws/firmware/mcu_ws/install/rcl_logging_noop/share/rcl_logging_noop/package.dsv
-- Installing: /home/neu/Desktop/microros_ws/firmware/mcu_ws/install/rcl_logging_noop/share/ament_index/resource_index/packages/rcl_logging_noop
-- Installing: /home/neu/Desktop/microros_ws/firmware/mcu_ws/install/rcl_logging_noop/share/rcl_logging_noop/cmake/rcl_logging_noopExport.cmake
-- Installing: /home/neu/Desktop/microros_ws/firmware/mcu_ws/install/rcl_logging_noop/share/rcl_logging_noop/cmake/rcl_logging_noopExport-debug.cmake
-- Installing: /home/neu/Desktop/microros_ws/firmware/mcu_ws/install/rcl_logging_noop/share/rcl_logging_noop/cmake/ament_cmake_export_dependencies-extras.cmake
-- Installing: /home/neu/Desktop/microros_ws/firmware/mcu_ws/install/rcl_logging_noop/share/rcl_logging_noop/cmake/ament_cmake_export_libraries-extras.cmake
-- Installing: /home/neu/Desktop/microros_ws/firmware/mcu_ws/install/rcl_logging_noop/share/rcl_logging_noop/cmake/ament_cmake_export_targets-extras.cmake
-- Installing: /home/neu/Desktop/microros_ws/firmware/mcu_ws/install/rcl_logging_noop/share/rcl_logging_noop/cmake/rcl_logging_noopConfig.cmake
-- Installing: /home/neu/Desktop/microros_ws/firmware/mcu_ws/install/rcl_logging_noop/share/rcl_logging_noop/cmake/rcl_logging_noopConfig-version.cmake
-- Installing: /home/neu/Desktop/microros_ws/firmware/mcu_ws/install/rcl_logging_noop/share/rcl_logging_noop/package.xml
