[0.014s] Invoking command in '/home/neu/Desktop/microros_ws/build/micro_ros_msgs': CMAKE_PREFIX_PATH=${CMAKE_PREFIX_PATH}:/home/neu/ros2_humble/install/rqt_bag_plugins:/home/neu/ros2_humble/install/rqt_bag:/home/neu/ros2_humble/install/ros2bag:/home/neu/ros2_humble/install/tracetools_test:/home/neu/ros2_humble/install/tracetools_launch:/home/neu/ros2_humble/install/topic_monitor:/home/neu/ros2_humble/install/tf2_tools:/home/neu/ros2_humble/install/examples_tf2_py:/home/neu/ros2_humble/install/tf2_ros_py:/home/neu/ros2_humble/install/sros2:/home/neu/ros2_humble/install/rqt_topic:/home/neu/ros2_humble/install/rqt_srv:/home/neu/ros2_humble/install/rqt_shell:/home/neu/ros2_humble/install/rqt_service_caller:/home/neu/ros2_humble/install/rqt_reconfigure:/home/neu/ros2_humble/install/rqt_py_console:/home/neu/ros2_humble/install/rqt_publisher:/home/neu/ros2_humble/install/rqt_plot:/home/neu/ros2_humble/install/rqt_action:/home/neu/ros2_humble/install/rqt_msg:/home/neu/ros2_humble/install/rqt_console:/home/neu/ros2_humble/install/rqt:/home/neu/ros2_humble/install/rqt_graph:/home/neu/ros2_humble/install/rqt_gui_py:/home/neu/ros2_humble/install/rqt_gui:/home/neu/ros2_humble/install/ros2trace:/home/neu/ros2_humble/install/ros2topic:/home/neu/ros2_humble/install/ros2test:/home/neu/ros2_humble/install/ros2component:/home/neu/ros2_humble/install/ros2param:/home/neu/ros2_humble/install/ros2lifecycle:/home/neu/ros2_humble/install/ros2service:/home/neu/ros2_humble/install/ros2run:/home/neu/ros2_humble/install/ros2launch:/home/neu/ros2_humble/install/ros2pkg:/home/neu/ros2_humble/install/ros2node:/home/neu/ros2_humble/install/ros2multicast:/home/neu/ros2_humble/install/ros2interface:/home/neu/ros2_humble/install/ros2doctor:/home/neu/ros2_humble/install/ros2action:/home/neu/ros2_humble/install/ros2cli:/home/neu/ros2_humble/install/quality_of_service_demo_py:/home/neu/ros2_humble/install/lifecycle_py:/home/neu/ros2_humble/install/launch_testing_ros:/home/neu/ros2_humble/install/launch_ros:/home/neu/ros2_humble/install/examples_rclpy_pointcloud_publisher:/home/neu/ros2_humble/install/examples_rclpy_minimal_subscriber:/home/neu/ros2_humble/install/examples_rclpy_minimal_service:/home/neu/ros2_humble/install/examples_rclpy_minimal_publisher:/home/neu/ros2_humble/install/examples_rclpy_minimal_client:/home/neu/ros2_humble/install/examples_rclpy_minimal_action_server:/home/neu/ros2_humble/install/examples_rclpy_minimal_action_client:/home/neu/ros2_humble/install/examples_rclpy_guard_conditions:/home/neu/ros2_humble/install/examples_rclpy_executors:/home/neu/ros2_humble/install/demo_nodes_py:/home/neu/ros2_humble/install/action_tutorials_py:/home/neu/ros2_humble/install/ament_uncrustify:/home/neu/ros2_humble/install/tracetools_trace:/home/neu/ros2_humble/install/tracetools_read:/home/neu/ros2_humble/install/test_tracetools_launch:/home/neu/ros2_humble/install/test_launch_ros:/home/neu/ros2_humble/install/sensor_msgs_py:/home/neu/ros2_humble/install/rpyutils:/home/neu/ros2_humble/install/rosidl_runtime_py:/home/neu/ros2_humble/install/rosidl_cli:/home/neu/ros2_humble/install/launch_pytest:/home/neu/ros2_humble/install/launch_testing:/home/neu/ros2_humble/install/launch_yaml:/home/neu/ros2_humble/install/launch_xml:/home/neu/ros2_humble/install/launch:/home/neu/ros2_humble/install/osrf_pycommon:/home/neu/ros2_humble/install/launch_testing_examples:/home/neu/ros2_humble/install/domain_coordinator:/home/neu/ros2_humble/install/ament_xmllint:/home/neu/ros2_humble/install/ament_pyflakes:/home/neu/ros2_humble/install/ament_pycodestyle:/home/neu/ros2_humble/install/ament_pep257:/home/neu/ros2_humble/install/ament_pclint:/home/neu/ros2_humble/install/ament_package:/home/neu/ros2_humble/install/ament_mypy:/home/neu/ros2_humble/install/ament_lint_cmake:/home/neu/ros2_humble/install/ament_flake8:/home/neu/ros2_humble/install/ament_copyright:/home/neu/ros2_humble/install/ament_lint:/home/neu/ros2_humble/install/ament_index_python:/home/neu/ros2_humble/install/ament_cpplint:/home/neu/ros2_humble/install/ament_cppcheck:/home/neu/ros2_humble/install/ament_clang_tidy:/home/neu/ros2_humble/install/ament_clang_format /usr/bin/cmake /home/neu/Desktop/microros_ws/src/uros/micro_ros_msgs -DUAGENT_BUILD_EXECUTABLE=OFF -DUAGENT_P2P_PROFILE=OFF --no-warn-unused-cli -DCMAKE_INSTALL_PREFIX=/home/neu/Desktop/microros_ws/install/micro_ros_msgs
[0.025s] Not searching for unused variables given on the command line.
[0.073s] -- The C compiler identification is GNU 9.4.0
[0.142s] -- The CXX compiler identification is GNU 9.4.0
[0.154s] -- Check for working C compiler: /usr/bin/cc
[0.226s] -- Check for working C compiler: /usr/bin/cc -- works
[0.227s] -- Detecting C compiler ABI info
[0.300s] -- Detecting C compiler ABI info - done
[0.307s] -- Detecting C compile features
[0.307s] -- Detecting C compile features - done
[0.309s] -- Check for working CXX compiler: /usr/bin/c++
[0.387s] -- Check for working CXX compiler: /usr/bin/c++ -- works
[0.388s] -- Detecting CXX compiler ABI info
[0.469s] -- Detecting CXX compiler ABI info - done
[0.477s] -- Detecting CXX compile features
[0.477s] -- Detecting CXX compile features - done
[0.486s] -- Found ament_cmake: 1.3.3 (/home/neu/ros2_humble/install/ament_cmake/share/ament_cmake/cmake)
[2.066s] -- Found Python3: /usr/bin/python3.8 (found version "3.8.10") found components: Interpreter 
[2.514s] -- Found rosidl_default_generators: 1.2.0 (/home/neu/ros2_humble/install/rosidl_default_generators/share/rosidl_default_generators/cmake)
[2.610s] -- Using all available rosidl_typesupport_c: rosidl_typesupport_introspection_c;rosidl_typesupport_fastrtps_c
[2.634s] -- Found rosidl_adapter: 3.1.4 (/home/neu/ros2_humble/install/rosidl_adapter/share/rosidl_adapter/cmake)
[2.764s] -- Using all available rosidl_typesupport_cpp: rosidl_typesupport_introspection_cpp;rosidl_typesupport_fastrtps_cpp
[2.851s] -- Found ament_lint_auto: 0.12.5 (/home/neu/ros2_humble/install/ament_lint_auto/share/ament_lint_auto/cmake)
[6.628s] -- Found ament_cmake_ros: 0.10.0 (/home/neu/ros2_humble/install/ament_cmake_ros/share/ament_cmake_ros/cmake)
[8.721s] -- Using all available rosidl_typesupport_c: rosidl_typesupport_introspection_c;rosidl_typesupport_fastrtps_c
[12.811s] -- Using all available rosidl_typesupport_cpp: rosidl_typesupport_introspection_cpp;rosidl_typesupport_fastrtps_cpp
[13.077s] -- Found PythonInterp: /usr/bin/python3 (found suitable version "3.8.10", minimum required is "3.6") 
[13.090s] -- Found python_cmake_module: 0.10.0 (/home/neu/ros2_humble/install/python_cmake_module/share/python_cmake_module/cmake)
[13.368s] -- Found PythonLibs: /usr/lib/x86_64-linux-gnu/libpython3.8.so (found suitable version "3.8.10", minimum required is "3.5") 
[13.369s] -- Using PYTHON_EXECUTABLE: /usr/bin/python3
[13.369s] -- Using PYTHON_INCLUDE_DIRS: /usr/include/python3.8
[13.369s] -- Using PYTHON_LIBRARIES: /usr/lib/x86_64-linux-gnu/libpython3.8.so
[13.621s] -- Found PythonExtra: .so  
[14.096s] -- Added test 'copyright' to check source files copyright and LICENSE
[14.105s] -- Added test 'lint_cmake' to check CMake code style
[14.111s] -- Added test 'xmllint' to check XML markup files
[14.129s] -- Configuring done
[14.148s] -- Generating done
[14.149s] -- Build files have been written to: /home/neu/Desktop/microros_ws/build/micro_ros_msgs
[14.155s] Invoked command in '/home/neu/Desktop/microros_ws/build/micro_ros_msgs' returned '0': CMAKE_PREFIX_PATH=${CMAKE_PREFIX_PATH}:/home/neu/ros2_humble/install/rqt_bag_plugins:/home/neu/ros2_humble/install/rqt_bag:/home/neu/ros2_humble/install/ros2bag:/home/neu/ros2_humble/install/tracetools_test:/home/neu/ros2_humble/install/tracetools_launch:/home/neu/ros2_humble/install/topic_monitor:/home/neu/ros2_humble/install/tf2_tools:/home/neu/ros2_humble/install/examples_tf2_py:/home/neu/ros2_humble/install/tf2_ros_py:/home/neu/ros2_humble/install/sros2:/home/neu/ros2_humble/install/rqt_topic:/home/neu/ros2_humble/install/rqt_srv:/home/neu/ros2_humble/install/rqt_shell:/home/neu/ros2_humble/install/rqt_service_caller:/home/neu/ros2_humble/install/rqt_reconfigure:/home/neu/ros2_humble/install/rqt_py_console:/home/neu/ros2_humble/install/rqt_publisher:/home/neu/ros2_humble/install/rqt_plot:/home/neu/ros2_humble/install/rqt_action:/home/neu/ros2_humble/install/rqt_msg:/home/neu/ros2_humble/install/rqt_console:/home/neu/ros2_humble/install/rqt:/home/neu/ros2_humble/install/rqt_graph:/home/neu/ros2_humble/install/rqt_gui_py:/home/neu/ros2_humble/install/rqt_gui:/home/neu/ros2_humble/install/ros2trace:/home/neu/ros2_humble/install/ros2topic:/home/neu/ros2_humble/install/ros2test:/home/neu/ros2_humble/install/ros2component:/home/neu/ros2_humble/install/ros2param:/home/neu/ros2_humble/install/ros2lifecycle:/home/neu/ros2_humble/install/ros2service:/home/neu/ros2_humble/install/ros2run:/home/neu/ros2_humble/install/ros2launch:/home/neu/ros2_humble/install/ros2pkg:/home/neu/ros2_humble/install/ros2node:/home/neu/ros2_humble/install/ros2multicast:/home/neu/ros2_humble/install/ros2interface:/home/neu/ros2_humble/install/ros2doctor:/home/neu/ros2_humble/install/ros2action:/home/neu/ros2_humble/install/ros2cli:/home/neu/ros2_humble/install/quality_of_service_demo_py:/home/neu/ros2_humble/install/lifecycle_py:/home/neu/ros2_humble/install/launch_testing_ros:/home/neu/ros2_humble/install/launch_ros:/home/neu/ros2_humble/install/examples_rclpy_pointcloud_publisher:/home/neu/ros2_humble/install/examples_rclpy_minimal_subscriber:/home/neu/ros2_humble/install/examples_rclpy_minimal_service:/home/neu/ros2_humble/install/examples_rclpy_minimal_publisher:/home/neu/ros2_humble/install/examples_rclpy_minimal_client:/home/neu/ros2_humble/install/examples_rclpy_minimal_action_server:/home/neu/ros2_humble/install/examples_rclpy_minimal_action_client:/home/neu/ros2_humble/install/examples_rclpy_guard_conditions:/home/neu/ros2_humble/install/examples_rclpy_executors:/home/neu/ros2_humble/install/demo_nodes_py:/home/neu/ros2_humble/install/action_tutorials_py:/home/neu/ros2_humble/install/ament_uncrustify:/home/neu/ros2_humble/install/tracetools_trace:/home/neu/ros2_humble/install/tracetools_read:/home/neu/ros2_humble/install/test_tracetools_launch:/home/neu/ros2_humble/install/test_launch_ros:/home/neu/ros2_humble/install/sensor_msgs_py:/home/neu/ros2_humble/install/rpyutils:/home/neu/ros2_humble/install/rosidl_runtime_py:/home/neu/ros2_humble/install/rosidl_cli:/home/neu/ros2_humble/install/launch_pytest:/home/neu/ros2_humble/install/launch_testing:/home/neu/ros2_humble/install/launch_yaml:/home/neu/ros2_humble/install/launch_xml:/home/neu/ros2_humble/install/launch:/home/neu/ros2_humble/install/osrf_pycommon:/home/neu/ros2_humble/install/launch_testing_examples:/home/neu/ros2_humble/install/domain_coordinator:/home/neu/ros2_humble/install/ament_xmllint:/home/neu/ros2_humble/install/ament_pyflakes:/home/neu/ros2_humble/install/ament_pycodestyle:/home/neu/ros2_humble/install/ament_pep257:/home/neu/ros2_humble/install/ament_pclint:/home/neu/ros2_humble/install/ament_package:/home/neu/ros2_humble/install/ament_mypy:/home/neu/ros2_humble/install/ament_lint_cmake:/home/neu/ros2_humble/install/ament_flake8:/home/neu/ros2_humble/install/ament_copyright:/home/neu/ros2_humble/install/ament_lint:/home/neu/ros2_humble/install/ament_index_python:/home/neu/ros2_humble/install/ament_cpplint:/home/neu/ros2_humble/install/ament_cppcheck:/home/neu/ros2_humble/install/ament_clang_tidy:/home/neu/ros2_humble/install/ament_clang_format /usr/bin/cmake /home/neu/Desktop/microros_ws/src/uros/micro_ros_msgs -DUAGENT_BUILD_EXECUTABLE=OFF -DUAGENT_P2P_PROFILE=OFF --no-warn-unused-cli -DCMAKE_INSTALL_PREFIX=/home/neu/Desktop/microros_ws/install/micro_ros_msgs
[14.157s] Invoking command in '/home/neu/Desktop/microros_ws/build/micro_ros_msgs': CMAKE_PREFIX_PATH=${CMAKE_PREFIX_PATH}:/home/neu/ros2_humble/install/rqt_bag_plugins:/home/neu/ros2_humble/install/rqt_bag:/home/neu/ros2_humble/install/ros2bag:/home/neu/ros2_humble/install/tracetools_test:/home/neu/ros2_humble/install/tracetools_launch:/home/neu/ros2_humble/install/topic_monitor:/home/neu/ros2_humble/install/tf2_tools:/home/neu/ros2_humble/install/examples_tf2_py:/home/neu/ros2_humble/install/tf2_ros_py:/home/neu/ros2_humble/install/sros2:/home/neu/ros2_humble/install/rqt_topic:/home/neu/ros2_humble/install/rqt_srv:/home/neu/ros2_humble/install/rqt_shell:/home/neu/ros2_humble/install/rqt_service_caller:/home/neu/ros2_humble/install/rqt_reconfigure:/home/neu/ros2_humble/install/rqt_py_console:/home/neu/ros2_humble/install/rqt_publisher:/home/neu/ros2_humble/install/rqt_plot:/home/neu/ros2_humble/install/rqt_action:/home/neu/ros2_humble/install/rqt_msg:/home/neu/ros2_humble/install/rqt_console:/home/neu/ros2_humble/install/rqt:/home/neu/ros2_humble/install/rqt_graph:/home/neu/ros2_humble/install/rqt_gui_py:/home/neu/ros2_humble/install/rqt_gui:/home/neu/ros2_humble/install/ros2trace:/home/neu/ros2_humble/install/ros2topic:/home/neu/ros2_humble/install/ros2test:/home/neu/ros2_humble/install/ros2component:/home/neu/ros2_humble/install/ros2param:/home/neu/ros2_humble/install/ros2lifecycle:/home/neu/ros2_humble/install/ros2service:/home/neu/ros2_humble/install/ros2run:/home/neu/ros2_humble/install/ros2launch:/home/neu/ros2_humble/install/ros2pkg:/home/neu/ros2_humble/install/ros2node:/home/neu/ros2_humble/install/ros2multicast:/home/neu/ros2_humble/install/ros2interface:/home/neu/ros2_humble/install/ros2doctor:/home/neu/ros2_humble/install/ros2action:/home/neu/ros2_humble/install/ros2cli:/home/neu/ros2_humble/install/quality_of_service_demo_py:/home/neu/ros2_humble/install/lifecycle_py:/home/neu/ros2_humble/install/launch_testing_ros:/home/neu/ros2_humble/install/launch_ros:/home/neu/ros2_humble/install/examples_rclpy_pointcloud_publisher:/home/neu/ros2_humble/install/examples_rclpy_minimal_subscriber:/home/neu/ros2_humble/install/examples_rclpy_minimal_service:/home/neu/ros2_humble/install/examples_rclpy_minimal_publisher:/home/neu/ros2_humble/install/examples_rclpy_minimal_client:/home/neu/ros2_humble/install/examples_rclpy_minimal_action_server:/home/neu/ros2_humble/install/examples_rclpy_minimal_action_client:/home/neu/ros2_humble/install/examples_rclpy_guard_conditions:/home/neu/ros2_humble/install/examples_rclpy_executors:/home/neu/ros2_humble/install/demo_nodes_py:/home/neu/ros2_humble/install/action_tutorials_py:/home/neu/ros2_humble/install/ament_uncrustify:/home/neu/ros2_humble/install/tracetools_trace:/home/neu/ros2_humble/install/tracetools_read:/home/neu/ros2_humble/install/test_tracetools_launch:/home/neu/ros2_humble/install/test_launch_ros:/home/neu/ros2_humble/install/sensor_msgs_py:/home/neu/ros2_humble/install/rpyutils:/home/neu/ros2_humble/install/rosidl_runtime_py:/home/neu/ros2_humble/install/rosidl_cli:/home/neu/ros2_humble/install/launch_pytest:/home/neu/ros2_humble/install/launch_testing:/home/neu/ros2_humble/install/launch_yaml:/home/neu/ros2_humble/install/launch_xml:/home/neu/ros2_humble/install/launch:/home/neu/ros2_humble/install/osrf_pycommon:/home/neu/ros2_humble/install/launch_testing_examples:/home/neu/ros2_humble/install/domain_coordinator:/home/neu/ros2_humble/install/ament_xmllint:/home/neu/ros2_humble/install/ament_pyflakes:/home/neu/ros2_humble/install/ament_pycodestyle:/home/neu/ros2_humble/install/ament_pep257:/home/neu/ros2_humble/install/ament_pclint:/home/neu/ros2_humble/install/ament_package:/home/neu/ros2_humble/install/ament_mypy:/home/neu/ros2_humble/install/ament_lint_cmake:/home/neu/ros2_humble/install/ament_flake8:/home/neu/ros2_humble/install/ament_copyright:/home/neu/ros2_humble/install/ament_lint:/home/neu/ros2_humble/install/ament_index_python:/home/neu/ros2_humble/install/ament_cpplint:/home/neu/ros2_humble/install/ament_cppcheck:/home/neu/ros2_humble/install/ament_clang_tidy:/home/neu/ros2_humble/install/ament_clang_format /usr/bin/cmake --build /home/neu/Desktop/microros_ws/build/micro_ros_msgs -- -j20 -l20
[14.214s] [  2%] [34m[1mGenerating C code for ROS interfaces[0m
[14.214s] [35m[1mScanning dependencies of target ament_cmake_python_copy_micro_ros_msgs[0m
[14.214s] [35m[1mScanning dependencies of target micro_ros_msgs__cpp[0m
[14.229s] [  4%] [34m[1mGenerating C++ code for ROS interfaces[0m
[14.241s] [  4%] Built target ament_cmake_python_copy_micro_ros_msgs
[14.256s] [35m[1mScanning dependencies of target ament_cmake_python_build_micro_ros_msgs_egg[0m
[14.721s] running egg_info
[14.722s] creating micro_ros_msgs.egg-info
[14.722s] writing micro_ros_msgs.egg-info/PKG-INFO
[14.722s] writing dependency_links to micro_ros_msgs.egg-info/dependency_links.txt
[14.722s] writing top-level names to micro_ros_msgs.egg-info/top_level.txt
[14.722s] writing manifest file 'micro_ros_msgs.egg-info/SOURCES.txt'
[14.724s] [  4%] Built target micro_ros_msgs__cpp
[14.740s] [  6%] [34m[1mGenerating C++ type support for eProsima Fast-RTPS[0m
[14.741s] [  8%] [34m[1mGenerating C++ introspection for ROS interfaces[0m
[14.741s] [35m[1mScanning dependencies of target micro_ros_msgs__rosidl_generator_c[0m
[14.741s] [ 10%] [34m[1mGenerating C++ type support dispatch for ROS interfaces[0m
[14.750s] reading manifest file 'micro_ros_msgs.egg-info/SOURCES.txt'
[14.750s] writing manifest file 'micro_ros_msgs.egg-info/SOURCES.txt'
[14.766s] [ 12%] [32mBuilding C object CMakeFiles/micro_ros_msgs__rosidl_generator_c.dir/rosidl_generator_c/micro_ros_msgs/msg/detail/graph__functions.c.o[0m
[14.771s] [ 17%] [32mBuilding C object CMakeFiles/micro_ros_msgs__rosidl_generator_c.dir/rosidl_generator_c/micro_ros_msgs/msg/detail/entity__functions.c.o[0m
[14.771s] [ 17%] [32mBuilding C object CMakeFiles/micro_ros_msgs__rosidl_generator_c.dir/rosidl_generator_c/micro_ros_msgs/msg/detail/node__functions.c.o[0m
[14.778s] [ 17%] Built target ament_cmake_python_build_micro_ros_msgs_egg
[14.831s] [ 19%] [32m[1mLinking C shared library libmicro_ros_msgs__rosidl_generator_c.so[0m
[14.872s] [ 19%] Built target micro_ros_msgs__rosidl_generator_c
[14.887s] [ 21%] [34m[1mGenerating C introspection for ROS interfaces[0m
[14.893s] [ 23%] [34m[1mGenerating C type support dispatch for ROS interfaces[0m
[14.894s] [ 25%] [34m[1mGenerating C type support for eProsima Fast-RTPS[0m
[15.231s] [35m[1mScanning dependencies of target micro_ros_msgs__rosidl_typesupport_fastrtps_cpp[0m
[15.241s] [35m[1mScanning dependencies of target micro_ros_msgs__rosidl_typesupport_cpp[0m
[15.253s] [ 27%] [32mBuilding CXX object CMakeFiles/micro_ros_msgs__rosidl_typesupport_fastrtps_cpp.dir/rosidl_typesupport_fastrtps_cpp/micro_ros_msgs/msg/detail/dds_fastrtps/graph__type_support.cpp.o[0m
[15.259s] [ 29%] [32mBuilding CXX object CMakeFiles/micro_ros_msgs__rosidl_typesupport_cpp.dir/rosidl_typesupport_cpp/micro_ros_msgs/msg/graph__type_support.cpp.o[0m
[15.260s] [ 31%] [32mBuilding CXX object CMakeFiles/micro_ros_msgs__rosidl_typesupport_fastrtps_cpp.dir/rosidl_typesupport_fastrtps_cpp/micro_ros_msgs/msg/detail/dds_fastrtps/entity__type_support.cpp.o[0m
[15.260s] [ 34%] [32mBuilding CXX object CMakeFiles/micro_ros_msgs__rosidl_typesupport_fastrtps_cpp.dir/rosidl_typesupport_fastrtps_cpp/micro_ros_msgs/msg/detail/dds_fastrtps/node__type_support.cpp.o[0m
[15.267s] [ 36%] [32mBuilding CXX object CMakeFiles/micro_ros_msgs__rosidl_typesupport_cpp.dir/rosidl_typesupport_cpp/micro_ros_msgs/msg/entity__type_support.cpp.o[0m
[15.277s] [ 38%] [32mBuilding CXX object CMakeFiles/micro_ros_msgs__rosidl_typesupport_cpp.dir/rosidl_typesupport_cpp/micro_ros_msgs/msg/node__type_support.cpp.o[0m
[15.287s] [35m[1mScanning dependencies of target micro_ros_msgs__rosidl_typesupport_introspection_cpp[0m
[15.316s] [ 42%] [32mBuilding CXX object CMakeFiles/micro_ros_msgs__rosidl_typesupport_introspection_cpp.dir/rosidl_typesupport_introspection_cpp/micro_ros_msgs/msg/detail/entity__type_support.cpp.o[0m
[15.316s] [ 42%] [32mBuilding CXX object CMakeFiles/micro_ros_msgs__rosidl_typesupport_introspection_cpp.dir/rosidl_typesupport_introspection_cpp/micro_ros_msgs/msg/detail/node__type_support.cpp.o[0m
[15.317s] [ 44%] [32mBuilding CXX object CMakeFiles/micro_ros_msgs__rosidl_typesupport_introspection_cpp.dir/rosidl_typesupport_introspection_cpp/micro_ros_msgs/msg/detail/graph__type_support.cpp.o[0m
[15.380s] [35m[1mScanning dependencies of target micro_ros_msgs__rosidl_typesupport_introspection_c[0m
[15.386s] [35m[1mScanning dependencies of target micro_ros_msgs__rosidl_typesupport_c[0m
[15.402s] [ 46%] [32mBuilding C object CMakeFiles/micro_ros_msgs__rosidl_typesupport_introspection_c.dir/rosidl_typesupport_introspection_c/micro_ros_msgs/msg/detail/graph__type_support.c.o[0m
[15.405s] [ 48%] [32mBuilding C object CMakeFiles/micro_ros_msgs__rosidl_typesupport_introspection_c.dir/rosidl_typesupport_introspection_c/micro_ros_msgs/msg/detail/node__type_support.c.o[0m
[15.405s] [ 51%] [32mBuilding C object CMakeFiles/micro_ros_msgs__rosidl_typesupport_introspection_c.dir/rosidl_typesupport_introspection_c/micro_ros_msgs/msg/detail/entity__type_support.c.o[0m
[15.412s] [ 55%] [32mBuilding CXX object CMakeFiles/micro_ros_msgs__rosidl_typesupport_c.dir/rosidl_typesupport_c/micro_ros_msgs/msg/entity__type_support.cpp.o[0m
[15.413s] [ 55%] [32mBuilding CXX object CMakeFiles/micro_ros_msgs__rosidl_typesupport_c.dir/rosidl_typesupport_c/micro_ros_msgs/msg/graph__type_support.cpp.o[0m
[15.417s] [ 57%] [32mBuilding CXX object CMakeFiles/micro_ros_msgs__rosidl_typesupport_c.dir/rosidl_typesupport_c/micro_ros_msgs/msg/node__type_support.cpp.o[0m
[15.464s] [ 59%] [32m[1mLinking CXX shared library libmicro_ros_msgs__rosidl_typesupport_c.so[0m
[15.468s] [ 61%] [32m[1mLinking C shared library libmicro_ros_msgs__rosidl_typesupport_introspection_c.so[0m
[15.516s] [ 61%] Built target micro_ros_msgs__rosidl_typesupport_introspection_c
[15.536s] [ 61%] Built target micro_ros_msgs__rosidl_typesupport_c
[15.608s] [ 63%] [32m[1mLinking CXX shared library libmicro_ros_msgs__rosidl_typesupport_cpp.so[0m
[15.658s] [ 63%] Built target micro_ros_msgs__rosidl_typesupport_cpp
[15.692s] [35m[1mScanning dependencies of target micro_ros_msgs__rosidl_typesupport_fastrtps_c[0m
[15.712s] [ 65%] [32mBuilding CXX object CMakeFiles/micro_ros_msgs__rosidl_typesupport_fastrtps_c.dir/rosidl_typesupport_fastrtps_c/micro_ros_msgs/msg/detail/graph__type_support_c.cpp.o[0m
[15.713s] [ 68%] [32m[1mLinking CXX shared library libmicro_ros_msgs__rosidl_typesupport_fastrtps_cpp.so[0m
[15.714s] [ 70%] [32mBuilding CXX object CMakeFiles/micro_ros_msgs__rosidl_typesupport_fastrtps_c.dir/rosidl_typesupport_fastrtps_c/micro_ros_msgs/msg/detail/entity__type_support_c.cpp.o[0m
[15.717s] [ 72%] [32mBuilding CXX object CMakeFiles/micro_ros_msgs__rosidl_typesupport_fastrtps_c.dir/rosidl_typesupport_fastrtps_c/micro_ros_msgs/msg/detail/node__type_support_c.cpp.o[0m
[15.783s] [ 72%] Built target micro_ros_msgs__rosidl_typesupport_fastrtps_cpp
[15.815s] [ 74%] [32m[1mLinking CXX shared library libmicro_ros_msgs__rosidl_typesupport_introspection_cpp.so[0m
[15.885s] [ 74%] Built target micro_ros_msgs__rosidl_typesupport_introspection_cpp
[15.960s] [ 76%] [32m[1mLinking CXX shared library libmicro_ros_msgs__rosidl_typesupport_fastrtps_c.so[0m
[16.025s] [ 76%] Built target micro_ros_msgs__rosidl_typesupport_fastrtps_c
[16.040s] [35m[1mScanning dependencies of target micro_ros_msgs[0m
[16.055s] [ 76%] Built target micro_ros_msgs
[16.071s] [35m[1mScanning dependencies of target micro_ros_msgs__py[0m
[16.088s] [ 78%] [34m[1mGenerating Python code for ROS interfaces[0m
[16.667s] [ 78%] Built target micro_ros_msgs__py
[16.683s] [35m[1mScanning dependencies of target micro_ros_msgs__rosidl_generator_py[0m
[16.715s] [ 85%] [32mBuilding C object CMakeFiles/micro_ros_msgs__rosidl_generator_py.dir/rosidl_generator_py/micro_ros_msgs/msg/_entity_s.c.o[0m
[16.715s] [ 85%] [32mBuilding C object CMakeFiles/micro_ros_msgs__rosidl_generator_py.dir/rosidl_generator_py/micro_ros_msgs/msg/_node_s.c.o[0m
[16.715s] [ 85%] [32mBuilding C object CMakeFiles/micro_ros_msgs__rosidl_generator_py.dir/rosidl_generator_py/micro_ros_msgs/msg/_graph_s.c.o[0m
[16.785s] [ 87%] [32m[1mLinking C shared library rosidl_generator_py/micro_ros_msgs/libmicro_ros_msgs__rosidl_generator_py.so[0m
[16.826s] [ 87%] Built target micro_ros_msgs__rosidl_generator_py
[16.840s] [35m[1mScanning dependencies of target micro_ros_msgs__rosidl_typesupport_fastrtps_c__pyext[0m
[16.840s] [35m[1mScanning dependencies of target micro_ros_msgs__rosidl_typesupport_c__pyext[0m
[16.840s] [35m[1mScanning dependencies of target micro_ros_msgs__rosidl_typesupport_introspection_c__pyext[0m
[16.860s] [ 93%] [32mBuilding C object CMakeFiles/micro_ros_msgs__rosidl_typesupport_c__pyext.dir/rosidl_generator_py/micro_ros_msgs/_micro_ros_msgs_s.ep.rosidl_typesupport_c.c.o[0m
[16.860s] [ 93%] [32mBuilding C object CMakeFiles/micro_ros_msgs__rosidl_typesupport_introspection_c__pyext.dir/rosidl_generator_py/micro_ros_msgs/_micro_ros_msgs_s.ep.rosidl_typesupport_introspection_c.c.o[0m
[16.860s] [ 93%] [32mBuilding C object CMakeFiles/micro_ros_msgs__rosidl_typesupport_fastrtps_c__pyext.dir/rosidl_generator_py/micro_ros_msgs/_micro_ros_msgs_s.ep.rosidl_typesupport_fastrtps_c.c.o[0m
[16.927s] [ 97%] [32m[1mLinking C shared library rosidl_generator_py/micro_ros_msgs/micro_ros_msgs_s__rosidl_typesupport_introspection_c.cpython-38-x86_64-linux-gnu.so[0m
[16.927s] [ 97%] [32m[1mLinking C shared library rosidl_generator_py/micro_ros_msgs/micro_ros_msgs_s__rosidl_typesupport_c.cpython-38-x86_64-linux-gnu.so[0m
[16.929s] [100%] [32m[1mLinking C shared library rosidl_generator_py/micro_ros_msgs/micro_ros_msgs_s__rosidl_typesupport_fastrtps_c.cpython-38-x86_64-linux-gnu.so[0m
[16.964s] [100%] Built target micro_ros_msgs__rosidl_typesupport_c__pyext
[16.965s] [100%] Built target micro_ros_msgs__rosidl_typesupport_introspection_c__pyext
[16.965s] [100%] Built target micro_ros_msgs__rosidl_typesupport_fastrtps_c__pyext
[16.979s] Invoked command in '/home/neu/Desktop/microros_ws/build/micro_ros_msgs' returned '0': CMAKE_PREFIX_PATH=${CMAKE_PREFIX_PATH}:/home/neu/ros2_humble/install/rqt_bag_plugins:/home/neu/ros2_humble/install/rqt_bag:/home/neu/ros2_humble/install/ros2bag:/home/neu/ros2_humble/install/tracetools_test:/home/neu/ros2_humble/install/tracetools_launch:/home/neu/ros2_humble/install/topic_monitor:/home/neu/ros2_humble/install/tf2_tools:/home/neu/ros2_humble/install/examples_tf2_py:/home/neu/ros2_humble/install/tf2_ros_py:/home/neu/ros2_humble/install/sros2:/home/neu/ros2_humble/install/rqt_topic:/home/neu/ros2_humble/install/rqt_srv:/home/neu/ros2_humble/install/rqt_shell:/home/neu/ros2_humble/install/rqt_service_caller:/home/neu/ros2_humble/install/rqt_reconfigure:/home/neu/ros2_humble/install/rqt_py_console:/home/neu/ros2_humble/install/rqt_publisher:/home/neu/ros2_humble/install/rqt_plot:/home/neu/ros2_humble/install/rqt_action:/home/neu/ros2_humble/install/rqt_msg:/home/neu/ros2_humble/install/rqt_console:/home/neu/ros2_humble/install/rqt:/home/neu/ros2_humble/install/rqt_graph:/home/neu/ros2_humble/install/rqt_gui_py:/home/neu/ros2_humble/install/rqt_gui:/home/neu/ros2_humble/install/ros2trace:/home/neu/ros2_humble/install/ros2topic:/home/neu/ros2_humble/install/ros2test:/home/neu/ros2_humble/install/ros2component:/home/neu/ros2_humble/install/ros2param:/home/neu/ros2_humble/install/ros2lifecycle:/home/neu/ros2_humble/install/ros2service:/home/neu/ros2_humble/install/ros2run:/home/neu/ros2_humble/install/ros2launch:/home/neu/ros2_humble/install/ros2pkg:/home/neu/ros2_humble/install/ros2node:/home/neu/ros2_humble/install/ros2multicast:/home/neu/ros2_humble/install/ros2interface:/home/neu/ros2_humble/install/ros2doctor:/home/neu/ros2_humble/install/ros2action:/home/neu/ros2_humble/install/ros2cli:/home/neu/ros2_humble/install/quality_of_service_demo_py:/home/neu/ros2_humble/install/lifecycle_py:/home/neu/ros2_humble/install/launch_testing_ros:/home/neu/ros2_humble/install/launch_ros:/home/neu/ros2_humble/install/examples_rclpy_pointcloud_publisher:/home/neu/ros2_humble/install/examples_rclpy_minimal_subscriber:/home/neu/ros2_humble/install/examples_rclpy_minimal_service:/home/neu/ros2_humble/install/examples_rclpy_minimal_publisher:/home/neu/ros2_humble/install/examples_rclpy_minimal_client:/home/neu/ros2_humble/install/examples_rclpy_minimal_action_server:/home/neu/ros2_humble/install/examples_rclpy_minimal_action_client:/home/neu/ros2_humble/install/examples_rclpy_guard_conditions:/home/neu/ros2_humble/install/examples_rclpy_executors:/home/neu/ros2_humble/install/demo_nodes_py:/home/neu/ros2_humble/install/action_tutorials_py:/home/neu/ros2_humble/install/ament_uncrustify:/home/neu/ros2_humble/install/tracetools_trace:/home/neu/ros2_humble/install/tracetools_read:/home/neu/ros2_humble/install/test_tracetools_launch:/home/neu/ros2_humble/install/test_launch_ros:/home/neu/ros2_humble/install/sensor_msgs_py:/home/neu/ros2_humble/install/rpyutils:/home/neu/ros2_humble/install/rosidl_runtime_py:/home/neu/ros2_humble/install/rosidl_cli:/home/neu/ros2_humble/install/launch_pytest:/home/neu/ros2_humble/install/launch_testing:/home/neu/ros2_humble/install/launch_yaml:/home/neu/ros2_humble/install/launch_xml:/home/neu/ros2_humble/install/launch:/home/neu/ros2_humble/install/osrf_pycommon:/home/neu/ros2_humble/install/launch_testing_examples:/home/neu/ros2_humble/install/domain_coordinator:/home/neu/ros2_humble/install/ament_xmllint:/home/neu/ros2_humble/install/ament_pyflakes:/home/neu/ros2_humble/install/ament_pycodestyle:/home/neu/ros2_humble/install/ament_pep257:/home/neu/ros2_humble/install/ament_pclint:/home/neu/ros2_humble/install/ament_package:/home/neu/ros2_humble/install/ament_mypy:/home/neu/ros2_humble/install/ament_lint_cmake:/home/neu/ros2_humble/install/ament_flake8:/home/neu/ros2_humble/install/ament_copyright:/home/neu/ros2_humble/install/ament_lint:/home/neu/ros2_humble/install/ament_index_python:/home/neu/ros2_humble/install/ament_cpplint:/home/neu/ros2_humble/install/ament_cppcheck:/home/neu/ros2_humble/install/ament_clang_tidy:/home/neu/ros2_humble/install/ament_clang_format /usr/bin/cmake --build /home/neu/Desktop/microros_ws/build/micro_ros_msgs -- -j20 -l20
[17.157s] Invoking command in '/home/neu/Desktop/microros_ws/build/micro_ros_msgs': CMAKE_PREFIX_PATH=${CMAKE_PREFIX_PATH}:/home/neu/ros2_humble/install/rqt_bag_plugins:/home/neu/ros2_humble/install/rqt_bag:/home/neu/ros2_humble/install/ros2bag:/home/neu/ros2_humble/install/tracetools_test:/home/neu/ros2_humble/install/tracetools_launch:/home/neu/ros2_humble/install/topic_monitor:/home/neu/ros2_humble/install/tf2_tools:/home/neu/ros2_humble/install/examples_tf2_py:/home/neu/ros2_humble/install/tf2_ros_py:/home/neu/ros2_humble/install/sros2:/home/neu/ros2_humble/install/rqt_topic:/home/neu/ros2_humble/install/rqt_srv:/home/neu/ros2_humble/install/rqt_shell:/home/neu/ros2_humble/install/rqt_service_caller:/home/neu/ros2_humble/install/rqt_reconfigure:/home/neu/ros2_humble/install/rqt_py_console:/home/neu/ros2_humble/install/rqt_publisher:/home/neu/ros2_humble/install/rqt_plot:/home/neu/ros2_humble/install/rqt_action:/home/neu/ros2_humble/install/rqt_msg:/home/neu/ros2_humble/install/rqt_console:/home/neu/ros2_humble/install/rqt:/home/neu/ros2_humble/install/rqt_graph:/home/neu/ros2_humble/install/rqt_gui_py:/home/neu/ros2_humble/install/rqt_gui:/home/neu/ros2_humble/install/ros2trace:/home/neu/ros2_humble/install/ros2topic:/home/neu/ros2_humble/install/ros2test:/home/neu/ros2_humble/install/ros2component:/home/neu/ros2_humble/install/ros2param:/home/neu/ros2_humble/install/ros2lifecycle:/home/neu/ros2_humble/install/ros2service:/home/neu/ros2_humble/install/ros2run:/home/neu/ros2_humble/install/ros2launch:/home/neu/ros2_humble/install/ros2pkg:/home/neu/ros2_humble/install/ros2node:/home/neu/ros2_humble/install/ros2multicast:/home/neu/ros2_humble/install/ros2interface:/home/neu/ros2_humble/install/ros2doctor:/home/neu/ros2_humble/install/ros2action:/home/neu/ros2_humble/install/ros2cli:/home/neu/ros2_humble/install/quality_of_service_demo_py:/home/neu/ros2_humble/install/lifecycle_py:/home/neu/ros2_humble/install/launch_testing_ros:/home/neu/ros2_humble/install/launch_ros:/home/neu/ros2_humble/install/examples_rclpy_pointcloud_publisher:/home/neu/ros2_humble/install/examples_rclpy_minimal_subscriber:/home/neu/ros2_humble/install/examples_rclpy_minimal_service:/home/neu/ros2_humble/install/examples_rclpy_minimal_publisher:/home/neu/ros2_humble/install/examples_rclpy_minimal_client:/home/neu/ros2_humble/install/examples_rclpy_minimal_action_server:/home/neu/ros2_humble/install/examples_rclpy_minimal_action_client:/home/neu/ros2_humble/install/examples_rclpy_guard_conditions:/home/neu/ros2_humble/install/examples_rclpy_executors:/home/neu/ros2_humble/install/demo_nodes_py:/home/neu/ros2_humble/install/action_tutorials_py:/home/neu/ros2_humble/install/ament_uncrustify:/home/neu/ros2_humble/install/tracetools_trace:/home/neu/ros2_humble/install/tracetools_read:/home/neu/ros2_humble/install/test_tracetools_launch:/home/neu/ros2_humble/install/test_launch_ros:/home/neu/ros2_humble/install/sensor_msgs_py:/home/neu/ros2_humble/install/rpyutils:/home/neu/ros2_humble/install/rosidl_runtime_py:/home/neu/ros2_humble/install/rosidl_cli:/home/neu/ros2_humble/install/launch_pytest:/home/neu/ros2_humble/install/launch_testing:/home/neu/ros2_humble/install/launch_yaml:/home/neu/ros2_humble/install/launch_xml:/home/neu/ros2_humble/install/launch:/home/neu/ros2_humble/install/osrf_pycommon:/home/neu/ros2_humble/install/launch_testing_examples:/home/neu/ros2_humble/install/domain_coordinator:/home/neu/ros2_humble/install/ament_xmllint:/home/neu/ros2_humble/install/ament_pyflakes:/home/neu/ros2_humble/install/ament_pycodestyle:/home/neu/ros2_humble/install/ament_pep257:/home/neu/ros2_humble/install/ament_pclint:/home/neu/ros2_humble/install/ament_package:/home/neu/ros2_humble/install/ament_mypy:/home/neu/ros2_humble/install/ament_lint_cmake:/home/neu/ros2_humble/install/ament_flake8:/home/neu/ros2_humble/install/ament_copyright:/home/neu/ros2_humble/install/ament_lint:/home/neu/ros2_humble/install/ament_index_python:/home/neu/ros2_humble/install/ament_cpplint:/home/neu/ros2_humble/install/ament_cppcheck:/home/neu/ros2_humble/install/ament_clang_tidy:/home/neu/ros2_humble/install/ament_clang_format /usr/bin/cmake --install /home/neu/Desktop/microros_ws/build/micro_ros_msgs
[17.168s] -- Install configuration: ""
[17.169s] -- Installing: /home/neu/Desktop/microros_ws/install/micro_ros_msgs/share/ament_index/resource_index/rosidl_interfaces/micro_ros_msgs
[17.169s] -- Installing: /home/neu/Desktop/microros_ws/install/micro_ros_msgs/include/micro_ros_msgs/micro_ros_msgs
[17.169s] -- Installing: /home/neu/Desktop/microros_ws/install/micro_ros_msgs/include/micro_ros_msgs/micro_ros_msgs/msg
[17.169s] -- Installing: /home/neu/Desktop/microros_ws/install/micro_ros_msgs/include/micro_ros_msgs/micro_ros_msgs/msg/detail
[17.169s] -- Installing: /home/neu/Desktop/microros_ws/install/micro_ros_msgs/include/micro_ros_msgs/micro_ros_msgs/msg/detail/entity__type_support.h
[17.169s] -- Installing: /home/neu/Desktop/microros_ws/install/micro_ros_msgs/include/micro_ros_msgs/micro_ros_msgs/msg/detail/graph__functions.c
[17.169s] -- Installing: /home/neu/Desktop/microros_ws/install/micro_ros_msgs/include/micro_ros_msgs/micro_ros_msgs/msg/detail/node__functions.c
[17.170s] -- Installing: /home/neu/Desktop/microros_ws/install/micro_ros_msgs/include/micro_ros_msgs/micro_ros_msgs/msg/detail/entity__struct.h
[17.170s] -- Installing: /home/neu/Desktop/microros_ws/install/micro_ros_msgs/include/micro_ros_msgs/micro_ros_msgs/msg/detail/entity__functions.h
[17.170s] -- Installing: /home/neu/Desktop/microros_ws/install/micro_ros_msgs/include/micro_ros_msgs/micro_ros_msgs/msg/detail/graph__functions.h
[17.170s] -- Installing: /home/neu/Desktop/microros_ws/install/micro_ros_msgs/include/micro_ros_msgs/micro_ros_msgs/msg/detail/graph__struct.h
[17.170s] -- Installing: /home/neu/Desktop/microros_ws/install/micro_ros_msgs/include/micro_ros_msgs/micro_ros_msgs/msg/detail/node__type_support.h
[17.170s] -- Installing: /home/neu/Desktop/microros_ws/install/micro_ros_msgs/include/micro_ros_msgs/micro_ros_msgs/msg/detail/node__struct.h
[17.170s] -- Installing: /home/neu/Desktop/microros_ws/install/micro_ros_msgs/include/micro_ros_msgs/micro_ros_msgs/msg/detail/graph__type_support.h
[17.170s] -- Installing: /home/neu/Desktop/microros_ws/install/micro_ros_msgs/include/micro_ros_msgs/micro_ros_msgs/msg/detail/node__functions.h
[17.170s] -- Installing: /home/neu/Desktop/microros_ws/install/micro_ros_msgs/include/micro_ros_msgs/micro_ros_msgs/msg/detail/entity__functions.c
[17.170s] -- Installing: /home/neu/Desktop/microros_ws/install/micro_ros_msgs/include/micro_ros_msgs/micro_ros_msgs/msg/node.h
[17.170s] -- Installing: /home/neu/Desktop/microros_ws/install/micro_ros_msgs/include/micro_ros_msgs/micro_ros_msgs/msg/entity.h
[17.170s] -- Installing: /home/neu/Desktop/microros_ws/install/micro_ros_msgs/include/micro_ros_msgs/micro_ros_msgs/msg/rosidl_generator_c__visibility_control.h
[17.171s] -- Installing: /home/neu/Desktop/microros_ws/install/micro_ros_msgs/include/micro_ros_msgs/micro_ros_msgs/msg/graph.h
[17.171s] -- Installing: /home/neu/Desktop/microros_ws/install/micro_ros_msgs/share/micro_ros_msgs/environment/library_path.sh
[17.171s] -- Installing: /home/neu/Desktop/microros_ws/install/micro_ros_msgs/share/micro_ros_msgs/environment/library_path.dsv
[17.171s] -- Installing: /home/neu/Desktop/microros_ws/install/micro_ros_msgs/lib/libmicro_ros_msgs__rosidl_generator_c.so
[17.171s] -- Set runtime path of "/home/neu/Desktop/microros_ws/install/micro_ros_msgs/lib/libmicro_ros_msgs__rosidl_generator_c.so" to ""
[17.171s] -- Up-to-date: /home/neu/Desktop/microros_ws/install/micro_ros_msgs/include/micro_ros_msgs/micro_ros_msgs
[17.171s] -- Up-to-date: /home/neu/Desktop/microros_ws/install/micro_ros_msgs/include/micro_ros_msgs/micro_ros_msgs/msg
[17.171s] -- Up-to-date: /home/neu/Desktop/microros_ws/install/micro_ros_msgs/include/micro_ros_msgs/micro_ros_msgs/msg/detail
[17.171s] -- Installing: /home/neu/Desktop/microros_ws/install/micro_ros_msgs/include/micro_ros_msgs/micro_ros_msgs/msg/detail/node__type_support.c
[17.171s] -- Installing: /home/neu/Desktop/microros_ws/install/micro_ros_msgs/include/micro_ros_msgs/micro_ros_msgs/msg/detail/graph__type_support.c
[17.171s] -- Installing: /home/neu/Desktop/microros_ws/install/micro_ros_msgs/include/micro_ros_msgs/micro_ros_msgs/msg/detail/node__rosidl_typesupport_introspection_c.h
[17.172s] -- Installing: /home/neu/Desktop/microros_ws/install/micro_ros_msgs/include/micro_ros_msgs/micro_ros_msgs/msg/detail/entity__rosidl_typesupport_introspection_c.h
[17.172s] -- Installing: /home/neu/Desktop/microros_ws/install/micro_ros_msgs/include/micro_ros_msgs/micro_ros_msgs/msg/detail/entity__type_support.c
[17.172s] -- Installing: /home/neu/Desktop/microros_ws/install/micro_ros_msgs/include/micro_ros_msgs/micro_ros_msgs/msg/detail/graph__rosidl_typesupport_introspection_c.h
[17.172s] -- Installing: /home/neu/Desktop/microros_ws/install/micro_ros_msgs/include/micro_ros_msgs/micro_ros_msgs/msg/rosidl_typesupport_introspection_c__visibility_control.h
[17.172s] -- Installing: /home/neu/Desktop/microros_ws/install/micro_ros_msgs/lib/libmicro_ros_msgs__rosidl_typesupport_introspection_c.so
[17.172s] -- Set runtime path of "/home/neu/Desktop/microros_ws/install/micro_ros_msgs/lib/libmicro_ros_msgs__rosidl_typesupport_introspection_c.so" to ""
[17.172s] -- Up-to-date: /home/neu/Desktop/microros_ws/install/micro_ros_msgs/include/micro_ros_msgs/micro_ros_msgs
[17.172s] -- Up-to-date: /home/neu/Desktop/microros_ws/install/micro_ros_msgs/include/micro_ros_msgs/micro_ros_msgs/msg
[17.172s] -- Up-to-date: /home/neu/Desktop/microros_ws/install/micro_ros_msgs/include/micro_ros_msgs/micro_ros_msgs/msg/detail
[17.172s] -- Installing: /home/neu/Desktop/microros_ws/install/micro_ros_msgs/include/micro_ros_msgs/micro_ros_msgs/msg/detail/entity__rosidl_typesupport_fastrtps_c.h
[17.172s] -- Installing: /home/neu/Desktop/microros_ws/install/micro_ros_msgs/include/micro_ros_msgs/micro_ros_msgs/msg/detail/graph__rosidl_typesupport_fastrtps_c.h
[17.172s] -- Installing: /home/neu/Desktop/microros_ws/install/micro_ros_msgs/include/micro_ros_msgs/micro_ros_msgs/msg/detail/node__rosidl_typesupport_fastrtps_c.h
[17.173s] -- Installing: /home/neu/Desktop/microros_ws/install/micro_ros_msgs/include/micro_ros_msgs/micro_ros_msgs/msg/rosidl_typesupport_fastrtps_c__visibility_control.h
[17.173s] -- Installing: /home/neu/Desktop/microros_ws/install/micro_ros_msgs/lib/libmicro_ros_msgs__rosidl_typesupport_fastrtps_c.so
[17.173s] -- Set runtime path of "/home/neu/Desktop/microros_ws/install/micro_ros_msgs/lib/libmicro_ros_msgs__rosidl_typesupport_fastrtps_c.so" to ""
[17.173s] -- Installing: /home/neu/Desktop/microros_ws/install/micro_ros_msgs/lib/libmicro_ros_msgs__rosidl_typesupport_c.so
[17.173s] -- Set runtime path of "/home/neu/Desktop/microros_ws/install/micro_ros_msgs/lib/libmicro_ros_msgs__rosidl_typesupport_c.so" to ""
[17.173s] -- Up-to-date: /home/neu/Desktop/microros_ws/install/micro_ros_msgs/include/micro_ros_msgs/micro_ros_msgs
[17.173s] -- Up-to-date: /home/neu/Desktop/microros_ws/install/micro_ros_msgs/include/micro_ros_msgs/micro_ros_msgs/msg
[17.173s] -- Up-to-date: /home/neu/Desktop/microros_ws/install/micro_ros_msgs/include/micro_ros_msgs/micro_ros_msgs/msg/detail
[17.173s] -- Installing: /home/neu/Desktop/microros_ws/install/micro_ros_msgs/include/micro_ros_msgs/micro_ros_msgs/msg/detail/graph__traits.hpp
[17.173s] -- Installing: /home/neu/Desktop/microros_ws/install/micro_ros_msgs/include/micro_ros_msgs/micro_ros_msgs/msg/detail/entity__builder.hpp
[17.174s] -- Installing: /home/neu/Desktop/microros_ws/install/micro_ros_msgs/include/micro_ros_msgs/micro_ros_msgs/msg/detail/graph__struct.hpp
[17.174s] -- Installing: /home/neu/Desktop/microros_ws/install/micro_ros_msgs/include/micro_ros_msgs/micro_ros_msgs/msg/detail/node__traits.hpp
[17.174s] -- Installing: /home/neu/Desktop/microros_ws/install/micro_ros_msgs/include/micro_ros_msgs/micro_ros_msgs/msg/detail/node__builder.hpp
[17.174s] -- Installing: /home/neu/Desktop/microros_ws/install/micro_ros_msgs/include/micro_ros_msgs/micro_ros_msgs/msg/detail/graph__builder.hpp
[17.174s] -- Installing: /home/neu/Desktop/microros_ws/install/micro_ros_msgs/include/micro_ros_msgs/micro_ros_msgs/msg/detail/node__struct.hpp
[17.174s] -- Installing: /home/neu/Desktop/microros_ws/install/micro_ros_msgs/include/micro_ros_msgs/micro_ros_msgs/msg/detail/entity__traits.hpp
[17.174s] -- Installing: /home/neu/Desktop/microros_ws/install/micro_ros_msgs/include/micro_ros_msgs/micro_ros_msgs/msg/detail/entity__struct.hpp
[17.174s] -- Installing: /home/neu/Desktop/microros_ws/install/micro_ros_msgs/include/micro_ros_msgs/micro_ros_msgs/msg/graph.hpp
[17.174s] -- Installing: /home/neu/Desktop/microros_ws/install/micro_ros_msgs/include/micro_ros_msgs/micro_ros_msgs/msg/node.hpp
[17.174s] -- Installing: /home/neu/Desktop/microros_ws/install/micro_ros_msgs/include/micro_ros_msgs/micro_ros_msgs/msg/entity.hpp
[17.174s] -- Up-to-date: /home/neu/Desktop/microros_ws/install/micro_ros_msgs/include/micro_ros_msgs/micro_ros_msgs
[17.174s] -- Up-to-date: /home/neu/Desktop/microros_ws/install/micro_ros_msgs/include/micro_ros_msgs/micro_ros_msgs/msg
[17.174s] -- Up-to-date: /home/neu/Desktop/microros_ws/install/micro_ros_msgs/include/micro_ros_msgs/micro_ros_msgs/msg/detail
[17.174s] -- Installing: /home/neu/Desktop/microros_ws/install/micro_ros_msgs/include/micro_ros_msgs/micro_ros_msgs/msg/detail/entity__rosidl_typesupport_introspection_cpp.hpp
[17.174s] -- Installing: /home/neu/Desktop/microros_ws/install/micro_ros_msgs/include/micro_ros_msgs/micro_ros_msgs/msg/detail/entity__type_support.cpp
[17.174s] -- Installing: /home/neu/Desktop/microros_ws/install/micro_ros_msgs/include/micro_ros_msgs/micro_ros_msgs/msg/detail/graph__type_support.cpp
[17.174s] -- Installing: /home/neu/Desktop/microros_ws/install/micro_ros_msgs/include/micro_ros_msgs/micro_ros_msgs/msg/detail/node__rosidl_typesupport_introspection_cpp.hpp
[17.174s] -- Installing: /home/neu/Desktop/microros_ws/install/micro_ros_msgs/include/micro_ros_msgs/micro_ros_msgs/msg/detail/graph__rosidl_typesupport_introspection_cpp.hpp
[17.174s] -- Installing: /home/neu/Desktop/microros_ws/install/micro_ros_msgs/include/micro_ros_msgs/micro_ros_msgs/msg/detail/node__type_support.cpp
[17.175s] -- Installing: /home/neu/Desktop/microros_ws/install/micro_ros_msgs/lib/libmicro_ros_msgs__rosidl_typesupport_introspection_cpp.so
[17.175s] -- Set runtime path of "/home/neu/Desktop/microros_ws/install/micro_ros_msgs/lib/libmicro_ros_msgs__rosidl_typesupport_introspection_cpp.so" to ""
[17.175s] -- Up-to-date: /home/neu/Desktop/microros_ws/install/micro_ros_msgs/include/micro_ros_msgs/micro_ros_msgs
[17.175s] -- Up-to-date: /home/neu/Desktop/microros_ws/install/micro_ros_msgs/include/micro_ros_msgs/micro_ros_msgs/msg
[17.175s] -- Up-to-date: /home/neu/Desktop/microros_ws/install/micro_ros_msgs/include/micro_ros_msgs/micro_ros_msgs/msg/detail
[17.175s] -- Installing: /home/neu/Desktop/microros_ws/install/micro_ros_msgs/include/micro_ros_msgs/micro_ros_msgs/msg/detail/graph__rosidl_typesupport_fastrtps_cpp.hpp
[17.175s] -- Installing: /home/neu/Desktop/microros_ws/install/micro_ros_msgs/include/micro_ros_msgs/micro_ros_msgs/msg/detail/node__rosidl_typesupport_fastrtps_cpp.hpp
[17.175s] -- Installing: /home/neu/Desktop/microros_ws/install/micro_ros_msgs/include/micro_ros_msgs/micro_ros_msgs/msg/detail/dds_fastrtps
[17.175s] -- Installing: /home/neu/Desktop/microros_ws/install/micro_ros_msgs/include/micro_ros_msgs/micro_ros_msgs/msg/detail/entity__rosidl_typesupport_fastrtps_cpp.hpp
[17.175s] -- Installing: /home/neu/Desktop/microros_ws/install/micro_ros_msgs/include/micro_ros_msgs/micro_ros_msgs/msg/rosidl_typesupport_fastrtps_cpp__visibility_control.h
[17.175s] -- Installing: /home/neu/Desktop/microros_ws/install/micro_ros_msgs/lib/libmicro_ros_msgs__rosidl_typesupport_fastrtps_cpp.so
[17.175s] -- Set runtime path of "/home/neu/Desktop/microros_ws/install/micro_ros_msgs/lib/libmicro_ros_msgs__rosidl_typesupport_fastrtps_cpp.so" to ""
[17.175s] -- Installing: /home/neu/Desktop/microros_ws/install/micro_ros_msgs/lib/libmicro_ros_msgs__rosidl_typesupport_cpp.so
[17.175s] -- Set runtime path of "/home/neu/Desktop/microros_ws/install/micro_ros_msgs/lib/libmicro_ros_msgs__rosidl_typesupport_cpp.so" to ""
[17.175s] -- Installing: /home/neu/Desktop/microros_ws/install/micro_ros_msgs/share/micro_ros_msgs/environment/pythonpath.sh
[17.175s] -- Installing: /home/neu/Desktop/microros_ws/install/micro_ros_msgs/share/micro_ros_msgs/environment/pythonpath.dsv
[17.175s] -- Installing: /home/neu/Desktop/microros_ws/install/micro_ros_msgs/lib/python3.8/site-packages/micro_ros_msgs-3.0.0-py3.8.egg-info
[17.175s] -- Installing: /home/neu/Desktop/microros_ws/install/micro_ros_msgs/lib/python3.8/site-packages/micro_ros_msgs-3.0.0-py3.8.egg-info/SOURCES.txt
[17.175s] -- Installing: /home/neu/Desktop/microros_ws/install/micro_ros_msgs/lib/python3.8/site-packages/micro_ros_msgs-3.0.0-py3.8.egg-info/top_level.txt
[17.175s] -- Installing: /home/neu/Desktop/microros_ws/install/micro_ros_msgs/lib/python3.8/site-packages/micro_ros_msgs-3.0.0-py3.8.egg-info/dependency_links.txt
[17.175s] -- Installing: /home/neu/Desktop/microros_ws/install/micro_ros_msgs/lib/python3.8/site-packages/micro_ros_msgs-3.0.0-py3.8.egg-info/PKG-INFO
[17.175s] -- Installing: /home/neu/Desktop/microros_ws/install/micro_ros_msgs/lib/python3.8/site-packages/micro_ros_msgs
[17.175s] -- Installing: /home/neu/Desktop/microros_ws/install/micro_ros_msgs/lib/python3.8/site-packages/micro_ros_msgs/micro_ros_msgs_s__rosidl_typesupport_introspection_c.cpython-38-x86_64-linux-gnu.so
[17.175s] -- Installing: /home/neu/Desktop/microros_ws/install/micro_ros_msgs/lib/python3.8/site-packages/micro_ros_msgs/micro_ros_msgs_s__rosidl_typesupport_c.cpython-38-x86_64-linux-gnu.so
[17.175s] -- Installing: /home/neu/Desktop/microros_ws/install/micro_ros_msgs/lib/python3.8/site-packages/micro_ros_msgs/msg
[17.175s] -- Installing: /home/neu/Desktop/microros_ws/install/micro_ros_msgs/lib/python3.8/site-packages/micro_ros_msgs/msg/_entity.py
[17.175s] -- Installing: /home/neu/Desktop/microros_ws/install/micro_ros_msgs/lib/python3.8/site-packages/micro_ros_msgs/msg/_graph.py
[17.175s] -- Installing: /home/neu/Desktop/microros_ws/install/micro_ros_msgs/lib/python3.8/site-packages/micro_ros_msgs/msg/__init__.py
[17.175s] -- Installing: /home/neu/Desktop/microros_ws/install/micro_ros_msgs/lib/python3.8/site-packages/micro_ros_msgs/msg/_graph_s.c
[17.175s] -- Installing: /home/neu/Desktop/microros_ws/install/micro_ros_msgs/lib/python3.8/site-packages/micro_ros_msgs/msg/_entity_s.c
[17.175s] -- Installing: /home/neu/Desktop/microros_ws/install/micro_ros_msgs/lib/python3.8/site-packages/micro_ros_msgs/msg/_node.py
[17.175s] -- Installing: /home/neu/Desktop/microros_ws/install/micro_ros_msgs/lib/python3.8/site-packages/micro_ros_msgs/msg/_node_s.c
[17.175s] -- Installing: /home/neu/Desktop/microros_ws/install/micro_ros_msgs/lib/python3.8/site-packages/micro_ros_msgs/__init__.py
[17.176s] -- Installing: /home/neu/Desktop/microros_ws/install/micro_ros_msgs/lib/python3.8/site-packages/micro_ros_msgs/_micro_ros_msgs_s.ep.rosidl_typesupport_introspection_c.c
[17.176s] -- Installing: /home/neu/Desktop/microros_ws/install/micro_ros_msgs/lib/python3.8/site-packages/micro_ros_msgs/_micro_ros_msgs_s.ep.rosidl_typesupport_c.c
[17.176s] -- Installing: /home/neu/Desktop/microros_ws/install/micro_ros_msgs/lib/python3.8/site-packages/micro_ros_msgs/libmicro_ros_msgs__rosidl_generator_py.so
[17.176s] -- Installing: /home/neu/Desktop/microros_ws/install/micro_ros_msgs/lib/python3.8/site-packages/micro_ros_msgs/_micro_ros_msgs_s.ep.rosidl_typesupport_fastrtps_c.c
[17.176s] -- Installing: /home/neu/Desktop/microros_ws/install/micro_ros_msgs/lib/python3.8/site-packages/micro_ros_msgs/micro_ros_msgs_s__rosidl_typesupport_fastrtps_c.cpython-38-x86_64-linux-gnu.so
[17.461s] Listing '/home/neu/Desktop/microros_ws/install/micro_ros_msgs/lib/python3.8/site-packages/micro_ros_msgs'...
[17.461s] Compiling '/home/neu/Desktop/microros_ws/install/micro_ros_msgs/lib/python3.8/site-packages/micro_ros_msgs/__init__.py'...
[17.461s] Listing '/home/neu/Desktop/microros_ws/install/micro_ros_msgs/lib/python3.8/site-packages/micro_ros_msgs/msg'...
[17.461s] Compiling '/home/neu/Desktop/microros_ws/install/micro_ros_msgs/lib/python3.8/site-packages/micro_ros_msgs/msg/__init__.py'...
[17.461s] Compiling '/home/neu/Desktop/microros_ws/install/micro_ros_msgs/lib/python3.8/site-packages/micro_ros_msgs/msg/_entity.py'...
[17.461s] Compiling '/home/neu/Desktop/microros_ws/install/micro_ros_msgs/lib/python3.8/site-packages/micro_ros_msgs/msg/_graph.py'...
[17.461s] Compiling '/home/neu/Desktop/microros_ws/install/micro_ros_msgs/lib/python3.8/site-packages/micro_ros_msgs/msg/_node.py'...
[17.464s] -- Installing: /home/neu/Desktop/microros_ws/install/micro_ros_msgs/lib/python3.8/site-packages/micro_ros_msgs/micro_ros_msgs_s__rosidl_typesupport_introspection_c.cpython-38-x86_64-linux-gnu.so
[17.464s] -- Set runtime path of "/home/neu/Desktop/microros_ws/install/micro_ros_msgs/lib/python3.8/site-packages/micro_ros_msgs/micro_ros_msgs_s__rosidl_typesupport_introspection_c.cpython-38-x86_64-linux-gnu.so" to ""
[17.464s] -- Installing: /home/neu/Desktop/microros_ws/install/micro_ros_msgs/lib/python3.8/site-packages/micro_ros_msgs/micro_ros_msgs_s__rosidl_typesupport_fastrtps_c.cpython-38-x86_64-linux-gnu.so
[17.465s] -- Set runtime path of "/home/neu/Desktop/microros_ws/install/micro_ros_msgs/lib/python3.8/site-packages/micro_ros_msgs/micro_ros_msgs_s__rosidl_typesupport_fastrtps_c.cpython-38-x86_64-linux-gnu.so" to ""
[17.465s] -- Installing: /home/neu/Desktop/microros_ws/install/micro_ros_msgs/lib/python3.8/site-packages/micro_ros_msgs/micro_ros_msgs_s__rosidl_typesupport_c.cpython-38-x86_64-linux-gnu.so
[17.465s] -- Set runtime path of "/home/neu/Desktop/microros_ws/install/micro_ros_msgs/lib/python3.8/site-packages/micro_ros_msgs/micro_ros_msgs_s__rosidl_typesupport_c.cpython-38-x86_64-linux-gnu.so" to ""
[17.465s] -- Installing: /home/neu/Desktop/microros_ws/install/micro_ros_msgs/lib/libmicro_ros_msgs__rosidl_generator_py.so
[17.465s] -- Set runtime path of "/home/neu/Desktop/microros_ws/install/micro_ros_msgs/lib/libmicro_ros_msgs__rosidl_generator_py.so" to ""
[17.465s] -- Installing: /home/neu/Desktop/microros_ws/install/micro_ros_msgs/share/micro_ros_msgs/msg/Graph.idl
[17.465s] -- Installing: /home/neu/Desktop/microros_ws/install/micro_ros_msgs/share/micro_ros_msgs/msg/Node.idl
[17.466s] -- Installing: /home/neu/Desktop/microros_ws/install/micro_ros_msgs/share/micro_ros_msgs/msg/Entity.idl
[17.466s] -- Installing: /home/neu/Desktop/microros_ws/install/micro_ros_msgs/share/micro_ros_msgs/msg/Graph.msg
[17.466s] -- Installing: /home/neu/Desktop/microros_ws/install/micro_ros_msgs/share/micro_ros_msgs/msg/Node.msg
[17.466s] -- Installing: /home/neu/Desktop/microros_ws/install/micro_ros_msgs/share/micro_ros_msgs/msg/Entity.msg
[17.466s] -- Installing: /home/neu/Desktop/microros_ws/install/micro_ros_msgs/share/ament_index/resource_index/package_run_dependencies/micro_ros_msgs
[17.466s] -- Installing: /home/neu/Desktop/microros_ws/install/micro_ros_msgs/share/ament_index/resource_index/parent_prefix_path/micro_ros_msgs
[17.466s] -- Installing: /home/neu/Desktop/microros_ws/install/micro_ros_msgs/share/micro_ros_msgs/environment/ament_prefix_path.sh
[17.466s] -- Installing: /home/neu/Desktop/microros_ws/install/micro_ros_msgs/share/micro_ros_msgs/environment/ament_prefix_path.dsv
[17.466s] -- Installing: /home/neu/Desktop/microros_ws/install/micro_ros_msgs/share/micro_ros_msgs/environment/path.sh
[17.466s] -- Installing: /home/neu/Desktop/microros_ws/install/micro_ros_msgs/share/micro_ros_msgs/environment/path.dsv
[17.466s] -- Installing: /home/neu/Desktop/microros_ws/install/micro_ros_msgs/share/micro_ros_msgs/local_setup.bash
[17.466s] -- Installing: /home/neu/Desktop/microros_ws/install/micro_ros_msgs/share/micro_ros_msgs/local_setup.sh
[17.466s] -- Installing: /home/neu/Desktop/microros_ws/install/micro_ros_msgs/share/micro_ros_msgs/local_setup.zsh
[17.466s] -- Installing: /home/neu/Desktop/microros_ws/install/micro_ros_msgs/share/micro_ros_msgs/local_setup.dsv
[17.466s] -- Installing: /home/neu/Desktop/microros_ws/install/micro_ros_msgs/share/micro_ros_msgs/package.dsv
[17.466s] -- Installing: /home/neu/Desktop/microros_ws/install/micro_ros_msgs/share/ament_index/resource_index/packages/micro_ros_msgs
[17.466s] -- Installing: /home/neu/Desktop/microros_ws/install/micro_ros_msgs/share/micro_ros_msgs/cmake/export_micro_ros_msgs__rosidl_generator_cExport.cmake
[17.466s] -- Installing: /home/neu/Desktop/microros_ws/install/micro_ros_msgs/share/micro_ros_msgs/cmake/export_micro_ros_msgs__rosidl_generator_cExport-noconfig.cmake
[17.467s] -- Installing: /home/neu/Desktop/microros_ws/install/micro_ros_msgs/share/micro_ros_msgs/cmake/micro_ros_msgs__rosidl_typesupport_introspection_cExport.cmake
[17.467s] -- Installing: /home/neu/Desktop/microros_ws/install/micro_ros_msgs/share/micro_ros_msgs/cmake/micro_ros_msgs__rosidl_typesupport_introspection_cExport-noconfig.cmake
[17.467s] -- Installing: /home/neu/Desktop/microros_ws/install/micro_ros_msgs/share/micro_ros_msgs/cmake/export_micro_ros_msgs__rosidl_typesupport_fastrtps_cExport.cmake
[17.467s] -- Installing: /home/neu/Desktop/microros_ws/install/micro_ros_msgs/share/micro_ros_msgs/cmake/export_micro_ros_msgs__rosidl_typesupport_fastrtps_cExport-noconfig.cmake
[17.467s] -- Installing: /home/neu/Desktop/microros_ws/install/micro_ros_msgs/share/micro_ros_msgs/cmake/micro_ros_msgs__rosidl_typesupport_cExport.cmake
[17.467s] -- Installing: /home/neu/Desktop/microros_ws/install/micro_ros_msgs/share/micro_ros_msgs/cmake/micro_ros_msgs__rosidl_typesupport_cExport-noconfig.cmake
[17.467s] -- Installing: /home/neu/Desktop/microros_ws/install/micro_ros_msgs/share/micro_ros_msgs/cmake/export_micro_ros_msgs__rosidl_generator_cppExport.cmake
[17.467s] -- Installing: /home/neu/Desktop/microros_ws/install/micro_ros_msgs/share/micro_ros_msgs/cmake/micro_ros_msgs__rosidl_typesupport_introspection_cppExport.cmake
[17.467s] -- Installing: /home/neu/Desktop/microros_ws/install/micro_ros_msgs/share/micro_ros_msgs/cmake/micro_ros_msgs__rosidl_typesupport_introspection_cppExport-noconfig.cmake
[17.467s] -- Installing: /home/neu/Desktop/microros_ws/install/micro_ros_msgs/share/micro_ros_msgs/cmake/export_micro_ros_msgs__rosidl_typesupport_fastrtps_cppExport.cmake
[17.467s] -- Installing: /home/neu/Desktop/microros_ws/install/micro_ros_msgs/share/micro_ros_msgs/cmake/export_micro_ros_msgs__rosidl_typesupport_fastrtps_cppExport-noconfig.cmake
[17.468s] -- Installing: /home/neu/Desktop/microros_ws/install/micro_ros_msgs/share/micro_ros_msgs/cmake/micro_ros_msgs__rosidl_typesupport_cppExport.cmake
[17.468s] -- Installing: /home/neu/Desktop/microros_ws/install/micro_ros_msgs/share/micro_ros_msgs/cmake/micro_ros_msgs__rosidl_typesupport_cppExport-noconfig.cmake
[17.468s] -- Installing: /home/neu/Desktop/microros_ws/install/micro_ros_msgs/share/micro_ros_msgs/cmake/export_micro_ros_msgs__rosidl_generator_pyExport.cmake
[17.468s] -- Installing: /home/neu/Desktop/microros_ws/install/micro_ros_msgs/share/micro_ros_msgs/cmake/export_micro_ros_msgs__rosidl_generator_pyExport-noconfig.cmake
[17.468s] -- Installing: /home/neu/Desktop/microros_ws/install/micro_ros_msgs/share/micro_ros_msgs/cmake/rosidl_cmake-extras.cmake
[17.468s] -- Installing: /home/neu/Desktop/microros_ws/install/micro_ros_msgs/share/micro_ros_msgs/cmake/ament_cmake_export_include_directories-extras.cmake
[17.468s] -- Installing: /home/neu/Desktop/microros_ws/install/micro_ros_msgs/share/micro_ros_msgs/cmake/ament_cmake_export_libraries-extras.cmake
[17.468s] -- Installing: /home/neu/Desktop/microros_ws/install/micro_ros_msgs/share/micro_ros_msgs/cmake/ament_cmake_export_targets-extras.cmake
[17.468s] -- Installing: /home/neu/Desktop/microros_ws/install/micro_ros_msgs/share/micro_ros_msgs/cmake/rosidl_cmake_export_typesupport_targets-extras.cmake
[17.468s] -- Installing: /home/neu/Desktop/microros_ws/install/micro_ros_msgs/share/micro_ros_msgs/cmake/ament_cmake_export_dependencies-extras.cmake
[17.468s] -- Installing: /home/neu/Desktop/microros_ws/install/micro_ros_msgs/share/micro_ros_msgs/cmake/rosidl_cmake_export_typesupport_libraries-extras.cmake
[17.468s] -- Installing: /home/neu/Desktop/microros_ws/install/micro_ros_msgs/share/micro_ros_msgs/cmake/micro_ros_msgsConfig.cmake
[17.468s] -- Installing: /home/neu/Desktop/microros_ws/install/micro_ros_msgs/share/micro_ros_msgs/cmake/micro_ros_msgsConfig-version.cmake
[17.469s] -- Installing: /home/neu/Desktop/microros_ws/install/micro_ros_msgs/share/micro_ros_msgs/package.xml
[17.470s] Invoked command in '/home/neu/Desktop/microros_ws/build/micro_ros_msgs' returned '0': CMAKE_PREFIX_PATH=${CMAKE_PREFIX_PATH}:/home/neu/ros2_humble/install/rqt_bag_plugins:/home/neu/ros2_humble/install/rqt_bag:/home/neu/ros2_humble/install/ros2bag:/home/neu/ros2_humble/install/tracetools_test:/home/neu/ros2_humble/install/tracetools_launch:/home/neu/ros2_humble/install/topic_monitor:/home/neu/ros2_humble/install/tf2_tools:/home/neu/ros2_humble/install/examples_tf2_py:/home/neu/ros2_humble/install/tf2_ros_py:/home/neu/ros2_humble/install/sros2:/home/neu/ros2_humble/install/rqt_topic:/home/neu/ros2_humble/install/rqt_srv:/home/neu/ros2_humble/install/rqt_shell:/home/neu/ros2_humble/install/rqt_service_caller:/home/neu/ros2_humble/install/rqt_reconfigure:/home/neu/ros2_humble/install/rqt_py_console:/home/neu/ros2_humble/install/rqt_publisher:/home/neu/ros2_humble/install/rqt_plot:/home/neu/ros2_humble/install/rqt_action:/home/neu/ros2_humble/install/rqt_msg:/home/neu/ros2_humble/install/rqt_console:/home/neu/ros2_humble/install/rqt:/home/neu/ros2_humble/install/rqt_graph:/home/neu/ros2_humble/install/rqt_gui_py:/home/neu/ros2_humble/install/rqt_gui:/home/neu/ros2_humble/install/ros2trace:/home/neu/ros2_humble/install/ros2topic:/home/neu/ros2_humble/install/ros2test:/home/neu/ros2_humble/install/ros2component:/home/neu/ros2_humble/install/ros2param:/home/neu/ros2_humble/install/ros2lifecycle:/home/neu/ros2_humble/install/ros2service:/home/neu/ros2_humble/install/ros2run:/home/neu/ros2_humble/install/ros2launch:/home/neu/ros2_humble/install/ros2pkg:/home/neu/ros2_humble/install/ros2node:/home/neu/ros2_humble/install/ros2multicast:/home/neu/ros2_humble/install/ros2interface:/home/neu/ros2_humble/install/ros2doctor:/home/neu/ros2_humble/install/ros2action:/home/neu/ros2_humble/install/ros2cli:/home/neu/ros2_humble/install/quality_of_service_demo_py:/home/neu/ros2_humble/install/lifecycle_py:/home/neu/ros2_humble/install/launch_testing_ros:/home/neu/ros2_humble/install/launch_ros:/home/neu/ros2_humble/install/examples_rclpy_pointcloud_publisher:/home/neu/ros2_humble/install/examples_rclpy_minimal_subscriber:/home/neu/ros2_humble/install/examples_rclpy_minimal_service:/home/neu/ros2_humble/install/examples_rclpy_minimal_publisher:/home/neu/ros2_humble/install/examples_rclpy_minimal_client:/home/neu/ros2_humble/install/examples_rclpy_minimal_action_server:/home/neu/ros2_humble/install/examples_rclpy_minimal_action_client:/home/neu/ros2_humble/install/examples_rclpy_guard_conditions:/home/neu/ros2_humble/install/examples_rclpy_executors:/home/neu/ros2_humble/install/demo_nodes_py:/home/neu/ros2_humble/install/action_tutorials_py:/home/neu/ros2_humble/install/ament_uncrustify:/home/neu/ros2_humble/install/tracetools_trace:/home/neu/ros2_humble/install/tracetools_read:/home/neu/ros2_humble/install/test_tracetools_launch:/home/neu/ros2_humble/install/test_launch_ros:/home/neu/ros2_humble/install/sensor_msgs_py:/home/neu/ros2_humble/install/rpyutils:/home/neu/ros2_humble/install/rosidl_runtime_py:/home/neu/ros2_humble/install/rosidl_cli:/home/neu/ros2_humble/install/launch_pytest:/home/neu/ros2_humble/install/launch_testing:/home/neu/ros2_humble/install/launch_yaml:/home/neu/ros2_humble/install/launch_xml:/home/neu/ros2_humble/install/launch:/home/neu/ros2_humble/install/osrf_pycommon:/home/neu/ros2_humble/install/launch_testing_examples:/home/neu/ros2_humble/install/domain_coordinator:/home/neu/ros2_humble/install/ament_xmllint:/home/neu/ros2_humble/install/ament_pyflakes:/home/neu/ros2_humble/install/ament_pycodestyle:/home/neu/ros2_humble/install/ament_pep257:/home/neu/ros2_humble/install/ament_pclint:/home/neu/ros2_humble/install/ament_package:/home/neu/ros2_humble/install/ament_mypy:/home/neu/ros2_humble/install/ament_lint_cmake:/home/neu/ros2_humble/install/ament_flake8:/home/neu/ros2_humble/install/ament_copyright:/home/neu/ros2_humble/install/ament_lint:/home/neu/ros2_humble/install/ament_index_python:/home/neu/ros2_humble/install/ament_cpplint:/home/neu/ros2_humble/install/ament_cppcheck:/home/neu/ros2_humble/install/ament_clang_tidy:/home/neu/ros2_humble/install/ament_clang_format /usr/bin/cmake --install /home/neu/Desktop/microros_ws/build/micro_ros_msgs
