[0.085s] Invoking command in '/home/neu/Desktop/microros_ws/firmware/mcu_ws/build/rcutils': CMAKE_PREFIX_PATH=${CMAKE_PREFIX_PATH}:/home/neu/Desktop/microros_ws/firmware/dev_ws/install/ament_uncrustify:/home/neu/Desktop/microros_ws/firmware/dev_ws/install/domain_coordinator:/home/neu/Desktop/microros_ws/firmware/dev_ws/install/ament_xmllint:/home/neu/Desktop/microros_ws/firmware/dev_ws/install/ament_pyflakes:/home/neu/Desktop/microros_ws/firmware/dev_ws/install/ament_pycodestyle:/home/neu/Desktop/microros_ws/firmware/dev_ws/install/ament_pep257:/home/neu/Desktop/microros_ws/firmware/dev_ws/install/ament_pclint:/home/neu/Desktop/microros_ws/firmware/dev_ws/install/ament_package:/home/neu/Desktop/microros_ws/firmware/dev_ws/install/ament_mypy:/home/neu/Desktop/microros_ws/firmware/dev_ws/install/ament_lint_cmake:/home/neu/Desktop/microros_ws/firmware/dev_ws/install/ament_flake8:/home/neu/Desktop/microros_ws/firmware/dev_ws/install/ament_copyright:/home/neu/Desktop/microros_ws/firmware/dev_ws/install/ament_lint:/home/neu/Desktop/microros_ws/firmware/dev_ws/install/ament_index_python:/home/neu/Desktop/microros_ws/firmware/dev_ws/install/ament_cpplint:/home/neu/Desktop/microros_ws/firmware/dev_ws/install/ament_cppcheck:/home/neu/Desktop/microros_ws/firmware/dev_ws/install/ament_clang_tidy:/home/neu/Desktop/microros_ws/firmware/dev_ws/install/ament_clang_format /usr/bin/cmake /home/neu/Desktop/microros_ws/firmware/mcu_ws/uros/rcutils --no-warn-unused-cli -DCMAKE_POSITION_INDEPENDENT_CODE=OFF -DTHIRDPARTY=ON -DBUILD_SHARED_LIBS=OFF -DBUILD_TESTING=OFF -DCMAKE_BUILD_TYPE=Debug -DCMAKE_TOOLCHAIN_FILE=/home/neu/Desktop/microros_ws/firmware/freertos_apps/microros_nucleo_f446ze_extensions/arm_toolchain.cmake -DCMAKE_VERBOSE_MAKEFILE=ON -DENABLE_TESTING=OFF -DRCUTILS_NO_FILESYSTEM=ON -DRCUTILS_AVOID_DYNAMIC_ALLOCATION=ON -DRCUTILS_NO_64_ATOMIC=ON -DCMAKE_INSTALL_PREFIX=/home/neu/Desktop/microros_ws/firmware/mcu_ws/install/rcutils
[0.714s] Not searching for unused variables given on the command line.
[0.714s] -- The C compiler identification is GNU 8.3.1
[0.714s] -- The CXX compiler identification is GNU 8.3.1
[0.714s] -- Check for working C compiler: /home/neu/Desktop/microros_ws/firmware/freertos_apps/microros_nucleo_f446ze_extensions/../../toolchain/bin/arm-none-eabi-gcc
[0.714s] -- Check for working C compiler: /home/neu/Desktop/microros_ws/firmware/freertos_apps/microros_nucleo_f446ze_extensions/../../toolchain/bin/arm-none-eabi-gcc -- works
[0.715s] -- Detecting C compiler ABI info
[0.716s] -- Detecting C compiler ABI info - done
[0.716s] -- Detecting C compile features
[0.717s] -- Detecting C compile features - done
[0.717s] -- Check for working CXX compiler: /home/neu/Desktop/microros_ws/firmware/freertos_apps/microros_nucleo_f446ze_extensions/../../toolchain/bin/arm-none-eabi-g++
[0.717s] -- Check for working CXX compiler: /home/neu/Desktop/microros_ws/firmware/freertos_apps/microros_nucleo_f446ze_extensions/../../toolchain/bin/arm-none-eabi-g++ -- works
[0.717s] -- Detecting CXX compiler ABI info
[0.717s] -- Detecting CXX compiler ABI info - done
[0.717s] -- Detecting CXX compile features
[0.718s] -- Detecting CXX compile features - done
[0.718s] -- Found ament_cmake_python: 1.3.5 (/home/neu/Desktop/microros_ws/firmware/dev_ws/install/ament_cmake_python/share/ament_cmake_python/cmake)
[0.718s] -- Found ament_cmake_ros: 0.10.0 (/home/neu/Desktop/microros_ws/firmware/dev_ws/install/ament_cmake_ros/share/ament_cmake_ros/cmake)
[0.718s] -- Found Python3: /usr/bin/python3.8 (found version "3.8.10") found components: Interpreter 
[1.254s] -- Configuring done
[1.254s] -- Generating done
[1.256s] -- Build files have been written to: /home/neu/Desktop/microros_ws/firmware/mcu_ws/build/rcutils
[1.262s] Invoked command in '/home/neu/Desktop/microros_ws/firmware/mcu_ws/build/rcutils' returned '0': CMAKE_PREFIX_PATH=${CMAKE_PREFIX_PATH}:/home/neu/Desktop/microros_ws/firmware/dev_ws/install/ament_uncrustify:/home/neu/Desktop/microros_ws/firmware/dev_ws/install/domain_coordinator:/home/neu/Desktop/microros_ws/firmware/dev_ws/install/ament_xmllint:/home/neu/Desktop/microros_ws/firmware/dev_ws/install/ament_pyflakes:/home/neu/Desktop/microros_ws/firmware/dev_ws/install/ament_pycodestyle:/home/neu/Desktop/microros_ws/firmware/dev_ws/install/ament_pep257:/home/neu/Desktop/microros_ws/firmware/dev_ws/install/ament_pclint:/home/neu/Desktop/microros_ws/firmware/dev_ws/install/ament_package:/home/neu/Desktop/microros_ws/firmware/dev_ws/install/ament_mypy:/home/neu/Desktop/microros_ws/firmware/dev_ws/install/ament_lint_cmake:/home/neu/Desktop/microros_ws/firmware/dev_ws/install/ament_flake8:/home/neu/Desktop/microros_ws/firmware/dev_ws/install/ament_copyright:/home/neu/Desktop/microros_ws/firmware/dev_ws/install/ament_lint:/home/neu/Desktop/microros_ws/firmware/dev_ws/install/ament_index_python:/home/neu/Desktop/microros_ws/firmware/dev_ws/install/ament_cpplint:/home/neu/Desktop/microros_ws/firmware/dev_ws/install/ament_cppcheck:/home/neu/Desktop/microros_ws/firmware/dev_ws/install/ament_clang_tidy:/home/neu/Desktop/microros_ws/firmware/dev_ws/install/ament_clang_format /usr/bin/cmake /home/neu/Desktop/microros_ws/firmware/mcu_ws/uros/rcutils --no-warn-unused-cli -DCMAKE_POSITION_INDEPENDENT_CODE=OFF -DTHIRDPARTY=ON -DBUILD_SHARED_LIBS=OFF -DBUILD_TESTING=OFF -DCMAKE_BUILD_TYPE=Debug -DCMAKE_TOOLCHAIN_FILE=/home/neu/Desktop/microros_ws/firmware/freertos_apps/microros_nucleo_f446ze_extensions/arm_toolchain.cmake -DCMAKE_VERBOSE_MAKEFILE=ON -DENABLE_TESTING=OFF -DRCUTILS_NO_FILESYSTEM=ON -DRCUTILS_AVOID_DYNAMIC_ALLOCATION=ON -DRCUTILS_NO_64_ATOMIC=ON -DCMAKE_INSTALL_PREFIX=/home/neu/Desktop/microros_ws/firmware/mcu_ws/install/rcutils
[1.267s] Invoking command in '/home/neu/Desktop/microros_ws/firmware/mcu_ws/build/rcutils': CMAKE_PREFIX_PATH=${CMAKE_PREFIX_PATH}:/home/neu/Desktop/microros_ws/firmware/dev_ws/install/ament_uncrustify:/home/neu/Desktop/microros_ws/firmware/dev_ws/install/domain_coordinator:/home/neu/Desktop/microros_ws/firmware/dev_ws/install/ament_xmllint:/home/neu/Desktop/microros_ws/firmware/dev_ws/install/ament_pyflakes:/home/neu/Desktop/microros_ws/firmware/dev_ws/install/ament_pycodestyle:/home/neu/Desktop/microros_ws/firmware/dev_ws/install/ament_pep257:/home/neu/Desktop/microros_ws/firmware/dev_ws/install/ament_pclint:/home/neu/Desktop/microros_ws/firmware/dev_ws/install/ament_package:/home/neu/Desktop/microros_ws/firmware/dev_ws/install/ament_mypy:/home/neu/Desktop/microros_ws/firmware/dev_ws/install/ament_lint_cmake:/home/neu/Desktop/microros_ws/firmware/dev_ws/install/ament_flake8:/home/neu/Desktop/microros_ws/firmware/dev_ws/install/ament_copyright:/home/neu/Desktop/microros_ws/firmware/dev_ws/install/ament_lint:/home/neu/Desktop/microros_ws/firmware/dev_ws/install/ament_index_python:/home/neu/Desktop/microros_ws/firmware/dev_ws/install/ament_cpplint:/home/neu/Desktop/microros_ws/firmware/dev_ws/install/ament_cppcheck:/home/neu/Desktop/microros_ws/firmware/dev_ws/install/ament_clang_tidy:/home/neu/Desktop/microros_ws/firmware/dev_ws/install/ament_clang_format /usr/bin/cmake --build /home/neu/Desktop/microros_ws/firmware/mcu_ws/build/rcutils -- -j20 -l20
[1.283s] make[1]: Entering directory '/home/neu/Desktop/microros_ws/firmware/mcu_ws/build/rcutils'
[1.283s] /usr/bin/cmake -S/home/neu/Desktop/microros_ws/firmware/mcu_ws/uros/rcutils -B/home/neu/Desktop/microros_ws/firmware/mcu_ws/build/rcutils --check-build-system CMakeFiles/Makefile.cmake 0
[1.297s] /usr/bin/cmake -E cmake_progress_start /home/neu/Desktop/microros_ws/firmware/mcu_ws/build/rcutils/CMakeFiles /home/neu/Desktop/microros_ws/firmware/mcu_ws/build/rcutils/CMakeFiles/progress.marks
[1.303s] /usr/bin/make -f CMakeFiles/Makefile2 all
[1.303s] make[2]: Entering directory '/home/neu/Desktop/microros_ws/firmware/mcu_ws/build/rcutils'
[1.303s] /usr/bin/make -f CMakeFiles/ament_cmake_python_copy_rcutils.dir/build.make CMakeFiles/ament_cmake_python_copy_rcutils.dir/depend
[1.304s] /usr/bin/make -f CMakeFiles/rcutils.dir/build.make CMakeFiles/rcutils.dir/depend
[1.304s] make[3]: Entering directory '/home/neu/Desktop/microros_ws/firmware/mcu_ws/build/rcutils'
[1.304s] cd /home/neu/Desktop/microros_ws/firmware/mcu_ws/build/rcutils && /usr/bin/cmake -E cmake_depends "Unix Makefiles" /home/neu/Desktop/microros_ws/firmware/mcu_ws/uros/rcutils /home/neu/Desktop/microros_ws/firmware/mcu_ws/uros/rcutils /home/neu/Desktop/microros_ws/firmware/mcu_ws/build/rcutils /home/neu/Desktop/microros_ws/firmware/mcu_ws/build/rcutils /home/neu/Desktop/microros_ws/firmware/mcu_ws/build/rcutils/CMakeFiles/ament_cmake_python_copy_rcutils.dir/DependInfo.cmake --color=
[1.305s] make[3]: Entering directory '/home/neu/Desktop/microros_ws/firmware/mcu_ws/build/rcutils'
[1.314s] Dependee "/home/neu/Desktop/microros_ws/firmware/mcu_ws/build/rcutils/CMakeFiles/ament_cmake_python_copy_rcutils.dir/DependInfo.cmake" is newer than depender "/home/neu/Desktop/microros_ws/firmware/mcu_ws/build/rcutils/CMakeFiles/ament_cmake_python_copy_rcutils.dir/depend.internal".
[1.314s] Dependee "/home/neu/Desktop/microros_ws/firmware/mcu_ws/build/rcutils/CMakeFiles/CMakeDirectoryInformation.cmake" is newer than depender "/home/neu/Desktop/microros_ws/firmware/mcu_ws/build/rcutils/CMakeFiles/ament_cmake_python_copy_rcutils.dir/depend.internal".
[1.314s] [35m[1mScanning dependencies of target ament_cmake_python_copy_rcutils[0m
[1.315s] [  3%] [34m[1mExpanding logging_macros.h.em[0m
[1.316s] make[3]: Leaving directory '/home/neu/Desktop/microros_ws/firmware/mcu_ws/build/rcutils'
[1.316s] /usr/bin/make -f CMakeFiles/ament_cmake_python_copy_rcutils.dir/build.make CMakeFiles/ament_cmake_python_copy_rcutils.dir/build
[1.317s] make[3]: Entering directory '/home/neu/Desktop/microros_ws/firmware/mcu_ws/build/rcutils'
[1.317s] /usr/bin/cmake -E copy_directory /home/neu/Desktop/microros_ws/firmware/mcu_ws/uros/rcutils/rcutils /home/neu/Desktop/microros_ws/firmware/mcu_ws/build/rcutils/ament_cmake_python/rcutils/rcutils
[1.317s] /usr/bin/cmake -E make_directory include/rcutils
[1.325s] make[3]: Leaving directory '/home/neu/Desktop/microros_ws/firmware/mcu_ws/build/rcutils'
[1.332s] /usr/bin/python3.8 -c "import em;em.invoke(   [     '-o', 'include/rcutils/logging_macros.h',     '-D', 'rcutils_module_path=\"/home/neu/Desktop/microros_ws/firmware/mcu_ws/uros/rcutils\"',     '/home/neu/Desktop/microros_ws/firmware/mcu_ws/uros/rcutils/resource/logging_macros.h.em'   ] )"
[1.332s] [  3%] Built target ament_cmake_python_copy_rcutils
[1.333s] /usr/bin/make -f CMakeFiles/ament_cmake_python_build_rcutils_egg.dir/build.make CMakeFiles/ament_cmake_python_build_rcutils_egg.dir/depend
[1.334s] make[3]: Entering directory '/home/neu/Desktop/microros_ws/firmware/mcu_ws/build/rcutils'
[1.334s] cd /home/neu/Desktop/microros_ws/firmware/mcu_ws/build/rcutils && /usr/bin/cmake -E cmake_depends "Unix Makefiles" /home/neu/Desktop/microros_ws/firmware/mcu_ws/uros/rcutils /home/neu/Desktop/microros_ws/firmware/mcu_ws/uros/rcutils /home/neu/Desktop/microros_ws/firmware/mcu_ws/build/rcutils /home/neu/Desktop/microros_ws/firmware/mcu_ws/build/rcutils /home/neu/Desktop/microros_ws/firmware/mcu_ws/build/rcutils/CMakeFiles/ament_cmake_python_build_rcutils_egg.dir/DependInfo.cmake --color=
[1.351s] Dependee "/home/neu/Desktop/microros_ws/firmware/mcu_ws/build/rcutils/CMakeFiles/ament_cmake_python_build_rcutils_egg.dir/DependInfo.cmake" is newer than depender "/home/neu/Desktop/microros_ws/firmware/mcu_ws/build/rcutils/CMakeFiles/ament_cmake_python_build_rcutils_egg.dir/depend.internal".
[1.351s] Dependee "/home/neu/Desktop/microros_ws/firmware/mcu_ws/build/rcutils/CMakeFiles/CMakeDirectoryInformation.cmake" is newer than depender "/home/neu/Desktop/microros_ws/firmware/mcu_ws/build/rcutils/CMakeFiles/ament_cmake_python_build_rcutils_egg.dir/depend.internal".
[1.351s] [35m[1mScanning dependencies of target ament_cmake_python_build_rcutils_egg[0m
[1.351s] make[3]: Leaving directory '/home/neu/Desktop/microros_ws/firmware/mcu_ws/build/rcutils'
[1.351s] /usr/bin/make -f CMakeFiles/ament_cmake_python_build_rcutils_egg.dir/build.make CMakeFiles/ament_cmake_python_build_rcutils_egg.dir/build
[1.352s] make[3]: Entering directory '/home/neu/Desktop/microros_ws/firmware/mcu_ws/build/rcutils'
[1.352s] cd /home/neu/Desktop/microros_ws/firmware/mcu_ws/build/rcutils/ament_cmake_python/rcutils && /usr/bin/python3.8 setup.py egg_info
[1.424s] cd /home/neu/Desktop/microros_ws/firmware/mcu_ws/build/rcutils && /usr/bin/cmake -E cmake_depends "Unix Makefiles" /home/neu/Desktop/microros_ws/firmware/mcu_ws/uros/rcutils /home/neu/Desktop/microros_ws/firmware/mcu_ws/uros/rcutils /home/neu/Desktop/microros_ws/firmware/mcu_ws/build/rcutils /home/neu/Desktop/microros_ws/firmware/mcu_ws/build/rcutils /home/neu/Desktop/microros_ws/firmware/mcu_ws/build/rcutils/CMakeFiles/rcutils.dir/DependInfo.cmake --color=
[1.430s] Dependee "/home/neu/Desktop/microros_ws/firmware/mcu_ws/build/rcutils/CMakeFiles/rcutils.dir/DependInfo.cmake" is newer than depender "/home/neu/Desktop/microros_ws/firmware/mcu_ws/build/rcutils/CMakeFiles/rcutils.dir/depend.internal".
[1.430s] Dependee "/home/neu/Desktop/microros_ws/firmware/mcu_ws/build/rcutils/CMakeFiles/CMakeDirectoryInformation.cmake" is newer than depender "/home/neu/Desktop/microros_ws/firmware/mcu_ws/build/rcutils/CMakeFiles/rcutils.dir/depend.internal".
[1.430s] [35m[1mScanning dependencies of target rcutils[0m
[1.436s] make[3]: Leaving directory '/home/neu/Desktop/microros_ws/firmware/mcu_ws/build/rcutils'
[1.436s] /usr/bin/make -f CMakeFiles/rcutils.dir/build.make CMakeFiles/rcutils.dir/build
[1.439s] make[3]: Entering directory '/home/neu/Desktop/microros_ws/firmware/mcu_ws/build/rcutils'
[1.447s] [ 20%] [32mBuilding C object CMakeFiles/rcutils.dir/src/char_array.c.obj[0m
[1.448s] [ 20%] [32mBuilding C object CMakeFiles/rcutils.dir/src/error_handling.c.obj[0m
[1.448s] [ 20%] [32mBuilding C object CMakeFiles/rcutils.dir/src/env.c.obj[0m
[1.449s] [ 24%] [32mBuilding C object CMakeFiles/rcutils.dir/src/logging.c.obj[0m
[1.449s] [ 31%] [32mBuilding C object CMakeFiles/rcutils.dir/src/array_list.c.obj[0m
[1.450s] [ 31%] [32mBuilding C object CMakeFiles/rcutils.dir/src/filesystem.c.obj[0m
[1.450s] [ 34%] [32mBuilding C object CMakeFiles/rcutils.dir/src/hash_map.c.obj[0m
[1.451s] /home/neu/Desktop/microros_ws/firmware/freertos_apps/microros_nucleo_f446ze_extensions/../../toolchain/bin/arm-none-eabi-gcc -DRCUTILS_BUILDING_DLL -DROS_PACKAGE_NAME=\"rcutils\" -I/home/neu/Desktop/microros_ws/firmware/mcu_ws/uros/rcutils/include -I/home/neu/Desktop/microros_ws/firmware/mcu_ws/build/rcutils/include  -std=c11 -mcpu=cortex-m4 -mthumb -mfpu=fpv4-sp-d16 -mfloat-abi=hard -DUSE_HAL_DRIVER -DSTM32F446xx -D_TIMEVAL_DEFINED -O0 -Wall -fdata-sections -ffunction-sections  -DCLOCK_MONOTONIC=0 -g   -Wall -Wextra -Wconversion -Wno-sign-conversion -Wpedantic -std=gnu11 -o CMakeFiles/rcutils.dir/src/array_list.c.obj   -c /home/neu/Desktop/microros_ws/firmware/mcu_ws/uros/rcutils/src/array_list.c
[1.451s] [ 37%] [32mBuilding C object CMakeFiles/rcutils.dir/src/format_string.c.obj[0m
[1.452s] /home/neu/Desktop/microros_ws/firmware/freertos_apps/microros_nucleo_f446ze_extensions/../../toolchain/bin/arm-none-eabi-gcc -DRCUTILS_BUILDING_DLL -DROS_PACKAGE_NAME=\"rcutils\" -I/home/neu/Desktop/microros_ws/firmware/mcu_ws/uros/rcutils/include -I/home/neu/Desktop/microros_ws/firmware/mcu_ws/build/rcutils/include  -std=c11 -mcpu=cortex-m4 -mthumb -mfpu=fpv4-sp-d16 -mfloat-abi=hard -DUSE_HAL_DRIVER -DSTM32F446xx -D_TIMEVAL_DEFINED -O0 -Wall -fdata-sections -ffunction-sections  -DCLOCK_MONOTONIC=0 -g   -Wall -Wextra -Wconversion -Wno-sign-conversion -Wpedantic -std=gnu11 -o CMakeFiles/rcutils.dir/src/char_array.c.obj   -c /home/neu/Desktop/microros_ws/firmware/mcu_ws/uros/rcutils/src/char_array.c
[1.452s] [ 41%] [32mBuilding C object CMakeFiles/rcutils.dir/src/qsort.c.obj[0m
[1.452s] /home/neu/Desktop/microros_ws/firmware/freertos_apps/microros_nucleo_f446ze_extensions/../../toolchain/bin/arm-none-eabi-gcc -DRCUTILS_BUILDING_DLL -DROS_PACKAGE_NAME=\"rcutils\" -I/home/neu/Desktop/microros_ws/firmware/mcu_ws/uros/rcutils/include -I/home/neu/Desktop/microros_ws/firmware/mcu_ws/build/rcutils/include  -std=c11 -mcpu=cortex-m4 -mthumb -mfpu=fpv4-sp-d16 -mfloat-abi=hard -DUSE_HAL_DRIVER -DSTM32F446xx -D_TIMEVAL_DEFINED -O0 -Wall -fdata-sections -ffunction-sections  -DCLOCK_MONOTONIC=0 -g   -Wall -Wextra -Wconversion -Wno-sign-conversion -Wpedantic -std=gnu11 -o CMakeFiles/rcutils.dir/src/env.c.obj   -c /home/neu/Desktop/microros_ws/firmware/mcu_ws/uros/rcutils/src/env.c
[1.452s] [ 44%] [32mBuilding C object CMakeFiles/rcutils.dir/src/find.c.obj[0m
[1.452s] /home/neu/Desktop/microros_ws/firmware/freertos_apps/microros_nucleo_f446ze_extensions/../../toolchain/bin/arm-none-eabi-gcc -DRCUTILS_BUILDING_DLL -DROS_PACKAGE_NAME=\"rcutils\" -I/home/neu/Desktop/microros_ws/firmware/mcu_ws/uros/rcutils/include -I/home/neu/Desktop/microros_ws/firmware/mcu_ws/build/rcutils/include  -std=c11 -mcpu=cortex-m4 -mthumb -mfpu=fpv4-sp-d16 -mfloat-abi=hard -DUSE_HAL_DRIVER -DSTM32F446xx -D_TIMEVAL_DEFINED -O0 -Wall -fdata-sections -ffunction-sections  -DCLOCK_MONOTONIC=0 -g   -Wall -Wextra -Wconversion -Wno-sign-conversion -Wpedantic -std=gnu11 -o CMakeFiles/rcutils.dir/src/error_handling.c.obj   -c /home/neu/Desktop/microros_ws/firmware/mcu_ws/uros/rcutils/src/error_handling.c
[1.452s] /home/neu/Desktop/microros_ws/firmware/freertos_apps/microros_nucleo_f446ze_extensions/../../toolchain/bin/arm-none-eabi-gcc -DRCUTILS_BUILDING_DLL -DROS_PACKAGE_NAME=\"rcutils\" -I/home/neu/Desktop/microros_ws/firmware/mcu_ws/uros/rcutils/include -I/home/neu/Desktop/microros_ws/firmware/mcu_ws/build/rcutils/include  -std=c11 -mcpu=cortex-m4 -mthumb -mfpu=fpv4-sp-d16 -mfloat-abi=hard -DUSE_HAL_DRIVER -DSTM32F446xx -D_TIMEVAL_DEFINED -O0 -Wall -fdata-sections -ffunction-sections  -DCLOCK_MONOTONIC=0 -g   -Wall -Wextra -Wconversion -Wno-sign-conversion -Wpedantic -std=gnu11 -o CMakeFiles/rcutils.dir/src/filesystem.c.obj   -c /home/neu/Desktop/microros_ws/firmware/mcu_ws/uros/rcutils/src/filesystem.c
[1.452s] /home/neu/Desktop/microros_ws/firmware/freertos_apps/microros_nucleo_f446ze_extensions/../../toolchain/bin/arm-none-eabi-gcc -DRCUTILS_BUILDING_DLL -DROS_PACKAGE_NAME=\"rcutils\" -I/home/neu/Desktop/microros_ws/firmware/mcu_ws/uros/rcutils/include -I/home/neu/Desktop/microros_ws/firmware/mcu_ws/build/rcutils/include  -std=c11 -mcpu=cortex-m4 -mthumb -mfpu=fpv4-sp-d16 -mfloat-abi=hard -DUSE_HAL_DRIVER -DSTM32F446xx -D_TIMEVAL_DEFINED -O0 -Wall -fdata-sections -ffunction-sections  -DCLOCK_MONOTONIC=0 -g   -Wall -Wextra -Wconversion -Wno-sign-conversion -Wpedantic -std=gnu11 -o CMakeFiles/rcutils.dir/src/hash_map.c.obj   -c /home/neu/Desktop/microros_ws/firmware/mcu_ws/uros/rcutils/src/hash_map.c
[1.452s] [ 48%] [32mBuilding C object CMakeFiles/rcutils.dir/src/process.c.obj[0m
[1.453s] /home/neu/Desktop/microros_ws/firmware/freertos_apps/microros_nucleo_f446ze_extensions/../../toolchain/bin/arm-none-eabi-gcc -DRCUTILS_BUILDING_DLL -DROS_PACKAGE_NAME=\"rcutils\" -I/home/neu/Desktop/microros_ws/firmware/mcu_ws/uros/rcutils/include -I/home/neu/Desktop/microros_ws/firmware/mcu_ws/build/rcutils/include  -std=c11 -mcpu=cortex-m4 -mthumb -mfpu=fpv4-sp-d16 -mfloat-abi=hard -DUSE_HAL_DRIVER -DSTM32F446xx -D_TIMEVAL_DEFINED -O0 -Wall -fdata-sections -ffunction-sections  -DCLOCK_MONOTONIC=0 -g   -Wall -Wextra -Wconversion -Wno-sign-conversion -Wpedantic -std=gnu11 -o CMakeFiles/rcutils.dir/src/logging.c.obj   -c /home/neu/Desktop/microros_ws/firmware/mcu_ws/uros/rcutils/src/logging.c
[1.453s] /home/neu/Desktop/microros_ws/firmware/freertos_apps/microros_nucleo_f446ze_extensions/../../toolchain/bin/arm-none-eabi-gcc -DRCUTILS_BUILDING_DLL -DROS_PACKAGE_NAME=\"rcutils\" -I/home/neu/Desktop/microros_ws/firmware/mcu_ws/uros/rcutils/include -I/home/neu/Desktop/microros_ws/firmware/mcu_ws/build/rcutils/include  -std=c11 -mcpu=cortex-m4 -mthumb -mfpu=fpv4-sp-d16 -mfloat-abi=hard -DUSE_HAL_DRIVER -DSTM32F446xx -D_TIMEVAL_DEFINED -O0 -Wall -fdata-sections -ffunction-sections  -DCLOCK_MONOTONIC=0 -g   -Wall -Wextra -Wconversion -Wno-sign-conversion -Wpedantic -std=gnu11 -o CMakeFiles/rcutils.dir/src/format_string.c.obj   -c /home/neu/Desktop/microros_ws/firmware/mcu_ws/uros/rcutils/src/format_string.c
[1.454s] [ 20%] [32mBuilding C object CMakeFiles/rcutils.dir/src/allocator.c.obj[0m
[1.457s] [ 20%] [32mBuilding C object CMakeFiles/rcutils.dir/src/cmdline_parser.c.obj[0m
[1.462s] [ 51%] [32mBuilding C object CMakeFiles/rcutils.dir/src/repl_str.c.obj[0m
[1.463s] /home/neu/Desktop/microros_ws/firmware/freertos_apps/microros_nucleo_f446ze_extensions/../../toolchain/bin/arm-none-eabi-gcc -DRCUTILS_BUILDING_DLL -DROS_PACKAGE_NAME=\"rcutils\" -I/home/neu/Desktop/microros_ws/firmware/mcu_ws/uros/rcutils/include -I/home/neu/Desktop/microros_ws/firmware/mcu_ws/build/rcutils/include  -std=c11 -mcpu=cortex-m4 -mthumb -mfpu=fpv4-sp-d16 -mfloat-abi=hard -DUSE_HAL_DRIVER -DSTM32F446xx -D_TIMEVAL_DEFINED -O0 -Wall -fdata-sections -ffunction-sections  -DCLOCK_MONOTONIC=0 -g   -Wall -Wextra -Wconversion -Wno-sign-conversion -Wpedantic -std=gnu11 -o CMakeFiles/rcutils.dir/src/allocator.c.obj   -c /home/neu/Desktop/microros_ws/firmware/mcu_ws/uros/rcutils/src/allocator.c
[1.464s] /home/neu/Desktop/microros_ws/firmware/freertos_apps/microros_nucleo_f446ze_extensions/../../toolchain/bin/arm-none-eabi-gcc -DRCUTILS_BUILDING_DLL -DROS_PACKAGE_NAME=\"rcutils\" -I/home/neu/Desktop/microros_ws/firmware/mcu_ws/uros/rcutils/include -I/home/neu/Desktop/microros_ws/firmware/mcu_ws/build/rcutils/include  -std=c11 -mcpu=cortex-m4 -mthumb -mfpu=fpv4-sp-d16 -mfloat-abi=hard -DUSE_HAL_DRIVER -DSTM32F446xx -D_TIMEVAL_DEFINED -O0 -Wall -fdata-sections -ffunction-sections  -DCLOCK_MONOTONIC=0 -g   -Wall -Wextra -Wconversion -Wno-sign-conversion -Wpedantic -std=gnu11 -o CMakeFiles/rcutils.dir/src/cmdline_parser.c.obj   -c /home/neu/Desktop/microros_ws/firmware/mcu_ws/uros/rcutils/src/cmdline_parser.c
[1.478s] /home/neu/Desktop/microros_ws/firmware/freertos_apps/microros_nucleo_f446ze_extensions/../../toolchain/bin/arm-none-eabi-gcc -DRCUTILS_BUILDING_DLL -DROS_PACKAGE_NAME=\"rcutils\" -I/home/neu/Desktop/microros_ws/firmware/mcu_ws/uros/rcutils/include -I/home/neu/Desktop/microros_ws/firmware/mcu_ws/build/rcutils/include  -std=c11 -mcpu=cortex-m4 -mthumb -mfpu=fpv4-sp-d16 -mfloat-abi=hard -DUSE_HAL_DRIVER -DSTM32F446xx -D_TIMEVAL_DEFINED -O0 -Wall -fdata-sections -ffunction-sections  -DCLOCK_MONOTONIC=0 -g   -Wall -Wextra -Wconversion -Wno-sign-conversion -Wpedantic -std=gnu11 -o CMakeFiles/rcutils.dir/src/find.c.obj   -c /home/neu/Desktop/microros_ws/firmware/mcu_ws/uros/rcutils/src/find.c
[1.478s] /home/neu/Desktop/microros_ws/firmware/freertos_apps/microros_nucleo_f446ze_extensions/../../toolchain/bin/arm-none-eabi-gcc -DRCUTILS_BUILDING_DLL -DROS_PACKAGE_NAME=\"rcutils\" -I/home/neu/Desktop/microros_ws/firmware/mcu_ws/uros/rcutils/include -I/home/neu/Desktop/microros_ws/firmware/mcu_ws/build/rcutils/include  -std=c11 -mcpu=cortex-m4 -mthumb -mfpu=fpv4-sp-d16 -mfloat-abi=hard -DUSE_HAL_DRIVER -DSTM32F446xx -D_TIMEVAL_DEFINED -O0 -Wall -fdata-sections -ffunction-sections  -DCLOCK_MONOTONIC=0 -g   -Wall -Wextra -Wconversion -Wno-sign-conversion -Wpedantic -std=gnu11 -o CMakeFiles/rcutils.dir/src/process.c.obj   -c /home/neu/Desktop/microros_ws/firmware/mcu_ws/uros/rcutils/src/process.c
[1.481s] /home/neu/Desktop/microros_ws/firmware/freertos_apps/microros_nucleo_f446ze_extensions/../../toolchain/bin/arm-none-eabi-gcc -DRCUTILS_BUILDING_DLL -DROS_PACKAGE_NAME=\"rcutils\" -I/home/neu/Desktop/microros_ws/firmware/mcu_ws/uros/rcutils/include -I/home/neu/Desktop/microros_ws/firmware/mcu_ws/build/rcutils/include  -std=c11 -mcpu=cortex-m4 -mthumb -mfpu=fpv4-sp-d16 -mfloat-abi=hard -DUSE_HAL_DRIVER -DSTM32F446xx -D_TIMEVAL_DEFINED -O0 -Wall -fdata-sections -ffunction-sections  -DCLOCK_MONOTONIC=0 -g   -Wall -Wextra -Wconversion -Wno-sign-conversion -Wpedantic -std=gnu11 -o CMakeFiles/rcutils.dir/src/qsort.c.obj   -c /home/neu/Desktop/microros_ws/firmware/mcu_ws/uros/rcutils/src/qsort.c
[1.484s] /home/neu/Desktop/microros_ws/firmware/freertos_apps/microros_nucleo_f446ze_extensions/../../toolchain/bin/arm-none-eabi-gcc -DRCUTILS_BUILDING_DLL -DROS_PACKAGE_NAME=\"rcutils\" -I/home/neu/Desktop/microros_ws/firmware/mcu_ws/uros/rcutils/include -I/home/neu/Desktop/microros_ws/firmware/mcu_ws/build/rcutils/include  -std=c11 -mcpu=cortex-m4 -mthumb -mfpu=fpv4-sp-d16 -mfloat-abi=hard -DUSE_HAL_DRIVER -DSTM32F446xx -D_TIMEVAL_DEFINED -O0 -Wall -fdata-sections -ffunction-sections  -DCLOCK_MONOTONIC=0 -g   -Wall -Wextra -Wconversion -Wno-sign-conversion -Wpedantic -std=gnu11 -o CMakeFiles/rcutils.dir/src/repl_str.c.obj   -c /home/neu/Desktop/microros_ws/firmware/mcu_ws/uros/rcutils/src/repl_str.c
[1.499s] In file included from [01m[K/home/neu/Desktop/microros_ws/firmware/mcu_ws/uros/rcutils/src/error_handling.c:35[m[K:
[1.499s] [01m[K/home/neu/Desktop/microros_ws/firmware/mcu_ws/uros/rcutils/src/./error_handling_helpers.h:[m[K In function '[01m[K__rcutils_convert_uint64_t_into_c_str[m[K':
[1.499s] [01m[K/home/neu/Desktop/microros_ws/firmware/mcu_ws/uros/rcutils/src/./error_handling_helpers.h:109:48:[m[K [01;35m[Kwarning: [m[Kunused parameter '[01m[Knumber[m[K' [[01;35m[K-Wunused-parameter[m[K]
[1.499s]  __rcutils_convert_uint64_t_into_c_str([01;35m[Kuint64_t number[m[K, char * buffer, size_t buffer_size)
[1.500s]                                        [01;35m[K~~~~~~~~~^~~~~~[m[K
[1.500s] [01m[K/home/neu/Desktop/microros_ws/firmware/mcu_ws/uros/rcutils/src/./error_handling_helpers.h:109:63:[m[K [01;35m[Kwarning: [m[Kunused parameter '[01m[Kbuffer[m[K' [[01;35m[K-Wunused-parameter[m[K]
[1.500s]  __rcutils_convert_uint64_t_into_c_str(uint64_t number, [01;35m[Kchar * buffer[m[K, size_t buffer_size)
[1.500s]                                                         [01;35m[K~~~~~~~^~~~~~[m[K
[1.500s] [01m[K/home/neu/Desktop/microros_ws/firmware/mcu_ws/uros/rcutils/src/./error_handling_helpers.h:109:78:[m[K [01;35m[Kwarning: [m[Kunused parameter '[01m[Kbuffer_size[m[K' [[01;35m[K-Wunused-parameter[m[K]
[1.500s]  __rcutils_convert_uint64_t_into_c_str(uint64_t number, char * buffer, [01;35m[Ksize_t buffer_size[m[K)
[1.500s]                                                                        [01;35m[K~~~~~~~^~~~~~~~~~~[m[K
[1.500s] [01m[K/home/neu/Desktop/microros_ws/firmware/mcu_ws/uros/rcutils/src/./error_handling_helpers.h:[m[K In function '[01m[K__rcutils_format_error_string[m[K':
[1.500s] [01m[K/home/neu/Desktop/microros_ws/firmware/mcu_ws/uros/rcutils/src/./error_handling_helpers.h:142:28:[m[K [01;35m[Kwarning: [m[Kunused parameter '[01m[Kerror_string[m[K' [[01;35m[K-Wunused-parameter[m[K]
[1.500s]    [01;35m[Krcutils_error_string_t * error_string[m[K,
[1.500s]    [01;35m[K~~~~~~~~~~~~~~~~~~~~~~~~~^~~~~~~~~~~~[m[K
[1.500s] [01m[K/home/neu/Desktop/microros_ws/firmware/mcu_ws/uros/rcutils/src/./error_handling_helpers.h:143:33:[m[K [01;35m[Kwarning: [m[Kunused parameter '[01m[Kerror_state[m[K' [[01;35m[K-Wunused-parameter[m[K]
[1.500s]    [01;35m[Kconst rcutils_error_state_t * error_state[m[K)
[1.500s]    [01;35m[K~~~~~~~~~~~~~~~~~~~~~~~~~~~~~~^~~~~~~~~~~[m[K
[1.501s] [01m[K/home/neu/Desktop/microros_ws/firmware/mcu_ws/uros/rcutils/src/error_handling.c:[m[K In function '[01m[Krcutils_get_error_string[m[K':
[1.501s] [01m[K/home/neu/Desktop/microros_ws/firmware/mcu_ws/uros/rcutils/src/error_handling.c:240:38:[m[K [01;35m[Kwarning: [m[Kinitializer-string for array of chars is too long
[1.501s]      return (rcutils_error_string_t) {[01;35m[K"error not set"[m[K};  // NOLINT(readability/braces)
[1.502s]                                       [01;35m[K^~~~~~~~~~~~~~~[m[K
[1.502s] [01m[K/home/neu/Desktop/microros_ws/firmware/mcu_ws/uros/rcutils/src/error_handling.c:240:38:[m[K [01;36m[Knote: [m[K(near initialization for '[01m[K(anonymous).str[m[K')
[1.506s] In file included from [01m[K/home/neu/Desktop/microros_ws/firmware/mcu_ws/uros/rcutils/src/error_handling.c:35[m[K:
[1.506s] At top level:
[1.506s] [01m[K/home/neu/Desktop/microros_ws/firmware/mcu_ws/uros/rcutils/src/./error_handling_helpers.h:109:1:[m[K [01;35m[Kwarning: [m[K'[01m[K__rcutils_convert_uint64_t_into_c_str[m[K' defined but not used [[01;35m[K-Wunused-function[m[K]
[1.506s]  [01;35m[K__rcutils_convert_uint64_t_into_c_str[m[K(uint64_t number, char * buffer, size_t buffer_size)
[1.506s]  [01;35m[K^~~~~~~~~~~~~~~~~~~~~~~~~~~~~~~~~~~~~[m[K
[1.506s] [01m[K/home/neu/Desktop/microros_ws/firmware/mcu_ws/uros/rcutils/src/./error_handling_helpers.h:91:1:[m[K [01;35m[Kwarning: [m[K'[01m[K__rcutils_reverse_str[m[K' defined but not used [[01;35m[K-Wunused-function[m[K]
[1.506s]  [01;35m[K__rcutils_reverse_str[m[K(char * string_in, size_t string_len)
[1.506s]  [01;35m[K^~~~~~~~~~~~~~~~~~~~~[m[K
[1.509s] [ 55%] [32mBuilding C object CMakeFiles/rcutils.dir/src/snprintf.c.obj[0m
[1.511s] [ 58%] [32mBuilding C object CMakeFiles/rcutils.dir/src/shared_library.c.obj[0m
[1.518s] [01m[K/home/neu/Desktop/microros_ws/firmware/mcu_ws/uros/rcutils/src/logging.c:[m[K In function '[01m[Krcutils_get_env_var_zero_or_one[m[K':
[1.519s] [01m[K/home/neu/Desktop/microros_ws/firmware/mcu_ws/uros/rcutils/src/logging.c:130:35:[m[K [01;35m[Kwarning: [m[Kunused parameter '[01m[Kzero_semantic[m[K' [[01;35m[K-Wunused-parameter[m[K]
[1.519s]    const char * name, [01;35m[Kconst char * zero_semantic[m[K,
[1.519s]                       [01;35m[K~~~~~~~~~~~~~^~~~~~~~~~~~~[m[K
[1.519s] [01m[K/home/neu/Desktop/microros_ws/firmware/mcu_ws/uros/rcutils/src/logging.c:131:16:[m[K [01;35m[Kwarning: [m[Kunused parameter '[01m[Kone_semantic[m[K' [[01;35m[K-Wunused-parameter[m[K]
[1.519s]    [01;35m[Kconst char * one_semantic[m[K)
[1.519s]    [01;35m[K~~~~~~~~~~~~~^~~~~~~~~~~~[m[K
[1.522s] /home/neu/Desktop/microros_ws/firmware/freertos_apps/microros_nucleo_f446ze_extensions/../../toolchain/bin/arm-none-eabi-gcc -DRCUTILS_BUILDING_DLL -DROS_PACKAGE_NAME=\"rcutils\" -I/home/neu/Desktop/microros_ws/firmware/mcu_ws/uros/rcutils/include -I/home/neu/Desktop/microros_ws/firmware/mcu_ws/build/rcutils/include  -std=c11 -mcpu=cortex-m4 -mthumb -mfpu=fpv4-sp-d16 -mfloat-abi=hard -DUSE_HAL_DRIVER -DSTM32F446xx -D_TIMEVAL_DEFINED -O0 -Wall -fdata-sections -ffunction-sections  -DCLOCK_MONOTONIC=0 -g   -Wall -Wextra -Wconversion -Wno-sign-conversion -Wpedantic -std=gnu11 -o CMakeFiles/rcutils.dir/src/shared_library.c.obj   -c /home/neu/Desktop/microros_ws/firmware/mcu_ws/uros/rcutils/src/shared_library.c
[1.525s] /home/neu/Desktop/microros_ws/firmware/freertos_apps/microros_nucleo_f446ze_extensions/../../toolchain/bin/arm-none-eabi-gcc -DRCUTILS_BUILDING_DLL -DROS_PACKAGE_NAME=\"rcutils\" -I/home/neu/Desktop/microros_ws/firmware/mcu_ws/uros/rcutils/include -I/home/neu/Desktop/microros_ws/firmware/mcu_ws/build/rcutils/include  -std=c11 -mcpu=cortex-m4 -mthumb -mfpu=fpv4-sp-d16 -mfloat-abi=hard -DUSE_HAL_DRIVER -DSTM32F446xx -D_TIMEVAL_DEFINED -O0 -Wall -fdata-sections -ffunction-sections  -DCLOCK_MONOTONIC=0 -g   -Wall -Wextra -Wconversion -Wno-sign-conversion -Wpedantic -std=gnu11 -o CMakeFiles/rcutils.dir/src/snprintf.c.obj   -c /home/neu/Desktop/microros_ws/firmware/mcu_ws/uros/rcutils/src/snprintf.c
[1.533s] [ 62%] [32mBuilding C object CMakeFiles/rcutils.dir/src/split.c.obj[0m
[1.538s] [ 65%] [32mBuilding C object CMakeFiles/rcutils.dir/src/strcasecmp.c.obj[0m
[1.541s] /home/neu/Desktop/microros_ws/firmware/freertos_apps/microros_nucleo_f446ze_extensions/../../toolchain/bin/arm-none-eabi-gcc -DRCUTILS_BUILDING_DLL -DROS_PACKAGE_NAME=\"rcutils\" -I/home/neu/Desktop/microros_ws/firmware/mcu_ws/uros/rcutils/include -I/home/neu/Desktop/microros_ws/firmware/mcu_ws/build/rcutils/include  -std=c11 -mcpu=cortex-m4 -mthumb -mfpu=fpv4-sp-d16 -mfloat-abi=hard -DUSE_HAL_DRIVER -DSTM32F446xx -D_TIMEVAL_DEFINED -O0 -Wall -fdata-sections -ffunction-sections  -DCLOCK_MONOTONIC=0 -g   -Wall -Wextra -Wconversion -Wno-sign-conversion -Wpedantic -std=gnu11 -o CMakeFiles/rcutils.dir/src/split.c.obj   -c /home/neu/Desktop/microros_ws/firmware/mcu_ws/uros/rcutils/src/split.c
[1.554s] [ 72%] [32mBuilding C object CMakeFiles/rcutils.dir/src/strerror.c.obj[0m
[1.554s] [ 72%] [32mBuilding C object CMakeFiles/rcutils.dir/src/strdup.c.obj[0m
[1.554s] /home/neu/Desktop/microros_ws/firmware/freertos_apps/microros_nucleo_f446ze_extensions/../../toolchain/bin/arm-none-eabi-gcc -DRCUTILS_BUILDING_DLL -DROS_PACKAGE_NAME=\"rcutils\" -I/home/neu/Desktop/microros_ws/firmware/mcu_ws/uros/rcutils/include -I/home/neu/Desktop/microros_ws/firmware/mcu_ws/build/rcutils/include  -std=c11 -mcpu=cortex-m4 -mthumb -mfpu=fpv4-sp-d16 -mfloat-abi=hard -DUSE_HAL_DRIVER -DSTM32F446xx -D_TIMEVAL_DEFINED -O0 -Wall -fdata-sections -ffunction-sections  -DCLOCK_MONOTONIC=0 -g   -Wall -Wextra -Wconversion -Wno-sign-conversion -Wpedantic -std=gnu11 -o CMakeFiles/rcutils.dir/src/strcasecmp.c.obj   -c /home/neu/Desktop/microros_ws/firmware/mcu_ws/uros/rcutils/src/strcasecmp.c
[1.557s] /home/neu/Desktop/microros_ws/firmware/freertos_apps/microros_nucleo_f446ze_extensions/../../toolchain/bin/arm-none-eabi-gcc -DRCUTILS_BUILDING_DLL -DROS_PACKAGE_NAME=\"rcutils\" -I/home/neu/Desktop/microros_ws/firmware/mcu_ws/uros/rcutils/include -I/home/neu/Desktop/microros_ws/firmware/mcu_ws/build/rcutils/include  -std=c11 -mcpu=cortex-m4 -mthumb -mfpu=fpv4-sp-d16 -mfloat-abi=hard -DUSE_HAL_DRIVER -DSTM32F446xx -D_TIMEVAL_DEFINED -O0 -Wall -fdata-sections -ffunction-sections  -DCLOCK_MONOTONIC=0 -g   -Wall -Wextra -Wconversion -Wno-sign-conversion -Wpedantic -std=gnu11 -o CMakeFiles/rcutils.dir/src/strdup.c.obj   -c /home/neu/Desktop/microros_ws/firmware/mcu_ws/uros/rcutils/src/strdup.c
[1.558s] /home/neu/Desktop/microros_ws/firmware/freertos_apps/microros_nucleo_f446ze_extensions/../../toolchain/bin/arm-none-eabi-gcc -DRCUTILS_BUILDING_DLL -DROS_PACKAGE_NAME=\"rcutils\" -I/home/neu/Desktop/microros_ws/firmware/mcu_ws/uros/rcutils/include -I/home/neu/Desktop/microros_ws/firmware/mcu_ws/build/rcutils/include  -std=c11 -mcpu=cortex-m4 -mthumb -mfpu=fpv4-sp-d16 -mfloat-abi=hard -DUSE_HAL_DRIVER -DSTM32F446xx -D_TIMEVAL_DEFINED -O0 -Wall -fdata-sections -ffunction-sections  -DCLOCK_MONOTONIC=0 -g   -Wall -Wextra -Wconversion -Wno-sign-conversion -Wpedantic -std=gnu11 -o CMakeFiles/rcutils.dir/src/strerror.c.obj   -c /home/neu/Desktop/microros_ws/firmware/mcu_ws/uros/rcutils/src/strerror.c
[1.572s] [ 75%] [32mBuilding C object CMakeFiles/rcutils.dir/src/string_array.c.obj[0m
[1.573s] /home/neu/Desktop/microros_ws/firmware/freertos_apps/microros_nucleo_f446ze_extensions/../../toolchain/bin/arm-none-eabi-gcc -DRCUTILS_BUILDING_DLL -DROS_PACKAGE_NAME=\"rcutils\" -I/home/neu/Desktop/microros_ws/firmware/mcu_ws/uros/rcutils/include -I/home/neu/Desktop/microros_ws/firmware/mcu_ws/build/rcutils/include  -std=c11 -mcpu=cortex-m4 -mthumb -mfpu=fpv4-sp-d16 -mfloat-abi=hard -DUSE_HAL_DRIVER -DSTM32F446xx -D_TIMEVAL_DEFINED -O0 -Wall -fdata-sections -ffunction-sections  -DCLOCK_MONOTONIC=0 -g   -Wall -Wextra -Wconversion -Wno-sign-conversion -Wpedantic -std=gnu11 -o CMakeFiles/rcutils.dir/src/string_array.c.obj   -c /home/neu/Desktop/microros_ws/firmware/mcu_ws/uros/rcutils/src/string_array.c
[1.581s] [ 86%] [32mBuilding C object CMakeFiles/rcutils.dir/src/atomic_64bits.c.obj[0m
[1.581s] [ 86%] [32mBuilding C object CMakeFiles/rcutils.dir/src/testing/fault_injection.c.obj[0m
[1.581s] [ 86%] [32mBuilding C object CMakeFiles/rcutils.dir/src/string_map.c.obj[0m
[1.583s] /home/neu/Desktop/microros_ws/firmware/freertos_apps/microros_nucleo_f446ze_extensions/../../toolchain/bin/arm-none-eabi-gcc -DRCUTILS_BUILDING_DLL -DROS_PACKAGE_NAME=\"rcutils\" -I/home/neu/Desktop/microros_ws/firmware/mcu_ws/uros/rcutils/include -I/home/neu/Desktop/microros_ws/firmware/mcu_ws/build/rcutils/include  -std=c11 -mcpu=cortex-m4 -mthumb -mfpu=fpv4-sp-d16 -mfloat-abi=hard -DUSE_HAL_DRIVER -DSTM32F446xx -D_TIMEVAL_DEFINED -O0 -Wall -fdata-sections -ffunction-sections  -DCLOCK_MONOTONIC=0 -g   -Wall -Wextra -Wconversion -Wno-sign-conversion -Wpedantic -std=gnu11 -o CMakeFiles/rcutils.dir/src/string_map.c.obj   -c /home/neu/Desktop/microros_ws/firmware/mcu_ws/uros/rcutils/src/string_map.c
[1.584s] [ 89%] [32mBuilding C object CMakeFiles/rcutils.dir/src/time_unix.c.obj[0m
[1.584s] /home/neu/Desktop/microros_ws/firmware/freertos_apps/microros_nucleo_f446ze_extensions/../../toolchain/bin/arm-none-eabi-gcc -DRCUTILS_BUILDING_DLL -DROS_PACKAGE_NAME=\"rcutils\" -I/home/neu/Desktop/microros_ws/firmware/mcu_ws/uros/rcutils/include -I/home/neu/Desktop/microros_ws/firmware/mcu_ws/build/rcutils/include  -std=c11 -mcpu=cortex-m4 -mthumb -mfpu=fpv4-sp-d16 -mfloat-abi=hard -DUSE_HAL_DRIVER -DSTM32F446xx -D_TIMEVAL_DEFINED -O0 -Wall -fdata-sections -ffunction-sections  -DCLOCK_MONOTONIC=0 -g   -Wall -Wextra -Wconversion -Wno-sign-conversion -Wpedantic -std=gnu11 -o CMakeFiles/rcutils.dir/src/testing/fault_injection.c.obj   -c /home/neu/Desktop/microros_ws/firmware/mcu_ws/uros/rcutils/src/testing/fault_injection.c
[1.584s] /home/neu/Desktop/microros_ws/firmware/freertos_apps/microros_nucleo_f446ze_extensions/../../toolchain/bin/arm-none-eabi-gcc -DRCUTILS_BUILDING_DLL -DROS_PACKAGE_NAME=\"rcutils\" -I/home/neu/Desktop/microros_ws/firmware/mcu_ws/uros/rcutils/include -I/home/neu/Desktop/microros_ws/firmware/mcu_ws/build/rcutils/include  -std=c11 -mcpu=cortex-m4 -mthumb -mfpu=fpv4-sp-d16 -mfloat-abi=hard -DUSE_HAL_DRIVER -DSTM32F446xx -D_TIMEVAL_DEFINED -O0 -Wall -fdata-sections -ffunction-sections  -DCLOCK_MONOTONIC=0 -g   -Wall -Wextra -Wconversion -Wno-sign-conversion -Wpedantic -std=gnu11 -o CMakeFiles/rcutils.dir/src/atomic_64bits.c.obj   -c /home/neu/Desktop/microros_ws/firmware/mcu_ws/uros/rcutils/src/atomic_64bits.c
[1.585s] /home/neu/Desktop/microros_ws/firmware/freertos_apps/microros_nucleo_f446ze_extensions/../../toolchain/bin/arm-none-eabi-gcc -DRCUTILS_BUILDING_DLL -DROS_PACKAGE_NAME=\"rcutils\" -I/home/neu/Desktop/microros_ws/firmware/mcu_ws/uros/rcutils/include -I/home/neu/Desktop/microros_ws/firmware/mcu_ws/build/rcutils/include  -std=c11 -mcpu=cortex-m4 -mthumb -mfpu=fpv4-sp-d16 -mfloat-abi=hard -DUSE_HAL_DRIVER -DSTM32F446xx -D_TIMEVAL_DEFINED -O0 -Wall -fdata-sections -ffunction-sections  -DCLOCK_MONOTONIC=0 -g   -Wall -Wextra -Wconversion -Wno-sign-conversion -Wpedantic -std=gnu11 -o CMakeFiles/rcutils.dir/src/time_unix.c.obj   -c /home/neu/Desktop/microros_ws/firmware/mcu_ws/uros/rcutils/src/time_unix.c
[1.590s] [ 93%] [32mBuilding C object CMakeFiles/rcutils.dir/src/time.c.obj[0m
[1.591s] [ 96%] [32mBuilding C object CMakeFiles/rcutils.dir/src/uint8_array.c.obj[0m
[1.591s] /home/neu/Desktop/microros_ws/firmware/freertos_apps/microros_nucleo_f446ze_extensions/../../toolchain/bin/arm-none-eabi-gcc -DRCUTILS_BUILDING_DLL -DROS_PACKAGE_NAME=\"rcutils\" -I/home/neu/Desktop/microros_ws/firmware/mcu_ws/uros/rcutils/include -I/home/neu/Desktop/microros_ws/firmware/mcu_ws/build/rcutils/include  -std=c11 -mcpu=cortex-m4 -mthumb -mfpu=fpv4-sp-d16 -mfloat-abi=hard -DUSE_HAL_DRIVER -DSTM32F446xx -D_TIMEVAL_DEFINED -O0 -Wall -fdata-sections -ffunction-sections  -DCLOCK_MONOTONIC=0 -g   -Wall -Wextra -Wconversion -Wno-sign-conversion -Wpedantic -std=gnu11 -o CMakeFiles/rcutils.dir/src/time.c.obj   -c /home/neu/Desktop/microros_ws/firmware/mcu_ws/uros/rcutils/src/time.c
[1.591s] /home/neu/Desktop/microros_ws/firmware/freertos_apps/microros_nucleo_f446ze_extensions/../../toolchain/bin/arm-none-eabi-gcc -DRCUTILS_BUILDING_DLL -DROS_PACKAGE_NAME=\"rcutils\" -I/home/neu/Desktop/microros_ws/firmware/mcu_ws/uros/rcutils/include -I/home/neu/Desktop/microros_ws/firmware/mcu_ws/build/rcutils/include  -std=c11 -mcpu=cortex-m4 -mthumb -mfpu=fpv4-sp-d16 -mfloat-abi=hard -DUSE_HAL_DRIVER -DSTM32F446xx -D_TIMEVAL_DEFINED -O0 -Wall -fdata-sections -ffunction-sections  -DCLOCK_MONOTONIC=0 -g   -Wall -Wextra -Wconversion -Wno-sign-conversion -Wpedantic -std=gnu11 -o CMakeFiles/rcutils.dir/src/uint8_array.c.obj   -c /home/neu/Desktop/microros_ws/firmware/mcu_ws/uros/rcutils/src/uint8_array.c
[1.628s] running egg_info
[1.629s] creating rcutils.egg-info
[1.630s] writing rcutils.egg-info/PKG-INFO
[1.630s] writing dependency_links to rcutils.egg-info/dependency_links.txt
[1.630s] writing top-level names to rcutils.egg-info/top_level.txt
[1.631s] writing manifest file 'rcutils.egg-info/SOURCES.txt'
[1.638s] [01m[K/home/neu/Desktop/microros_ws/firmware/mcu_ws/uros/rcutils/src/time_unix.c:52:4:[m[K [01;35m[Kwarning: [m[K#warning is a GCC extension
[1.638s]  #  [01;35m[Kwarning[m[K no monotonic clock function available
[1.638s]     [01;35m[K^~~~~~~[m[K
[1.638s] [01m[K/home/neu/Desktop/microros_ws/firmware/mcu_ws/uros/rcutils/src/time_unix.c:52:4:[m[K [01;35m[Kwarning: [m[K#warning no monotonic clock function available [[01;35m[K-Wcpp[m[K]
[1.641s] [01m[K/home/neu/Desktop/microros_ws/firmware/mcu_ws/uros/rcutils/src/time_unix.c:[m[K In function '[01m[Krcutils_system_time_now[m[K':
[1.641s] [01m[K/home/neu/Desktop/microros_ws/firmware/mcu_ws/uros/rcutils/src/time_unix.c:74:3:[m[K [01;35m[Kwarning: [m[Kimplicit declaration of function '[01m[Kclock_gettime[m[K'; did you mean '[01m[Klocaltime[m[K'? [[01;35m[K-Wimplicit-function-declaration[m[K]
[1.641s]    [01;35m[Kclock_gettime[m[K(CLOCK_REALTIME, &timespec_now);
[1.641s]    [01;35m[K^~~~~~~~~~~~~[m[K
[1.641s]    [32m[Klocaltime[m[K
[1.673s] reading manifest file 'rcutils.egg-info/SOURCES.txt'
[1.674s] writing manifest file 'rcutils.egg-info/SOURCES.txt'
[1.708s] make[3]: Leaving directory '/home/neu/Desktop/microros_ws/firmware/mcu_ws/build/rcutils'
[1.709s] [100%] [32m[1mLinking C static library librcutils.a[0m
[1.718s] /usr/bin/cmake -P CMakeFiles/rcutils.dir/cmake_clean_target.cmake
[1.718s] [100%] Built target ament_cmake_python_build_rcutils_egg
[1.719s] /usr/bin/cmake -E cmake_link_script CMakeFiles/rcutils.dir/link.txt --verbose=1
[1.734s] /home/neu/Desktop/microros_ws/firmware/toolchain/bin/arm-none-eabi-ar qc librcutils.a  CMakeFiles/rcutils.dir/src/allocator.c.obj CMakeFiles/rcutils.dir/src/array_list.c.obj CMakeFiles/rcutils.dir/src/char_array.c.obj CMakeFiles/rcutils.dir/src/cmdline_parser.c.obj CMakeFiles/rcutils.dir/src/env.c.obj CMakeFiles/rcutils.dir/src/error_handling.c.obj CMakeFiles/rcutils.dir/src/filesystem.c.obj CMakeFiles/rcutils.dir/src/find.c.obj CMakeFiles/rcutils.dir/src/format_string.c.obj CMakeFiles/rcutils.dir/src/hash_map.c.obj CMakeFiles/rcutils.dir/src/logging.c.obj CMakeFiles/rcutils.dir/src/process.c.obj CMakeFiles/rcutils.dir/src/qsort.c.obj CMakeFiles/rcutils.dir/src/repl_str.c.obj CMakeFiles/rcutils.dir/src/shared_library.c.obj CMakeFiles/rcutils.dir/src/snprintf.c.obj CMakeFiles/rcutils.dir/src/split.c.obj CMakeFiles/rcutils.dir/src/strcasecmp.c.obj CMakeFiles/rcutils.dir/src/strdup.c.obj CMakeFiles/rcutils.dir/src/strerror.c.obj CMakeFiles/rcutils.dir/src/string_array.c.obj CMakeFiles/rcutils.dir/src/string_map.c.obj CMakeFiles/rcutils.dir/src/testing/fault_injection.c.obj CMakeFiles/rcutils.dir/src/time.c.obj CMakeFiles/rcutils.dir/src/time_unix.c.obj CMakeFiles/rcutils.dir/src/uint8_array.c.obj CMakeFiles/rcutils.dir/src/atomic_64bits.c.obj
[1.735s] /home/neu/Desktop/microros_ws/firmware/toolchain/bin/arm-none-eabi-ranlib librcutils.a
[1.735s] make[3]: Leaving directory '/home/neu/Desktop/microros_ws/firmware/mcu_ws/build/rcutils'
[1.748s] [100%] Built target rcutils
[1.748s] make[2]: Leaving directory '/home/neu/Desktop/microros_ws/firmware/mcu_ws/build/rcutils'
[1.748s] /usr/bin/cmake -E cmake_progress_start /home/neu/Desktop/microros_ws/firmware/mcu_ws/build/rcutils/CMakeFiles 0
[1.760s] make[1]: Leaving directory '/home/neu/Desktop/microros_ws/firmware/mcu_ws/build/rcutils'
[1.801s] Invoked command in '/home/neu/Desktop/microros_ws/firmware/mcu_ws/build/rcutils' returned '0': CMAKE_PREFIX_PATH=${CMAKE_PREFIX_PATH}:/home/neu/Desktop/microros_ws/firmware/dev_ws/install/ament_uncrustify:/home/neu/Desktop/microros_ws/firmware/dev_ws/install/domain_coordinator:/home/neu/Desktop/microros_ws/firmware/dev_ws/install/ament_xmllint:/home/neu/Desktop/microros_ws/firmware/dev_ws/install/ament_pyflakes:/home/neu/Desktop/microros_ws/firmware/dev_ws/install/ament_pycodestyle:/home/neu/Desktop/microros_ws/firmware/dev_ws/install/ament_pep257:/home/neu/Desktop/microros_ws/firmware/dev_ws/install/ament_pclint:/home/neu/Desktop/microros_ws/firmware/dev_ws/install/ament_package:/home/neu/Desktop/microros_ws/firmware/dev_ws/install/ament_mypy:/home/neu/Desktop/microros_ws/firmware/dev_ws/install/ament_lint_cmake:/home/neu/Desktop/microros_ws/firmware/dev_ws/install/ament_flake8:/home/neu/Desktop/microros_ws/firmware/dev_ws/install/ament_copyright:/home/neu/Desktop/microros_ws/firmware/dev_ws/install/ament_lint:/home/neu/Desktop/microros_ws/firmware/dev_ws/install/ament_index_python:/home/neu/Desktop/microros_ws/firmware/dev_ws/install/ament_cpplint:/home/neu/Desktop/microros_ws/firmware/dev_ws/install/ament_cppcheck:/home/neu/Desktop/microros_ws/firmware/dev_ws/install/ament_clang_tidy:/home/neu/Desktop/microros_ws/firmware/dev_ws/install/ament_clang_format /usr/bin/cmake --build /home/neu/Desktop/microros_ws/firmware/mcu_ws/build/rcutils -- -j20 -l20
[1.895s] Invoking command in '/home/neu/Desktop/microros_ws/firmware/mcu_ws/build/rcutils': CMAKE_PREFIX_PATH=${CMAKE_PREFIX_PATH}:/home/neu/Desktop/microros_ws/firmware/dev_ws/install/ament_uncrustify:/home/neu/Desktop/microros_ws/firmware/dev_ws/install/domain_coordinator:/home/neu/Desktop/microros_ws/firmware/dev_ws/install/ament_xmllint:/home/neu/Desktop/microros_ws/firmware/dev_ws/install/ament_pyflakes:/home/neu/Desktop/microros_ws/firmware/dev_ws/install/ament_pycodestyle:/home/neu/Desktop/microros_ws/firmware/dev_ws/install/ament_pep257:/home/neu/Desktop/microros_ws/firmware/dev_ws/install/ament_pclint:/home/neu/Desktop/microros_ws/firmware/dev_ws/install/ament_package:/home/neu/Desktop/microros_ws/firmware/dev_ws/install/ament_mypy:/home/neu/Desktop/microros_ws/firmware/dev_ws/install/ament_lint_cmake:/home/neu/Desktop/microros_ws/firmware/dev_ws/install/ament_flake8:/home/neu/Desktop/microros_ws/firmware/dev_ws/install/ament_copyright:/home/neu/Desktop/microros_ws/firmware/dev_ws/install/ament_lint:/home/neu/Desktop/microros_ws/firmware/dev_ws/install/ament_index_python:/home/neu/Desktop/microros_ws/firmware/dev_ws/install/ament_cpplint:/home/neu/Desktop/microros_ws/firmware/dev_ws/install/ament_cppcheck:/home/neu/Desktop/microros_ws/firmware/dev_ws/install/ament_clang_tidy:/home/neu/Desktop/microros_ws/firmware/dev_ws/install/ament_clang_format /usr/bin/cmake --install /home/neu/Desktop/microros_ws/firmware/mcu_ws/build/rcutils
[1.907s] -- Install configuration: "Debug"
[1.907s] -- Installing: /home/neu/Desktop/microros_ws/firmware/mcu_ws/install/rcutils/share/rcutils/environment/pythonpath.sh
[1.907s] -- Installing: /home/neu/Desktop/microros_ws/firmware/mcu_ws/install/rcutils/share/rcutils/environment/pythonpath.dsv
[1.907s] -- Installing: /home/neu/Desktop/microros_ws/firmware/mcu_ws/install/rcutils/lib/python3.8/site-packages/rcutils-5.1.3-py3.8.egg-info
[1.907s] -- Installing: /home/neu/Desktop/microros_ws/firmware/mcu_ws/install/rcutils/lib/python3.8/site-packages/rcutils-5.1.3-py3.8.egg-info/SOURCES.txt
[1.907s] -- Installing: /home/neu/Desktop/microros_ws/firmware/mcu_ws/install/rcutils/lib/python3.8/site-packages/rcutils-5.1.3-py3.8.egg-info/top_level.txt
[1.907s] -- Installing: /home/neu/Desktop/microros_ws/firmware/mcu_ws/install/rcutils/lib/python3.8/site-packages/rcutils-5.1.3-py3.8.egg-info/dependency_links.txt
[1.908s] -- Installing: /home/neu/Desktop/microros_ws/firmware/mcu_ws/install/rcutils/lib/python3.8/site-packages/rcutils-5.1.3-py3.8.egg-info/PKG-INFO
[1.908s] -- Installing: /home/neu/Desktop/microros_ws/firmware/mcu_ws/install/rcutils/lib/python3.8/site-packages/rcutils
[1.908s] -- Installing: /home/neu/Desktop/microros_ws/firmware/mcu_ws/install/rcutils/lib/python3.8/site-packages/rcutils/logging.py
[1.908s] -- Installing: /home/neu/Desktop/microros_ws/firmware/mcu_ws/install/rcutils/lib/python3.8/site-packages/rcutils/__init__.py
[1.952s] Listing '/home/neu/Desktop/microros_ws/firmware/mcu_ws/install/rcutils/lib/python3.8/site-packages/rcutils'...
[1.953s] Compiling '/home/neu/Desktop/microros_ws/firmware/mcu_ws/install/rcutils/lib/python3.8/site-packages/rcutils/__init__.py'...
[1.953s] Compiling '/home/neu/Desktop/microros_ws/firmware/mcu_ws/install/rcutils/lib/python3.8/site-packages/rcutils/logging.py'...
[1.955s] -- Installing: /home/neu/Desktop/microros_ws/firmware/mcu_ws/install/rcutils/lib/librcutils.a
[1.956s] -- Installing: /home/neu/Desktop/microros_ws/firmware/mcu_ws/install/rcutils/share/rcutils/environment/library_path.sh
[1.956s] -- Installing: /home/neu/Desktop/microros_ws/firmware/mcu_ws/install/rcutils/share/rcutils/environment/library_path.dsv
[1.956s] -- Installing: /home/neu/Desktop/microros_ws/firmware/mcu_ws/install/rcutils/share/ament_index/resource_index/package_run_dependencies/rcutils
[1.956s] -- Installing: /home/neu/Desktop/microros_ws/firmware/mcu_ws/install/rcutils/share/ament_index/resource_index/parent_prefix_path/rcutils
[1.956s] -- Installing: /home/neu/Desktop/microros_ws/firmware/mcu_ws/install/rcutils/share/rcutils/environment/ament_prefix_path.sh
[1.956s] -- Installing: /home/neu/Desktop/microros_ws/firmware/mcu_ws/install/rcutils/share/rcutils/environment/ament_prefix_path.dsv
[1.956s] -- Installing: /home/neu/Desktop/microros_ws/firmware/mcu_ws/install/rcutils/share/rcutils/environment/path.sh
[1.956s] -- Installing: /home/neu/Desktop/microros_ws/firmware/mcu_ws/install/rcutils/share/rcutils/environment/path.dsv
[1.956s] -- Installing: /home/neu/Desktop/microros_ws/firmware/mcu_ws/install/rcutils/share/rcutils/local_setup.bash
[1.956s] -- Installing: /home/neu/Desktop/microros_ws/firmware/mcu_ws/install/rcutils/share/rcutils/local_setup.sh
[1.957s] -- Installing: /home/neu/Desktop/microros_ws/firmware/mcu_ws/install/rcutils/share/rcutils/local_setup.zsh
[1.957s] -- Installing: /home/neu/Desktop/microros_ws/firmware/mcu_ws/install/rcutils/share/rcutils/local_setup.dsv
[1.957s] -- Installing: /home/neu/Desktop/microros_ws/firmware/mcu_ws/install/rcutils/share/rcutils/package.dsv
[1.957s] -- Installing: /home/neu/Desktop/microros_ws/firmware/mcu_ws/install/rcutils/share/ament_index/resource_index/packages/rcutils
[1.957s] -- Installing: /home/neu/Desktop/microros_ws/firmware/mcu_ws/install/rcutils/share/rcutils/cmake/rcutilsExport.cmake
[1.957s] -- Installing: /home/neu/Desktop/microros_ws/firmware/mcu_ws/install/rcutils/share/rcutils/cmake/rcutilsExport-debug.cmake
[1.957s] -- Installing: /home/neu/Desktop/microros_ws/firmware/mcu_ws/install/rcutils/share/rcutils/cmake/ament_cmake_export_include_directories-extras.cmake
[1.957s] -- Installing: /home/neu/Desktop/microros_ws/firmware/mcu_ws/install/rcutils/share/rcutils/cmake/ament_cmake_export_libraries-extras.cmake
[1.957s] -- Installing: /home/neu/Desktop/microros_ws/firmware/mcu_ws/install/rcutils/share/rcutils/cmake/ament_cmake_export_targets-extras.cmake
[1.957s] -- Installing: /home/neu/Desktop/microros_ws/firmware/mcu_ws/install/rcutils/share/rcutils/cmake/ament_cmake_export_dependencies-extras.cmake
[1.957s] -- Installing: /home/neu/Desktop/microros_ws/firmware/mcu_ws/install/rcutils/share/rcutils/cmake/rcutilsConfig.cmake
[1.958s] -- Installing: /home/neu/Desktop/microros_ws/firmware/mcu_ws/install/rcutils/share/rcutils/cmake/rcutilsConfig-version.cmake
[1.958s] -- Installing: /home/neu/Desktop/microros_ws/firmware/mcu_ws/install/rcutils/share/rcutils/package.xml
[1.958s] -- Installing: /home/neu/Desktop/microros_ws/firmware/mcu_ws/install/rcutils/include/rcutils
[1.958s] -- Installing: /home/neu/Desktop/microros_ws/firmware/mcu_ws/install/rcutils/include/rcutils/rcutils
[1.958s] -- Installing: /home/neu/Desktop/microros_ws/firmware/mcu_ws/install/rcutils/include/rcutils/rcutils/shared_library.h
[1.958s] -- Installing: /home/neu/Desktop/microros_ws/firmware/mcu_ws/install/rcutils/include/rcutils/rcutils/configuration_flags.h.in
[1.958s] -- Installing: /home/neu/Desktop/microros_ws/firmware/mcu_ws/install/rcutils/include/rcutils/rcutils/strcasecmp.h
[1.958s] -- Installing: /home/neu/Desktop/microros_ws/firmware/mcu_ws/install/rcutils/include/rcutils/rcutils/env.h
[1.958s] -- Installing: /home/neu/Desktop/microros_ws/firmware/mcu_ws/install/rcutils/include/rcutils/rcutils/allocator.h
[1.958s] -- Installing: /home/neu/Desktop/microros_ws/firmware/mcu_ws/install/rcutils/include/rcutils/rcutils/split.h
[1.958s] -- Installing: /home/neu/Desktop/microros_ws/firmware/mcu_ws/install/rcutils/include/rcutils/rcutils/qsort.h
[1.958s] -- Installing: /home/neu/Desktop/microros_ws/firmware/mcu_ws/install/rcutils/include/rcutils/rcutils/repl_str.h
[1.958s] -- Installing: /home/neu/Desktop/microros_ws/firmware/mcu_ws/install/rcutils/include/rcutils/rcutils/snprintf.h
[1.958s] -- Installing: /home/neu/Desktop/microros_ws/firmware/mcu_ws/install/rcutils/include/rcutils/rcutils/visibility_control.h
[1.959s] -- Installing: /home/neu/Desktop/microros_ws/firmware/mcu_ws/install/rcutils/include/rcutils/rcutils/find.h
[1.959s] -- Installing: /home/neu/Desktop/microros_ws/firmware/mcu_ws/install/rcutils/include/rcutils/rcutils/stdatomic_helper.h
[1.959s] -- Installing: /home/neu/Desktop/microros_ws/firmware/mcu_ws/install/rcutils/include/rcutils/rcutils/format_string.h
[1.959s] -- Installing: /home/neu/Desktop/microros_ws/firmware/mcu_ws/install/rcutils/include/rcutils/rcutils/stdatomic_helper
[1.959s] -- Installing: /home/neu/Desktop/microros_ws/firmware/mcu_ws/install/rcutils/include/rcutils/rcutils/stdatomic_helper/win32
[1.959s] -- Installing: /home/neu/Desktop/microros_ws/firmware/mcu_ws/install/rcutils/include/rcutils/rcutils/stdatomic_helper/win32/stdatomic.h
[1.959s] -- Installing: /home/neu/Desktop/microros_ws/firmware/mcu_ws/install/rcutils/include/rcutils/rcutils/stdatomic_helper/gcc
[1.959s] -- Installing: /home/neu/Desktop/microros_ws/firmware/mcu_ws/install/rcutils/include/rcutils/rcutils/stdatomic_helper/gcc/stdatomic.h
[1.959s] -- Installing: /home/neu/Desktop/microros_ws/firmware/mcu_ws/install/rcutils/include/rcutils/rcutils/macros.h
[1.959s] -- Installing: /home/neu/Desktop/microros_ws/firmware/mcu_ws/install/rcutils/include/rcutils/rcutils/strdup.h
[1.959s] -- Installing: /home/neu/Desktop/microros_ws/firmware/mcu_ws/install/rcutils/include/rcutils/rcutils/security_directory.h
[1.959s] -- Installing: /home/neu/Desktop/microros_ws/firmware/mcu_ws/install/rcutils/include/rcutils/rcutils/types
[1.959s] -- Installing: /home/neu/Desktop/microros_ws/firmware/mcu_ws/install/rcutils/include/rcutils/rcutils/types/hash_map.h
[1.959s] -- Installing: /home/neu/Desktop/microros_ws/firmware/mcu_ws/install/rcutils/include/rcutils/rcutils/types/string_map.h
[1.959s] -- Installing: /home/neu/Desktop/microros_ws/firmware/mcu_ws/install/rcutils/include/rcutils/rcutils/types/rcutils_ret.h
[1.959s] -- Installing: /home/neu/Desktop/microros_ws/firmware/mcu_ws/install/rcutils/include/rcutils/rcutils/types/char_array.h
[1.960s] -- Installing: /home/neu/Desktop/microros_ws/firmware/mcu_ws/install/rcutils/include/rcutils/rcutils/types/string_array.h
[1.960s] -- Installing: /home/neu/Desktop/microros_ws/firmware/mcu_ws/install/rcutils/include/rcutils/rcutils/types/uint8_array.h
[1.960s] -- Installing: /home/neu/Desktop/microros_ws/firmware/mcu_ws/install/rcutils/include/rcutils/rcutils/types/array_list.h
[1.960s] -- Installing: /home/neu/Desktop/microros_ws/firmware/mcu_ws/install/rcutils/include/rcutils/rcutils/process.h
[1.960s] -- Installing: /home/neu/Desktop/microros_ws/firmware/mcu_ws/install/rcutils/include/rcutils/rcutils/time.h
[1.960s] -- Installing: /home/neu/Desktop/microros_ws/firmware/mcu_ws/install/rcutils/include/rcutils/rcutils/strerror.h
[1.960s] -- Installing: /home/neu/Desktop/microros_ws/firmware/mcu_ws/install/rcutils/include/rcutils/rcutils/testing
[1.960s] -- Installing: /home/neu/Desktop/microros_ws/firmware/mcu_ws/install/rcutils/include/rcutils/rcutils/testing/fault_injection.h
[1.960s] -- Installing: /home/neu/Desktop/microros_ws/firmware/mcu_ws/install/rcutils/include/rcutils/rcutils/visibility_control_macros.h
[1.960s] -- Installing: /home/neu/Desktop/microros_ws/firmware/mcu_ws/install/rcutils/include/rcutils/rcutils/error_handling.h
[1.960s] -- Installing: /home/neu/Desktop/microros_ws/firmware/mcu_ws/install/rcutils/include/rcutils/rcutils/cmdline_parser.h
[1.960s] -- Installing: /home/neu/Desktop/microros_ws/firmware/mcu_ws/install/rcutils/include/rcutils/rcutils/types.h
[1.960s] -- Installing: /home/neu/Desktop/microros_ws/firmware/mcu_ws/install/rcutils/include/rcutils/rcutils/filesystem.h
[1.960s] -- Installing: /home/neu/Desktop/microros_ws/firmware/mcu_ws/install/rcutils/include/rcutils/rcutils/isalnum_no_locale.h
[1.960s] -- Installing: /home/neu/Desktop/microros_ws/firmware/mcu_ws/install/rcutils/include/rcutils/rcutils/logging.h
[1.960s] -- Installing: /home/neu/Desktop/microros_ws/firmware/mcu_ws/install/rcutils/include/rcutils/rcutils/get_env.h
[1.960s] -- Up-to-date: /home/neu/Desktop/microros_ws/firmware/mcu_ws/install/rcutils/include/rcutils
[1.961s] -- Up-to-date: /home/neu/Desktop/microros_ws/firmware/mcu_ws/install/rcutils/include/rcutils/rcutils
[1.961s] -- Installing: /home/neu/Desktop/microros_ws/firmware/mcu_ws/install/rcutils/include/rcutils/rcutils/configuration_flags.h
[1.961s] -- Installing: /home/neu/Desktop/microros_ws/firmware/mcu_ws/install/rcutils/include/rcutils/rcutils/logging_macros.h
[2.266s] Invoked command in '/home/neu/Desktop/microros_ws/firmware/mcu_ws/build/rcutils' returned '0': CMAKE_PREFIX_PATH=${CMAKE_PREFIX_PATH}:/home/neu/Desktop/microros_ws/firmware/dev_ws/install/ament_uncrustify:/home/neu/Desktop/microros_ws/firmware/dev_ws/install/domain_coordinator:/home/neu/Desktop/microros_ws/firmware/dev_ws/install/ament_xmllint:/home/neu/Desktop/microros_ws/firmware/dev_ws/install/ament_pyflakes:/home/neu/Desktop/microros_ws/firmware/dev_ws/install/ament_pycodestyle:/home/neu/Desktop/microros_ws/firmware/dev_ws/install/ament_pep257:/home/neu/Desktop/microros_ws/firmware/dev_ws/install/ament_pclint:/home/neu/Desktop/microros_ws/firmware/dev_ws/install/ament_package:/home/neu/Desktop/microros_ws/firmware/dev_ws/install/ament_mypy:/home/neu/Desktop/microros_ws/firmware/dev_ws/install/ament_lint_cmake:/home/neu/Desktop/microros_ws/firmware/dev_ws/install/ament_flake8:/home/neu/Desktop/microros_ws/firmware/dev_ws/install/ament_copyright:/home/neu/Desktop/microros_ws/firmware/dev_ws/install/ament_lint:/home/neu/Desktop/microros_ws/firmware/dev_ws/install/ament_index_python:/home/neu/Desktop/microros_ws/firmware/dev_ws/install/ament_cpplint:/home/neu/Desktop/microros_ws/firmware/dev_ws/install/ament_cppcheck:/home/neu/Desktop/microros_ws/firmware/dev_ws/install/ament_clang_tidy:/home/neu/Desktop/microros_ws/firmware/dev_ws/install/ament_clang_format /usr/bin/cmake --install /home/neu/Desktop/microros_ws/firmware/mcu_ws/build/rcutils
