[0.246s] Invoking command in '/home/neu/Desktop/microros_ws/firmware/mcu_ws/build/microcdr': /usr/bin/cmake /home/neu/Desktop/microros_ws/firmware/mcu_ws/eProsima/Micro-CDR --no-warn-unused-cli -DCMAKE_POSITION_INDEPENDENT_CODE=OFF -DTHIRDPARTY=ON -DBUILD_SHARED_LIBS=OFF -DBUILD_TESTING=OFF -DCMAKE_BUILD_TYPE=Debug -DCMAKE_TOOLCHAIN_FILE=/home/neu/Desktop/microros_ws/firmware/freertos_apps/microros_nucleo_f446ze_extensions/arm_toolchain.cmake -DCMAKE_VERBOSE_MAKEFILE=ON -DUCDR_ISOLATED_INSTALL=OFF -DCMAKE_INSTALL_PREFIX=/home/neu/Desktop/microros_ws/firmware/mcu_ws/install/microcdr
[0.754s] Not searching for unused variables given on the command line.
[0.754s] -- The C compiler identification is GNU 8.3.1
[0.754s] -- Check for working C compiler: /home/neu/Desktop/microros_ws/firmware/freertos_apps/microros_nucleo_f446ze_extensions/../../toolchain/bin/arm-none-eabi-gcc
[0.756s] -- Check for working C compiler: /home/neu/Desktop/microros_ws/firmware/freertos_apps/microros_nucleo_f446ze_extensions/../../toolchain/bin/arm-none-eabi-gcc -- works
[0.757s] -- Detecting C compiler ABI info
[0.757s] -- Detecting C compiler ABI info - done
[0.757s] -- Detecting C compile features
[0.758s] -- Detecting C compile features - done
[0.759s] -- The CXX compiler identification is GNU 8.3.1
[0.759s] -- Check for working CXX compiler: /home/neu/Desktop/microros_ws/firmware/freertos_apps/microros_nucleo_f446ze_extensions/../../toolchain/bin/arm-none-eabi-g++
[0.759s] -- Check for working CXX compiler: /home/neu/Desktop/microros_ws/firmware/freertos_apps/microros_nucleo_f446ze_extensions/../../toolchain/bin/arm-none-eabi-g++ -- works
[0.759s] -- Detecting CXX compiler ABI info
[0.759s] -- Detecting CXX compiler ABI info - done
[0.760s] -- Detecting CXX compile features
[0.760s] -- Detecting CXX compile features - done
[0.760s] -- Configuring done
[0.761s] -- Generating done
[0.763s] -- Build files have been written to: /home/neu/Desktop/microros_ws/firmware/mcu_ws/build/microcdr
[0.775s] Invoked command in '/home/neu/Desktop/microros_ws/firmware/mcu_ws/build/microcdr' returned '0': /usr/bin/cmake /home/neu/Desktop/microros_ws/firmware/mcu_ws/eProsima/Micro-CDR --no-warn-unused-cli -DCMAKE_POSITION_INDEPENDENT_CODE=OFF -DTHIRDPARTY=ON -DBUILD_SHARED_LIBS=OFF -DBUILD_TESTING=OFF -DCMAKE_BUILD_TYPE=Debug -DCMAKE_TOOLCHAIN_FILE=/home/neu/Desktop/microros_ws/firmware/freertos_apps/microros_nucleo_f446ze_extensions/arm_toolchain.cmake -DCMAKE_VERBOSE_MAKEFILE=ON -DUCDR_ISOLATED_INSTALL=OFF -DCMAKE_INSTALL_PREFIX=/home/neu/Desktop/microros_ws/firmware/mcu_ws/install/microcdr
[0.780s] Invoking command in '/home/neu/Desktop/microros_ws/firmware/mcu_ws/build/microcdr': /usr/bin/cmake --build /home/neu/Desktop/microros_ws/firmware/mcu_ws/build/microcdr -- -j20 -l20
[0.786s] make[1]: Entering directory '/home/neu/Desktop/microros_ws/firmware/mcu_ws/build/microcdr'
[0.786s] /usr/bin/cmake -S/home/neu/Desktop/microros_ws/firmware/mcu_ws/eProsima/Micro-CDR -B/home/neu/Desktop/microros_ws/firmware/mcu_ws/build/microcdr --check-build-system CMakeFiles/Makefile.cmake 0
[0.786s] /usr/bin/cmake -E cmake_progress_start /home/neu/Desktop/microros_ws/firmware/mcu_ws/build/microcdr/CMakeFiles /home/neu/Desktop/microros_ws/firmware/mcu_ws/build/microcdr/CMakeFiles/progress.marks
[0.787s] /usr/bin/make -f CMakeFiles/Makefile2 all
[0.787s] make[2]: Entering directory '/home/neu/Desktop/microros_ws/firmware/mcu_ws/build/microcdr'
[0.787s] /usr/bin/make -f CMakeFiles/ucdr.dir/build.make CMakeFiles/ucdr.dir/depend
[0.787s] make[3]: Entering directory '/home/neu/Desktop/microros_ws/firmware/mcu_ws/build/microcdr'
[0.787s] cd /home/neu/Desktop/microros_ws/firmware/mcu_ws/build/microcdr && /usr/bin/cmake -E cmake_depends "Unix Makefiles" /home/neu/Desktop/microros_ws/firmware/mcu_ws/eProsima/Micro-CDR /home/neu/Desktop/microros_ws/firmware/mcu_ws/eProsima/Micro-CDR /home/neu/Desktop/microros_ws/firmware/mcu_ws/build/microcdr /home/neu/Desktop/microros_ws/firmware/mcu_ws/build/microcdr /home/neu/Desktop/microros_ws/firmware/mcu_ws/build/microcdr/CMakeFiles/ucdr.dir/DependInfo.cmake --color=
[0.793s] Dependee "/home/neu/Desktop/microros_ws/firmware/mcu_ws/build/microcdr/CMakeFiles/ucdr.dir/DependInfo.cmake" is newer than depender "/home/neu/Desktop/microros_ws/firmware/mcu_ws/build/microcdr/CMakeFiles/ucdr.dir/depend.internal".
[0.794s] Dependee "/home/neu/Desktop/microros_ws/firmware/mcu_ws/build/microcdr/CMakeFiles/CMakeDirectoryInformation.cmake" is newer than depender "/home/neu/Desktop/microros_ws/firmware/mcu_ws/build/microcdr/CMakeFiles/ucdr.dir/depend.internal".
[0.794s] [35m[1mScanning dependencies of target ucdr[0m
[0.794s] make[3]: Leaving directory '/home/neu/Desktop/microros_ws/firmware/mcu_ws/build/microcdr'
[0.795s] /usr/bin/make -f CMakeFiles/ucdr.dir/build.make CMakeFiles/ucdr.dir/build
[0.795s] make[3]: Entering directory '/home/neu/Desktop/microros_ws/firmware/mcu_ws/build/microcdr'
[0.800s] [ 12%] [34m[1mCreating directories for 'ucdr'[0m
[0.800s] /usr/bin/cmake -E make_directory /home/neu/Desktop/microros_ws/firmware/mcu_ws/eProsima/Micro-CDR
[0.807s] /usr/bin/cmake -E make_directory /home/neu/Desktop/microros_ws/firmware/mcu_ws/build/microcdr
[0.815s] /usr/bin/cmake -E make_directory /home/neu/Desktop/microros_ws/firmware/mcu_ws/build/microcdr/ucdr-prefix
[0.826s] /usr/bin/cmake -E make_directory /home/neu/Desktop/microros_ws/firmware/mcu_ws/build/microcdr/ucdr-prefix/tmp
[0.835s] /usr/bin/cmake -E make_directory /home/neu/Desktop/microros_ws/firmware/mcu_ws/build/microcdr/ucdr-prefix/src/ucdr-stamp
[0.844s] /usr/bin/cmake -E make_directory /home/neu/Desktop/microros_ws/firmware/mcu_ws/build/microcdr/ucdr-prefix/src
[0.858s] /usr/bin/cmake -E make_directory /home/neu/Desktop/microros_ws/firmware/mcu_ws/build/microcdr/ucdr-prefix/src/ucdr-stamp
[0.866s] /usr/bin/cmake -E touch /home/neu/Desktop/microros_ws/firmware/mcu_ws/build/microcdr/ucdr-prefix/src/ucdr-stamp/ucdr-mkdir
[0.871s] [ 25%] [34m[1mNo download step for 'ucdr'[0m
[0.871s] /usr/bin/cmake -E echo_append
[0.878s] /usr/bin/cmake -E touch /home/neu/Desktop/microros_ws/firmware/mcu_ws/build/microcdr/ucdr-prefix/src/ucdr-stamp/ucdr-download
[0.893s] [ 37%] [34m[1mNo patch step for 'ucdr'[0m
[0.893s] /usr/bin/cmake -E echo_append
[0.897s] [ 50%] [34m[1mNo update step for 'ucdr'[0m
[0.898s] /usr/bin/cmake -E echo_append
[0.905s] /usr/bin/cmake -E touch /home/neu/Desktop/microros_ws/firmware/mcu_ws/build/microcdr/ucdr-prefix/src/ucdr-stamp/ucdr-patch
[0.906s] /usr/bin/cmake -E touch /home/neu/Desktop/microros_ws/firmware/mcu_ws/build/microcdr/ucdr-prefix/src/ucdr-stamp/ucdr-update
[0.924s] [ 62%] [34m[1mPerforming configure step for 'ucdr'[0m
[0.924s] /usr/bin/cmake "-GUnix Makefiles" -C/home/neu/Desktop/microros_ws/firmware/mcu_ws/build/microcdr/ucdr-prefix/tmp/ucdr-cache-Debug.cmake /home/neu/Desktop/microros_ws/firmware/mcu_ws/eProsima/Micro-CDR
[0.931s] loading initial cache file /home/neu/Desktop/microros_ws/firmware/mcu_ws/build/microcdr/ucdr-prefix/tmp/ucdr-cache-Debug.cmake
[0.931s] Re-run cmake no build system arguments
[0.938s] -- Configuring done
[0.943s] -- Generating done
[0.943s] -- Build files have been written to: /home/neu/Desktop/microros_ws/firmware/mcu_ws/build/microcdr
[0.943s] /usr/bin/cmake -E touch /home/neu/Desktop/microros_ws/firmware/mcu_ws/build/microcdr/ucdr-prefix/src/ucdr-stamp/ucdr-configure
[0.960s] [ 75%] [34m[1mPerforming build step for 'ucdr'[0m
[0.960s] /usr/bin/make
[0.960s] make[4]: Entering directory '/home/neu/Desktop/microros_ws/firmware/mcu_ws/build/microcdr'
[0.960s] /usr/bin/cmake -S/home/neu/Desktop/microros_ws/firmware/mcu_ws/eProsima/Micro-CDR -B/home/neu/Desktop/microros_ws/firmware/mcu_ws/build/microcdr --check-build-system CMakeFiles/Makefile.cmake 0
[0.972s] /usr/bin/cmake -E cmake_progress_start /home/neu/Desktop/microros_ws/firmware/mcu_ws/build/microcdr/CMakeFiles /home/neu/Desktop/microros_ws/firmware/mcu_ws/build/microcdr/CMakeFiles/progress.marks
[0.974s] /usr/bin/make -f CMakeFiles/Makefile2 all
[0.974s] make[5]: Entering directory '/home/neu/Desktop/microros_ws/firmware/mcu_ws/build/microcdr'
[0.975s] /usr/bin/make -f CMakeFiles/microcdr.dir/build.make CMakeFiles/microcdr.dir/depend
[0.979s] make[6]: Entering directory '/home/neu/Desktop/microros_ws/firmware/mcu_ws/build/microcdr'
[0.979s] cd /home/neu/Desktop/microros_ws/firmware/mcu_ws/build/microcdr && /usr/bin/cmake -E cmake_depends "Unix Makefiles" /home/neu/Desktop/microros_ws/firmware/mcu_ws/eProsima/Micro-CDR /home/neu/Desktop/microros_ws/firmware/mcu_ws/eProsima/Micro-CDR /home/neu/Desktop/microros_ws/firmware/mcu_ws/build/microcdr /home/neu/Desktop/microros_ws/firmware/mcu_ws/build/microcdr /home/neu/Desktop/microros_ws/firmware/mcu_ws/build/microcdr/CMakeFiles/microcdr.dir/DependInfo.cmake --color=
[0.981s] Dependee "/home/neu/Desktop/microros_ws/firmware/mcu_ws/build/microcdr/CMakeFiles/microcdr.dir/DependInfo.cmake" is newer than depender "/home/neu/Desktop/microros_ws/firmware/mcu_ws/build/microcdr/CMakeFiles/microcdr.dir/depend.internal".
[0.981s] Dependee "/home/neu/Desktop/microros_ws/firmware/mcu_ws/build/microcdr/CMakeFiles/CMakeDirectoryInformation.cmake" is newer than depender "/home/neu/Desktop/microros_ws/firmware/mcu_ws/build/microcdr/CMakeFiles/microcdr.dir/depend.internal".
[0.981s] [35m[1mScanning dependencies of target microcdr[0m
[0.983s] make[6]: Leaving directory '/home/neu/Desktop/microros_ws/firmware/mcu_ws/build/microcdr'
[0.983s] /usr/bin/make -f CMakeFiles/microcdr.dir/build.make CMakeFiles/microcdr.dir/build
[0.984s] make[6]: Entering directory '/home/neu/Desktop/microros_ws/firmware/mcu_ws/build/microcdr'
[0.990s] [ 16%] [32mBuilding C object CMakeFiles/microcdr.dir/src/c/common.c.obj[0m
[0.991s] /home/neu/Desktop/microros_ws/firmware/freertos_apps/microros_nucleo_f446ze_extensions/../../toolchain/bin/arm-none-eabi-gcc  -I/home/neu/Desktop/microros_ws/firmware/mcu_ws/eProsima/Micro-CDR/include -I/home/neu/Desktop/microros_ws/firmware/mcu_ws/build/microcdr/include  -std=c11 -mcpu=cortex-m4 -mthumb -mfpu=fpv4-sp-d16 -mfloat-abi=hard -DUSE_HAL_DRIVER -DSTM32F446xx -D_TIMEVAL_DEFINED -O0 -Wall -fdata-sections -ffunction-sections  -DCLOCK_MONOTONIC=0 -g -fPIC   -Wall -Wextra -Wshadow -pedantic -Wcast-align -Wunused -Wconversion -Wnull-dereference -Wduplicated-branches -Wduplicated-cond -Wrestrict -Wdouble-promotion -Wsign-conversion -fdata-sections -ffunction-sections -std=gnu99 -o CMakeFiles/microcdr.dir/src/c/common.c.obj   -c /home/neu/Desktop/microros_ws/firmware/mcu_ws/eProsima/Micro-CDR/src/c/common.c
[0.991s] [ 33%] [32mBuilding C object CMakeFiles/microcdr.dir/src/c/types/basic.c.obj[0m
[0.992s] [ 50%] [32mBuilding C object CMakeFiles/microcdr.dir/src/c/types/string.c.obj[0m
[0.992s] [ 66%] [32mBuilding C object CMakeFiles/microcdr.dir/src/c/types/array.c.obj[0m
[0.992s] [ 83%] [32mBuilding C object CMakeFiles/microcdr.dir/src/c/types/sequence.c.obj[0m
[0.992s] /home/neu/Desktop/microros_ws/firmware/freertos_apps/microros_nucleo_f446ze_extensions/../../toolchain/bin/arm-none-eabi-gcc  -I/home/neu/Desktop/microros_ws/firmware/mcu_ws/eProsima/Micro-CDR/include -I/home/neu/Desktop/microros_ws/firmware/mcu_ws/build/microcdr/include  -std=c11 -mcpu=cortex-m4 -mthumb -mfpu=fpv4-sp-d16 -mfloat-abi=hard -DUSE_HAL_DRIVER -DSTM32F446xx -D_TIMEVAL_DEFINED -O0 -Wall -fdata-sections -ffunction-sections  -DCLOCK_MONOTONIC=0 -g -fPIC   -Wall -Wextra -Wshadow -pedantic -Wcast-align -Wunused -Wconversion -Wnull-dereference -Wduplicated-branches -Wduplicated-cond -Wrestrict -Wdouble-promotion -Wsign-conversion -fdata-sections -ffunction-sections -std=gnu99 -o CMakeFiles/microcdr.dir/src/c/types/basic.c.obj   -c /home/neu/Desktop/microros_ws/firmware/mcu_ws/eProsima/Micro-CDR/src/c/types/basic.c
[0.993s] /home/neu/Desktop/microros_ws/firmware/freertos_apps/microros_nucleo_f446ze_extensions/../../toolchain/bin/arm-none-eabi-gcc  -I/home/neu/Desktop/microros_ws/firmware/mcu_ws/eProsima/Micro-CDR/include -I/home/neu/Desktop/microros_ws/firmware/mcu_ws/build/microcdr/include  -std=c11 -mcpu=cortex-m4 -mthumb -mfpu=fpv4-sp-d16 -mfloat-abi=hard -DUSE_HAL_DRIVER -DSTM32F446xx -D_TIMEVAL_DEFINED -O0 -Wall -fdata-sections -ffunction-sections  -DCLOCK_MONOTONIC=0 -g -fPIC   -Wall -Wextra -Wshadow -pedantic -Wcast-align -Wunused -Wconversion -Wnull-dereference -Wduplicated-branches -Wduplicated-cond -Wrestrict -Wdouble-promotion -Wsign-conversion -fdata-sections -ffunction-sections -std=gnu99 -o CMakeFiles/microcdr.dir/src/c/types/string.c.obj   -c /home/neu/Desktop/microros_ws/firmware/mcu_ws/eProsima/Micro-CDR/src/c/types/string.c
[0.993s] /home/neu/Desktop/microros_ws/firmware/freertos_apps/microros_nucleo_f446ze_extensions/../../toolchain/bin/arm-none-eabi-gcc  -I/home/neu/Desktop/microros_ws/firmware/mcu_ws/eProsima/Micro-CDR/include -I/home/neu/Desktop/microros_ws/firmware/mcu_ws/build/microcdr/include  -std=c11 -mcpu=cortex-m4 -mthumb -mfpu=fpv4-sp-d16 -mfloat-abi=hard -DUSE_HAL_DRIVER -DSTM32F446xx -D_TIMEVAL_DEFINED -O0 -Wall -fdata-sections -ffunction-sections  -DCLOCK_MONOTONIC=0 -g -fPIC   -Wall -Wextra -Wshadow -pedantic -Wcast-align -Wunused -Wconversion -Wnull-dereference -Wduplicated-branches -Wduplicated-cond -Wrestrict -Wdouble-promotion -Wsign-conversion -fdata-sections -ffunction-sections -std=gnu99 -o CMakeFiles/microcdr.dir/src/c/types/array.c.obj   -c /home/neu/Desktop/microros_ws/firmware/mcu_ws/eProsima/Micro-CDR/src/c/types/array.c
[0.993s] /home/neu/Desktop/microros_ws/firmware/freertos_apps/microros_nucleo_f446ze_extensions/../../toolchain/bin/arm-none-eabi-gcc  -I/home/neu/Desktop/microros_ws/firmware/mcu_ws/eProsima/Micro-CDR/include -I/home/neu/Desktop/microros_ws/firmware/mcu_ws/build/microcdr/include  -std=c11 -mcpu=cortex-m4 -mthumb -mfpu=fpv4-sp-d16 -mfloat-abi=hard -DUSE_HAL_DRIVER -DSTM32F446xx -D_TIMEVAL_DEFINED -O0 -Wall -fdata-sections -ffunction-sections  -DCLOCK_MONOTONIC=0 -g -fPIC   -Wall -Wextra -Wshadow -pedantic -Wcast-align -Wunused -Wconversion -Wnull-dereference -Wduplicated-branches -Wduplicated-cond -Wrestrict -Wdouble-promotion -Wsign-conversion -fdata-sections -ffunction-sections -std=gnu99 -o CMakeFiles/microcdr.dir/src/c/types/sequence.c.obj   -c /home/neu/Desktop/microros_ws/firmware/mcu_ws/eProsima/Micro-CDR/src/c/types/sequence.c
[1.453s] [100%] [32m[1mLinking C static library libmicrocdr.a[0m
[1.454s] /usr/bin/cmake -P CMakeFiles/microcdr.dir/cmake_clean_target.cmake
[1.462s] /usr/bin/cmake -E cmake_link_script CMakeFiles/microcdr.dir/link.txt --verbose=1
[1.468s] /home/neu/Desktop/microros_ws/firmware/toolchain/bin/arm-none-eabi-ar qc libmicrocdr.a  CMakeFiles/microcdr.dir/src/c/common.c.obj CMakeFiles/microcdr.dir/src/c/types/basic.c.obj CMakeFiles/microcdr.dir/src/c/types/string.c.obj CMakeFiles/microcdr.dir/src/c/types/array.c.obj CMakeFiles/microcdr.dir/src/c/types/sequence.c.obj
[1.470s] /home/neu/Desktop/microros_ws/firmware/toolchain/bin/arm-none-eabi-ranlib libmicrocdr.a
[1.473s] make[6]: Leaving directory '/home/neu/Desktop/microros_ws/firmware/mcu_ws/build/microcdr'
[1.488s] [100%] Built target microcdr
[1.488s] make[5]: Leaving directory '/home/neu/Desktop/microros_ws/firmware/mcu_ws/build/microcdr'
[1.488s] /usr/bin/cmake -E cmake_progress_start /home/neu/Desktop/microros_ws/firmware/mcu_ws/build/microcdr/CMakeFiles 0
[1.493s] make[4]: Leaving directory '/home/neu/Desktop/microros_ws/firmware/mcu_ws/build/microcdr'
[1.493s] /usr/bin/cmake -E touch /home/neu/Desktop/microros_ws/firmware/mcu_ws/build/microcdr/ucdr-prefix/src/ucdr-stamp/ucdr-build
[1.504s] [34m[1mNo install step for 'ucdr'[0m
[1.505s] /usr/bin/cmake -E echo_append
[1.510s] /usr/bin/cmake -E touch /home/neu/Desktop/microros_ws/firmware/mcu_ws/build/microcdr/ucdr-prefix/src/ucdr-stamp/ucdr-install
[1.520s] [34m[1mCompleted 'ucdr'[0m
[1.521s] /usr/bin/cmake -E make_directory /home/neu/Desktop/microros_ws/firmware/mcu_ws/build/microcdr/CMakeFiles
[1.527s] /usr/bin/cmake -E touch /home/neu/Desktop/microros_ws/firmware/mcu_ws/build/microcdr/CMakeFiles/ucdr-complete
[1.532s] /usr/bin/cmake -E touch /home/neu/Desktop/microros_ws/firmware/mcu_ws/build/microcdr/ucdr-prefix/src/ucdr-stamp/ucdr-done
[1.537s] make[3]: Leaving directory '/home/neu/Desktop/microros_ws/firmware/mcu_ws/build/microcdr'
[1.543s] Built target ucdr
[1.543s] make[2]: Leaving directory '/home/neu/Desktop/microros_ws/firmware/mcu_ws/build/microcdr'
[1.543s] /usr/bin/cmake -E cmake_progress_start /home/neu/Desktop/microros_ws/firmware/mcu_ws/build/microcdr/CMakeFiles 0
[1.549s] make[1]: Leaving directory '/home/neu/Desktop/microros_ws/firmware/mcu_ws/build/microcdr'
[1.552s] Invoked command in '/home/neu/Desktop/microros_ws/firmware/mcu_ws/build/microcdr' returned '0': /usr/bin/cmake --build /home/neu/Desktop/microros_ws/firmware/mcu_ws/build/microcdr -- -j20 -l20
[1.577s] Invoking command in '/home/neu/Desktop/microros_ws/firmware/mcu_ws/build/microcdr': /usr/bin/cmake --install /home/neu/Desktop/microros_ws/firmware/mcu_ws/build/microcdr
[1.582s] -- Install configuration: "Debug"
[1.583s] -- Installing: /home/neu/Desktop/microros_ws/firmware/mcu_ws/install/microcdr/lib/libmicrocdr.a
[1.583s] -- Installing: /home/neu/Desktop/microros_ws/firmware/mcu_ws/install/microcdr/include/ucdr
[1.583s] -- Installing: /home/neu/Desktop/microros_ws/firmware/mcu_ws/install/microcdr/include/ucdr/visibility.h
[1.583s] -- Installing: /home/neu/Desktop/microros_ws/firmware/mcu_ws/install/microcdr/include/ucdr/microcdr.h
[1.583s] -- Installing: /home/neu/Desktop/microros_ws/firmware/mcu_ws/install/microcdr/include/ucdr/config.h
[1.583s] -- Installing: /home/neu/Desktop/microros_ws/firmware/mcu_ws/install/microcdr/share/microcdr/cmake/microcdrTargets.cmake
[1.583s] -- Installing: /home/neu/Desktop/microros_ws/firmware/mcu_ws/install/microcdr/share/microcdr/cmake/microcdrTargets-debug.cmake
[1.583s] -- Installing: /home/neu/Desktop/microros_ws/firmware/mcu_ws/install/microcdr/share/microcdr/cmake/microcdrConfig.cmake
[1.583s] -- Installing: /home/neu/Desktop/microros_ws/firmware/mcu_ws/install/microcdr/share/microcdr/cmake/microcdrConfigVersion.cmake
[1.589s] Invoked command in '/home/neu/Desktop/microros_ws/firmware/mcu_ws/build/microcdr' returned '0': /usr/bin/cmake --install /home/neu/Desktop/microros_ws/firmware/mcu_ws/build/microcdr
