[0.246s] Invoking command in '/home/neu/Desktop/microros_ws/firmware/mcu_ws/build/microcdr': /usr/bin/cmake /home/neu/Desktop/microros_ws/firmware/mcu_ws/eProsima/Micro-CDR --no-warn-unused-cli -DCMAKE_POSITION_INDEPENDENT_CODE=OFF -DTHIRDPARTY=ON -DBUILD_SHARED_LIBS=OFF -DBUILD_TESTING=OFF -DCMAKE_BUILD_TYPE=Debug -DCMAKE_TOOLCHAIN_FILE=/home/neu/Desktop/microros_ws/firmware/freertos_apps/microros_nucleo_f446ze_extensions/arm_toolchain.cmake -DCMAKE_VERBOSE_MAKEFILE=ON -DUCDR_ISOLATED_INSTALL=OFF -DCMAKE_INSTALL_PREFIX=/home/neu/Desktop/microros_ws/firmware/mcu_ws/install/microcdr
[0.704s] Not searching for unused variables given on the command line.
[0.704s] -- The C compiler identification is GNU 8.3.1
[0.704s] -- Check for working C compiler: /home/neu/Desktop/microros_ws/firmware/freertos_apps/microros_nucleo_f446ze_extensions/../../toolchain/bin/arm-none-eabi-gcc
[0.705s] -- Check for working C compiler: /home/neu/Desktop/microros_ws/firmware/freertos_apps/microros_nucleo_f446ze_extensions/../../toolchain/bin/arm-none-eabi-gcc -- works
[0.706s] -- Detecting C compiler ABI info
[0.706s] -- Detecting C compiler ABI info - done
[0.706s] -- Detecting C compile features
[0.706s] -- Detecting C compile features - done
[0.706s] -- The CXX compiler identification is GNU 8.3.1
[0.706s] -- Check for working CXX compiler: /home/neu/Desktop/microros_ws/firmware/freertos_apps/microros_nucleo_f446ze_extensions/../../toolchain/bin/arm-none-eabi-g++
[0.706s] -- Check for working CXX compiler: /home/neu/Desktop/microros_ws/firmware/freertos_apps/microros_nucleo_f446ze_extensions/../../toolchain/bin/arm-none-eabi-g++ -- works
[0.706s] -- Detecting CXX compiler ABI info
[0.707s] -- Detecting CXX compiler ABI info - done
[0.707s] -- Detecting CXX compile features
[0.707s] -- Detecting CXX compile features - done
[0.707s] -- Configuring done
[0.707s] -- Generating done
[0.707s] -- Build files have been written to: /home/neu/Desktop/microros_ws/firmware/mcu_ws/build/microcdr
[0.713s] Invoked command in '/home/neu/Desktop/microros_ws/firmware/mcu_ws/build/microcdr' returned '0': /usr/bin/cmake /home/neu/Desktop/microros_ws/firmware/mcu_ws/eProsima/Micro-CDR --no-warn-unused-cli -DCMAKE_POSITION_INDEPENDENT_CODE=OFF -DTHIRDPARTY=ON -DBUILD_SHARED_LIBS=OFF -DBUILD_TESTING=OFF -DCMAKE_BUILD_TYPE=Debug -DCMAKE_TOOLCHAIN_FILE=/home/neu/Desktop/microros_ws/firmware/freertos_apps/microros_nucleo_f446ze_extensions/arm_toolchain.cmake -DCMAKE_VERBOSE_MAKEFILE=ON -DUCDR_ISOLATED_INSTALL=OFF -DCMAKE_INSTALL_PREFIX=/home/neu/Desktop/microros_ws/firmware/mcu_ws/install/microcdr
[0.714s] Invoking command in '/home/neu/Desktop/microros_ws/firmware/mcu_ws/build/microcdr': /usr/bin/cmake --build /home/neu/Desktop/microros_ws/firmware/mcu_ws/build/microcdr -- -j20 -l20
[0.717s] make[1]: Entering directory '/home/neu/Desktop/microros_ws/firmware/mcu_ws/build/microcdr'
[0.717s] /usr/bin/cmake -S/home/neu/Desktop/microros_ws/firmware/mcu_ws/eProsima/Micro-CDR -B/home/neu/Desktop/microros_ws/firmware/mcu_ws/build/microcdr --check-build-system CMakeFiles/Makefile.cmake 0
[0.723s] /usr/bin/cmake -E cmake_progress_start /home/neu/Desktop/microros_ws/firmware/mcu_ws/build/microcdr/CMakeFiles /home/neu/Desktop/microros_ws/firmware/mcu_ws/build/microcdr/CMakeFiles/progress.marks
[0.728s] /usr/bin/make -f CMakeFiles/Makefile2 all
[0.729s] make[2]: Entering directory '/home/neu/Desktop/microros_ws/firmware/mcu_ws/build/microcdr'
[0.729s] /usr/bin/make -f CMakeFiles/ucdr.dir/build.make CMakeFiles/ucdr.dir/depend
[0.729s] make[3]: Entering directory '/home/neu/Desktop/microros_ws/firmware/mcu_ws/build/microcdr'
[0.729s] cd /home/neu/Desktop/microros_ws/firmware/mcu_ws/build/microcdr && /usr/bin/cmake -E cmake_depends "Unix Makefiles" /home/neu/Desktop/microros_ws/firmware/mcu_ws/eProsima/Micro-CDR /home/neu/Desktop/microros_ws/firmware/mcu_ws/eProsima/Micro-CDR /home/neu/Desktop/microros_ws/firmware/mcu_ws/build/microcdr /home/neu/Desktop/microros_ws/firmware/mcu_ws/build/microcdr /home/neu/Desktop/microros_ws/firmware/mcu_ws/build/microcdr/CMakeFiles/ucdr.dir/DependInfo.cmake --color=
[0.734s] Dependee "/home/neu/Desktop/microros_ws/firmware/mcu_ws/build/microcdr/CMakeFiles/ucdr.dir/DependInfo.cmake" is newer than depender "/home/neu/Desktop/microros_ws/firmware/mcu_ws/build/microcdr/CMakeFiles/ucdr.dir/depend.internal".
[0.737s] Dependee "/home/neu/Desktop/microros_ws/firmware/mcu_ws/build/microcdr/CMakeFiles/CMakeDirectoryInformation.cmake" is newer than depender "/home/neu/Desktop/microros_ws/firmware/mcu_ws/build/microcdr/CMakeFiles/ucdr.dir/depend.internal".
[0.737s] [35m[1mScanning dependencies of target ucdr[0m
[0.737s] make[3]: Leaving directory '/home/neu/Desktop/microros_ws/firmware/mcu_ws/build/microcdr'
[0.737s] /usr/bin/make -f CMakeFiles/ucdr.dir/build.make CMakeFiles/ucdr.dir/build
[0.737s] make[3]: Entering directory '/home/neu/Desktop/microros_ws/firmware/mcu_ws/build/microcdr'
[0.741s] [ 12%] [34m[1mCreating directories for 'ucdr'[0m
[0.741s] /usr/bin/cmake -E make_directory /home/neu/Desktop/microros_ws/firmware/mcu_ws/eProsima/Micro-CDR
[0.746s] /usr/bin/cmake -E make_directory /home/neu/Desktop/microros_ws/firmware/mcu_ws/build/microcdr
[0.755s] /usr/bin/cmake -E make_directory /home/neu/Desktop/microros_ws/firmware/mcu_ws/build/microcdr/ucdr-prefix
[0.762s] /usr/bin/cmake -E make_directory /home/neu/Desktop/microros_ws/firmware/mcu_ws/build/microcdr/ucdr-prefix/tmp
[0.770s] /usr/bin/cmake -E make_directory /home/neu/Desktop/microros_ws/firmware/mcu_ws/build/microcdr/ucdr-prefix/src/ucdr-stamp
[0.773s] /usr/bin/cmake -E make_directory /home/neu/Desktop/microros_ws/firmware/mcu_ws/build/microcdr/ucdr-prefix/src
[0.779s] /usr/bin/cmake -E make_directory /home/neu/Desktop/microros_ws/firmware/mcu_ws/build/microcdr/ucdr-prefix/src/ucdr-stamp
[0.785s] /usr/bin/cmake -E touch /home/neu/Desktop/microros_ws/firmware/mcu_ws/build/microcdr/ucdr-prefix/src/ucdr-stamp/ucdr-mkdir
[0.794s] [ 25%] [34m[1mNo download step for 'ucdr'[0m
[0.795s] /usr/bin/cmake -E echo_append
[0.803s] /usr/bin/cmake -E touch /home/neu/Desktop/microros_ws/firmware/mcu_ws/build/microcdr/ucdr-prefix/src/ucdr-stamp/ucdr-download
[0.810s] [ 37%] [34m[1mNo patch step for 'ucdr'[0m
[0.811s] /usr/bin/cmake -E echo_append
[0.814s] [ 50%] [34m[1mNo update step for 'ucdr'[0m
[0.815s] /usr/bin/cmake -E echo_append
[0.821s] /usr/bin/cmake -E touch /home/neu/Desktop/microros_ws/firmware/mcu_ws/build/microcdr/ucdr-prefix/src/ucdr-stamp/ucdr-patch
[0.824s] /usr/bin/cmake -E touch /home/neu/Desktop/microros_ws/firmware/mcu_ws/build/microcdr/ucdr-prefix/src/ucdr-stamp/ucdr-update
[0.833s] [ 62%] [34m[1mPerforming configure step for 'ucdr'[0m
[0.834s] /usr/bin/cmake "-GUnix Makefiles" -C/home/neu/Desktop/microros_ws/firmware/mcu_ws/build/microcdr/ucdr-prefix/tmp/ucdr-cache-Debug.cmake /home/neu/Desktop/microros_ws/firmware/mcu_ws/eProsima/Micro-CDR
[0.839s] loading initial cache file /home/neu/Desktop/microros_ws/firmware/mcu_ws/build/microcdr/ucdr-prefix/tmp/ucdr-cache-Debug.cmake
[0.839s] Re-run cmake no build system arguments
[0.849s] -- Configuring done
[0.849s] -- Generating done
[0.849s] -- Build files have been written to: /home/neu/Desktop/microros_ws/firmware/mcu_ws/build/microcdr
[0.849s] /usr/bin/cmake -E touch /home/neu/Desktop/microros_ws/firmware/mcu_ws/build/microcdr/ucdr-prefix/src/ucdr-stamp/ucdr-configure
[0.859s] [ 75%] [34m[1mPerforming build step for 'ucdr'[0m
[0.860s] /usr/bin/make
[0.860s] make[4]: Entering directory '/home/neu/Desktop/microros_ws/firmware/mcu_ws/build/microcdr'
[0.860s] /usr/bin/cmake -S/home/neu/Desktop/microros_ws/firmware/mcu_ws/eProsima/Micro-CDR -B/home/neu/Desktop/microros_ws/firmware/mcu_ws/build/microcdr --check-build-system CMakeFiles/Makefile.cmake 0
[0.872s] /usr/bin/cmake -E cmake_progress_start /home/neu/Desktop/microros_ws/firmware/mcu_ws/build/microcdr/CMakeFiles /home/neu/Desktop/microros_ws/firmware/mcu_ws/build/microcdr/CMakeFiles/progress.marks
[0.872s] /usr/bin/make -f CMakeFiles/Makefile2 all
[0.872s] make[5]: Entering directory '/home/neu/Desktop/microros_ws/firmware/mcu_ws/build/microcdr'
[0.872s] /usr/bin/make -f CMakeFiles/microcdr.dir/build.make CMakeFiles/microcdr.dir/depend
[0.872s] make[6]: Entering directory '/home/neu/Desktop/microros_ws/firmware/mcu_ws/build/microcdr'
[0.872s] cd /home/neu/Desktop/microros_ws/firmware/mcu_ws/build/microcdr && /usr/bin/cmake -E cmake_depends "Unix Makefiles" /home/neu/Desktop/microros_ws/firmware/mcu_ws/eProsima/Micro-CDR /home/neu/Desktop/microros_ws/firmware/mcu_ws/eProsima/Micro-CDR /home/neu/Desktop/microros_ws/firmware/mcu_ws/build/microcdr /home/neu/Desktop/microros_ws/firmware/mcu_ws/build/microcdr /home/neu/Desktop/microros_ws/firmware/mcu_ws/build/microcdr/CMakeFiles/microcdr.dir/DependInfo.cmake --color=
[0.876s] Dependee "/home/neu/Desktop/microros_ws/firmware/mcu_ws/build/microcdr/CMakeFiles/microcdr.dir/DependInfo.cmake" is newer than depender "/home/neu/Desktop/microros_ws/firmware/mcu_ws/build/microcdr/CMakeFiles/microcdr.dir/depend.internal".
[0.877s] Dependee "/home/neu/Desktop/microros_ws/firmware/mcu_ws/build/microcdr/CMakeFiles/CMakeDirectoryInformation.cmake" is newer than depender "/home/neu/Desktop/microros_ws/firmware/mcu_ws/build/microcdr/CMakeFiles/microcdr.dir/depend.internal".
[0.877s] [35m[1mScanning dependencies of target microcdr[0m
[0.878s] make[6]: Leaving directory '/home/neu/Desktop/microros_ws/firmware/mcu_ws/build/microcdr'
[0.878s] /usr/bin/make -f CMakeFiles/microcdr.dir/build.make CMakeFiles/microcdr.dir/build
[0.882s] make[6]: Entering directory '/home/neu/Desktop/microros_ws/firmware/mcu_ws/build/microcdr'
[0.884s] [ 33%] [32mBuilding C object CMakeFiles/microcdr.dir/src/c/common.c.obj[0m
[0.884s] [ 33%] [32mBuilding C object CMakeFiles/microcdr.dir/src/c/types/basic.c.obj[0m
[0.884s] /home/neu/Desktop/microros_ws/firmware/freertos_apps/microros_nucleo_f446ze_extensions/../../toolchain/bin/arm-none-eabi-gcc  -I/home/neu/Desktop/microros_ws/firmware/mcu_ws/eProsima/Micro-CDR/include -I/home/neu/Desktop/microros_ws/firmware/mcu_ws/build/microcdr/include  -std=c11 -mcpu=cortex-m4 -mthumb -mfpu=fpv4-sp-d16 -mfloat-abi=hard -DUSE_HAL_DRIVER -DSTM32F446xx -D_TIMEVAL_DEFINED -O0 -Wall -fdata-sections -ffunction-sections  -DCLOCK_MONOTONIC=0 -g -fPIC   -Wall -Wextra -Wshadow -pedantic -Wcast-align -Wunused -Wconversion -Wnull-dereference -Wduplicated-branches -Wduplicated-cond -Wrestrict -Wdouble-promotion -Wsign-conversion -fdata-sections -ffunction-sections -std=gnu99 -o CMakeFiles/microcdr.dir/src/c/common.c.obj   -c /home/neu/Desktop/microros_ws/firmware/mcu_ws/eProsima/Micro-CDR/src/c/common.c
[0.885s] /home/neu/Desktop/microros_ws/firmware/freertos_apps/microros_nucleo_f446ze_extensions/../../toolchain/bin/arm-none-eabi-gcc  -I/home/neu/Desktop/microros_ws/firmware/mcu_ws/eProsima/Micro-CDR/include -I/home/neu/Desktop/microros_ws/firmware/mcu_ws/build/microcdr/include  -std=c11 -mcpu=cortex-m4 -mthumb -mfpu=fpv4-sp-d16 -mfloat-abi=hard -DUSE_HAL_DRIVER -DSTM32F446xx -D_TIMEVAL_DEFINED -O0 -Wall -fdata-sections -ffunction-sections  -DCLOCK_MONOTONIC=0 -g -fPIC   -Wall -Wextra -Wshadow -pedantic -Wcast-align -Wunused -Wconversion -Wnull-dereference -Wduplicated-branches -Wduplicated-cond -Wrestrict -Wdouble-promotion -Wsign-conversion -fdata-sections -ffunction-sections -std=gnu99 -o CMakeFiles/microcdr.dir/src/c/types/basic.c.obj   -c /home/neu/Desktop/microros_ws/firmware/mcu_ws/eProsima/Micro-CDR/src/c/types/basic.c
[0.886s] [ 50%] [32mBuilding C object CMakeFiles/microcdr.dir/src/c/types/string.c.obj[0m
[0.886s] [ 66%] [32mBuilding C object CMakeFiles/microcdr.dir/src/c/types/array.c.obj[0m
[0.886s] [ 83%] [32mBuilding C object CMakeFiles/microcdr.dir/src/c/types/sequence.c.obj[0m
[0.887s] /home/neu/Desktop/microros_ws/firmware/freertos_apps/microros_nucleo_f446ze_extensions/../../toolchain/bin/arm-none-eabi-gcc  -I/home/neu/Desktop/microros_ws/firmware/mcu_ws/eProsima/Micro-CDR/include -I/home/neu/Desktop/microros_ws/firmware/mcu_ws/build/microcdr/include  -std=c11 -mcpu=cortex-m4 -mthumb -mfpu=fpv4-sp-d16 -mfloat-abi=hard -DUSE_HAL_DRIVER -DSTM32F446xx -D_TIMEVAL_DEFINED -O0 -Wall -fdata-sections -ffunction-sections  -DCLOCK_MONOTONIC=0 -g -fPIC   -Wall -Wextra -Wshadow -pedantic -Wcast-align -Wunused -Wconversion -Wnull-dereference -Wduplicated-branches -Wduplicated-cond -Wrestrict -Wdouble-promotion -Wsign-conversion -fdata-sections -ffunction-sections -std=gnu99 -o CMakeFiles/microcdr.dir/src/c/types/string.c.obj   -c /home/neu/Desktop/microros_ws/firmware/mcu_ws/eProsima/Micro-CDR/src/c/types/string.c
[0.887s] /home/neu/Desktop/microros_ws/firmware/freertos_apps/microros_nucleo_f446ze_extensions/../../toolchain/bin/arm-none-eabi-gcc  -I/home/neu/Desktop/microros_ws/firmware/mcu_ws/eProsima/Micro-CDR/include -I/home/neu/Desktop/microros_ws/firmware/mcu_ws/build/microcdr/include  -std=c11 -mcpu=cortex-m4 -mthumb -mfpu=fpv4-sp-d16 -mfloat-abi=hard -DUSE_HAL_DRIVER -DSTM32F446xx -D_TIMEVAL_DEFINED -O0 -Wall -fdata-sections -ffunction-sections  -DCLOCK_MONOTONIC=0 -g -fPIC   -Wall -Wextra -Wshadow -pedantic -Wcast-align -Wunused -Wconversion -Wnull-dereference -Wduplicated-branches -Wduplicated-cond -Wrestrict -Wdouble-promotion -Wsign-conversion -fdata-sections -ffunction-sections -std=gnu99 -o CMakeFiles/microcdr.dir/src/c/types/array.c.obj   -c /home/neu/Desktop/microros_ws/firmware/mcu_ws/eProsima/Micro-CDR/src/c/types/array.c
[0.887s] /home/neu/Desktop/microros_ws/firmware/freertos_apps/microros_nucleo_f446ze_extensions/../../toolchain/bin/arm-none-eabi-gcc  -I/home/neu/Desktop/microros_ws/firmware/mcu_ws/eProsima/Micro-CDR/include -I/home/neu/Desktop/microros_ws/firmware/mcu_ws/build/microcdr/include  -std=c11 -mcpu=cortex-m4 -mthumb -mfpu=fpv4-sp-d16 -mfloat-abi=hard -DUSE_HAL_DRIVER -DSTM32F446xx -D_TIMEVAL_DEFINED -O0 -Wall -fdata-sections -ffunction-sections  -DCLOCK_MONOTONIC=0 -g -fPIC   -Wall -Wextra -Wshadow -pedantic -Wcast-align -Wunused -Wconversion -Wnull-dereference -Wduplicated-branches -Wduplicated-cond -Wrestrict -Wdouble-promotion -Wsign-conversion -fdata-sections -ffunction-sections -std=gnu99 -o CMakeFiles/microcdr.dir/src/c/types/sequence.c.obj   -c /home/neu/Desktop/microros_ws/firmware/mcu_ws/eProsima/Micro-CDR/src/c/types/sequence.c
[1.140s] [100%] [32m[1mLinking C static library libmicrocdr.a[0m
[1.140s] /usr/bin/cmake -P CMakeFiles/microcdr.dir/cmake_clean_target.cmake
[1.146s] /usr/bin/cmake -E cmake_link_script CMakeFiles/microcdr.dir/link.txt --verbose=1
[1.155s] /home/neu/Desktop/microros_ws/firmware/toolchain/bin/arm-none-eabi-ar qc libmicrocdr.a  CMakeFiles/microcdr.dir/src/c/common.c.obj CMakeFiles/microcdr.dir/src/c/types/basic.c.obj CMakeFiles/microcdr.dir/src/c/types/string.c.obj CMakeFiles/microcdr.dir/src/c/types/array.c.obj CMakeFiles/microcdr.dir/src/c/types/sequence.c.obj
[1.155s] /home/neu/Desktop/microros_ws/firmware/toolchain/bin/arm-none-eabi-ranlib libmicrocdr.a
[1.155s] make[6]: Leaving directory '/home/neu/Desktop/microros_ws/firmware/mcu_ws/build/microcdr'
[1.162s] [100%] Built target microcdr
[1.166s] make[5]: Leaving directory '/home/neu/Desktop/microros_ws/firmware/mcu_ws/build/microcdr'
[1.166s] /usr/bin/cmake -E cmake_progress_start /home/neu/Desktop/microros_ws/firmware/mcu_ws/build/microcdr/CMakeFiles 0
[1.170s] make[4]: Leaving directory '/home/neu/Desktop/microros_ws/firmware/mcu_ws/build/microcdr'
[1.170s] /usr/bin/cmake -E touch /home/neu/Desktop/microros_ws/firmware/mcu_ws/build/microcdr/ucdr-prefix/src/ucdr-stamp/ucdr-build
[1.181s] [34m[1mNo install step for 'ucdr'[0m
[1.182s] /usr/bin/cmake -E echo_append
[1.189s] /usr/bin/cmake -E touch /home/neu/Desktop/microros_ws/firmware/mcu_ws/build/microcdr/ucdr-prefix/src/ucdr-stamp/ucdr-install
[1.204s] [34m[1mCompleted 'ucdr'[0m
[1.205s] /usr/bin/cmake -E make_directory /home/neu/Desktop/microros_ws/firmware/mcu_ws/build/microcdr/CMakeFiles
[1.209s] /usr/bin/cmake -E touch /home/neu/Desktop/microros_ws/firmware/mcu_ws/build/microcdr/CMakeFiles/ucdr-complete
[1.217s] /usr/bin/cmake -E touch /home/neu/Desktop/microros_ws/firmware/mcu_ws/build/microcdr/ucdr-prefix/src/ucdr-stamp/ucdr-done
[1.224s] make[3]: Leaving directory '/home/neu/Desktop/microros_ws/firmware/mcu_ws/build/microcdr'
[1.231s] Built target ucdr
[1.232s] make[2]: Leaving directory '/home/neu/Desktop/microros_ws/firmware/mcu_ws/build/microcdr'
[1.232s] /usr/bin/cmake -E cmake_progress_start /home/neu/Desktop/microros_ws/firmware/mcu_ws/build/microcdr/CMakeFiles 0
[1.239s] make[1]: Leaving directory '/home/neu/Desktop/microros_ws/firmware/mcu_ws/build/microcdr'
[1.243s] Invoked command in '/home/neu/Desktop/microros_ws/firmware/mcu_ws/build/microcdr' returned '0': /usr/bin/cmake --build /home/neu/Desktop/microros_ws/firmware/mcu_ws/build/microcdr -- -j20 -l20
[1.276s] Invoking command in '/home/neu/Desktop/microros_ws/firmware/mcu_ws/build/microcdr': /usr/bin/cmake --install /home/neu/Desktop/microros_ws/firmware/mcu_ws/build/microcdr
[1.290s] -- Install configuration: "Debug"
[1.290s] -- Installing: /home/neu/Desktop/microros_ws/firmware/mcu_ws/install/microcdr/lib/libmicrocdr.a
[1.290s] -- Installing: /home/neu/Desktop/microros_ws/firmware/mcu_ws/install/microcdr/include/ucdr
[1.290s] -- Installing: /home/neu/Desktop/microros_ws/firmware/mcu_ws/install/microcdr/include/ucdr/visibility.h
[1.290s] -- Installing: /home/neu/Desktop/microros_ws/firmware/mcu_ws/install/microcdr/include/ucdr/microcdr.h
[1.290s] -- Installing: /home/neu/Desktop/microros_ws/firmware/mcu_ws/install/microcdr/include/ucdr/config.h
[1.290s] -- Installing: /home/neu/Desktop/microros_ws/firmware/mcu_ws/install/microcdr/share/microcdr/cmake/microcdrTargets.cmake
[1.290s] -- Installing: /home/neu/Desktop/microros_ws/firmware/mcu_ws/install/microcdr/share/microcdr/cmake/microcdrTargets-debug.cmake
[1.290s] -- Installing: /home/neu/Desktop/microros_ws/firmware/mcu_ws/install/microcdr/share/microcdr/cmake/microcdrConfig.cmake
[1.290s] -- Installing: /home/neu/Desktop/microros_ws/firmware/mcu_ws/install/microcdr/share/microcdr/cmake/microcdrConfigVersion.cmake
[1.314s] Invoked command in '/home/neu/Desktop/microros_ws/firmware/mcu_ws/build/microcdr' returned '0': /usr/bin/cmake --install /home/neu/Desktop/microros_ws/firmware/mcu_ws/build/microcdr
