Not searching for unused variables given on the command line.
-- The C compiler identification is GNU 8.3.1
-- The CXX compiler identification is GNU 8.3.1
-- Check for working C compiler: /home/neu/Desktop/microros_ws/firmware/freertos_apps/microros_nucleo_f446ze_extensions/../../toolchain/bin/arm-none-eabi-gcc
-- Check for working C compiler: /home/neu/Desktop/microros_ws/firmware/freertos_apps/microros_nucleo_f446ze_extensions/../../toolchain/bin/arm-none-eabi-gcc -- works
-- Detecting C compiler ABI info
-- Detecting C compiler ABI info - done
-- Detecting C compile features
-- Detecting C compile features - done
-- Check for working CXX compiler: /home/neu/Desktop/microros_ws/firmware/freertos_apps/microros_nucleo_f446ze_extensions/../../toolchain/bin/arm-none-eabi-g++
-- Check for working CXX compiler: /home/neu/Desktop/microros_ws/firmware/freertos_apps/microros_nucleo_f446ze_extensions/../../toolchain/bin/arm-none-eabi-g++ -- works
-- Detecting CXX compiler ABI info
-- Detecting CXX compiler ABI info - done
-- Detecting CXX compile features
-- Detecting CXX compile features - done
-- Found ament_cmake_ros: 0.10.0 (/home/neu/Desktop/microros_ws/firmware/dev_ws/install/ament_cmake_ros/share/ament_cmake_ros/cmake)
-- Found Python3: /usr/bin/python3.8 (found version "3.8.10") found components: Interpreter 
-- Found rcutils: 5.1.3 (/home/neu/Desktop/microros_ws/firmware/mcu_ws/install/rcutils/share/rcutils/cmake)
-- Found rosidl_runtime_c: 3.1.5 (/home/neu/Desktop/microros_ws/firmware/mcu_ws/install/rosidl_runtime_c/share/rosidl_runtime_c/cmake)
-- Configuring done
-- Generating done
-- Build files have been written to: /home/neu/Desktop/microros_ws/firmware/mcu_ws/build/rmw
make[1]: Entering directory '/home/neu/Desktop/microros_ws/firmware/mcu_ws/build/rmw'
/usr/bin/cmake -S/home/neu/Desktop/microros_ws/firmware/mcu_ws/ros2/rmw/rmw -B/home/neu/Desktop/microros_ws/firmware/mcu_ws/build/rmw --check-build-system CMakeFiles/Makefile.cmake 0
/usr/bin/cmake -E cmake_progress_start /home/neu/Desktop/microros_ws/firmware/mcu_ws/build/rmw/CMakeFiles /home/neu/Desktop/microros_ws/firmware/mcu_ws/build/rmw/CMakeFiles/progress.marks
/usr/bin/make -f CMakeFiles/Makefile2 all
make[2]: Entering directory '/home/neu/Desktop/microros_ws/firmware/mcu_ws/build/rmw'
/usr/bin/make -f CMakeFiles/rmw.dir/build.make CMakeFiles/rmw.dir/depend
make[3]: Entering directory '/home/neu/Desktop/microros_ws/firmware/mcu_ws/build/rmw'
cd /home/neu/Desktop/microros_ws/firmware/mcu_ws/build/rmw && /usr/bin/cmake -E cmake_depends "Unix Makefiles" /home/neu/Desktop/microros_ws/firmware/mcu_ws/ros2/rmw/rmw /home/neu/Desktop/microros_ws/firmware/mcu_ws/ros2/rmw/rmw /home/neu/Desktop/microros_ws/firmware/mcu_ws/build/rmw /home/neu/Desktop/microros_ws/firmware/mcu_ws/build/rmw /home/neu/Desktop/microros_ws/firmware/mcu_ws/build/rmw/CMakeFiles/rmw.dir/DependInfo.cmake --color=
Dependee "/home/neu/Desktop/microros_ws/firmware/mcu_ws/build/rmw/CMakeFiles/rmw.dir/DependInfo.cmake" is newer than depender "/home/neu/Desktop/microros_ws/firmware/mcu_ws/build/rmw/CMakeFiles/rmw.dir/depend.internal".
Dependee "/home/neu/Desktop/microros_ws/firmware/mcu_ws/build/rmw/CMakeFiles/CMakeDirectoryInformation.cmake" is newer than depender "/home/neu/Desktop/microros_ws/firmware/mcu_ws/build/rmw/CMakeFiles/rmw.dir/depend.internal".
[35m[1mScanning dependencies of target rmw[0m
make[3]: Leaving directory '/home/neu/Desktop/microros_ws/firmware/mcu_ws/build/rmw'
/usr/bin/make -f CMakeFiles/rmw.dir/build.make CMakeFiles/rmw.dir/build
make[3]: Entering directory '/home/neu/Desktop/microros_ws/firmware/mcu_ws/build/rmw'
[ 17%] [32mBuilding C object CMakeFiles/rmw.dir/src/init.c.obj[0m
[ 17%] [32mBuilding C object CMakeFiles/rmw.dir/src/network_flow_endpoint_array.c.obj[0m
[ 17%] [32mBuilding C object CMakeFiles/rmw.dir/src/allocators.c.obj[0m
[ 17%] [32mBuilding C object CMakeFiles/rmw.dir/src/convert_rcutils_ret_to_rmw_ret.c.obj[0m
[ 21%] [32mBuilding C object CMakeFiles/rmw.dir/src/init_options.c.obj[0m
[ 30%] [32mBuilding C object CMakeFiles/rmw.dir/src/publisher_options.c.obj[0m
[ 30%] [32mBuilding C object CMakeFiles/rmw.dir/src/network_flow_endpoint.c.obj[0m
[ 39%] [32mBuilding C object CMakeFiles/rmw.dir/src/event.c.obj[0m
[ 39%] [32mBuilding C object CMakeFiles/rmw.dir/src/message_sequence.c.obj[0m
/home/neu/Desktop/microros_ws/firmware/freertos_apps/microros_nucleo_f446ze_extensions/../../toolchain/bin/arm-none-eabi-gcc -DROS_PACKAGE_NAME=\"rmw\" -I/home/neu/Desktop/microros_ws/firmware/mcu_ws/ros2/rmw/rmw/include -isystem /home/neu/Desktop/microros_ws/firmware/mcu_ws/install/rosidl_runtime_c/include/rosidl_runtime_c -isystem /home/neu/Desktop/microros_ws/firmware/mcu_ws/install/rcutils/include/rcutils -isystem /home/neu/Desktop/microros_ws/firmware/mcu_ws/install/rosidl_typesupport_interface/include/rosidl_typesupport_interface  -std=c11 -mcpu=cortex-m4 -mthumb -mfpu=fpv4-sp-d16 -mfloat-abi=hard -DUSE_HAL_DRIVER -DSTM32F446xx -D_TIMEVAL_DEFINED -O0 -Wall -fdata-sections -ffunction-sections  -DCLOCK_MONOTONIC=0 -g   -fvisibility=hidden -Wall -Wextra -Wpedantic -std=gnu99 -o CMakeFiles/rmw.dir/src/allocators.c.obj   -c /home/neu/Desktop/microros_ws/firmware/mcu_ws/ros2/rmw/rmw/src/allocators.c
/home/neu/Desktop/microros_ws/firmware/freertos_apps/microros_nucleo_f446ze_extensions/../../toolchain/bin/arm-none-eabi-gcc -DROS_PACKAGE_NAME=\"rmw\" -I/home/neu/Desktop/microros_ws/firmware/mcu_ws/ros2/rmw/rmw/include -isystem /home/neu/Desktop/microros_ws/firmware/mcu_ws/install/rosidl_runtime_c/include/rosidl_runtime_c -isystem /home/neu/Desktop/microros_ws/firmware/mcu_ws/install/rcutils/include/rcutils -isystem /home/neu/Desktop/microros_ws/firmware/mcu_ws/install/rosidl_typesupport_interface/include/rosidl_typesupport_interface  -std=c11 -mcpu=cortex-m4 -mthumb -mfpu=fpv4-sp-d16 -mfloat-abi=hard -DUSE_HAL_DRIVER -DSTM32F446xx -D_TIMEVAL_DEFINED -O0 -Wall -fdata-sections -ffunction-sections  -DCLOCK_MONOTONIC=0 -g   -fvisibility=hidden -Wall -Wextra -Wpedantic -std=gnu99 -o CMakeFiles/rmw.dir/src/convert_rcutils_ret_to_rmw_ret.c.obj   -c /home/neu/Desktop/microros_ws/firmware/mcu_ws/ros2/rmw/rmw/src/convert_rcutils_ret_to_rmw_ret.c
/home/neu/Desktop/microros_ws/firmware/freertos_apps/microros_nucleo_f446ze_extensions/../../toolchain/bin/arm-none-eabi-gcc -DROS_PACKAGE_NAME=\"rmw\" -I/home/neu/Desktop/microros_ws/firmware/mcu_ws/ros2/rmw/rmw/include -isystem /home/neu/Desktop/microros_ws/firmware/mcu_ws/install/rosidl_runtime_c/include/rosidl_runtime_c -isystem /home/neu/Desktop/microros_ws/firmware/mcu_ws/install/rcutils/include/rcutils -isystem /home/neu/Desktop/microros_ws/firmware/mcu_ws/install/rosidl_typesupport_interface/include/rosidl_typesupport_interface  -std=c11 -mcpu=cortex-m4 -mthumb -mfpu=fpv4-sp-d16 -mfloat-abi=hard -DUSE_HAL_DRIVER -DSTM32F446xx -D_TIMEVAL_DEFINED -O0 -Wall -fdata-sections -ffunction-sections  -DCLOCK_MONOTONIC=0 -g   -fvisibility=hidden -Wall -Wextra -Wpedantic -std=gnu99 -o CMakeFiles/rmw.dir/src/event.c.obj   -c /home/neu/Desktop/microros_ws/firmware/mcu_ws/ros2/rmw/rmw/src/event.c
[ 47%] [32mBuilding C object CMakeFiles/rmw.dir/src/qos_string_conversions.c.obj[0m
[ 47%] [32mBuilding C object CMakeFiles/rmw.dir/src/subscription_content_filter_options.c.obj[0m
/home/neu/Desktop/microros_ws/firmware/freertos_apps/microros_nucleo_f446ze_extensions/../../toolchain/bin/arm-none-eabi-gcc -DROS_PACKAGE_NAME=\"rmw\" -I/home/neu/Desktop/microros_ws/firmware/mcu_ws/ros2/rmw/rmw/include -isystem /home/neu/Desktop/microros_ws/firmware/mcu_ws/install/rosidl_runtime_c/include/rosidl_runtime_c -isystem /home/neu/Desktop/microros_ws/firmware/mcu_ws/install/rcutils/include/rcutils -isystem /home/neu/Desktop/microros_ws/firmware/mcu_ws/install/rosidl_typesupport_interface/include/rosidl_typesupport_interface  -std=c11 -mcpu=cortex-m4 -mthumb -mfpu=fpv4-sp-d16 -mfloat-abi=hard -DUSE_HAL_DRIVER -DSTM32F446xx -D_TIMEVAL_DEFINED -O0 -Wall -fdata-sections -ffunction-sections  -DCLOCK_MONOTONIC=0 -g   -fvisibility=hidden -Wall -Wextra -Wpedantic -std=gnu99 -o CMakeFiles/rmw.dir/src/init.c.obj   -c /home/neu/Desktop/microros_ws/firmware/mcu_ws/ros2/rmw/rmw/src/init.c
/home/neu/Desktop/microros_ws/firmware/freertos_apps/microros_nucleo_f446ze_extensions/../../toolchain/bin/arm-none-eabi-gcc -DROS_PACKAGE_NAME=\"rmw\" -I/home/neu/Desktop/microros_ws/firmware/mcu_ws/ros2/rmw/rmw/include -isystem /home/neu/Desktop/microros_ws/firmware/mcu_ws/install/rosidl_runtime_c/include/rosidl_runtime_c -isystem /home/neu/Desktop/microros_ws/firmware/mcu_ws/install/rcutils/include/rcutils -isystem /home/neu/Desktop/microros_ws/firmware/mcu_ws/install/rosidl_typesupport_interface/include/rosidl_typesupport_interface  -std=c11 -mcpu=cortex-m4 -mthumb -mfpu=fpv4-sp-d16 -mfloat-abi=hard -DUSE_HAL_DRIVER -DSTM32F446xx -D_TIMEVAL_DEFINED -O0 -Wall -fdata-sections -ffunction-sections  -DCLOCK_MONOTONIC=0 -g   -fvisibility=hidden -Wall -Wextra -Wpedantic -std=gnu99 -o CMakeFiles/rmw.dir/src/init_options.c.obj   -c /home/neu/Desktop/microros_ws/firmware/mcu_ws/ros2/rmw/rmw/src/init_options.c
[ 52%] [32mBuilding C object CMakeFiles/rmw.dir/src/security_options.c.obj[0m
/home/neu/Desktop/microros_ws/firmware/freertos_apps/microros_nucleo_f446ze_extensions/../../toolchain/bin/arm-none-eabi-gcc -DROS_PACKAGE_NAME=\"rmw\" -I/home/neu/Desktop/microros_ws/firmware/mcu_ws/ros2/rmw/rmw/include -isystem /home/neu/Desktop/microros_ws/firmware/mcu_ws/install/rosidl_runtime_c/include/rosidl_runtime_c -isystem /home/neu/Desktop/microros_ws/firmware/mcu_ws/install/rcutils/include/rcutils -isystem /home/neu/Desktop/microros_ws/firmware/mcu_ws/install/rosidl_typesupport_interface/include/rosidl_typesupport_interface  -std=c11 -mcpu=cortex-m4 -mthumb -mfpu=fpv4-sp-d16 -mfloat-abi=hard -DUSE_HAL_DRIVER -DSTM32F446xx -D_TIMEVAL_DEFINED -O0 -Wall -fdata-sections -ffunction-sections  -DCLOCK_MONOTONIC=0 -g   -fvisibility=hidden -Wall -Wextra -Wpedantic -std=gnu99 -o CMakeFiles/rmw.dir/src/message_sequence.c.obj   -c /home/neu/Desktop/microros_ws/firmware/mcu_ws/ros2/rmw/rmw/src/message_sequence.c
/home/neu/Desktop/microros_ws/firmware/freertos_apps/microros_nucleo_f446ze_extensions/../../toolchain/bin/arm-none-eabi-gcc -DROS_PACKAGE_NAME=\"rmw\" -I/home/neu/Desktop/microros_ws/firmware/mcu_ws/ros2/rmw/rmw/include -isystem /home/neu/Desktop/microros_ws/firmware/mcu_ws/install/rosidl_runtime_c/include/rosidl_runtime_c -isystem /home/neu/Desktop/microros_ws/firmware/mcu_ws/install/rcutils/include/rcutils -isystem /home/neu/Desktop/microros_ws/firmware/mcu_ws/install/rosidl_typesupport_interface/include/rosidl_typesupport_interface  -std=c11 -mcpu=cortex-m4 -mthumb -mfpu=fpv4-sp-d16 -mfloat-abi=hard -DUSE_HAL_DRIVER -DSTM32F446xx -D_TIMEVAL_DEFINED -O0 -Wall -fdata-sections -ffunction-sections  -DCLOCK_MONOTONIC=0 -g   -fvisibility=hidden -Wall -Wextra -Wpedantic -std=gnu99 -o CMakeFiles/rmw.dir/src/network_flow_endpoint_array.c.obj   -c /home/neu/Desktop/microros_ws/firmware/mcu_ws/ros2/rmw/rmw/src/network_flow_endpoint_array.c
/home/neu/Desktop/microros_ws/firmware/freertos_apps/microros_nucleo_f446ze_extensions/../../toolchain/bin/arm-none-eabi-gcc -DROS_PACKAGE_NAME=\"rmw\" -I/home/neu/Desktop/microros_ws/firmware/mcu_ws/ros2/rmw/rmw/include -isystem /home/neu/Desktop/microros_ws/firmware/mcu_ws/install/rosidl_runtime_c/include/rosidl_runtime_c -isystem /home/neu/Desktop/microros_ws/firmware/mcu_ws/install/rcutils/include/rcutils -isystem /home/neu/Desktop/microros_ws/firmware/mcu_ws/install/rosidl_typesupport_interface/include/rosidl_typesupport_interface  -std=c11 -mcpu=cortex-m4 -mthumb -mfpu=fpv4-sp-d16 -mfloat-abi=hard -DUSE_HAL_DRIVER -DSTM32F446xx -D_TIMEVAL_DEFINED -O0 -Wall -fdata-sections -ffunction-sections  -DCLOCK_MONOTONIC=0 -g   -fvisibility=hidden -Wall -Wextra -Wpedantic -std=gnu99 -o CMakeFiles/rmw.dir/src/network_flow_endpoint.c.obj   -c /home/neu/Desktop/microros_ws/firmware/mcu_ws/ros2/rmw/rmw/src/network_flow_endpoint.c
[ 56%] [32mBuilding C object CMakeFiles/rmw.dir/src/names_and_types.c.obj[0m
/home/neu/Desktop/microros_ws/firmware/freertos_apps/microros_nucleo_f446ze_extensions/../../toolchain/bin/arm-none-eabi-gcc -DROS_PACKAGE_NAME=\"rmw\" -I/home/neu/Desktop/microros_ws/firmware/mcu_ws/ros2/rmw/rmw/include -isystem /home/neu/Desktop/microros_ws/firmware/mcu_ws/install/rosidl_runtime_c/include/rosidl_runtime_c -isystem /home/neu/Desktop/microros_ws/firmware/mcu_ws/install/rcutils/include/rcutils -isystem /home/neu/Desktop/microros_ws/firmware/mcu_ws/install/rosidl_typesupport_interface/include/rosidl_typesupport_interface  -std=c11 -mcpu=cortex-m4 -mthumb -mfpu=fpv4-sp-d16 -mfloat-abi=hard -DUSE_HAL_DRIVER -DSTM32F446xx -D_TIMEVAL_DEFINED -O0 -Wall -fdata-sections -ffunction-sections  -DCLOCK_MONOTONIC=0 -g   -fvisibility=hidden -Wall -Wextra -Wpedantic -std=gnu99 -o CMakeFiles/rmw.dir/src/publisher_options.c.obj   -c /home/neu/Desktop/microros_ws/firmware/mcu_ws/ros2/rmw/rmw/src/publisher_options.c
/home/neu/Desktop/microros_ws/firmware/freertos_apps/microros_nucleo_f446ze_extensions/../../toolchain/bin/arm-none-eabi-gcc -DROS_PACKAGE_NAME=\"rmw\" -I/home/neu/Desktop/microros_ws/firmware/mcu_ws/ros2/rmw/rmw/include -isystem /home/neu/Desktop/microros_ws/firmware/mcu_ws/install/rosidl_runtime_c/include/rosidl_runtime_c -isystem /home/neu/Desktop/microros_ws/firmware/mcu_ws/install/rcutils/include/rcutils -isystem /home/neu/Desktop/microros_ws/firmware/mcu_ws/install/rosidl_typesupport_interface/include/rosidl_typesupport_interface  -std=c11 -mcpu=cortex-m4 -mthumb -mfpu=fpv4-sp-d16 -mfloat-abi=hard -DUSE_HAL_DRIVER -DSTM32F446xx -D_TIMEVAL_DEFINED -O0 -Wall -fdata-sections -ffunction-sections  -DCLOCK_MONOTONIC=0 -g   -fvisibility=hidden -Wall -Wextra -Wpedantic -std=gnu99 -o CMakeFiles/rmw.dir/src/security_options.c.obj   -c /home/neu/Desktop/microros_ws/firmware/mcu_ws/ros2/rmw/rmw/src/security_options.c
/home/neu/Desktop/microros_ws/firmware/freertos_apps/microros_nucleo_f446ze_extensions/../../toolchain/bin/arm-none-eabi-gcc -DROS_PACKAGE_NAME=\"rmw\" -I/home/neu/Desktop/microros_ws/firmware/mcu_ws/ros2/rmw/rmw/include -isystem /home/neu/Desktop/microros_ws/firmware/mcu_ws/install/rosidl_runtime_c/include/rosidl_runtime_c -isystem /home/neu/Desktop/microros_ws/firmware/mcu_ws/install/rcutils/include/rcutils -isystem /home/neu/Desktop/microros_ws/firmware/mcu_ws/install/rosidl_typesupport_interface/include/rosidl_typesupport_interface  -std=c11 -mcpu=cortex-m4 -mthumb -mfpu=fpv4-sp-d16 -mfloat-abi=hard -DUSE_HAL_DRIVER -DSTM32F446xx -D_TIMEVAL_DEFINED -O0 -Wall -fdata-sections -ffunction-sections  -DCLOCK_MONOTONIC=0 -g   -fvisibility=hidden -Wall -Wextra -Wpedantic -std=gnu99 -o CMakeFiles/rmw.dir/src/qos_string_conversions.c.obj   -c /home/neu/Desktop/microros_ws/firmware/mcu_ws/ros2/rmw/rmw/src/qos_string_conversions.c
/home/neu/Desktop/microros_ws/firmware/freertos_apps/microros_nucleo_f446ze_extensions/../../toolchain/bin/arm-none-eabi-gcc -DROS_PACKAGE_NAME=\"rmw\" -I/home/neu/Desktop/microros_ws/firmware/mcu_ws/ros2/rmw/rmw/include -isystem /home/neu/Desktop/microros_ws/firmware/mcu_ws/install/rosidl_runtime_c/include/rosidl_runtime_c -isystem /home/neu/Desktop/microros_ws/firmware/mcu_ws/install/rcutils/include/rcutils -isystem /home/neu/Desktop/microros_ws/firmware/mcu_ws/install/rosidl_typesupport_interface/include/rosidl_typesupport_interface  -std=c11 -mcpu=cortex-m4 -mthumb -mfpu=fpv4-sp-d16 -mfloat-abi=hard -DUSE_HAL_DRIVER -DSTM32F446xx -D_TIMEVAL_DEFINED -O0 -Wall -fdata-sections -ffunction-sections  -DCLOCK_MONOTONIC=0 -g   -fvisibility=hidden -Wall -Wextra -Wpedantic -std=gnu99 -o CMakeFiles/rmw.dir/src/names_and_types.c.obj   -c /home/neu/Desktop/microros_ws/firmware/mcu_ws/ros2/rmw/rmw/src/names_and_types.c
/home/neu/Desktop/microros_ws/firmware/freertos_apps/microros_nucleo_f446ze_extensions/../../toolchain/bin/arm-none-eabi-gcc -DROS_PACKAGE_NAME=\"rmw\" -I/home/neu/Desktop/microros_ws/firmware/mcu_ws/ros2/rmw/rmw/include -isystem /home/neu/Desktop/microros_ws/firmware/mcu_ws/install/rosidl_runtime_c/include/rosidl_runtime_c -isystem /home/neu/Desktop/microros_ws/firmware/mcu_ws/install/rcutils/include/rcutils -isystem /home/neu/Desktop/microros_ws/firmware/mcu_ws/install/rosidl_typesupport_interface/include/rosidl_typesupport_interface  -std=c11 -mcpu=cortex-m4 -mthumb -mfpu=fpv4-sp-d16 -mfloat-abi=hard -DUSE_HAL_DRIVER -DSTM32F446xx -D_TIMEVAL_DEFINED -O0 -Wall -fdata-sections -ffunction-sections  -DCLOCK_MONOTONIC=0 -g   -fvisibility=hidden -Wall -Wextra -Wpedantic -std=gnu99 -o CMakeFiles/rmw.dir/src/subscription_content_filter_options.c.obj   -c /home/neu/Desktop/microros_ws/firmware/mcu_ws/ros2/rmw/rmw/src/subscription_content_filter_options.c
[ 60%] [32mBuilding C object CMakeFiles/rmw.dir/src/subscription_options.c.obj[0m
[ 65%] [32mBuilding C object CMakeFiles/rmw.dir/src/sanity_checks.c.obj[0m
/home/neu/Desktop/microros_ws/firmware/freertos_apps/microros_nucleo_f446ze_extensions/../../toolchain/bin/arm-none-eabi-gcc -DROS_PACKAGE_NAME=\"rmw\" -I/home/neu/Desktop/microros_ws/firmware/mcu_ws/ros2/rmw/rmw/include -isystem /home/neu/Desktop/microros_ws/firmware/mcu_ws/install/rosidl_runtime_c/include/rosidl_runtime_c -isystem /home/neu/Desktop/microros_ws/firmware/mcu_ws/install/rcutils/include/rcutils -isystem /home/neu/Desktop/microros_ws/firmware/mcu_ws/install/rosidl_typesupport_interface/include/rosidl_typesupport_interface  -std=c11 -mcpu=cortex-m4 -mthumb -mfpu=fpv4-sp-d16 -mfloat-abi=hard -DUSE_HAL_DRIVER -DSTM32F446xx -D_TIMEVAL_DEFINED -O0 -Wall -fdata-sections -ffunction-sections  -DCLOCK_MONOTONIC=0 -g   -fvisibility=hidden -Wall -Wextra -Wpedantic -std=gnu99 -o CMakeFiles/rmw.dir/src/subscription_options.c.obj   -c /home/neu/Desktop/microros_ws/firmware/mcu_ws/ros2/rmw/rmw/src/subscription_options.c
/home/neu/Desktop/microros_ws/firmware/freertos_apps/microros_nucleo_f446ze_extensions/../../toolchain/bin/arm-none-eabi-gcc -DROS_PACKAGE_NAME=\"rmw\" -I/home/neu/Desktop/microros_ws/firmware/mcu_ws/ros2/rmw/rmw/include -isystem /home/neu/Desktop/microros_ws/firmware/mcu_ws/install/rosidl_runtime_c/include/rosidl_runtime_c -isystem /home/neu/Desktop/microros_ws/firmware/mcu_ws/install/rcutils/include/rcutils -isystem /home/neu/Desktop/microros_ws/firmware/mcu_ws/install/rosidl_typesupport_interface/include/rosidl_typesupport_interface  -std=c11 -mcpu=cortex-m4 -mthumb -mfpu=fpv4-sp-d16 -mfloat-abi=hard -DUSE_HAL_DRIVER -DSTM32F446xx -D_TIMEVAL_DEFINED -O0 -Wall -fdata-sections -ffunction-sections  -DCLOCK_MONOTONIC=0 -g   -fvisibility=hidden -Wall -Wextra -Wpedantic -std=gnu99 -o CMakeFiles/rmw.dir/src/sanity_checks.c.obj   -c /home/neu/Desktop/microros_ws/firmware/mcu_ws/ros2/rmw/rmw/src/sanity_checks.c
[ 69%] [32mBuilding C object CMakeFiles/rmw.dir/src/topic_endpoint_info.c.obj[0m
/home/neu/Desktop/microros_ws/firmware/freertos_apps/microros_nucleo_f446ze_extensions/../../toolchain/bin/arm-none-eabi-gcc -DROS_PACKAGE_NAME=\"rmw\" -I/home/neu/Desktop/microros_ws/firmware/mcu_ws/ros2/rmw/rmw/include -isystem /home/neu/Desktop/microros_ws/firmware/mcu_ws/install/rosidl_runtime_c/include/rosidl_runtime_c -isystem /home/neu/Desktop/microros_ws/firmware/mcu_ws/install/rcutils/include/rcutils -isystem /home/neu/Desktop/microros_ws/firmware/mcu_ws/install/rosidl_typesupport_interface/include/rosidl_typesupport_interface  -std=c11 -mcpu=cortex-m4 -mthumb -mfpu=fpv4-sp-d16 -mfloat-abi=hard -DUSE_HAL_DRIVER -DSTM32F446xx -D_TIMEVAL_DEFINED -O0 -Wall -fdata-sections -ffunction-sections  -DCLOCK_MONOTONIC=0 -g   -fvisibility=hidden -Wall -Wextra -Wpedantic -std=gnu99 -o CMakeFiles/rmw.dir/src/topic_endpoint_info.c.obj   -c /home/neu/Desktop/microros_ws/firmware/mcu_ws/ros2/rmw/rmw/src/topic_endpoint_info.c
[ 73%] [32mBuilding C object CMakeFiles/rmw.dir/src/types.c.obj[0m
/home/neu/Desktop/microros_ws/firmware/freertos_apps/microros_nucleo_f446ze_extensions/../../toolchain/bin/arm-none-eabi-gcc -DROS_PACKAGE_NAME=\"rmw\" -I/home/neu/Desktop/microros_ws/firmware/mcu_ws/ros2/rmw/rmw/include -isystem /home/neu/Desktop/microros_ws/firmware/mcu_ws/install/rosidl_runtime_c/include/rosidl_runtime_c -isystem /home/neu/Desktop/microros_ws/firmware/mcu_ws/install/rcutils/include/rcutils -isystem /home/neu/Desktop/microros_ws/firmware/mcu_ws/install/rosidl_typesupport_interface/include/rosidl_typesupport_interface  -std=c11 -mcpu=cortex-m4 -mthumb -mfpu=fpv4-sp-d16 -mfloat-abi=hard -DUSE_HAL_DRIVER -DSTM32F446xx -D_TIMEVAL_DEFINED -O0 -Wall -fdata-sections -ffunction-sections  -DCLOCK_MONOTONIC=0 -g   -fvisibility=hidden -Wall -Wextra -Wpedantic -std=gnu99 -o CMakeFiles/rmw.dir/src/types.c.obj   -c /home/neu/Desktop/microros_ws/firmware/mcu_ws/ros2/rmw/rmw/src/types.c
[ 78%] [32mBuilding C object CMakeFiles/rmw.dir/src/time.c.obj[0m
/home/neu/Desktop/microros_ws/firmware/freertos_apps/microros_nucleo_f446ze_extensions/../../toolchain/bin/arm-none-eabi-gcc -DROS_PACKAGE_NAME=\"rmw\" -I/home/neu/Desktop/microros_ws/firmware/mcu_ws/ros2/rmw/rmw/include -isystem /home/neu/Desktop/microros_ws/firmware/mcu_ws/install/rosidl_runtime_c/include/rosidl_runtime_c -isystem /home/neu/Desktop/microros_ws/firmware/mcu_ws/install/rcutils/include/rcutils -isystem /home/neu/Desktop/microros_ws/firmware/mcu_ws/install/rosidl_typesupport_interface/include/rosidl_typesupport_interface  -std=c11 -mcpu=cortex-m4 -mthumb -mfpu=fpv4-sp-d16 -mfloat-abi=hard -DUSE_HAL_DRIVER -DSTM32F446xx -D_TIMEVAL_DEFINED -O0 -Wall -fdata-sections -ffunction-sections  -DCLOCK_MONOTONIC=0 -g   -fvisibility=hidden -Wall -Wextra -Wpedantic -std=gnu99 -o CMakeFiles/rmw.dir/src/time.c.obj   -c /home/neu/Desktop/microros_ws/firmware/mcu_ws/ros2/rmw/rmw/src/time.c
[ 82%] [32mBuilding C object CMakeFiles/rmw.dir/src/validate_full_topic_name.c.obj[0m
/home/neu/Desktop/microros_ws/firmware/freertos_apps/microros_nucleo_f446ze_extensions/../../toolchain/bin/arm-none-eabi-gcc -DROS_PACKAGE_NAME=\"rmw\" -I/home/neu/Desktop/microros_ws/firmware/mcu_ws/ros2/rmw/rmw/include -isystem /home/neu/Desktop/microros_ws/firmware/mcu_ws/install/rosidl_runtime_c/include/rosidl_runtime_c -isystem /home/neu/Desktop/microros_ws/firmware/mcu_ws/install/rcutils/include/rcutils -isystem /home/neu/Desktop/microros_ws/firmware/mcu_ws/install/rosidl_typesupport_interface/include/rosidl_typesupport_interface  -std=c11 -mcpu=cortex-m4 -mthumb -mfpu=fpv4-sp-d16 -mfloat-abi=hard -DUSE_HAL_DRIVER -DSTM32F446xx -D_TIMEVAL_DEFINED -O0 -Wall -fdata-sections -ffunction-sections  -DCLOCK_MONOTONIC=0 -g   -fvisibility=hidden -Wall -Wextra -Wpedantic -std=gnu99 -o CMakeFiles/rmw.dir/src/validate_full_topic_name.c.obj   -c /home/neu/Desktop/microros_ws/firmware/mcu_ws/ros2/rmw/rmw/src/validate_full_topic_name.c
[ 86%] [32mBuilding C object CMakeFiles/rmw.dir/src/topic_endpoint_info_array.c.obj[0m
/home/neu/Desktop/microros_ws/firmware/freertos_apps/microros_nucleo_f446ze_extensions/../../toolchain/bin/arm-none-eabi-gcc -DROS_PACKAGE_NAME=\"rmw\" -I/home/neu/Desktop/microros_ws/firmware/mcu_ws/ros2/rmw/rmw/include -isystem /home/neu/Desktop/microros_ws/firmware/mcu_ws/install/rosidl_runtime_c/include/rosidl_runtime_c -isystem /home/neu/Desktop/microros_ws/firmware/mcu_ws/install/rcutils/include/rcutils -isystem /home/neu/Desktop/microros_ws/firmware/mcu_ws/install/rosidl_typesupport_interface/include/rosidl_typesupport_interface  -std=c11 -mcpu=cortex-m4 -mthumb -mfpu=fpv4-sp-d16 -mfloat-abi=hard -DUSE_HAL_DRIVER -DSTM32F446xx -D_TIMEVAL_DEFINED -O0 -Wall -fdata-sections -ffunction-sections  -DCLOCK_MONOTONIC=0 -g   -fvisibility=hidden -Wall -Wextra -Wpedantic -std=gnu99 -o CMakeFiles/rmw.dir/src/topic_endpoint_info_array.c.obj   -c /home/neu/Desktop/microros_ws/firmware/mcu_ws/ros2/rmw/rmw/src/topic_endpoint_info_array.c
[ 91%] [32mBuilding C object CMakeFiles/rmw.dir/src/validate_namespace.c.obj[0m
/home/neu/Desktop/microros_ws/firmware/freertos_apps/microros_nucleo_f446ze_extensions/../../toolchain/bin/arm-none-eabi-gcc -DROS_PACKAGE_NAME=\"rmw\" -I/home/neu/Desktop/microros_ws/firmware/mcu_ws/ros2/rmw/rmw/include -isystem /home/neu/Desktop/microros_ws/firmware/mcu_ws/install/rosidl_runtime_c/include/rosidl_runtime_c -isystem /home/neu/Desktop/microros_ws/firmware/mcu_ws/install/rcutils/include/rcutils -isystem /home/neu/Desktop/microros_ws/firmware/mcu_ws/install/rosidl_typesupport_interface/include/rosidl_typesupport_interface  -std=c11 -mcpu=cortex-m4 -mthumb -mfpu=fpv4-sp-d16 -mfloat-abi=hard -DUSE_HAL_DRIVER -DSTM32F446xx -D_TIMEVAL_DEFINED -O0 -Wall -fdata-sections -ffunction-sections  -DCLOCK_MONOTONIC=0 -g   -fvisibility=hidden -Wall -Wextra -Wpedantic -std=gnu99 -o CMakeFiles/rmw.dir/src/validate_namespace.c.obj   -c /home/neu/Desktop/microros_ws/firmware/mcu_ws/ros2/rmw/rmw/src/validate_namespace.c
[ 95%] [32mBuilding C object CMakeFiles/rmw.dir/src/validate_node_name.c.obj[0m
/home/neu/Desktop/microros_ws/firmware/freertos_apps/microros_nucleo_f446ze_extensions/../../toolchain/bin/arm-none-eabi-gcc -DROS_PACKAGE_NAME=\"rmw\" -I/home/neu/Desktop/microros_ws/firmware/mcu_ws/ros2/rmw/rmw/include -isystem /home/neu/Desktop/microros_ws/firmware/mcu_ws/install/rosidl_runtime_c/include/rosidl_runtime_c -isystem /home/neu/Desktop/microros_ws/firmware/mcu_ws/install/rcutils/include/rcutils -isystem /home/neu/Desktop/microros_ws/firmware/mcu_ws/install/rosidl_typesupport_interface/include/rosidl_typesupport_interface  -std=c11 -mcpu=cortex-m4 -mthumb -mfpu=fpv4-sp-d16 -mfloat-abi=hard -DUSE_HAL_DRIVER -DSTM32F446xx -D_TIMEVAL_DEFINED -O0 -Wall -fdata-sections -ffunction-sections  -DCLOCK_MONOTONIC=0 -g   -fvisibility=hidden -Wall -Wextra -Wpedantic -std=gnu99 -o CMakeFiles/rmw.dir/src/validate_node_name.c.obj   -c /home/neu/Desktop/microros_ws/firmware/mcu_ws/ros2/rmw/rmw/src/validate_node_name.c
[100%] [32m[1mLinking C static library librmw.a[0m
/usr/bin/cmake -P CMakeFiles/rmw.dir/cmake_clean_target.cmake
/usr/bin/cmake -E cmake_link_script CMakeFiles/rmw.dir/link.txt --verbose=1
/home/neu/Desktop/microros_ws/firmware/toolchain/bin/arm-none-eabi-ar qc librmw.a  CMakeFiles/rmw.dir/src/allocators.c.obj CMakeFiles/rmw.dir/src/convert_rcutils_ret_to_rmw_ret.c.obj CMakeFiles/rmw.dir/src/event.c.obj CMakeFiles/rmw.dir/src/init.c.obj CMakeFiles/rmw.dir/src/init_options.c.obj CMakeFiles/rmw.dir/src/message_sequence.c.obj CMakeFiles/rmw.dir/src/names_and_types.c.obj CMakeFiles/rmw.dir/src/network_flow_endpoint_array.c.obj CMakeFiles/rmw.dir/src/network_flow_endpoint.c.obj CMakeFiles/rmw.dir/src/publisher_options.c.obj CMakeFiles/rmw.dir/src/qos_string_conversions.c.obj CMakeFiles/rmw.dir/src/sanity_checks.c.obj CMakeFiles/rmw.dir/src/security_options.c.obj CMakeFiles/rmw.dir/src/subscription_content_filter_options.c.obj CMakeFiles/rmw.dir/src/subscription_options.c.obj CMakeFiles/rmw.dir/src/time.c.obj CMakeFiles/rmw.dir/src/topic_endpoint_info_array.c.obj CMakeFiles/rmw.dir/src/topic_endpoint_info.c.obj CMakeFiles/rmw.dir/src/types.c.obj CMakeFiles/rmw.dir/src/validate_full_topic_name.c.obj CMakeFiles/rmw.dir/src/validate_namespace.c.obj CMakeFiles/rmw.dir/src/validate_node_name.c.obj
/home/neu/Desktop/microros_ws/firmware/toolchain/bin/arm-none-eabi-ranlib librmw.a
make[3]: Leaving directory '/home/neu/Desktop/microros_ws/firmware/mcu_ws/build/rmw'
[100%] Built target rmw
make[2]: Leaving directory '/home/neu/Desktop/microros_ws/firmware/mcu_ws/build/rmw'
/usr/bin/cmake -E cmake_progress_start /home/neu/Desktop/microros_ws/firmware/mcu_ws/build/rmw/CMakeFiles 0
make[1]: Leaving directory '/home/neu/Desktop/microros_ws/firmware/mcu_ws/build/rmw'
-- Install configuration: "Debug"
-- Installing: /home/neu/Desktop/microros_ws/firmware/mcu_ws/install/rmw/share/rmw/environment/library_path.sh
-- Installing: /home/neu/Desktop/microros_ws/firmware/mcu_ws/install/rmw/share/rmw/environment/library_path.dsv
-- Installing: /home/neu/Desktop/microros_ws/firmware/mcu_ws/install/rmw/share/ament_index/resource_index/package_run_dependencies/rmw
-- Installing: /home/neu/Desktop/microros_ws/firmware/mcu_ws/install/rmw/share/ament_index/resource_index/parent_prefix_path/rmw
-- Installing: /home/neu/Desktop/microros_ws/firmware/mcu_ws/install/rmw/share/rmw/environment/ament_prefix_path.sh
-- Installing: /home/neu/Desktop/microros_ws/firmware/mcu_ws/install/rmw/share/rmw/environment/ament_prefix_path.dsv
-- Installing: /home/neu/Desktop/microros_ws/firmware/mcu_ws/install/rmw/share/rmw/environment/path.sh
-- Installing: /home/neu/Desktop/microros_ws/firmware/mcu_ws/install/rmw/share/rmw/environment/path.dsv
-- Installing: /home/neu/Desktop/microros_ws/firmware/mcu_ws/install/rmw/share/rmw/local_setup.bash
-- Installing: /home/neu/Desktop/microros_ws/firmware/mcu_ws/install/rmw/share/rmw/local_setup.sh
-- Installing: /home/neu/Desktop/microros_ws/firmware/mcu_ws/install/rmw/share/rmw/local_setup.zsh
-- Installing: /home/neu/Desktop/microros_ws/firmware/mcu_ws/install/rmw/share/rmw/local_setup.dsv
-- Installing: /home/neu/Desktop/microros_ws/firmware/mcu_ws/install/rmw/share/rmw/package.dsv
-- Installing: /home/neu/Desktop/microros_ws/firmware/mcu_ws/install/rmw/share/ament_index/resource_index/packages/rmw
-- Installing: /home/neu/Desktop/microros_ws/firmware/mcu_ws/install/rmw/share/rmw/cmake/rmwExport.cmake
-- Installing: /home/neu/Desktop/microros_ws/firmware/mcu_ws/install/rmw/share/rmw/cmake/rmwExport-debug.cmake
-- Installing: /home/neu/Desktop/microros_ws/firmware/mcu_ws/install/rmw/share/rmw/cmake/rmw-extras.cmake
-- Installing: /home/neu/Desktop/microros_ws/firmware/mcu_ws/install/rmw/share/rmw/cmake/ament_cmake_export_dependencies-extras.cmake
-- Installing: /home/neu/Desktop/microros_ws/firmware/mcu_ws/install/rmw/share/rmw/cmake/ament_cmake_export_include_directories-extras.cmake
-- Installing: /home/neu/Desktop/microros_ws/firmware/mcu_ws/install/rmw/share/rmw/cmake/ament_cmake_export_libraries-extras.cmake
-- Installing: /home/neu/Desktop/microros_ws/firmware/mcu_ws/install/rmw/share/rmw/cmake/ament_cmake_export_targets-extras.cmake
-- Installing: /home/neu/Desktop/microros_ws/firmware/mcu_ws/install/rmw/share/rmw/cmake/rmwConfig.cmake
-- Installing: /home/neu/Desktop/microros_ws/firmware/mcu_ws/install/rmw/share/rmw/cmake/rmwConfig-version.cmake
-- Installing: /home/neu/Desktop/microros_ws/firmware/mcu_ws/install/rmw/share/rmw/package.xml
-- Up-to-date: /home/neu/Desktop/microros_ws/firmware/mcu_ws/install/rmw/share/rmw/cmake
-- Installing: /home/neu/Desktop/microros_ws/firmware/mcu_ws/install/rmw/share/rmw/cmake/get_rmw_typesupport.cmake
-- Installing: /home/neu/Desktop/microros_ws/firmware/mcu_ws/install/rmw/share/rmw/cmake/register_rmw_implementation.cmake
-- Installing: /home/neu/Desktop/microros_ws/firmware/mcu_ws/install/rmw/share/rmw/cmake/configure_rmw_library.cmake
-- Installing: /home/neu/Desktop/microros_ws/firmware/mcu_ws/install/rmw/include/rmw
-- Installing: /home/neu/Desktop/microros_ws/firmware/mcu_ws/install/rmw/include/rmw/rmw
-- Installing: /home/neu/Desktop/microros_ws/firmware/mcu_ws/install/rmw/include/rmw/rmw/security_options.h
-- Installing: /home/neu/Desktop/microros_ws/firmware/mcu_ws/install/rmw/include/rmw/rmw/event.h
-- Installing: /home/neu/Desktop/microros_ws/firmware/mcu_ws/install/rmw/include/rmw/rmw/topic_endpoint_info_array.h
-- Installing: /home/neu/Desktop/microros_ws/firmware/mcu_ws/install/rmw/include/rmw/rmw/rmw.h
-- Installing: /home/neu/Desktop/microros_ws/firmware/mcu_ws/install/rmw/include/rmw/rmw/qos_policy_kind.h
-- Installing: /home/neu/Desktop/microros_ws/firmware/mcu_ws/install/rmw/include/rmw/rmw/subscription_options.h
-- Installing: /home/neu/Desktop/microros_ws/firmware/mcu_ws/install/rmw/include/rmw/rmw/event_callback_type.h
-- Installing: /home/neu/Desktop/microros_ws/firmware/mcu_ws/install/rmw/include/rmw/rmw/init.h
-- Installing: /home/neu/Desktop/microros_ws/firmware/mcu_ws/install/rmw/include/rmw/rmw/visibility_control.h
-- Installing: /home/neu/Desktop/microros_ws/firmware/mcu_ws/install/rmw/include/rmw/rmw/domain_id.h
-- Installing: /home/neu/Desktop/microros_ws/firmware/mcu_ws/install/rmw/include/rmw/rmw/get_topic_names_and_types.h
-- Installing: /home/neu/Desktop/microros_ws/firmware/mcu_ws/install/rmw/include/rmw/rmw/sanity_checks.h
-- Installing: /home/neu/Desktop/microros_ws/firmware/mcu_ws/install/rmw/include/rmw/rmw/publisher_options.h
-- Installing: /home/neu/Desktop/microros_ws/firmware/mcu_ws/install/rmw/include/rmw/rmw/macros.h
-- Installing: /home/neu/Desktop/microros_ws/firmware/mcu_ws/install/rmw/include/rmw/rmw/validate_node_name.h
-- Installing: /home/neu/Desktop/microros_ws/firmware/mcu_ws/install/rmw/include/rmw/rmw/impl
-- Installing: /home/neu/Desktop/microros_ws/firmware/mcu_ws/install/rmw/include/rmw/rmw/impl/config.h
-- Installing: /home/neu/Desktop/microros_ws/firmware/mcu_ws/install/rmw/include/rmw/rmw/impl/cpp
-- Installing: /home/neu/Desktop/microros_ws/firmware/mcu_ws/install/rmw/include/rmw/rmw/impl/cpp/key_value.hpp
-- Installing: /home/neu/Desktop/microros_ws/firmware/mcu_ws/install/rmw/include/rmw/rmw/impl/cpp/macros.hpp
-- Installing: /home/neu/Desktop/microros_ws/firmware/mcu_ws/install/rmw/include/rmw/rmw/impl/cpp/demangle.hpp
-- Installing: /home/neu/Desktop/microros_ws/firmware/mcu_ws/install/rmw/include/rmw/rmw/validate_full_topic_name.h
-- Installing: /home/neu/Desktop/microros_ws/firmware/mcu_ws/install/rmw/include/rmw/rmw/incompatible_qos_events_statuses.h
-- Installing: /home/neu/Desktop/microros_ws/firmware/mcu_ws/install/rmw/include/rmw/rmw/events_statuses
-- Installing: /home/neu/Desktop/microros_ws/firmware/mcu_ws/install/rmw/include/rmw/rmw/events_statuses/offered_deadline_missed.h
-- Installing: /home/neu/Desktop/microros_ws/firmware/mcu_ws/install/rmw/include/rmw/rmw/events_statuses/requested_deadline_missed.h
-- Installing: /home/neu/Desktop/microros_ws/firmware/mcu_ws/install/rmw/include/rmw/rmw/events_statuses/liveliness_lost.h
-- Installing: /home/neu/Desktop/microros_ws/firmware/mcu_ws/install/rmw/include/rmw/rmw/events_statuses/message_lost.h
-- Installing: /home/neu/Desktop/microros_ws/firmware/mcu_ws/install/rmw/include/rmw/rmw/events_statuses/incompatible_qos.h
-- Installing: /home/neu/Desktop/microros_ws/firmware/mcu_ws/install/rmw/include/rmw/rmw/events_statuses/events_statuses.h
-- Installing: /home/neu/Desktop/microros_ws/firmware/mcu_ws/install/rmw/include/rmw/rmw/events_statuses/liveliness_changed.h
-- Installing: /home/neu/Desktop/microros_ws/firmware/mcu_ws/install/rmw/include/rmw/rmw/convert_rcutils_ret_to_rmw_ret.h
-- Installing: /home/neu/Desktop/microros_ws/firmware/mcu_ws/install/rmw/include/rmw/rmw/init_options.h
-- Installing: /home/neu/Desktop/microros_ws/firmware/mcu_ws/install/rmw/include/rmw/rmw/message_sequence.h
-- Installing: /home/neu/Desktop/microros_ws/firmware/mcu_ws/install/rmw/include/rmw/rmw/qos_string_conversions.h
-- Installing: /home/neu/Desktop/microros_ws/firmware/mcu_ws/install/rmw/include/rmw/rmw/get_network_flow_endpoints.h
-- Installing: /home/neu/Desktop/microros_ws/firmware/mcu_ws/install/rmw/include/rmw/rmw/qos_profiles.h
-- Installing: /home/neu/Desktop/microros_ws/firmware/mcu_ws/install/rmw/include/rmw/rmw/time.h
-- Installing: /home/neu/Desktop/microros_ws/firmware/mcu_ws/install/rmw/include/rmw/rmw/network_flow_endpoint.h
-- Installing: /home/neu/Desktop/microros_ws/firmware/mcu_ws/install/rmw/include/rmw/rmw/localhost.h
-- Installing: /home/neu/Desktop/microros_ws/firmware/mcu_ws/install/rmw/include/rmw/rmw/get_topic_endpoint_info.h
-- Installing: /home/neu/Desktop/microros_ws/firmware/mcu_ws/install/rmw/include/rmw/rmw/get_service_names_and_types.h
-- Installing: /home/neu/Desktop/microros_ws/firmware/mcu_ws/install/rmw/include/rmw/rmw/subscription_content_filter_options.h
-- Installing: /home/neu/Desktop/microros_ws/firmware/mcu_ws/install/rmw/include/rmw/rmw/validate_namespace.h
-- Installing: /home/neu/Desktop/microros_ws/firmware/mcu_ws/install/rmw/include/rmw/rmw/topic_endpoint_info.h
-- Installing: /home/neu/Desktop/microros_ws/firmware/mcu_ws/install/rmw/include/rmw/rmw/allocators.h
-- Installing: /home/neu/Desktop/microros_ws/firmware/mcu_ws/install/rmw/include/rmw/rmw/error_handling.h
-- Installing: /home/neu/Desktop/microros_ws/firmware/mcu_ws/install/rmw/include/rmw/rmw/names_and_types.h
-- Installing: /home/neu/Desktop/microros_ws/firmware/mcu_ws/install/rmw/include/rmw/rmw/types.h
-- Installing: /home/neu/Desktop/microros_ws/firmware/mcu_ws/install/rmw/include/rmw/rmw/ret_types.h
-- Installing: /home/neu/Desktop/microros_ws/firmware/mcu_ws/install/rmw/include/rmw/rmw/network_flow_endpoint_array.h
-- Installing: /home/neu/Desktop/microros_ws/firmware/mcu_ws/install/rmw/include/rmw/rmw/serialized_message.h
-- Installing: /home/neu/Desktop/microros_ws/firmware/mcu_ws/install/rmw/include/rmw/rmw/features.h
-- Installing: /home/neu/Desktop/microros_ws/firmware/mcu_ws/install/rmw/include/rmw/rmw/get_node_info_and_types.h
-- Installing: /home/neu/Desktop/microros_ws/firmware/mcu_ws/install/rmw/lib/librmw.a
