[1.354s] Invoking command in '/home/neu/Desktop/microros_ws/firmware/mcu_ws/build/libyaml_vendor': CMAKE_PREFIX_PATH=${CMAKE_PREFIX_PATH}:/home/neu/Desktop/microros_ws/firmware/dev_ws/install/ament_uncrustify:/home/neu/Desktop/microros_ws/firmware/dev_ws/install/domain_coordinator:/home/neu/Desktop/microros_ws/firmware/dev_ws/install/ament_xmllint:/home/neu/Desktop/microros_ws/firmware/dev_ws/install/ament_pyflakes:/home/neu/Desktop/microros_ws/firmware/dev_ws/install/ament_pycodestyle:/home/neu/Desktop/microros_ws/firmware/dev_ws/install/ament_pep257:/home/neu/Desktop/microros_ws/firmware/dev_ws/install/ament_pclint:/home/neu/Desktop/microros_ws/firmware/dev_ws/install/ament_package:/home/neu/Desktop/microros_ws/firmware/dev_ws/install/ament_mypy:/home/neu/Desktop/microros_ws/firmware/dev_ws/install/ament_lint_cmake:/home/neu/Desktop/microros_ws/firmware/dev_ws/install/ament_flake8:/home/neu/Desktop/microros_ws/firmware/dev_ws/install/ament_copyright:/home/neu/Desktop/microros_ws/firmware/dev_ws/install/ament_lint:/home/neu/Desktop/microros_ws/firmware/dev_ws/install/ament_index_python:/home/neu/Desktop/microros_ws/firmware/dev_ws/install/ament_cpplint:/home/neu/Desktop/microros_ws/firmware/dev_ws/install/ament_cppcheck:/home/neu/Desktop/microros_ws/firmware/dev_ws/install/ament_clang_tidy:/home/neu/Desktop/microros_ws/firmware/dev_ws/install/ament_clang_format /usr/bin/cmake /home/neu/Desktop/microros_ws/firmware/mcu_ws/ros2/libyaml_vendor --no-warn-unused-cli -DCMAKE_POSITION_INDEPENDENT_CODE=OFF -DTHIRDPARTY=ON -DBUILD_SHARED_LIBS=OFF -DBUILD_TESTING=OFF -DCMAKE_BUILD_TYPE=Debug -DCMAKE_TOOLCHAIN_FILE=/home/neu/Desktop/microros_ws/firmware/freertos_apps/microros_nucleo_f446ze_extensions/arm_toolchain.cmake -DCMAKE_VERBOSE_MAKEFILE=ON -DCMAKE_INSTALL_PREFIX=/home/neu/Desktop/microros_ws/firmware/mcu_ws/install/libyaml_vendor
[1.387s] Not searching for unused variables given on the command line.
[1.464s] -- The C compiler identification is GNU 8.3.1
[1.565s] -- The CXX compiler identification is GNU 8.3.1
[1.579s] -- Check for working C compiler: /home/neu/Desktop/microros_ws/firmware/freertos_apps/microros_nucleo_f446ze_extensions/../../toolchain/bin/arm-none-eabi-gcc
[1.642s] -- Check for working C compiler: /home/neu/Desktop/microros_ws/firmware/freertos_apps/microros_nucleo_f446ze_extensions/../../toolchain/bin/arm-none-eabi-gcc -- works
[1.643s] -- Detecting C compiler ABI info
[1.705s] -- Detecting C compiler ABI info - done
[1.711s] -- Detecting C compile features
[1.712s] -- Detecting C compile features - done
[1.714s] -- Check for working CXX compiler: /home/neu/Desktop/microros_ws/firmware/freertos_apps/microros_nucleo_f446ze_extensions/../../toolchain/bin/arm-none-eabi-g++
[1.795s] -- Check for working CXX compiler: /home/neu/Desktop/microros_ws/firmware/freertos_apps/microros_nucleo_f446ze_extensions/../../toolchain/bin/arm-none-eabi-g++ -- works
[1.795s] -- Detecting CXX compiler ABI info
[1.881s] -- Detecting CXX compiler ABI info - done
[1.885s] -- Detecting CXX compile features
[1.885s] -- Detecting CXX compile features - done
[1.887s] -- Found ament_cmake: 1.3.5 (/home/neu/Desktop/microros_ws/firmware/dev_ws/install/ament_cmake/share/ament_cmake/cmake)
[2.224s] -- Found Python3: /usr/bin/python3.8 (found version "3.8.10") found components: Interpreter 
[2.427s] -- Configuring done
[2.429s] -- Generating done
[2.430s] -- Build files have been written to: /home/neu/Desktop/microros_ws/firmware/mcu_ws/build/libyaml_vendor
[2.747s] Invoked command in '/home/neu/Desktop/microros_ws/firmware/mcu_ws/build/libyaml_vendor' returned '0': CMAKE_PREFIX_PATH=${CMAKE_PREFIX_PATH}:/home/neu/Desktop/microros_ws/firmware/dev_ws/install/ament_uncrustify:/home/neu/Desktop/microros_ws/firmware/dev_ws/install/domain_coordinator:/home/neu/Desktop/microros_ws/firmware/dev_ws/install/ament_xmllint:/home/neu/Desktop/microros_ws/firmware/dev_ws/install/ament_pyflakes:/home/neu/Desktop/microros_ws/firmware/dev_ws/install/ament_pycodestyle:/home/neu/Desktop/microros_ws/firmware/dev_ws/install/ament_pep257:/home/neu/Desktop/microros_ws/firmware/dev_ws/install/ament_pclint:/home/neu/Desktop/microros_ws/firmware/dev_ws/install/ament_package:/home/neu/Desktop/microros_ws/firmware/dev_ws/install/ament_mypy:/home/neu/Desktop/microros_ws/firmware/dev_ws/install/ament_lint_cmake:/home/neu/Desktop/microros_ws/firmware/dev_ws/install/ament_flake8:/home/neu/Desktop/microros_ws/firmware/dev_ws/install/ament_copyright:/home/neu/Desktop/microros_ws/firmware/dev_ws/install/ament_lint:/home/neu/Desktop/microros_ws/firmware/dev_ws/install/ament_index_python:/home/neu/Desktop/microros_ws/firmware/dev_ws/install/ament_cpplint:/home/neu/Desktop/microros_ws/firmware/dev_ws/install/ament_cppcheck:/home/neu/Desktop/microros_ws/firmware/dev_ws/install/ament_clang_tidy:/home/neu/Desktop/microros_ws/firmware/dev_ws/install/ament_clang_format /usr/bin/cmake /home/neu/Desktop/microros_ws/firmware/mcu_ws/ros2/libyaml_vendor --no-warn-unused-cli -DCMAKE_POSITION_INDEPENDENT_CODE=OFF -DTHIRDPARTY=ON -DBUILD_SHARED_LIBS=OFF -DBUILD_TESTING=OFF -DCMAKE_BUILD_TYPE=Debug -DCMAKE_TOOLCHAIN_FILE=/home/neu/Desktop/microros_ws/firmware/freertos_apps/microros_nucleo_f446ze_extensions/arm_toolchain.cmake -DCMAKE_VERBOSE_MAKEFILE=ON -DCMAKE_INSTALL_PREFIX=/home/neu/Desktop/microros_ws/firmware/mcu_ws/install/libyaml_vendor
[2.747s] Invoking command in '/home/neu/Desktop/microros_ws/firmware/mcu_ws/build/libyaml_vendor': CMAKE_PREFIX_PATH=${CMAKE_PREFIX_PATH}:/home/neu/Desktop/microros_ws/firmware/dev_ws/install/ament_uncrustify:/home/neu/Desktop/microros_ws/firmware/dev_ws/install/domain_coordinator:/home/neu/Desktop/microros_ws/firmware/dev_ws/install/ament_xmllint:/home/neu/Desktop/microros_ws/firmware/dev_ws/install/ament_pyflakes:/home/neu/Desktop/microros_ws/firmware/dev_ws/install/ament_pycodestyle:/home/neu/Desktop/microros_ws/firmware/dev_ws/install/ament_pep257:/home/neu/Desktop/microros_ws/firmware/dev_ws/install/ament_pclint:/home/neu/Desktop/microros_ws/firmware/dev_ws/install/ament_package:/home/neu/Desktop/microros_ws/firmware/dev_ws/install/ament_mypy:/home/neu/Desktop/microros_ws/firmware/dev_ws/install/ament_lint_cmake:/home/neu/Desktop/microros_ws/firmware/dev_ws/install/ament_flake8:/home/neu/Desktop/microros_ws/firmware/dev_ws/install/ament_copyright:/home/neu/Desktop/microros_ws/firmware/dev_ws/install/ament_lint:/home/neu/Desktop/microros_ws/firmware/dev_ws/install/ament_index_python:/home/neu/Desktop/microros_ws/firmware/dev_ws/install/ament_cpplint:/home/neu/Desktop/microros_ws/firmware/dev_ws/install/ament_cppcheck:/home/neu/Desktop/microros_ws/firmware/dev_ws/install/ament_clang_tidy:/home/neu/Desktop/microros_ws/firmware/dev_ws/install/ament_clang_format /usr/bin/cmake --build /home/neu/Desktop/microros_ws/firmware/mcu_ws/build/libyaml_vendor -- -j20 -l20
[2.773s] make[1]: Entering directory '/home/neu/Desktop/microros_ws/firmware/mcu_ws/build/libyaml_vendor'
[2.773s] /usr/bin/cmake -S/home/neu/Desktop/microros_ws/firmware/mcu_ws/ros2/libyaml_vendor -B/home/neu/Desktop/microros_ws/firmware/mcu_ws/build/libyaml_vendor --check-build-system CMakeFiles/Makefile.cmake 0
[2.773s] /usr/bin/cmake -E cmake_progress_start /home/neu/Desktop/microros_ws/firmware/mcu_ws/build/libyaml_vendor/CMakeFiles /home/neu/Desktop/microros_ws/firmware/mcu_ws/build/libyaml_vendor/CMakeFiles/progress.marks
[2.773s] /usr/bin/make -f CMakeFiles/Makefile2 all
[2.773s] make[2]: Entering directory '/home/neu/Desktop/microros_ws/firmware/mcu_ws/build/libyaml_vendor'
[2.773s] /usr/bin/make -f CMakeFiles/libyaml-0.2.5.dir/build.make CMakeFiles/libyaml-0.2.5.dir/depend
[2.778s] make[3]: Entering directory '/home/neu/Desktop/microros_ws/firmware/mcu_ws/build/libyaml_vendor'
[2.778s] cd /home/neu/Desktop/microros_ws/firmware/mcu_ws/build/libyaml_vendor && /usr/bin/cmake -E cmake_depends "Unix Makefiles" /home/neu/Desktop/microros_ws/firmware/mcu_ws/ros2/libyaml_vendor /home/neu/Desktop/microros_ws/firmware/mcu_ws/ros2/libyaml_vendor /home/neu/Desktop/microros_ws/firmware/mcu_ws/build/libyaml_vendor /home/neu/Desktop/microros_ws/firmware/mcu_ws/build/libyaml_vendor /home/neu/Desktop/microros_ws/firmware/mcu_ws/build/libyaml_vendor/CMakeFiles/libyaml-0.2.5.dir/DependInfo.cmake --color=
[2.781s] Dependee "/home/neu/Desktop/microros_ws/firmware/mcu_ws/build/libyaml_vendor/CMakeFiles/libyaml-0.2.5.dir/DependInfo.cmake" is newer than depender "/home/neu/Desktop/microros_ws/firmware/mcu_ws/build/libyaml_vendor/CMakeFiles/libyaml-0.2.5.dir/depend.internal".
[2.781s] Dependee "/home/neu/Desktop/microros_ws/firmware/mcu_ws/build/libyaml_vendor/CMakeFiles/CMakeDirectoryInformation.cmake" is newer than depender "/home/neu/Desktop/microros_ws/firmware/mcu_ws/build/libyaml_vendor/CMakeFiles/libyaml-0.2.5.dir/depend.internal".
[2.781s] [35m[1mScanning dependencies of target libyaml-0.2.5[0m
[2.781s] make[3]: Leaving directory '/home/neu/Desktop/microros_ws/firmware/mcu_ws/build/libyaml_vendor'
[2.781s] /usr/bin/make -f CMakeFiles/libyaml-0.2.5.dir/build.make CMakeFiles/libyaml-0.2.5.dir/build
[2.781s] make[3]: Entering directory '/home/neu/Desktop/microros_ws/firmware/mcu_ws/build/libyaml_vendor'
[2.787s] [ 12%] [34m[1mCreating directories for 'libyaml-0.2.5'[0m
[2.787s] /usr/bin/cmake -E make_directory /home/neu/Desktop/microros_ws/firmware/mcu_ws/build/libyaml_vendor/libyaml-0.2.5-prefix/src/libyaml-0.2.5
[2.793s] /usr/bin/cmake -E make_directory /home/neu/Desktop/microros_ws/firmware/mcu_ws/build/libyaml_vendor/libyaml-0.2.5-prefix/src/libyaml-0.2.5-build
[2.800s] /usr/bin/cmake -E make_directory /home/neu/Desktop/microros_ws/firmware/mcu_ws/build/libyaml_vendor/libyaml-0.2.5-prefix
[2.805s] /usr/bin/cmake -E make_directory /home/neu/Desktop/microros_ws/firmware/mcu_ws/build/libyaml_vendor/libyaml-0.2.5-prefix/tmp
[2.810s] /usr/bin/cmake -E make_directory /home/neu/Desktop/microros_ws/firmware/mcu_ws/build/libyaml_vendor/libyaml-0.2.5-prefix/src/libyaml-0.2.5-stamp
[2.816s] /usr/bin/cmake -E make_directory /home/neu/Desktop/microros_ws/firmware/mcu_ws/build/libyaml_vendor/libyaml-0.2.5-prefix/src
[2.821s] /usr/bin/cmake -E make_directory /home/neu/Desktop/microros_ws/firmware/mcu_ws/build/libyaml_vendor/libyaml-0.2.5-prefix/src/libyaml-0.2.5-stamp
[2.826s] /usr/bin/cmake -E touch /home/neu/Desktop/microros_ws/firmware/mcu_ws/build/libyaml_vendor/libyaml-0.2.5-prefix/src/libyaml-0.2.5-stamp/libyaml-0.2.5-mkdir
[2.839s] [ 25%] [34m[1mPerforming download step (git clone) for 'libyaml-0.2.5'[0m
[2.839s] cd /home/neu/Desktop/microros_ws/firmware/mcu_ws/build/libyaml_vendor/libyaml-0.2.5-prefix/src && /usr/bin/cmake -P /home/neu/Desktop/microros_ws/firmware/mcu_ws/build/libyaml_vendor/libyaml-0.2.5-prefix/tmp/libyaml-0.2.5-gitclone.cmake
[2.855s] Cloning into 'libyaml-0.2.5'...
[6.336s] HEAD is now at 2c891fc Changes for v0.2.5 release
[6.361s] cd /home/neu/Desktop/microros_ws/firmware/mcu_ws/build/libyaml_vendor/libyaml-0.2.5-prefix/src && /usr/bin/cmake -E touch /home/neu/Desktop/microros_ws/firmware/mcu_ws/build/libyaml_vendor/libyaml-0.2.5-prefix/src/libyaml-0.2.5-stamp/libyaml-0.2.5-download
[6.373s] [ 37%] [34m[1mNo update step for 'libyaml-0.2.5'[0m
[6.373s] [ 50%] [34m[1mPerforming patch step for 'libyaml-0.2.5'[0m
[6.373s] cd /home/neu/Desktop/microros_ws/firmware/mcu_ws/build/libyaml_vendor/libyaml-0.2.5-prefix/src/libyaml-0.2.5 && /usr/bin/cmake -E echo_append
[6.374s] cd /home/neu/Desktop/microros_ws/firmware/mcu_ws/build/libyaml_vendor/libyaml-0.2.5-prefix/src/libyaml-0.2.5 && /usr/bin/cmake -E chdir /home/neu/Desktop/microros_ws/firmware/mcu_ws/build/libyaml_vendor/libyaml-0.2.5-prefix/src/libyaml-0.2.5 git apply -p1 --ignore-space-change --whitespace=nowarn /home/neu/Desktop/microros_ws/firmware/mcu_ws/ros2/libyaml_vendor/0001-Install-yaml.h-to-INSTALL_INCLUDE_DIR.patch
[6.379s] cd /home/neu/Desktop/microros_ws/firmware/mcu_ws/build/libyaml_vendor/libyaml-0.2.5-prefix/src/libyaml-0.2.5 && /usr/bin/cmake -E touch /home/neu/Desktop/microros_ws/firmware/mcu_ws/build/libyaml_vendor/libyaml-0.2.5-prefix/src/libyaml-0.2.5-stamp/libyaml-0.2.5-update
[6.381s] cd /home/neu/Desktop/microros_ws/firmware/mcu_ws/build/libyaml_vendor/libyaml-0.2.5-prefix/src/libyaml-0.2.5 && /usr/bin/cmake -E touch /home/neu/Desktop/microros_ws/firmware/mcu_ws/build/libyaml_vendor/libyaml-0.2.5-prefix/src/libyaml-0.2.5-stamp/libyaml-0.2.5-patch
[6.393s] [ 62%] [34m[1mPerforming configure step for 'libyaml-0.2.5'[0m
[6.394s] cd /home/neu/Desktop/microros_ws/firmware/mcu_ws/build/libyaml_vendor/libyaml-0.2.5-prefix/src/libyaml-0.2.5-build && /usr/bin/cmake -DCMAKE_INSTALL_PREFIX=/home/neu/Desktop/microros_ws/firmware/mcu_ws/build/libyaml_vendor/libyaml_install -DINSTALL_INCLUDE_DIR:STRING=include/libyaml_vendor -DCMAKE_BUILD_TYPE=Debug -DBUILD_SHARED_LIBS=ON -DBUILD_TESTING=OFF "-DCMAKE_C_FLAGS=-std=c11 -mcpu=cortex-m4 -mthumb -mfpu=fpv4-sp-d16 -mfloat-abi=hard -DUSE_HAL_DRIVER -DSTM32F446xx -D_TIMEVAL_DEFINED -O0 -Wall -fdata-sections -ffunction-sections  -DCLOCK_MONOTONIC=0" -DCMAKE_TOOLCHAIN_FILE=/home/neu/Desktop/microros_ws/firmware/freertos_apps/microros_nucleo_f446ze_extensions/arm_toolchain.cmake "-GUnix Makefiles" /home/neu/Desktop/microros_ws/firmware/mcu_ws/build/libyaml_vendor/libyaml-0.2.5-prefix/src/libyaml-0.2.5
[6.400s] Re-run cmake no build system arguments
[6.473s] -- The C compiler identification is GNU 8.3.1
[6.485s] -- Check for working C compiler: /home/neu/Desktop/microros_ws/firmware/freertos_apps/microros_nucleo_f446ze_extensions/../../toolchain/bin/arm-none-eabi-gcc
[6.541s] -- Check for working C compiler: /home/neu/Desktop/microros_ws/firmware/freertos_apps/microros_nucleo_f446ze_extensions/../../toolchain/bin/arm-none-eabi-gcc -- works
[6.542s] -- Detecting C compiler ABI info
[6.604s] -- Detecting C compiler ABI info - done
[6.612s] -- Detecting C compile features
[6.612s] -- Detecting C compile features - done
[6.613s] CMake Warning (dev) at CMakeLists.txt:56 (add_library):
[6.613s]   ADD_LIBRARY called with SHARED option but the target platform does not
[6.613s]   support dynamic linking.  Building a STATIC library instead.  This may lead
[6.613s]   to problems.
[6.613s] This warning is for project developers.  Use -Wno-dev to suppress it.
[6.613s] 
[6.615s] -- Configuring done
[6.616s] -- Generating done
[6.617s] -- Build files have been written to: /home/neu/Desktop/microros_ws/firmware/mcu_ws/build/libyaml_vendor/libyaml-0.2.5-prefix/src/libyaml-0.2.5-build
[6.618s] cd /home/neu/Desktop/microros_ws/firmware/mcu_ws/build/libyaml_vendor/libyaml-0.2.5-prefix/src/libyaml-0.2.5-build && /usr/bin/cmake -E touch /home/neu/Desktop/microros_ws/firmware/mcu_ws/build/libyaml_vendor/libyaml-0.2.5-prefix/src/libyaml-0.2.5-stamp/libyaml-0.2.5-configure
[6.631s] [ 75%] [34m[1mPerforming build step for 'libyaml-0.2.5'[0m
[6.632s] cd /home/neu/Desktop/microros_ws/firmware/mcu_ws/build/libyaml_vendor/libyaml-0.2.5-prefix/src/libyaml-0.2.5-build && /usr/bin/make
[6.634s] make[4]: Entering directory '/home/neu/Desktop/microros_ws/firmware/mcu_ws/build/libyaml_vendor/libyaml-0.2.5-prefix/src/libyaml-0.2.5-build'
[6.634s] /usr/bin/cmake -S/home/neu/Desktop/microros_ws/firmware/mcu_ws/build/libyaml_vendor/libyaml-0.2.5-prefix/src/libyaml-0.2.5 -B/home/neu/Desktop/microros_ws/firmware/mcu_ws/build/libyaml_vendor/libyaml-0.2.5-prefix/src/libyaml-0.2.5-build --check-build-system CMakeFiles/Makefile.cmake 0
[6.642s] /usr/bin/cmake -E cmake_progress_start /home/neu/Desktop/microros_ws/firmware/mcu_ws/build/libyaml_vendor/libyaml-0.2.5-prefix/src/libyaml-0.2.5-build/CMakeFiles /home/neu/Desktop/microros_ws/firmware/mcu_ws/build/libyaml_vendor/libyaml-0.2.5-prefix/src/libyaml-0.2.5-build/CMakeFiles/progress.marks
[6.647s] /usr/bin/make -f CMakeFiles/Makefile2 all
[6.648s] make[5]: Entering directory '/home/neu/Desktop/microros_ws/firmware/mcu_ws/build/libyaml_vendor/libyaml-0.2.5-prefix/src/libyaml-0.2.5-build'
[6.648s] /usr/bin/make -f CMakeFiles/yaml.dir/build.make CMakeFiles/yaml.dir/depend
[6.649s] make[6]: Entering directory '/home/neu/Desktop/microros_ws/firmware/mcu_ws/build/libyaml_vendor/libyaml-0.2.5-prefix/src/libyaml-0.2.5-build'
[6.649s] cd /home/neu/Desktop/microros_ws/firmware/mcu_ws/build/libyaml_vendor/libyaml-0.2.5-prefix/src/libyaml-0.2.5-build && /usr/bin/cmake -E cmake_depends "Unix Makefiles" /home/neu/Desktop/microros_ws/firmware/mcu_ws/build/libyaml_vendor/libyaml-0.2.5-prefix/src/libyaml-0.2.5 /home/neu/Desktop/microros_ws/firmware/mcu_ws/build/libyaml_vendor/libyaml-0.2.5-prefix/src/libyaml-0.2.5 /home/neu/Desktop/microros_ws/firmware/mcu_ws/build/libyaml_vendor/libyaml-0.2.5-prefix/src/libyaml-0.2.5-build /home/neu/Desktop/microros_ws/firmware/mcu_ws/build/libyaml_vendor/libyaml-0.2.5-prefix/src/libyaml-0.2.5-build /home/neu/Desktop/microros_ws/firmware/mcu_ws/build/libyaml_vendor/libyaml-0.2.5-prefix/src/libyaml-0.2.5-build/CMakeFiles/yaml.dir/DependInfo.cmake --color=
[6.655s] Dependee "/home/neu/Desktop/microros_ws/firmware/mcu_ws/build/libyaml_vendor/libyaml-0.2.5-prefix/src/libyaml-0.2.5-build/CMakeFiles/yaml.dir/DependInfo.cmake" is newer than depender "/home/neu/Desktop/microros_ws/firmware/mcu_ws/build/libyaml_vendor/libyaml-0.2.5-prefix/src/libyaml-0.2.5-build/CMakeFiles/yaml.dir/depend.internal".
[6.655s] Dependee "/home/neu/Desktop/microros_ws/firmware/mcu_ws/build/libyaml_vendor/libyaml-0.2.5-prefix/src/libyaml-0.2.5-build/CMakeFiles/CMakeDirectoryInformation.cmake" is newer than depender "/home/neu/Desktop/microros_ws/firmware/mcu_ws/build/libyaml_vendor/libyaml-0.2.5-prefix/src/libyaml-0.2.5-build/CMakeFiles/yaml.dir/depend.internal".
[6.655s] [35m[1mScanning dependencies of target yaml[0m
[6.657s] make[6]: Leaving directory '/home/neu/Desktop/microros_ws/firmware/mcu_ws/build/libyaml_vendor/libyaml-0.2.5-prefix/src/libyaml-0.2.5-build'
[6.657s] /usr/bin/make -f CMakeFiles/yaml.dir/build.make CMakeFiles/yaml.dir/build
[6.658s] make[6]: Entering directory '/home/neu/Desktop/microros_ws/firmware/mcu_ws/build/libyaml_vendor/libyaml-0.2.5-prefix/src/libyaml-0.2.5-build'
[6.664s] [ 22%] [32mBuilding C object CMakeFiles/yaml.dir/src/api.c.obj[0m
[6.664s] [ 22%] [32mBuilding C object CMakeFiles/yaml.dir/src/dumper.c.obj[0m
[6.665s] /home/neu/Desktop/microros_ws/firmware/freertos_apps/microros_nucleo_f446ze_extensions/../../toolchain/bin/arm-none-eabi-gcc -DHAVE_CONFIG_H -I/home/neu/Desktop/microros_ws/firmware/mcu_ws/build/libyaml_vendor/libyaml-0.2.5-prefix/src/libyaml-0.2.5/include -I/home/neu/Desktop/microros_ws/firmware/mcu_ws/build/libyaml_vendor/libyaml-0.2.5-prefix/src/libyaml-0.2.5-build/include  -std=c11 -mcpu=cortex-m4 -mthumb -mfpu=fpv4-sp-d16 -mfloat-abi=hard -DUSE_HAL_DRIVER -DSTM32F446xx -D_TIMEVAL_DEFINED -O0 -Wall -fdata-sections -ffunction-sections  -DCLOCK_MONOTONIC=0 -g   -o CMakeFiles/yaml.dir/src/api.c.obj   -c /home/neu/Desktop/microros_ws/firmware/mcu_ws/build/libyaml_vendor/libyaml-0.2.5-prefix/src/libyaml-0.2.5/src/api.c
[6.665s] /home/neu/Desktop/microros_ws/firmware/freertos_apps/microros_nucleo_f446ze_extensions/../../toolchain/bin/arm-none-eabi-gcc -DHAVE_CONFIG_H -I/home/neu/Desktop/microros_ws/firmware/mcu_ws/build/libyaml_vendor/libyaml-0.2.5-prefix/src/libyaml-0.2.5/include -I/home/neu/Desktop/microros_ws/firmware/mcu_ws/build/libyaml_vendor/libyaml-0.2.5-prefix/src/libyaml-0.2.5-build/include  -std=c11 -mcpu=cortex-m4 -mthumb -mfpu=fpv4-sp-d16 -mfloat-abi=hard -DUSE_HAL_DRIVER -DSTM32F446xx -D_TIMEVAL_DEFINED -O0 -Wall -fdata-sections -ffunction-sections  -DCLOCK_MONOTONIC=0 -g   -o CMakeFiles/yaml.dir/src/dumper.c.obj   -c /home/neu/Desktop/microros_ws/firmware/mcu_ws/build/libyaml_vendor/libyaml-0.2.5-prefix/src/libyaml-0.2.5/src/dumper.c
[6.667s] [ 44%] [32mBuilding C object CMakeFiles/yaml.dir/src/loader.c.obj[0m
[6.667s] [ 44%] [32mBuilding C object CMakeFiles/yaml.dir/src/emitter.c.obj[0m
[6.667s] [ 55%] [32mBuilding C object CMakeFiles/yaml.dir/src/parser.c.obj[0m
[6.667s] [ 66%] [32mBuilding C object CMakeFiles/yaml.dir/src/reader.c.obj[0m
[6.668s] [ 77%] [32mBuilding C object CMakeFiles/yaml.dir/src/scanner.c.obj[0m
[6.668s] /home/neu/Desktop/microros_ws/firmware/freertos_apps/microros_nucleo_f446ze_extensions/../../toolchain/bin/arm-none-eabi-gcc -DHAVE_CONFIG_H -I/home/neu/Desktop/microros_ws/firmware/mcu_ws/build/libyaml_vendor/libyaml-0.2.5-prefix/src/libyaml-0.2.5/include -I/home/neu/Desktop/microros_ws/firmware/mcu_ws/build/libyaml_vendor/libyaml-0.2.5-prefix/src/libyaml-0.2.5-build/include  -std=c11 -mcpu=cortex-m4 -mthumb -mfpu=fpv4-sp-d16 -mfloat-abi=hard -DUSE_HAL_DRIVER -DSTM32F446xx -D_TIMEVAL_DEFINED -O0 -Wall -fdata-sections -ffunction-sections  -DCLOCK_MONOTONIC=0 -g   -o CMakeFiles/yaml.dir/src/loader.c.obj   -c /home/neu/Desktop/microros_ws/firmware/mcu_ws/build/libyaml_vendor/libyaml-0.2.5-prefix/src/libyaml-0.2.5/src/loader.c
[6.668s] /home/neu/Desktop/microros_ws/firmware/freertos_apps/microros_nucleo_f446ze_extensions/../../toolchain/bin/arm-none-eabi-gcc -DHAVE_CONFIG_H -I/home/neu/Desktop/microros_ws/firmware/mcu_ws/build/libyaml_vendor/libyaml-0.2.5-prefix/src/libyaml-0.2.5/include -I/home/neu/Desktop/microros_ws/firmware/mcu_ws/build/libyaml_vendor/libyaml-0.2.5-prefix/src/libyaml-0.2.5-build/include  -std=c11 -mcpu=cortex-m4 -mthumb -mfpu=fpv4-sp-d16 -mfloat-abi=hard -DUSE_HAL_DRIVER -DSTM32F446xx -D_TIMEVAL_DEFINED -O0 -Wall -fdata-sections -ffunction-sections  -DCLOCK_MONOTONIC=0 -g   -o CMakeFiles/yaml.dir/src/emitter.c.obj   -c /home/neu/Desktop/microros_ws/firmware/mcu_ws/build/libyaml_vendor/libyaml-0.2.5-prefix/src/libyaml-0.2.5/src/emitter.c
[6.668s] [ 88%] [32mBuilding C object CMakeFiles/yaml.dir/src/writer.c.obj[0m
[6.668s] /home/neu/Desktop/microros_ws/firmware/freertos_apps/microros_nucleo_f446ze_extensions/../../toolchain/bin/arm-none-eabi-gcc -DHAVE_CONFIG_H -I/home/neu/Desktop/microros_ws/firmware/mcu_ws/build/libyaml_vendor/libyaml-0.2.5-prefix/src/libyaml-0.2.5/include -I/home/neu/Desktop/microros_ws/firmware/mcu_ws/build/libyaml_vendor/libyaml-0.2.5-prefix/src/libyaml-0.2.5-build/include  -std=c11 -mcpu=cortex-m4 -mthumb -mfpu=fpv4-sp-d16 -mfloat-abi=hard -DUSE_HAL_DRIVER -DSTM32F446xx -D_TIMEVAL_DEFINED -O0 -Wall -fdata-sections -ffunction-sections  -DCLOCK_MONOTONIC=0 -g   -o CMakeFiles/yaml.dir/src/parser.c.obj   -c /home/neu/Desktop/microros_ws/firmware/mcu_ws/build/libyaml_vendor/libyaml-0.2.5-prefix/src/libyaml-0.2.5/src/parser.c
[6.669s] /home/neu/Desktop/microros_ws/firmware/freertos_apps/microros_nucleo_f446ze_extensions/../../toolchain/bin/arm-none-eabi-gcc -DHAVE_CONFIG_H -I/home/neu/Desktop/microros_ws/firmware/mcu_ws/build/libyaml_vendor/libyaml-0.2.5-prefix/src/libyaml-0.2.5/include -I/home/neu/Desktop/microros_ws/firmware/mcu_ws/build/libyaml_vendor/libyaml-0.2.5-prefix/src/libyaml-0.2.5-build/include  -std=c11 -mcpu=cortex-m4 -mthumb -mfpu=fpv4-sp-d16 -mfloat-abi=hard -DUSE_HAL_DRIVER -DSTM32F446xx -D_TIMEVAL_DEFINED -O0 -Wall -fdata-sections -ffunction-sections  -DCLOCK_MONOTONIC=0 -g   -o CMakeFiles/yaml.dir/src/reader.c.obj   -c /home/neu/Desktop/microros_ws/firmware/mcu_ws/build/libyaml_vendor/libyaml-0.2.5-prefix/src/libyaml-0.2.5/src/reader.c
[6.669s] /home/neu/Desktop/microros_ws/firmware/freertos_apps/microros_nucleo_f446ze_extensions/../../toolchain/bin/arm-none-eabi-gcc -DHAVE_CONFIG_H -I/home/neu/Desktop/microros_ws/firmware/mcu_ws/build/libyaml_vendor/libyaml-0.2.5-prefix/src/libyaml-0.2.5/include -I/home/neu/Desktop/microros_ws/firmware/mcu_ws/build/libyaml_vendor/libyaml-0.2.5-prefix/src/libyaml-0.2.5-build/include  -std=c11 -mcpu=cortex-m4 -mthumb -mfpu=fpv4-sp-d16 -mfloat-abi=hard -DUSE_HAL_DRIVER -DSTM32F446xx -D_TIMEVAL_DEFINED -O0 -Wall -fdata-sections -ffunction-sections  -DCLOCK_MONOTONIC=0 -g   -o CMakeFiles/yaml.dir/src/scanner.c.obj   -c /home/neu/Desktop/microros_ws/firmware/mcu_ws/build/libyaml_vendor/libyaml-0.2.5-prefix/src/libyaml-0.2.5/src/scanner.c
[6.669s] /home/neu/Desktop/microros_ws/firmware/freertos_apps/microros_nucleo_f446ze_extensions/../../toolchain/bin/arm-none-eabi-gcc -DHAVE_CONFIG_H -I/home/neu/Desktop/microros_ws/firmware/mcu_ws/build/libyaml_vendor/libyaml-0.2.5-prefix/src/libyaml-0.2.5/include -I/home/neu/Desktop/microros_ws/firmware/mcu_ws/build/libyaml_vendor/libyaml-0.2.5-prefix/src/libyaml-0.2.5-build/include  -std=c11 -mcpu=cortex-m4 -mthumb -mfpu=fpv4-sp-d16 -mfloat-abi=hard -DUSE_HAL_DRIVER -DSTM32F446xx -D_TIMEVAL_DEFINED -O0 -Wall -fdata-sections -ffunction-sections  -DCLOCK_MONOTONIC=0 -g   -o CMakeFiles/yaml.dir/src/writer.c.obj   -c /home/neu/Desktop/microros_ws/firmware/mcu_ws/build/libyaml_vendor/libyaml-0.2.5-prefix/src/libyaml-0.2.5/src/writer.c
[6.698s] [01m[K/home/neu/Desktop/microros_ws/firmware/mcu_ws/build/libyaml_vendor/libyaml-0.2.5-prefix/src/libyaml-0.2.5/src/api.c:[m[K In function '[01m[Kyaml_strdup[m[K':
[6.698s] [01m[K/home/neu/Desktop/microros_ws/firmware/mcu_ws/build/libyaml_vendor/libyaml-0.2.5-prefix/src/libyaml-0.2.5/src/api.c:66:27:[m[K [01;35m[Kwarning: [m[Kimplicit declaration of function '[01m[Kstrdup[m[K'; did you mean '[01m[Kstrcmp[m[K'? [[01;35m[K-Wimplicit-function-declaration[m[K]
[6.698s]      return (yaml_char_t *)[01;35m[Kstrdup[m[K((char *)str);
[6.698s]                            [01;35m[K^~~~~~[m[K
[6.698s]                            [32m[Kstrcmp[m[K
[6.725s] [01m[K/home/neu/Desktop/microros_ws/firmware/mcu_ws/build/libyaml_vendor/libyaml-0.2.5-prefix/src/libyaml-0.2.5/src/emitter.c:[m[K In function '[01m[Kyaml_emitter_write_plain_scalar[m[K':
[6.725s] [01m[K/home/neu/Desktop/microros_ws/firmware/mcu_ws/build/libyaml_vendor/libyaml-0.2.5-prefix/src/libyaml-0.2.5/src/emitter.c:28:6:[m[K [01;35m[Kwarning: [m[Kvalue computed is not used [[01;35m[K-Wunused-value[m[K]
[6.725s]       [01;35m[K&&[m[K ((emitter->line_break == YAML_CR_BREAK ?                                \
[6.725s]       [01;35m[K^~[m[K
[6.725s] [01m[K/home/neu/Desktop/microros_ws/firmware/mcu_ws/build/libyaml_vendor/libyaml-0.2.5-prefix/src/libyaml-0.2.5/src/emitter.c:56:11:[m[K [01;36m[Knote: [m[Kin expansion of macro '[01m[KPUT_BREAK[m[K'
[6.725s]           ([01;36m[KPUT_BREAK[m[K(emitter),                                                   \
[6.725s]            [01;36m[K^~~~~~~~~[m[K
[6.725s] [01m[K/home/neu/Desktop/microros_ws/firmware/mcu_ws/build/libyaml_vendor/libyaml-0.2.5-prefix/src/libyaml-0.2.5/src/emitter.c:1962:18:[m[K [01;36m[Knote: [m[Kin expansion of macro '[01m[KWRITE_BREAK[m[K'
[6.725s]              if (![01;36m[KWRITE_BREAK[m[K(emitter, string)) return 0;
[6.726s]                   [01;36m[K^~~~~~~~~~~[m[K
[6.727s] [01m[K/home/neu/Desktop/microros_ws/firmware/mcu_ws/build/libyaml_vendor/libyaml-0.2.5-prefix/src/libyaml-0.2.5/src/emitter.c:[m[K In function '[01m[Kyaml_emitter_write_single_quoted_scalar[m[K':
[6.727s] [01m[K/home/neu/Desktop/microros_ws/firmware/mcu_ws/build/libyaml_vendor/libyaml-0.2.5-prefix/src/libyaml-0.2.5/src/emitter.c:28:6:[m[K [01;35m[Kwarning: [m[Kvalue computed is not used [[01;35m[K-Wunused-value[m[K]
[6.727s]       [01;35m[K&&[m[K ((emitter->line_break == YAML_CR_BREAK ?                                \
[6.727s]       [01;35m[K^~[m[K
[6.727s] [01m[K/home/neu/Desktop/microros_ws/firmware/mcu_ws/build/libyaml_vendor/libyaml-0.2.5-prefix/src/libyaml-0.2.5/src/emitter.c:56:11:[m[K [01;36m[Knote: [m[Kin expansion of macro '[01m[KPUT_BREAK[m[K'
[6.727s]           ([01;36m[KPUT_BREAK[m[K(emitter),                                                   \
[6.727s]            [01;36m[K^~~~~~~~~[m[K
[6.727s] [01m[K/home/neu/Desktop/microros_ws/firmware/mcu_ws/build/libyaml_vendor/libyaml-0.2.5-prefix/src/libyaml-0.2.5/src/emitter.c:2019:18:[m[K [01;36m[Knote: [m[Kin expansion of macro '[01m[KWRITE_BREAK[m[K'
[6.727s]              if (![01;36m[KWRITE_BREAK[m[K(emitter, string)) return 0;
[6.727s]                   [01;36m[K^~~~~~~~~~~[m[K
[6.736s] [01m[K/home/neu/Desktop/microros_ws/firmware/mcu_ws/build/libyaml_vendor/libyaml-0.2.5-prefix/src/libyaml-0.2.5/src/emitter.c:[m[K In function '[01m[Kyaml_emitter_write_literal_scalar[m[K':
[6.736s] [01m[K/home/neu/Desktop/microros_ws/firmware/mcu_ws/build/libyaml_vendor/libyaml-0.2.5-prefix/src/libyaml-0.2.5/src/emitter.c:28:6:[m[K [01;35m[Kwarning: [m[Kvalue computed is not used [[01;35m[K-Wunused-value[m[K]
[6.736s]       [01;35m[K&&[m[K ((emitter->line_break == YAML_CR_BREAK ?                                \
[6.736s]       [01;35m[K^~[m[K
[6.736s] [01m[K/home/neu/Desktop/microros_ws/firmware/mcu_ws/build/libyaml_vendor/libyaml-0.2.5-prefix/src/libyaml-0.2.5/src/emitter.c:56:11:[m[K [01;36m[Knote: [m[Kin expansion of macro '[01m[KPUT_BREAK[m[K'
[6.736s]           ([01;36m[KPUT_BREAK[m[K(emitter),                                                   \
[6.737s]            [01;36m[K^~~~~~~~~[m[K
[6.737s] [01m[K/home/neu/Desktop/microros_ws/firmware/mcu_ws/build/libyaml_vendor/libyaml-0.2.5-prefix/src/libyaml-0.2.5/src/emitter.c:2285:18:[m[K [01;36m[Knote: [m[Kin expansion of macro '[01m[KWRITE_BREAK[m[K'
[6.737s]              if (![01;36m[KWRITE_BREAK[m[K(emitter, string)) return 0;
[6.737s]                   [01;36m[K^~~~~~~~~~~[m[K
[6.738s] [01m[K/home/neu/Desktop/microros_ws/firmware/mcu_ws/build/libyaml_vendor/libyaml-0.2.5-prefix/src/libyaml-0.2.5/src/emitter.c:[m[K In function '[01m[Kyaml_emitter_write_folded_scalar[m[K':
[6.739s] [01m[K/home/neu/Desktop/microros_ws/firmware/mcu_ws/build/libyaml_vendor/libyaml-0.2.5-prefix/src/libyaml-0.2.5/src/emitter.c:28:6:[m[K [01;35m[Kwarning: [m[Kvalue computed is not used [[01;35m[K-Wunused-value[m[K]
[6.739s]       [01;35m[K&&[m[K ((emitter->line_break == YAML_CR_BREAK ?                                \
[6.739s]       [01;35m[K^~[m[K
[6.739s] [01m[K/home/neu/Desktop/microros_ws/firmware/mcu_ws/build/libyaml_vendor/libyaml-0.2.5-prefix/src/libyaml-0.2.5/src/emitter.c:56:11:[m[K [01;36m[Knote: [m[Kin expansion of macro '[01m[KPUT_BREAK[m[K'
[6.739s]           ([01;36m[KPUT_BREAK[m[K(emitter),                                                   \
[6.739s]            [01;36m[K^~~~~~~~~[m[K
[6.739s] [01m[K/home/neu/Desktop/microros_ws/firmware/mcu_ws/build/libyaml_vendor/libyaml-0.2.5-prefix/src/libyaml-0.2.5/src/emitter.c:2334:18:[m[K [01;36m[Knote: [m[Kin expansion of macro '[01m[KWRITE_BREAK[m[K'
[6.739s]              if (![01;36m[KWRITE_BREAK[m[K(emitter, string)) return 0;
[6.739s]                   [01;36m[K^~~~~~~~~~~[m[K
[7.270s] [100%] [32m[1mLinking C static library libyaml.a[0m
[7.271s] /usr/bin/cmake -P CMakeFiles/yaml.dir/cmake_clean_target.cmake
[7.277s] /usr/bin/cmake -E cmake_link_script CMakeFiles/yaml.dir/link.txt --verbose=1
[7.282s] /home/neu/Desktop/microros_ws/firmware/toolchain/bin/arm-none-eabi-ar qc libyaml.a  CMakeFiles/yaml.dir/src/api.c.obj CMakeFiles/yaml.dir/src/dumper.c.obj CMakeFiles/yaml.dir/src/emitter.c.obj CMakeFiles/yaml.dir/src/loader.c.obj CMakeFiles/yaml.dir/src/parser.c.obj CMakeFiles/yaml.dir/src/reader.c.obj CMakeFiles/yaml.dir/src/scanner.c.obj CMakeFiles/yaml.dir/src/writer.c.obj
[7.285s] /home/neu/Desktop/microros_ws/firmware/toolchain/bin/arm-none-eabi-ranlib libyaml.a
[7.289s] make[6]: Leaving directory '/home/neu/Desktop/microros_ws/firmware/mcu_ws/build/libyaml_vendor/libyaml-0.2.5-prefix/src/libyaml-0.2.5-build'
[7.295s] [100%] Built target yaml
[7.295s] make[5]: Leaving directory '/home/neu/Desktop/microros_ws/firmware/mcu_ws/build/libyaml_vendor/libyaml-0.2.5-prefix/src/libyaml-0.2.5-build'
[7.295s] /usr/bin/cmake -E cmake_progress_start /home/neu/Desktop/microros_ws/firmware/mcu_ws/build/libyaml_vendor/libyaml-0.2.5-prefix/src/libyaml-0.2.5-build/CMakeFiles 0
[7.300s] make[4]: Leaving directory '/home/neu/Desktop/microros_ws/firmware/mcu_ws/build/libyaml_vendor/libyaml-0.2.5-prefix/src/libyaml-0.2.5-build'
[7.300s] cd /home/neu/Desktop/microros_ws/firmware/mcu_ws/build/libyaml_vendor/libyaml-0.2.5-prefix/src/libyaml-0.2.5-build && /usr/bin/cmake -E touch /home/neu/Desktop/microros_ws/firmware/mcu_ws/build/libyaml_vendor/libyaml-0.2.5-prefix/src/libyaml-0.2.5-stamp/libyaml-0.2.5-build
[7.311s] [ 87%] [34m[1mPerforming install step for 'libyaml-0.2.5'[0m
[7.312s] cd /home/neu/Desktop/microros_ws/firmware/mcu_ws/build/libyaml_vendor/libyaml-0.2.5-prefix/src/libyaml-0.2.5-build && /usr/bin/make install
[7.313s] make[4]: Entering directory '/home/neu/Desktop/microros_ws/firmware/mcu_ws/build/libyaml_vendor/libyaml-0.2.5-prefix/src/libyaml-0.2.5-build'
[7.313s] /usr/bin/cmake -S/home/neu/Desktop/microros_ws/firmware/mcu_ws/build/libyaml_vendor/libyaml-0.2.5-prefix/src/libyaml-0.2.5 -B/home/neu/Desktop/microros_ws/firmware/mcu_ws/build/libyaml_vendor/libyaml-0.2.5-prefix/src/libyaml-0.2.5-build --check-build-system CMakeFiles/Makefile.cmake 0
[7.318s] /usr/bin/cmake -E cmake_progress_start /home/neu/Desktop/microros_ws/firmware/mcu_ws/build/libyaml_vendor/libyaml-0.2.5-prefix/src/libyaml-0.2.5-build/CMakeFiles /home/neu/Desktop/microros_ws/firmware/mcu_ws/build/libyaml_vendor/libyaml-0.2.5-prefix/src/libyaml-0.2.5-build/CMakeFiles/progress.marks
[7.324s] /usr/bin/make -f CMakeFiles/Makefile2 all
[7.324s] make[5]: Entering directory '/home/neu/Desktop/microros_ws/firmware/mcu_ws/build/libyaml_vendor/libyaml-0.2.5-prefix/src/libyaml-0.2.5-build'
[7.325s] /usr/bin/make -f CMakeFiles/yaml.dir/build.make CMakeFiles/yaml.dir/depend
[7.326s] make[6]: Entering directory '/home/neu/Desktop/microros_ws/firmware/mcu_ws/build/libyaml_vendor/libyaml-0.2.5-prefix/src/libyaml-0.2.5-build'
[7.326s] cd /home/neu/Desktop/microros_ws/firmware/mcu_ws/build/libyaml_vendor/libyaml-0.2.5-prefix/src/libyaml-0.2.5-build && /usr/bin/cmake -E cmake_depends "Unix Makefiles" /home/neu/Desktop/microros_ws/firmware/mcu_ws/build/libyaml_vendor/libyaml-0.2.5-prefix/src/libyaml-0.2.5 /home/neu/Desktop/microros_ws/firmware/mcu_ws/build/libyaml_vendor/libyaml-0.2.5-prefix/src/libyaml-0.2.5 /home/neu/Desktop/microros_ws/firmware/mcu_ws/build/libyaml_vendor/libyaml-0.2.5-prefix/src/libyaml-0.2.5-build /home/neu/Desktop/microros_ws/firmware/mcu_ws/build/libyaml_vendor/libyaml-0.2.5-prefix/src/libyaml-0.2.5-build /home/neu/Desktop/microros_ws/firmware/mcu_ws/build/libyaml_vendor/libyaml-0.2.5-prefix/src/libyaml-0.2.5-build/CMakeFiles/yaml.dir/DependInfo.cmake --color=
[7.332s] make[6]: Leaving directory '/home/neu/Desktop/microros_ws/firmware/mcu_ws/build/libyaml_vendor/libyaml-0.2.5-prefix/src/libyaml-0.2.5-build'
[7.332s] /usr/bin/make -f CMakeFiles/yaml.dir/build.make CMakeFiles/yaml.dir/build
[7.333s] make[6]: Entering directory '/home/neu/Desktop/microros_ws/firmware/mcu_ws/build/libyaml_vendor/libyaml-0.2.5-prefix/src/libyaml-0.2.5-build'
[7.333s] make[6]: Nothing to be done for 'CMakeFiles/yaml.dir/build'.
[7.333s] make[6]: Leaving directory '/home/neu/Desktop/microros_ws/firmware/mcu_ws/build/libyaml_vendor/libyaml-0.2.5-prefix/src/libyaml-0.2.5-build'
[7.340s] [100%] Built target yaml
[7.340s] make[5]: Leaving directory '/home/neu/Desktop/microros_ws/firmware/mcu_ws/build/libyaml_vendor/libyaml-0.2.5-prefix/src/libyaml-0.2.5-build'
[7.340s] /usr/bin/cmake -E cmake_progress_start /home/neu/Desktop/microros_ws/firmware/mcu_ws/build/libyaml_vendor/libyaml-0.2.5-prefix/src/libyaml-0.2.5-build/CMakeFiles 0
[7.345s] /usr/bin/make -f CMakeFiles/Makefile2 preinstall
[7.346s] make[5]: Entering directory '/home/neu/Desktop/microros_ws/firmware/mcu_ws/build/libyaml_vendor/libyaml-0.2.5-prefix/src/libyaml-0.2.5-build'
[7.346s] make[5]: Nothing to be done for 'preinstall'.
[7.346s] make[5]: Leaving directory '/home/neu/Desktop/microros_ws/firmware/mcu_ws/build/libyaml_vendor/libyaml-0.2.5-prefix/src/libyaml-0.2.5-build'
[7.351s] [36mInstall the project...[0m
[7.351s] /usr/bin/cmake -P cmake_install.cmake
[7.355s] -- Install configuration: "Debug"
[7.355s] -- Installing: /home/neu/Desktop/microros_ws/firmware/mcu_ws/build/libyaml_vendor/libyaml_install/include/libyaml_vendor/yaml.h
[7.355s] -- Installing: /home/neu/Desktop/microros_ws/firmware/mcu_ws/build/libyaml_vendor/libyaml_install/lib/libyaml.a
[7.355s] -- Installing: /home/neu/Desktop/microros_ws/firmware/mcu_ws/build/libyaml_vendor/libyaml_install/cmake/yamlConfig.cmake
[7.356s] -- Installing: /home/neu/Desktop/microros_ws/firmware/mcu_ws/build/libyaml_vendor/libyaml_install/cmake/yamlTargets.cmake
[7.356s] -- Installing: /home/neu/Desktop/microros_ws/firmware/mcu_ws/build/libyaml_vendor/libyaml_install/cmake/yamlTargets-debug.cmake
[7.356s] -- Installing: /home/neu/Desktop/microros_ws/firmware/mcu_ws/build/libyaml_vendor/libyaml_install/cmake/yamlConfigVersion.cmake
[7.356s] make[4]: Leaving directory '/home/neu/Desktop/microros_ws/firmware/mcu_ws/build/libyaml_vendor/libyaml-0.2.5-prefix/src/libyaml-0.2.5-build'
[7.357s] cd /home/neu/Desktop/microros_ws/firmware/mcu_ws/build/libyaml_vendor/libyaml-0.2.5-prefix/src/libyaml-0.2.5-build && /usr/bin/cmake -E touch /home/neu/Desktop/microros_ws/firmware/mcu_ws/build/libyaml_vendor/libyaml-0.2.5-prefix/src/libyaml-0.2.5-stamp/libyaml-0.2.5-install
[7.367s] [100%] [34m[1mCompleted 'libyaml-0.2.5'[0m
[7.368s] /usr/bin/cmake -E make_directory /home/neu/Desktop/microros_ws/firmware/mcu_ws/build/libyaml_vendor/CMakeFiles
[7.374s] /usr/bin/cmake -E touch /home/neu/Desktop/microros_ws/firmware/mcu_ws/build/libyaml_vendor/CMakeFiles/libyaml-0.2.5-complete
[7.378s] /usr/bin/cmake -E touch /home/neu/Desktop/microros_ws/firmware/mcu_ws/build/libyaml_vendor/libyaml-0.2.5-prefix/src/libyaml-0.2.5-stamp/libyaml-0.2.5-done
[7.384s] make[3]: Leaving directory '/home/neu/Desktop/microros_ws/firmware/mcu_ws/build/libyaml_vendor'
[7.391s] [100%] Built target libyaml-0.2.5
[7.391s] make[2]: Leaving directory '/home/neu/Desktop/microros_ws/firmware/mcu_ws/build/libyaml_vendor'
[7.392s] /usr/bin/cmake -E cmake_progress_start /home/neu/Desktop/microros_ws/firmware/mcu_ws/build/libyaml_vendor/CMakeFiles 0
[7.397s] make[1]: Leaving directory '/home/neu/Desktop/microros_ws/firmware/mcu_ws/build/libyaml_vendor'
[7.401s] Invoked command in '/home/neu/Desktop/microros_ws/firmware/mcu_ws/build/libyaml_vendor' returned '0': CMAKE_PREFIX_PATH=${CMAKE_PREFIX_PATH}:/home/neu/Desktop/microros_ws/firmware/dev_ws/install/ament_uncrustify:/home/neu/Desktop/microros_ws/firmware/dev_ws/install/domain_coordinator:/home/neu/Desktop/microros_ws/firmware/dev_ws/install/ament_xmllint:/home/neu/Desktop/microros_ws/firmware/dev_ws/install/ament_pyflakes:/home/neu/Desktop/microros_ws/firmware/dev_ws/install/ament_pycodestyle:/home/neu/Desktop/microros_ws/firmware/dev_ws/install/ament_pep257:/home/neu/Desktop/microros_ws/firmware/dev_ws/install/ament_pclint:/home/neu/Desktop/microros_ws/firmware/dev_ws/install/ament_package:/home/neu/Desktop/microros_ws/firmware/dev_ws/install/ament_mypy:/home/neu/Desktop/microros_ws/firmware/dev_ws/install/ament_lint_cmake:/home/neu/Desktop/microros_ws/firmware/dev_ws/install/ament_flake8:/home/neu/Desktop/microros_ws/firmware/dev_ws/install/ament_copyright:/home/neu/Desktop/microros_ws/firmware/dev_ws/install/ament_lint:/home/neu/Desktop/microros_ws/firmware/dev_ws/install/ament_index_python:/home/neu/Desktop/microros_ws/firmware/dev_ws/install/ament_cpplint:/home/neu/Desktop/microros_ws/firmware/dev_ws/install/ament_cppcheck:/home/neu/Desktop/microros_ws/firmware/dev_ws/install/ament_clang_tidy:/home/neu/Desktop/microros_ws/firmware/dev_ws/install/ament_clang_format /usr/bin/cmake --build /home/neu/Desktop/microros_ws/firmware/mcu_ws/build/libyaml_vendor -- -j20 -l20
[7.421s] Invoking command in '/home/neu/Desktop/microros_ws/firmware/mcu_ws/build/libyaml_vendor': CMAKE_PREFIX_PATH=${CMAKE_PREFIX_PATH}:/home/neu/Desktop/microros_ws/firmware/dev_ws/install/ament_uncrustify:/home/neu/Desktop/microros_ws/firmware/dev_ws/install/domain_coordinator:/home/neu/Desktop/microros_ws/firmware/dev_ws/install/ament_xmllint:/home/neu/Desktop/microros_ws/firmware/dev_ws/install/ament_pyflakes:/home/neu/Desktop/microros_ws/firmware/dev_ws/install/ament_pycodestyle:/home/neu/Desktop/microros_ws/firmware/dev_ws/install/ament_pep257:/home/neu/Desktop/microros_ws/firmware/dev_ws/install/ament_pclint:/home/neu/Desktop/microros_ws/firmware/dev_ws/install/ament_package:/home/neu/Desktop/microros_ws/firmware/dev_ws/install/ament_mypy:/home/neu/Desktop/microros_ws/firmware/dev_ws/install/ament_lint_cmake:/home/neu/Desktop/microros_ws/firmware/dev_ws/install/ament_flake8:/home/neu/Desktop/microros_ws/firmware/dev_ws/install/ament_copyright:/home/neu/Desktop/microros_ws/firmware/dev_ws/install/ament_lint:/home/neu/Desktop/microros_ws/firmware/dev_ws/install/ament_index_python:/home/neu/Desktop/microros_ws/firmware/dev_ws/install/ament_cpplint:/home/neu/Desktop/microros_ws/firmware/dev_ws/install/ament_cppcheck:/home/neu/Desktop/microros_ws/firmware/dev_ws/install/ament_clang_tidy:/home/neu/Desktop/microros_ws/firmware/dev_ws/install/ament_clang_format /usr/bin/cmake --install /home/neu/Desktop/microros_ws/firmware/mcu_ws/build/libyaml_vendor
[7.426s] -- Install configuration: "Debug"
[7.426s] -- Installing: /home/neu/Desktop/microros_ws/firmware/mcu_ws/install/libyaml_vendor
[7.426s] -- Installing: /home/neu/Desktop/microros_ws/firmware/mcu_ws/install/libyaml_vendor/lib
[7.426s] -- Installing: /home/neu/Desktop/microros_ws/firmware/mcu_ws/install/libyaml_vendor/lib/libyaml.a
[7.426s] -- Installing: /home/neu/Desktop/microros_ws/firmware/mcu_ws/install/libyaml_vendor/include
[7.427s] -- Installing: /home/neu/Desktop/microros_ws/firmware/mcu_ws/install/libyaml_vendor/include/libyaml_vendor
[7.427s] -- Installing: /home/neu/Desktop/microros_ws/firmware/mcu_ws/install/libyaml_vendor/include/libyaml_vendor/yaml.h
[7.427s] -- Installing: /home/neu/Desktop/microros_ws/firmware/mcu_ws/install/libyaml_vendor/cmake
[7.427s] -- Installing: /home/neu/Desktop/microros_ws/firmware/mcu_ws/install/libyaml_vendor/cmake/yamlTargets-debug.cmake
[7.427s] -- Installing: /home/neu/Desktop/microros_ws/firmware/mcu_ws/install/libyaml_vendor/cmake/yamlConfigVersion.cmake
[7.427s] -- Installing: /home/neu/Desktop/microros_ws/firmware/mcu_ws/install/libyaml_vendor/cmake/yamlTargets.cmake
[7.427s] -- Installing: /home/neu/Desktop/microros_ws/firmware/mcu_ws/install/libyaml_vendor/cmake/yamlConfig.cmake
[7.427s] -- Installing: /home/neu/Desktop/microros_ws/firmware/mcu_ws/install/libyaml_vendor/share/libyaml_vendor/environment/library_path.sh
[7.427s] -- Installing: /home/neu/Desktop/microros_ws/firmware/mcu_ws/install/libyaml_vendor/share/libyaml_vendor/environment/library_path.dsv
[7.428s] -- Installing: /home/neu/Desktop/microros_ws/firmware/mcu_ws/install/libyaml_vendor/share/ament_index/resource_index/package_run_dependencies/libyaml_vendor
[7.428s] -- Installing: /home/neu/Desktop/microros_ws/firmware/mcu_ws/install/libyaml_vendor/share/ament_index/resource_index/parent_prefix_path/libyaml_vendor
[7.428s] -- Installing: /home/neu/Desktop/microros_ws/firmware/mcu_ws/install/libyaml_vendor/share/libyaml_vendor/environment/ament_prefix_path.sh
[7.428s] -- Installing: /home/neu/Desktop/microros_ws/firmware/mcu_ws/install/libyaml_vendor/share/libyaml_vendor/environment/ament_prefix_path.dsv
[7.428s] -- Installing: /home/neu/Desktop/microros_ws/firmware/mcu_ws/install/libyaml_vendor/share/libyaml_vendor/environment/path.sh
[7.428s] -- Installing: /home/neu/Desktop/microros_ws/firmware/mcu_ws/install/libyaml_vendor/share/libyaml_vendor/environment/path.dsv
[7.428s] -- Installing: /home/neu/Desktop/microros_ws/firmware/mcu_ws/install/libyaml_vendor/share/libyaml_vendor/local_setup.bash
[7.429s] -- Installing: /home/neu/Desktop/microros_ws/firmware/mcu_ws/install/libyaml_vendor/share/libyaml_vendor/local_setup.sh
[7.429s] -- Installing: /home/neu/Desktop/microros_ws/firmware/mcu_ws/install/libyaml_vendor/share/libyaml_vendor/local_setup.zsh
[7.429s] -- Installing: /home/neu/Desktop/microros_ws/firmware/mcu_ws/install/libyaml_vendor/share/libyaml_vendor/local_setup.dsv
[7.434s] -- Installing: /home/neu/Desktop/microros_ws/firmware/mcu_ws/install/libyaml_vendor/share/libyaml_vendor/package.dsv
[7.435s] -- Installing: /home/neu/Desktop/microros_ws/firmware/mcu_ws/install/libyaml_vendor/share/ament_index/resource_index/packages/libyaml_vendor
[7.435s] -- Installing: /home/neu/Desktop/microros_ws/firmware/mcu_ws/install/libyaml_vendor/share/libyaml_vendor/cmake/libyaml_vendor-extras.cmake
[7.435s] -- Installing: /home/neu/Desktop/microros_ws/firmware/mcu_ws/install/libyaml_vendor/share/libyaml_vendor/cmake/ament_cmake_export_libraries-extras.cmake
[7.435s] -- Installing: /home/neu/Desktop/microros_ws/firmware/mcu_ws/install/libyaml_vendor/share/libyaml_vendor/cmake/ament_cmake_export_dependencies-extras.cmake
[7.435s] -- Installing: /home/neu/Desktop/microros_ws/firmware/mcu_ws/install/libyaml_vendor/share/libyaml_vendor/cmake/libyaml_vendorConfig.cmake
[7.436s] -- Installing: /home/neu/Desktop/microros_ws/firmware/mcu_ws/install/libyaml_vendor/share/libyaml_vendor/cmake/libyaml_vendorConfig-version.cmake
[7.439s] -- Installing: /home/neu/Desktop/microros_ws/firmware/mcu_ws/install/libyaml_vendor/share/libyaml_vendor/package.xml
[7.440s] Invoked command in '/home/neu/Desktop/microros_ws/firmware/mcu_ws/build/libyaml_vendor' returned '0': CMAKE_PREFIX_PATH=${CMAKE_PREFIX_PATH}:/home/neu/Desktop/microros_ws/firmware/dev_ws/install/ament_uncrustify:/home/neu/Desktop/microros_ws/firmware/dev_ws/install/domain_coordinator:/home/neu/Desktop/microros_ws/firmware/dev_ws/install/ament_xmllint:/home/neu/Desktop/microros_ws/firmware/dev_ws/install/ament_pyflakes:/home/neu/Desktop/microros_ws/firmware/dev_ws/install/ament_pycodestyle:/home/neu/Desktop/microros_ws/firmware/dev_ws/install/ament_pep257:/home/neu/Desktop/microros_ws/firmware/dev_ws/install/ament_pclint:/home/neu/Desktop/microros_ws/firmware/dev_ws/install/ament_package:/home/neu/Desktop/microros_ws/firmware/dev_ws/install/ament_mypy:/home/neu/Desktop/microros_ws/firmware/dev_ws/install/ament_lint_cmake:/home/neu/Desktop/microros_ws/firmware/dev_ws/install/ament_flake8:/home/neu/Desktop/microros_ws/firmware/dev_ws/install/ament_copyright:/home/neu/Desktop/microros_ws/firmware/dev_ws/install/ament_lint:/home/neu/Desktop/microros_ws/firmware/dev_ws/install/ament_index_python:/home/neu/Desktop/microros_ws/firmware/dev_ws/install/ament_cpplint:/home/neu/Desktop/microros_ws/firmware/dev_ws/install/ament_cppcheck:/home/neu/Desktop/microros_ws/firmware/dev_ws/install/ament_clang_tidy:/home/neu/Desktop/microros_ws/firmware/dev_ws/install/ament_clang_format /usr/bin/cmake --install /home/neu/Desktop/microros_ws/firmware/mcu_ws/build/libyaml_vendor
