Not searching for unused variables given on the command line.
-- Found ament_cmake: 1.3.5 (/home/neu/Desktop/microros_ws/firmware/dev_ws/install/ament_cmake/share/ament_cmake/cmake)
-- Found Python3: /usr/bin/python3.8 (found version "3.8.10") found components: Interpreter 
-- Configuring done
-- Generating done
-- Build files have been written to: /home/neu/Desktop/microros_ws/firmware/mcu_ws/build/rosidl_typesupport_interface
make[1]: Entering directory '/home/neu/Desktop/microros_ws/firmware/mcu_ws/build/rosidl_typesupport_interface'
/usr/bin/cmake -S/home/neu/Desktop/microros_ws/firmware/mcu_ws/ros2/rosidl/rosidl_typesupport_interface -B/home/neu/Desktop/microros_ws/firmware/mcu_ws/build/rosidl_typesupport_interface --check-build-system CMakeFiles/Makefile.cmake 0
/usr/bin/cmake -E cmake_progress_start /home/neu/Desktop/microros_ws/firmware/mcu_ws/build/rosidl_typesupport_interface/CMakeFiles /home/neu/Desktop/microros_ws/firmware/mcu_ws/build/rosidl_typesupport_interface/CMakeFiles/progress.marks
/usr/bin/make -f CMakeFiles/Makefile2 all
make[2]: Entering directory '/home/neu/Desktop/microros_ws/firmware/mcu_ws/build/rosidl_typesupport_interface'
make[2]: Nothing to be done for 'all'.
make[2]: Leaving directory '/home/neu/Desktop/microros_ws/firmware/mcu_ws/build/rosidl_typesupport_interface'
/usr/bin/cmake -E cmake_progress_start /home/neu/Desktop/microros_ws/firmware/mcu_ws/build/rosidl_typesupport_interface/CMakeFiles 0
make[1]: Leaving directory '/home/neu/Desktop/microros_ws/firmware/mcu_ws/build/rosidl_typesupport_interface'
-- Install configuration: "Debug"
-- Installing: /home/neu/Desktop/microros_ws/firmware/mcu_ws/install/rosidl_typesupport_interface/share/ament_index/resource_index/package_run_dependencies/rosidl_typesupport_interface
-- Installing: /home/neu/Desktop/microros_ws/firmware/mcu_ws/install/rosidl_typesupport_interface/share/ament_index/resource_index/parent_prefix_path/rosidl_typesupport_interface
-- Installing: /home/neu/Desktop/microros_ws/firmware/mcu_ws/install/rosidl_typesupport_interface/share/rosidl_typesupport_interface/environment/ament_prefix_path.sh
-- Installing: /home/neu/Desktop/microros_ws/firmware/mcu_ws/install/rosidl_typesupport_interface/share/rosidl_typesupport_interface/environment/ament_prefix_path.dsv
-- Installing: /home/neu/Desktop/microros_ws/firmware/mcu_ws/install/rosidl_typesupport_interface/share/rosidl_typesupport_interface/environment/path.sh
-- Installing: /home/neu/Desktop/microros_ws/firmware/mcu_ws/install/rosidl_typesupport_interface/share/rosidl_typesupport_interface/environment/path.dsv
-- Installing: /home/neu/Desktop/microros_ws/firmware/mcu_ws/install/rosidl_typesupport_interface/share/rosidl_typesupport_interface/local_setup.bash
-- Installing: /home/neu/Desktop/microros_ws/firmware/mcu_ws/install/rosidl_typesupport_interface/share/rosidl_typesupport_interface/local_setup.sh
-- Installing: /home/neu/Desktop/microros_ws/firmware/mcu_ws/install/rosidl_typesupport_interface/share/rosidl_typesupport_interface/local_setup.zsh
-- Installing: /home/neu/Desktop/microros_ws/firmware/mcu_ws/install/rosidl_typesupport_interface/share/rosidl_typesupport_interface/local_setup.dsv
-- Installing: /home/neu/Desktop/microros_ws/firmware/mcu_ws/install/rosidl_typesupport_interface/share/rosidl_typesupport_interface/package.dsv
-- Installing: /home/neu/Desktop/microros_ws/firmware/mcu_ws/install/rosidl_typesupport_interface/share/ament_index/resource_index/packages/rosidl_typesupport_interface
-- Installing: /home/neu/Desktop/microros_ws/firmware/mcu_ws/install/rosidl_typesupport_interface/share/rosidl_typesupport_interface/cmake/rosidl_typesupport_interfaceExport.cmake
-- Installing: /home/neu/Desktop/microros_ws/firmware/mcu_ws/install/rosidl_typesupport_interface/share/rosidl_typesupport_interface/cmake/ament_cmake_export_include_directories-extras.cmake
-- Installing: /home/neu/Desktop/microros_ws/firmware/mcu_ws/install/rosidl_typesupport_interface/share/rosidl_typesupport_interface/cmake/ament_cmake_export_targets-extras.cmake
-- Installing: /home/neu/Desktop/microros_ws/firmware/mcu_ws/install/rosidl_typesupport_interface/share/rosidl_typesupport_interface/cmake/rosidl_typesupport_interfaceConfig.cmake
-- Installing: /home/neu/Desktop/microros_ws/firmware/mcu_ws/install/rosidl_typesupport_interface/share/rosidl_typesupport_interface/cmake/rosidl_typesupport_interfaceConfig-version.cmake
-- Installing: /home/neu/Desktop/microros_ws/firmware/mcu_ws/install/rosidl_typesupport_interface/share/rosidl_typesupport_interface/package.xml
-- Installing: /home/neu/Desktop/microros_ws/firmware/mcu_ws/install/rosidl_typesupport_interface/include/rosidl_typesupport_interface
-- Installing: /home/neu/Desktop/microros_ws/firmware/mcu_ws/install/rosidl_typesupport_interface/include/rosidl_typesupport_interface/rosidl_typesupport_interface
-- Installing: /home/neu/Desktop/microros_ws/firmware/mcu_ws/install/rosidl_typesupport_interface/include/rosidl_typesupport_interface/rosidl_typesupport_interface/macros.h
