[0.250s] Invoking command in '/home/neu/Desktop/microros_ws/firmware/mcu_ws/build/microcdr': /usr/bin/cmake /home/neu/Desktop/microros_ws/firmware/mcu_ws/eProsima/Micro-CDR --no-warn-unused-cli -DCMAKE_POSITION_INDEPENDENT_CODE=OFF -DTHIRDPARTY=ON -DBUILD_SHARED_LIBS=OFF -DBUILD_TESTING=OFF -DCMAKE_BUILD_TYPE=Debug -DCMAKE_TOOLCHAIN_FILE=/home/neu/Desktop/microros_ws/firmware/freertos_apps/microros_nucleo_f446ze_extensions/arm_toolchain.cmake -DCMAKE_VERBOSE_MAKEFILE=ON -DUCDR_ISOLATED_INSTALL=OFF -DCMAKE_INSTALL_PREFIX=/home/neu/Desktop/microros_ws/firmware/mcu_ws/install/microcdr
[0.744s] Not searching for unused variables given on the command line.
[0.745s] -- The C compiler identification is GNU 8.3.1
[0.745s] -- Check for working C compiler: /home/neu/Desktop/microros_ws/firmware/freertos_apps/microros_nucleo_f446ze_extensions/../../toolchain/bin/arm-none-eabi-gcc
[0.745s] -- Check for working C compiler: /home/neu/Desktop/microros_ws/firmware/freertos_apps/microros_nucleo_f446ze_extensions/../../toolchain/bin/arm-none-eabi-gcc -- works
[0.745s] -- Detecting C compiler ABI info
[0.745s] -- Detecting C compiler ABI info - done
[0.747s] -- Detecting C compile features
[0.748s] -- Detecting C compile features - done
[0.748s] -- The CXX compiler identification is GNU 8.3.1
[0.748s] -- Check for working CXX compiler: /home/neu/Desktop/microros_ws/firmware/freertos_apps/microros_nucleo_f446ze_extensions/../../toolchain/bin/arm-none-eabi-g++
[0.748s] -- Check for working CXX compiler: /home/neu/Desktop/microros_ws/firmware/freertos_apps/microros_nucleo_f446ze_extensions/../../toolchain/bin/arm-none-eabi-g++ -- works
[0.748s] -- Detecting CXX compiler ABI info
[0.748s] -- Detecting CXX compiler ABI info - done
[0.748s] -- Detecting CXX compile features
[0.748s] -- Detecting CXX compile features - done
[0.748s] -- Configuring done
[0.748s] -- Generating done
[0.748s] -- Build files have been written to: /home/neu/Desktop/microros_ws/firmware/mcu_ws/build/microcdr
[0.754s] Invoked command in '/home/neu/Desktop/microros_ws/firmware/mcu_ws/build/microcdr' returned '0': /usr/bin/cmake /home/neu/Desktop/microros_ws/firmware/mcu_ws/eProsima/Micro-CDR --no-warn-unused-cli -DCMAKE_POSITION_INDEPENDENT_CODE=OFF -DTHIRDPARTY=ON -DBUILD_SHARED_LIBS=OFF -DBUILD_TESTING=OFF -DCMAKE_BUILD_TYPE=Debug -DCMAKE_TOOLCHAIN_FILE=/home/neu/Desktop/microros_ws/firmware/freertos_apps/microros_nucleo_f446ze_extensions/arm_toolchain.cmake -DCMAKE_VERBOSE_MAKEFILE=ON -DUCDR_ISOLATED_INSTALL=OFF -DCMAKE_INSTALL_PREFIX=/home/neu/Desktop/microros_ws/firmware/mcu_ws/install/microcdr
[0.756s] Invoking command in '/home/neu/Desktop/microros_ws/firmware/mcu_ws/build/microcdr': /usr/bin/cmake --build /home/neu/Desktop/microros_ws/firmware/mcu_ws/build/microcdr -- -j20 -l20
[0.769s] make[1]: Entering directory '/home/neu/Desktop/microros_ws/firmware/mcu_ws/build/microcdr'
[0.769s] /usr/bin/cmake -S/home/neu/Desktop/microros_ws/firmware/mcu_ws/eProsima/Micro-CDR -B/home/neu/Desktop/microros_ws/firmware/mcu_ws/build/microcdr --check-build-system CMakeFiles/Makefile.cmake 0
[0.775s] /usr/bin/cmake -E cmake_progress_start /home/neu/Desktop/microros_ws/firmware/mcu_ws/build/microcdr/CMakeFiles /home/neu/Desktop/microros_ws/firmware/mcu_ws/build/microcdr/CMakeFiles/progress.marks
[0.781s] /usr/bin/make -f CMakeFiles/Makefile2 all
[0.782s] make[2]: Entering directory '/home/neu/Desktop/microros_ws/firmware/mcu_ws/build/microcdr'
[0.782s] /usr/bin/make -f CMakeFiles/ucdr.dir/build.make CMakeFiles/ucdr.dir/depend
[0.783s] make[3]: Entering directory '/home/neu/Desktop/microros_ws/firmware/mcu_ws/build/microcdr'
[0.783s] cd /home/neu/Desktop/microros_ws/firmware/mcu_ws/build/microcdr && /usr/bin/cmake -E cmake_depends "Unix Makefiles" /home/neu/Desktop/microros_ws/firmware/mcu_ws/eProsima/Micro-CDR /home/neu/Desktop/microros_ws/firmware/mcu_ws/eProsima/Micro-CDR /home/neu/Desktop/microros_ws/firmware/mcu_ws/build/microcdr /home/neu/Desktop/microros_ws/firmware/mcu_ws/build/microcdr /home/neu/Desktop/microros_ws/firmware/mcu_ws/build/microcdr/CMakeFiles/ucdr.dir/DependInfo.cmake --color=
[0.791s] Dependee "/home/neu/Desktop/microros_ws/firmware/mcu_ws/build/microcdr/CMakeFiles/ucdr.dir/DependInfo.cmake" is newer than depender "/home/neu/Desktop/microros_ws/firmware/mcu_ws/build/microcdr/CMakeFiles/ucdr.dir/depend.internal".
[0.792s] Dependee "/home/neu/Desktop/microros_ws/firmware/mcu_ws/build/microcdr/CMakeFiles/CMakeDirectoryInformation.cmake" is newer than depender "/home/neu/Desktop/microros_ws/firmware/mcu_ws/build/microcdr/CMakeFiles/ucdr.dir/depend.internal".
[0.792s] [35m[1mScanning dependencies of target ucdr[0m
[0.792s] make[3]: Leaving directory '/home/neu/Desktop/microros_ws/firmware/mcu_ws/build/microcdr'
[0.793s] /usr/bin/make -f CMakeFiles/ucdr.dir/build.make CMakeFiles/ucdr.dir/build
[0.793s] make[3]: Entering directory '/home/neu/Desktop/microros_ws/firmware/mcu_ws/build/microcdr'
[0.802s] [ 12%] [34m[1mCreating directories for 'ucdr'[0m
[0.802s] /usr/bin/cmake -E make_directory /home/neu/Desktop/microros_ws/firmware/mcu_ws/eProsima/Micro-CDR
[0.811s] /usr/bin/cmake -E make_directory /home/neu/Desktop/microros_ws/firmware/mcu_ws/build/microcdr
[0.819s] /usr/bin/cmake -E make_directory /home/neu/Desktop/microros_ws/firmware/mcu_ws/build/microcdr/ucdr-prefix
[0.827s] /usr/bin/cmake -E make_directory /home/neu/Desktop/microros_ws/firmware/mcu_ws/build/microcdr/ucdr-prefix/tmp
[0.835s] /usr/bin/cmake -E make_directory /home/neu/Desktop/microros_ws/firmware/mcu_ws/build/microcdr/ucdr-prefix/src/ucdr-stamp
[0.844s] /usr/bin/cmake -E make_directory /home/neu/Desktop/microros_ws/firmware/mcu_ws/build/microcdr/ucdr-prefix/src
[0.846s] /usr/bin/cmake -E make_directory /home/neu/Desktop/microros_ws/firmware/mcu_ws/build/microcdr/ucdr-prefix/src/ucdr-stamp
[0.854s] /usr/bin/cmake -E touch /home/neu/Desktop/microros_ws/firmware/mcu_ws/build/microcdr/ucdr-prefix/src/ucdr-stamp/ucdr-mkdir
[0.863s] [ 25%] [34m[1mNo download step for 'ucdr'[0m
[0.863s] /usr/bin/cmake -E echo_append
[0.875s] /usr/bin/cmake -E touch /home/neu/Desktop/microros_ws/firmware/mcu_ws/build/microcdr/ucdr-prefix/src/ucdr-stamp/ucdr-download
[0.879s] [ 37%] [34m[1mNo patch step for 'ucdr'[0m
[0.881s] /usr/bin/cmake -E echo_append
[0.885s] [ 50%] [34m[1mNo update step for 'ucdr'[0m
[0.886s] /usr/bin/cmake -E echo_append
[0.886s] /usr/bin/cmake -E touch /home/neu/Desktop/microros_ws/firmware/mcu_ws/build/microcdr/ucdr-prefix/src/ucdr-stamp/ucdr-patch
[0.892s] /usr/bin/cmake -E touch /home/neu/Desktop/microros_ws/firmware/mcu_ws/build/microcdr/ucdr-prefix/src/ucdr-stamp/ucdr-update
[0.905s] [ 62%] [34m[1mPerforming configure step for 'ucdr'[0m
[0.905s] /usr/bin/cmake "-GUnix Makefiles" -C/home/neu/Desktop/microros_ws/firmware/mcu_ws/build/microcdr/ucdr-prefix/tmp/ucdr-cache-Debug.cmake /home/neu/Desktop/microros_ws/firmware/mcu_ws/eProsima/Micro-CDR
[0.912s] loading initial cache file /home/neu/Desktop/microros_ws/firmware/mcu_ws/build/microcdr/ucdr-prefix/tmp/ucdr-cache-Debug.cmake
[0.912s] Re-run cmake no build system arguments
[0.915s] -- Configuring done
[0.926s] -- Generating done
[0.926s] -- Build files have been written to: /home/neu/Desktop/microros_ws/firmware/mcu_ws/build/microcdr
[0.926s] /usr/bin/cmake -E touch /home/neu/Desktop/microros_ws/firmware/mcu_ws/build/microcdr/ucdr-prefix/src/ucdr-stamp/ucdr-configure
[0.932s] [ 75%] [34m[1mPerforming build step for 'ucdr'[0m
[0.932s] /usr/bin/make
[0.932s] make[4]: Entering directory '/home/neu/Desktop/microros_ws/firmware/mcu_ws/build/microcdr'
[0.932s] /usr/bin/cmake -S/home/neu/Desktop/microros_ws/firmware/mcu_ws/eProsima/Micro-CDR -B/home/neu/Desktop/microros_ws/firmware/mcu_ws/build/microcdr --check-build-system CMakeFiles/Makefile.cmake 0
[0.939s] /usr/bin/cmake -E cmake_progress_start /home/neu/Desktop/microros_ws/firmware/mcu_ws/build/microcdr/CMakeFiles /home/neu/Desktop/microros_ws/firmware/mcu_ws/build/microcdr/CMakeFiles/progress.marks
[0.944s] /usr/bin/make -f CMakeFiles/Makefile2 all
[0.944s] make[5]: Entering directory '/home/neu/Desktop/microros_ws/firmware/mcu_ws/build/microcdr'
[0.945s] /usr/bin/make -f CMakeFiles/microcdr.dir/build.make CMakeFiles/microcdr.dir/depend
[0.945s] make[6]: Entering directory '/home/neu/Desktop/microros_ws/firmware/mcu_ws/build/microcdr'
[0.945s] cd /home/neu/Desktop/microros_ws/firmware/mcu_ws/build/microcdr && /usr/bin/cmake -E cmake_depends "Unix Makefiles" /home/neu/Desktop/microros_ws/firmware/mcu_ws/eProsima/Micro-CDR /home/neu/Desktop/microros_ws/firmware/mcu_ws/eProsima/Micro-CDR /home/neu/Desktop/microros_ws/firmware/mcu_ws/build/microcdr /home/neu/Desktop/microros_ws/firmware/mcu_ws/build/microcdr /home/neu/Desktop/microros_ws/firmware/mcu_ws/build/microcdr/CMakeFiles/microcdr.dir/DependInfo.cmake --color=
[0.949s] Dependee "/home/neu/Desktop/microros_ws/firmware/mcu_ws/build/microcdr/CMakeFiles/microcdr.dir/DependInfo.cmake" is newer than depender "/home/neu/Desktop/microros_ws/firmware/mcu_ws/build/microcdr/CMakeFiles/microcdr.dir/depend.internal".
[0.950s] Dependee "/home/neu/Desktop/microros_ws/firmware/mcu_ws/build/microcdr/CMakeFiles/CMakeDirectoryInformation.cmake" is newer than depender "/home/neu/Desktop/microros_ws/firmware/mcu_ws/build/microcdr/CMakeFiles/microcdr.dir/depend.internal".
[0.950s] [35m[1mScanning dependencies of target microcdr[0m
[0.951s] make[6]: Leaving directory '/home/neu/Desktop/microros_ws/firmware/mcu_ws/build/microcdr'
[0.951s] /usr/bin/make -f CMakeFiles/microcdr.dir/build.make CMakeFiles/microcdr.dir/build
[0.951s] make[6]: Entering directory '/home/neu/Desktop/microros_ws/firmware/mcu_ws/build/microcdr'
[0.958s] [ 16%] [32mBuilding C object CMakeFiles/microcdr.dir/src/c/types/sequence.c.obj[0m
[0.958s] /home/neu/Desktop/microros_ws/firmware/freertos_apps/microros_nucleo_f446ze_extensions/../../toolchain/bin/arm-none-eabi-gcc  -I/home/neu/Desktop/microros_ws/firmware/mcu_ws/eProsima/Micro-CDR/include -I/home/neu/Desktop/microros_ws/firmware/mcu_ws/build/microcdr/include  -std=c11 -mcpu=cortex-m4 -mthumb -mfpu=fpv4-sp-d16 -mfloat-abi=hard -DUSE_HAL_DRIVER -DSTM32F446xx -D_TIMEVAL_DEFINED -O0 -Wall -fdata-sections -ffunction-sections  -DCLOCK_MONOTONIC=0 -g -fPIC   -Wall -Wextra -Wshadow -pedantic -Wcast-align -Wunused -Wconversion -Wnull-dereference -Wduplicated-branches -Wduplicated-cond -Wrestrict -Wdouble-promotion -Wsign-conversion -fdata-sections -ffunction-sections -std=gnu99 -o CMakeFiles/microcdr.dir/src/c/types/sequence.c.obj   -c /home/neu/Desktop/microros_ws/firmware/mcu_ws/eProsima/Micro-CDR/src/c/types/sequence.c
[0.959s] [ 33%] [32mBuilding C object CMakeFiles/microcdr.dir/src/c/types/string.c.obj[0m
[0.959s] [ 50%] [32mBuilding C object CMakeFiles/microcdr.dir/src/c/common.c.obj[0m
[0.959s] [ 66%] [32mBuilding C object CMakeFiles/microcdr.dir/src/c/types/array.c.obj[0m
[0.960s] /home/neu/Desktop/microros_ws/firmware/freertos_apps/microros_nucleo_f446ze_extensions/../../toolchain/bin/arm-none-eabi-gcc  -I/home/neu/Desktop/microros_ws/firmware/mcu_ws/eProsima/Micro-CDR/include -I/home/neu/Desktop/microros_ws/firmware/mcu_ws/build/microcdr/include  -std=c11 -mcpu=cortex-m4 -mthumb -mfpu=fpv4-sp-d16 -mfloat-abi=hard -DUSE_HAL_DRIVER -DSTM32F446xx -D_TIMEVAL_DEFINED -O0 -Wall -fdata-sections -ffunction-sections  -DCLOCK_MONOTONIC=0 -g -fPIC   -Wall -Wextra -Wshadow -pedantic -Wcast-align -Wunused -Wconversion -Wnull-dereference -Wduplicated-branches -Wduplicated-cond -Wrestrict -Wdouble-promotion -Wsign-conversion -fdata-sections -ffunction-sections -std=gnu99 -o CMakeFiles/microcdr.dir/src/c/common.c.obj   -c /home/neu/Desktop/microros_ws/firmware/mcu_ws/eProsima/Micro-CDR/src/c/common.c
[0.960s] [ 83%] [32mBuilding C object CMakeFiles/microcdr.dir/src/c/types/basic.c.obj[0m
[0.960s] /home/neu/Desktop/microros_ws/firmware/freertos_apps/microros_nucleo_f446ze_extensions/../../toolchain/bin/arm-none-eabi-gcc  -I/home/neu/Desktop/microros_ws/firmware/mcu_ws/eProsima/Micro-CDR/include -I/home/neu/Desktop/microros_ws/firmware/mcu_ws/build/microcdr/include  -std=c11 -mcpu=cortex-m4 -mthumb -mfpu=fpv4-sp-d16 -mfloat-abi=hard -DUSE_HAL_DRIVER -DSTM32F446xx -D_TIMEVAL_DEFINED -O0 -Wall -fdata-sections -ffunction-sections  -DCLOCK_MONOTONIC=0 -g -fPIC   -Wall -Wextra -Wshadow -pedantic -Wcast-align -Wunused -Wconversion -Wnull-dereference -Wduplicated-branches -Wduplicated-cond -Wrestrict -Wdouble-promotion -Wsign-conversion -fdata-sections -ffunction-sections -std=gnu99 -o CMakeFiles/microcdr.dir/src/c/types/array.c.obj   -c /home/neu/Desktop/microros_ws/firmware/mcu_ws/eProsima/Micro-CDR/src/c/types/array.c
[0.961s] /home/neu/Desktop/microros_ws/firmware/freertos_apps/microros_nucleo_f446ze_extensions/../../toolchain/bin/arm-none-eabi-gcc  -I/home/neu/Desktop/microros_ws/firmware/mcu_ws/eProsima/Micro-CDR/include -I/home/neu/Desktop/microros_ws/firmware/mcu_ws/build/microcdr/include  -std=c11 -mcpu=cortex-m4 -mthumb -mfpu=fpv4-sp-d16 -mfloat-abi=hard -DUSE_HAL_DRIVER -DSTM32F446xx -D_TIMEVAL_DEFINED -O0 -Wall -fdata-sections -ffunction-sections  -DCLOCK_MONOTONIC=0 -g -fPIC   -Wall -Wextra -Wshadow -pedantic -Wcast-align -Wunused -Wconversion -Wnull-dereference -Wduplicated-branches -Wduplicated-cond -Wrestrict -Wdouble-promotion -Wsign-conversion -fdata-sections -ffunction-sections -std=gnu99 -o CMakeFiles/microcdr.dir/src/c/types/basic.c.obj   -c /home/neu/Desktop/microros_ws/firmware/mcu_ws/eProsima/Micro-CDR/src/c/types/basic.c
[0.964s] /home/neu/Desktop/microros_ws/firmware/freertos_apps/microros_nucleo_f446ze_extensions/../../toolchain/bin/arm-none-eabi-gcc  -I/home/neu/Desktop/microros_ws/firmware/mcu_ws/eProsima/Micro-CDR/include -I/home/neu/Desktop/microros_ws/firmware/mcu_ws/build/microcdr/include  -std=c11 -mcpu=cortex-m4 -mthumb -mfpu=fpv4-sp-d16 -mfloat-abi=hard -DUSE_HAL_DRIVER -DSTM32F446xx -D_TIMEVAL_DEFINED -O0 -Wall -fdata-sections -ffunction-sections  -DCLOCK_MONOTONIC=0 -g -fPIC   -Wall -Wextra -Wshadow -pedantic -Wcast-align -Wunused -Wconversion -Wnull-dereference -Wduplicated-branches -Wduplicated-cond -Wrestrict -Wdouble-promotion -Wsign-conversion -fdata-sections -ffunction-sections -std=gnu99 -o CMakeFiles/microcdr.dir/src/c/types/string.c.obj   -c /home/neu/Desktop/microros_ws/firmware/mcu_ws/eProsima/Micro-CDR/src/c/types/string.c
[1.282s] [100%] [32m[1mLinking C static library libmicrocdr.a[0m
[1.284s] /usr/bin/cmake -P CMakeFiles/microcdr.dir/cmake_clean_target.cmake
[1.295s] /usr/bin/cmake -E cmake_link_script CMakeFiles/microcdr.dir/link.txt --verbose=1
[1.301s] /home/neu/Desktop/microros_ws/firmware/toolchain/bin/arm-none-eabi-ar qc libmicrocdr.a  CMakeFiles/microcdr.dir/src/c/common.c.obj CMakeFiles/microcdr.dir/src/c/types/basic.c.obj CMakeFiles/microcdr.dir/src/c/types/string.c.obj CMakeFiles/microcdr.dir/src/c/types/array.c.obj CMakeFiles/microcdr.dir/src/c/types/sequence.c.obj
[1.304s] /home/neu/Desktop/microros_ws/firmware/toolchain/bin/arm-none-eabi-ranlib libmicrocdr.a
[1.307s] make[6]: Leaving directory '/home/neu/Desktop/microros_ws/firmware/mcu_ws/build/microcdr'
[1.322s] [100%] Built target microcdr
[1.322s] make[5]: Leaving directory '/home/neu/Desktop/microros_ws/firmware/mcu_ws/build/microcdr'
[1.323s] /usr/bin/cmake -E cmake_progress_start /home/neu/Desktop/microros_ws/firmware/mcu_ws/build/microcdr/CMakeFiles 0
[1.338s] make[4]: Leaving directory '/home/neu/Desktop/microros_ws/firmware/mcu_ws/build/microcdr'
[1.338s] /usr/bin/cmake -E touch /home/neu/Desktop/microros_ws/firmware/mcu_ws/build/microcdr/ucdr-prefix/src/ucdr-stamp/ucdr-build
[1.370s] [34m[1mNo install step for 'ucdr'[0m
[1.372s] /usr/bin/cmake -E echo_append
[1.391s] /usr/bin/cmake -E touch /home/neu/Desktop/microros_ws/firmware/mcu_ws/build/microcdr/ucdr-prefix/src/ucdr-stamp/ucdr-install
[1.423s] [34m[1mCompleted 'ucdr'[0m
[1.424s] /usr/bin/cmake -E make_directory /home/neu/Desktop/microros_ws/firmware/mcu_ws/build/microcdr/CMakeFiles
[1.455s] /usr/bin/cmake -E touch /home/neu/Desktop/microros_ws/firmware/mcu_ws/build/microcdr/CMakeFiles/ucdr-complete
[1.467s] /usr/bin/cmake -E touch /home/neu/Desktop/microros_ws/firmware/mcu_ws/build/microcdr/ucdr-prefix/src/ucdr-stamp/ucdr-done
[1.477s] make[3]: Leaving directory '/home/neu/Desktop/microros_ws/firmware/mcu_ws/build/microcdr'
[1.485s] Built target ucdr
[1.486s] make[2]: Leaving directory '/home/neu/Desktop/microros_ws/firmware/mcu_ws/build/microcdr'
[1.487s] /usr/bin/cmake -E cmake_progress_start /home/neu/Desktop/microros_ws/firmware/mcu_ws/build/microcdr/CMakeFiles 0
[1.497s] make[1]: Leaving directory '/home/neu/Desktop/microros_ws/firmware/mcu_ws/build/microcdr'
[1.501s] Invoked command in '/home/neu/Desktop/microros_ws/firmware/mcu_ws/build/microcdr' returned '0': /usr/bin/cmake --build /home/neu/Desktop/microros_ws/firmware/mcu_ws/build/microcdr -- -j20 -l20
[1.540s] Invoking command in '/home/neu/Desktop/microros_ws/firmware/mcu_ws/build/microcdr': /usr/bin/cmake --install /home/neu/Desktop/microros_ws/firmware/mcu_ws/build/microcdr
[1.553s] -- Install configuration: "Debug"
[1.554s] -- Installing: /home/neu/Desktop/microros_ws/firmware/mcu_ws/install/microcdr/lib/libmicrocdr.a
[1.554s] -- Installing: /home/neu/Desktop/microros_ws/firmware/mcu_ws/install/microcdr/include/ucdr
[1.554s] -- Installing: /home/neu/Desktop/microros_ws/firmware/mcu_ws/install/microcdr/include/ucdr/visibility.h
[1.554s] -- Installing: /home/neu/Desktop/microros_ws/firmware/mcu_ws/install/microcdr/include/ucdr/microcdr.h
[1.554s] -- Installing: /home/neu/Desktop/microros_ws/firmware/mcu_ws/install/microcdr/include/ucdr/config.h
[1.554s] -- Installing: /home/neu/Desktop/microros_ws/firmware/mcu_ws/install/microcdr/share/microcdr/cmake/microcdrTargets.cmake
[1.554s] -- Installing: /home/neu/Desktop/microros_ws/firmware/mcu_ws/install/microcdr/share/microcdr/cmake/microcdrTargets-debug.cmake
[1.554s] -- Installing: /home/neu/Desktop/microros_ws/firmware/mcu_ws/install/microcdr/share/microcdr/cmake/microcdrConfig.cmake
[1.554s] -- Installing: /home/neu/Desktop/microros_ws/firmware/mcu_ws/install/microcdr/share/microcdr/cmake/microcdrConfigVersion.cmake
[1.577s] Invoked command in '/home/neu/Desktop/microros_ws/firmware/mcu_ws/build/microcdr' returned '0': /usr/bin/cmake --install /home/neu/Desktop/microros_ws/firmware/mcu_ws/build/microcdr
