[0.688s] Invoking command in '/home/neu/Desktop/microros_ws/firmware/mcu_ws/build/libyaml_vendor': CMAKE_PREFIX_PATH=${CMAKE_PREFIX_PATH}:/home/neu/Desktop/microros_ws/firmware/dev_ws/install/ament_uncrustify:/home/neu/Desktop/microros_ws/firmware/dev_ws/install/domain_coordinator:/home/neu/Desktop/microros_ws/firmware/dev_ws/install/ament_xmllint:/home/neu/Desktop/microros_ws/firmware/dev_ws/install/ament_pyflakes:/home/neu/Desktop/microros_ws/firmware/dev_ws/install/ament_pycodestyle:/home/neu/Desktop/microros_ws/firmware/dev_ws/install/ament_pep257:/home/neu/Desktop/microros_ws/firmware/dev_ws/install/ament_pclint:/home/neu/Desktop/microros_ws/firmware/dev_ws/install/ament_package:/home/neu/Desktop/microros_ws/firmware/dev_ws/install/ament_mypy:/home/neu/Desktop/microros_ws/firmware/dev_ws/install/ament_lint_cmake:/home/neu/Desktop/microros_ws/firmware/dev_ws/install/ament_flake8:/home/neu/Desktop/microros_ws/firmware/dev_ws/install/ament_copyright:/home/neu/Desktop/microros_ws/firmware/dev_ws/install/ament_lint:/home/neu/Desktop/microros_ws/firmware/dev_ws/install/ament_index_python:/home/neu/Desktop/microros_ws/firmware/dev_ws/install/ament_cpplint:/home/neu/Desktop/microros_ws/firmware/dev_ws/install/ament_cppcheck:/home/neu/Desktop/microros_ws/firmware/dev_ws/install/ament_clang_tidy:/home/neu/Desktop/microros_ws/firmware/dev_ws/install/ament_clang_format /usr/bin/cmake /home/neu/Desktop/microros_ws/firmware/mcu_ws/ros2/libyaml_vendor --no-warn-unused-cli -DCMAKE_POSITION_INDEPENDENT_CODE=OFF -DTHIRDPARTY=ON -DBUILD_SHARED_LIBS=OFF -DBUILD_TESTING=OFF -DCMAKE_BUILD_TYPE=Debug -DCMAKE_TOOLCHAIN_FILE=/home/neu/Desktop/microros_ws/firmware/freertos_apps/microros_nucleo_f446ze_extensions/arm_toolchain.cmake -DCMAKE_VERBOSE_MAKEFILE=ON -DCMAKE_INSTALL_PREFIX=/home/neu/Desktop/microros_ws/firmware/mcu_ws/install/libyaml_vendor
[0.698s] Not searching for unused variables given on the command line.
[0.769s] -- The C compiler identification is GNU 8.3.1
[0.843s] -- The CXX compiler identification is GNU 8.3.1
[0.853s] -- Check for working C compiler: /home/neu/Desktop/microros_ws/firmware/freertos_apps/microros_nucleo_f446ze_extensions/../../toolchain/bin/arm-none-eabi-gcc
[0.898s] -- Check for working C compiler: /home/neu/Desktop/microros_ws/firmware/freertos_apps/microros_nucleo_f446ze_extensions/../../toolchain/bin/arm-none-eabi-gcc -- works
[0.899s] -- Detecting C compiler ABI info
[0.992s] -- Detecting C compiler ABI info - done
[0.998s] -- Detecting C compile features
[0.998s] -- Detecting C compile features - done
[0.998s] -- Check for working CXX compiler: /home/neu/Desktop/microros_ws/firmware/freertos_apps/microros_nucleo_f446ze_extensions/../../toolchain/bin/arm-none-eabi-g++
[1.069s] -- Check for working CXX compiler: /home/neu/Desktop/microros_ws/firmware/freertos_apps/microros_nucleo_f446ze_extensions/../../toolchain/bin/arm-none-eabi-g++ -- works
[1.070s] -- Detecting CXX compiler ABI info
[1.139s] -- Detecting CXX compiler ABI info - done
[1.149s] -- Detecting CXX compile features
[1.150s] -- Detecting CXX compile features - done
[1.152s] -- Found ament_cmake: 1.3.5 (/home/neu/Desktop/microros_ws/firmware/dev_ws/install/ament_cmake/share/ament_cmake/cmake)
[1.532s] -- Found Python3: /usr/bin/python3.8 (found version "3.8.10") found components: Interpreter 
[1.773s] -- Configuring done
[1.775s] -- Generating done
[1.775s] -- Build files have been written to: /home/neu/Desktop/microros_ws/firmware/mcu_ws/build/libyaml_vendor
[2.008s] Invoked command in '/home/neu/Desktop/microros_ws/firmware/mcu_ws/build/libyaml_vendor' returned '0': CMAKE_PREFIX_PATH=${CMAKE_PREFIX_PATH}:/home/neu/Desktop/microros_ws/firmware/dev_ws/install/ament_uncrustify:/home/neu/Desktop/microros_ws/firmware/dev_ws/install/domain_coordinator:/home/neu/Desktop/microros_ws/firmware/dev_ws/install/ament_xmllint:/home/neu/Desktop/microros_ws/firmware/dev_ws/install/ament_pyflakes:/home/neu/Desktop/microros_ws/firmware/dev_ws/install/ament_pycodestyle:/home/neu/Desktop/microros_ws/firmware/dev_ws/install/ament_pep257:/home/neu/Desktop/microros_ws/firmware/dev_ws/install/ament_pclint:/home/neu/Desktop/microros_ws/firmware/dev_ws/install/ament_package:/home/neu/Desktop/microros_ws/firmware/dev_ws/install/ament_mypy:/home/neu/Desktop/microros_ws/firmware/dev_ws/install/ament_lint_cmake:/home/neu/Desktop/microros_ws/firmware/dev_ws/install/ament_flake8:/home/neu/Desktop/microros_ws/firmware/dev_ws/install/ament_copyright:/home/neu/Desktop/microros_ws/firmware/dev_ws/install/ament_lint:/home/neu/Desktop/microros_ws/firmware/dev_ws/install/ament_index_python:/home/neu/Desktop/microros_ws/firmware/dev_ws/install/ament_cpplint:/home/neu/Desktop/microros_ws/firmware/dev_ws/install/ament_cppcheck:/home/neu/Desktop/microros_ws/firmware/dev_ws/install/ament_clang_tidy:/home/neu/Desktop/microros_ws/firmware/dev_ws/install/ament_clang_format /usr/bin/cmake /home/neu/Desktop/microros_ws/firmware/mcu_ws/ros2/libyaml_vendor --no-warn-unused-cli -DCMAKE_POSITION_INDEPENDENT_CODE=OFF -DTHIRDPARTY=ON -DBUILD_SHARED_LIBS=OFF -DBUILD_TESTING=OFF -DCMAKE_BUILD_TYPE=Debug -DCMAKE_TOOLCHAIN_FILE=/home/neu/Desktop/microros_ws/firmware/freertos_apps/microros_nucleo_f446ze_extensions/arm_toolchain.cmake -DCMAKE_VERBOSE_MAKEFILE=ON -DCMAKE_INSTALL_PREFIX=/home/neu/Desktop/microros_ws/firmware/mcu_ws/install/libyaml_vendor
[2.009s] Invoking command in '/home/neu/Desktop/microros_ws/firmware/mcu_ws/build/libyaml_vendor': CMAKE_PREFIX_PATH=${CMAKE_PREFIX_PATH}:/home/neu/Desktop/microros_ws/firmware/dev_ws/install/ament_uncrustify:/home/neu/Desktop/microros_ws/firmware/dev_ws/install/domain_coordinator:/home/neu/Desktop/microros_ws/firmware/dev_ws/install/ament_xmllint:/home/neu/Desktop/microros_ws/firmware/dev_ws/install/ament_pyflakes:/home/neu/Desktop/microros_ws/firmware/dev_ws/install/ament_pycodestyle:/home/neu/Desktop/microros_ws/firmware/dev_ws/install/ament_pep257:/home/neu/Desktop/microros_ws/firmware/dev_ws/install/ament_pclint:/home/neu/Desktop/microros_ws/firmware/dev_ws/install/ament_package:/home/neu/Desktop/microros_ws/firmware/dev_ws/install/ament_mypy:/home/neu/Desktop/microros_ws/firmware/dev_ws/install/ament_lint_cmake:/home/neu/Desktop/microros_ws/firmware/dev_ws/install/ament_flake8:/home/neu/Desktop/microros_ws/firmware/dev_ws/install/ament_copyright:/home/neu/Desktop/microros_ws/firmware/dev_ws/install/ament_lint:/home/neu/Desktop/microros_ws/firmware/dev_ws/install/ament_index_python:/home/neu/Desktop/microros_ws/firmware/dev_ws/install/ament_cpplint:/home/neu/Desktop/microros_ws/firmware/dev_ws/install/ament_cppcheck:/home/neu/Desktop/microros_ws/firmware/dev_ws/install/ament_clang_tidy:/home/neu/Desktop/microros_ws/firmware/dev_ws/install/ament_clang_format /usr/bin/cmake --build /home/neu/Desktop/microros_ws/firmware/mcu_ws/build/libyaml_vendor -- -j20 -l20
[2.287s] make[1]: Entering directory '/home/neu/Desktop/microros_ws/firmware/mcu_ws/build/libyaml_vendor'
[2.287s] /usr/bin/cmake -S/home/neu/Desktop/microros_ws/firmware/mcu_ws/ros2/libyaml_vendor -B/home/neu/Desktop/microros_ws/firmware/mcu_ws/build/libyaml_vendor --check-build-system CMakeFiles/Makefile.cmake 0
[2.287s] /usr/bin/cmake -E cmake_progress_start /home/neu/Desktop/microros_ws/firmware/mcu_ws/build/libyaml_vendor/CMakeFiles /home/neu/Desktop/microros_ws/firmware/mcu_ws/build/libyaml_vendor/CMakeFiles/progress.marks
[2.287s] /usr/bin/make -f CMakeFiles/Makefile2 all
[2.287s] make[2]: Entering directory '/home/neu/Desktop/microros_ws/firmware/mcu_ws/build/libyaml_vendor'
[2.287s] /usr/bin/make -f CMakeFiles/libyaml-0.2.5.dir/build.make CMakeFiles/libyaml-0.2.5.dir/depend
[2.287s] make[3]: Entering directory '/home/neu/Desktop/microros_ws/firmware/mcu_ws/build/libyaml_vendor'
[2.287s] cd /home/neu/Desktop/microros_ws/firmware/mcu_ws/build/libyaml_vendor && /usr/bin/cmake -E cmake_depends "Unix Makefiles" /home/neu/Desktop/microros_ws/firmware/mcu_ws/ros2/libyaml_vendor /home/neu/Desktop/microros_ws/firmware/mcu_ws/ros2/libyaml_vendor /home/neu/Desktop/microros_ws/firmware/mcu_ws/build/libyaml_vendor /home/neu/Desktop/microros_ws/firmware/mcu_ws/build/libyaml_vendor /home/neu/Desktop/microros_ws/firmware/mcu_ws/build/libyaml_vendor/CMakeFiles/libyaml-0.2.5.dir/DependInfo.cmake --color=
[2.287s] Dependee "/home/neu/Desktop/microros_ws/firmware/mcu_ws/build/libyaml_vendor/CMakeFiles/libyaml-0.2.5.dir/DependInfo.cmake" is newer than depender "/home/neu/Desktop/microros_ws/firmware/mcu_ws/build/libyaml_vendor/CMakeFiles/libyaml-0.2.5.dir/depend.internal".
[2.287s] Dependee "/home/neu/Desktop/microros_ws/firmware/mcu_ws/build/libyaml_vendor/CMakeFiles/CMakeDirectoryInformation.cmake" is newer than depender "/home/neu/Desktop/microros_ws/firmware/mcu_ws/build/libyaml_vendor/CMakeFiles/libyaml-0.2.5.dir/depend.internal".
[2.287s] [35m[1mScanning dependencies of target libyaml-0.2.5[0m
[2.287s] make[3]: Leaving directory '/home/neu/Desktop/microros_ws/firmware/mcu_ws/build/libyaml_vendor'
[2.287s] /usr/bin/make -f CMakeFiles/libyaml-0.2.5.dir/build.make CMakeFiles/libyaml-0.2.5.dir/build
[2.287s] make[3]: Entering directory '/home/neu/Desktop/microros_ws/firmware/mcu_ws/build/libyaml_vendor'
[2.287s] [ 12%] [34m[1mCreating directories for 'libyaml-0.2.5'[0m
[2.287s] /usr/bin/cmake -E make_directory /home/neu/Desktop/microros_ws/firmware/mcu_ws/build/libyaml_vendor/libyaml-0.2.5-prefix/src/libyaml-0.2.5
[2.287s] /usr/bin/cmake -E make_directory /home/neu/Desktop/microros_ws/firmware/mcu_ws/build/libyaml_vendor/libyaml-0.2.5-prefix/src/libyaml-0.2.5-build
[2.288s] /usr/bin/cmake -E make_directory /home/neu/Desktop/microros_ws/firmware/mcu_ws/build/libyaml_vendor/libyaml-0.2.5-prefix
[2.288s] /usr/bin/cmake -E make_directory /home/neu/Desktop/microros_ws/firmware/mcu_ws/build/libyaml_vendor/libyaml-0.2.5-prefix/tmp
[2.288s] /usr/bin/cmake -E make_directory /home/neu/Desktop/microros_ws/firmware/mcu_ws/build/libyaml_vendor/libyaml-0.2.5-prefix/src/libyaml-0.2.5-stamp
[2.288s] /usr/bin/cmake -E make_directory /home/neu/Desktop/microros_ws/firmware/mcu_ws/build/libyaml_vendor/libyaml-0.2.5-prefix/src
[2.288s] /usr/bin/cmake -E make_directory /home/neu/Desktop/microros_ws/firmware/mcu_ws/build/libyaml_vendor/libyaml-0.2.5-prefix/src/libyaml-0.2.5-stamp
[2.288s] /usr/bin/cmake -E touch /home/neu/Desktop/microros_ws/firmware/mcu_ws/build/libyaml_vendor/libyaml-0.2.5-prefix/src/libyaml-0.2.5-stamp/libyaml-0.2.5-mkdir
[2.288s] [ 25%] [34m[1mPerforming download step (git clone) for 'libyaml-0.2.5'[0m
[2.288s] cd /home/neu/Desktop/microros_ws/firmware/mcu_ws/build/libyaml_vendor/libyaml-0.2.5-prefix/src && /usr/bin/cmake -P /home/neu/Desktop/microros_ws/firmware/mcu_ws/build/libyaml_vendor/libyaml-0.2.5-prefix/tmp/libyaml-0.2.5-gitclone.cmake
[2.289s] Cloning into 'libyaml-0.2.5'...
[5.977s] HEAD is now at 2c891fc Changes for v0.2.5 release
[6.001s] cd /home/neu/Desktop/microros_ws/firmware/mcu_ws/build/libyaml_vendor/libyaml-0.2.5-prefix/src && /usr/bin/cmake -E touch /home/neu/Desktop/microros_ws/firmware/mcu_ws/build/libyaml_vendor/libyaml-0.2.5-prefix/src/libyaml-0.2.5-stamp/libyaml-0.2.5-download
[6.013s] [ 50%] [34m[1mPerforming patch step for 'libyaml-0.2.5'[0m
[6.013s] [ 50%] [34m[1mNo update step for 'libyaml-0.2.5'[0m
[6.016s] cd /home/neu/Desktop/microros_ws/firmware/mcu_ws/build/libyaml_vendor/libyaml-0.2.5-prefix/src/libyaml-0.2.5 && /usr/bin/cmake -E chdir /home/neu/Desktop/microros_ws/firmware/mcu_ws/build/libyaml_vendor/libyaml-0.2.5-prefix/src/libyaml-0.2.5 git apply -p1 --ignore-space-change --whitespace=nowarn /home/neu/Desktop/microros_ws/firmware/mcu_ws/ros2/libyaml_vendor/0001-Install-yaml.h-to-INSTALL_INCLUDE_DIR.patch
[6.016s] cd /home/neu/Desktop/microros_ws/firmware/mcu_ws/build/libyaml_vendor/libyaml-0.2.5-prefix/src/libyaml-0.2.5 && /usr/bin/cmake -E echo_append
[6.021s] cd /home/neu/Desktop/microros_ws/firmware/mcu_ws/build/libyaml_vendor/libyaml-0.2.5-prefix/src/libyaml-0.2.5 && /usr/bin/cmake -E touch /home/neu/Desktop/microros_ws/firmware/mcu_ws/build/libyaml_vendor/libyaml-0.2.5-prefix/src/libyaml-0.2.5-stamp/libyaml-0.2.5-update
[6.021s] cd /home/neu/Desktop/microros_ws/firmware/mcu_ws/build/libyaml_vendor/libyaml-0.2.5-prefix/src/libyaml-0.2.5 && /usr/bin/cmake -E touch /home/neu/Desktop/microros_ws/firmware/mcu_ws/build/libyaml_vendor/libyaml-0.2.5-prefix/src/libyaml-0.2.5-stamp/libyaml-0.2.5-patch
[6.032s] [ 62%] [34m[1mPerforming configure step for 'libyaml-0.2.5'[0m
[6.032s] cd /home/neu/Desktop/microros_ws/firmware/mcu_ws/build/libyaml_vendor/libyaml-0.2.5-prefix/src/libyaml-0.2.5-build && /usr/bin/cmake -DCMAKE_INSTALL_PREFIX=/home/neu/Desktop/microros_ws/firmware/mcu_ws/build/libyaml_vendor/libyaml_install -DINSTALL_INCLUDE_DIR:STRING=include/libyaml_vendor -DCMAKE_BUILD_TYPE=Debug -DBUILD_SHARED_LIBS=ON -DBUILD_TESTING=OFF "-DCMAKE_C_FLAGS=-std=c11 -mcpu=cortex-m4 -mthumb -mfpu=fpv4-sp-d16 -mfloat-abi=hard -DUSE_HAL_DRIVER -DSTM32F446xx -D_TIMEVAL_DEFINED -O0 -Wall -fdata-sections -ffunction-sections  -DCLOCK_MONOTONIC=0" -DCMAKE_TOOLCHAIN_FILE=/home/neu/Desktop/microros_ws/firmware/freertos_apps/microros_nucleo_f446ze_extensions/arm_toolchain.cmake "-GUnix Makefiles" /home/neu/Desktop/microros_ws/firmware/mcu_ws/build/libyaml_vendor/libyaml-0.2.5-prefix/src/libyaml-0.2.5
[6.037s] Re-run cmake no build system arguments
[6.125s] -- The C compiler identification is GNU 8.3.1
[6.143s] -- Check for working C compiler: /home/neu/Desktop/microros_ws/firmware/freertos_apps/microros_nucleo_f446ze_extensions/../../toolchain/bin/arm-none-eabi-gcc
[6.193s] -- Check for working C compiler: /home/neu/Desktop/microros_ws/firmware/freertos_apps/microros_nucleo_f446ze_extensions/../../toolchain/bin/arm-none-eabi-gcc -- works
[6.194s] -- Detecting C compiler ABI info
[6.257s] -- Detecting C compiler ABI info - done
[6.263s] -- Detecting C compile features
[6.263s] -- Detecting C compile features - done
[6.264s] CMake Warning (dev) at CMakeLists.txt:56 (add_library):
[6.264s]   ADD_LIBRARY called with SHARED option but the target platform does not
[6.264s]   support dynamic linking.  Building a STATIC library instead.  This may lead
[6.264s]   to problems.
[6.264s] This warning is for project developers.  Use -Wno-dev to suppress it.
[6.264s] 
[6.267s] -- Configuring done
[6.270s] -- Generating done
[6.270s] -- Build files have been written to: /home/neu/Desktop/microros_ws/firmware/mcu_ws/build/libyaml_vendor/libyaml-0.2.5-prefix/src/libyaml-0.2.5-build
[6.273s] cd /home/neu/Desktop/microros_ws/firmware/mcu_ws/build/libyaml_vendor/libyaml-0.2.5-prefix/src/libyaml-0.2.5-build && /usr/bin/cmake -E touch /home/neu/Desktop/microros_ws/firmware/mcu_ws/build/libyaml_vendor/libyaml-0.2.5-prefix/src/libyaml-0.2.5-stamp/libyaml-0.2.5-configure
[6.294s] [ 75%] [34m[1mPerforming build step for 'libyaml-0.2.5'[0m
[6.294s] cd /home/neu/Desktop/microros_ws/firmware/mcu_ws/build/libyaml_vendor/libyaml-0.2.5-prefix/src/libyaml-0.2.5-build && /usr/bin/make
[6.295s] make[4]: Entering directory '/home/neu/Desktop/microros_ws/firmware/mcu_ws/build/libyaml_vendor/libyaml-0.2.5-prefix/src/libyaml-0.2.5-build'
[6.295s] /usr/bin/cmake -S/home/neu/Desktop/microros_ws/firmware/mcu_ws/build/libyaml_vendor/libyaml-0.2.5-prefix/src/libyaml-0.2.5 -B/home/neu/Desktop/microros_ws/firmware/mcu_ws/build/libyaml_vendor/libyaml-0.2.5-prefix/src/libyaml-0.2.5-build --check-build-system CMakeFiles/Makefile.cmake 0
[6.306s] /usr/bin/cmake -E cmake_progress_start /home/neu/Desktop/microros_ws/firmware/mcu_ws/build/libyaml_vendor/libyaml-0.2.5-prefix/src/libyaml-0.2.5-build/CMakeFiles /home/neu/Desktop/microros_ws/firmware/mcu_ws/build/libyaml_vendor/libyaml-0.2.5-prefix/src/libyaml-0.2.5-build/CMakeFiles/progress.marks
[6.313s] /usr/bin/make -f CMakeFiles/Makefile2 all
[6.314s] make[5]: Entering directory '/home/neu/Desktop/microros_ws/firmware/mcu_ws/build/libyaml_vendor/libyaml-0.2.5-prefix/src/libyaml-0.2.5-build'
[6.314s] /usr/bin/make -f CMakeFiles/yaml.dir/build.make CMakeFiles/yaml.dir/depend
[6.315s] make[6]: Entering directory '/home/neu/Desktop/microros_ws/firmware/mcu_ws/build/libyaml_vendor/libyaml-0.2.5-prefix/src/libyaml-0.2.5-build'
[6.315s] cd /home/neu/Desktop/microros_ws/firmware/mcu_ws/build/libyaml_vendor/libyaml-0.2.5-prefix/src/libyaml-0.2.5-build && /usr/bin/cmake -E cmake_depends "Unix Makefiles" /home/neu/Desktop/microros_ws/firmware/mcu_ws/build/libyaml_vendor/libyaml-0.2.5-prefix/src/libyaml-0.2.5 /home/neu/Desktop/microros_ws/firmware/mcu_ws/build/libyaml_vendor/libyaml-0.2.5-prefix/src/libyaml-0.2.5 /home/neu/Desktop/microros_ws/firmware/mcu_ws/build/libyaml_vendor/libyaml-0.2.5-prefix/src/libyaml-0.2.5-build /home/neu/Desktop/microros_ws/firmware/mcu_ws/build/libyaml_vendor/libyaml-0.2.5-prefix/src/libyaml-0.2.5-build /home/neu/Desktop/microros_ws/firmware/mcu_ws/build/libyaml_vendor/libyaml-0.2.5-prefix/src/libyaml-0.2.5-build/CMakeFiles/yaml.dir/DependInfo.cmake --color=
[6.323s] Dependee "/home/neu/Desktop/microros_ws/firmware/mcu_ws/build/libyaml_vendor/libyaml-0.2.5-prefix/src/libyaml-0.2.5-build/CMakeFiles/yaml.dir/DependInfo.cmake" is newer than depender "/home/neu/Desktop/microros_ws/firmware/mcu_ws/build/libyaml_vendor/libyaml-0.2.5-prefix/src/libyaml-0.2.5-build/CMakeFiles/yaml.dir/depend.internal".
[6.323s] Dependee "/home/neu/Desktop/microros_ws/firmware/mcu_ws/build/libyaml_vendor/libyaml-0.2.5-prefix/src/libyaml-0.2.5-build/CMakeFiles/CMakeDirectoryInformation.cmake" is newer than depender "/home/neu/Desktop/microros_ws/firmware/mcu_ws/build/libyaml_vendor/libyaml-0.2.5-prefix/src/libyaml-0.2.5-build/CMakeFiles/yaml.dir/depend.internal".
[6.323s] [35m[1mScanning dependencies of target yaml[0m
[6.328s] make[6]: Leaving directory '/home/neu/Desktop/microros_ws/firmware/mcu_ws/build/libyaml_vendor/libyaml-0.2.5-prefix/src/libyaml-0.2.5-build'
[6.328s] /usr/bin/make -f CMakeFiles/yaml.dir/build.make CMakeFiles/yaml.dir/build
[6.335s] make[6]: Entering directory '/home/neu/Desktop/microros_ws/firmware/mcu_ws/build/libyaml_vendor/libyaml-0.2.5-prefix/src/libyaml-0.2.5-build'
[6.338s] [ 33%] [32mBuilding C object CMakeFiles/yaml.dir/src/emitter.c.obj[0m
[6.338s] [ 33%] [32mBuilding C object CMakeFiles/yaml.dir/src/dumper.c.obj[0m
[6.338s] [ 33%] [32mBuilding C object CMakeFiles/yaml.dir/src/api.c.obj[0m
[6.338s] [ 44%] [32mBuilding C object CMakeFiles/yaml.dir/src/loader.c.obj[0m
[6.338s] [ 66%] [32mBuilding C object CMakeFiles/yaml.dir/src/writer.c.obj[0m
[6.339s] [ 66%] [32mBuilding C object CMakeFiles/yaml.dir/src/reader.c.obj[0m
[6.339s] [ 88%] [32mBuilding C object CMakeFiles/yaml.dir/src/scanner.c.obj[0m
[6.339s] [ 88%] [32mBuilding C object CMakeFiles/yaml.dir/src/parser.c.obj[0m
[6.339s] /home/neu/Desktop/microros_ws/firmware/freertos_apps/microros_nucleo_f446ze_extensions/../../toolchain/bin/arm-none-eabi-gcc -DHAVE_CONFIG_H -I/home/neu/Desktop/microros_ws/firmware/mcu_ws/build/libyaml_vendor/libyaml-0.2.5-prefix/src/libyaml-0.2.5/include -I/home/neu/Desktop/microros_ws/firmware/mcu_ws/build/libyaml_vendor/libyaml-0.2.5-prefix/src/libyaml-0.2.5-build/include  -std=c11 -mcpu=cortex-m4 -mthumb -mfpu=fpv4-sp-d16 -mfloat-abi=hard -DUSE_HAL_DRIVER -DSTM32F446xx -D_TIMEVAL_DEFINED -O0 -Wall -fdata-sections -ffunction-sections  -DCLOCK_MONOTONIC=0 -g   -o CMakeFiles/yaml.dir/src/api.c.obj   -c /home/neu/Desktop/microros_ws/firmware/mcu_ws/build/libyaml_vendor/libyaml-0.2.5-prefix/src/libyaml-0.2.5/src/api.c
[6.339s] /home/neu/Desktop/microros_ws/firmware/freertos_apps/microros_nucleo_f446ze_extensions/../../toolchain/bin/arm-none-eabi-gcc -DHAVE_CONFIG_H -I/home/neu/Desktop/microros_ws/firmware/mcu_ws/build/libyaml_vendor/libyaml-0.2.5-prefix/src/libyaml-0.2.5/include -I/home/neu/Desktop/microros_ws/firmware/mcu_ws/build/libyaml_vendor/libyaml-0.2.5-prefix/src/libyaml-0.2.5-build/include  -std=c11 -mcpu=cortex-m4 -mthumb -mfpu=fpv4-sp-d16 -mfloat-abi=hard -DUSE_HAL_DRIVER -DSTM32F446xx -D_TIMEVAL_DEFINED -O0 -Wall -fdata-sections -ffunction-sections  -DCLOCK_MONOTONIC=0 -g   -o CMakeFiles/yaml.dir/src/dumper.c.obj   -c /home/neu/Desktop/microros_ws/firmware/mcu_ws/build/libyaml_vendor/libyaml-0.2.5-prefix/src/libyaml-0.2.5/src/dumper.c
[6.339s] /home/neu/Desktop/microros_ws/firmware/freertos_apps/microros_nucleo_f446ze_extensions/../../toolchain/bin/arm-none-eabi-gcc -DHAVE_CONFIG_H -I/home/neu/Desktop/microros_ws/firmware/mcu_ws/build/libyaml_vendor/libyaml-0.2.5-prefix/src/libyaml-0.2.5/include -I/home/neu/Desktop/microros_ws/firmware/mcu_ws/build/libyaml_vendor/libyaml-0.2.5-prefix/src/libyaml-0.2.5-build/include  -std=c11 -mcpu=cortex-m4 -mthumb -mfpu=fpv4-sp-d16 -mfloat-abi=hard -DUSE_HAL_DRIVER -DSTM32F446xx -D_TIMEVAL_DEFINED -O0 -Wall -fdata-sections -ffunction-sections  -DCLOCK_MONOTONIC=0 -g   -o CMakeFiles/yaml.dir/src/emitter.c.obj   -c /home/neu/Desktop/microros_ws/firmware/mcu_ws/build/libyaml_vendor/libyaml-0.2.5-prefix/src/libyaml-0.2.5/src/emitter.c
[6.339s] /home/neu/Desktop/microros_ws/firmware/freertos_apps/microros_nucleo_f446ze_extensions/../../toolchain/bin/arm-none-eabi-gcc -DHAVE_CONFIG_H -I/home/neu/Desktop/microros_ws/firmware/mcu_ws/build/libyaml_vendor/libyaml-0.2.5-prefix/src/libyaml-0.2.5/include -I/home/neu/Desktop/microros_ws/firmware/mcu_ws/build/libyaml_vendor/libyaml-0.2.5-prefix/src/libyaml-0.2.5-build/include  -std=c11 -mcpu=cortex-m4 -mthumb -mfpu=fpv4-sp-d16 -mfloat-abi=hard -DUSE_HAL_DRIVER -DSTM32F446xx -D_TIMEVAL_DEFINED -O0 -Wall -fdata-sections -ffunction-sections  -DCLOCK_MONOTONIC=0 -g   -o CMakeFiles/yaml.dir/src/loader.c.obj   -c /home/neu/Desktop/microros_ws/firmware/mcu_ws/build/libyaml_vendor/libyaml-0.2.5-prefix/src/libyaml-0.2.5/src/loader.c
[6.339s] /home/neu/Desktop/microros_ws/firmware/freertos_apps/microros_nucleo_f446ze_extensions/../../toolchain/bin/arm-none-eabi-gcc -DHAVE_CONFIG_H -I/home/neu/Desktop/microros_ws/firmware/mcu_ws/build/libyaml_vendor/libyaml-0.2.5-prefix/src/libyaml-0.2.5/include -I/home/neu/Desktop/microros_ws/firmware/mcu_ws/build/libyaml_vendor/libyaml-0.2.5-prefix/src/libyaml-0.2.5-build/include  -std=c11 -mcpu=cortex-m4 -mthumb -mfpu=fpv4-sp-d16 -mfloat-abi=hard -DUSE_HAL_DRIVER -DSTM32F446xx -D_TIMEVAL_DEFINED -O0 -Wall -fdata-sections -ffunction-sections  -DCLOCK_MONOTONIC=0 -g   -o CMakeFiles/yaml.dir/src/reader.c.obj   -c /home/neu/Desktop/microros_ws/firmware/mcu_ws/build/libyaml_vendor/libyaml-0.2.5-prefix/src/libyaml-0.2.5/src/reader.c
[6.339s] /home/neu/Desktop/microros_ws/firmware/freertos_apps/microros_nucleo_f446ze_extensions/../../toolchain/bin/arm-none-eabi-gcc -DHAVE_CONFIG_H -I/home/neu/Desktop/microros_ws/firmware/mcu_ws/build/libyaml_vendor/libyaml-0.2.5-prefix/src/libyaml-0.2.5/include -I/home/neu/Desktop/microros_ws/firmware/mcu_ws/build/libyaml_vendor/libyaml-0.2.5-prefix/src/libyaml-0.2.5-build/include  -std=c11 -mcpu=cortex-m4 -mthumb -mfpu=fpv4-sp-d16 -mfloat-abi=hard -DUSE_HAL_DRIVER -DSTM32F446xx -D_TIMEVAL_DEFINED -O0 -Wall -fdata-sections -ffunction-sections  -DCLOCK_MONOTONIC=0 -g   -o CMakeFiles/yaml.dir/src/scanner.c.obj   -c /home/neu/Desktop/microros_ws/firmware/mcu_ws/build/libyaml_vendor/libyaml-0.2.5-prefix/src/libyaml-0.2.5/src/scanner.c
[6.339s] /home/neu/Desktop/microros_ws/firmware/freertos_apps/microros_nucleo_f446ze_extensions/../../toolchain/bin/arm-none-eabi-gcc -DHAVE_CONFIG_H -I/home/neu/Desktop/microros_ws/firmware/mcu_ws/build/libyaml_vendor/libyaml-0.2.5-prefix/src/libyaml-0.2.5/include -I/home/neu/Desktop/microros_ws/firmware/mcu_ws/build/libyaml_vendor/libyaml-0.2.5-prefix/src/libyaml-0.2.5-build/include  -std=c11 -mcpu=cortex-m4 -mthumb -mfpu=fpv4-sp-d16 -mfloat-abi=hard -DUSE_HAL_DRIVER -DSTM32F446xx -D_TIMEVAL_DEFINED -O0 -Wall -fdata-sections -ffunction-sections  -DCLOCK_MONOTONIC=0 -g   -o CMakeFiles/yaml.dir/src/parser.c.obj   -c /home/neu/Desktop/microros_ws/firmware/mcu_ws/build/libyaml_vendor/libyaml-0.2.5-prefix/src/libyaml-0.2.5/src/parser.c
[6.340s] /home/neu/Desktop/microros_ws/firmware/freertos_apps/microros_nucleo_f446ze_extensions/../../toolchain/bin/arm-none-eabi-gcc -DHAVE_CONFIG_H -I/home/neu/Desktop/microros_ws/firmware/mcu_ws/build/libyaml_vendor/libyaml-0.2.5-prefix/src/libyaml-0.2.5/include -I/home/neu/Desktop/microros_ws/firmware/mcu_ws/build/libyaml_vendor/libyaml-0.2.5-prefix/src/libyaml-0.2.5-build/include  -std=c11 -mcpu=cortex-m4 -mthumb -mfpu=fpv4-sp-d16 -mfloat-abi=hard -DUSE_HAL_DRIVER -DSTM32F446xx -D_TIMEVAL_DEFINED -O0 -Wall -fdata-sections -ffunction-sections  -DCLOCK_MONOTONIC=0 -g   -o CMakeFiles/yaml.dir/src/writer.c.obj   -c /home/neu/Desktop/microros_ws/firmware/mcu_ws/build/libyaml_vendor/libyaml-0.2.5-prefix/src/libyaml-0.2.5/src/writer.c
[6.386s] [01m[K/home/neu/Desktop/microros_ws/firmware/mcu_ws/build/libyaml_vendor/libyaml-0.2.5-prefix/src/libyaml-0.2.5/src/api.c:[m[K In function '[01m[Kyaml_strdup[m[K':
[6.386s] [01m[K/home/neu/Desktop/microros_ws/firmware/mcu_ws/build/libyaml_vendor/libyaml-0.2.5-prefix/src/libyaml-0.2.5/src/api.c:66:27:[m[K [01;35m[Kwarning: [m[Kimplicit declaration of function '[01m[Kstrdup[m[K'; did you mean '[01m[Kstrcmp[m[K'? [[01;35m[K-Wimplicit-function-declaration[m[K]
[6.387s]      return (yaml_char_t *)[01;35m[Kstrdup[m[K((char *)str);
[6.387s]                            [01;35m[K^~~~~~[m[K
[6.387s]                            [32m[Kstrcmp[m[K
[6.406s] [01m[K/home/neu/Desktop/microros_ws/firmware/mcu_ws/build/libyaml_vendor/libyaml-0.2.5-prefix/src/libyaml-0.2.5/src/emitter.c:[m[K In function '[01m[Kyaml_emitter_write_plain_scalar[m[K':
[6.406s] [01m[K/home/neu/Desktop/microros_ws/firmware/mcu_ws/build/libyaml_vendor/libyaml-0.2.5-prefix/src/libyaml-0.2.5/src/emitter.c:28:6:[m[K [01;35m[Kwarning: [m[Kvalue computed is not used [[01;35m[K-Wunused-value[m[K]
[6.406s]       [01;35m[K&&[m[K ((emitter->line_break == YAML_CR_BREAK ?                                \
[6.406s]       [01;35m[K^~[m[K
[6.406s] [01m[K/home/neu/Desktop/microros_ws/firmware/mcu_ws/build/libyaml_vendor/libyaml-0.2.5-prefix/src/libyaml-0.2.5/src/emitter.c:56:11:[m[K [01;36m[Knote: [m[Kin expansion of macro '[01m[KPUT_BREAK[m[K'
[6.406s]           ([01;36m[KPUT_BREAK[m[K(emitter),                                                   \
[6.406s]            [01;36m[K^~~~~~~~~[m[K
[6.406s] [01m[K/home/neu/Desktop/microros_ws/firmware/mcu_ws/build/libyaml_vendor/libyaml-0.2.5-prefix/src/libyaml-0.2.5/src/emitter.c:1962:18:[m[K [01;36m[Knote: [m[Kin expansion of macro '[01m[KWRITE_BREAK[m[K'
[6.406s]              if (![01;36m[KWRITE_BREAK[m[K(emitter, string)) return 0;
[6.406s]                   [01;36m[K^~~~~~~~~~~[m[K
[6.408s] [01m[K/home/neu/Desktop/microros_ws/firmware/mcu_ws/build/libyaml_vendor/libyaml-0.2.5-prefix/src/libyaml-0.2.5/src/emitter.c:[m[K In function '[01m[Kyaml_emitter_write_single_quoted_scalar[m[K':
[6.408s] [01m[K/home/neu/Desktop/microros_ws/firmware/mcu_ws/build/libyaml_vendor/libyaml-0.2.5-prefix/src/libyaml-0.2.5/src/emitter.c:28:6:[m[K [01;35m[Kwarning: [m[Kvalue computed is not used [[01;35m[K-Wunused-value[m[K]
[6.409s]       [01;35m[K&&[m[K ((emitter->line_break == YAML_CR_BREAK ?                                \
[6.409s]       [01;35m[K^~[m[K
[6.409s] [01m[K/home/neu/Desktop/microros_ws/firmware/mcu_ws/build/libyaml_vendor/libyaml-0.2.5-prefix/src/libyaml-0.2.5/src/emitter.c:56:11:[m[K [01;36m[Knote: [m[Kin expansion of macro '[01m[KPUT_BREAK[m[K'
[6.409s]           ([01;36m[KPUT_BREAK[m[K(emitter),                                                   \
[6.409s]            [01;36m[K^~~~~~~~~[m[K
[6.409s] [01m[K/home/neu/Desktop/microros_ws/firmware/mcu_ws/build/libyaml_vendor/libyaml-0.2.5-prefix/src/libyaml-0.2.5/src/emitter.c:2019:18:[m[K [01;36m[Knote: [m[Kin expansion of macro '[01m[KWRITE_BREAK[m[K'
[6.409s]              if (![01;36m[KWRITE_BREAK[m[K(emitter, string)) return 0;
[6.409s]                   [01;36m[K^~~~~~~~~~~[m[K
[6.417s] [01m[K/home/neu/Desktop/microros_ws/firmware/mcu_ws/build/libyaml_vendor/libyaml-0.2.5-prefix/src/libyaml-0.2.5/src/emitter.c:[m[K In function '[01m[Kyaml_emitter_write_literal_scalar[m[K':
[6.417s] [01m[K/home/neu/Desktop/microros_ws/firmware/mcu_ws/build/libyaml_vendor/libyaml-0.2.5-prefix/src/libyaml-0.2.5/src/emitter.c:28:6:[m[K [01;35m[Kwarning: [m[Kvalue computed is not used [[01;35m[K-Wunused-value[m[K]
[6.417s]       [01;35m[K&&[m[K ((emitter->line_break == YAML_CR_BREAK ?                                \
[6.417s]       [01;35m[K^~[m[K
[6.417s] [01m[K/home/neu/Desktop/microros_ws/firmware/mcu_ws/build/libyaml_vendor/libyaml-0.2.5-prefix/src/libyaml-0.2.5/src/emitter.c:56:11:[m[K [01;36m[Knote: [m[Kin expansion of macro '[01m[KPUT_BREAK[m[K'
[6.417s]           ([01;36m[KPUT_BREAK[m[K(emitter),                                                   \
[6.418s]            [01;36m[K^~~~~~~~~[m[K
[6.418s] [01m[K/home/neu/Desktop/microros_ws/firmware/mcu_ws/build/libyaml_vendor/libyaml-0.2.5-prefix/src/libyaml-0.2.5/src/emitter.c:2285:18:[m[K [01;36m[Knote: [m[Kin expansion of macro '[01m[KWRITE_BREAK[m[K'
[6.418s]              if (![01;36m[KWRITE_BREAK[m[K(emitter, string)) return 0;
[6.418s]                   [01;36m[K^~~~~~~~~~~[m[K
[6.420s] [01m[K/home/neu/Desktop/microros_ws/firmware/mcu_ws/build/libyaml_vendor/libyaml-0.2.5-prefix/src/libyaml-0.2.5/src/emitter.c:[m[K In function '[01m[Kyaml_emitter_write_folded_scalar[m[K':
[6.420s] [01m[K/home/neu/Desktop/microros_ws/firmware/mcu_ws/build/libyaml_vendor/libyaml-0.2.5-prefix/src/libyaml-0.2.5/src/emitter.c:28:6:[m[K [01;35m[Kwarning: [m[Kvalue computed is not used [[01;35m[K-Wunused-value[m[K]
[6.420s]       [01;35m[K&&[m[K ((emitter->line_break == YAML_CR_BREAK ?                                \
[6.420s]       [01;35m[K^~[m[K
[6.420s] [01m[K/home/neu/Desktop/microros_ws/firmware/mcu_ws/build/libyaml_vendor/libyaml-0.2.5-prefix/src/libyaml-0.2.5/src/emitter.c:56:11:[m[K [01;36m[Knote: [m[Kin expansion of macro '[01m[KPUT_BREAK[m[K'
[6.420s]           ([01;36m[KPUT_BREAK[m[K(emitter),                                                   \
[6.420s]            [01;36m[K^~~~~~~~~[m[K
[6.420s] [01m[K/home/neu/Desktop/microros_ws/firmware/mcu_ws/build/libyaml_vendor/libyaml-0.2.5-prefix/src/libyaml-0.2.5/src/emitter.c:2334:18:[m[K [01;36m[Knote: [m[Kin expansion of macro '[01m[KWRITE_BREAK[m[K'
[6.420s]              if (![01;36m[KWRITE_BREAK[m[K(emitter, string)) return 0;
[6.421s]                   [01;36m[K^~~~~~~~~~~[m[K
[6.967s] [100%] [32m[1mLinking C static library libyaml.a[0m
[6.968s] /usr/bin/cmake -P CMakeFiles/yaml.dir/cmake_clean_target.cmake
[6.975s] /usr/bin/cmake -E cmake_link_script CMakeFiles/yaml.dir/link.txt --verbose=1
[6.984s] /home/neu/Desktop/microros_ws/firmware/toolchain/bin/arm-none-eabi-ar qc libyaml.a  CMakeFiles/yaml.dir/src/api.c.obj CMakeFiles/yaml.dir/src/dumper.c.obj CMakeFiles/yaml.dir/src/emitter.c.obj CMakeFiles/yaml.dir/src/loader.c.obj CMakeFiles/yaml.dir/src/parser.c.obj CMakeFiles/yaml.dir/src/reader.c.obj CMakeFiles/yaml.dir/src/scanner.c.obj CMakeFiles/yaml.dir/src/writer.c.obj
[6.987s] /home/neu/Desktop/microros_ws/firmware/toolchain/bin/arm-none-eabi-ranlib libyaml.a
[6.989s] make[6]: Leaving directory '/home/neu/Desktop/microros_ws/firmware/mcu_ws/build/libyaml_vendor/libyaml-0.2.5-prefix/src/libyaml-0.2.5-build'
[6.998s] [100%] Built target yaml
[6.999s] make[5]: Leaving directory '/home/neu/Desktop/microros_ws/firmware/mcu_ws/build/libyaml_vendor/libyaml-0.2.5-prefix/src/libyaml-0.2.5-build'
[6.999s] /usr/bin/cmake -E cmake_progress_start /home/neu/Desktop/microros_ws/firmware/mcu_ws/build/libyaml_vendor/libyaml-0.2.5-prefix/src/libyaml-0.2.5-build/CMakeFiles 0
[7.008s] make[4]: Leaving directory '/home/neu/Desktop/microros_ws/firmware/mcu_ws/build/libyaml_vendor/libyaml-0.2.5-prefix/src/libyaml-0.2.5-build'
[7.008s] cd /home/neu/Desktop/microros_ws/firmware/mcu_ws/build/libyaml_vendor/libyaml-0.2.5-prefix/src/libyaml-0.2.5-build && /usr/bin/cmake -E touch /home/neu/Desktop/microros_ws/firmware/mcu_ws/build/libyaml_vendor/libyaml-0.2.5-prefix/src/libyaml-0.2.5-stamp/libyaml-0.2.5-build
[7.025s] [ 87%] [34m[1mPerforming install step for 'libyaml-0.2.5'[0m
[7.026s] cd /home/neu/Desktop/microros_ws/firmware/mcu_ws/build/libyaml_vendor/libyaml-0.2.5-prefix/src/libyaml-0.2.5-build && /usr/bin/make install
[7.028s] make[4]: Entering directory '/home/neu/Desktop/microros_ws/firmware/mcu_ws/build/libyaml_vendor/libyaml-0.2.5-prefix/src/libyaml-0.2.5-build'
[7.028s] /usr/bin/cmake -S/home/neu/Desktop/microros_ws/firmware/mcu_ws/build/libyaml_vendor/libyaml-0.2.5-prefix/src/libyaml-0.2.5 -B/home/neu/Desktop/microros_ws/firmware/mcu_ws/build/libyaml_vendor/libyaml-0.2.5-prefix/src/libyaml-0.2.5-build --check-build-system CMakeFiles/Makefile.cmake 0
[7.038s] /usr/bin/cmake -E cmake_progress_start /home/neu/Desktop/microros_ws/firmware/mcu_ws/build/libyaml_vendor/libyaml-0.2.5-prefix/src/libyaml-0.2.5-build/CMakeFiles /home/neu/Desktop/microros_ws/firmware/mcu_ws/build/libyaml_vendor/libyaml-0.2.5-prefix/src/libyaml-0.2.5-build/CMakeFiles/progress.marks
[7.042s] /usr/bin/make -f CMakeFiles/Makefile2 all
[7.043s] make[5]: Entering directory '/home/neu/Desktop/microros_ws/firmware/mcu_ws/build/libyaml_vendor/libyaml-0.2.5-prefix/src/libyaml-0.2.5-build'
[7.043s] /usr/bin/make -f CMakeFiles/yaml.dir/build.make CMakeFiles/yaml.dir/depend
[7.044s] make[6]: Entering directory '/home/neu/Desktop/microros_ws/firmware/mcu_ws/build/libyaml_vendor/libyaml-0.2.5-prefix/src/libyaml-0.2.5-build'
[7.044s] cd /home/neu/Desktop/microros_ws/firmware/mcu_ws/build/libyaml_vendor/libyaml-0.2.5-prefix/src/libyaml-0.2.5-build && /usr/bin/cmake -E cmake_depends "Unix Makefiles" /home/neu/Desktop/microros_ws/firmware/mcu_ws/build/libyaml_vendor/libyaml-0.2.5-prefix/src/libyaml-0.2.5 /home/neu/Desktop/microros_ws/firmware/mcu_ws/build/libyaml_vendor/libyaml-0.2.5-prefix/src/libyaml-0.2.5 /home/neu/Desktop/microros_ws/firmware/mcu_ws/build/libyaml_vendor/libyaml-0.2.5-prefix/src/libyaml-0.2.5-build /home/neu/Desktop/microros_ws/firmware/mcu_ws/build/libyaml_vendor/libyaml-0.2.5-prefix/src/libyaml-0.2.5-build /home/neu/Desktop/microros_ws/firmware/mcu_ws/build/libyaml_vendor/libyaml-0.2.5-prefix/src/libyaml-0.2.5-build/CMakeFiles/yaml.dir/DependInfo.cmake --color=
[7.054s] make[6]: Leaving directory '/home/neu/Desktop/microros_ws/firmware/mcu_ws/build/libyaml_vendor/libyaml-0.2.5-prefix/src/libyaml-0.2.5-build'
[7.054s] /usr/bin/make -f CMakeFiles/yaml.dir/build.make CMakeFiles/yaml.dir/build
[7.055s] make[6]: Entering directory '/home/neu/Desktop/microros_ws/firmware/mcu_ws/build/libyaml_vendor/libyaml-0.2.5-prefix/src/libyaml-0.2.5-build'
[7.055s] make[6]: Nothing to be done for 'CMakeFiles/yaml.dir/build'.
[7.055s] make[6]: Leaving directory '/home/neu/Desktop/microros_ws/firmware/mcu_ws/build/libyaml_vendor/libyaml-0.2.5-prefix/src/libyaml-0.2.5-build'
[7.062s] [100%] Built target yaml
[7.063s] make[5]: Leaving directory '/home/neu/Desktop/microros_ws/firmware/mcu_ws/build/libyaml_vendor/libyaml-0.2.5-prefix/src/libyaml-0.2.5-build'
[7.063s] /usr/bin/cmake -E cmake_progress_start /home/neu/Desktop/microros_ws/firmware/mcu_ws/build/libyaml_vendor/libyaml-0.2.5-prefix/src/libyaml-0.2.5-build/CMakeFiles 0
[7.072s] /usr/bin/make -f CMakeFiles/Makefile2 preinstall
[7.072s] make[5]: Entering directory '/home/neu/Desktop/microros_ws/firmware/mcu_ws/build/libyaml_vendor/libyaml-0.2.5-prefix/src/libyaml-0.2.5-build'
[7.072s] make[5]: Nothing to be done for 'preinstall'.
[7.073s] make[5]: Leaving directory '/home/neu/Desktop/microros_ws/firmware/mcu_ws/build/libyaml_vendor/libyaml-0.2.5-prefix/src/libyaml-0.2.5-build'
[7.081s] [36mInstall the project...[0m
[7.082s] /usr/bin/cmake -P cmake_install.cmake
[7.089s] -- Install configuration: "Debug"
[7.089s] -- Installing: /home/neu/Desktop/microros_ws/firmware/mcu_ws/build/libyaml_vendor/libyaml_install/include/libyaml_vendor/yaml.h
[7.089s] -- Installing: /home/neu/Desktop/microros_ws/firmware/mcu_ws/build/libyaml_vendor/libyaml_install/lib/libyaml.a
[7.089s] -- Installing: /home/neu/Desktop/microros_ws/firmware/mcu_ws/build/libyaml_vendor/libyaml_install/cmake/yamlConfig.cmake
[7.089s] -- Installing: /home/neu/Desktop/microros_ws/firmware/mcu_ws/build/libyaml_vendor/libyaml_install/cmake/yamlTargets.cmake
[7.089s] -- Installing: /home/neu/Desktop/microros_ws/firmware/mcu_ws/build/libyaml_vendor/libyaml_install/cmake/yamlTargets-debug.cmake
[7.089s] -- Installing: /home/neu/Desktop/microros_ws/firmware/mcu_ws/build/libyaml_vendor/libyaml_install/cmake/yamlConfigVersion.cmake
[7.090s] make[4]: Leaving directory '/home/neu/Desktop/microros_ws/firmware/mcu_ws/build/libyaml_vendor/libyaml-0.2.5-prefix/src/libyaml-0.2.5-build'
[7.090s] cd /home/neu/Desktop/microros_ws/firmware/mcu_ws/build/libyaml_vendor/libyaml-0.2.5-prefix/src/libyaml-0.2.5-build && /usr/bin/cmake -E touch /home/neu/Desktop/microros_ws/firmware/mcu_ws/build/libyaml_vendor/libyaml-0.2.5-prefix/src/libyaml-0.2.5-stamp/libyaml-0.2.5-install
[7.108s] [100%] [34m[1mCompleted 'libyaml-0.2.5'[0m
[7.109s] /usr/bin/cmake -E make_directory /home/neu/Desktop/microros_ws/firmware/mcu_ws/build/libyaml_vendor/CMakeFiles
[7.119s] /usr/bin/cmake -E touch /home/neu/Desktop/microros_ws/firmware/mcu_ws/build/libyaml_vendor/CMakeFiles/libyaml-0.2.5-complete
[7.124s] /usr/bin/cmake -E touch /home/neu/Desktop/microros_ws/firmware/mcu_ws/build/libyaml_vendor/libyaml-0.2.5-prefix/src/libyaml-0.2.5-stamp/libyaml-0.2.5-done
[7.134s] make[3]: Leaving directory '/home/neu/Desktop/microros_ws/firmware/mcu_ws/build/libyaml_vendor'
[7.143s] [100%] Built target libyaml-0.2.5
[7.145s] make[2]: Leaving directory '/home/neu/Desktop/microros_ws/firmware/mcu_ws/build/libyaml_vendor'
[7.145s] /usr/bin/cmake -E cmake_progress_start /home/neu/Desktop/microros_ws/firmware/mcu_ws/build/libyaml_vendor/CMakeFiles 0
[7.155s] make[1]: Leaving directory '/home/neu/Desktop/microros_ws/firmware/mcu_ws/build/libyaml_vendor'
[7.158s] Invoked command in '/home/neu/Desktop/microros_ws/firmware/mcu_ws/build/libyaml_vendor' returned '0': CMAKE_PREFIX_PATH=${CMAKE_PREFIX_PATH}:/home/neu/Desktop/microros_ws/firmware/dev_ws/install/ament_uncrustify:/home/neu/Desktop/microros_ws/firmware/dev_ws/install/domain_coordinator:/home/neu/Desktop/microros_ws/firmware/dev_ws/install/ament_xmllint:/home/neu/Desktop/microros_ws/firmware/dev_ws/install/ament_pyflakes:/home/neu/Desktop/microros_ws/firmware/dev_ws/install/ament_pycodestyle:/home/neu/Desktop/microros_ws/firmware/dev_ws/install/ament_pep257:/home/neu/Desktop/microros_ws/firmware/dev_ws/install/ament_pclint:/home/neu/Desktop/microros_ws/firmware/dev_ws/install/ament_package:/home/neu/Desktop/microros_ws/firmware/dev_ws/install/ament_mypy:/home/neu/Desktop/microros_ws/firmware/dev_ws/install/ament_lint_cmake:/home/neu/Desktop/microros_ws/firmware/dev_ws/install/ament_flake8:/home/neu/Desktop/microros_ws/firmware/dev_ws/install/ament_copyright:/home/neu/Desktop/microros_ws/firmware/dev_ws/install/ament_lint:/home/neu/Desktop/microros_ws/firmware/dev_ws/install/ament_index_python:/home/neu/Desktop/microros_ws/firmware/dev_ws/install/ament_cpplint:/home/neu/Desktop/microros_ws/firmware/dev_ws/install/ament_cppcheck:/home/neu/Desktop/microros_ws/firmware/dev_ws/install/ament_clang_tidy:/home/neu/Desktop/microros_ws/firmware/dev_ws/install/ament_clang_format /usr/bin/cmake --build /home/neu/Desktop/microros_ws/firmware/mcu_ws/build/libyaml_vendor -- -j20 -l20
[7.197s] Invoking command in '/home/neu/Desktop/microros_ws/firmware/mcu_ws/build/libyaml_vendor': CMAKE_PREFIX_PATH=${CMAKE_PREFIX_PATH}:/home/neu/Desktop/microros_ws/firmware/dev_ws/install/ament_uncrustify:/home/neu/Desktop/microros_ws/firmware/dev_ws/install/domain_coordinator:/home/neu/Desktop/microros_ws/firmware/dev_ws/install/ament_xmllint:/home/neu/Desktop/microros_ws/firmware/dev_ws/install/ament_pyflakes:/home/neu/Desktop/microros_ws/firmware/dev_ws/install/ament_pycodestyle:/home/neu/Desktop/microros_ws/firmware/dev_ws/install/ament_pep257:/home/neu/Desktop/microros_ws/firmware/dev_ws/install/ament_pclint:/home/neu/Desktop/microros_ws/firmware/dev_ws/install/ament_package:/home/neu/Desktop/microros_ws/firmware/dev_ws/install/ament_mypy:/home/neu/Desktop/microros_ws/firmware/dev_ws/install/ament_lint_cmake:/home/neu/Desktop/microros_ws/firmware/dev_ws/install/ament_flake8:/home/neu/Desktop/microros_ws/firmware/dev_ws/install/ament_copyright:/home/neu/Desktop/microros_ws/firmware/dev_ws/install/ament_lint:/home/neu/Desktop/microros_ws/firmware/dev_ws/install/ament_index_python:/home/neu/Desktop/microros_ws/firmware/dev_ws/install/ament_cpplint:/home/neu/Desktop/microros_ws/firmware/dev_ws/install/ament_cppcheck:/home/neu/Desktop/microros_ws/firmware/dev_ws/install/ament_clang_tidy:/home/neu/Desktop/microros_ws/firmware/dev_ws/install/ament_clang_format /usr/bin/cmake --install /home/neu/Desktop/microros_ws/firmware/mcu_ws/build/libyaml_vendor
[7.211s] -- Install configuration: "Debug"
[7.211s] -- Installing: /home/neu/Desktop/microros_ws/firmware/mcu_ws/install/libyaml_vendor
[7.211s] -- Installing: /home/neu/Desktop/microros_ws/firmware/mcu_ws/install/libyaml_vendor/lib
[7.211s] -- Installing: /home/neu/Desktop/microros_ws/firmware/mcu_ws/install/libyaml_vendor/lib/libyaml.a
[7.211s] -- Installing: /home/neu/Desktop/microros_ws/firmware/mcu_ws/install/libyaml_vendor/include
[7.211s] -- Installing: /home/neu/Desktop/microros_ws/firmware/mcu_ws/install/libyaml_vendor/include/libyaml_vendor
[7.212s] -- Installing: /home/neu/Desktop/microros_ws/firmware/mcu_ws/install/libyaml_vendor/include/libyaml_vendor/yaml.h
[7.212s] -- Installing: /home/neu/Desktop/microros_ws/firmware/mcu_ws/install/libyaml_vendor/cmake
[7.212s] -- Installing: /home/neu/Desktop/microros_ws/firmware/mcu_ws/install/libyaml_vendor/cmake/yamlTargets-debug.cmake
[7.212s] -- Installing: /home/neu/Desktop/microros_ws/firmware/mcu_ws/install/libyaml_vendor/cmake/yamlConfigVersion.cmake
[7.212s] -- Installing: /home/neu/Desktop/microros_ws/firmware/mcu_ws/install/libyaml_vendor/cmake/yamlTargets.cmake
[7.212s] -- Installing: /home/neu/Desktop/microros_ws/firmware/mcu_ws/install/libyaml_vendor/cmake/yamlConfig.cmake
[7.212s] -- Installing: /home/neu/Desktop/microros_ws/firmware/mcu_ws/install/libyaml_vendor/share/libyaml_vendor/environment/library_path.sh
[7.212s] -- Installing: /home/neu/Desktop/microros_ws/firmware/mcu_ws/install/libyaml_vendor/share/libyaml_vendor/environment/library_path.dsv
[7.213s] -- Installing: /home/neu/Desktop/microros_ws/firmware/mcu_ws/install/libyaml_vendor/share/ament_index/resource_index/package_run_dependencies/libyaml_vendor
[7.213s] -- Installing: /home/neu/Desktop/microros_ws/firmware/mcu_ws/install/libyaml_vendor/share/ament_index/resource_index/parent_prefix_path/libyaml_vendor
[7.213s] -- Installing: /home/neu/Desktop/microros_ws/firmware/mcu_ws/install/libyaml_vendor/share/libyaml_vendor/environment/ament_prefix_path.sh
[7.213s] -- Installing: /home/neu/Desktop/microros_ws/firmware/mcu_ws/install/libyaml_vendor/share/libyaml_vendor/environment/ament_prefix_path.dsv
[7.213s] -- Installing: /home/neu/Desktop/microros_ws/firmware/mcu_ws/install/libyaml_vendor/share/libyaml_vendor/environment/path.sh
[7.213s] -- Installing: /home/neu/Desktop/microros_ws/firmware/mcu_ws/install/libyaml_vendor/share/libyaml_vendor/environment/path.dsv
[7.214s] -- Installing: /home/neu/Desktop/microros_ws/firmware/mcu_ws/install/libyaml_vendor/share/libyaml_vendor/local_setup.bash
[7.214s] -- Installing: /home/neu/Desktop/microros_ws/firmware/mcu_ws/install/libyaml_vendor/share/libyaml_vendor/local_setup.sh
[7.214s] -- Installing: /home/neu/Desktop/microros_ws/firmware/mcu_ws/install/libyaml_vendor/share/libyaml_vendor/local_setup.zsh
[7.214s] -- Installing: /home/neu/Desktop/microros_ws/firmware/mcu_ws/install/libyaml_vendor/share/libyaml_vendor/local_setup.dsv
[7.214s] -- Installing: /home/neu/Desktop/microros_ws/firmware/mcu_ws/install/libyaml_vendor/share/libyaml_vendor/package.dsv
[7.214s] -- Installing: /home/neu/Desktop/microros_ws/firmware/mcu_ws/install/libyaml_vendor/share/ament_index/resource_index/packages/libyaml_vendor
[7.214s] -- Installing: /home/neu/Desktop/microros_ws/firmware/mcu_ws/install/libyaml_vendor/share/libyaml_vendor/cmake/libyaml_vendor-extras.cmake
[7.215s] -- Installing: /home/neu/Desktop/microros_ws/firmware/mcu_ws/install/libyaml_vendor/share/libyaml_vendor/cmake/ament_cmake_export_libraries-extras.cmake
[7.215s] -- Installing: /home/neu/Desktop/microros_ws/firmware/mcu_ws/install/libyaml_vendor/share/libyaml_vendor/cmake/ament_cmake_export_dependencies-extras.cmake
[7.215s] -- Installing: /home/neu/Desktop/microros_ws/firmware/mcu_ws/install/libyaml_vendor/share/libyaml_vendor/cmake/libyaml_vendorConfig.cmake
[7.215s] -- Installing: /home/neu/Desktop/microros_ws/firmware/mcu_ws/install/libyaml_vendor/share/libyaml_vendor/cmake/libyaml_vendorConfig-version.cmake
[7.215s] -- Installing: /home/neu/Desktop/microros_ws/firmware/mcu_ws/install/libyaml_vendor/share/libyaml_vendor/package.xml
[7.224s] Invoked command in '/home/neu/Desktop/microros_ws/firmware/mcu_ws/build/libyaml_vendor' returned '0': CMAKE_PREFIX_PATH=${CMAKE_PREFIX_PATH}:/home/neu/Desktop/microros_ws/firmware/dev_ws/install/ament_uncrustify:/home/neu/Desktop/microros_ws/firmware/dev_ws/install/domain_coordinator:/home/neu/Desktop/microros_ws/firmware/dev_ws/install/ament_xmllint:/home/neu/Desktop/microros_ws/firmware/dev_ws/install/ament_pyflakes:/home/neu/Desktop/microros_ws/firmware/dev_ws/install/ament_pycodestyle:/home/neu/Desktop/microros_ws/firmware/dev_ws/install/ament_pep257:/home/neu/Desktop/microros_ws/firmware/dev_ws/install/ament_pclint:/home/neu/Desktop/microros_ws/firmware/dev_ws/install/ament_package:/home/neu/Desktop/microros_ws/firmware/dev_ws/install/ament_mypy:/home/neu/Desktop/microros_ws/firmware/dev_ws/install/ament_lint_cmake:/home/neu/Desktop/microros_ws/firmware/dev_ws/install/ament_flake8:/home/neu/Desktop/microros_ws/firmware/dev_ws/install/ament_copyright:/home/neu/Desktop/microros_ws/firmware/dev_ws/install/ament_lint:/home/neu/Desktop/microros_ws/firmware/dev_ws/install/ament_index_python:/home/neu/Desktop/microros_ws/firmware/dev_ws/install/ament_cpplint:/home/neu/Desktop/microros_ws/firmware/dev_ws/install/ament_cppcheck:/home/neu/Desktop/microros_ws/firmware/dev_ws/install/ament_clang_tidy:/home/neu/Desktop/microros_ws/firmware/dev_ws/install/ament_clang_format /usr/bin/cmake --install /home/neu/Desktop/microros_ws/firmware/mcu_ws/build/libyaml_vendor
