[0.855s] Invoking command in '/home/neu/Desktop/microros_ws/firmware/mcu_ws/uros/tracetools/ros2trace': AMENT_PREFIX_PATH=/home/neu/Desktop/microros_ws/firmware/mcu_ws/install/tracetools_trace:${AMENT_PREFIX_PATH} PYTHONPATH=/home/neu/Desktop/microros_ws/firmware/mcu_ws/build/ros2trace/prefix_override:/home/neu/Desktop/microros_ws/firmware/mcu_ws/install/ros2trace/lib/python3.8/site-packages:/home/neu/Desktop/microros_ws/firmware/mcu_ws/install/tracetools_trace/lib/python3.8/site-packages:${PYTHONPATH} /usr/bin/python3 setup.py egg_info --egg-base ../../../build/ros2trace build --build-base /home/neu/Desktop/microros_ws/firmware/mcu_ws/build/ros2trace/build install --record /home/neu/Desktop/microros_ws/firmware/mcu_ws/build/ros2trace/install.log --single-version-externally-managed
[1.074s] running egg_info
[1.074s] creating ../../../build/ros2trace/ros2trace.egg-info
[1.074s] writing ../../../build/ros2trace/ros2trace.egg-info/PKG-INFO
[1.075s] writing dependency_links to ../../../build/ros2trace/ros2trace.egg-info/dependency_links.txt
[1.075s] writing entry points to ../../../build/ros2trace/ros2trace.egg-info/entry_points.txt
[1.075s] writing requirements to ../../../build/ros2trace/ros2trace.egg-info/requires.txt
[1.075s] writing top-level names to ../../../build/ros2trace/ros2trace.egg-info/top_level.txt
[1.075s] writing manifest file '../../../build/ros2trace/ros2trace.egg-info/SOURCES.txt'
[1.105s] reading manifest file '../../../build/ros2trace/ros2trace.egg-info/SOURCES.txt'
[1.106s] writing manifest file '../../../build/ros2trace/ros2trace.egg-info/SOURCES.txt'
[1.106s] running build
[1.106s] running build_py
[1.106s] creating /home/neu/Desktop/microros_ws/firmware/mcu_ws/build/ros2trace/build
[1.107s] creating /home/neu/Desktop/microros_ws/firmware/mcu_ws/build/ros2trace/build/lib
[1.107s] creating /home/neu/Desktop/microros_ws/firmware/mcu_ws/build/ros2trace/build/lib/ros2trace
[1.107s] copying ros2trace/__init__.py -> /home/neu/Desktop/microros_ws/firmware/mcu_ws/build/ros2trace/build/lib/ros2trace
[1.107s] creating /home/neu/Desktop/microros_ws/firmware/mcu_ws/build/ros2trace/build/lib/ros2trace/api
[1.107s] copying ros2trace/api/__init__.py -> /home/neu/Desktop/microros_ws/firmware/mcu_ws/build/ros2trace/build/lib/ros2trace/api
[1.107s] creating /home/neu/Desktop/microros_ws/firmware/mcu_ws/build/ros2trace/build/lib/ros2trace/command
[1.107s] copying ros2trace/command/trace.py -> /home/neu/Desktop/microros_ws/firmware/mcu_ws/build/ros2trace/build/lib/ros2trace/command
[1.107s] copying ros2trace/command/__init__.py -> /home/neu/Desktop/microros_ws/firmware/mcu_ws/build/ros2trace/build/lib/ros2trace/command
[1.107s] running install
[1.109s] running install_lib
[1.110s] creating /home/neu/Desktop/microros_ws/firmware/mcu_ws/install/ros2trace/lib/python3.8/site-packages/ros2trace
[1.110s] creating /home/neu/Desktop/microros_ws/firmware/mcu_ws/install/ros2trace/lib/python3.8/site-packages/ros2trace/api
[1.110s] copying /home/neu/Desktop/microros_ws/firmware/mcu_ws/build/ros2trace/build/lib/ros2trace/api/__init__.py -> /home/neu/Desktop/microros_ws/firmware/mcu_ws/install/ros2trace/lib/python3.8/site-packages/ros2trace/api
[1.110s] copying /home/neu/Desktop/microros_ws/firmware/mcu_ws/build/ros2trace/build/lib/ros2trace/__init__.py -> /home/neu/Desktop/microros_ws/firmware/mcu_ws/install/ros2trace/lib/python3.8/site-packages/ros2trace
[1.110s] creating /home/neu/Desktop/microros_ws/firmware/mcu_ws/install/ros2trace/lib/python3.8/site-packages/ros2trace/command
[1.110s] copying /home/neu/Desktop/microros_ws/firmware/mcu_ws/build/ros2trace/build/lib/ros2trace/command/trace.py -> /home/neu/Desktop/microros_ws/firmware/mcu_ws/install/ros2trace/lib/python3.8/site-packages/ros2trace/command
[1.110s] copying /home/neu/Desktop/microros_ws/firmware/mcu_ws/build/ros2trace/build/lib/ros2trace/command/__init__.py -> /home/neu/Desktop/microros_ws/firmware/mcu_ws/install/ros2trace/lib/python3.8/site-packages/ros2trace/command
[1.112s] byte-compiling /home/neu/Desktop/microros_ws/firmware/mcu_ws/install/ros2trace/lib/python3.8/site-packages/ros2trace/api/__init__.py to __init__.cpython-38.pyc
[1.113s] byte-compiling /home/neu/Desktop/microros_ws/firmware/mcu_ws/install/ros2trace/lib/python3.8/site-packages/ros2trace/__init__.py to __init__.cpython-38.pyc
[1.113s] byte-compiling /home/neu/Desktop/microros_ws/firmware/mcu_ws/install/ros2trace/lib/python3.8/site-packages/ros2trace/command/trace.py to trace.cpython-38.pyc
[1.113s] byte-compiling /home/neu/Desktop/microros_ws/firmware/mcu_ws/install/ros2trace/lib/python3.8/site-packages/ros2trace/command/__init__.py to __init__.cpython-38.pyc
[1.114s] running install_data
[1.115s] copying package.xml -> /home/neu/Desktop/microros_ws/firmware/mcu_ws/install/ros2trace/share/ros2trace
[1.115s] creating /home/neu/Desktop/microros_ws/firmware/mcu_ws/install/ros2trace/share/ament_index
[1.115s] creating /home/neu/Desktop/microros_ws/firmware/mcu_ws/install/ros2trace/share/ament_index/resource_index
[1.115s] creating /home/neu/Desktop/microros_ws/firmware/mcu_ws/install/ros2trace/share/ament_index/resource_index/packages
[1.115s] copying resource/ros2trace -> /home/neu/Desktop/microros_ws/firmware/mcu_ws/install/ros2trace/share/ament_index/resource_index/packages
[1.115s] running install_egg_info
[1.118s] Copying ../../../build/ros2trace/ros2trace.egg-info to /home/neu/Desktop/microros_ws/firmware/mcu_ws/install/ros2trace/lib/python3.8/site-packages/ros2trace-4.1.1-py3.8.egg-info
[1.119s] running install_scripts
[1.138s] writing list of installed files to '/home/neu/Desktop/microros_ws/firmware/mcu_ws/build/ros2trace/install.log'
[1.170s] Invoked command in '/home/neu/Desktop/microros_ws/firmware/mcu_ws/uros/tracetools/ros2trace' returned '0': AMENT_PREFIX_PATH=/home/neu/Desktop/microros_ws/firmware/mcu_ws/install/tracetools_trace:${AMENT_PREFIX_PATH} PYTHONPATH=/home/neu/Desktop/microros_ws/firmware/mcu_ws/build/ros2trace/prefix_override:/home/neu/Desktop/microros_ws/firmware/mcu_ws/install/ros2trace/lib/python3.8/site-packages:/home/neu/Desktop/microros_ws/firmware/mcu_ws/install/tracetools_trace/lib/python3.8/site-packages:${PYTHONPATH} /usr/bin/python3 setup.py egg_info --egg-base ../../../build/ros2trace build --build-base /home/neu/Desktop/microros_ws/firmware/mcu_ws/build/ros2trace/build install --record /home/neu/Desktop/microros_ws/firmware/mcu_ws/build/ros2trace/install.log --single-version-externally-managed
