Not searching for unused variables given on the command line.
-- The C compiler identification is GNU 8.3.1
-- The CXX compiler identification is GNU 8.3.1
-- Check for working C compiler: /home/neu/Desktop/microros_ws/firmware/freertos_apps/microros_nucleo_f446ze_extensions/../../toolchain/bin/arm-none-eabi-gcc
-- Check for working C compiler: /home/neu/Desktop/microros_ws/firmware/freertos_apps/microros_nucleo_f446ze_extensions/../../toolchain/bin/arm-none-eabi-gcc -- works
-- Detecting C compiler ABI info
-- Detecting C compiler ABI info - done
-- Detecting C compile features
-- Detecting C compile features - done
-- Check for working CXX compiler: /home/neu/Desktop/microros_ws/firmware/freertos_apps/microros_nucleo_f446ze_extensions/../../toolchain/bin/arm-none-eabi-g++
-- Check for working CXX compiler: /home/neu/Desktop/microros_ws/firmware/freertos_apps/microros_nucleo_f446ze_extensions/../../toolchain/bin/arm-none-eabi-g++ -- works
-- Detecting CXX compiler ABI info
-- Detecting CXX compiler ABI info - done
-- Detecting CXX compile features
-- Detecting CXX compile features - done
-- Found ament_cmake: 1.3.5 (/home/neu/Desktop/microros_ws/firmware/dev_ws/install/ament_cmake/share/ament_cmake/cmake)
-- Found Python3: /usr/bin/python3.8 (found version "3.8.10") found components: Interpreter 
-- Found builtin_interfaces: 1.2.1 (/home/neu/Desktop/microros_ws/firmware/mcu_ws/install/builtin_interfaces/share/builtin_interfaces/cmake)
-- Using all available rosidl_typesupport_c: rosidl_typesupport_microxrcedds_c;rosidl_typesupport_introspection_c
-- Found rosidl_adapter: 3.1.5 (/home/neu/Desktop/microros_ws/firmware/mcu_ws/install/rosidl_adapter/share/rosidl_adapter/cmake)
-- Found rosidl_default_generators: 1.2.0 (/home/neu/Desktop/microros_ws/firmware/mcu_ws/install/rosidl_default_generators/share/rosidl_default_generators/cmake)
-- Found ament_cmake_ros: 0.10.0 (/home/neu/Desktop/microros_ws/firmware/dev_ws/install/ament_cmake_ros/share/ament_cmake_ros/cmake)
-- Using all available rosidl_typesupport_c: rosidl_typesupport_microxrcedds_c;rosidl_typesupport_introspection_c
-- Configuring done
-- Generating done
-- Build files have been written to: /home/neu/Desktop/microros_ws/firmware/mcu_ws/build/rosgraph_msgs
make[1]: Entering directory '/home/neu/Desktop/microros_ws/firmware/mcu_ws/build/rosgraph_msgs'
/usr/bin/cmake -S/home/neu/Desktop/microros_ws/firmware/mcu_ws/ros2/rcl_interfaces/rosgraph_msgs -B/home/neu/Desktop/microros_ws/firmware/mcu_ws/build/rosgraph_msgs --check-build-system CMakeFiles/Makefile.cmake 0
/usr/bin/cmake -E cmake_progress_start /home/neu/Desktop/microros_ws/firmware/mcu_ws/build/rosgraph_msgs/CMakeFiles /home/neu/Desktop/microros_ws/firmware/mcu_ws/build/rosgraph_msgs/CMakeFiles/progress.marks
/usr/bin/make -f CMakeFiles/Makefile2 all
make[2]: Entering directory '/home/neu/Desktop/microros_ws/firmware/mcu_ws/build/rosgraph_msgs'
/usr/bin/make -f CMakeFiles/rosgraph_msgs__rosidl_generator_c.dir/build.make CMakeFiles/rosgraph_msgs__rosidl_generator_c.dir/depend
make[3]: Entering directory '/home/neu/Desktop/microros_ws/firmware/mcu_ws/build/rosgraph_msgs'
[  8%] [34m[1mGenerating C code for ROS interfaces[0m
/usr/bin/python3.8 /home/neu/Desktop/microros_ws/firmware/mcu_ws/install/rosidl_generator_c/share/rosidl_generator_c/cmake/../../../lib/rosidl_generator_c/rosidl_generator_c --generator-arguments-file /home/neu/Desktop/microros_ws/firmware/mcu_ws/build/rosgraph_msgs/rosidl_generator_c__arguments.json
cd /home/neu/Desktop/microros_ws/firmware/mcu_ws/build/rosgraph_msgs && /usr/bin/cmake -E cmake_depends "Unix Makefiles" /home/neu/Desktop/microros_ws/firmware/mcu_ws/ros2/rcl_interfaces/rosgraph_msgs /home/neu/Desktop/microros_ws/firmware/mcu_ws/ros2/rcl_interfaces/rosgraph_msgs /home/neu/Desktop/microros_ws/firmware/mcu_ws/build/rosgraph_msgs /home/neu/Desktop/microros_ws/firmware/mcu_ws/build/rosgraph_msgs /home/neu/Desktop/microros_ws/firmware/mcu_ws/build/rosgraph_msgs/CMakeFiles/rosgraph_msgs__rosidl_generator_c.dir/DependInfo.cmake --color=
Dependee "/home/neu/Desktop/microros_ws/firmware/mcu_ws/build/rosgraph_msgs/CMakeFiles/rosgraph_msgs__rosidl_generator_c.dir/DependInfo.cmake" is newer than depender "/home/neu/Desktop/microros_ws/firmware/mcu_ws/build/rosgraph_msgs/CMakeFiles/rosgraph_msgs__rosidl_generator_c.dir/depend.internal".
Dependee "/home/neu/Desktop/microros_ws/firmware/mcu_ws/build/rosgraph_msgs/CMakeFiles/CMakeDirectoryInformation.cmake" is newer than depender "/home/neu/Desktop/microros_ws/firmware/mcu_ws/build/rosgraph_msgs/CMakeFiles/rosgraph_msgs__rosidl_generator_c.dir/depend.internal".
[35m[1mScanning dependencies of target rosgraph_msgs__rosidl_generator_c[0m
make[3]: Leaving directory '/home/neu/Desktop/microros_ws/firmware/mcu_ws/build/rosgraph_msgs'
/usr/bin/make -f CMakeFiles/rosgraph_msgs__rosidl_generator_c.dir/build.make CMakeFiles/rosgraph_msgs__rosidl_generator_c.dir/build
make[3]: Entering directory '/home/neu/Desktop/microros_ws/firmware/mcu_ws/build/rosgraph_msgs'
[ 16%] [32mBuilding C object CMakeFiles/rosgraph_msgs__rosidl_generator_c.dir/rosidl_generator_c/rosgraph_msgs/msg/detail/clock__functions.c.obj[0m
/home/neu/Desktop/microros_ws/firmware/freertos_apps/microros_nucleo_f446ze_extensions/../../toolchain/bin/arm-none-eabi-gcc -DROS_PACKAGE_NAME=\"rosgraph_msgs\" -I/home/neu/Desktop/microros_ws/firmware/mcu_ws/build/rosgraph_msgs/rosidl_generator_c -isystem /home/neu/Desktop/microros_ws/firmware/mcu_ws/install/builtin_interfaces/include/builtin_interfaces -isystem /home/neu/Desktop/microros_ws/firmware/mcu_ws/install/rosidl_runtime_c/include/rosidl_runtime_c -isystem /home/neu/Desktop/microros_ws/firmware/mcu_ws/install/rcutils/include/rcutils -isystem /home/neu/Desktop/microros_ws/firmware/mcu_ws/install/rosidl_typesupport_interface/include/rosidl_typesupport_interface  -std=c11 -mcpu=cortex-m4 -mthumb -mfpu=fpv4-sp-d16 -mfloat-abi=hard -DUSE_HAL_DRIVER -DSTM32F446xx -D_TIMEVAL_DEFINED -O0 -Wall -fdata-sections -ffunction-sections  -DCLOCK_MONOTONIC=0 -g   -Wall -std=gnu11 -o CMakeFiles/rosgraph_msgs__rosidl_generator_c.dir/rosidl_generator_c/rosgraph_msgs/msg/detail/clock__functions.c.obj   -c /home/neu/Desktop/microros_ws/firmware/mcu_ws/build/rosgraph_msgs/rosidl_generator_c/rosgraph_msgs/msg/detail/clock__functions.c
[ 25%] [32m[1mLinking C static library librosgraph_msgs__rosidl_generator_c.a[0m
/usr/bin/cmake -P CMakeFiles/rosgraph_msgs__rosidl_generator_c.dir/cmake_clean_target.cmake
/usr/bin/cmake -E cmake_link_script CMakeFiles/rosgraph_msgs__rosidl_generator_c.dir/link.txt --verbose=1
/home/neu/Desktop/microros_ws/firmware/toolchain/bin/arm-none-eabi-ar qc librosgraph_msgs__rosidl_generator_c.a  CMakeFiles/rosgraph_msgs__rosidl_generator_c.dir/rosidl_generator_c/rosgraph_msgs/msg/detail/clock__functions.c.obj
/home/neu/Desktop/microros_ws/firmware/toolchain/bin/arm-none-eabi-ranlib librosgraph_msgs__rosidl_generator_c.a
make[3]: Leaving directory '/home/neu/Desktop/microros_ws/firmware/mcu_ws/build/rosgraph_msgs'
[ 25%] Built target rosgraph_msgs__rosidl_generator_c
/usr/bin/make -f CMakeFiles/rosgraph_msgs__rosidl_typesupport_introspection_c.dir/build.make CMakeFiles/rosgraph_msgs__rosidl_typesupport_introspection_c.dir/depend
/usr/bin/make -f CMakeFiles/rosgraph_msgs__rosidl_typesupport_c.dir/build.make CMakeFiles/rosgraph_msgs__rosidl_typesupport_c.dir/depend
/usr/bin/make -f CMakeFiles/rosgraph_msgs__rosidl_typesupport_microxrcedds_c.dir/build.make CMakeFiles/rosgraph_msgs__rosidl_typesupport_microxrcedds_c.dir/depend
make[3]: Entering directory '/home/neu/Desktop/microros_ws/firmware/mcu_ws/build/rosgraph_msgs'
make[3]: Entering directory '/home/neu/Desktop/microros_ws/firmware/mcu_ws/build/rosgraph_msgs'
make[3]: Entering directory '/home/neu/Desktop/microros_ws/firmware/mcu_ws/build/rosgraph_msgs'
[ 41%] [34m[1mGenerating C type support dispatch for ROS interfaces[0m
[ 41%] [34m[1mGenerating C introspection for ROS interfaces[0m
/usr/bin/python3.8 /home/neu/Desktop/microros_ws/firmware/mcu_ws/install/rosidl_typesupport_introspection_c/lib/rosidl_typesupport_introspection_c/rosidl_typesupport_introspection_c --generator-arguments-file /home/neu/Desktop/microros_ws/firmware/mcu_ws/build/rosgraph_msgs/rosidl_typesupport_introspection_c__arguments.json
/usr/bin/python3.8 /home/neu/Desktop/microros_ws/firmware/mcu_ws/install/rosidl_typesupport_c/lib/rosidl_typesupport_c/rosidl_typesupport_c --generator-arguments-file /home/neu/Desktop/microros_ws/firmware/mcu_ws/build/rosgraph_msgs/rosidl_typesupport_c__arguments.json --typesupports rosidl_typesupport_microxrcedds_c rosidl_typesupport_introspection_c
[ 50%] [34m[1mGenerating C type support for eProsima Micro XRCE-DDS[0m
/usr/bin/python3.8 /home/neu/Desktop/microros_ws/firmware/mcu_ws/install/rosidl_typesupport_microxrcedds_c/lib/rosidl_typesupport_microxrcedds_c/rosidl_typesupport_microxrcedds_c --generator-arguments-file /home/neu/Desktop/microros_ws/firmware/mcu_ws/build/rosgraph_msgs/rosidl_typesupport_microxrcedds_c__arguments.json
cd /home/neu/Desktop/microros_ws/firmware/mcu_ws/build/rosgraph_msgs && /usr/bin/cmake -E cmake_depends "Unix Makefiles" /home/neu/Desktop/microros_ws/firmware/mcu_ws/ros2/rcl_interfaces/rosgraph_msgs /home/neu/Desktop/microros_ws/firmware/mcu_ws/ros2/rcl_interfaces/rosgraph_msgs /home/neu/Desktop/microros_ws/firmware/mcu_ws/build/rosgraph_msgs /home/neu/Desktop/microros_ws/firmware/mcu_ws/build/rosgraph_msgs /home/neu/Desktop/microros_ws/firmware/mcu_ws/build/rosgraph_msgs/CMakeFiles/rosgraph_msgs__rosidl_typesupport_c.dir/DependInfo.cmake --color=
Dependee "/home/neu/Desktop/microros_ws/firmware/mcu_ws/build/rosgraph_msgs/CMakeFiles/rosgraph_msgs__rosidl_typesupport_c.dir/DependInfo.cmake" is newer than depender "/home/neu/Desktop/microros_ws/firmware/mcu_ws/build/rosgraph_msgs/CMakeFiles/rosgraph_msgs__rosidl_typesupport_c.dir/depend.internal".
Dependee "/home/neu/Desktop/microros_ws/firmware/mcu_ws/build/rosgraph_msgs/CMakeFiles/CMakeDirectoryInformation.cmake" is newer than depender "/home/neu/Desktop/microros_ws/firmware/mcu_ws/build/rosgraph_msgs/CMakeFiles/rosgraph_msgs__rosidl_typesupport_c.dir/depend.internal".
[35m[1mScanning dependencies of target rosgraph_msgs__rosidl_typesupport_c[0m
make[3]: Leaving directory '/home/neu/Desktop/microros_ws/firmware/mcu_ws/build/rosgraph_msgs'
/usr/bin/make -f CMakeFiles/rosgraph_msgs__rosidl_typesupport_c.dir/build.make CMakeFiles/rosgraph_msgs__rosidl_typesupport_c.dir/build
make[3]: Entering directory '/home/neu/Desktop/microros_ws/firmware/mcu_ws/build/rosgraph_msgs'
cd /home/neu/Desktop/microros_ws/firmware/mcu_ws/build/rosgraph_msgs && /usr/bin/cmake -E cmake_depends "Unix Makefiles" /home/neu/Desktop/microros_ws/firmware/mcu_ws/ros2/rcl_interfaces/rosgraph_msgs /home/neu/Desktop/microros_ws/firmware/mcu_ws/ros2/rcl_interfaces/rosgraph_msgs /home/neu/Desktop/microros_ws/firmware/mcu_ws/build/rosgraph_msgs /home/neu/Desktop/microros_ws/firmware/mcu_ws/build/rosgraph_msgs /home/neu/Desktop/microros_ws/firmware/mcu_ws/build/rosgraph_msgs/CMakeFiles/rosgraph_msgs__rosidl_typesupport_introspection_c.dir/DependInfo.cmake --color=
[ 58%] [32mBuilding CXX object CMakeFiles/rosgraph_msgs__rosidl_typesupport_c.dir/rosidl_typesupport_c/rosgraph_msgs/msg/clock__type_support.cpp.obj[0m
/home/neu/Desktop/microros_ws/firmware/freertos_apps/microros_nucleo_f446ze_extensions/../../toolchain/bin/arm-none-eabi-g++  -DROSIDL_TYPESUPPORT_STATIC_TYPESUPPORT -DROS_PACKAGE_NAME=\"rosgraph_msgs\" -I/home/neu/Desktop/microros_ws/firmware/mcu_ws/build/rosgraph_msgs/rosidl_generator_c -isystem /home/neu/Desktop/microros_ws/firmware/mcu_ws/install/builtin_interfaces/include/builtin_interfaces -isystem /home/neu/Desktop/microros_ws/firmware/mcu_ws/install/rosidl_runtime_c/include/rosidl_runtime_c -isystem /home/neu/Desktop/microros_ws/firmware/mcu_ws/install/rcutils/include/rcutils -isystem /home/neu/Desktop/microros_ws/firmware/mcu_ws/install/rosidl_typesupport_interface/include/rosidl_typesupport_interface -isystem /home/neu/Desktop/microros_ws/firmware/mcu_ws/install/rosidl_typesupport_c/include/rosidl_typesupport_c  -std=c++14 -mcpu=cortex-m4 -mthumb -mfpu=fpv4-sp-d16 -mfloat-abi=hard -DUSE_HAL_DRIVER -DSTM32F446xx -D_TIMEVAL_DEFINED -O0 -Wall -fdata-sections -ffunction-sections  -DCLOCK_MONOTONIC=0 -g   -Wall -std=gnu++14 -o CMakeFiles/rosgraph_msgs__rosidl_typesupport_c.dir/rosidl_typesupport_c/rosgraph_msgs/msg/clock__type_support.cpp.obj -c /home/neu/Desktop/microros_ws/firmware/mcu_ws/build/rosgraph_msgs/rosidl_typesupport_c/rosgraph_msgs/msg/clock__type_support.cpp
Dependee "/home/neu/Desktop/microros_ws/firmware/mcu_ws/build/rosgraph_msgs/CMakeFiles/rosgraph_msgs__rosidl_typesupport_introspection_c.dir/DependInfo.cmake" is newer than depender "/home/neu/Desktop/microros_ws/firmware/mcu_ws/build/rosgraph_msgs/CMakeFiles/rosgraph_msgs__rosidl_typesupport_introspection_c.dir/depend.internal".
Dependee "/home/neu/Desktop/microros_ws/firmware/mcu_ws/build/rosgraph_msgs/CMakeFiles/CMakeDirectoryInformation.cmake" is newer than depender "/home/neu/Desktop/microros_ws/firmware/mcu_ws/build/rosgraph_msgs/CMakeFiles/rosgraph_msgs__rosidl_typesupport_introspection_c.dir/depend.internal".
[35m[1mScanning dependencies of target rosgraph_msgs__rosidl_typesupport_introspection_c[0m
make[3]: Leaving directory '/home/neu/Desktop/microros_ws/firmware/mcu_ws/build/rosgraph_msgs'
/usr/bin/make -f CMakeFiles/rosgraph_msgs__rosidl_typesupport_introspection_c.dir/build.make CMakeFiles/rosgraph_msgs__rosidl_typesupport_introspection_c.dir/build
make[3]: Entering directory '/home/neu/Desktop/microros_ws/firmware/mcu_ws/build/rosgraph_msgs'
[ 66%] [32mBuilding C object CMakeFiles/rosgraph_msgs__rosidl_typesupport_introspection_c.dir/rosidl_typesupport_introspection_c/rosgraph_msgs/msg/detail/clock__type_support.c.obj[0m
/home/neu/Desktop/microros_ws/firmware/freertos_apps/microros_nucleo_f446ze_extensions/../../toolchain/bin/arm-none-eabi-gcc -DROS_PACKAGE_NAME=\"rosgraph_msgs\" -I/home/neu/Desktop/microros_ws/firmware/mcu_ws/build/rosgraph_msgs/rosidl_typesupport_introspection_c -I/home/neu/Desktop/microros_ws/firmware/mcu_ws/build/rosgraph_msgs/rosidl_generator_c -isystem /home/neu/Desktop/microros_ws/firmware/mcu_ws/install/builtin_interfaces/include/builtin_interfaces -isystem /home/neu/Desktop/microros_ws/firmware/mcu_ws/install/rosidl_runtime_c/include/rosidl_runtime_c -isystem /home/neu/Desktop/microros_ws/firmware/mcu_ws/install/rcutils/include/rcutils -isystem /home/neu/Desktop/microros_ws/firmware/mcu_ws/install/rosidl_typesupport_interface/include/rosidl_typesupport_interface -isystem /home/neu/Desktop/microros_ws/firmware/mcu_ws/install/rosidl_typesupport_introspection_c/include/rosidl_typesupport_introspection_c  -std=c11 -mcpu=cortex-m4 -mthumb -mfpu=fpv4-sp-d16 -mfloat-abi=hard -DUSE_HAL_DRIVER -DSTM32F446xx -D_TIMEVAL_DEFINED -O0 -Wall -fdata-sections -ffunction-sections  -DCLOCK_MONOTONIC=0 -g   -Wall -std=gnu11 -o CMakeFiles/rosgraph_msgs__rosidl_typesupport_introspection_c.dir/rosidl_typesupport_introspection_c/rosgraph_msgs/msg/detail/clock__type_support.c.obj   -c /home/neu/Desktop/microros_ws/firmware/mcu_ws/build/rosgraph_msgs/rosidl_typesupport_introspection_c/rosgraph_msgs/msg/detail/clock__type_support.c
[ 75%] [32m[1mLinking C static library librosgraph_msgs__rosidl_typesupport_introspection_c.a[0m
/usr/bin/cmake -P CMakeFiles/rosgraph_msgs__rosidl_typesupport_introspection_c.dir/cmake_clean_target.cmake
[ 83%] [32m[1mLinking CXX static library librosgraph_msgs__rosidl_typesupport_c.a[0m
/usr/bin/cmake -P CMakeFiles/rosgraph_msgs__rosidl_typesupport_c.dir/cmake_clean_target.cmake
/usr/bin/cmake -E cmake_link_script CMakeFiles/rosgraph_msgs__rosidl_typesupport_introspection_c.dir/link.txt --verbose=1
/usr/bin/cmake -E cmake_link_script CMakeFiles/rosgraph_msgs__rosidl_typesupport_c.dir/link.txt --verbose=1
/home/neu/Desktop/microros_ws/firmware/toolchain/bin/arm-none-eabi-ar qc librosgraph_msgs__rosidl_typesupport_introspection_c.a  CMakeFiles/rosgraph_msgs__rosidl_typesupport_introspection_c.dir/rosidl_typesupport_introspection_c/rosgraph_msgs/msg/detail/clock__type_support.c.obj
/home/neu/Desktop/microros_ws/firmware/toolchain/bin/arm-none-eabi-ranlib librosgraph_msgs__rosidl_typesupport_introspection_c.a
/home/neu/Desktop/microros_ws/firmware/toolchain/bin/arm-none-eabi-ar qc librosgraph_msgs__rosidl_typesupport_c.a  CMakeFiles/rosgraph_msgs__rosidl_typesupport_c.dir/rosidl_typesupport_c/rosgraph_msgs/msg/clock__type_support.cpp.obj
make[3]: Leaving directory '/home/neu/Desktop/microros_ws/firmware/mcu_ws/build/rosgraph_msgs'
/home/neu/Desktop/microros_ws/firmware/toolchain/bin/arm-none-eabi-ranlib librosgraph_msgs__rosidl_typesupport_c.a
make[3]: Leaving directory '/home/neu/Desktop/microros_ws/firmware/mcu_ws/build/rosgraph_msgs'
[ 83%] Built target rosgraph_msgs__rosidl_typesupport_introspection_c
[ 83%] Built target rosgraph_msgs__rosidl_typesupport_c
cd /home/neu/Desktop/microros_ws/firmware/mcu_ws/build/rosgraph_msgs && /usr/bin/cmake -E cmake_depends "Unix Makefiles" /home/neu/Desktop/microros_ws/firmware/mcu_ws/ros2/rcl_interfaces/rosgraph_msgs /home/neu/Desktop/microros_ws/firmware/mcu_ws/ros2/rcl_interfaces/rosgraph_msgs /home/neu/Desktop/microros_ws/firmware/mcu_ws/build/rosgraph_msgs /home/neu/Desktop/microros_ws/firmware/mcu_ws/build/rosgraph_msgs /home/neu/Desktop/microros_ws/firmware/mcu_ws/build/rosgraph_msgs/CMakeFiles/rosgraph_msgs__rosidl_typesupport_microxrcedds_c.dir/DependInfo.cmake --color=
Dependee "/home/neu/Desktop/microros_ws/firmware/mcu_ws/build/rosgraph_msgs/CMakeFiles/rosgraph_msgs__rosidl_typesupport_microxrcedds_c.dir/DependInfo.cmake" is newer than depender "/home/neu/Desktop/microros_ws/firmware/mcu_ws/build/rosgraph_msgs/CMakeFiles/rosgraph_msgs__rosidl_typesupport_microxrcedds_c.dir/depend.internal".
Dependee "/home/neu/Desktop/microros_ws/firmware/mcu_ws/build/rosgraph_msgs/CMakeFiles/CMakeDirectoryInformation.cmake" is newer than depender "/home/neu/Desktop/microros_ws/firmware/mcu_ws/build/rosgraph_msgs/CMakeFiles/rosgraph_msgs__rosidl_typesupport_microxrcedds_c.dir/depend.internal".
[35m[1mScanning dependencies of target rosgraph_msgs__rosidl_typesupport_microxrcedds_c[0m
make[3]: Leaving directory '/home/neu/Desktop/microros_ws/firmware/mcu_ws/build/rosgraph_msgs'
/usr/bin/make -f CMakeFiles/rosgraph_msgs__rosidl_typesupport_microxrcedds_c.dir/build.make CMakeFiles/rosgraph_msgs__rosidl_typesupport_microxrcedds_c.dir/build
make[3]: Entering directory '/home/neu/Desktop/microros_ws/firmware/mcu_ws/build/rosgraph_msgs'
[ 91%] [32mBuilding C object CMakeFiles/rosgraph_msgs__rosidl_typesupport_microxrcedds_c.dir/rosidl_typesupport_microxrcedds_c/rosgraph_msgs/msg/detail/microxrcedds/clock__type_support_c.c.obj[0m
/home/neu/Desktop/microros_ws/firmware/freertos_apps/microros_nucleo_f446ze_extensions/../../toolchain/bin/arm-none-eabi-gcc -DROS_PACKAGE_NAME=\"rosgraph_msgs\" -I/home/neu/Desktop/microros_ws/firmware/mcu_ws/build/rosgraph_msgs/rosidl_generator_c -I/home/neu/Desktop/microros_ws/firmware/mcu_ws/build/rosgraph_msgs/rosidl_typesupport_microxrcedds_c -isystem /home/neu/Desktop/microros_ws/firmware/mcu_ws/install/rosidl_typesupport_microxrcedds_c/include -isystem /home/neu/Desktop/microros_ws/firmware/mcu_ws/install/rmw/include/rmw -isystem /home/neu/Desktop/microros_ws/firmware/mcu_ws/install/rosidl_runtime_c/include/rosidl_runtime_c -isystem /home/neu/Desktop/microros_ws/firmware/mcu_ws/install/rosidl_typesupport_interface/include/rosidl_typesupport_interface -isystem /home/neu/Desktop/microros_ws/firmware/mcu_ws/install/builtin_interfaces/include/builtin_interfaces -isystem /home/neu/Desktop/microros_ws/firmware/mcu_ws/install/rcutils/include/rcutils -isystem /home/neu/Desktop/microros_ws/firmware/mcu_ws/install/rosidl_typesupport_introspection_c/include/rosidl_typesupport_introspection_c -isystem /home/neu/Desktop/microros_ws/firmware/mcu_ws/install/microcdr/include  -std=c11 -mcpu=cortex-m4 -mthumb -mfpu=fpv4-sp-d16 -mfloat-abi=hard -DUSE_HAL_DRIVER -DSTM32F446xx -D_TIMEVAL_DEFINED -O0 -Wall -fdata-sections -ffunction-sections  -DCLOCK_MONOTONIC=0 -g   -Wall -Wextra -Wpedantic -std=gnu99 -o CMakeFiles/rosgraph_msgs__rosidl_typesupport_microxrcedds_c.dir/rosidl_typesupport_microxrcedds_c/rosgraph_msgs/msg/detail/microxrcedds/clock__type_support_c.c.obj   -c /home/neu/Desktop/microros_ws/firmware/mcu_ws/build/rosgraph_msgs/rosidl_typesupport_microxrcedds_c/rosgraph_msgs/msg/detail/microxrcedds/clock__type_support_c.c
[100%] [32m[1mLinking CXX static library librosgraph_msgs__rosidl_typesupport_microxrcedds_c.a[0m
/usr/bin/cmake -P CMakeFiles/rosgraph_msgs__rosidl_typesupport_microxrcedds_c.dir/cmake_clean_target.cmake
/usr/bin/cmake -E cmake_link_script CMakeFiles/rosgraph_msgs__rosidl_typesupport_microxrcedds_c.dir/link.txt --verbose=1
/home/neu/Desktop/microros_ws/firmware/toolchain/bin/arm-none-eabi-ar qc librosgraph_msgs__rosidl_typesupport_microxrcedds_c.a  CMakeFiles/rosgraph_msgs__rosidl_typesupport_microxrcedds_c.dir/rosidl_typesupport_microxrcedds_c/rosgraph_msgs/msg/detail/microxrcedds/clock__type_support_c.c.obj
/home/neu/Desktop/microros_ws/firmware/toolchain/bin/arm-none-eabi-ranlib librosgraph_msgs__rosidl_typesupport_microxrcedds_c.a
make[3]: Leaving directory '/home/neu/Desktop/microros_ws/firmware/mcu_ws/build/rosgraph_msgs'
[100%] Built target rosgraph_msgs__rosidl_typesupport_microxrcedds_c
/usr/bin/make -f CMakeFiles/rosgraph_msgs.dir/build.make CMakeFiles/rosgraph_msgs.dir/depend
make[3]: Entering directory '/home/neu/Desktop/microros_ws/firmware/mcu_ws/build/rosgraph_msgs'
cd /home/neu/Desktop/microros_ws/firmware/mcu_ws/build/rosgraph_msgs && /usr/bin/cmake -E cmake_depends "Unix Makefiles" /home/neu/Desktop/microros_ws/firmware/mcu_ws/ros2/rcl_interfaces/rosgraph_msgs /home/neu/Desktop/microros_ws/firmware/mcu_ws/ros2/rcl_interfaces/rosgraph_msgs /home/neu/Desktop/microros_ws/firmware/mcu_ws/build/rosgraph_msgs /home/neu/Desktop/microros_ws/firmware/mcu_ws/build/rosgraph_msgs /home/neu/Desktop/microros_ws/firmware/mcu_ws/build/rosgraph_msgs/CMakeFiles/rosgraph_msgs.dir/DependInfo.cmake --color=
Dependee "/home/neu/Desktop/microros_ws/firmware/mcu_ws/build/rosgraph_msgs/CMakeFiles/rosgraph_msgs.dir/DependInfo.cmake" is newer than depender "/home/neu/Desktop/microros_ws/firmware/mcu_ws/build/rosgraph_msgs/CMakeFiles/rosgraph_msgs.dir/depend.internal".
Dependee "/home/neu/Desktop/microros_ws/firmware/mcu_ws/build/rosgraph_msgs/CMakeFiles/CMakeDirectoryInformation.cmake" is newer than depender "/home/neu/Desktop/microros_ws/firmware/mcu_ws/build/rosgraph_msgs/CMakeFiles/rosgraph_msgs.dir/depend.internal".
[35m[1mScanning dependencies of target rosgraph_msgs[0m
make[3]: Leaving directory '/home/neu/Desktop/microros_ws/firmware/mcu_ws/build/rosgraph_msgs'
/usr/bin/make -f CMakeFiles/rosgraph_msgs.dir/build.make CMakeFiles/rosgraph_msgs.dir/build
make[3]: Entering directory '/home/neu/Desktop/microros_ws/firmware/mcu_ws/build/rosgraph_msgs'
make[3]: Nothing to be done for 'CMakeFiles/rosgraph_msgs.dir/build'.
make[3]: Leaving directory '/home/neu/Desktop/microros_ws/firmware/mcu_ws/build/rosgraph_msgs'
[100%] Built target rosgraph_msgs
make[2]: Leaving directory '/home/neu/Desktop/microros_ws/firmware/mcu_ws/build/rosgraph_msgs'
/usr/bin/cmake -E cmake_progress_start /home/neu/Desktop/microros_ws/firmware/mcu_ws/build/rosgraph_msgs/CMakeFiles 0
make[1]: Leaving directory '/home/neu/Desktop/microros_ws/firmware/mcu_ws/build/rosgraph_msgs'
-- Install configuration: "Debug"
-- Installing: /home/neu/Desktop/microros_ws/firmware/mcu_ws/install/rosgraph_msgs/share/ament_index/resource_index/rosidl_interfaces/rosgraph_msgs
-- Installing: /home/neu/Desktop/microros_ws/firmware/mcu_ws/install/rosgraph_msgs/include/rosgraph_msgs/rosgraph_msgs
-- Installing: /home/neu/Desktop/microros_ws/firmware/mcu_ws/install/rosgraph_msgs/include/rosgraph_msgs/rosgraph_msgs/msg
-- Installing: /home/neu/Desktop/microros_ws/firmware/mcu_ws/install/rosgraph_msgs/include/rosgraph_msgs/rosgraph_msgs/msg/detail
-- Installing: /home/neu/Desktop/microros_ws/firmware/mcu_ws/install/rosgraph_msgs/include/rosgraph_msgs/rosgraph_msgs/msg/detail/clock__struct.h
-- Installing: /home/neu/Desktop/microros_ws/firmware/mcu_ws/install/rosgraph_msgs/include/rosgraph_msgs/rosgraph_msgs/msg/detail/clock__type_support.h
-- Installing: /home/neu/Desktop/microros_ws/firmware/mcu_ws/install/rosgraph_msgs/include/rosgraph_msgs/rosgraph_msgs/msg/detail/clock__functions.h
-- Installing: /home/neu/Desktop/microros_ws/firmware/mcu_ws/install/rosgraph_msgs/include/rosgraph_msgs/rosgraph_msgs/msg/detail/clock__functions.c
-- Installing: /home/neu/Desktop/microros_ws/firmware/mcu_ws/install/rosgraph_msgs/include/rosgraph_msgs/rosgraph_msgs/msg/clock.h
-- Installing: /home/neu/Desktop/microros_ws/firmware/mcu_ws/install/rosgraph_msgs/include/rosgraph_msgs/rosgraph_msgs/msg/rosidl_generator_c__visibility_control.h
-- Installing: /home/neu/Desktop/microros_ws/firmware/mcu_ws/install/rosgraph_msgs/share/rosgraph_msgs/environment/library_path.sh
-- Installing: /home/neu/Desktop/microros_ws/firmware/mcu_ws/install/rosgraph_msgs/share/rosgraph_msgs/environment/library_path.dsv
-- Installing: /home/neu/Desktop/microros_ws/firmware/mcu_ws/install/rosgraph_msgs/lib/librosgraph_msgs__rosidl_generator_c.a
-- Up-to-date: /home/neu/Desktop/microros_ws/firmware/mcu_ws/install/rosgraph_msgs/include/rosgraph_msgs
-- Installing: /home/neu/Desktop/microros_ws/firmware/mcu_ws/install/rosgraph_msgs/include/rosgraph_msgs/msg
-- Installing: /home/neu/Desktop/microros_ws/firmware/mcu_ws/install/rosgraph_msgs/include/rosgraph_msgs/msg/detail
-- Installing: /home/neu/Desktop/microros_ws/firmware/mcu_ws/install/rosgraph_msgs/include/rosgraph_msgs/msg/detail/clock__rosidl_typesupport_microxrcedds_c.h
-- Installing: /home/neu/Desktop/microros_ws/firmware/mcu_ws/install/rosgraph_msgs/include/rosgraph_msgs/msg/detail/microxrcedds
-- Installing: /home/neu/Desktop/microros_ws/firmware/mcu_ws/install/rosgraph_msgs/include/rosgraph_msgs/msg/rosidl_typesupport_microxrcedds_c__visibility_control.h
-- Installing: /home/neu/Desktop/microros_ws/firmware/mcu_ws/install/rosgraph_msgs/lib/librosgraph_msgs__rosidl_typesupport_microxrcedds_c.a
-- Up-to-date: /home/neu/Desktop/microros_ws/firmware/mcu_ws/install/rosgraph_msgs/include/rosgraph_msgs/rosgraph_msgs
-- Up-to-date: /home/neu/Desktop/microros_ws/firmware/mcu_ws/install/rosgraph_msgs/include/rosgraph_msgs/rosgraph_msgs/msg
-- Up-to-date: /home/neu/Desktop/microros_ws/firmware/mcu_ws/install/rosgraph_msgs/include/rosgraph_msgs/rosgraph_msgs/msg/detail
-- Installing: /home/neu/Desktop/microros_ws/firmware/mcu_ws/install/rosgraph_msgs/include/rosgraph_msgs/rosgraph_msgs/msg/detail/clock__rosidl_typesupport_introspection_c.h
-- Installing: /home/neu/Desktop/microros_ws/firmware/mcu_ws/install/rosgraph_msgs/include/rosgraph_msgs/rosgraph_msgs/msg/detail/clock__type_support.c
-- Installing: /home/neu/Desktop/microros_ws/firmware/mcu_ws/install/rosgraph_msgs/include/rosgraph_msgs/rosgraph_msgs/msg/rosidl_typesupport_introspection_c__visibility_control.h
-- Installing: /home/neu/Desktop/microros_ws/firmware/mcu_ws/install/rosgraph_msgs/lib/librosgraph_msgs__rosidl_typesupport_introspection_c.a
-- Installing: /home/neu/Desktop/microros_ws/firmware/mcu_ws/install/rosgraph_msgs/lib/librosgraph_msgs__rosidl_typesupport_c.a
-- Installing: /home/neu/Desktop/microros_ws/firmware/mcu_ws/install/rosgraph_msgs/share/rosgraph_msgs/msg/Clock.idl
-- Installing: /home/neu/Desktop/microros_ws/firmware/mcu_ws/install/rosgraph_msgs/share/rosgraph_msgs/msg/Clock.msg
-- Installing: /home/neu/Desktop/microros_ws/firmware/mcu_ws/install/rosgraph_msgs/share/ament_index/resource_index/package_run_dependencies/rosgraph_msgs
-- Installing: /home/neu/Desktop/microros_ws/firmware/mcu_ws/install/rosgraph_msgs/share/ament_index/resource_index/parent_prefix_path/rosgraph_msgs
-- Installing: /home/neu/Desktop/microros_ws/firmware/mcu_ws/install/rosgraph_msgs/share/rosgraph_msgs/environment/ament_prefix_path.sh
-- Installing: /home/neu/Desktop/microros_ws/firmware/mcu_ws/install/rosgraph_msgs/share/rosgraph_msgs/environment/ament_prefix_path.dsv
-- Installing: /home/neu/Desktop/microros_ws/firmware/mcu_ws/install/rosgraph_msgs/share/rosgraph_msgs/environment/path.sh
-- Installing: /home/neu/Desktop/microros_ws/firmware/mcu_ws/install/rosgraph_msgs/share/rosgraph_msgs/environment/path.dsv
-- Installing: /home/neu/Desktop/microros_ws/firmware/mcu_ws/install/rosgraph_msgs/share/rosgraph_msgs/local_setup.bash
-- Installing: /home/neu/Desktop/microros_ws/firmware/mcu_ws/install/rosgraph_msgs/share/rosgraph_msgs/local_setup.sh
-- Installing: /home/neu/Desktop/microros_ws/firmware/mcu_ws/install/rosgraph_msgs/share/rosgraph_msgs/local_setup.zsh
-- Installing: /home/neu/Desktop/microros_ws/firmware/mcu_ws/install/rosgraph_msgs/share/rosgraph_msgs/local_setup.dsv
-- Installing: /home/neu/Desktop/microros_ws/firmware/mcu_ws/install/rosgraph_msgs/share/rosgraph_msgs/package.dsv
-- Installing: /home/neu/Desktop/microros_ws/firmware/mcu_ws/install/rosgraph_msgs/share/ament_index/resource_index/packages/rosgraph_msgs
-- Installing: /home/neu/Desktop/microros_ws/firmware/mcu_ws/install/rosgraph_msgs/share/rosgraph_msgs/cmake/export_rosgraph_msgs__rosidl_generator_cExport.cmake
-- Installing: /home/neu/Desktop/microros_ws/firmware/mcu_ws/install/rosgraph_msgs/share/rosgraph_msgs/cmake/export_rosgraph_msgs__rosidl_generator_cExport-debug.cmake
-- Installing: /home/neu/Desktop/microros_ws/firmware/mcu_ws/install/rosgraph_msgs/share/rosgraph_msgs/cmake/rosgraph_msgs__rosidl_typesupport_introspection_cExport.cmake
-- Installing: /home/neu/Desktop/microros_ws/firmware/mcu_ws/install/rosgraph_msgs/share/rosgraph_msgs/cmake/rosgraph_msgs__rosidl_typesupport_introspection_cExport-debug.cmake
-- Installing: /home/neu/Desktop/microros_ws/firmware/mcu_ws/install/rosgraph_msgs/share/rosgraph_msgs/cmake/rosgraph_msgs__rosidl_typesupport_cExport.cmake
-- Installing: /home/neu/Desktop/microros_ws/firmware/mcu_ws/install/rosgraph_msgs/share/rosgraph_msgs/cmake/rosgraph_msgs__rosidl_typesupport_cExport-debug.cmake
-- Installing: /home/neu/Desktop/microros_ws/firmware/mcu_ws/install/rosgraph_msgs/share/rosgraph_msgs/cmake/rosidl_cmake-extras.cmake
-- Installing: /home/neu/Desktop/microros_ws/firmware/mcu_ws/install/rosgraph_msgs/share/rosgraph_msgs/cmake/ament_cmake_export_dependencies-extras.cmake
-- Installing: /home/neu/Desktop/microros_ws/firmware/mcu_ws/install/rosgraph_msgs/share/rosgraph_msgs/cmake/ament_cmake_export_include_directories-extras.cmake
-- Installing: /home/neu/Desktop/microros_ws/firmware/mcu_ws/install/rosgraph_msgs/share/rosgraph_msgs/cmake/ament_cmake_export_libraries-extras.cmake
-- Installing: /home/neu/Desktop/microros_ws/firmware/mcu_ws/install/rosgraph_msgs/share/rosgraph_msgs/cmake/ament_cmake_export_targets-extras.cmake
-- Installing: /home/neu/Desktop/microros_ws/firmware/mcu_ws/install/rosgraph_msgs/share/rosgraph_msgs/cmake/rosidl_cmake_export_typesupport_targets-extras.cmake
-- Installing: /home/neu/Desktop/microros_ws/firmware/mcu_ws/install/rosgraph_msgs/share/rosgraph_msgs/cmake/rosidl_cmake_export_typesupport_libraries-extras.cmake
-- Installing: /home/neu/Desktop/microros_ws/firmware/mcu_ws/install/rosgraph_msgs/share/rosgraph_msgs/cmake/rosgraph_msgsConfig.cmake
-- Installing: /home/neu/Desktop/microros_ws/firmware/mcu_ws/install/rosgraph_msgs/share/rosgraph_msgs/cmake/rosgraph_msgsConfig-version.cmake
-- Installing: /home/neu/Desktop/microros_ws/firmware/mcu_ws/install/rosgraph_msgs/share/rosgraph_msgs/package.xml
