[1.106s] Invoking command in '/home/neu/Desktop/microros_ws/firmware/mcu_ws/uros/tracetools/tracetools_read': PYTHONPATH=/home/neu/Desktop/microros_ws/firmware/mcu_ws/build/tracetools_read/prefix_override:/home/neu/Desktop/microros_ws/firmware/mcu_ws/install/tracetools_read/lib/python3.8/site-packages:${PYTHONPATH} /usr/bin/python3 setup.py egg_info --egg-base ../../../build/tracetools_read build --build-base /home/neu/Desktop/microros_ws/firmware/mcu_ws/build/tracetools_read/build install --record /home/neu/Desktop/microros_ws/firmware/mcu_ws/build/tracetools_read/install.log --single-version-externally-managed
[1.382s] running egg_info
[1.382s] creating ../../../build/tracetools_read/tracetools_read.egg-info
[1.382s] writing ../../../build/tracetools_read/tracetools_read.egg-info/PKG-INFO
[1.382s] writing dependency_links to ../../../build/tracetools_read/tracetools_read.egg-info/dependency_links.txt
[1.383s] writing requirements to ../../../build/tracetools_read/tracetools_read.egg-info/requires.txt
[1.383s] writing top-level names to ../../../build/tracetools_read/tracetools_read.egg-info/top_level.txt
[1.383s] writing manifest file '../../../build/tracetools_read/tracetools_read.egg-info/SOURCES.txt'
[1.444s] reading manifest file '../../../build/tracetools_read/tracetools_read.egg-info/SOURCES.txt'
[1.445s] writing manifest file '../../../build/tracetools_read/tracetools_read.egg-info/SOURCES.txt'
[1.445s] running build
[1.445s] running build_py
[1.445s] creating /home/neu/Desktop/microros_ws/firmware/mcu_ws/build/tracetools_read/build
[1.445s] creating /home/neu/Desktop/microros_ws/firmware/mcu_ws/build/tracetools_read/build/lib
[1.446s] creating /home/neu/Desktop/microros_ws/firmware/mcu_ws/build/tracetools_read/build/lib/tracetools_read
[1.446s] copying tracetools_read/trace.py -> /home/neu/Desktop/microros_ws/firmware/mcu_ws/build/tracetools_read/build/lib/tracetools_read
[1.446s] copying tracetools_read/__init__.py -> /home/neu/Desktop/microros_ws/firmware/mcu_ws/build/tracetools_read/build/lib/tracetools_read
[1.446s] running install
[1.448s] running install_lib
[1.449s] creating /home/neu/Desktop/microros_ws/firmware/mcu_ws/install/tracetools_read/lib/python3.8/site-packages/tracetools_read
[1.449s] copying /home/neu/Desktop/microros_ws/firmware/mcu_ws/build/tracetools_read/build/lib/tracetools_read/trace.py -> /home/neu/Desktop/microros_ws/firmware/mcu_ws/install/tracetools_read/lib/python3.8/site-packages/tracetools_read
[1.449s] copying /home/neu/Desktop/microros_ws/firmware/mcu_ws/build/tracetools_read/build/lib/tracetools_read/__init__.py -> /home/neu/Desktop/microros_ws/firmware/mcu_ws/install/tracetools_read/lib/python3.8/site-packages/tracetools_read
[1.451s] byte-compiling /home/neu/Desktop/microros_ws/firmware/mcu_ws/install/tracetools_read/lib/python3.8/site-packages/tracetools_read/trace.py to trace.cpython-38.pyc
[1.452s] byte-compiling /home/neu/Desktop/microros_ws/firmware/mcu_ws/install/tracetools_read/lib/python3.8/site-packages/tracetools_read/__init__.py to __init__.cpython-38.pyc
[1.453s] running install_data
[1.454s] copying package.xml -> /home/neu/Desktop/microros_ws/firmware/mcu_ws/install/tracetools_read/share/tracetools_read
[1.454s] creating /home/neu/Desktop/microros_ws/firmware/mcu_ws/install/tracetools_read/share/ament_index
[1.454s] creating /home/neu/Desktop/microros_ws/firmware/mcu_ws/install/tracetools_read/share/ament_index/resource_index
[1.454s] creating /home/neu/Desktop/microros_ws/firmware/mcu_ws/install/tracetools_read/share/ament_index/resource_index/packages
[1.454s] copying resource/tracetools_read -> /home/neu/Desktop/microros_ws/firmware/mcu_ws/install/tracetools_read/share/ament_index/resource_index/packages
[1.454s] running install_egg_info
[1.458s] Copying ../../../build/tracetools_read/tracetools_read.egg-info to /home/neu/Desktop/microros_ws/firmware/mcu_ws/install/tracetools_read/lib/python3.8/site-packages/tracetools_read-4.1.1-py3.8.egg-info
[1.459s] running install_scripts
[1.481s] writing list of installed files to '/home/neu/Desktop/microros_ws/firmware/mcu_ws/build/tracetools_read/install.log'
[1.511s] Invoked command in '/home/neu/Desktop/microros_ws/firmware/mcu_ws/uros/tracetools/tracetools_read' returned '0': PYTHONPATH=/home/neu/Desktop/microros_ws/firmware/mcu_ws/build/tracetools_read/prefix_override:/home/neu/Desktop/microros_ws/firmware/mcu_ws/install/tracetools_read/lib/python3.8/site-packages:${PYTHONPATH} /usr/bin/python3 setup.py egg_info --egg-base ../../../build/tracetools_read build --build-base /home/neu/Desktop/microros_ws/firmware/mcu_ws/build/tracetools_read/build install --record /home/neu/Desktop/microros_ws/firmware/mcu_ws/build/tracetools_read/install.log --single-version-externally-managed
