[0.050s] Invoking command in '/home/neu/Desktop/microros_ws/firmware/mcu_ws/build/rosidl_adapter': AMENT_PREFIX_PATH=/home/neu/Desktop/microros_ws/firmware/mcu_ws/install/rosidl_cli:${AMENT_PREFIX_PATH} CMAKE_PREFIX_PATH=${CMAKE_PREFIX_PATH}:/home/neu/Desktop/microros_ws/firmware/dev_ws/install/ament_uncrustify:/home/neu/Desktop/microros_ws/firmware/dev_ws/install/domain_coordinator:/home/neu/Desktop/microros_ws/firmware/dev_ws/install/ament_xmllint:/home/neu/Desktop/microros_ws/firmware/dev_ws/install/ament_pyflakes:/home/neu/Desktop/microros_ws/firmware/dev_ws/install/ament_pycodestyle:/home/neu/Desktop/microros_ws/firmware/dev_ws/install/ament_pep257:/home/neu/Desktop/microros_ws/firmware/dev_ws/install/ament_pclint:/home/neu/Desktop/microros_ws/firmware/dev_ws/install/ament_package:/home/neu/Desktop/microros_ws/firmware/dev_ws/install/ament_mypy:/home/neu/Desktop/microros_ws/firmware/dev_ws/install/ament_lint_cmake:/home/neu/Desktop/microros_ws/firmware/dev_ws/install/ament_flake8:/home/neu/Desktop/microros_ws/firmware/dev_ws/install/ament_copyright:/home/neu/Desktop/microros_ws/firmware/dev_ws/install/ament_lint:/home/neu/Desktop/microros_ws/firmware/dev_ws/install/ament_index_python:/home/neu/Desktop/microros_ws/firmware/dev_ws/install/ament_cpplint:/home/neu/Desktop/microros_ws/firmware/dev_ws/install/ament_cppcheck:/home/neu/Desktop/microros_ws/firmware/dev_ws/install/ament_clang_tidy:/home/neu/Desktop/microros_ws/firmware/dev_ws/install/ament_clang_format PATH=/home/neu/Desktop/microros_ws/firmware/mcu_ws/install/rosidl_cli/bin:${PATH} PYTHONPATH=/home/neu/Desktop/microros_ws/firmware/mcu_ws/install/rosidl_cli/lib/python3.8/site-packages:${PYTHONPATH} /usr/bin/cmake /home/neu/Desktop/microros_ws/firmware/mcu_ws/ros2/rosidl/rosidl_adapter --no-warn-unused-cli -DCMAKE_POSITION_INDEPENDENT_CODE=OFF -DTHIRDPARTY=ON -DBUILD_SHARED_LIBS=OFF -DBUILD_TESTING=OFF -DCMAKE_BUILD_TYPE=Debug -DCMAKE_TOOLCHAIN_FILE=/home/neu/Desktop/microros_ws/firmware/freertos_apps/microros_nucleo_f446ze_extensions/arm_toolchain.cmake -DCMAKE_VERBOSE_MAKEFILE=ON -DCMAKE_INSTALL_PREFIX=/home/neu/Desktop/microros_ws/firmware/mcu_ws/install/rosidl_adapter
[0.057s] Not searching for unused variables given on the command line.
[0.067s] -- Found ament_cmake: 1.3.5 (/home/neu/Desktop/microros_ws/firmware/dev_ws/install/ament_cmake/share/ament_cmake/cmake)
[0.331s] -- Found Python3: /usr/bin/python3.8 (found version "3.8.10") found components: Interpreter 
[0.616s] -- Configuring done
[0.617s] -- Generating done
[0.618s] -- Build files have been written to: /home/neu/Desktop/microros_ws/firmware/mcu_ws/build/rosidl_adapter
[0.664s] Invoked command in '/home/neu/Desktop/microros_ws/firmware/mcu_ws/build/rosidl_adapter' returned '0': AMENT_PREFIX_PATH=/home/neu/Desktop/microros_ws/firmware/mcu_ws/install/rosidl_cli:${AMENT_PREFIX_PATH} CMAKE_PREFIX_PATH=${CMAKE_PREFIX_PATH}:/home/neu/Desktop/microros_ws/firmware/dev_ws/install/ament_uncrustify:/home/neu/Desktop/microros_ws/firmware/dev_ws/install/domain_coordinator:/home/neu/Desktop/microros_ws/firmware/dev_ws/install/ament_xmllint:/home/neu/Desktop/microros_ws/firmware/dev_ws/install/ament_pyflakes:/home/neu/Desktop/microros_ws/firmware/dev_ws/install/ament_pycodestyle:/home/neu/Desktop/microros_ws/firmware/dev_ws/install/ament_pep257:/home/neu/Desktop/microros_ws/firmware/dev_ws/install/ament_pclint:/home/neu/Desktop/microros_ws/firmware/dev_ws/install/ament_package:/home/neu/Desktop/microros_ws/firmware/dev_ws/install/ament_mypy:/home/neu/Desktop/microros_ws/firmware/dev_ws/install/ament_lint_cmake:/home/neu/Desktop/microros_ws/firmware/dev_ws/install/ament_flake8:/home/neu/Desktop/microros_ws/firmware/dev_ws/install/ament_copyright:/home/neu/Desktop/microros_ws/firmware/dev_ws/install/ament_lint:/home/neu/Desktop/microros_ws/firmware/dev_ws/install/ament_index_python:/home/neu/Desktop/microros_ws/firmware/dev_ws/install/ament_cpplint:/home/neu/Desktop/microros_ws/firmware/dev_ws/install/ament_cppcheck:/home/neu/Desktop/microros_ws/firmware/dev_ws/install/ament_clang_tidy:/home/neu/Desktop/microros_ws/firmware/dev_ws/install/ament_clang_format PATH=/home/neu/Desktop/microros_ws/firmware/mcu_ws/install/rosidl_cli/bin:${PATH} PYTHONPATH=/home/neu/Desktop/microros_ws/firmware/mcu_ws/install/rosidl_cli/lib/python3.8/site-packages:${PYTHONPATH} /usr/bin/cmake /home/neu/Desktop/microros_ws/firmware/mcu_ws/ros2/rosidl/rosidl_adapter --no-warn-unused-cli -DCMAKE_POSITION_INDEPENDENT_CODE=OFF -DTHIRDPARTY=ON -DBUILD_SHARED_LIBS=OFF -DBUILD_TESTING=OFF -DCMAKE_BUILD_TYPE=Debug -DCMAKE_TOOLCHAIN_FILE=/home/neu/Desktop/microros_ws/firmware/freertos_apps/microros_nucleo_f446ze_extensions/arm_toolchain.cmake -DCMAKE_VERBOSE_MAKEFILE=ON -DCMAKE_INSTALL_PREFIX=/home/neu/Desktop/microros_ws/firmware/mcu_ws/install/rosidl_adapter
[0.666s] Invoking command in '/home/neu/Desktop/microros_ws/firmware/mcu_ws/build/rosidl_adapter': AMENT_PREFIX_PATH=/home/neu/Desktop/microros_ws/firmware/mcu_ws/install/rosidl_cli:${AMENT_PREFIX_PATH} CMAKE_PREFIX_PATH=${CMAKE_PREFIX_PATH}:/home/neu/Desktop/microros_ws/firmware/dev_ws/install/ament_uncrustify:/home/neu/Desktop/microros_ws/firmware/dev_ws/install/domain_coordinator:/home/neu/Desktop/microros_ws/firmware/dev_ws/install/ament_xmllint:/home/neu/Desktop/microros_ws/firmware/dev_ws/install/ament_pyflakes:/home/neu/Desktop/microros_ws/firmware/dev_ws/install/ament_pycodestyle:/home/neu/Desktop/microros_ws/firmware/dev_ws/install/ament_pep257:/home/neu/Desktop/microros_ws/firmware/dev_ws/install/ament_pclint:/home/neu/Desktop/microros_ws/firmware/dev_ws/install/ament_package:/home/neu/Desktop/microros_ws/firmware/dev_ws/install/ament_mypy:/home/neu/Desktop/microros_ws/firmware/dev_ws/install/ament_lint_cmake:/home/neu/Desktop/microros_ws/firmware/dev_ws/install/ament_flake8:/home/neu/Desktop/microros_ws/firmware/dev_ws/install/ament_copyright:/home/neu/Desktop/microros_ws/firmware/dev_ws/install/ament_lint:/home/neu/Desktop/microros_ws/firmware/dev_ws/install/ament_index_python:/home/neu/Desktop/microros_ws/firmware/dev_ws/install/ament_cpplint:/home/neu/Desktop/microros_ws/firmware/dev_ws/install/ament_cppcheck:/home/neu/Desktop/microros_ws/firmware/dev_ws/install/ament_clang_tidy:/home/neu/Desktop/microros_ws/firmware/dev_ws/install/ament_clang_format PATH=/home/neu/Desktop/microros_ws/firmware/mcu_ws/install/rosidl_cli/bin:${PATH} PYTHONPATH=/home/neu/Desktop/microros_ws/firmware/mcu_ws/install/rosidl_cli/lib/python3.8/site-packages:${PYTHONPATH} /usr/bin/cmake --build /home/neu/Desktop/microros_ws/firmware/mcu_ws/build/rosidl_adapter -- -j20 -l20
[0.677s] make[1]: Entering directory '/home/neu/Desktop/microros_ws/firmware/mcu_ws/build/rosidl_adapter'
[0.678s] /usr/bin/cmake -S/home/neu/Desktop/microros_ws/firmware/mcu_ws/ros2/rosidl/rosidl_adapter -B/home/neu/Desktop/microros_ws/firmware/mcu_ws/build/rosidl_adapter --check-build-system CMakeFiles/Makefile.cmake 0
[0.683s] /usr/bin/cmake -E cmake_progress_start /home/neu/Desktop/microros_ws/firmware/mcu_ws/build/rosidl_adapter/CMakeFiles /home/neu/Desktop/microros_ws/firmware/mcu_ws/build/rosidl_adapter/CMakeFiles/progress.marks
[0.688s] /usr/bin/make -f CMakeFiles/Makefile2 all
[0.689s] make[2]: Entering directory '/home/neu/Desktop/microros_ws/firmware/mcu_ws/build/rosidl_adapter'
[0.689s] /usr/bin/make -f CMakeFiles/ament_cmake_python_copy_rosidl_adapter.dir/build.make CMakeFiles/ament_cmake_python_copy_rosidl_adapter.dir/depend
[0.690s] /usr/bin/make -f CMakeFiles/ament_cmake_python_copy_rosidl_adapter_setup.dir/build.make CMakeFiles/ament_cmake_python_copy_rosidl_adapter_setup.dir/depend
[0.690s] make[3]: Entering directory '/home/neu/Desktop/microros_ws/firmware/mcu_ws/build/rosidl_adapter'
[0.690s] cd /home/neu/Desktop/microros_ws/firmware/mcu_ws/build/rosidl_adapter && /usr/bin/cmake -E cmake_depends "Unix Makefiles" /home/neu/Desktop/microros_ws/firmware/mcu_ws/ros2/rosidl/rosidl_adapter /home/neu/Desktop/microros_ws/firmware/mcu_ws/ros2/rosidl/rosidl_adapter /home/neu/Desktop/microros_ws/firmware/mcu_ws/build/rosidl_adapter /home/neu/Desktop/microros_ws/firmware/mcu_ws/build/rosidl_adapter /home/neu/Desktop/microros_ws/firmware/mcu_ws/build/rosidl_adapter/CMakeFiles/ament_cmake_python_copy_rosidl_adapter.dir/DependInfo.cmake --color=
[0.691s] make[3]: Entering directory '/home/neu/Desktop/microros_ws/firmware/mcu_ws/build/rosidl_adapter'
[0.691s] cd /home/neu/Desktop/microros_ws/firmware/mcu_ws/build/rosidl_adapter && /usr/bin/cmake -E cmake_depends "Unix Makefiles" /home/neu/Desktop/microros_ws/firmware/mcu_ws/ros2/rosidl/rosidl_adapter /home/neu/Desktop/microros_ws/firmware/mcu_ws/ros2/rosidl/rosidl_adapter /home/neu/Desktop/microros_ws/firmware/mcu_ws/build/rosidl_adapter /home/neu/Desktop/microros_ws/firmware/mcu_ws/build/rosidl_adapter /home/neu/Desktop/microros_ws/firmware/mcu_ws/build/rosidl_adapter/CMakeFiles/ament_cmake_python_copy_rosidl_adapter_setup.dir/DependInfo.cmake --color=
[0.698s] Dependee "/home/neu/Desktop/microros_ws/firmware/mcu_ws/build/rosidl_adapter/CMakeFiles/ament_cmake_python_copy_rosidl_adapter.dir/DependInfo.cmake" is newer than depender "/home/neu/Desktop/microros_ws/firmware/mcu_ws/build/rosidl_adapter/CMakeFiles/ament_cmake_python_copy_rosidl_adapter.dir/depend.internal".
[0.698s] Dependee "/home/neu/Desktop/microros_ws/firmware/mcu_ws/build/rosidl_adapter/CMakeFiles/CMakeDirectoryInformation.cmake" is newer than depender "/home/neu/Desktop/microros_ws/firmware/mcu_ws/build/rosidl_adapter/CMakeFiles/ament_cmake_python_copy_rosidl_adapter.dir/depend.internal".
[0.698s] [35m[1mScanning dependencies of target ament_cmake_python_copy_rosidl_adapter[0m
[0.699s] make[3]: Leaving directory '/home/neu/Desktop/microros_ws/firmware/mcu_ws/build/rosidl_adapter'
[0.699s] /usr/bin/make -f CMakeFiles/ament_cmake_python_copy_rosidl_adapter.dir/build.make CMakeFiles/ament_cmake_python_copy_rosidl_adapter.dir/build
[0.699s] Dependee "/home/neu/Desktop/microros_ws/firmware/mcu_ws/build/rosidl_adapter/CMakeFiles/ament_cmake_python_copy_rosidl_adapter_setup.dir/DependInfo.cmake" is newer than depender "/home/neu/Desktop/microros_ws/firmware/mcu_ws/build/rosidl_adapter/CMakeFiles/ament_cmake_python_copy_rosidl_adapter_setup.dir/depend.internal".
[0.699s] Dependee "/home/neu/Desktop/microros_ws/firmware/mcu_ws/build/rosidl_adapter/CMakeFiles/CMakeDirectoryInformation.cmake" is newer than depender "/home/neu/Desktop/microros_ws/firmware/mcu_ws/build/rosidl_adapter/CMakeFiles/ament_cmake_python_copy_rosidl_adapter_setup.dir/depend.internal".
[0.699s] [35m[1mScanning dependencies of target ament_cmake_python_copy_rosidl_adapter_setup[0m
[0.699s] make[3]: Entering directory '/home/neu/Desktop/microros_ws/firmware/mcu_ws/build/rosidl_adapter'
[0.699s] /usr/bin/cmake -E copy_directory /home/neu/Desktop/microros_ws/firmware/mcu_ws/ros2/rosidl/rosidl_adapter/rosidl_adapter /home/neu/Desktop/microros_ws/firmware/mcu_ws/build/rosidl_adapter/ament_cmake_python/rosidl_adapter/rosidl_adapter
[0.700s] make[3]: Leaving directory '/home/neu/Desktop/microros_ws/firmware/mcu_ws/build/rosidl_adapter'
[0.700s] /usr/bin/make -f CMakeFiles/ament_cmake_python_copy_rosidl_adapter_setup.dir/build.make CMakeFiles/ament_cmake_python_copy_rosidl_adapter_setup.dir/build
[0.701s] make[3]: Entering directory '/home/neu/Desktop/microros_ws/firmware/mcu_ws/build/rosidl_adapter'
[0.701s] /usr/bin/cmake -E copy /home/neu/Desktop/microros_ws/firmware/mcu_ws/ros2/rosidl/rosidl_adapter/setup.cfg /home/neu/Desktop/microros_ws/firmware/mcu_ws/build/rosidl_adapter/ament_cmake_python/rosidl_adapter/setup.cfg
[0.709s] make[3]: Leaving directory '/home/neu/Desktop/microros_ws/firmware/mcu_ws/build/rosidl_adapter'
[0.710s] make[3]: Leaving directory '/home/neu/Desktop/microros_ws/firmware/mcu_ws/build/rosidl_adapter'
[0.717s] Built target ament_cmake_python_copy_rosidl_adapter
[0.719s] Built target ament_cmake_python_copy_rosidl_adapter_setup
[0.720s] /usr/bin/make -f CMakeFiles/ament_cmake_python_build_rosidl_adapter_egg.dir/build.make CMakeFiles/ament_cmake_python_build_rosidl_adapter_egg.dir/depend
[0.721s] make[3]: Entering directory '/home/neu/Desktop/microros_ws/firmware/mcu_ws/build/rosidl_adapter'
[0.721s] cd /home/neu/Desktop/microros_ws/firmware/mcu_ws/build/rosidl_adapter && /usr/bin/cmake -E cmake_depends "Unix Makefiles" /home/neu/Desktop/microros_ws/firmware/mcu_ws/ros2/rosidl/rosidl_adapter /home/neu/Desktop/microros_ws/firmware/mcu_ws/ros2/rosidl/rosidl_adapter /home/neu/Desktop/microros_ws/firmware/mcu_ws/build/rosidl_adapter /home/neu/Desktop/microros_ws/firmware/mcu_ws/build/rosidl_adapter /home/neu/Desktop/microros_ws/firmware/mcu_ws/build/rosidl_adapter/CMakeFiles/ament_cmake_python_build_rosidl_adapter_egg.dir/DependInfo.cmake --color=
[0.730s] Dependee "/home/neu/Desktop/microros_ws/firmware/mcu_ws/build/rosidl_adapter/CMakeFiles/ament_cmake_python_build_rosidl_adapter_egg.dir/DependInfo.cmake" is newer than depender "/home/neu/Desktop/microros_ws/firmware/mcu_ws/build/rosidl_adapter/CMakeFiles/ament_cmake_python_build_rosidl_adapter_egg.dir/depend.internal".
[0.730s] Dependee "/home/neu/Desktop/microros_ws/firmware/mcu_ws/build/rosidl_adapter/CMakeFiles/CMakeDirectoryInformation.cmake" is newer than depender "/home/neu/Desktop/microros_ws/firmware/mcu_ws/build/rosidl_adapter/CMakeFiles/ament_cmake_python_build_rosidl_adapter_egg.dir/depend.internal".
[0.730s] [35m[1mScanning dependencies of target ament_cmake_python_build_rosidl_adapter_egg[0m
[0.731s] make[3]: Leaving directory '/home/neu/Desktop/microros_ws/firmware/mcu_ws/build/rosidl_adapter'
[0.731s] /usr/bin/make -f CMakeFiles/ament_cmake_python_build_rosidl_adapter_egg.dir/build.make CMakeFiles/ament_cmake_python_build_rosidl_adapter_egg.dir/build
[0.732s] make[3]: Entering directory '/home/neu/Desktop/microros_ws/firmware/mcu_ws/build/rosidl_adapter'
[0.732s] cd /home/neu/Desktop/microros_ws/firmware/mcu_ws/build/rosidl_adapter/ament_cmake_python/rosidl_adapter && /usr/bin/python3.8 setup.py egg_info
[0.963s] running egg_info
[0.964s] creating rosidl_adapter.egg-info
[0.964s] writing rosidl_adapter.egg-info/PKG-INFO
[0.964s] writing dependency_links to rosidl_adapter.egg-info/dependency_links.txt
[0.964s] writing entry points to rosidl_adapter.egg-info/entry_points.txt
[0.964s] writing top-level names to rosidl_adapter.egg-info/top_level.txt
[0.964s] writing manifest file 'rosidl_adapter.egg-info/SOURCES.txt'
[0.987s] reading manifest file 'rosidl_adapter.egg-info/SOURCES.txt'
[0.987s] writing manifest file 'rosidl_adapter.egg-info/SOURCES.txt'
[1.002s] make[3]: Leaving directory '/home/neu/Desktop/microros_ws/firmware/mcu_ws/build/rosidl_adapter'
[1.008s] Built target ament_cmake_python_build_rosidl_adapter_egg
[1.008s] make[2]: Leaving directory '/home/neu/Desktop/microros_ws/firmware/mcu_ws/build/rosidl_adapter'
[1.008s] /usr/bin/cmake -E cmake_progress_start /home/neu/Desktop/microros_ws/firmware/mcu_ws/build/rosidl_adapter/CMakeFiles 0
[1.014s] make[1]: Leaving directory '/home/neu/Desktop/microros_ws/firmware/mcu_ws/build/rosidl_adapter'
[1.019s] Invoked command in '/home/neu/Desktop/microros_ws/firmware/mcu_ws/build/rosidl_adapter' returned '0': AMENT_PREFIX_PATH=/home/neu/Desktop/microros_ws/firmware/mcu_ws/install/rosidl_cli:${AMENT_PREFIX_PATH} CMAKE_PREFIX_PATH=${CMAKE_PREFIX_PATH}:/home/neu/Desktop/microros_ws/firmware/dev_ws/install/ament_uncrustify:/home/neu/Desktop/microros_ws/firmware/dev_ws/install/domain_coordinator:/home/neu/Desktop/microros_ws/firmware/dev_ws/install/ament_xmllint:/home/neu/Desktop/microros_ws/firmware/dev_ws/install/ament_pyflakes:/home/neu/Desktop/microros_ws/firmware/dev_ws/install/ament_pycodestyle:/home/neu/Desktop/microros_ws/firmware/dev_ws/install/ament_pep257:/home/neu/Desktop/microros_ws/firmware/dev_ws/install/ament_pclint:/home/neu/Desktop/microros_ws/firmware/dev_ws/install/ament_package:/home/neu/Desktop/microros_ws/firmware/dev_ws/install/ament_mypy:/home/neu/Desktop/microros_ws/firmware/dev_ws/install/ament_lint_cmake:/home/neu/Desktop/microros_ws/firmware/dev_ws/install/ament_flake8:/home/neu/Desktop/microros_ws/firmware/dev_ws/install/ament_copyright:/home/neu/Desktop/microros_ws/firmware/dev_ws/install/ament_lint:/home/neu/Desktop/microros_ws/firmware/dev_ws/install/ament_index_python:/home/neu/Desktop/microros_ws/firmware/dev_ws/install/ament_cpplint:/home/neu/Desktop/microros_ws/firmware/dev_ws/install/ament_cppcheck:/home/neu/Desktop/microros_ws/firmware/dev_ws/install/ament_clang_tidy:/home/neu/Desktop/microros_ws/firmware/dev_ws/install/ament_clang_format PATH=/home/neu/Desktop/microros_ws/firmware/mcu_ws/install/rosidl_cli/bin:${PATH} PYTHONPATH=/home/neu/Desktop/microros_ws/firmware/mcu_ws/install/rosidl_cli/lib/python3.8/site-packages:${PYTHONPATH} /usr/bin/cmake --build /home/neu/Desktop/microros_ws/firmware/mcu_ws/build/rosidl_adapter -- -j20 -l20
[1.040s] Invoking command in '/home/neu/Desktop/microros_ws/firmware/mcu_ws/build/rosidl_adapter': AMENT_PREFIX_PATH=/home/neu/Desktop/microros_ws/firmware/mcu_ws/install/rosidl_cli:${AMENT_PREFIX_PATH} CMAKE_PREFIX_PATH=${CMAKE_PREFIX_PATH}:/home/neu/Desktop/microros_ws/firmware/dev_ws/install/ament_uncrustify:/home/neu/Desktop/microros_ws/firmware/dev_ws/install/domain_coordinator:/home/neu/Desktop/microros_ws/firmware/dev_ws/install/ament_xmllint:/home/neu/Desktop/microros_ws/firmware/dev_ws/install/ament_pyflakes:/home/neu/Desktop/microros_ws/firmware/dev_ws/install/ament_pycodestyle:/home/neu/Desktop/microros_ws/firmware/dev_ws/install/ament_pep257:/home/neu/Desktop/microros_ws/firmware/dev_ws/install/ament_pclint:/home/neu/Desktop/microros_ws/firmware/dev_ws/install/ament_package:/home/neu/Desktop/microros_ws/firmware/dev_ws/install/ament_mypy:/home/neu/Desktop/microros_ws/firmware/dev_ws/install/ament_lint_cmake:/home/neu/Desktop/microros_ws/firmware/dev_ws/install/ament_flake8:/home/neu/Desktop/microros_ws/firmware/dev_ws/install/ament_copyright:/home/neu/Desktop/microros_ws/firmware/dev_ws/install/ament_lint:/home/neu/Desktop/microros_ws/firmware/dev_ws/install/ament_index_python:/home/neu/Desktop/microros_ws/firmware/dev_ws/install/ament_cpplint:/home/neu/Desktop/microros_ws/firmware/dev_ws/install/ament_cppcheck:/home/neu/Desktop/microros_ws/firmware/dev_ws/install/ament_clang_tidy:/home/neu/Desktop/microros_ws/firmware/dev_ws/install/ament_clang_format PATH=/home/neu/Desktop/microros_ws/firmware/mcu_ws/install/rosidl_cli/bin:${PATH} PYTHONPATH=/home/neu/Desktop/microros_ws/firmware/mcu_ws/install/rosidl_cli/lib/python3.8/site-packages:${PYTHONPATH} /usr/bin/cmake --install /home/neu/Desktop/microros_ws/firmware/mcu_ws/build/rosidl_adapter
[1.048s] -- Install configuration: "Debug"
[1.048s] -- Installing: /home/neu/Desktop/microros_ws/firmware/mcu_ws/install/rosidl_adapter/share/rosidl_adapter/environment/pythonpath.sh
[1.048s] -- Installing: /home/neu/Desktop/microros_ws/firmware/mcu_ws/install/rosidl_adapter/share/rosidl_adapter/environment/pythonpath.dsv
[1.048s] -- Installing: /home/neu/Desktop/microros_ws/firmware/mcu_ws/install/rosidl_adapter/lib/python3.8/site-packages/rosidl_adapter-3.1.5-py3.8.egg-info
[1.048s] -- Installing: /home/neu/Desktop/microros_ws/firmware/mcu_ws/install/rosidl_adapter/lib/python3.8/site-packages/rosidl_adapter-3.1.5-py3.8.egg-info/entry_points.txt
[1.048s] -- Installing: /home/neu/Desktop/microros_ws/firmware/mcu_ws/install/rosidl_adapter/lib/python3.8/site-packages/rosidl_adapter-3.1.5-py3.8.egg-info/SOURCES.txt
[1.048s] -- Installing: /home/neu/Desktop/microros_ws/firmware/mcu_ws/install/rosidl_adapter/lib/python3.8/site-packages/rosidl_adapter-3.1.5-py3.8.egg-info/top_level.txt
[1.048s] -- Installing: /home/neu/Desktop/microros_ws/firmware/mcu_ws/install/rosidl_adapter/lib/python3.8/site-packages/rosidl_adapter-3.1.5-py3.8.egg-info/dependency_links.txt
[1.048s] -- Installing: /home/neu/Desktop/microros_ws/firmware/mcu_ws/install/rosidl_adapter/lib/python3.8/site-packages/rosidl_adapter-3.1.5-py3.8.egg-info/PKG-INFO
[1.048s] -- Installing: /home/neu/Desktop/microros_ws/firmware/mcu_ws/install/rosidl_adapter/lib/python3.8/site-packages/rosidl_adapter
[1.049s] -- Installing: /home/neu/Desktop/microros_ws/firmware/mcu_ws/install/rosidl_adapter/lib/python3.8/site-packages/rosidl_adapter/__main__.py
[1.049s] -- Installing: /home/neu/Desktop/microros_ws/firmware/mcu_ws/install/rosidl_adapter/lib/python3.8/site-packages/rosidl_adapter/resource
[1.049s] -- Installing: /home/neu/Desktop/microros_ws/firmware/mcu_ws/install/rosidl_adapter/lib/python3.8/site-packages/rosidl_adapter/resource/msg.idl.em
[1.049s] -- Installing: /home/neu/Desktop/microros_ws/firmware/mcu_ws/install/rosidl_adapter/lib/python3.8/site-packages/rosidl_adapter/resource/srv.idl.em
[1.049s] -- Installing: /home/neu/Desktop/microros_ws/firmware/mcu_ws/install/rosidl_adapter/lib/python3.8/site-packages/rosidl_adapter/resource/struct.idl.em
[1.049s] -- Installing: /home/neu/Desktop/microros_ws/firmware/mcu_ws/install/rosidl_adapter/lib/python3.8/site-packages/rosidl_adapter/resource/action.idl.em
[1.049s] -- Installing: /home/neu/Desktop/microros_ws/firmware/mcu_ws/install/rosidl_adapter/lib/python3.8/site-packages/rosidl_adapter/resource/__init__.py
[1.049s] -- Installing: /home/neu/Desktop/microros_ws/firmware/mcu_ws/install/rosidl_adapter/lib/python3.8/site-packages/rosidl_adapter/srv
[1.049s] -- Installing: /home/neu/Desktop/microros_ws/firmware/mcu_ws/install/rosidl_adapter/lib/python3.8/site-packages/rosidl_adapter/srv/__init__.py
[1.049s] -- Installing: /home/neu/Desktop/microros_ws/firmware/mcu_ws/install/rosidl_adapter/lib/python3.8/site-packages/rosidl_adapter/msg
[1.049s] -- Installing: /home/neu/Desktop/microros_ws/firmware/mcu_ws/install/rosidl_adapter/lib/python3.8/site-packages/rosidl_adapter/msg/__init__.py
[1.049s] -- Installing: /home/neu/Desktop/microros_ws/firmware/mcu_ws/install/rosidl_adapter/lib/python3.8/site-packages/rosidl_adapter/__init__.py
[1.049s] -- Installing: /home/neu/Desktop/microros_ws/firmware/mcu_ws/install/rosidl_adapter/lib/python3.8/site-packages/rosidl_adapter/cli.py
[1.049s] -- Installing: /home/neu/Desktop/microros_ws/firmware/mcu_ws/install/rosidl_adapter/lib/python3.8/site-packages/rosidl_adapter/main.py
[1.049s] -- Installing: /home/neu/Desktop/microros_ws/firmware/mcu_ws/install/rosidl_adapter/lib/python3.8/site-packages/rosidl_adapter/action
[1.049s] -- Installing: /home/neu/Desktop/microros_ws/firmware/mcu_ws/install/rosidl_adapter/lib/python3.8/site-packages/rosidl_adapter/action/__init__.py
[1.050s] -- Installing: /home/neu/Desktop/microros_ws/firmware/mcu_ws/install/rosidl_adapter/lib/python3.8/site-packages/rosidl_adapter/parser.py
[1.107s] Listing '/home/neu/Desktop/microros_ws/firmware/mcu_ws/install/rosidl_adapter/lib/python3.8/site-packages/rosidl_adapter'...
[1.107s] Compiling '/home/neu/Desktop/microros_ws/firmware/mcu_ws/install/rosidl_adapter/lib/python3.8/site-packages/rosidl_adapter/__init__.py'...
[1.107s] Compiling '/home/neu/Desktop/microros_ws/firmware/mcu_ws/install/rosidl_adapter/lib/python3.8/site-packages/rosidl_adapter/__main__.py'...
[1.107s] Listing '/home/neu/Desktop/microros_ws/firmware/mcu_ws/install/rosidl_adapter/lib/python3.8/site-packages/rosidl_adapter/action'...
[1.107s] Compiling '/home/neu/Desktop/microros_ws/firmware/mcu_ws/install/rosidl_adapter/lib/python3.8/site-packages/rosidl_adapter/action/__init__.py'...
[1.107s] Compiling '/home/neu/Desktop/microros_ws/firmware/mcu_ws/install/rosidl_adapter/lib/python3.8/site-packages/rosidl_adapter/cli.py'...
[1.107s] Compiling '/home/neu/Desktop/microros_ws/firmware/mcu_ws/install/rosidl_adapter/lib/python3.8/site-packages/rosidl_adapter/main.py'...
[1.107s] Listing '/home/neu/Desktop/microros_ws/firmware/mcu_ws/install/rosidl_adapter/lib/python3.8/site-packages/rosidl_adapter/msg'...
[1.107s] Compiling '/home/neu/Desktop/microros_ws/firmware/mcu_ws/install/rosidl_adapter/lib/python3.8/site-packages/rosidl_adapter/msg/__init__.py'...
[1.107s] Compiling '/home/neu/Desktop/microros_ws/firmware/mcu_ws/install/rosidl_adapter/lib/python3.8/site-packages/rosidl_adapter/parser.py'...
[1.107s] Listing '/home/neu/Desktop/microros_ws/firmware/mcu_ws/install/rosidl_adapter/lib/python3.8/site-packages/rosidl_adapter/resource'...
[1.107s] Compiling '/home/neu/Desktop/microros_ws/firmware/mcu_ws/install/rosidl_adapter/lib/python3.8/site-packages/rosidl_adapter/resource/__init__.py'...
[1.107s] Listing '/home/neu/Desktop/microros_ws/firmware/mcu_ws/install/rosidl_adapter/lib/python3.8/site-packages/rosidl_adapter/srv'...
[1.108s] Compiling '/home/neu/Desktop/microros_ws/firmware/mcu_ws/install/rosidl_adapter/lib/python3.8/site-packages/rosidl_adapter/srv/__init__.py'...
[1.110s] -- Installing: /home/neu/Desktop/microros_ws/firmware/mcu_ws/install/rosidl_adapter/share/ament_index/resource_index/package_run_dependencies/rosidl_adapter
[1.110s] -- Installing: /home/neu/Desktop/microros_ws/firmware/mcu_ws/install/rosidl_adapter/share/ament_index/resource_index/parent_prefix_path/rosidl_adapter
[1.111s] -- Installing: /home/neu/Desktop/microros_ws/firmware/mcu_ws/install/rosidl_adapter/share/rosidl_adapter/environment/ament_prefix_path.sh
[1.111s] -- Installing: /home/neu/Desktop/microros_ws/firmware/mcu_ws/install/rosidl_adapter/share/rosidl_adapter/environment/ament_prefix_path.dsv
[1.111s] -- Installing: /home/neu/Desktop/microros_ws/firmware/mcu_ws/install/rosidl_adapter/share/rosidl_adapter/environment/path.sh
[1.111s] -- Installing: /home/neu/Desktop/microros_ws/firmware/mcu_ws/install/rosidl_adapter/share/rosidl_adapter/environment/path.dsv
[1.111s] -- Installing: /home/neu/Desktop/microros_ws/firmware/mcu_ws/install/rosidl_adapter/share/rosidl_adapter/local_setup.bash
[1.111s] -- Installing: /home/neu/Desktop/microros_ws/firmware/mcu_ws/install/rosidl_adapter/share/rosidl_adapter/local_setup.sh
[1.111s] -- Installing: /home/neu/Desktop/microros_ws/firmware/mcu_ws/install/rosidl_adapter/share/rosidl_adapter/local_setup.zsh
[1.111s] -- Installing: /home/neu/Desktop/microros_ws/firmware/mcu_ws/install/rosidl_adapter/share/rosidl_adapter/local_setup.dsv
[1.111s] -- Installing: /home/neu/Desktop/microros_ws/firmware/mcu_ws/install/rosidl_adapter/share/rosidl_adapter/package.dsv
[1.111s] -- Installing: /home/neu/Desktop/microros_ws/firmware/mcu_ws/install/rosidl_adapter/share/ament_index/resource_index/packages/rosidl_adapter
[1.112s] -- Installing: /home/neu/Desktop/microros_ws/firmware/mcu_ws/install/rosidl_adapter/share/rosidl_adapter/cmake/rosidl_adapter-extras.cmake
[1.112s] -- Installing: /home/neu/Desktop/microros_ws/firmware/mcu_ws/install/rosidl_adapter/share/rosidl_adapter/cmake/rosidl_adapterConfig.cmake
[1.112s] -- Installing: /home/neu/Desktop/microros_ws/firmware/mcu_ws/install/rosidl_adapter/share/rosidl_adapter/cmake/rosidl_adapterConfig-version.cmake
[1.112s] -- Installing: /home/neu/Desktop/microros_ws/firmware/mcu_ws/install/rosidl_adapter/share/rosidl_adapter/package.xml
[1.112s] -- Up-to-date: /home/neu/Desktop/microros_ws/firmware/mcu_ws/install/rosidl_adapter/share/rosidl_adapter/cmake
[1.112s] -- Installing: /home/neu/Desktop/microros_ws/firmware/mcu_ws/install/rosidl_adapter/share/rosidl_adapter/cmake/rosidl_adapt_interfaces.cmake
[1.112s] -- Installing: /home/neu/Desktop/microros_ws/firmware/mcu_ws/install/rosidl_adapter/lib/rosidl_adapter/msg2idl.py
[1.112s] -- Installing: /home/neu/Desktop/microros_ws/firmware/mcu_ws/install/rosidl_adapter/lib/rosidl_adapter/srv2idl.py
[1.123s] Invoked command in '/home/neu/Desktop/microros_ws/firmware/mcu_ws/build/rosidl_adapter' returned '0': AMENT_PREFIX_PATH=/home/neu/Desktop/microros_ws/firmware/mcu_ws/install/rosidl_cli:${AMENT_PREFIX_PATH} CMAKE_PREFIX_PATH=${CMAKE_PREFIX_PATH}:/home/neu/Desktop/microros_ws/firmware/dev_ws/install/ament_uncrustify:/home/neu/Desktop/microros_ws/firmware/dev_ws/install/domain_coordinator:/home/neu/Desktop/microros_ws/firmware/dev_ws/install/ament_xmllint:/home/neu/Desktop/microros_ws/firmware/dev_ws/install/ament_pyflakes:/home/neu/Desktop/microros_ws/firmware/dev_ws/install/ament_pycodestyle:/home/neu/Desktop/microros_ws/firmware/dev_ws/install/ament_pep257:/home/neu/Desktop/microros_ws/firmware/dev_ws/install/ament_pclint:/home/neu/Desktop/microros_ws/firmware/dev_ws/install/ament_package:/home/neu/Desktop/microros_ws/firmware/dev_ws/install/ament_mypy:/home/neu/Desktop/microros_ws/firmware/dev_ws/install/ament_lint_cmake:/home/neu/Desktop/microros_ws/firmware/dev_ws/install/ament_flake8:/home/neu/Desktop/microros_ws/firmware/dev_ws/install/ament_copyright:/home/neu/Desktop/microros_ws/firmware/dev_ws/install/ament_lint:/home/neu/Desktop/microros_ws/firmware/dev_ws/install/ament_index_python:/home/neu/Desktop/microros_ws/firmware/dev_ws/install/ament_cpplint:/home/neu/Desktop/microros_ws/firmware/dev_ws/install/ament_cppcheck:/home/neu/Desktop/microros_ws/firmware/dev_ws/install/ament_clang_tidy:/home/neu/Desktop/microros_ws/firmware/dev_ws/install/ament_clang_format PATH=/home/neu/Desktop/microros_ws/firmware/mcu_ws/install/rosidl_cli/bin:${PATH} PYTHONPATH=/home/neu/Desktop/microros_ws/firmware/mcu_ws/install/rosidl_cli/lib/python3.8/site-packages:${PYTHONPATH} /usr/bin/cmake --install /home/neu/Desktop/microros_ws/firmware/mcu_ws/build/rosidl_adapter
