Not searching for unused variables given on the command line.
-- The C compiler identification is GNU 8.3.1
-- The CXX compiler identification is GNU 8.3.1
-- Check for working C compiler: /home/neu/Desktop/microros_ws/firmware/freertos_apps/microros_nucleo_f446ze_extensions/../../toolchain/bin/arm-none-eabi-gcc
-- Check for working C compiler: /home/neu/Desktop/microros_ws/firmware/freertos_apps/microros_nucleo_f446ze_extensions/../../toolchain/bin/arm-none-eabi-gcc -- works
-- Detecting C compiler ABI info
-- Detecting C compiler ABI info - done
-- Detecting C compile features
-- Detecting C compile features - done
-- Check for working CXX compiler: /home/neu/Desktop/microros_ws/firmware/freertos_apps/microros_nucleo_f446ze_extensions/../../toolchain/bin/arm-none-eabi-g++
-- Check for working CXX compiler: /home/neu/Desktop/microros_ws/firmware/freertos_apps/microros_nucleo_f446ze_extensions/../../toolchain/bin/arm-none-eabi-g++ -- works
-- Detecting CXX compiler ABI info
-- Detecting CXX compiler ABI info - done
-- Detecting CXX compile features
-- Detecting CXX compile features - done
-- Found ament_cmake: 1.3.5 (/home/neu/Desktop/microros_ws/firmware/dev_ws/install/ament_cmake/share/ament_cmake/cmake)
-- Found Python3: /usr/bin/python3.8 (found version "3.8.10") found components: Interpreter 
-- Found geometry_msgs: 4.2.3 (/home/neu/Desktop/microros_ws/firmware/mcu_ws/install/geometry_msgs/share/geometry_msgs/cmake)
CMake Warning at /home/neu/Desktop/microros_ws/firmware/mcu_ws/install/rcutils/share/rcutils/cmake/ament_cmake_export_libraries-extras.cmake:116 (message):
  Package 'rcutils' exports library 'dl' which couldn't be found
Call Stack (most recent call first):
  /home/neu/Desktop/microros_ws/firmware/mcu_ws/install/rcutils/share/rcutils/cmake/rcutilsConfig.cmake:41 (include)
  /home/neu/Desktop/microros_ws/firmware/mcu_ws/install/rosidl_runtime_c/share/rosidl_runtime_c/cmake/ament_cmake_export_dependencies-extras.cmake:21 (find_package)
  /home/neu/Desktop/microros_ws/firmware/mcu_ws/install/rosidl_runtime_c/share/rosidl_runtime_c/cmake/rosidl_runtime_cConfig.cmake:41 (include)
  /home/neu/Desktop/microros_ws/firmware/mcu_ws/install/builtin_interfaces/share/builtin_interfaces/cmake/ament_cmake_export_dependencies-extras.cmake:21 (find_package)
  /home/neu/Desktop/microros_ws/firmware/mcu_ws/install/builtin_interfaces/share/builtin_interfaces/cmake/builtin_interfacesConfig.cmake:41 (include)
  /home/neu/Desktop/microros_ws/firmware/mcu_ws/install/std_msgs/share/std_msgs/cmake/ament_cmake_export_dependencies-extras.cmake:21 (find_package)
  /home/neu/Desktop/microros_ws/firmware/mcu_ws/install/std_msgs/share/std_msgs/cmake/std_msgsConfig.cmake:41 (include)
  /home/neu/Desktop/microros_ws/firmware/mcu_ws/install/geometry_msgs/share/geometry_msgs/cmake/ament_cmake_export_dependencies-extras.cmake:21 (find_package)
  /home/neu/Desktop/microros_ws/firmware/mcu_ws/install/geometry_msgs/share/geometry_msgs/cmake/geometry_msgsConfig.cmake:41 (include)
  CMakeLists.txt:14 (find_package)


-- Using all available rosidl_typesupport_c: rosidl_typesupport_microxrcedds_c;rosidl_typesupport_introspection_c
-- Found rosidl_adapter: 3.1.5 (/home/neu/Desktop/microros_ws/firmware/mcu_ws/install/rosidl_adapter/share/rosidl_adapter/cmake)
-- Found rosidl_default_generators: 1.2.0 (/home/neu/Desktop/microros_ws/firmware/mcu_ws/install/rosidl_default_generators/share/rosidl_default_generators/cmake)
-- Found ament_cmake_ros: 0.10.0 (/home/neu/Desktop/microros_ws/firmware/dev_ws/install/ament_cmake_ros/share/ament_cmake_ros/cmake)
-- Using all available rosidl_typesupport_c: rosidl_typesupport_microxrcedds_c;rosidl_typesupport_introspection_c
-- Configuring done
-- Generating done
-- Build files have been written to: /home/neu/Desktop/microros_ws/firmware/mcu_ws/build/shape_msgs
make[1]: Entering directory '/home/neu/Desktop/microros_ws/firmware/mcu_ws/build/shape_msgs'
/usr/bin/cmake -S/home/neu/Desktop/microros_ws/firmware/mcu_ws/ros2/common_interfaces/shape_msgs -B/home/neu/Desktop/microros_ws/firmware/mcu_ws/build/shape_msgs --check-build-system CMakeFiles/Makefile.cmake 0
/usr/bin/cmake -E cmake_progress_start /home/neu/Desktop/microros_ws/firmware/mcu_ws/build/shape_msgs/CMakeFiles /home/neu/Desktop/microros_ws/firmware/mcu_ws/build/shape_msgs/CMakeFiles/progress.marks
/usr/bin/make -f CMakeFiles/Makefile2 all
make[2]: Entering directory '/home/neu/Desktop/microros_ws/firmware/mcu_ws/build/shape_msgs'
/usr/bin/make -f CMakeFiles/shape_msgs__rosidl_generator_c.dir/build.make CMakeFiles/shape_msgs__rosidl_generator_c.dir/depend
make[3]: Entering directory '/home/neu/Desktop/microros_ws/firmware/mcu_ws/build/shape_msgs'
[  4%] [34m[1mGenerating C code for ROS interfaces[0m
/usr/bin/python3.8 /home/neu/Desktop/microros_ws/firmware/mcu_ws/install/rosidl_generator_c/share/rosidl_generator_c/cmake/../../../lib/rosidl_generator_c/rosidl_generator_c --generator-arguments-file /home/neu/Desktop/microros_ws/firmware/mcu_ws/build/shape_msgs/rosidl_generator_c__arguments.json
cd /home/neu/Desktop/microros_ws/firmware/mcu_ws/build/shape_msgs && /usr/bin/cmake -E cmake_depends "Unix Makefiles" /home/neu/Desktop/microros_ws/firmware/mcu_ws/ros2/common_interfaces/shape_msgs /home/neu/Desktop/microros_ws/firmware/mcu_ws/ros2/common_interfaces/shape_msgs /home/neu/Desktop/microros_ws/firmware/mcu_ws/build/shape_msgs /home/neu/Desktop/microros_ws/firmware/mcu_ws/build/shape_msgs /home/neu/Desktop/microros_ws/firmware/mcu_ws/build/shape_msgs/CMakeFiles/shape_msgs__rosidl_generator_c.dir/DependInfo.cmake --color=
Dependee "/home/neu/Desktop/microros_ws/firmware/mcu_ws/build/shape_msgs/CMakeFiles/shape_msgs__rosidl_generator_c.dir/DependInfo.cmake" is newer than depender "/home/neu/Desktop/microros_ws/firmware/mcu_ws/build/shape_msgs/CMakeFiles/shape_msgs__rosidl_generator_c.dir/depend.internal".
Dependee "/home/neu/Desktop/microros_ws/firmware/mcu_ws/build/shape_msgs/CMakeFiles/CMakeDirectoryInformation.cmake" is newer than depender "/home/neu/Desktop/microros_ws/firmware/mcu_ws/build/shape_msgs/CMakeFiles/shape_msgs__rosidl_generator_c.dir/depend.internal".
[35m[1mScanning dependencies of target shape_msgs__rosidl_generator_c[0m
make[3]: Leaving directory '/home/neu/Desktop/microros_ws/firmware/mcu_ws/build/shape_msgs'
/usr/bin/make -f CMakeFiles/shape_msgs__rosidl_generator_c.dir/build.make CMakeFiles/shape_msgs__rosidl_generator_c.dir/build
make[3]: Entering directory '/home/neu/Desktop/microros_ws/firmware/mcu_ws/build/shape_msgs'
[  8%] [32mBuilding C object CMakeFiles/shape_msgs__rosidl_generator_c.dir/rosidl_generator_c/shape_msgs/msg/detail/solid_primitive__functions.c.obj[0m
/home/neu/Desktop/microros_ws/firmware/freertos_apps/microros_nucleo_f446ze_extensions/../../toolchain/bin/arm-none-eabi-gcc -DROS_PACKAGE_NAME=\"shape_msgs\" -I/home/neu/Desktop/microros_ws/firmware/mcu_ws/build/shape_msgs/rosidl_generator_c -isystem /home/neu/Desktop/microros_ws/firmware/mcu_ws/install/geometry_msgs/include/geometry_msgs -isystem /home/neu/Desktop/microros_ws/firmware/mcu_ws/install/std_msgs/include/std_msgs -isystem /home/neu/Desktop/microros_ws/firmware/mcu_ws/install/builtin_interfaces/include/builtin_interfaces -isystem /home/neu/Desktop/microros_ws/firmware/mcu_ws/install/rosidl_runtime_c/include/rosidl_runtime_c -isystem /home/neu/Desktop/microros_ws/firmware/mcu_ws/install/rcutils/include/rcutils -isystem /home/neu/Desktop/microros_ws/firmware/mcu_ws/install/rosidl_typesupport_interface/include/rosidl_typesupport_interface  -std=c11 -mcpu=cortex-m4 -mthumb -mfpu=fpv4-sp-d16 -mfloat-abi=hard -DUSE_HAL_DRIVER -DSTM32F446xx -D_TIMEVAL_DEFINED -O0 -Wall -fdata-sections -ffunction-sections  -DCLOCK_MONOTONIC=0 -g   -Wall -std=gnu11 -o CMakeFiles/shape_msgs__rosidl_generator_c.dir/rosidl_generator_c/shape_msgs/msg/detail/solid_primitive__functions.c.obj   -c /home/neu/Desktop/microros_ws/firmware/mcu_ws/build/shape_msgs/rosidl_generator_c/shape_msgs/msg/detail/solid_primitive__functions.c
[ 12%] [32mBuilding C object CMakeFiles/shape_msgs__rosidl_generator_c.dir/rosidl_generator_c/shape_msgs/msg/detail/mesh__functions.c.obj[0m
[ 20%] [32mBuilding C object CMakeFiles/shape_msgs__rosidl_generator_c.dir/rosidl_generator_c/shape_msgs/msg/detail/mesh_triangle__functions.c.obj[0m
[ 20%] [32mBuilding C object CMakeFiles/shape_msgs__rosidl_generator_c.dir/rosidl_generator_c/shape_msgs/msg/detail/plane__functions.c.obj[0m
/home/neu/Desktop/microros_ws/firmware/freertos_apps/microros_nucleo_f446ze_extensions/../../toolchain/bin/arm-none-eabi-gcc -DROS_PACKAGE_NAME=\"shape_msgs\" -I/home/neu/Desktop/microros_ws/firmware/mcu_ws/build/shape_msgs/rosidl_generator_c -isystem /home/neu/Desktop/microros_ws/firmware/mcu_ws/install/geometry_msgs/include/geometry_msgs -isystem /home/neu/Desktop/microros_ws/firmware/mcu_ws/install/std_msgs/include/std_msgs -isystem /home/neu/Desktop/microros_ws/firmware/mcu_ws/install/builtin_interfaces/include/builtin_interfaces -isystem /home/neu/Desktop/microros_ws/firmware/mcu_ws/install/rosidl_runtime_c/include/rosidl_runtime_c -isystem /home/neu/Desktop/microros_ws/firmware/mcu_ws/install/rcutils/include/rcutils -isystem /home/neu/Desktop/microros_ws/firmware/mcu_ws/install/rosidl_typesupport_interface/include/rosidl_typesupport_interface  -std=c11 -mcpu=cortex-m4 -mthumb -mfpu=fpv4-sp-d16 -mfloat-abi=hard -DUSE_HAL_DRIVER -DSTM32F446xx -D_TIMEVAL_DEFINED -O0 -Wall -fdata-sections -ffunction-sections  -DCLOCK_MONOTONIC=0 -g   -Wall -std=gnu11 -o CMakeFiles/shape_msgs__rosidl_generator_c.dir/rosidl_generator_c/shape_msgs/msg/detail/mesh__functions.c.obj   -c /home/neu/Desktop/microros_ws/firmware/mcu_ws/build/shape_msgs/rosidl_generator_c/shape_msgs/msg/detail/mesh__functions.c
/home/neu/Desktop/microros_ws/firmware/freertos_apps/microros_nucleo_f446ze_extensions/../../toolchain/bin/arm-none-eabi-gcc -DROS_PACKAGE_NAME=\"shape_msgs\" -I/home/neu/Desktop/microros_ws/firmware/mcu_ws/build/shape_msgs/rosidl_generator_c -isystem /home/neu/Desktop/microros_ws/firmware/mcu_ws/install/geometry_msgs/include/geometry_msgs -isystem /home/neu/Desktop/microros_ws/firmware/mcu_ws/install/std_msgs/include/std_msgs -isystem /home/neu/Desktop/microros_ws/firmware/mcu_ws/install/builtin_interfaces/include/builtin_interfaces -isystem /home/neu/Desktop/microros_ws/firmware/mcu_ws/install/rosidl_runtime_c/include/rosidl_runtime_c -isystem /home/neu/Desktop/microros_ws/firmware/mcu_ws/install/rcutils/include/rcutils -isystem /home/neu/Desktop/microros_ws/firmware/mcu_ws/install/rosidl_typesupport_interface/include/rosidl_typesupport_interface  -std=c11 -mcpu=cortex-m4 -mthumb -mfpu=fpv4-sp-d16 -mfloat-abi=hard -DUSE_HAL_DRIVER -DSTM32F446xx -D_TIMEVAL_DEFINED -O0 -Wall -fdata-sections -ffunction-sections  -DCLOCK_MONOTONIC=0 -g   -Wall -std=gnu11 -o CMakeFiles/shape_msgs__rosidl_generator_c.dir/rosidl_generator_c/shape_msgs/msg/detail/mesh_triangle__functions.c.obj   -c /home/neu/Desktop/microros_ws/firmware/mcu_ws/build/shape_msgs/rosidl_generator_c/shape_msgs/msg/detail/mesh_triangle__functions.c
/home/neu/Desktop/microros_ws/firmware/freertos_apps/microros_nucleo_f446ze_extensions/../../toolchain/bin/arm-none-eabi-gcc -DROS_PACKAGE_NAME=\"shape_msgs\" -I/home/neu/Desktop/microros_ws/firmware/mcu_ws/build/shape_msgs/rosidl_generator_c -isystem /home/neu/Desktop/microros_ws/firmware/mcu_ws/install/geometry_msgs/include/geometry_msgs -isystem /home/neu/Desktop/microros_ws/firmware/mcu_ws/install/std_msgs/include/std_msgs -isystem /home/neu/Desktop/microros_ws/firmware/mcu_ws/install/builtin_interfaces/include/builtin_interfaces -isystem /home/neu/Desktop/microros_ws/firmware/mcu_ws/install/rosidl_runtime_c/include/rosidl_runtime_c -isystem /home/neu/Desktop/microros_ws/firmware/mcu_ws/install/rcutils/include/rcutils -isystem /home/neu/Desktop/microros_ws/firmware/mcu_ws/install/rosidl_typesupport_interface/include/rosidl_typesupport_interface  -std=c11 -mcpu=cortex-m4 -mthumb -mfpu=fpv4-sp-d16 -mfloat-abi=hard -DUSE_HAL_DRIVER -DSTM32F446xx -D_TIMEVAL_DEFINED -O0 -Wall -fdata-sections -ffunction-sections  -DCLOCK_MONOTONIC=0 -g   -Wall -std=gnu11 -o CMakeFiles/shape_msgs__rosidl_generator_c.dir/rosidl_generator_c/shape_msgs/msg/detail/plane__functions.c.obj   -c /home/neu/Desktop/microros_ws/firmware/mcu_ws/build/shape_msgs/rosidl_generator_c/shape_msgs/msg/detail/plane__functions.c
[ 25%] [32m[1mLinking C static library libshape_msgs__rosidl_generator_c.a[0m
/usr/bin/cmake -P CMakeFiles/shape_msgs__rosidl_generator_c.dir/cmake_clean_target.cmake
/usr/bin/cmake -E cmake_link_script CMakeFiles/shape_msgs__rosidl_generator_c.dir/link.txt --verbose=1
/home/neu/Desktop/microros_ws/firmware/toolchain/bin/arm-none-eabi-ar qc libshape_msgs__rosidl_generator_c.a  CMakeFiles/shape_msgs__rosidl_generator_c.dir/rosidl_generator_c/shape_msgs/msg/detail/mesh__functions.c.obj CMakeFiles/shape_msgs__rosidl_generator_c.dir/rosidl_generator_c/shape_msgs/msg/detail/mesh_triangle__functions.c.obj CMakeFiles/shape_msgs__rosidl_generator_c.dir/rosidl_generator_c/shape_msgs/msg/detail/plane__functions.c.obj CMakeFiles/shape_msgs__rosidl_generator_c.dir/rosidl_generator_c/shape_msgs/msg/detail/solid_primitive__functions.c.obj
/home/neu/Desktop/microros_ws/firmware/toolchain/bin/arm-none-eabi-ranlib libshape_msgs__rosidl_generator_c.a
make[3]: Leaving directory '/home/neu/Desktop/microros_ws/firmware/mcu_ws/build/shape_msgs'
[ 25%] Built target shape_msgs__rosidl_generator_c
/usr/bin/make -f CMakeFiles/shape_msgs__rosidl_typesupport_c.dir/build.make CMakeFiles/shape_msgs__rosidl_typesupport_c.dir/depend
/usr/bin/make -f CMakeFiles/shape_msgs__rosidl_typesupport_microxrcedds_c.dir/build.make CMakeFiles/shape_msgs__rosidl_typesupport_microxrcedds_c.dir/depend
/usr/bin/make -f CMakeFiles/shape_msgs__rosidl_typesupport_introspection_c.dir/build.make CMakeFiles/shape_msgs__rosidl_typesupport_introspection_c.dir/depend
make[3]: Entering directory '/home/neu/Desktop/microros_ws/firmware/mcu_ws/build/shape_msgs'
make[3]: Entering directory '/home/neu/Desktop/microros_ws/firmware/mcu_ws/build/shape_msgs'
make[3]: Entering directory '/home/neu/Desktop/microros_ws/firmware/mcu_ws/build/shape_msgs'
[ 29%] [34m[1mGenerating C type support dispatch for ROS interfaces[0m
/usr/bin/python3.8 /home/neu/Desktop/microros_ws/firmware/mcu_ws/install/rosidl_typesupport_c/lib/rosidl_typesupport_c/rosidl_typesupport_c --generator-arguments-file /home/neu/Desktop/microros_ws/firmware/mcu_ws/build/shape_msgs/rosidl_typesupport_c__arguments.json --typesupports rosidl_typesupport_microxrcedds_c rosidl_typesupport_introspection_c
[ 33%] [34m[1mGenerating C introspection for ROS interfaces[0m
[ 37%] [34m[1mGenerating C type support for eProsima Micro XRCE-DDS[0m
/usr/bin/python3.8 /home/neu/Desktop/microros_ws/firmware/mcu_ws/install/rosidl_typesupport_introspection_c/lib/rosidl_typesupport_introspection_c/rosidl_typesupport_introspection_c --generator-arguments-file /home/neu/Desktop/microros_ws/firmware/mcu_ws/build/shape_msgs/rosidl_typesupport_introspection_c__arguments.json
/usr/bin/python3.8 /home/neu/Desktop/microros_ws/firmware/mcu_ws/install/rosidl_typesupport_microxrcedds_c/lib/rosidl_typesupport_microxrcedds_c/rosidl_typesupport_microxrcedds_c --generator-arguments-file /home/neu/Desktop/microros_ws/firmware/mcu_ws/build/shape_msgs/rosidl_typesupport_microxrcedds_c__arguments.json
cd /home/neu/Desktop/microros_ws/firmware/mcu_ws/build/shape_msgs && /usr/bin/cmake -E cmake_depends "Unix Makefiles" /home/neu/Desktop/microros_ws/firmware/mcu_ws/ros2/common_interfaces/shape_msgs /home/neu/Desktop/microros_ws/firmware/mcu_ws/ros2/common_interfaces/shape_msgs /home/neu/Desktop/microros_ws/firmware/mcu_ws/build/shape_msgs /home/neu/Desktop/microros_ws/firmware/mcu_ws/build/shape_msgs /home/neu/Desktop/microros_ws/firmware/mcu_ws/build/shape_msgs/CMakeFiles/shape_msgs__rosidl_typesupport_c.dir/DependInfo.cmake --color=
Dependee "/home/neu/Desktop/microros_ws/firmware/mcu_ws/build/shape_msgs/CMakeFiles/shape_msgs__rosidl_typesupport_c.dir/DependInfo.cmake" is newer than depender "/home/neu/Desktop/microros_ws/firmware/mcu_ws/build/shape_msgs/CMakeFiles/shape_msgs__rosidl_typesupport_c.dir/depend.internal".
Dependee "/home/neu/Desktop/microros_ws/firmware/mcu_ws/build/shape_msgs/CMakeFiles/CMakeDirectoryInformation.cmake" is newer than depender "/home/neu/Desktop/microros_ws/firmware/mcu_ws/build/shape_msgs/CMakeFiles/shape_msgs__rosidl_typesupport_c.dir/depend.internal".
[35m[1mScanning dependencies of target shape_msgs__rosidl_typesupport_c[0m
make[3]: Leaving directory '/home/neu/Desktop/microros_ws/firmware/mcu_ws/build/shape_msgs'
/usr/bin/make -f CMakeFiles/shape_msgs__rosidl_typesupport_c.dir/build.make CMakeFiles/shape_msgs__rosidl_typesupport_c.dir/build
make[3]: Entering directory '/home/neu/Desktop/microros_ws/firmware/mcu_ws/build/shape_msgs'
[ 41%] [32mBuilding CXX object CMakeFiles/shape_msgs__rosidl_typesupport_c.dir/rosidl_typesupport_c/shape_msgs/msg/mesh__type_support.cpp.obj[0m
/home/neu/Desktop/microros_ws/firmware/freertos_apps/microros_nucleo_f446ze_extensions/../../toolchain/bin/arm-none-eabi-g++  -DROSIDL_TYPESUPPORT_STATIC_TYPESUPPORT -DROS_PACKAGE_NAME=\"shape_msgs\" -I/home/neu/Desktop/microros_ws/firmware/mcu_ws/build/shape_msgs/rosidl_generator_c -isystem /home/neu/Desktop/microros_ws/firmware/mcu_ws/install/geometry_msgs/include/geometry_msgs -isystem /home/neu/Desktop/microros_ws/firmware/mcu_ws/install/std_msgs/include/std_msgs -isystem /home/neu/Desktop/microros_ws/firmware/mcu_ws/install/builtin_interfaces/include/builtin_interfaces -isystem /home/neu/Desktop/microros_ws/firmware/mcu_ws/install/rosidl_runtime_c/include/rosidl_runtime_c -isystem /home/neu/Desktop/microros_ws/firmware/mcu_ws/install/rcutils/include/rcutils -isystem /home/neu/Desktop/microros_ws/firmware/mcu_ws/install/rosidl_typesupport_interface/include/rosidl_typesupport_interface -isystem /home/neu/Desktop/microros_ws/firmware/mcu_ws/install/rosidl_typesupport_c/include/rosidl_typesupport_c  -std=c++14 -mcpu=cortex-m4 -mthumb -mfpu=fpv4-sp-d16 -mfloat-abi=hard -DUSE_HAL_DRIVER -DSTM32F446xx -D_TIMEVAL_DEFINED -O0 -Wall -fdata-sections -ffunction-sections  -DCLOCK_MONOTONIC=0 -g   -Wall -std=gnu++14 -o CMakeFiles/shape_msgs__rosidl_typesupport_c.dir/rosidl_typesupport_c/shape_msgs/msg/mesh__type_support.cpp.obj -c /home/neu/Desktop/microros_ws/firmware/mcu_ws/build/shape_msgs/rosidl_typesupport_c/shape_msgs/msg/mesh__type_support.cpp
[ 45%] [32mBuilding CXX object CMakeFiles/shape_msgs__rosidl_typesupport_c.dir/rosidl_typesupport_c/shape_msgs/msg/plane__type_support.cpp.obj[0m
[ 50%] [32mBuilding CXX object CMakeFiles/shape_msgs__rosidl_typesupport_c.dir/rosidl_typesupport_c/shape_msgs/msg/mesh_triangle__type_support.cpp.obj[0m
/home/neu/Desktop/microros_ws/firmware/freertos_apps/microros_nucleo_f446ze_extensions/../../toolchain/bin/arm-none-eabi-g++  -DROSIDL_TYPESUPPORT_STATIC_TYPESUPPORT -DROS_PACKAGE_NAME=\"shape_msgs\" -I/home/neu/Desktop/microros_ws/firmware/mcu_ws/build/shape_msgs/rosidl_generator_c -isystem /home/neu/Desktop/microros_ws/firmware/mcu_ws/install/geometry_msgs/include/geometry_msgs -isystem /home/neu/Desktop/microros_ws/firmware/mcu_ws/install/std_msgs/include/std_msgs -isystem /home/neu/Desktop/microros_ws/firmware/mcu_ws/install/builtin_interfaces/include/builtin_interfaces -isystem /home/neu/Desktop/microros_ws/firmware/mcu_ws/install/rosidl_runtime_c/include/rosidl_runtime_c -isystem /home/neu/Desktop/microros_ws/firmware/mcu_ws/install/rcutils/include/rcutils -isystem /home/neu/Desktop/microros_ws/firmware/mcu_ws/install/rosidl_typesupport_interface/include/rosidl_typesupport_interface -isystem /home/neu/Desktop/microros_ws/firmware/mcu_ws/install/rosidl_typesupport_c/include/rosidl_typesupport_c  -std=c++14 -mcpu=cortex-m4 -mthumb -mfpu=fpv4-sp-d16 -mfloat-abi=hard -DUSE_HAL_DRIVER -DSTM32F446xx -D_TIMEVAL_DEFINED -O0 -Wall -fdata-sections -ffunction-sections  -DCLOCK_MONOTONIC=0 -g   -Wall -std=gnu++14 -o CMakeFiles/shape_msgs__rosidl_typesupport_c.dir/rosidl_typesupport_c/shape_msgs/msg/plane__type_support.cpp.obj -c /home/neu/Desktop/microros_ws/firmware/mcu_ws/build/shape_msgs/rosidl_typesupport_c/shape_msgs/msg/plane__type_support.cpp
/home/neu/Desktop/microros_ws/firmware/freertos_apps/microros_nucleo_f446ze_extensions/../../toolchain/bin/arm-none-eabi-g++  -DROSIDL_TYPESUPPORT_STATIC_TYPESUPPORT -DROS_PACKAGE_NAME=\"shape_msgs\" -I/home/neu/Desktop/microros_ws/firmware/mcu_ws/build/shape_msgs/rosidl_generator_c -isystem /home/neu/Desktop/microros_ws/firmware/mcu_ws/install/geometry_msgs/include/geometry_msgs -isystem /home/neu/Desktop/microros_ws/firmware/mcu_ws/install/std_msgs/include/std_msgs -isystem /home/neu/Desktop/microros_ws/firmware/mcu_ws/install/builtin_interfaces/include/builtin_interfaces -isystem /home/neu/Desktop/microros_ws/firmware/mcu_ws/install/rosidl_runtime_c/include/rosidl_runtime_c -isystem /home/neu/Desktop/microros_ws/firmware/mcu_ws/install/rcutils/include/rcutils -isystem /home/neu/Desktop/microros_ws/firmware/mcu_ws/install/rosidl_typesupport_interface/include/rosidl_typesupport_interface -isystem /home/neu/Desktop/microros_ws/firmware/mcu_ws/install/rosidl_typesupport_c/include/rosidl_typesupport_c  -std=c++14 -mcpu=cortex-m4 -mthumb -mfpu=fpv4-sp-d16 -mfloat-abi=hard -DUSE_HAL_DRIVER -DSTM32F446xx -D_TIMEVAL_DEFINED -O0 -Wall -fdata-sections -ffunction-sections  -DCLOCK_MONOTONIC=0 -g   -Wall -std=gnu++14 -o CMakeFiles/shape_msgs__rosidl_typesupport_c.dir/rosidl_typesupport_c/shape_msgs/msg/mesh_triangle__type_support.cpp.obj -c /home/neu/Desktop/microros_ws/firmware/mcu_ws/build/shape_msgs/rosidl_typesupport_c/shape_msgs/msg/mesh_triangle__type_support.cpp
[ 54%] [32mBuilding CXX object CMakeFiles/shape_msgs__rosidl_typesupport_c.dir/rosidl_typesupport_c/shape_msgs/msg/solid_primitive__type_support.cpp.obj[0m
/home/neu/Desktop/microros_ws/firmware/freertos_apps/microros_nucleo_f446ze_extensions/../../toolchain/bin/arm-none-eabi-g++  -DROSIDL_TYPESUPPORT_STATIC_TYPESUPPORT -DROS_PACKAGE_NAME=\"shape_msgs\" -I/home/neu/Desktop/microros_ws/firmware/mcu_ws/build/shape_msgs/rosidl_generator_c -isystem /home/neu/Desktop/microros_ws/firmware/mcu_ws/install/geometry_msgs/include/geometry_msgs -isystem /home/neu/Desktop/microros_ws/firmware/mcu_ws/install/std_msgs/include/std_msgs -isystem /home/neu/Desktop/microros_ws/firmware/mcu_ws/install/builtin_interfaces/include/builtin_interfaces -isystem /home/neu/Desktop/microros_ws/firmware/mcu_ws/install/rosidl_runtime_c/include/rosidl_runtime_c -isystem /home/neu/Desktop/microros_ws/firmware/mcu_ws/install/rcutils/include/rcutils -isystem /home/neu/Desktop/microros_ws/firmware/mcu_ws/install/rosidl_typesupport_interface/include/rosidl_typesupport_interface -isystem /home/neu/Desktop/microros_ws/firmware/mcu_ws/install/rosidl_typesupport_c/include/rosidl_typesupport_c  -std=c++14 -mcpu=cortex-m4 -mthumb -mfpu=fpv4-sp-d16 -mfloat-abi=hard -DUSE_HAL_DRIVER -DSTM32F446xx -D_TIMEVAL_DEFINED -O0 -Wall -fdata-sections -ffunction-sections  -DCLOCK_MONOTONIC=0 -g   -Wall -std=gnu++14 -o CMakeFiles/shape_msgs__rosidl_typesupport_c.dir/rosidl_typesupport_c/shape_msgs/msg/solid_primitive__type_support.cpp.obj -c /home/neu/Desktop/microros_ws/firmware/mcu_ws/build/shape_msgs/rosidl_typesupport_c/shape_msgs/msg/solid_primitive__type_support.cpp
cd /home/neu/Desktop/microros_ws/firmware/mcu_ws/build/shape_msgs && /usr/bin/cmake -E cmake_depends "Unix Makefiles" /home/neu/Desktop/microros_ws/firmware/mcu_ws/ros2/common_interfaces/shape_msgs /home/neu/Desktop/microros_ws/firmware/mcu_ws/ros2/common_interfaces/shape_msgs /home/neu/Desktop/microros_ws/firmware/mcu_ws/build/shape_msgs /home/neu/Desktop/microros_ws/firmware/mcu_ws/build/shape_msgs /home/neu/Desktop/microros_ws/firmware/mcu_ws/build/shape_msgs/CMakeFiles/shape_msgs__rosidl_typesupport_introspection_c.dir/DependInfo.cmake --color=
[ 58%] [32m[1mLinking CXX static library libshape_msgs__rosidl_typesupport_c.a[0m
/usr/bin/cmake -P CMakeFiles/shape_msgs__rosidl_typesupport_c.dir/cmake_clean_target.cmake
Dependee "/home/neu/Desktop/microros_ws/firmware/mcu_ws/build/shape_msgs/CMakeFiles/shape_msgs__rosidl_typesupport_introspection_c.dir/DependInfo.cmake" is newer than depender "/home/neu/Desktop/microros_ws/firmware/mcu_ws/build/shape_msgs/CMakeFiles/shape_msgs__rosidl_typesupport_introspection_c.dir/depend.internal".
Dependee "/home/neu/Desktop/microros_ws/firmware/mcu_ws/build/shape_msgs/CMakeFiles/CMakeDirectoryInformation.cmake" is newer than depender "/home/neu/Desktop/microros_ws/firmware/mcu_ws/build/shape_msgs/CMakeFiles/shape_msgs__rosidl_typesupport_introspection_c.dir/depend.internal".
[35m[1mScanning dependencies of target shape_msgs__rosidl_typesupport_introspection_c[0m
make[3]: Leaving directory '/home/neu/Desktop/microros_ws/firmware/mcu_ws/build/shape_msgs'
/usr/bin/make -f CMakeFiles/shape_msgs__rosidl_typesupport_introspection_c.dir/build.make CMakeFiles/shape_msgs__rosidl_typesupport_introspection_c.dir/build
make[3]: Entering directory '/home/neu/Desktop/microros_ws/firmware/mcu_ws/build/shape_msgs'
/usr/bin/cmake -E cmake_link_script CMakeFiles/shape_msgs__rosidl_typesupport_c.dir/link.txt --verbose=1
[ 62%] [32mBuilding C object CMakeFiles/shape_msgs__rosidl_typesupport_introspection_c.dir/rosidl_typesupport_introspection_c/shape_msgs/msg/detail/mesh__type_support.c.obj[0m
/home/neu/Desktop/microros_ws/firmware/freertos_apps/microros_nucleo_f446ze_extensions/../../toolchain/bin/arm-none-eabi-gcc -DROS_PACKAGE_NAME=\"shape_msgs\" -I/home/neu/Desktop/microros_ws/firmware/mcu_ws/build/shape_msgs/rosidl_typesupport_introspection_c -I/home/neu/Desktop/microros_ws/firmware/mcu_ws/build/shape_msgs/rosidl_generator_c -isystem /home/neu/Desktop/microros_ws/firmware/mcu_ws/install/geometry_msgs/include/geometry_msgs -isystem /home/neu/Desktop/microros_ws/firmware/mcu_ws/install/std_msgs/include/std_msgs -isystem /home/neu/Desktop/microros_ws/firmware/mcu_ws/install/builtin_interfaces/include/builtin_interfaces -isystem /home/neu/Desktop/microros_ws/firmware/mcu_ws/install/rosidl_runtime_c/include/rosidl_runtime_c -isystem /home/neu/Desktop/microros_ws/firmware/mcu_ws/install/rcutils/include/rcutils -isystem /home/neu/Desktop/microros_ws/firmware/mcu_ws/install/rosidl_typesupport_interface/include/rosidl_typesupport_interface -isystem /home/neu/Desktop/microros_ws/firmware/mcu_ws/install/rosidl_typesupport_introspection_c/include/rosidl_typesupport_introspection_c  -std=c11 -mcpu=cortex-m4 -mthumb -mfpu=fpv4-sp-d16 -mfloat-abi=hard -DUSE_HAL_DRIVER -DSTM32F446xx -D_TIMEVAL_DEFINED -O0 -Wall -fdata-sections -ffunction-sections  -DCLOCK_MONOTONIC=0 -g   -Wall -std=gnu11 -o CMakeFiles/shape_msgs__rosidl_typesupport_introspection_c.dir/rosidl_typesupport_introspection_c/shape_msgs/msg/detail/mesh__type_support.c.obj   -c /home/neu/Desktop/microros_ws/firmware/mcu_ws/build/shape_msgs/rosidl_typesupport_introspection_c/shape_msgs/msg/detail/mesh__type_support.c
[ 66%] [32mBuilding C object CMakeFiles/shape_msgs__rosidl_typesupport_introspection_c.dir/rosidl_typesupport_introspection_c/shape_msgs/msg/detail/mesh_triangle__type_support.c.obj[0m
[ 70%] [32mBuilding C object CMakeFiles/shape_msgs__rosidl_typesupport_introspection_c.dir/rosidl_typesupport_introspection_c/shape_msgs/msg/detail/plane__type_support.c.obj[0m
/home/neu/Desktop/microros_ws/firmware/toolchain/bin/arm-none-eabi-ar qc libshape_msgs__rosidl_typesupport_c.a  CMakeFiles/shape_msgs__rosidl_typesupport_c.dir/rosidl_typesupport_c/shape_msgs/msg/mesh__type_support.cpp.obj CMakeFiles/shape_msgs__rosidl_typesupport_c.dir/rosidl_typesupport_c/shape_msgs/msg/mesh_triangle__type_support.cpp.obj CMakeFiles/shape_msgs__rosidl_typesupport_c.dir/rosidl_typesupport_c/shape_msgs/msg/plane__type_support.cpp.obj CMakeFiles/shape_msgs__rosidl_typesupport_c.dir/rosidl_typesupport_c/shape_msgs/msg/solid_primitive__type_support.cpp.obj
/home/neu/Desktop/microros_ws/firmware/freertos_apps/microros_nucleo_f446ze_extensions/../../toolchain/bin/arm-none-eabi-gcc -DROS_PACKAGE_NAME=\"shape_msgs\" -I/home/neu/Desktop/microros_ws/firmware/mcu_ws/build/shape_msgs/rosidl_typesupport_introspection_c -I/home/neu/Desktop/microros_ws/firmware/mcu_ws/build/shape_msgs/rosidl_generator_c -isystem /home/neu/Desktop/microros_ws/firmware/mcu_ws/install/geometry_msgs/include/geometry_msgs -isystem /home/neu/Desktop/microros_ws/firmware/mcu_ws/install/std_msgs/include/std_msgs -isystem /home/neu/Desktop/microros_ws/firmware/mcu_ws/install/builtin_interfaces/include/builtin_interfaces -isystem /home/neu/Desktop/microros_ws/firmware/mcu_ws/install/rosidl_runtime_c/include/rosidl_runtime_c -isystem /home/neu/Desktop/microros_ws/firmware/mcu_ws/install/rcutils/include/rcutils -isystem /home/neu/Desktop/microros_ws/firmware/mcu_ws/install/rosidl_typesupport_interface/include/rosidl_typesupport_interface -isystem /home/neu/Desktop/microros_ws/firmware/mcu_ws/install/rosidl_typesupport_introspection_c/include/rosidl_typesupport_introspection_c  -std=c11 -mcpu=cortex-m4 -mthumb -mfpu=fpv4-sp-d16 -mfloat-abi=hard -DUSE_HAL_DRIVER -DSTM32F446xx -D_TIMEVAL_DEFINED -O0 -Wall -fdata-sections -ffunction-sections  -DCLOCK_MONOTONIC=0 -g   -Wall -std=gnu11 -o CMakeFiles/shape_msgs__rosidl_typesupport_introspection_c.dir/rosidl_typesupport_introspection_c/shape_msgs/msg/detail/mesh_triangle__type_support.c.obj   -c /home/neu/Desktop/microros_ws/firmware/mcu_ws/build/shape_msgs/rosidl_typesupport_introspection_c/shape_msgs/msg/detail/mesh_triangle__type_support.c
/home/neu/Desktop/microros_ws/firmware/freertos_apps/microros_nucleo_f446ze_extensions/../../toolchain/bin/arm-none-eabi-gcc -DROS_PACKAGE_NAME=\"shape_msgs\" -I/home/neu/Desktop/microros_ws/firmware/mcu_ws/build/shape_msgs/rosidl_typesupport_introspection_c -I/home/neu/Desktop/microros_ws/firmware/mcu_ws/build/shape_msgs/rosidl_generator_c -isystem /home/neu/Desktop/microros_ws/firmware/mcu_ws/install/geometry_msgs/include/geometry_msgs -isystem /home/neu/Desktop/microros_ws/firmware/mcu_ws/install/std_msgs/include/std_msgs -isystem /home/neu/Desktop/microros_ws/firmware/mcu_ws/install/builtin_interfaces/include/builtin_interfaces -isystem /home/neu/Desktop/microros_ws/firmware/mcu_ws/install/rosidl_runtime_c/include/rosidl_runtime_c -isystem /home/neu/Desktop/microros_ws/firmware/mcu_ws/install/rcutils/include/rcutils -isystem /home/neu/Desktop/microros_ws/firmware/mcu_ws/install/rosidl_typesupport_interface/include/rosidl_typesupport_interface -isystem /home/neu/Desktop/microros_ws/firmware/mcu_ws/install/rosidl_typesupport_introspection_c/include/rosidl_typesupport_introspection_c  -std=c11 -mcpu=cortex-m4 -mthumb -mfpu=fpv4-sp-d16 -mfloat-abi=hard -DUSE_HAL_DRIVER -DSTM32F446xx -D_TIMEVAL_DEFINED -O0 -Wall -fdata-sections -ffunction-sections  -DCLOCK_MONOTONIC=0 -g   -Wall -std=gnu11 -o CMakeFiles/shape_msgs__rosidl_typesupport_introspection_c.dir/rosidl_typesupport_introspection_c/shape_msgs/msg/detail/plane__type_support.c.obj   -c /home/neu/Desktop/microros_ws/firmware/mcu_ws/build/shape_msgs/rosidl_typesupport_introspection_c/shape_msgs/msg/detail/plane__type_support.c
/home/neu/Desktop/microros_ws/firmware/toolchain/bin/arm-none-eabi-ranlib libshape_msgs__rosidl_typesupport_c.a
make[3]: Leaving directory '/home/neu/Desktop/microros_ws/firmware/mcu_ws/build/shape_msgs'
[ 75%] [32mBuilding C object CMakeFiles/shape_msgs__rosidl_typesupport_introspection_c.dir/rosidl_typesupport_introspection_c/shape_msgs/msg/detail/solid_primitive__type_support.c.obj[0m
/home/neu/Desktop/microros_ws/firmware/freertos_apps/microros_nucleo_f446ze_extensions/../../toolchain/bin/arm-none-eabi-gcc -DROS_PACKAGE_NAME=\"shape_msgs\" -I/home/neu/Desktop/microros_ws/firmware/mcu_ws/build/shape_msgs/rosidl_typesupport_introspection_c -I/home/neu/Desktop/microros_ws/firmware/mcu_ws/build/shape_msgs/rosidl_generator_c -isystem /home/neu/Desktop/microros_ws/firmware/mcu_ws/install/geometry_msgs/include/geometry_msgs -isystem /home/neu/Desktop/microros_ws/firmware/mcu_ws/install/std_msgs/include/std_msgs -isystem /home/neu/Desktop/microros_ws/firmware/mcu_ws/install/builtin_interfaces/include/builtin_interfaces -isystem /home/neu/Desktop/microros_ws/firmware/mcu_ws/install/rosidl_runtime_c/include/rosidl_runtime_c -isystem /home/neu/Desktop/microros_ws/firmware/mcu_ws/install/rcutils/include/rcutils -isystem /home/neu/Desktop/microros_ws/firmware/mcu_ws/install/rosidl_typesupport_interface/include/rosidl_typesupport_interface -isystem /home/neu/Desktop/microros_ws/firmware/mcu_ws/install/rosidl_typesupport_introspection_c/include/rosidl_typesupport_introspection_c  -std=c11 -mcpu=cortex-m4 -mthumb -mfpu=fpv4-sp-d16 -mfloat-abi=hard -DUSE_HAL_DRIVER -DSTM32F446xx -D_TIMEVAL_DEFINED -O0 -Wall -fdata-sections -ffunction-sections  -DCLOCK_MONOTONIC=0 -g   -Wall -std=gnu11 -o CMakeFiles/shape_msgs__rosidl_typesupport_introspection_c.dir/rosidl_typesupport_introspection_c/shape_msgs/msg/detail/solid_primitive__type_support.c.obj   -c /home/neu/Desktop/microros_ws/firmware/mcu_ws/build/shape_msgs/rosidl_typesupport_introspection_c/shape_msgs/msg/detail/solid_primitive__type_support.c
[ 75%] Built target shape_msgs__rosidl_typesupport_c
cd /home/neu/Desktop/microros_ws/firmware/mcu_ws/build/shape_msgs && /usr/bin/cmake -E cmake_depends "Unix Makefiles" /home/neu/Desktop/microros_ws/firmware/mcu_ws/ros2/common_interfaces/shape_msgs /home/neu/Desktop/microros_ws/firmware/mcu_ws/ros2/common_interfaces/shape_msgs /home/neu/Desktop/microros_ws/firmware/mcu_ws/build/shape_msgs /home/neu/Desktop/microros_ws/firmware/mcu_ws/build/shape_msgs /home/neu/Desktop/microros_ws/firmware/mcu_ws/build/shape_msgs/CMakeFiles/shape_msgs__rosidl_typesupport_microxrcedds_c.dir/DependInfo.cmake --color=
Dependee "/home/neu/Desktop/microros_ws/firmware/mcu_ws/build/shape_msgs/CMakeFiles/shape_msgs__rosidl_typesupport_microxrcedds_c.dir/DependInfo.cmake" is newer than depender "/home/neu/Desktop/microros_ws/firmware/mcu_ws/build/shape_msgs/CMakeFiles/shape_msgs__rosidl_typesupport_microxrcedds_c.dir/depend.internal".
Dependee "/home/neu/Desktop/microros_ws/firmware/mcu_ws/build/shape_msgs/CMakeFiles/CMakeDirectoryInformation.cmake" is newer than depender "/home/neu/Desktop/microros_ws/firmware/mcu_ws/build/shape_msgs/CMakeFiles/shape_msgs__rosidl_typesupport_microxrcedds_c.dir/depend.internal".
[35m[1mScanning dependencies of target shape_msgs__rosidl_typesupport_microxrcedds_c[0m
make[3]: Leaving directory '/home/neu/Desktop/microros_ws/firmware/mcu_ws/build/shape_msgs'
/usr/bin/make -f CMakeFiles/shape_msgs__rosidl_typesupport_microxrcedds_c.dir/build.make CMakeFiles/shape_msgs__rosidl_typesupport_microxrcedds_c.dir/build
make[3]: Entering directory '/home/neu/Desktop/microros_ws/firmware/mcu_ws/build/shape_msgs'
[ 79%] [32m[1mLinking C static library libshape_msgs__rosidl_typesupport_introspection_c.a[0m
/usr/bin/cmake -P CMakeFiles/shape_msgs__rosidl_typesupport_introspection_c.dir/cmake_clean_target.cmake
[ 83%] [32mBuilding C object CMakeFiles/shape_msgs__rosidl_typesupport_microxrcedds_c.dir/rosidl_typesupport_microxrcedds_c/shape_msgs/msg/detail/microxrcedds/mesh__type_support_c.c.obj[0m
[ 87%] [32mBuilding C object CMakeFiles/shape_msgs__rosidl_typesupport_microxrcedds_c.dir/rosidl_typesupport_microxrcedds_c/shape_msgs/msg/detail/microxrcedds/plane__type_support_c.c.obj[0m
/home/neu/Desktop/microros_ws/firmware/freertos_apps/microros_nucleo_f446ze_extensions/../../toolchain/bin/arm-none-eabi-gcc -DROS_PACKAGE_NAME=\"shape_msgs\" -I/home/neu/Desktop/microros_ws/firmware/mcu_ws/build/shape_msgs/rosidl_generator_c -I/home/neu/Desktop/microros_ws/firmware/mcu_ws/build/shape_msgs/rosidl_typesupport_microxrcedds_c -isystem /home/neu/Desktop/microros_ws/firmware/mcu_ws/install/rosidl_typesupport_microxrcedds_c/include -isystem /home/neu/Desktop/microros_ws/firmware/mcu_ws/install/rmw/include/rmw -isystem /home/neu/Desktop/microros_ws/firmware/mcu_ws/install/rosidl_runtime_c/include/rosidl_runtime_c -isystem /home/neu/Desktop/microros_ws/firmware/mcu_ws/install/rosidl_typesupport_interface/include/rosidl_typesupport_interface -isystem /home/neu/Desktop/microros_ws/firmware/mcu_ws/install/geometry_msgs/include/geometry_msgs -isystem /home/neu/Desktop/microros_ws/firmware/mcu_ws/install/std_msgs/include/std_msgs -isystem /home/neu/Desktop/microros_ws/firmware/mcu_ws/install/rcutils/include/rcutils -isystem /home/neu/Desktop/microros_ws/firmware/mcu_ws/install/builtin_interfaces/include/builtin_interfaces -isystem /home/neu/Desktop/microros_ws/firmware/mcu_ws/install/rosidl_typesupport_introspection_c/include/rosidl_typesupport_introspection_c -isystem /home/neu/Desktop/microros_ws/firmware/mcu_ws/install/microcdr/include  -std=c11 -mcpu=cortex-m4 -mthumb -mfpu=fpv4-sp-d16 -mfloat-abi=hard -DUSE_HAL_DRIVER -DSTM32F446xx -D_TIMEVAL_DEFINED -O0 -Wall -fdata-sections -ffunction-sections  -DCLOCK_MONOTONIC=0 -g   -Wall -Wextra -Wpedantic -std=gnu99 -o CMakeFiles/shape_msgs__rosidl_typesupport_microxrcedds_c.dir/rosidl_typesupport_microxrcedds_c/shape_msgs/msg/detail/microxrcedds/mesh__type_support_c.c.obj   -c /home/neu/Desktop/microros_ws/firmware/mcu_ws/build/shape_msgs/rosidl_typesupport_microxrcedds_c/shape_msgs/msg/detail/microxrcedds/mesh__type_support_c.c
[ 91%] [32mBuilding C object CMakeFiles/shape_msgs__rosidl_typesupport_microxrcedds_c.dir/rosidl_typesupport_microxrcedds_c/shape_msgs/msg/detail/microxrcedds/solid_primitive__type_support_c.c.obj[0m
/home/neu/Desktop/microros_ws/firmware/freertos_apps/microros_nucleo_f446ze_extensions/../../toolchain/bin/arm-none-eabi-gcc -DROS_PACKAGE_NAME=\"shape_msgs\" -I/home/neu/Desktop/microros_ws/firmware/mcu_ws/build/shape_msgs/rosidl_generator_c -I/home/neu/Desktop/microros_ws/firmware/mcu_ws/build/shape_msgs/rosidl_typesupport_microxrcedds_c -isystem /home/neu/Desktop/microros_ws/firmware/mcu_ws/install/rosidl_typesupport_microxrcedds_c/include -isystem /home/neu/Desktop/microros_ws/firmware/mcu_ws/install/rmw/include/rmw -isystem /home/neu/Desktop/microros_ws/firmware/mcu_ws/install/rosidl_runtime_c/include/rosidl_runtime_c -isystem /home/neu/Desktop/microros_ws/firmware/mcu_ws/install/rosidl_typesupport_interface/include/rosidl_typesupport_interface -isystem /home/neu/Desktop/microros_ws/firmware/mcu_ws/install/geometry_msgs/include/geometry_msgs -isystem /home/neu/Desktop/microros_ws/firmware/mcu_ws/install/std_msgs/include/std_msgs -isystem /home/neu/Desktop/microros_ws/firmware/mcu_ws/install/rcutils/include/rcutils -isystem /home/neu/Desktop/microros_ws/firmware/mcu_ws/install/builtin_interfaces/include/builtin_interfaces -isystem /home/neu/Desktop/microros_ws/firmware/mcu_ws/install/rosidl_typesupport_introspection_c/include/rosidl_typesupport_introspection_c -isystem /home/neu/Desktop/microros_ws/firmware/mcu_ws/install/microcdr/include  -std=c11 -mcpu=cortex-m4 -mthumb -mfpu=fpv4-sp-d16 -mfloat-abi=hard -DUSE_HAL_DRIVER -DSTM32F446xx -D_TIMEVAL_DEFINED -O0 -Wall -fdata-sections -ffunction-sections  -DCLOCK_MONOTONIC=0 -g   -Wall -Wextra -Wpedantic -std=gnu99 -o CMakeFiles/shape_msgs__rosidl_typesupport_microxrcedds_c.dir/rosidl_typesupport_microxrcedds_c/shape_msgs/msg/detail/microxrcedds/plane__type_support_c.c.obj   -c /home/neu/Desktop/microros_ws/firmware/mcu_ws/build/shape_msgs/rosidl_typesupport_microxrcedds_c/shape_msgs/msg/detail/microxrcedds/plane__type_support_c.c
/home/neu/Desktop/microros_ws/firmware/freertos_apps/microros_nucleo_f446ze_extensions/../../toolchain/bin/arm-none-eabi-gcc -DROS_PACKAGE_NAME=\"shape_msgs\" -I/home/neu/Desktop/microros_ws/firmware/mcu_ws/build/shape_msgs/rosidl_generator_c -I/home/neu/Desktop/microros_ws/firmware/mcu_ws/build/shape_msgs/rosidl_typesupport_microxrcedds_c -isystem /home/neu/Desktop/microros_ws/firmware/mcu_ws/install/rosidl_typesupport_microxrcedds_c/include -isystem /home/neu/Desktop/microros_ws/firmware/mcu_ws/install/rmw/include/rmw -isystem /home/neu/Desktop/microros_ws/firmware/mcu_ws/install/rosidl_runtime_c/include/rosidl_runtime_c -isystem /home/neu/Desktop/microros_ws/firmware/mcu_ws/install/rosidl_typesupport_interface/include/rosidl_typesupport_interface -isystem /home/neu/Desktop/microros_ws/firmware/mcu_ws/install/geometry_msgs/include/geometry_msgs -isystem /home/neu/Desktop/microros_ws/firmware/mcu_ws/install/std_msgs/include/std_msgs -isystem /home/neu/Desktop/microros_ws/firmware/mcu_ws/install/rcutils/include/rcutils -isystem /home/neu/Desktop/microros_ws/firmware/mcu_ws/install/builtin_interfaces/include/builtin_interfaces -isystem /home/neu/Desktop/microros_ws/firmware/mcu_ws/install/rosidl_typesupport_introspection_c/include/rosidl_typesupport_introspection_c -isystem /home/neu/Desktop/microros_ws/firmware/mcu_ws/install/microcdr/include  -std=c11 -mcpu=cortex-m4 -mthumb -mfpu=fpv4-sp-d16 -mfloat-abi=hard -DUSE_HAL_DRIVER -DSTM32F446xx -D_TIMEVAL_DEFINED -O0 -Wall -fdata-sections -ffunction-sections  -DCLOCK_MONOTONIC=0 -g   -Wall -Wextra -Wpedantic -std=gnu99 -o CMakeFiles/shape_msgs__rosidl_typesupport_microxrcedds_c.dir/rosidl_typesupport_microxrcedds_c/shape_msgs/msg/detail/microxrcedds/solid_primitive__type_support_c.c.obj   -c /home/neu/Desktop/microros_ws/firmware/mcu_ws/build/shape_msgs/rosidl_typesupport_microxrcedds_c/shape_msgs/msg/detail/microxrcedds/solid_primitive__type_support_c.c
/usr/bin/cmake -E cmake_link_script CMakeFiles/shape_msgs__rosidl_typesupport_introspection_c.dir/link.txt --verbose=1
[ 95%] [32mBuilding C object CMakeFiles/shape_msgs__rosidl_typesupport_microxrcedds_c.dir/rosidl_typesupport_microxrcedds_c/shape_msgs/msg/detail/microxrcedds/mesh_triangle__type_support_c.c.obj[0m
/home/neu/Desktop/microros_ws/firmware/freertos_apps/microros_nucleo_f446ze_extensions/../../toolchain/bin/arm-none-eabi-gcc -DROS_PACKAGE_NAME=\"shape_msgs\" -I/home/neu/Desktop/microros_ws/firmware/mcu_ws/build/shape_msgs/rosidl_generator_c -I/home/neu/Desktop/microros_ws/firmware/mcu_ws/build/shape_msgs/rosidl_typesupport_microxrcedds_c -isystem /home/neu/Desktop/microros_ws/firmware/mcu_ws/install/rosidl_typesupport_microxrcedds_c/include -isystem /home/neu/Desktop/microros_ws/firmware/mcu_ws/install/rmw/include/rmw -isystem /home/neu/Desktop/microros_ws/firmware/mcu_ws/install/rosidl_runtime_c/include/rosidl_runtime_c -isystem /home/neu/Desktop/microros_ws/firmware/mcu_ws/install/rosidl_typesupport_interface/include/rosidl_typesupport_interface -isystem /home/neu/Desktop/microros_ws/firmware/mcu_ws/install/geometry_msgs/include/geometry_msgs -isystem /home/neu/Desktop/microros_ws/firmware/mcu_ws/install/std_msgs/include/std_msgs -isystem /home/neu/Desktop/microros_ws/firmware/mcu_ws/install/rcutils/include/rcutils -isystem /home/neu/Desktop/microros_ws/firmware/mcu_ws/install/builtin_interfaces/include/builtin_interfaces -isystem /home/neu/Desktop/microros_ws/firmware/mcu_ws/install/rosidl_typesupport_introspection_c/include/rosidl_typesupport_introspection_c -isystem /home/neu/Desktop/microros_ws/firmware/mcu_ws/install/microcdr/include  -std=c11 -mcpu=cortex-m4 -mthumb -mfpu=fpv4-sp-d16 -mfloat-abi=hard -DUSE_HAL_DRIVER -DSTM32F446xx -D_TIMEVAL_DEFINED -O0 -Wall -fdata-sections -ffunction-sections  -DCLOCK_MONOTONIC=0 -g   -Wall -Wextra -Wpedantic -std=gnu99 -o CMakeFiles/shape_msgs__rosidl_typesupport_microxrcedds_c.dir/rosidl_typesupport_microxrcedds_c/shape_msgs/msg/detail/microxrcedds/mesh_triangle__type_support_c.c.obj   -c /home/neu/Desktop/microros_ws/firmware/mcu_ws/build/shape_msgs/rosidl_typesupport_microxrcedds_c/shape_msgs/msg/detail/microxrcedds/mesh_triangle__type_support_c.c
/home/neu/Desktop/microros_ws/firmware/toolchain/bin/arm-none-eabi-ar qc libshape_msgs__rosidl_typesupport_introspection_c.a  CMakeFiles/shape_msgs__rosidl_typesupport_introspection_c.dir/rosidl_typesupport_introspection_c/shape_msgs/msg/detail/mesh__type_support.c.obj CMakeFiles/shape_msgs__rosidl_typesupport_introspection_c.dir/rosidl_typesupport_introspection_c/shape_msgs/msg/detail/mesh_triangle__type_support.c.obj CMakeFiles/shape_msgs__rosidl_typesupport_introspection_c.dir/rosidl_typesupport_introspection_c/shape_msgs/msg/detail/plane__type_support.c.obj CMakeFiles/shape_msgs__rosidl_typesupport_introspection_c.dir/rosidl_typesupport_introspection_c/shape_msgs/msg/detail/solid_primitive__type_support.c.obj
/home/neu/Desktop/microros_ws/firmware/toolchain/bin/arm-none-eabi-ranlib libshape_msgs__rosidl_typesupport_introspection_c.a
make[3]: Leaving directory '/home/neu/Desktop/microros_ws/firmware/mcu_ws/build/shape_msgs'
[ 95%] Built target shape_msgs__rosidl_typesupport_introspection_c
[100%] [32m[1mLinking CXX static library libshape_msgs__rosidl_typesupport_microxrcedds_c.a[0m
/usr/bin/cmake -P CMakeFiles/shape_msgs__rosidl_typesupport_microxrcedds_c.dir/cmake_clean_target.cmake
/usr/bin/cmake -E cmake_link_script CMakeFiles/shape_msgs__rosidl_typesupport_microxrcedds_c.dir/link.txt --verbose=1
/home/neu/Desktop/microros_ws/firmware/toolchain/bin/arm-none-eabi-ar qc libshape_msgs__rosidl_typesupport_microxrcedds_c.a  CMakeFiles/shape_msgs__rosidl_typesupport_microxrcedds_c.dir/rosidl_typesupport_microxrcedds_c/shape_msgs/msg/detail/microxrcedds/mesh__type_support_c.c.obj CMakeFiles/shape_msgs__rosidl_typesupport_microxrcedds_c.dir/rosidl_typesupport_microxrcedds_c/shape_msgs/msg/detail/microxrcedds/mesh_triangle__type_support_c.c.obj CMakeFiles/shape_msgs__rosidl_typesupport_microxrcedds_c.dir/rosidl_typesupport_microxrcedds_c/shape_msgs/msg/detail/microxrcedds/plane__type_support_c.c.obj CMakeFiles/shape_msgs__rosidl_typesupport_microxrcedds_c.dir/rosidl_typesupport_microxrcedds_c/shape_msgs/msg/detail/microxrcedds/solid_primitive__type_support_c.c.obj
/home/neu/Desktop/microros_ws/firmware/toolchain/bin/arm-none-eabi-ranlib libshape_msgs__rosidl_typesupport_microxrcedds_c.a
make[3]: Leaving directory '/home/neu/Desktop/microros_ws/firmware/mcu_ws/build/shape_msgs'
[100%] Built target shape_msgs__rosidl_typesupport_microxrcedds_c
/usr/bin/make -f CMakeFiles/shape_msgs.dir/build.make CMakeFiles/shape_msgs.dir/depend
make[3]: Entering directory '/home/neu/Desktop/microros_ws/firmware/mcu_ws/build/shape_msgs'
cd /home/neu/Desktop/microros_ws/firmware/mcu_ws/build/shape_msgs && /usr/bin/cmake -E cmake_depends "Unix Makefiles" /home/neu/Desktop/microros_ws/firmware/mcu_ws/ros2/common_interfaces/shape_msgs /home/neu/Desktop/microros_ws/firmware/mcu_ws/ros2/common_interfaces/shape_msgs /home/neu/Desktop/microros_ws/firmware/mcu_ws/build/shape_msgs /home/neu/Desktop/microros_ws/firmware/mcu_ws/build/shape_msgs /home/neu/Desktop/microros_ws/firmware/mcu_ws/build/shape_msgs/CMakeFiles/shape_msgs.dir/DependInfo.cmake --color=
Dependee "/home/neu/Desktop/microros_ws/firmware/mcu_ws/build/shape_msgs/CMakeFiles/shape_msgs.dir/DependInfo.cmake" is newer than depender "/home/neu/Desktop/microros_ws/firmware/mcu_ws/build/shape_msgs/CMakeFiles/shape_msgs.dir/depend.internal".
Dependee "/home/neu/Desktop/microros_ws/firmware/mcu_ws/build/shape_msgs/CMakeFiles/CMakeDirectoryInformation.cmake" is newer than depender "/home/neu/Desktop/microros_ws/firmware/mcu_ws/build/shape_msgs/CMakeFiles/shape_msgs.dir/depend.internal".
[35m[1mScanning dependencies of target shape_msgs[0m
make[3]: Leaving directory '/home/neu/Desktop/microros_ws/firmware/mcu_ws/build/shape_msgs'
/usr/bin/make -f CMakeFiles/shape_msgs.dir/build.make CMakeFiles/shape_msgs.dir/build
make[3]: Entering directory '/home/neu/Desktop/microros_ws/firmware/mcu_ws/build/shape_msgs'
make[3]: Nothing to be done for 'CMakeFiles/shape_msgs.dir/build'.
make[3]: Leaving directory '/home/neu/Desktop/microros_ws/firmware/mcu_ws/build/shape_msgs'
[100%] Built target shape_msgs
make[2]: Leaving directory '/home/neu/Desktop/microros_ws/firmware/mcu_ws/build/shape_msgs'
/usr/bin/cmake -E cmake_progress_start /home/neu/Desktop/microros_ws/firmware/mcu_ws/build/shape_msgs/CMakeFiles 0
make[1]: Leaving directory '/home/neu/Desktop/microros_ws/firmware/mcu_ws/build/shape_msgs'
-- Install configuration: "Debug"
-- Installing: /home/neu/Desktop/microros_ws/firmware/mcu_ws/install/shape_msgs/share/ament_index/resource_index/rosidl_interfaces/shape_msgs
-- Installing: /home/neu/Desktop/microros_ws/firmware/mcu_ws/install/shape_msgs/include/shape_msgs/shape_msgs
-- Installing: /home/neu/Desktop/microros_ws/firmware/mcu_ws/install/shape_msgs/include/shape_msgs/shape_msgs/msg
-- Installing: /home/neu/Desktop/microros_ws/firmware/mcu_ws/install/shape_msgs/include/shape_msgs/shape_msgs/msg/detail
-- Installing: /home/neu/Desktop/microros_ws/firmware/mcu_ws/install/shape_msgs/include/shape_msgs/shape_msgs/msg/detail/mesh_triangle__functions.c
-- Installing: /home/neu/Desktop/microros_ws/firmware/mcu_ws/install/shape_msgs/include/shape_msgs/shape_msgs/msg/detail/mesh_triangle__functions.h
-- Installing: /home/neu/Desktop/microros_ws/firmware/mcu_ws/install/shape_msgs/include/shape_msgs/shape_msgs/msg/detail/plane__functions.c
-- Installing: /home/neu/Desktop/microros_ws/firmware/mcu_ws/install/shape_msgs/include/shape_msgs/shape_msgs/msg/detail/plane__struct.h
-- Installing: /home/neu/Desktop/microros_ws/firmware/mcu_ws/install/shape_msgs/include/shape_msgs/shape_msgs/msg/detail/mesh__functions.c
-- Installing: /home/neu/Desktop/microros_ws/firmware/mcu_ws/install/shape_msgs/include/shape_msgs/shape_msgs/msg/detail/solid_primitive__struct.h
-- Installing: /home/neu/Desktop/microros_ws/firmware/mcu_ws/install/shape_msgs/include/shape_msgs/shape_msgs/msg/detail/mesh_triangle__struct.h
-- Installing: /home/neu/Desktop/microros_ws/firmware/mcu_ws/install/shape_msgs/include/shape_msgs/shape_msgs/msg/detail/mesh__struct.h
-- Installing: /home/neu/Desktop/microros_ws/firmware/mcu_ws/install/shape_msgs/include/shape_msgs/shape_msgs/msg/detail/plane__functions.h
-- Installing: /home/neu/Desktop/microros_ws/firmware/mcu_ws/install/shape_msgs/include/shape_msgs/shape_msgs/msg/detail/mesh_triangle__type_support.h
-- Installing: /home/neu/Desktop/microros_ws/firmware/mcu_ws/install/shape_msgs/include/shape_msgs/shape_msgs/msg/detail/mesh__type_support.h
-- Installing: /home/neu/Desktop/microros_ws/firmware/mcu_ws/install/shape_msgs/include/shape_msgs/shape_msgs/msg/detail/solid_primitive__functions.h
-- Installing: /home/neu/Desktop/microros_ws/firmware/mcu_ws/install/shape_msgs/include/shape_msgs/shape_msgs/msg/detail/solid_primitive__functions.c
-- Installing: /home/neu/Desktop/microros_ws/firmware/mcu_ws/install/shape_msgs/include/shape_msgs/shape_msgs/msg/detail/solid_primitive__type_support.h
-- Installing: /home/neu/Desktop/microros_ws/firmware/mcu_ws/install/shape_msgs/include/shape_msgs/shape_msgs/msg/detail/mesh__functions.h
-- Installing: /home/neu/Desktop/microros_ws/firmware/mcu_ws/install/shape_msgs/include/shape_msgs/shape_msgs/msg/detail/plane__type_support.h
-- Installing: /home/neu/Desktop/microros_ws/firmware/mcu_ws/install/shape_msgs/include/shape_msgs/shape_msgs/msg/mesh.h
-- Installing: /home/neu/Desktop/microros_ws/firmware/mcu_ws/install/shape_msgs/include/shape_msgs/shape_msgs/msg/mesh_triangle.h
-- Installing: /home/neu/Desktop/microros_ws/firmware/mcu_ws/install/shape_msgs/include/shape_msgs/shape_msgs/msg/plane.h
-- Installing: /home/neu/Desktop/microros_ws/firmware/mcu_ws/install/shape_msgs/include/shape_msgs/shape_msgs/msg/solid_primitive.h
-- Installing: /home/neu/Desktop/microros_ws/firmware/mcu_ws/install/shape_msgs/include/shape_msgs/shape_msgs/msg/rosidl_generator_c__visibility_control.h
-- Installing: /home/neu/Desktop/microros_ws/firmware/mcu_ws/install/shape_msgs/share/shape_msgs/environment/library_path.sh
-- Installing: /home/neu/Desktop/microros_ws/firmware/mcu_ws/install/shape_msgs/share/shape_msgs/environment/library_path.dsv
-- Installing: /home/neu/Desktop/microros_ws/firmware/mcu_ws/install/shape_msgs/lib/libshape_msgs__rosidl_generator_c.a
-- Up-to-date: /home/neu/Desktop/microros_ws/firmware/mcu_ws/install/shape_msgs/include/shape_msgs
-- Installing: /home/neu/Desktop/microros_ws/firmware/mcu_ws/install/shape_msgs/include/shape_msgs/msg
-- Installing: /home/neu/Desktop/microros_ws/firmware/mcu_ws/install/shape_msgs/include/shape_msgs/msg/detail
-- Installing: /home/neu/Desktop/microros_ws/firmware/mcu_ws/install/shape_msgs/include/shape_msgs/msg/detail/plane__rosidl_typesupport_microxrcedds_c.h
-- Installing: /home/neu/Desktop/microros_ws/firmware/mcu_ws/install/shape_msgs/include/shape_msgs/msg/detail/mesh_triangle__rosidl_typesupport_microxrcedds_c.h
-- Installing: /home/neu/Desktop/microros_ws/firmware/mcu_ws/install/shape_msgs/include/shape_msgs/msg/detail/solid_primitive__rosidl_typesupport_microxrcedds_c.h
-- Installing: /home/neu/Desktop/microros_ws/firmware/mcu_ws/install/shape_msgs/include/shape_msgs/msg/detail/microxrcedds
-- Installing: /home/neu/Desktop/microros_ws/firmware/mcu_ws/install/shape_msgs/include/shape_msgs/msg/detail/mesh__rosidl_typesupport_microxrcedds_c.h
-- Installing: /home/neu/Desktop/microros_ws/firmware/mcu_ws/install/shape_msgs/include/shape_msgs/msg/rosidl_typesupport_microxrcedds_c__visibility_control.h
-- Installing: /home/neu/Desktop/microros_ws/firmware/mcu_ws/install/shape_msgs/lib/libshape_msgs__rosidl_typesupport_microxrcedds_c.a
-- Up-to-date: /home/neu/Desktop/microros_ws/firmware/mcu_ws/install/shape_msgs/include/shape_msgs/shape_msgs
-- Up-to-date: /home/neu/Desktop/microros_ws/firmware/mcu_ws/install/shape_msgs/include/shape_msgs/shape_msgs/msg
-- Up-to-date: /home/neu/Desktop/microros_ws/firmware/mcu_ws/install/shape_msgs/include/shape_msgs/shape_msgs/msg/detail
-- Installing: /home/neu/Desktop/microros_ws/firmware/mcu_ws/install/shape_msgs/include/shape_msgs/shape_msgs/msg/detail/solid_primitive__type_support.c
-- Installing: /home/neu/Desktop/microros_ws/firmware/mcu_ws/install/shape_msgs/include/shape_msgs/shape_msgs/msg/detail/mesh_triangle__type_support.c
-- Installing: /home/neu/Desktop/microros_ws/firmware/mcu_ws/install/shape_msgs/include/shape_msgs/shape_msgs/msg/detail/plane__rosidl_typesupport_introspection_c.h
-- Installing: /home/neu/Desktop/microros_ws/firmware/mcu_ws/install/shape_msgs/include/shape_msgs/shape_msgs/msg/detail/mesh_triangle__rosidl_typesupport_introspection_c.h
-- Installing: /home/neu/Desktop/microros_ws/firmware/mcu_ws/install/shape_msgs/include/shape_msgs/shape_msgs/msg/detail/mesh__type_support.c
-- Installing: /home/neu/Desktop/microros_ws/firmware/mcu_ws/install/shape_msgs/include/shape_msgs/shape_msgs/msg/detail/mesh__rosidl_typesupport_introspection_c.h
-- Installing: /home/neu/Desktop/microros_ws/firmware/mcu_ws/install/shape_msgs/include/shape_msgs/shape_msgs/msg/detail/solid_primitive__rosidl_typesupport_introspection_c.h
-- Installing: /home/neu/Desktop/microros_ws/firmware/mcu_ws/install/shape_msgs/include/shape_msgs/shape_msgs/msg/detail/plane__type_support.c
-- Installing: /home/neu/Desktop/microros_ws/firmware/mcu_ws/install/shape_msgs/include/shape_msgs/shape_msgs/msg/rosidl_typesupport_introspection_c__visibility_control.h
-- Installing: /home/neu/Desktop/microros_ws/firmware/mcu_ws/install/shape_msgs/lib/libshape_msgs__rosidl_typesupport_introspection_c.a
-- Installing: /home/neu/Desktop/microros_ws/firmware/mcu_ws/install/shape_msgs/lib/libshape_msgs__rosidl_typesupport_c.a
-- Installing: /home/neu/Desktop/microros_ws/firmware/mcu_ws/install/shape_msgs/share/shape_msgs/msg/Mesh.idl
-- Installing: /home/neu/Desktop/microros_ws/firmware/mcu_ws/install/shape_msgs/share/shape_msgs/msg/MeshTriangle.idl
-- Installing: /home/neu/Desktop/microros_ws/firmware/mcu_ws/install/shape_msgs/share/shape_msgs/msg/Plane.idl
-- Installing: /home/neu/Desktop/microros_ws/firmware/mcu_ws/install/shape_msgs/share/shape_msgs/msg/SolidPrimitive.idl
-- Installing: /home/neu/Desktop/microros_ws/firmware/mcu_ws/install/shape_msgs/share/shape_msgs/msg/Mesh.msg
-- Installing: /home/neu/Desktop/microros_ws/firmware/mcu_ws/install/shape_msgs/share/shape_msgs/msg/MeshTriangle.msg
-- Installing: /home/neu/Desktop/microros_ws/firmware/mcu_ws/install/shape_msgs/share/shape_msgs/msg/Plane.msg
-- Installing: /home/neu/Desktop/microros_ws/firmware/mcu_ws/install/shape_msgs/share/shape_msgs/msg/SolidPrimitive.msg
-- Installing: /home/neu/Desktop/microros_ws/firmware/mcu_ws/install/shape_msgs/share/ament_index/resource_index/package_run_dependencies/shape_msgs
-- Installing: /home/neu/Desktop/microros_ws/firmware/mcu_ws/install/shape_msgs/share/ament_index/resource_index/parent_prefix_path/shape_msgs
-- Installing: /home/neu/Desktop/microros_ws/firmware/mcu_ws/install/shape_msgs/share/shape_msgs/environment/ament_prefix_path.sh
-- Installing: /home/neu/Desktop/microros_ws/firmware/mcu_ws/install/shape_msgs/share/shape_msgs/environment/ament_prefix_path.dsv
-- Installing: /home/neu/Desktop/microros_ws/firmware/mcu_ws/install/shape_msgs/share/shape_msgs/environment/path.sh
-- Installing: /home/neu/Desktop/microros_ws/firmware/mcu_ws/install/shape_msgs/share/shape_msgs/environment/path.dsv
-- Installing: /home/neu/Desktop/microros_ws/firmware/mcu_ws/install/shape_msgs/share/shape_msgs/local_setup.bash
-- Installing: /home/neu/Desktop/microros_ws/firmware/mcu_ws/install/shape_msgs/share/shape_msgs/local_setup.sh
-- Installing: /home/neu/Desktop/microros_ws/firmware/mcu_ws/install/shape_msgs/share/shape_msgs/local_setup.zsh
-- Installing: /home/neu/Desktop/microros_ws/firmware/mcu_ws/install/shape_msgs/share/shape_msgs/local_setup.dsv
-- Installing: /home/neu/Desktop/microros_ws/firmware/mcu_ws/install/shape_msgs/share/shape_msgs/package.dsv
-- Installing: /home/neu/Desktop/microros_ws/firmware/mcu_ws/install/shape_msgs/share/ament_index/resource_index/packages/shape_msgs
-- Installing: /home/neu/Desktop/microros_ws/firmware/mcu_ws/install/shape_msgs/share/shape_msgs/cmake/export_shape_msgs__rosidl_generator_cExport.cmake
-- Installing: /home/neu/Desktop/microros_ws/firmware/mcu_ws/install/shape_msgs/share/shape_msgs/cmake/export_shape_msgs__rosidl_generator_cExport-debug.cmake
-- Installing: /home/neu/Desktop/microros_ws/firmware/mcu_ws/install/shape_msgs/share/shape_msgs/cmake/shape_msgs__rosidl_typesupport_introspection_cExport.cmake
-- Installing: /home/neu/Desktop/microros_ws/firmware/mcu_ws/install/shape_msgs/share/shape_msgs/cmake/shape_msgs__rosidl_typesupport_introspection_cExport-debug.cmake
-- Installing: /home/neu/Desktop/microros_ws/firmware/mcu_ws/install/shape_msgs/share/shape_msgs/cmake/shape_msgs__rosidl_typesupport_cExport.cmake
-- Installing: /home/neu/Desktop/microros_ws/firmware/mcu_ws/install/shape_msgs/share/shape_msgs/cmake/shape_msgs__rosidl_typesupport_cExport-debug.cmake
-- Installing: /home/neu/Desktop/microros_ws/firmware/mcu_ws/install/shape_msgs/share/shape_msgs/cmake/rosidl_cmake-extras.cmake
-- Installing: /home/neu/Desktop/microros_ws/firmware/mcu_ws/install/shape_msgs/share/shape_msgs/cmake/ament_cmake_export_dependencies-extras.cmake
-- Installing: /home/neu/Desktop/microros_ws/firmware/mcu_ws/install/shape_msgs/share/shape_msgs/cmake/ament_cmake_export_include_directories-extras.cmake
-- Installing: /home/neu/Desktop/microros_ws/firmware/mcu_ws/install/shape_msgs/share/shape_msgs/cmake/ament_cmake_export_libraries-extras.cmake
-- Installing: /home/neu/Desktop/microros_ws/firmware/mcu_ws/install/shape_msgs/share/shape_msgs/cmake/ament_cmake_export_targets-extras.cmake
-- Installing: /home/neu/Desktop/microros_ws/firmware/mcu_ws/install/shape_msgs/share/shape_msgs/cmake/rosidl_cmake_export_typesupport_targets-extras.cmake
-- Installing: /home/neu/Desktop/microros_ws/firmware/mcu_ws/install/shape_msgs/share/shape_msgs/cmake/rosidl_cmake_export_typesupport_libraries-extras.cmake
-- Installing: /home/neu/Desktop/microros_ws/firmware/mcu_ws/install/shape_msgs/share/shape_msgs/cmake/shape_msgsConfig.cmake
-- Installing: /home/neu/Desktop/microros_ws/firmware/mcu_ws/install/shape_msgs/share/shape_msgs/cmake/shape_msgsConfig-version.cmake
-- Installing: /home/neu/Desktop/microros_ws/firmware/mcu_ws/install/shape_msgs/share/shape_msgs/package.xml
