The target system is: Generic -  - arm
The host system is: Linux - 5.15.0-78-generic - x86_64
Compiling the C compiler identification source file "CMakeCCompilerId.c" succeeded.
Compiler: /home/neu/Desktop/microros_ws/firmware/freertos_apps/microros_nucleo_f446ze_extensions/../../toolchain/bin/arm-none-eabi-gcc 
Build flags: 
Id flags: -c 

The output was:
0


Compilation of the C compiler identification source "CMakeCCompilerId.c" produced "CMakeCCompilerId.o"

The C compiler identification is GNU, found in "/home/neu/Desktop/microros_ws/firmware/mcu_ws/build/composition_interfaces/CMakeFiles/3.16.3/CompilerIdC/CMakeCCompilerId.o"

Compiling the CXX compiler identification source file "CMakeCXXCompilerId.cpp" succeeded.
Compiler: /home/neu/Desktop/microros_ws/firmware/freertos_apps/microros_nucleo_f446ze_extensions/../../toolchain/bin/arm-none-eabi-g++ 
Build flags: 
Id flags: -c 

The output was:
0


Compilation of the CXX compiler identification source "CMakeCXXCompilerId.cpp" produced "CMakeCXXCompilerId.o"

The CXX compiler identification is GNU, found in "/home/neu/Desktop/microros_ws/firmware/mcu_ws/build/composition_interfaces/CMakeFiles/3.16.3/CompilerIdCXX/CMakeCXXCompilerId.o"

Determining if the C compiler works passed with the following output:
Change Dir: /home/neu/Desktop/microros_ws/firmware/mcu_ws/build/composition_interfaces/CMakeFiles/CMakeTmp

Run Build Command(s):/usr/bin/make cmTC_5b8f1/fast && make[1]: Entering directory '/home/neu/Desktop/microros_ws/firmware/mcu_ws/build/composition_interfaces/CMakeFiles/CMakeTmp'
/usr/bin/make -f CMakeFiles/cmTC_5b8f1.dir/build.make CMakeFiles/cmTC_5b8f1.dir/build
make[2]: Entering directory '/home/neu/Desktop/microros_ws/firmware/mcu_ws/build/composition_interfaces/CMakeFiles/CMakeTmp'
Building C object CMakeFiles/cmTC_5b8f1.dir/testCCompiler.c.obj
/home/neu/Desktop/microros_ws/firmware/freertos_apps/microros_nucleo_f446ze_extensions/../../toolchain/bin/arm-none-eabi-gcc   -std=c11 -mcpu=cortex-m4 -mthumb -mfpu=fpv4-sp-d16 -mfloat-abi=hard -DUSE_HAL_DRIVER -DSTM32F446xx -D_TIMEVAL_DEFINED -O0 -Wall -fdata-sections -ffunction-sections  -DCLOCK_MONOTONIC=0    -o CMakeFiles/cmTC_5b8f1.dir/testCCompiler.c.obj   -c /home/neu/Desktop/microros_ws/firmware/mcu_ws/build/composition_interfaces/CMakeFiles/CMakeTmp/testCCompiler.c
Linking C static library libcmTC_5b8f1.a
/usr/bin/cmake -P CMakeFiles/cmTC_5b8f1.dir/cmake_clean_target.cmake
/usr/bin/cmake -E cmake_link_script CMakeFiles/cmTC_5b8f1.dir/link.txt --verbose=1
/home/neu/Desktop/microros_ws/firmware/toolchain/bin/arm-none-eabi-ar qc libcmTC_5b8f1.a  CMakeFiles/cmTC_5b8f1.dir/testCCompiler.c.obj
/home/neu/Desktop/microros_ws/firmware/toolchain/bin/arm-none-eabi-ranlib libcmTC_5b8f1.a
make[2]: Leaving directory '/home/neu/Desktop/microros_ws/firmware/mcu_ws/build/composition_interfaces/CMakeFiles/CMakeTmp'
make[1]: Leaving directory '/home/neu/Desktop/microros_ws/firmware/mcu_ws/build/composition_interfaces/CMakeFiles/CMakeTmp'



Detecting C compiler ABI info compiled with the following output:
Change Dir: /home/neu/Desktop/microros_ws/firmware/mcu_ws/build/composition_interfaces/CMakeFiles/CMakeTmp

Run Build Command(s):/usr/bin/make cmTC_489bd/fast && make[1]: Entering directory '/home/neu/Desktop/microros_ws/firmware/mcu_ws/build/composition_interfaces/CMakeFiles/CMakeTmp'
/usr/bin/make -f CMakeFiles/cmTC_489bd.dir/build.make CMakeFiles/cmTC_489bd.dir/build
make[2]: Entering directory '/home/neu/Desktop/microros_ws/firmware/mcu_ws/build/composition_interfaces/CMakeFiles/CMakeTmp'
Building C object CMakeFiles/cmTC_489bd.dir/CMakeCCompilerABI.c.obj
/home/neu/Desktop/microros_ws/firmware/freertos_apps/microros_nucleo_f446ze_extensions/../../toolchain/bin/arm-none-eabi-gcc   -std=c11 -mcpu=cortex-m4 -mthumb -mfpu=fpv4-sp-d16 -mfloat-abi=hard -DUSE_HAL_DRIVER -DSTM32F446xx -D_TIMEVAL_DEFINED -O0 -Wall -fdata-sections -ffunction-sections  -DCLOCK_MONOTONIC=0    -v -o CMakeFiles/cmTC_489bd.dir/CMakeCCompilerABI.c.obj   -c /usr/share/cmake-3.16/Modules/CMakeCCompilerABI.c
Using built-in specs.
COLLECT_GCC=/home/neu/Desktop/microros_ws/firmware/freertos_apps/microros_nucleo_f446ze_extensions/../../toolchain/bin/arm-none-eabi-gcc
Target: arm-none-eabi
Configured with: /tmp/jenkins/jenkins-GCC-8-build_toolchain_docker-594_20190704_1562200936/src/gcc/configure --target=arm-none-eabi --prefix=/tmp/jenkins/jenkins-GCC-8-build_toolchain_docker-594_20190704_1562200936/install-native --libexecdir=/tmp/jenkins/jenkins-GCC-8-build_toolchain_docker-594_20190704_1562200936/install-native/lib --infodir=/tmp/jenkins/jenkins-GCC-8-build_toolchain_docker-594_20190704_1562200936/install-native/share/doc/gcc-arm-none-eabi/info --mandir=/tmp/jenkins/jenkins-GCC-8-build_toolchain_docker-594_20190704_1562200936/install-native/share/doc/gcc-arm-none-eabi/man --htmldir=/tmp/jenkins/jenkins-GCC-8-build_toolchain_docker-594_20190704_1562200936/install-native/share/doc/gcc-arm-none-eabi/html --pdfdir=/tmp/jenkins/jenkins-GCC-8-build_toolchain_docker-594_20190704_1562200936/install-native/share/doc/gcc-arm-none-eabi/pdf --enable-languages=c,c++ --enable-plugins --disable-decimal-float --disable-libffi --disable-libgomp --disable-libmudflap --disable-libquadmath --disable-libssp --disable-libstdcxx-pch --disable-nls --disable-shared --disable-threads --disable-tls --with-gnu-as --with-gnu-ld --with-newlib --with-headers=yes --with-python-dir=share/gcc-arm-none-eabi --with-sysroot=/tmp/jenkins/jenkins-GCC-8-build_toolchain_docker-594_20190704_1562200936/install-native/arm-none-eabi --build=x86_64-linux-gnu --host=x86_64-linux-gnu --with-gmp=/tmp/jenkins/jenkins-GCC-8-build_toolchain_docker-594_20190704_1562200936/build-native/host-libs/usr --with-mpfr=/tmp/jenkins/jenkins-GCC-8-build_toolchain_docker-594_20190704_1562200936/build-native/host-libs/usr --with-mpc=/tmp/jenkins/jenkins-GCC-8-build_toolchain_docker-594_20190704_1562200936/build-native/host-libs/usr --with-isl=/tmp/jenkins/jenkins-GCC-8-build_toolchain_docker-594_20190704_1562200936/build-native/host-libs/usr --with-libelf=/tmp/jenkins/jenkins-GCC-8-build_toolchain_docker-594_20190704_1562200936/build-native/host-libs/usr --with-host-libstdcxx='-static-libgcc -Wl,-Bstatic,-lstdc++,-Bdynamic -lm' --with-pkgversion='GNU Tools for Arm Embedded Processors 8-2019-q3-update' --with-multilib-list=rmprofile
Thread model: single
gcc version 8.3.1 20190703 (release) [gcc-8-branch revision 273027] (GNU Tools for Arm Embedded Processors 8-2019-q3-update) 
COLLECT_GCC_OPTIONS='-std=c11' '-mcpu=cortex-m4' '-mthumb' '-mfpu=fpv4-sp-d16' '-mfloat-abi=hard' '-D' 'USE_HAL_DRIVER' '-D' 'STM32F446xx' '-D' '_TIMEVAL_DEFINED' '-O0' '-Wall' '-fdata-sections' '-ffunction-sections' '-D' 'CLOCK_MONOTONIC=0' '-v' '-o' 'CMakeFiles/cmTC_489bd.dir/CMakeCCompilerABI.c.obj' '-c' '-march=armv7e-m+fp'
 /home/neu/Desktop/microros_ws/firmware/toolchain/bin/../lib/gcc/arm-none-eabi/8.3.1/cc1 -quiet -v -imultilib thumb/v7e-m+fp/hard -iprefix /home/neu/Desktop/microros_ws/firmware/toolchain/bin/../lib/gcc/arm-none-eabi/8.3.1/ -isysroot /home/neu/Desktop/microros_ws/firmware/toolchain/bin/../arm-none-eabi -D__USES_INITFINI__ -D USE_HAL_DRIVER -D STM32F446xx -D _TIMEVAL_DEFINED -D CLOCK_MONOTONIC=0 /usr/share/cmake-3.16/Modules/CMakeCCompilerABI.c -quiet -dumpbase CMakeCCompilerABI.c -mcpu=cortex-m4 -mthumb -mfpu=fpv4-sp-d16 -mfloat-abi=hard -march=armv7e-m+fp -auxbase-strip CMakeFiles/cmTC_489bd.dir/CMakeCCompilerABI.c.obj -O0 -Wall -std=c11 -version -fdata-sections -ffunction-sections -o /tmp/ccIvisjL.s
GNU C11 (GNU Tools for Arm Embedded Processors 8-2019-q3-update) version 8.3.1 20190703 (release) [gcc-8-branch revision 273027] (arm-none-eabi)
	compiled by GNU C version 4.8.4, GMP version 6.1.0, MPFR version 3.1.4, MPC version 1.0.3, isl version isl-0.18-GMP

GGC heuristics: --param ggc-min-expand=100 --param ggc-min-heapsize=131072
ignoring duplicate directory "/home/neu/Desktop/microros_ws/firmware/toolchain/bin/../lib/gcc/../../lib/gcc/arm-none-eabi/8.3.1/include"
ignoring nonexistent directory "/home/neu/Desktop/microros_ws/firmware/toolchain/bin/../arm-none-eabi/usr/local/include"
ignoring duplicate directory "/home/neu/Desktop/microros_ws/firmware/toolchain/bin/../lib/gcc/../../lib/gcc/arm-none-eabi/8.3.1/include-fixed"
ignoring duplicate directory "/home/neu/Desktop/microros_ws/firmware/toolchain/bin/../lib/gcc/../../lib/gcc/arm-none-eabi/8.3.1/../../../../arm-none-eabi/include"
ignoring nonexistent directory "/home/neu/Desktop/microros_ws/firmware/toolchain/bin/../arm-none-eabi/usr/include"
#include "..." search starts here:
#include <...> search starts here:
 /home/neu/Desktop/microros_ws/firmware/toolchain/bin/../lib/gcc/arm-none-eabi/8.3.1/include
 /home/neu/Desktop/microros_ws/firmware/toolchain/bin/../lib/gcc/arm-none-eabi/8.3.1/include-fixed
 /home/neu/Desktop/microros_ws/firmware/toolchain/bin/../lib/gcc/arm-none-eabi/8.3.1/../../../../arm-none-eabi/include
End of search list.
GNU C11 (GNU Tools for Arm Embedded Processors 8-2019-q3-update) version 8.3.1 20190703 (release) [gcc-8-branch revision 273027] (arm-none-eabi)
	compiled by GNU C version 4.8.4, GMP version 6.1.0, MPFR version 3.1.4, MPC version 1.0.3, isl version isl-0.18-GMP

GGC heuristics: --param ggc-min-expand=100 --param ggc-min-heapsize=131072
Compiler executable checksum: 9ce68ff701013533d409f9c54a6e36df
COLLECT_GCC_OPTIONS='-std=c11' '-mcpu=cortex-m4' '-mthumb' '-mfpu=fpv4-sp-d16' '-mfloat-abi=hard' '-D' 'USE_HAL_DRIVER' '-D' 'STM32F446xx' '-D' '_TIMEVAL_DEFINED' '-O0' '-Wall' '-fdata-sections' '-ffunction-sections' '-D' 'CLOCK_MONOTONIC=0' '-v' '-o' 'CMakeFiles/cmTC_489bd.dir/CMakeCCompilerABI.c.obj' '-c' '-march=armv7e-m+fp'
 /home/neu/Desktop/microros_ws/firmware/toolchain/bin/../lib/gcc/arm-none-eabi/8.3.1/../../../../arm-none-eabi/bin/as -v -march=armv7e-m -mfloat-abi=hard -mfpu=fpv4-sp-d16 -meabi=5 -o CMakeFiles/cmTC_489bd.dir/CMakeCCompilerABI.c.obj /tmp/ccIvisjL.s
GNU assembler version 2.32.0 (arm-none-eabi) using BFD version (GNU Tools for Arm Embedded Processors 8-2019-q3-update) 2.32.0.20190703
COMPILER_PATH=/home/neu/Desktop/microros_ws/firmware/toolchain/bin/../lib/gcc/arm-none-eabi/8.3.1/:/home/neu/Desktop/microros_ws/firmware/toolchain/bin/../lib/gcc/:/home/neu/Desktop/microros_ws/firmware/toolchain/bin/../lib/gcc/arm-none-eabi/8.3.1/../../../../arm-none-eabi/bin/
LIBRARY_PATH=/home/neu/Desktop/microros_ws/firmware/toolchain/bin/../lib/gcc/arm-none-eabi/8.3.1/thumb/v7e-m+fp/hard/:/home/neu/Desktop/microros_ws/firmware/toolchain/bin/../lib/gcc/arm-none-eabi/8.3.1/../../../../arm-none-eabi/lib/thumb/v7e-m+fp/hard/:/home/neu/Desktop/microros_ws/firmware/toolchain/bin/../arm-none-eabi/lib/thumb/v7e-m+fp/hard/:/home/neu/Desktop/microros_ws/firmware/toolchain/bin/../lib/gcc/arm-none-eabi/8.3.1/:/home/neu/Desktop/microros_ws/firmware/toolchain/bin/../lib/gcc/:/home/neu/Desktop/microros_ws/firmware/toolchain/bin/../lib/gcc/arm-none-eabi/8.3.1/../../../../arm-none-eabi/lib/:/home/neu/Desktop/microros_ws/firmware/toolchain/bin/../arm-none-eabi/lib/
COLLECT_GCC_OPTIONS='-std=c11' '-mcpu=cortex-m4' '-mthumb' '-mfpu=fpv4-sp-d16' '-mfloat-abi=hard' '-D' 'USE_HAL_DRIVER' '-D' 'STM32F446xx' '-D' '_TIMEVAL_DEFINED' '-O0' '-Wall' '-fdata-sections' '-ffunction-sections' '-D' 'CLOCK_MONOTONIC=0' '-v' '-o' 'CMakeFiles/cmTC_489bd.dir/CMakeCCompilerABI.c.obj' '-c' '-march=armv7e-m+fp'
Linking C static library libcmTC_489bd.a
/usr/bin/cmake -P CMakeFiles/cmTC_489bd.dir/cmake_clean_target.cmake
/usr/bin/cmake -E cmake_link_script CMakeFiles/cmTC_489bd.dir/link.txt --verbose=1
/home/neu/Desktop/microros_ws/firmware/toolchain/bin/arm-none-eabi-ar qc libcmTC_489bd.a  CMakeFiles/cmTC_489bd.dir/CMakeCCompilerABI.c.obj
/home/neu/Desktop/microros_ws/firmware/toolchain/bin/arm-none-eabi-ranlib libcmTC_489bd.a
make[2]: Leaving directory '/home/neu/Desktop/microros_ws/firmware/mcu_ws/build/composition_interfaces/CMakeFiles/CMakeTmp'
make[1]: Leaving directory '/home/neu/Desktop/microros_ws/firmware/mcu_ws/build/composition_interfaces/CMakeFiles/CMakeTmp'



Parsed C implicit include dir info from above output: rv=done
  found start of include info
  found start of implicit include info
    add: [/home/neu/Desktop/microros_ws/firmware/toolchain/bin/../lib/gcc/arm-none-eabi/8.3.1/include]
    add: [/home/neu/Desktop/microros_ws/firmware/toolchain/bin/../lib/gcc/arm-none-eabi/8.3.1/include-fixed]
    add: [/home/neu/Desktop/microros_ws/firmware/toolchain/bin/../lib/gcc/arm-none-eabi/8.3.1/../../../../arm-none-eabi/include]
  end of search list found
  collapse include dir [/home/neu/Desktop/microros_ws/firmware/toolchain/bin/../lib/gcc/arm-none-eabi/8.3.1/include] ==> [/home/neu/Desktop/microros_ws/firmware/toolchain/lib/gcc/arm-none-eabi/8.3.1/include]
  collapse include dir [/home/neu/Desktop/microros_ws/firmware/toolchain/bin/../lib/gcc/arm-none-eabi/8.3.1/include-fixed] ==> [/home/neu/Desktop/microros_ws/firmware/toolchain/lib/gcc/arm-none-eabi/8.3.1/include-fixed]
  collapse include dir [/home/neu/Desktop/microros_ws/firmware/toolchain/bin/../lib/gcc/arm-none-eabi/8.3.1/../../../../arm-none-eabi/include] ==> [/home/neu/Desktop/microros_ws/firmware/toolchain/arm-none-eabi/include]
  implicit include dirs: [/home/neu/Desktop/microros_ws/firmware/toolchain/lib/gcc/arm-none-eabi/8.3.1/include;/home/neu/Desktop/microros_ws/firmware/toolchain/lib/gcc/arm-none-eabi/8.3.1/include-fixed;/home/neu/Desktop/microros_ws/firmware/toolchain/arm-none-eabi/include]


Parsed C implicit link information from above output:
  link line regex: [^( *|.*[/\])(arm-none-eabi-ld|CMAKE_LINK_STARTFILE-NOTFOUND|([^/\]+-)?ld|collect2)[^/\]*( |$)]
  ignore line: [Change Dir: /home/neu/Desktop/microros_ws/firmware/mcu_ws/build/composition_interfaces/CMakeFiles/CMakeTmp]
  ignore line: []
  ignore line: [Run Build Command(s):/usr/bin/make cmTC_489bd/fast && make[1]: Entering directory '/home/neu/Desktop/microros_ws/firmware/mcu_ws/build/composition_interfaces/CMakeFiles/CMakeTmp']
  ignore line: [/usr/bin/make -f CMakeFiles/cmTC_489bd.dir/build.make CMakeFiles/cmTC_489bd.dir/build]
  ignore line: [make[2]: Entering directory '/home/neu/Desktop/microros_ws/firmware/mcu_ws/build/composition_interfaces/CMakeFiles/CMakeTmp']
  ignore line: [Building C object CMakeFiles/cmTC_489bd.dir/CMakeCCompilerABI.c.obj]
  ignore line: [/home/neu/Desktop/microros_ws/firmware/freertos_apps/microros_nucleo_f446ze_extensions/../../toolchain/bin/arm-none-eabi-gcc   -std=c11 -mcpu=cortex-m4 -mthumb -mfpu=fpv4-sp-d16 -mfloat-abi=hard -DUSE_HAL_DRIVER -DSTM32F446xx -D_TIMEVAL_DEFINED -O0 -Wall -fdata-sections -ffunction-sections  -DCLOCK_MONOTONIC=0    -v -o CMakeFiles/cmTC_489bd.dir/CMakeCCompilerABI.c.obj   -c /usr/share/cmake-3.16/Modules/CMakeCCompilerABI.c]
  ignore line: [Using built-in specs.]
  ignore line: [COLLECT_GCC=/home/neu/Desktop/microros_ws/firmware/freertos_apps/microros_nucleo_f446ze_extensions/../../toolchain/bin/arm-none-eabi-gcc]
  ignore line: [Target: arm-none-eabi]
  ignore line: [Configured with: /tmp/jenkins/jenkins-GCC-8-build_toolchain_docker-594_20190704_1562200936/src/gcc/configure --target=arm-none-eabi --prefix=/tmp/jenkins/jenkins-GCC-8-build_toolchain_docker-594_20190704_1562200936/install-native --libexecdir=/tmp/jenkins/jenkins-GCC-8-build_toolchain_docker-594_20190704_1562200936/install-native/lib --infodir=/tmp/jenkins/jenkins-GCC-8-build_toolchain_docker-594_20190704_1562200936/install-native/share/doc/gcc-arm-none-eabi/info --mandir=/tmp/jenkins/jenkins-GCC-8-build_toolchain_docker-594_20190704_1562200936/install-native/share/doc/gcc-arm-none-eabi/man --htmldir=/tmp/jenkins/jenkins-GCC-8-build_toolchain_docker-594_20190704_1562200936/install-native/share/doc/gcc-arm-none-eabi/html --pdfdir=/tmp/jenkins/jenkins-GCC-8-build_toolchain_docker-594_20190704_1562200936/install-native/share/doc/gcc-arm-none-eabi/pdf --enable-languages=c,c++ --enable-plugins --disable-decimal-float --disable-libffi --disable-libgomp --disable-libmudflap --disable-libquadmath --disable-libssp --disable-libstdcxx-pch --disable-nls --disable-shared --disable-threads --disable-tls --with-gnu-as --with-gnu-ld --with-newlib --with-headers=yes --with-python-dir=share/gcc-arm-none-eabi --with-sysroot=/tmp/jenkins/jenkins-GCC-8-build_toolchain_docker-594_20190704_1562200936/install-native/arm-none-eabi --build=x86_64-linux-gnu --host=x86_64-linux-gnu --with-gmp=/tmp/jenkins/jenkins-GCC-8-build_toolchain_docker-594_20190704_1562200936/build-native/host-libs/usr --with-mpfr=/tmp/jenkins/jenkins-GCC-8-build_toolchain_docker-594_20190704_1562200936/build-native/host-libs/usr --with-mpc=/tmp/jenkins/jenkins-GCC-8-build_toolchain_docker-594_20190704_1562200936/build-native/host-libs/usr --with-isl=/tmp/jenkins/jenkins-GCC-8-build_toolchain_docker-594_20190704_1562200936/build-native/host-libs/usr --with-libelf=/tmp/jenkins/jenkins-GCC-8-build_toolchain_docker-594_20190704_1562200936/build-native/host-libs/usr --with-host-libstdcxx='-static-libgcc -Wl,-Bstatic,-lstdc++,-Bdynamic -lm' --with-pkgversion='GNU Tools for Arm Embedded Processors 8-2019-q3-update' --with-multilib-list=rmprofile]
  ignore line: [Thread model: single]
  ignore line: [gcc version 8.3.1 20190703 (release) [gcc-8-branch revision 273027] (GNU Tools for Arm Embedded Processors 8-2019-q3-update) ]
  ignore line: [COLLECT_GCC_OPTIONS='-std=c11' '-mcpu=cortex-m4' '-mthumb' '-mfpu=fpv4-sp-d16' '-mfloat-abi=hard' '-D' 'USE_HAL_DRIVER' '-D' 'STM32F446xx' '-D' '_TIMEVAL_DEFINED' '-O0' '-Wall' '-fdata-sections' '-ffunction-sections' '-D' 'CLOCK_MONOTONIC=0' '-v' '-o' 'CMakeFiles/cmTC_489bd.dir/CMakeCCompilerABI.c.obj' '-c' '-march=armv7e-m+fp']
  ignore line: [ /home/neu/Desktop/microros_ws/firmware/toolchain/bin/../lib/gcc/arm-none-eabi/8.3.1/cc1 -quiet -v -imultilib thumb/v7e-m+fp/hard -iprefix /home/neu/Desktop/microros_ws/firmware/toolchain/bin/../lib/gcc/arm-none-eabi/8.3.1/ -isysroot /home/neu/Desktop/microros_ws/firmware/toolchain/bin/../arm-none-eabi -D__USES_INITFINI__ -D USE_HAL_DRIVER -D STM32F446xx -D _TIMEVAL_DEFINED -D CLOCK_MONOTONIC=0 /usr/share/cmake-3.16/Modules/CMakeCCompilerABI.c -quiet -dumpbase CMakeCCompilerABI.c -mcpu=cortex-m4 -mthumb -mfpu=fpv4-sp-d16 -mfloat-abi=hard -march=armv7e-m+fp -auxbase-strip CMakeFiles/cmTC_489bd.dir/CMakeCCompilerABI.c.obj -O0 -Wall -std=c11 -version -fdata-sections -ffunction-sections -o /tmp/ccIvisjL.s]
  ignore line: [GNU C11 (GNU Tools for Arm Embedded Processors 8-2019-q3-update) version 8.3.1 20190703 (release) [gcc-8-branch revision 273027] (arm-none-eabi)]
  ignore line: [	compiled by GNU C version 4.8.4  GMP version 6.1.0  MPFR version 3.1.4  MPC version 1.0.3  isl version isl-0.18-GMP]
  ignore line: []
  ignore line: [GGC heuristics: --param ggc-min-expand=100 --param ggc-min-heapsize=131072]
  ignore line: [ignoring duplicate directory "/home/neu/Desktop/microros_ws/firmware/toolchain/bin/../lib/gcc/../../lib/gcc/arm-none-eabi/8.3.1/include"]
  ignore line: [ignoring nonexistent directory "/home/neu/Desktop/microros_ws/firmware/toolchain/bin/../arm-none-eabi/usr/local/include"]
  ignore line: [ignoring duplicate directory "/home/neu/Desktop/microros_ws/firmware/toolchain/bin/../lib/gcc/../../lib/gcc/arm-none-eabi/8.3.1/include-fixed"]
  ignore line: [ignoring duplicate directory "/home/neu/Desktop/microros_ws/firmware/toolchain/bin/../lib/gcc/../../lib/gcc/arm-none-eabi/8.3.1/../../../../arm-none-eabi/include"]
  ignore line: [ignoring nonexistent directory "/home/neu/Desktop/microros_ws/firmware/toolchain/bin/../arm-none-eabi/usr/include"]
  ignore line: [#include "..." search starts here:]
  ignore line: [#include <...> search starts here:]
  ignore line: [ /home/neu/Desktop/microros_ws/firmware/toolchain/bin/../lib/gcc/arm-none-eabi/8.3.1/include]
  ignore line: [ /home/neu/Desktop/microros_ws/firmware/toolchain/bin/../lib/gcc/arm-none-eabi/8.3.1/include-fixed]
  ignore line: [ /home/neu/Desktop/microros_ws/firmware/toolchain/bin/../lib/gcc/arm-none-eabi/8.3.1/../../../../arm-none-eabi/include]
  ignore line: [End of search list.]
  ignore line: [GNU C11 (GNU Tools for Arm Embedded Processors 8-2019-q3-update) version 8.3.1 20190703 (release) [gcc-8-branch revision 273027] (arm-none-eabi)]
  ignore line: [	compiled by GNU C version 4.8.4  GMP version 6.1.0  MPFR version 3.1.4  MPC version 1.0.3  isl version isl-0.18-GMP]
  ignore line: []
  ignore line: [GGC heuristics: --param ggc-min-expand=100 --param ggc-min-heapsize=131072]
  ignore line: [Compiler executable checksum: 9ce68ff701013533d409f9c54a6e36df]
  ignore line: [COLLECT_GCC_OPTIONS='-std=c11' '-mcpu=cortex-m4' '-mthumb' '-mfpu=fpv4-sp-d16' '-mfloat-abi=hard' '-D' 'USE_HAL_DRIVER' '-D' 'STM32F446xx' '-D' '_TIMEVAL_DEFINED' '-O0' '-Wall' '-fdata-sections' '-ffunction-sections' '-D' 'CLOCK_MONOTONIC=0' '-v' '-o' 'CMakeFiles/cmTC_489bd.dir/CMakeCCompilerABI.c.obj' '-c' '-march=armv7e-m+fp']
  ignore line: [ /home/neu/Desktop/microros_ws/firmware/toolchain/bin/../lib/gcc/arm-none-eabi/8.3.1/../../../../arm-none-eabi/bin/as -v -march=armv7e-m -mfloat-abi=hard -mfpu=fpv4-sp-d16 -meabi=5 -o CMakeFiles/cmTC_489bd.dir/CMakeCCompilerABI.c.obj /tmp/ccIvisjL.s]
  ignore line: [GNU assembler version 2.32.0 (arm-none-eabi) using BFD version (GNU Tools for Arm Embedded Processors 8-2019-q3-update) 2.32.0.20190703]
  ignore line: [COMPILER_PATH=/home/neu/Desktop/microros_ws/firmware/toolchain/bin/../lib/gcc/arm-none-eabi/8.3.1/:/home/neu/Desktop/microros_ws/firmware/toolchain/bin/../lib/gcc/:/home/neu/Desktop/microros_ws/firmware/toolchain/bin/../lib/gcc/arm-none-eabi/8.3.1/../../../../arm-none-eabi/bin/]
  ignore line: [LIBRARY_PATH=/home/neu/Desktop/microros_ws/firmware/toolchain/bin/../lib/gcc/arm-none-eabi/8.3.1/thumb/v7e-m+fp/hard/:/home/neu/Desktop/microros_ws/firmware/toolchain/bin/../lib/gcc/arm-none-eabi/8.3.1/../../../../arm-none-eabi/lib/thumb/v7e-m+fp/hard/:/home/neu/Desktop/microros_ws/firmware/toolchain/bin/../arm-none-eabi/lib/thumb/v7e-m+fp/hard/:/home/neu/Desktop/microros_ws/firmware/toolchain/bin/../lib/gcc/arm-none-eabi/8.3.1/:/home/neu/Desktop/microros_ws/firmware/toolchain/bin/../lib/gcc/:/home/neu/Desktop/microros_ws/firmware/toolchain/bin/../lib/gcc/arm-none-eabi/8.3.1/../../../../arm-none-eabi/lib/:/home/neu/Desktop/microros_ws/firmware/toolchain/bin/../arm-none-eabi/lib/]
  ignore line: [COLLECT_GCC_OPTIONS='-std=c11' '-mcpu=cortex-m4' '-mthumb' '-mfpu=fpv4-sp-d16' '-mfloat-abi=hard' '-D' 'USE_HAL_DRIVER' '-D' 'STM32F446xx' '-D' '_TIMEVAL_DEFINED' '-O0' '-Wall' '-fdata-sections' '-ffunction-sections' '-D' 'CLOCK_MONOTONIC=0' '-v' '-o' 'CMakeFiles/cmTC_489bd.dir/CMakeCCompilerABI.c.obj' '-c' '-march=armv7e-m+fp']
  ignore line: [Linking C static library libcmTC_489bd.a]
  ignore line: [/usr/bin/cmake -P CMakeFiles/cmTC_489bd.dir/cmake_clean_target.cmake]
  ignore line: [/usr/bin/cmake -E cmake_link_script CMakeFiles/cmTC_489bd.dir/link.txt --verbose=1]
  ignore line: [/home/neu/Desktop/microros_ws/firmware/toolchain/bin/arm-none-eabi-ar qc libcmTC_489bd.a  CMakeFiles/cmTC_489bd.dir/CMakeCCompilerABI.c.obj]
  ignore line: [/home/neu/Desktop/microros_ws/firmware/toolchain/bin/arm-none-eabi-ranlib libcmTC_489bd.a]
  ignore line: [make[2]: Leaving directory '/home/neu/Desktop/microros_ws/firmware/mcu_ws/build/composition_interfaces/CMakeFiles/CMakeTmp']
  ignore line: [make[1]: Leaving directory '/home/neu/Desktop/microros_ws/firmware/mcu_ws/build/composition_interfaces/CMakeFiles/CMakeTmp']
  ignore line: []
  ignore line: []
  implicit libs: []
  implicit dirs: []
  implicit fwks: []


Determining if the CXX compiler works passed with the following output:
Change Dir: /home/neu/Desktop/microros_ws/firmware/mcu_ws/build/composition_interfaces/CMakeFiles/CMakeTmp

Run Build Command(s):/usr/bin/make cmTC_fef8c/fast && make[1]: Entering directory '/home/neu/Desktop/microros_ws/firmware/mcu_ws/build/composition_interfaces/CMakeFiles/CMakeTmp'
/usr/bin/make -f CMakeFiles/cmTC_fef8c.dir/build.make CMakeFiles/cmTC_fef8c.dir/build
make[2]: Entering directory '/home/neu/Desktop/microros_ws/firmware/mcu_ws/build/composition_interfaces/CMakeFiles/CMakeTmp'
Building CXX object CMakeFiles/cmTC_fef8c.dir/testCXXCompiler.cxx.obj
/home/neu/Desktop/microros_ws/firmware/freertos_apps/microros_nucleo_f446ze_extensions/../../toolchain/bin/arm-none-eabi-g++    -std=c++14 -mcpu=cortex-m4 -mthumb -mfpu=fpv4-sp-d16 -mfloat-abi=hard -DUSE_HAL_DRIVER -DSTM32F446xx -D_TIMEVAL_DEFINED -O0 -Wall -fdata-sections -ffunction-sections  -DCLOCK_MONOTONIC=0    -o CMakeFiles/cmTC_fef8c.dir/testCXXCompiler.cxx.obj -c /home/neu/Desktop/microros_ws/firmware/mcu_ws/build/composition_interfaces/CMakeFiles/CMakeTmp/testCXXCompiler.cxx
Linking CXX static library libcmTC_fef8c.a
/usr/bin/cmake -P CMakeFiles/cmTC_fef8c.dir/cmake_clean_target.cmake
/usr/bin/cmake -E cmake_link_script CMakeFiles/cmTC_fef8c.dir/link.txt --verbose=1
/home/neu/Desktop/microros_ws/firmware/toolchain/bin/arm-none-eabi-ar qc libcmTC_fef8c.a  CMakeFiles/cmTC_fef8c.dir/testCXXCompiler.cxx.obj
/home/neu/Desktop/microros_ws/firmware/toolchain/bin/arm-none-eabi-ranlib libcmTC_fef8c.a
make[2]: Leaving directory '/home/neu/Desktop/microros_ws/firmware/mcu_ws/build/composition_interfaces/CMakeFiles/CMakeTmp'
make[1]: Leaving directory '/home/neu/Desktop/microros_ws/firmware/mcu_ws/build/composition_interfaces/CMakeFiles/CMakeTmp'



Detecting CXX compiler ABI info compiled with the following output:
Change Dir: /home/neu/Desktop/microros_ws/firmware/mcu_ws/build/composition_interfaces/CMakeFiles/CMakeTmp

Run Build Command(s):/usr/bin/make cmTC_aa7f7/fast && make[1]: Entering directory '/home/neu/Desktop/microros_ws/firmware/mcu_ws/build/composition_interfaces/CMakeFiles/CMakeTmp'
/usr/bin/make -f CMakeFiles/cmTC_aa7f7.dir/build.make CMakeFiles/cmTC_aa7f7.dir/build
make[2]: Entering directory '/home/neu/Desktop/microros_ws/firmware/mcu_ws/build/composition_interfaces/CMakeFiles/CMakeTmp'
Building CXX object CMakeFiles/cmTC_aa7f7.dir/CMakeCXXCompilerABI.cpp.obj
/home/neu/Desktop/microros_ws/firmware/freertos_apps/microros_nucleo_f446ze_extensions/../../toolchain/bin/arm-none-eabi-g++    -std=c++14 -mcpu=cortex-m4 -mthumb -mfpu=fpv4-sp-d16 -mfloat-abi=hard -DUSE_HAL_DRIVER -DSTM32F446xx -D_TIMEVAL_DEFINED -O0 -Wall -fdata-sections -ffunction-sections  -DCLOCK_MONOTONIC=0    -v -o CMakeFiles/cmTC_aa7f7.dir/CMakeCXXCompilerABI.cpp.obj -c /usr/share/cmake-3.16/Modules/CMakeCXXCompilerABI.cpp
Using built-in specs.
COLLECT_GCC=/home/neu/Desktop/microros_ws/firmware/freertos_apps/microros_nucleo_f446ze_extensions/../../toolchain/bin/arm-none-eabi-g++
Target: arm-none-eabi
Configured with: /tmp/jenkins/jenkins-GCC-8-build_toolchain_docker-594_20190704_1562200936/src/gcc/configure --target=arm-none-eabi --prefix=/tmp/jenkins/jenkins-GCC-8-build_toolchain_docker-594_20190704_1562200936/install-native --libexecdir=/tmp/jenkins/jenkins-GCC-8-build_toolchain_docker-594_20190704_1562200936/install-native/lib --infodir=/tmp/jenkins/jenkins-GCC-8-build_toolchain_docker-594_20190704_1562200936/install-native/share/doc/gcc-arm-none-eabi/info --mandir=/tmp/jenkins/jenkins-GCC-8-build_toolchain_docker-594_20190704_1562200936/install-native/share/doc/gcc-arm-none-eabi/man --htmldir=/tmp/jenkins/jenkins-GCC-8-build_toolchain_docker-594_20190704_1562200936/install-native/share/doc/gcc-arm-none-eabi/html --pdfdir=/tmp/jenkins/jenkins-GCC-8-build_toolchain_docker-594_20190704_1562200936/install-native/share/doc/gcc-arm-none-eabi/pdf --enable-languages=c,c++ --enable-plugins --disable-decimal-float --disable-libffi --disable-libgomp --disable-libmudflap --disable-libquadmath --disable-libssp --disable-libstdcxx-pch --disable-nls --disable-shared --disable-threads --disable-tls --with-gnu-as --with-gnu-ld --with-newlib --with-headers=yes --with-python-dir=share/gcc-arm-none-eabi --with-sysroot=/tmp/jenkins/jenkins-GCC-8-build_toolchain_docker-594_20190704_1562200936/install-native/arm-none-eabi --build=x86_64-linux-gnu --host=x86_64-linux-gnu --with-gmp=/tmp/jenkins/jenkins-GCC-8-build_toolchain_docker-594_20190704_1562200936/build-native/host-libs/usr --with-mpfr=/tmp/jenkins/jenkins-GCC-8-build_toolchain_docker-594_20190704_1562200936/build-native/host-libs/usr --with-mpc=/tmp/jenkins/jenkins-GCC-8-build_toolchain_docker-594_20190704_1562200936/build-native/host-libs/usr --with-isl=/tmp/jenkins/jenkins-GCC-8-build_toolchain_docker-594_20190704_1562200936/build-native/host-libs/usr --with-libelf=/tmp/jenkins/jenkins-GCC-8-build_toolchain_docker-594_20190704_1562200936/build-native/host-libs/usr --with-host-libstdcxx='-static-libgcc -Wl,-Bstatic,-lstdc++,-Bdynamic -lm' --with-pkgversion='GNU Tools for Arm Embedded Processors 8-2019-q3-update' --with-multilib-list=rmprofile
Thread model: single
gcc version 8.3.1 20190703 (release) [gcc-8-branch revision 273027] (GNU Tools for Arm Embedded Processors 8-2019-q3-update) 
COLLECT_GCC_OPTIONS='-std=c++14' '-mcpu=cortex-m4' '-mthumb' '-mfpu=fpv4-sp-d16' '-mfloat-abi=hard' '-D' 'USE_HAL_DRIVER' '-D' 'STM32F446xx' '-D' '_TIMEVAL_DEFINED' '-O0' '-Wall' '-fdata-sections' '-ffunction-sections' '-D' 'CLOCK_MONOTONIC=0' '-v' '-o' 'CMakeFiles/cmTC_aa7f7.dir/CMakeCXXCompilerABI.cpp.obj' '-c' '-march=armv7e-m+fp'
 /home/neu/Desktop/microros_ws/firmware/toolchain/bin/../lib/gcc/arm-none-eabi/8.3.1/cc1plus -quiet -v -imultilib thumb/v7e-m+fp/hard -iprefix /home/neu/Desktop/microros_ws/firmware/toolchain/bin/../lib/gcc/arm-none-eabi/8.3.1/ -isysroot /home/neu/Desktop/microros_ws/firmware/toolchain/bin/../arm-none-eabi -D__USES_INITFINI__ -D USE_HAL_DRIVER -D STM32F446xx -D _TIMEVAL_DEFINED -D CLOCK_MONOTONIC=0 /usr/share/cmake-3.16/Modules/CMakeCXXCompilerABI.cpp -quiet -dumpbase CMakeCXXCompilerABI.cpp -mcpu=cortex-m4 -mthumb -mfpu=fpv4-sp-d16 -mfloat-abi=hard -march=armv7e-m+fp -auxbase-strip CMakeFiles/cmTC_aa7f7.dir/CMakeCXXCompilerABI.cpp.obj -O0 -Wall -std=c++14 -version -fdata-sections -ffunction-sections -o /tmp/ccyzC7Tv.s
GNU C++14 (GNU Tools for Arm Embedded Processors 8-2019-q3-update) version 8.3.1 20190703 (release) [gcc-8-branch revision 273027] (arm-none-eabi)
	compiled by GNU C version 4.8.4, GMP version 6.1.0, MPFR version 3.1.4, MPC version 1.0.3, isl version isl-0.18-GMP

GGC heuristics: --param ggc-min-expand=100 --param ggc-min-heapsize=131072
ignoring duplicate directory "/home/neu/Desktop/microros_ws/firmware/toolchain/bin/../lib/gcc/../../lib/gcc/arm-none-eabi/8.3.1/../../../../arm-none-eabi/include/c++/8.3.1"
ignoring duplicate directory "/home/neu/Desktop/microros_ws/firmware/toolchain/bin/../lib/gcc/../../lib/gcc/arm-none-eabi/8.3.1/../../../../arm-none-eabi/include/c++/8.3.1/arm-none-eabi/thumb/v7e-m+fp/hard"
ignoring duplicate directory "/home/neu/Desktop/microros_ws/firmware/toolchain/bin/../lib/gcc/../../lib/gcc/arm-none-eabi/8.3.1/../../../../arm-none-eabi/include/c++/8.3.1/backward"
ignoring duplicate directory "/home/neu/Desktop/microros_ws/firmware/toolchain/bin/../lib/gcc/../../lib/gcc/arm-none-eabi/8.3.1/include"
ignoring nonexistent directory "/home/neu/Desktop/microros_ws/firmware/toolchain/bin/../arm-none-eabi/usr/local/include"
ignoring duplicate directory "/home/neu/Desktop/microros_ws/firmware/toolchain/bin/../lib/gcc/../../lib/gcc/arm-none-eabi/8.3.1/include-fixed"
ignoring duplicate directory "/home/neu/Desktop/microros_ws/firmware/toolchain/bin/../lib/gcc/../../lib/gcc/arm-none-eabi/8.3.1/../../../../arm-none-eabi/include"
ignoring nonexistent directory "/home/neu/Desktop/microros_ws/firmware/toolchain/bin/../arm-none-eabi/usr/include"
#include "..." search starts here:
#include <...> search starts here:
 /home/neu/Desktop/microros_ws/firmware/toolchain/bin/../lib/gcc/arm-none-eabi/8.3.1/../../../../arm-none-eabi/include/c++/8.3.1
 /home/neu/Desktop/microros_ws/firmware/toolchain/bin/../lib/gcc/arm-none-eabi/8.3.1/../../../../arm-none-eabi/include/c++/8.3.1/arm-none-eabi/thumb/v7e-m+fp/hard
 /home/neu/Desktop/microros_ws/firmware/toolchain/bin/../lib/gcc/arm-none-eabi/8.3.1/../../../../arm-none-eabi/include/c++/8.3.1/backward
 /home/neu/Desktop/microros_ws/firmware/toolchain/bin/../lib/gcc/arm-none-eabi/8.3.1/include
 /home/neu/Desktop/microros_ws/firmware/toolchain/bin/../lib/gcc/arm-none-eabi/8.3.1/include-fixed
 /home/neu/Desktop/microros_ws/firmware/toolchain/bin/../lib/gcc/arm-none-eabi/8.3.1/../../../../arm-none-eabi/include
End of search list.
GNU C++14 (GNU Tools for Arm Embedded Processors 8-2019-q3-update) version 8.3.1 20190703 (release) [gcc-8-branch revision 273027] (arm-none-eabi)
	compiled by GNU C version 4.8.4, GMP version 6.1.0, MPFR version 3.1.4, MPC version 1.0.3, isl version isl-0.18-GMP

GGC heuristics: --param ggc-min-expand=100 --param ggc-min-heapsize=131072
Compiler executable checksum: 21bd2026b2ea14b6bd7597d2f94d57b2
COLLECT_GCC_OPTIONS='-std=c++14' '-mcpu=cortex-m4' '-mthumb' '-mfpu=fpv4-sp-d16' '-mfloat-abi=hard' '-D' 'USE_HAL_DRIVER' '-D' 'STM32F446xx' '-D' '_TIMEVAL_DEFINED' '-O0' '-Wall' '-fdata-sections' '-ffunction-sections' '-D' 'CLOCK_MONOTONIC=0' '-v' '-o' 'CMakeFiles/cmTC_aa7f7.dir/CMakeCXXCompilerABI.cpp.obj' '-c' '-march=armv7e-m+fp'
 /home/neu/Desktop/microros_ws/firmware/toolchain/bin/../lib/gcc/arm-none-eabi/8.3.1/../../../../arm-none-eabi/bin/as -v -march=armv7e-m -mfloat-abi=hard -mfpu=fpv4-sp-d16 -meabi=5 -o CMakeFiles/cmTC_aa7f7.dir/CMakeCXXCompilerABI.cpp.obj /tmp/ccyzC7Tv.s
GNU assembler version 2.32.0 (arm-none-eabi) using BFD version (GNU Tools for Arm Embedded Processors 8-2019-q3-update) 2.32.0.20190703
COMPILER_PATH=/home/neu/Desktop/microros_ws/firmware/toolchain/bin/../lib/gcc/arm-none-eabi/8.3.1/:/home/neu/Desktop/microros_ws/firmware/toolchain/bin/../lib/gcc/:/home/neu/Desktop/microros_ws/firmware/toolchain/bin/../lib/gcc/arm-none-eabi/8.3.1/../../../../arm-none-eabi/bin/
LIBRARY_PATH=/home/neu/Desktop/microros_ws/firmware/toolchain/bin/../lib/gcc/arm-none-eabi/8.3.1/thumb/v7e-m+fp/hard/:/home/neu/Desktop/microros_ws/firmware/toolchain/bin/../lib/gcc/arm-none-eabi/8.3.1/../../../../arm-none-eabi/lib/thumb/v7e-m+fp/hard/:/home/neu/Desktop/microros_ws/firmware/toolchain/bin/../arm-none-eabi/lib/thumb/v7e-m+fp/hard/:/home/neu/Desktop/microros_ws/firmware/toolchain/bin/../lib/gcc/arm-none-eabi/8.3.1/:/home/neu/Desktop/microros_ws/firmware/toolchain/bin/../lib/gcc/:/home/neu/Desktop/microros_ws/firmware/toolchain/bin/../lib/gcc/arm-none-eabi/8.3.1/../../../../arm-none-eabi/lib/:/home/neu/Desktop/microros_ws/firmware/toolchain/bin/../arm-none-eabi/lib/
COLLECT_GCC_OPTIONS='-std=c++14' '-mcpu=cortex-m4' '-mthumb' '-mfpu=fpv4-sp-d16' '-mfloat-abi=hard' '-D' 'USE_HAL_DRIVER' '-D' 'STM32F446xx' '-D' '_TIMEVAL_DEFINED' '-O0' '-Wall' '-fdata-sections' '-ffunction-sections' '-D' 'CLOCK_MONOTONIC=0' '-v' '-o' 'CMakeFiles/cmTC_aa7f7.dir/CMakeCXXCompilerABI.cpp.obj' '-c' '-march=armv7e-m+fp'
Linking CXX static library libcmTC_aa7f7.a
/usr/bin/cmake -P CMakeFiles/cmTC_aa7f7.dir/cmake_clean_target.cmake
/usr/bin/cmake -E cmake_link_script CMakeFiles/cmTC_aa7f7.dir/link.txt --verbose=1
/home/neu/Desktop/microros_ws/firmware/toolchain/bin/arm-none-eabi-ar qc libcmTC_aa7f7.a  CMakeFiles/cmTC_aa7f7.dir/CMakeCXXCompilerABI.cpp.obj
/home/neu/Desktop/microros_ws/firmware/toolchain/bin/arm-none-eabi-ranlib libcmTC_aa7f7.a
make[2]: Leaving directory '/home/neu/Desktop/microros_ws/firmware/mcu_ws/build/composition_interfaces/CMakeFiles/CMakeTmp'
make[1]: Leaving directory '/home/neu/Desktop/microros_ws/firmware/mcu_ws/build/composition_interfaces/CMakeFiles/CMakeTmp'



Parsed CXX implicit include dir info from above output: rv=done
  found start of include info
  found start of implicit include info
    add: [/home/neu/Desktop/microros_ws/firmware/toolchain/bin/../lib/gcc/arm-none-eabi/8.3.1/../../../../arm-none-eabi/include/c++/8.3.1]
    add: [/home/neu/Desktop/microros_ws/firmware/toolchain/bin/../lib/gcc/arm-none-eabi/8.3.1/../../../../arm-none-eabi/include/c++/8.3.1/arm-none-eabi/thumb/v7e-m+fp/hard]
    add: [/home/neu/Desktop/microros_ws/firmware/toolchain/bin/../lib/gcc/arm-none-eabi/8.3.1/../../../../arm-none-eabi/include/c++/8.3.1/backward]
    add: [/home/neu/Desktop/microros_ws/firmware/toolchain/bin/../lib/gcc/arm-none-eabi/8.3.1/include]
    add: [/home/neu/Desktop/microros_ws/firmware/toolchain/bin/../lib/gcc/arm-none-eabi/8.3.1/include-fixed]
    add: [/home/neu/Desktop/microros_ws/firmware/toolchain/bin/../lib/gcc/arm-none-eabi/8.3.1/../../../../arm-none-eabi/include]
  end of search list found
  collapse include dir [/home/neu/Desktop/microros_ws/firmware/toolchain/bin/../lib/gcc/arm-none-eabi/8.3.1/../../../../arm-none-eabi/include/c++/8.3.1] ==> [/home/neu/Desktop/microros_ws/firmware/toolchain/arm-none-eabi/include/c++/8.3.1]
  collapse include dir [/home/neu/Desktop/microros_ws/firmware/toolchain/bin/../lib/gcc/arm-none-eabi/8.3.1/../../../../arm-none-eabi/include/c++/8.3.1/arm-none-eabi/thumb/v7e-m+fp/hard] ==> [/home/neu/Desktop/microros_ws/firmware/toolchain/arm-none-eabi/include/c++/8.3.1/arm-none-eabi/thumb/v7e-m+fp/hard]
  collapse include dir [/home/neu/Desktop/microros_ws/firmware/toolchain/bin/../lib/gcc/arm-none-eabi/8.3.1/../../../../arm-none-eabi/include/c++/8.3.1/backward] ==> [/home/neu/Desktop/microros_ws/firmware/toolchain/arm-none-eabi/include/c++/8.3.1/backward]
  collapse include dir [/home/neu/Desktop/microros_ws/firmware/toolchain/bin/../lib/gcc/arm-none-eabi/8.3.1/include] ==> [/home/neu/Desktop/microros_ws/firmware/toolchain/lib/gcc/arm-none-eabi/8.3.1/include]
  collapse include dir [/home/neu/Desktop/microros_ws/firmware/toolchain/bin/../lib/gcc/arm-none-eabi/8.3.1/include-fixed] ==> [/home/neu/Desktop/microros_ws/firmware/toolchain/lib/gcc/arm-none-eabi/8.3.1/include-fixed]
  collapse include dir [/home/neu/Desktop/microros_ws/firmware/toolchain/bin/../lib/gcc/arm-none-eabi/8.3.1/../../../../arm-none-eabi/include] ==> [/home/neu/Desktop/microros_ws/firmware/toolchain/arm-none-eabi/include]
  implicit include dirs: [/home/neu/Desktop/microros_ws/firmware/toolchain/arm-none-eabi/include/c++/8.3.1;/home/neu/Desktop/microros_ws/firmware/toolchain/arm-none-eabi/include/c++/8.3.1/arm-none-eabi/thumb/v7e-m+fp/hard;/home/neu/Desktop/microros_ws/firmware/toolchain/arm-none-eabi/include/c++/8.3.1/backward;/home/neu/Desktop/microros_ws/firmware/toolchain/lib/gcc/arm-none-eabi/8.3.1/include;/home/neu/Desktop/microros_ws/firmware/toolchain/lib/gcc/arm-none-eabi/8.3.1/include-fixed;/home/neu/Desktop/microros_ws/firmware/toolchain/arm-none-eabi/include]


Parsed CXX implicit link information from above output:
  link line regex: [^( *|.*[/\])(arm-none-eabi-ld|CMAKE_LINK_STARTFILE-NOTFOUND|([^/\]+-)?ld|collect2)[^/\]*( |$)]
  ignore line: [Change Dir: /home/neu/Desktop/microros_ws/firmware/mcu_ws/build/composition_interfaces/CMakeFiles/CMakeTmp]
  ignore line: []
  ignore line: [Run Build Command(s):/usr/bin/make cmTC_aa7f7/fast && make[1]: Entering directory '/home/neu/Desktop/microros_ws/firmware/mcu_ws/build/composition_interfaces/CMakeFiles/CMakeTmp']
  ignore line: [/usr/bin/make -f CMakeFiles/cmTC_aa7f7.dir/build.make CMakeFiles/cmTC_aa7f7.dir/build]
  ignore line: [make[2]: Entering directory '/home/neu/Desktop/microros_ws/firmware/mcu_ws/build/composition_interfaces/CMakeFiles/CMakeTmp']
  ignore line: [Building CXX object CMakeFiles/cmTC_aa7f7.dir/CMakeCXXCompilerABI.cpp.obj]
  ignore line: [/home/neu/Desktop/microros_ws/firmware/freertos_apps/microros_nucleo_f446ze_extensions/../../toolchain/bin/arm-none-eabi-g++    -std=c++14 -mcpu=cortex-m4 -mthumb -mfpu=fpv4-sp-d16 -mfloat-abi=hard -DUSE_HAL_DRIVER -DSTM32F446xx -D_TIMEVAL_DEFINED -O0 -Wall -fdata-sections -ffunction-sections  -DCLOCK_MONOTONIC=0    -v -o CMakeFiles/cmTC_aa7f7.dir/CMakeCXXCompilerABI.cpp.obj -c /usr/share/cmake-3.16/Modules/CMakeCXXCompilerABI.cpp]
  ignore line: [Using built-in specs.]
  ignore line: [COLLECT_GCC=/home/neu/Desktop/microros_ws/firmware/freertos_apps/microros_nucleo_f446ze_extensions/../../toolchain/bin/arm-none-eabi-g++]
  ignore line: [Target: arm-none-eabi]
  ignore line: [Configured with: /tmp/jenkins/jenkins-GCC-8-build_toolchain_docker-594_20190704_1562200936/src/gcc/configure --target=arm-none-eabi --prefix=/tmp/jenkins/jenkins-GCC-8-build_toolchain_docker-594_20190704_1562200936/install-native --libexecdir=/tmp/jenkins/jenkins-GCC-8-build_toolchain_docker-594_20190704_1562200936/install-native/lib --infodir=/tmp/jenkins/jenkins-GCC-8-build_toolchain_docker-594_20190704_1562200936/install-native/share/doc/gcc-arm-none-eabi/info --mandir=/tmp/jenkins/jenkins-GCC-8-build_toolchain_docker-594_20190704_1562200936/install-native/share/doc/gcc-arm-none-eabi/man --htmldir=/tmp/jenkins/jenkins-GCC-8-build_toolchain_docker-594_20190704_1562200936/install-native/share/doc/gcc-arm-none-eabi/html --pdfdir=/tmp/jenkins/jenkins-GCC-8-build_toolchain_docker-594_20190704_1562200936/install-native/share/doc/gcc-arm-none-eabi/pdf --enable-languages=c,c++ --enable-plugins --disable-decimal-float --disable-libffi --disable-libgomp --disable-libmudflap --disable-libquadmath --disable-libssp --disable-libstdcxx-pch --disable-nls --disable-shared --disable-threads --disable-tls --with-gnu-as --with-gnu-ld --with-newlib --with-headers=yes --with-python-dir=share/gcc-arm-none-eabi --with-sysroot=/tmp/jenkins/jenkins-GCC-8-build_toolchain_docker-594_20190704_1562200936/install-native/arm-none-eabi --build=x86_64-linux-gnu --host=x86_64-linux-gnu --with-gmp=/tmp/jenkins/jenkins-GCC-8-build_toolchain_docker-594_20190704_1562200936/build-native/host-libs/usr --with-mpfr=/tmp/jenkins/jenkins-GCC-8-build_toolchain_docker-594_20190704_1562200936/build-native/host-libs/usr --with-mpc=/tmp/jenkins/jenkins-GCC-8-build_toolchain_docker-594_20190704_1562200936/build-native/host-libs/usr --with-isl=/tmp/jenkins/jenkins-GCC-8-build_toolchain_docker-594_20190704_1562200936/build-native/host-libs/usr --with-libelf=/tmp/jenkins/jenkins-GCC-8-build_toolchain_docker-594_20190704_1562200936/build-native/host-libs/usr --with-host-libstdcxx='-static-libgcc -Wl,-Bstatic,-lstdc++,-Bdynamic -lm' --with-pkgversion='GNU Tools for Arm Embedded Processors 8-2019-q3-update' --with-multilib-list=rmprofile]
  ignore line: [Thread model: single]
  ignore line: [gcc version 8.3.1 20190703 (release) [gcc-8-branch revision 273027] (GNU Tools for Arm Embedded Processors 8-2019-q3-update) ]
  ignore line: [COLLECT_GCC_OPTIONS='-std=c++14' '-mcpu=cortex-m4' '-mthumb' '-mfpu=fpv4-sp-d16' '-mfloat-abi=hard' '-D' 'USE_HAL_DRIVER' '-D' 'STM32F446xx' '-D' '_TIMEVAL_DEFINED' '-O0' '-Wall' '-fdata-sections' '-ffunction-sections' '-D' 'CLOCK_MONOTONIC=0' '-v' '-o' 'CMakeFiles/cmTC_aa7f7.dir/CMakeCXXCompilerABI.cpp.obj' '-c' '-march=armv7e-m+fp']
  ignore line: [ /home/neu/Desktop/microros_ws/firmware/toolchain/bin/../lib/gcc/arm-none-eabi/8.3.1/cc1plus -quiet -v -imultilib thumb/v7e-m+fp/hard -iprefix /home/neu/Desktop/microros_ws/firmware/toolchain/bin/../lib/gcc/arm-none-eabi/8.3.1/ -isysroot /home/neu/Desktop/microros_ws/firmware/toolchain/bin/../arm-none-eabi -D__USES_INITFINI__ -D USE_HAL_DRIVER -D STM32F446xx -D _TIMEVAL_DEFINED -D CLOCK_MONOTONIC=0 /usr/share/cmake-3.16/Modules/CMakeCXXCompilerABI.cpp -quiet -dumpbase CMakeCXXCompilerABI.cpp -mcpu=cortex-m4 -mthumb -mfpu=fpv4-sp-d16 -mfloat-abi=hard -march=armv7e-m+fp -auxbase-strip CMakeFiles/cmTC_aa7f7.dir/CMakeCXXCompilerABI.cpp.obj -O0 -Wall -std=c++14 -version -fdata-sections -ffunction-sections -o /tmp/ccyzC7Tv.s]
  ignore line: [GNU C++14 (GNU Tools for Arm Embedded Processors 8-2019-q3-update) version 8.3.1 20190703 (release) [gcc-8-branch revision 273027] (arm-none-eabi)]
  ignore line: [	compiled by GNU C version 4.8.4  GMP version 6.1.0  MPFR version 3.1.4  MPC version 1.0.3  isl version isl-0.18-GMP]
  ignore line: []
  ignore line: [GGC heuristics: --param ggc-min-expand=100 --param ggc-min-heapsize=131072]
  ignore line: [ignoring duplicate directory "/home/neu/Desktop/microros_ws/firmware/toolchain/bin/../lib/gcc/../../lib/gcc/arm-none-eabi/8.3.1/../../../../arm-none-eabi/include/c++/8.3.1"]
  ignore line: [ignoring duplicate directory "/home/neu/Desktop/microros_ws/firmware/toolchain/bin/../lib/gcc/../../lib/gcc/arm-none-eabi/8.3.1/../../../../arm-none-eabi/include/c++/8.3.1/arm-none-eabi/thumb/v7e-m+fp/hard"]
  ignore line: [ignoring duplicate directory "/home/neu/Desktop/microros_ws/firmware/toolchain/bin/../lib/gcc/../../lib/gcc/arm-none-eabi/8.3.1/../../../../arm-none-eabi/include/c++/8.3.1/backward"]
  ignore line: [ignoring duplicate directory "/home/neu/Desktop/microros_ws/firmware/toolchain/bin/../lib/gcc/../../lib/gcc/arm-none-eabi/8.3.1/include"]
  ignore line: [ignoring nonexistent directory "/home/neu/Desktop/microros_ws/firmware/toolchain/bin/../arm-none-eabi/usr/local/include"]
  ignore line: [ignoring duplicate directory "/home/neu/Desktop/microros_ws/firmware/toolchain/bin/../lib/gcc/../../lib/gcc/arm-none-eabi/8.3.1/include-fixed"]
  ignore line: [ignoring duplicate directory "/home/neu/Desktop/microros_ws/firmware/toolchain/bin/../lib/gcc/../../lib/gcc/arm-none-eabi/8.3.1/../../../../arm-none-eabi/include"]
  ignore line: [ignoring nonexistent directory "/home/neu/Desktop/microros_ws/firmware/toolchain/bin/../arm-none-eabi/usr/include"]
  ignore line: [#include "..." search starts here:]
  ignore line: [#include <...> search starts here:]
  ignore line: [ /home/neu/Desktop/microros_ws/firmware/toolchain/bin/../lib/gcc/arm-none-eabi/8.3.1/../../../../arm-none-eabi/include/c++/8.3.1]
  ignore line: [ /home/neu/Desktop/microros_ws/firmware/toolchain/bin/../lib/gcc/arm-none-eabi/8.3.1/../../../../arm-none-eabi/include/c++/8.3.1/arm-none-eabi/thumb/v7e-m+fp/hard]
  ignore line: [ /home/neu/Desktop/microros_ws/firmware/toolchain/bin/../lib/gcc/arm-none-eabi/8.3.1/../../../../arm-none-eabi/include/c++/8.3.1/backward]
  ignore line: [ /home/neu/Desktop/microros_ws/firmware/toolchain/bin/../lib/gcc/arm-none-eabi/8.3.1/include]
  ignore line: [ /home/neu/Desktop/microros_ws/firmware/toolchain/bin/../lib/gcc/arm-none-eabi/8.3.1/include-fixed]
  ignore line: [ /home/neu/Desktop/microros_ws/firmware/toolchain/bin/../lib/gcc/arm-none-eabi/8.3.1/../../../../arm-none-eabi/include]
  ignore line: [End of search list.]
  ignore line: [GNU C++14 (GNU Tools for Arm Embedded Processors 8-2019-q3-update) version 8.3.1 20190703 (release) [gcc-8-branch revision 273027] (arm-none-eabi)]
  ignore line: [	compiled by GNU C version 4.8.4  GMP version 6.1.0  MPFR version 3.1.4  MPC version 1.0.3  isl version isl-0.18-GMP]
  ignore line: []
  ignore line: [GGC heuristics: --param ggc-min-expand=100 --param ggc-min-heapsize=131072]
  ignore line: [Compiler executable checksum: 21bd2026b2ea14b6bd7597d2f94d57b2]
  ignore line: [COLLECT_GCC_OPTIONS='-std=c++14' '-mcpu=cortex-m4' '-mthumb' '-mfpu=fpv4-sp-d16' '-mfloat-abi=hard' '-D' 'USE_HAL_DRIVER' '-D' 'STM32F446xx' '-D' '_TIMEVAL_DEFINED' '-O0' '-Wall' '-fdata-sections' '-ffunction-sections' '-D' 'CLOCK_MONOTONIC=0' '-v' '-o' 'CMakeFiles/cmTC_aa7f7.dir/CMakeCXXCompilerABI.cpp.obj' '-c' '-march=armv7e-m+fp']
  ignore line: [ /home/neu/Desktop/microros_ws/firmware/toolchain/bin/../lib/gcc/arm-none-eabi/8.3.1/../../../../arm-none-eabi/bin/as -v -march=armv7e-m -mfloat-abi=hard -mfpu=fpv4-sp-d16 -meabi=5 -o CMakeFiles/cmTC_aa7f7.dir/CMakeCXXCompilerABI.cpp.obj /tmp/ccyzC7Tv.s]
  ignore line: [GNU assembler version 2.32.0 (arm-none-eabi) using BFD version (GNU Tools for Arm Embedded Processors 8-2019-q3-update) 2.32.0.20190703]
  ignore line: [COMPILER_PATH=/home/neu/Desktop/microros_ws/firmware/toolchain/bin/../lib/gcc/arm-none-eabi/8.3.1/:/home/neu/Desktop/microros_ws/firmware/toolchain/bin/../lib/gcc/:/home/neu/Desktop/microros_ws/firmware/toolchain/bin/../lib/gcc/arm-none-eabi/8.3.1/../../../../arm-none-eabi/bin/]
  ignore line: [LIBRARY_PATH=/home/neu/Desktop/microros_ws/firmware/toolchain/bin/../lib/gcc/arm-none-eabi/8.3.1/thumb/v7e-m+fp/hard/:/home/neu/Desktop/microros_ws/firmware/toolchain/bin/../lib/gcc/arm-none-eabi/8.3.1/../../../../arm-none-eabi/lib/thumb/v7e-m+fp/hard/:/home/neu/Desktop/microros_ws/firmware/toolchain/bin/../arm-none-eabi/lib/thumb/v7e-m+fp/hard/:/home/neu/Desktop/microros_ws/firmware/toolchain/bin/../lib/gcc/arm-none-eabi/8.3.1/:/home/neu/Desktop/microros_ws/firmware/toolchain/bin/../lib/gcc/:/home/neu/Desktop/microros_ws/firmware/toolchain/bin/../lib/gcc/arm-none-eabi/8.3.1/../../../../arm-none-eabi/lib/:/home/neu/Desktop/microros_ws/firmware/toolchain/bin/../arm-none-eabi/lib/]
  ignore line: [COLLECT_GCC_OPTIONS='-std=c++14' '-mcpu=cortex-m4' '-mthumb' '-mfpu=fpv4-sp-d16' '-mfloat-abi=hard' '-D' 'USE_HAL_DRIVER' '-D' 'STM32F446xx' '-D' '_TIMEVAL_DEFINED' '-O0' '-Wall' '-fdata-sections' '-ffunction-sections' '-D' 'CLOCK_MONOTONIC=0' '-v' '-o' 'CMakeFiles/cmTC_aa7f7.dir/CMakeCXXCompilerABI.cpp.obj' '-c' '-march=armv7e-m+fp']
  ignore line: [Linking CXX static library libcmTC_aa7f7.a]
  ignore line: [/usr/bin/cmake -P CMakeFiles/cmTC_aa7f7.dir/cmake_clean_target.cmake]
  ignore line: [/usr/bin/cmake -E cmake_link_script CMakeFiles/cmTC_aa7f7.dir/link.txt --verbose=1]
  ignore line: [/home/neu/Desktop/microros_ws/firmware/toolchain/bin/arm-none-eabi-ar qc libcmTC_aa7f7.a  CMakeFiles/cmTC_aa7f7.dir/CMakeCXXCompilerABI.cpp.obj]
  ignore line: [/home/neu/Desktop/microros_ws/firmware/toolchain/bin/arm-none-eabi-ranlib libcmTC_aa7f7.a]
  ignore line: [make[2]: Leaving directory '/home/neu/Desktop/microros_ws/firmware/mcu_ws/build/composition_interfaces/CMakeFiles/CMakeTmp']
  ignore line: [make[1]: Leaving directory '/home/neu/Desktop/microros_ws/firmware/mcu_ws/build/composition_interfaces/CMakeFiles/CMakeTmp']
  ignore line: []
  ignore line: []
  implicit libs: []
  implicit dirs: []
  implicit fwks: []


