Not searching for unused variables given on the command line.
-- The C compiler identification is GNU 8.3.1
-- The CXX compiler identification is GNU 8.3.1
-- Check for working C compiler: /home/neu/Desktop/microros_ws/firmware/freertos_apps/microros_nucleo_f446ze_extensions/../../toolchain/bin/arm-none-eabi-gcc
-- Check for working C compiler: /home/neu/Desktop/microros_ws/firmware/freertos_apps/microros_nucleo_f446ze_extensions/../../toolchain/bin/arm-none-eabi-gcc -- works
-- Detecting C compiler ABI info
-- Detecting C compiler ABI info - done
-- Detecting C compile features
-- Detecting C compile features - done
-- Check for working CXX compiler: /home/neu/Desktop/microros_ws/firmware/freertos_apps/microros_nucleo_f446ze_extensions/../../toolchain/bin/arm-none-eabi-g++
-- Check for working CXX compiler: /home/neu/Desktop/microros_ws/firmware/freertos_apps/microros_nucleo_f446ze_extensions/../../toolchain/bin/arm-none-eabi-g++ -- works
-- Detecting CXX compiler ABI info
-- Detecting CXX compiler ABI info - done
-- Detecting CXX compile features
-- Detecting CXX compile features - done
-- Found ament_cmake: 1.3.5 (/home/neu/Desktop/microros_ws/firmware/dev_ws/install/ament_cmake/share/ament_cmake/cmake)
-- Found Python3: /usr/bin/python3.8 (found version "3.8.10") found components: Interpreter 
-- Found rmw_implementation_cmake: 6.1.1 (/home/neu/Desktop/microros_ws/firmware/mcu_ws/install/rmw_implementation_cmake/share/rmw_implementation_cmake/cmake)
-- Found rmw_microxrcedds: 3.0.2 (/home/neu/Desktop/microros_ws/firmware/mcu_ws/install/rmw_microxrcedds/share/rmw_microxrcedds/cmake)
CMake Warning at /home/neu/Desktop/microros_ws/firmware/mcu_ws/install/rcutils/share/rcutils/cmake/ament_cmake_export_libraries-extras.cmake:116 (message):
  Package 'rcutils' exports library 'dl' which couldn't be found
Call Stack (most recent call first):
  /home/neu/Desktop/microros_ws/firmware/mcu_ws/install/rcutils/share/rcutils/cmake/rcutilsConfig.cmake:41 (include)
  /home/neu/Desktop/microros_ws/firmware/mcu_ws/install/rmw_microxrcedds/share/rmw_microxrcedds/cmake/ament_cmake_export_dependencies-extras.cmake:21 (find_package)
  /home/neu/Desktop/microros_ws/firmware/mcu_ws/install/rmw_microxrcedds/share/rmw_microxrcedds/cmake/rmw_microxrceddsConfig.cmake:41 (include)
  /home/neu/Desktop/microros_ws/firmware/mcu_ws/install/rmw_implementation_cmake/share/rmw_implementation_cmake/cmake/get_default_rmw_implementation.cmake:64 (find_package)
  CMakeLists.txt:22 (get_default_rmw_implementation)


-- Found rosidl_adapter: 3.1.5 (/home/neu/Desktop/microros_ws/firmware/mcu_ws/install/rosidl_adapter/share/rosidl_adapter/cmake)
-- 
-- Default rmw implementation: 'rmw_microxrcedds'
-- 
-- Runtime selection of RMW disabled; Only using 'rmw_microxrcedds'
-- Configuring done
-- Generating done
-- Build files have been written to: /home/neu/Desktop/microros_ws/firmware/mcu_ws/build/rmw_implementation
make[1]: Entering directory '/home/neu/Desktop/microros_ws/firmware/mcu_ws/build/rmw_implementation'
/usr/bin/cmake -S/home/neu/Desktop/microros_ws/firmware/mcu_ws/ros2/rmw_implementation/rmw_implementation -B/home/neu/Desktop/microros_ws/firmware/mcu_ws/build/rmw_implementation --check-build-system CMakeFiles/Makefile.cmake 0
/usr/bin/cmake -E cmake_progress_start /home/neu/Desktop/microros_ws/firmware/mcu_ws/build/rmw_implementation/CMakeFiles /home/neu/Desktop/microros_ws/firmware/mcu_ws/build/rmw_implementation/CMakeFiles/progress.marks
/usr/bin/make -f CMakeFiles/Makefile2 all
make[2]: Entering directory '/home/neu/Desktop/microros_ws/firmware/mcu_ws/build/rmw_implementation'
make[2]: Nothing to be done for 'all'.
make[2]: Leaving directory '/home/neu/Desktop/microros_ws/firmware/mcu_ws/build/rmw_implementation'
/usr/bin/cmake -E cmake_progress_start /home/neu/Desktop/microros_ws/firmware/mcu_ws/build/rmw_implementation/CMakeFiles 0
make[1]: Leaving directory '/home/neu/Desktop/microros_ws/firmware/mcu_ws/build/rmw_implementation'
-- Install configuration: "Debug"
-- Installing: /home/neu/Desktop/microros_ws/firmware/mcu_ws/install/rmw_implementation/share/ament_index/resource_index/rmw_typesupport_c/rmw_implementation
-- Installing: /home/neu/Desktop/microros_ws/firmware/mcu_ws/install/rmw_implementation/share/ament_index/resource_index/rmw_typesupport_cpp/rmw_implementation
-- Installing: /home/neu/Desktop/microros_ws/firmware/mcu_ws/install/rmw_implementation/share/ament_index/resource_index/rmw_typesupport/rmw_implementation
-- Installing: /home/neu/Desktop/microros_ws/firmware/mcu_ws/install/rmw_implementation/share/ament_index/resource_index/package_run_dependencies/rmw_implementation
-- Installing: /home/neu/Desktop/microros_ws/firmware/mcu_ws/install/rmw_implementation/share/ament_index/resource_index/parent_prefix_path/rmw_implementation
-- Installing: /home/neu/Desktop/microros_ws/firmware/mcu_ws/install/rmw_implementation/share/rmw_implementation/environment/ament_prefix_path.sh
-- Installing: /home/neu/Desktop/microros_ws/firmware/mcu_ws/install/rmw_implementation/share/rmw_implementation/environment/ament_prefix_path.dsv
-- Installing: /home/neu/Desktop/microros_ws/firmware/mcu_ws/install/rmw_implementation/share/rmw_implementation/environment/path.sh
-- Installing: /home/neu/Desktop/microros_ws/firmware/mcu_ws/install/rmw_implementation/share/rmw_implementation/environment/path.dsv
-- Installing: /home/neu/Desktop/microros_ws/firmware/mcu_ws/install/rmw_implementation/share/rmw_implementation/local_setup.bash
-- Installing: /home/neu/Desktop/microros_ws/firmware/mcu_ws/install/rmw_implementation/share/rmw_implementation/local_setup.sh
-- Installing: /home/neu/Desktop/microros_ws/firmware/mcu_ws/install/rmw_implementation/share/rmw_implementation/local_setup.zsh
-- Installing: /home/neu/Desktop/microros_ws/firmware/mcu_ws/install/rmw_implementation/share/rmw_implementation/local_setup.dsv
-- Installing: /home/neu/Desktop/microros_ws/firmware/mcu_ws/install/rmw_implementation/share/rmw_implementation/package.dsv
-- Installing: /home/neu/Desktop/microros_ws/firmware/mcu_ws/install/rmw_implementation/share/ament_index/resource_index/packages/rmw_implementation
-- Installing: /home/neu/Desktop/microros_ws/firmware/mcu_ws/install/rmw_implementation/share/rmw_implementation/cmake/rmw_implementation-extras.cmake
-- Installing: /home/neu/Desktop/microros_ws/firmware/mcu_ws/install/rmw_implementation/share/rmw_implementation/cmake/rmw_implementationConfig.cmake
-- Installing: /home/neu/Desktop/microros_ws/firmware/mcu_ws/install/rmw_implementation/share/rmw_implementation/cmake/rmw_implementationConfig-version.cmake
-- Installing: /home/neu/Desktop/microros_ws/firmware/mcu_ws/install/rmw_implementation/share/rmw_implementation/package.xml
