Not searching for unused variables given on the command line.
-- Found ament_cmake: 1.3.5 (/home/neu/Desktop/microros_ws/firmware/dev_ws/install/ament_cmake/share/ament_cmake/cmake)
-- Found Python3: /usr/bin/python3.8 (found version "3.8.10") found components: Interpreter 
-- Configuring done
-- Generating done
-- Build files have been written to: /home/neu/Desktop/microros_ws/firmware/mcu_ws/build/common_interfaces
make[1]: Entering directory '/home/neu/Desktop/microros_ws/firmware/mcu_ws/build/common_interfaces'
/usr/bin/cmake -S/home/neu/Desktop/microros_ws/firmware/mcu_ws/ros2/common_interfaces/common_interfaces -B/home/neu/Desktop/microros_ws/firmware/mcu_ws/build/common_interfaces --check-build-system CMakeFiles/Makefile.cmake 0
/usr/bin/cmake -E cmake_progress_start /home/neu/Desktop/microros_ws/firmware/mcu_ws/build/common_interfaces/CMakeFiles /home/neu/Desktop/microros_ws/firmware/mcu_ws/build/common_interfaces/CMakeFiles/progress.marks
/usr/bin/make -f CMakeFiles/Makefile2 all
make[2]: Entering directory '/home/neu/Desktop/microros_ws/firmware/mcu_ws/build/common_interfaces'
make[2]: Nothing to be done for 'all'.
make[2]: Leaving directory '/home/neu/Desktop/microros_ws/firmware/mcu_ws/build/common_interfaces'
/usr/bin/cmake -E cmake_progress_start /home/neu/Desktop/microros_ws/firmware/mcu_ws/build/common_interfaces/CMakeFiles 0
make[1]: Leaving directory '/home/neu/Desktop/microros_ws/firmware/mcu_ws/build/common_interfaces'
-- Install configuration: "Debug"
-- Installing: /home/neu/Desktop/microros_ws/firmware/mcu_ws/install/common_interfaces/share/ament_index/resource_index/package_run_dependencies/common_interfaces
-- Installing: /home/neu/Desktop/microros_ws/firmware/mcu_ws/install/common_interfaces/share/ament_index/resource_index/parent_prefix_path/common_interfaces
-- Installing: /home/neu/Desktop/microros_ws/firmware/mcu_ws/install/common_interfaces/share/common_interfaces/environment/ament_prefix_path.sh
-- Installing: /home/neu/Desktop/microros_ws/firmware/mcu_ws/install/common_interfaces/share/common_interfaces/environment/ament_prefix_path.dsv
-- Installing: /home/neu/Desktop/microros_ws/firmware/mcu_ws/install/common_interfaces/share/common_interfaces/environment/path.sh
-- Installing: /home/neu/Desktop/microros_ws/firmware/mcu_ws/install/common_interfaces/share/common_interfaces/environment/path.dsv
-- Installing: /home/neu/Desktop/microros_ws/firmware/mcu_ws/install/common_interfaces/share/common_interfaces/local_setup.bash
-- Installing: /home/neu/Desktop/microros_ws/firmware/mcu_ws/install/common_interfaces/share/common_interfaces/local_setup.sh
-- Installing: /home/neu/Desktop/microros_ws/firmware/mcu_ws/install/common_interfaces/share/common_interfaces/local_setup.zsh
-- Installing: /home/neu/Desktop/microros_ws/firmware/mcu_ws/install/common_interfaces/share/common_interfaces/local_setup.dsv
-- Installing: /home/neu/Desktop/microros_ws/firmware/mcu_ws/install/common_interfaces/share/common_interfaces/package.dsv
-- Installing: /home/neu/Desktop/microros_ws/firmware/mcu_ws/install/common_interfaces/share/ament_index/resource_index/packages/common_interfaces
-- Installing: /home/neu/Desktop/microros_ws/firmware/mcu_ws/install/common_interfaces/share/common_interfaces/cmake/common_interfacesConfig.cmake
-- Installing: /home/neu/Desktop/microros_ws/firmware/mcu_ws/install/common_interfaces/share/common_interfaces/cmake/common_interfacesConfig-version.cmake
-- Installing: /home/neu/Desktop/microros_ws/firmware/mcu_ws/install/common_interfaces/share/common_interfaces/package.xml
