[01m[K/home/neu/Desktop/microros_ws/firmware/mcu_ws/eProsima/Micro-XRCE-DDS-Client/src/c/util/time.c:[m[K In function '[01m[Kuxr_nanos[m[K':
[01m[K/home/neu/Desktop/microros_ws/firmware/mcu_ws/eProsima/Micro-XRCE-DDS-Client/src/c/util/time.c:60:5:[m[K [01;35m[Kwarning: [m[Kimplicit declaration of function '[01m[Kclock_gettime[m[K'; did you mean '[01m[Klocaltime[m[K'? [[01;35m[K-Wimplicit-function-declaration[m[K]
     [01;35m[Kclock_gettime[m[K(CLOCK_REALTIME, &ts);
     [01;35m[K^~~~~~~~~~~~~[m[K
     [32m[Klocaltime[m[K
[01m[K/home/neu/Desktop/microros_ws/firmware/mcu_ws/eProsima/Micro-XRCE-DDS-Client/src/c/core/session/session.c:[m[K In function '[01m[Klisten_message[m[K':
[01m[K/home/neu/Desktop/microros_ws/firmware/mcu_ws/eProsima/Micro-XRCE-DDS-Client/src/c/core/session/session.c:731:22:[m[K [01;35m[Kwarning: [m[Kimplicit declaration of function '[01m[KxTaskGetTickCount[m[K' [[01;35m[K-Wimplicit-function-declaration[m[K]
     uint32_t start = [01;35m[KxTaskGetTickCount[m[K();
                      [01;35m[K^~~~~~~~~~~~~~~~~[m[K
[01m[K/home/neu/Desktop/microros_ws/firmware/mcu_ws/eProsima/Micro-XRCE-DDS-Client/src/c/core/session/session.c:731:22:[m[K [01;35m[Kwarning: [m[Kconversion to '[01m[Kuint32_t[m[K' {aka '[01m[Klong unsigned int[m[K'} from '[01m[Kint[m[K' may change the sign of the result [[01;35m[K-Wsign-conversion[m[K]
[01m[K/home/neu/Desktop/microros_ws/firmware/mcu_ws/eProsima/Micro-XRCE-DDS-Client/src/c/core/session/session.c:739:24:[m[K [01;35m[Kwarning: [m[Kconversion to '[01m[Kuint32_t[m[K' {aka '[01m[Klong unsigned int[m[K'} from '[01m[Kint[m[K' may change the sign of the result [[01;35m[K-Wsign-conversion[m[K]
         uint32_t end = [01;35m[KxTaskGetTickCount[m[K();
                        [01;35m[K^~~~~~~~~~~~~~~~~[m[K
[01m[K/home/neu/Desktop/microros_ws/firmware/mcu_ws/eProsima/Micro-XRCE-DDS-Client/src/c/core/session/session.c:739:18:[m[K [01;35m[Kwarning: [m[Kunused variable '[01m[Kend[m[K' [[01;35m[K-Wunused-variable[m[K]
         uint32_t [01;35m[Kend[m[K = xTaskGetTickCount();
                  [01;35m[K^~~[m[K
[01m[K/home/neu/Desktop/microros_ws/firmware/mcu_ws/eProsima/Micro-XRCE-DDS-Client/src/c/core/session/session.c:731:14:[m[K [01;35m[Kwarning: [m[Kunused variable '[01m[Kstart[m[K' [[01;35m[K-Wunused-variable[m[K]
     uint32_t [01;35m[Kstart[m[K = xTaskGetTickCount();
              [01;35m[K^~~~~[m[K
At top level:
[01m[K/home/neu/Desktop/microros_ws/firmware/mcu_ws/eProsima/Micro-XRCE-DDS-Client/src/c/core/session/session.c:1007:6:[m[K [01;35m[Kwarning: [m[K'[01m[Kread_message_new[m[K' defined but not used [[01;35m[K-Wunused-function[m[K]
 void [01;35m[Kread_message_new[m[K(
      [01;35m[K^~~~~~~~~~~~~~~~[m[K
[01m[K/home/neu/Desktop/microros_ws/firmware/mcu_ws/eProsima/Micro-XRCE-DDS-Client/src/c/profile/transport/stream_framing/stream_framing_protocol.c:[m[K In function '[01m[Kuxr_get_next_octet[m[K':
[01m[K/home/neu/Desktop/microros_ws/firmware/mcu_ws/eProsima/Micro-XRCE-DDS-Client/src/c/profile/transport/stream_framing/stream_framing_protocol.c:103:35:[m[K [01;35m[Kwarning: [m[Kconversion to '[01m[Kint[m[K' from '[01m[Kunsigned int[m[K' may change the sign of the result [[01;35m[K-Wsign-conversion[m[K]
             framing_io->rb_tail = [01;35m[K([m[K(size_t)(framing_io->rb_tail + 1) % sizeof(framing_io->rb));
                                   [01;35m[K^[m[K
[01m[K/home/neu/Desktop/microros_ws/firmware/mcu_ws/eProsima/Micro-XRCE-DDS-Client/src/c/profile/transport/stream_framing/stream_framing_protocol.c:108:33:[m[K [01;35m[Kwarning: [m[Kconversion from '[01m[Kunsigned int[m[K' to '[01m[Kuint8_t[m[K' {aka '[01m[Kunsigned char[m[K'} may change value [[01;35m[K-Wconversion[m[K]
             uint8_t temp_tail = [01;35m[K([m[K(size_t)(framing_io->rb_tail + 1) % sizeof(framing_io->rb));
                                 [01;35m[K^[m[K
[01m[K/home/neu/Desktop/microros_ws/firmware/mcu_ws/eProsima/Micro-XRCE-DDS-Client/src/c/profile/transport/stream_framing/stream_framing_protocol.c:112:39:[m[K [01;35m[Kwarning: [m[Kconversion to '[01m[Kint[m[K' from '[01m[Kunsigned int[m[K' may change the sign of the result [[01;35m[K-Wsign-conversion[m[K]
                 framing_io->rb_tail = [01;35m[K([m[K(size_t)(framing_io->rb_tail + 2) % sizeof(framing_io->rb));
                                       [01;35m[K^[m[K
[01m[K/home/neu/Desktop/microros_ws/firmware/mcu_ws/eProsima/Micro-XRCE-DDS-Client/src/c/profile/transport/stream_framing/stream_framing_protocol.c:[m[K In function '[01m[Kuxr_get_next_octet_new[m[K':
[01m[K/home/neu/Desktop/microros_ws/firmware/mcu_ws/eProsima/Micro-XRCE-DDS-Client/src/c/profile/transport/stream_framing/stream_framing_protocol.c:133:31:[m[K [01;35m[Kwarning: [m[Kconversion to '[01m[Kint[m[K' from '[01m[Kunsigned int[m[K' may change the sign of the result [[01;35m[K-Wsign-conversion[m[K]
         framing_io->rb_tail = [01;35m[K([m[K(size_t)(framing_io->rb_tail + 1) % sizeof(framing_io->rb));
                               [01;35m[K^[m[K
[01m[K/home/neu/Desktop/microros_ws/firmware/mcu_ws/eProsima/Micro-XRCE-DDS-Client/src/c/profile/transport/stream_framing/stream_framing_protocol.c:[m[K In function '[01m[Kuxr_framing_read_transport[m[K':
[01m[K/home/neu/Desktop/microros_ws/firmware/mcu_ws/eProsima/Micro-XRCE-DDS-Client/src/c/profile/transport/stream_framing/stream_framing_protocol.c:716:21:[m[K [01;35m[Kwarning: [m[Kconversion from '[01m[Kunsigned int[m[K' to '[01m[Kuint8_t[m[K' {aka '[01m[Kunsigned char[m[K'} changes value from '[01m[K1199[m[K' to '[01m[K175[m[K' [[01;35m[K-Woverflow[m[K]
         av_len[0] = [01;35m[Ksizeof[m[K(framing_io->rb) - 1;
                     [01;35m[K^~~~~~[m[K
[01m[K/home/neu/Desktop/microros_ws/firmware/mcu_ws/eProsima/Micro-XRCE-DDS-Client/src/c/profile/transport/stream_framing/stream_framing_protocol.c:722:58:[m[K [01;35m[Kwarning: [m[Kconversion to '[01m[Kunsigned int[m[K' from '[01m[Kint[m[K' may change the sign of the result [[01;35m[K-Wsign-conversion[m[K]
             av_len[0] = (uint8_t)(sizeof(framing_io->rb) [01;35m[K-[m[K framing_io->rb_head);
                                                          [01;35m[K^[m[K
[01m[K/home/neu/Desktop/microros_ws/firmware/mcu_ws/eProsima/Micro-XRCE-DDS-Client/src/c/profile/transport/stream_framing/stream_framing_protocol.c:727:58:[m[K [01;35m[Kwarning: [m[Kconversion to '[01m[Kunsigned int[m[K' from '[01m[Kint[m[K' may change the sign of the result [[01;35m[K-Wsign-conversion[m[K]
             av_len[0] = (uint8_t)(sizeof(framing_io->rb) [01;35m[K-[m[K framing_io->rb_head - 1);
                                                          [01;35m[K^[m[K
[01m[K/home/neu/Desktop/microros_ws/firmware/mcu_ws/eProsima/Micro-XRCE-DDS-Client/src/c/profile/transport/stream_framing/stream_framing_protocol.c:753:70:[m[K [01;35m[Kwarning: [m[Kconversion to '[01m[Ksize_t[m[K' {aka '[01m[Kunsigned int[m[K'} from '[01m[Kint[m[K' may change the sign of the result [[01;35m[K-Wsign-conversion[m[K]
         framing_io->rb_head = (uint8_t)((size_t)(framing_io->rb_head [01;35m[K+[m[K bytes_read[0]) % sizeof(framing_io->rb));
                                                                      [01;35m[K^[m[K
[01m[K/home/neu/Desktop/microros_ws/firmware/mcu_ws/eProsima/Micro-XRCE-DDS-Client/src/c/profile/transport/stream_framing/stream_framing_protocol.c:759:78:[m[K [01;35m[Kwarning: [m[Kconversion to '[01m[Ksize_t[m[K' {aka '[01m[Kunsigned int[m[K'} from '[01m[Kint[m[K' may change the sign of the result [[01;35m[K-Wsign-conversion[m[K]
                 framing_io->rb_head = (uint8_t)((size_t)(framing_io->rb_head [01;35m[K+[m[K bytes_read[1]) % sizeof(framing_io->rb));
                                                                              [01;35m[K^[m[K
[01m[K/home/neu/Desktop/microros_ws/firmware/mcu_ws/eProsima/Micro-XRCE-DDS-Client/src/c/profile/transport/stream_framing/stream_framing_protocol.c:[m[K In function '[01m[Kuxr_read_framed_msg[m[K':
[01m[K/home/neu/Desktop/microros_ws/firmware/mcu_ws/eProsima/Micro-XRCE-DDS-Client/src/c/profile/transport/stream_framing/stream_framing_protocol.c:884:33:[m[K [01;35m[Kwarning: [m[Kcomparison of integer expressions of different signedness: '[01m[Ksize_t[m[K' {aka '[01m[Kunsigned int[m[K'} and '[01m[Kint[m[K' [[01;35m[K-Wsign-compare[m[K]
                         if (len [01;35m[K<[m[K framing_io->msg_len)
                                 [01;35m[K^[m[K
[01m[K/home/neu/Desktop/microros_ws/firmware/mcu_ws/eProsima/Micro-XRCE-DDS-Client/src/c/profile/transport/stream_framing/stream_framing_protocol.c:973:34:[m[K [01;35m[Kwarning: [m[Kconversion to '[01m[Ksize_t[m[K' {aka '[01m[Kunsigned int[m[K'} from '[01m[Kint[m[K' may change the sign of the result [[01;35m[K-Wsign-conversion[m[K]
                             rv = [01;35m[Kframing_io[m[K->msg_len;
                                  [01;35m[K^~~~~~~~~~[m[K
[01m[K/home/neu/Desktop/microros_ws/firmware/mcu_ws/eProsima/Micro-XRCE-DDS-Client/src/c/profile/transport/custom/custom_transport.c:116:13:[m[K [01;35m[Kwarning: [m[K'[01m[Krecv_custom_msg_new[m[K' defined but not used [[01;35m[K-Wunused-function[m[K]
 static bool [01;35m[Krecv_custom_msg_new[m[K(
             [01;35m[K^~~~~~~~~~~~~~~~~~~[m[K
