[0.772s] Invoking command in '/home/neu/Desktop/microros_ws/firmware/mcu_ws/uros/tracetools/tracetools_launch': AMENT_PREFIX_PATH=/home/neu/Desktop/microros_ws/firmware/mcu_ws/install/tracetools_trace:${AMENT_PREFIX_PATH} PYTHONPATH=/home/neu/Desktop/microros_ws/firmware/mcu_ws/build/tracetools_launch/prefix_override:/home/neu/Desktop/microros_ws/firmware/mcu_ws/install/tracetools_launch/lib/python3.8/site-packages:/home/neu/Desktop/microros_ws/firmware/mcu_ws/install/tracetools_trace/lib/python3.8/site-packages:${PYTHONPATH} /usr/bin/python3 setup.py egg_info --egg-base ../../../build/tracetools_launch build --build-base /home/neu/Desktop/microros_ws/firmware/mcu_ws/build/tracetools_launch/build install --record /home/neu/Desktop/microros_ws/firmware/mcu_ws/build/tracetools_launch/install.log --single-version-externally-managed
[0.954s] running egg_info
[0.954s] creating ../../../build/tracetools_launch/tracetools_launch.egg-info
[0.954s] writing ../../../build/tracetools_launch/tracetools_launch.egg-info/PKG-INFO
[0.955s] writing dependency_links to ../../../build/tracetools_launch/tracetools_launch.egg-info/dependency_links.txt
[0.955s] writing entry points to ../../../build/tracetools_launch/tracetools_launch.egg-info/entry_points.txt
[0.955s] writing requirements to ../../../build/tracetools_launch/tracetools_launch.egg-info/requires.txt
[0.955s] writing top-level names to ../../../build/tracetools_launch/tracetools_launch.egg-info/top_level.txt
[0.955s] writing manifest file '../../../build/tracetools_launch/tracetools_launch.egg-info/SOURCES.txt'
[0.992s] reading manifest file '../../../build/tracetools_launch/tracetools_launch.egg-info/SOURCES.txt'
[0.992s] writing manifest file '../../../build/tracetools_launch/tracetools_launch.egg-info/SOURCES.txt'
[0.992s] running build
[0.992s] running build_py
[0.992s] creating /home/neu/Desktop/microros_ws/firmware/mcu_ws/build/tracetools_launch/build
[0.992s] creating /home/neu/Desktop/microros_ws/firmware/mcu_ws/build/tracetools_launch/build/lib
[0.992s] creating /home/neu/Desktop/microros_ws/firmware/mcu_ws/build/tracetools_launch/build/lib/tracetools_launch
[0.993s] copying tracetools_launch/__init__.py -> /home/neu/Desktop/microros_ws/firmware/mcu_ws/build/tracetools_launch/build/lib/tracetools_launch
[0.993s] copying tracetools_launch/action.py -> /home/neu/Desktop/microros_ws/firmware/mcu_ws/build/tracetools_launch/build/lib/tracetools_launch
[0.993s] creating /home/neu/Desktop/microros_ws/firmware/mcu_ws/build/tracetools_launch/build/lib/tracetools_launch/actions
[0.993s] copying tracetools_launch/actions/__init__.py -> /home/neu/Desktop/microros_ws/firmware/mcu_ws/build/tracetools_launch/build/lib/tracetools_launch/actions
[0.993s] copying tracetools_launch/actions/ld_preload.py -> /home/neu/Desktop/microros_ws/firmware/mcu_ws/build/tracetools_launch/build/lib/tracetools_launch/actions
[0.993s] running install
[0.997s] running install_lib
[0.997s] creating /home/neu/Desktop/microros_ws/firmware/mcu_ws/install/tracetools_launch/lib/python3.8/site-packages/tracetools_launch
[0.998s] copying /home/neu/Desktop/microros_ws/firmware/mcu_ws/build/tracetools_launch/build/lib/tracetools_launch/__init__.py -> /home/neu/Desktop/microros_ws/firmware/mcu_ws/install/tracetools_launch/lib/python3.8/site-packages/tracetools_launch
[0.998s] creating /home/neu/Desktop/microros_ws/firmware/mcu_ws/install/tracetools_launch/lib/python3.8/site-packages/tracetools_launch/actions
[0.998s] copying /home/neu/Desktop/microros_ws/firmware/mcu_ws/build/tracetools_launch/build/lib/tracetools_launch/actions/__init__.py -> /home/neu/Desktop/microros_ws/firmware/mcu_ws/install/tracetools_launch/lib/python3.8/site-packages/tracetools_launch/actions
[0.998s] copying /home/neu/Desktop/microros_ws/firmware/mcu_ws/build/tracetools_launch/build/lib/tracetools_launch/actions/ld_preload.py -> /home/neu/Desktop/microros_ws/firmware/mcu_ws/install/tracetools_launch/lib/python3.8/site-packages/tracetools_launch/actions
[0.998s] copying /home/neu/Desktop/microros_ws/firmware/mcu_ws/build/tracetools_launch/build/lib/tracetools_launch/action.py -> /home/neu/Desktop/microros_ws/firmware/mcu_ws/install/tracetools_launch/lib/python3.8/site-packages/tracetools_launch
[0.998s] byte-compiling /home/neu/Desktop/microros_ws/firmware/mcu_ws/install/tracetools_launch/lib/python3.8/site-packages/tracetools_launch/__init__.py to __init__.cpython-38.pyc
[0.998s] byte-compiling /home/neu/Desktop/microros_ws/firmware/mcu_ws/install/tracetools_launch/lib/python3.8/site-packages/tracetools_launch/actions/__init__.py to __init__.cpython-38.pyc
[0.998s] byte-compiling /home/neu/Desktop/microros_ws/firmware/mcu_ws/install/tracetools_launch/lib/python3.8/site-packages/tracetools_launch/actions/ld_preload.py to ld_preload.cpython-38.pyc
[0.998s] byte-compiling /home/neu/Desktop/microros_ws/firmware/mcu_ws/install/tracetools_launch/lib/python3.8/site-packages/tracetools_launch/action.py to action.cpython-38.pyc
[1.003s] running install_data
[1.003s] copying package.xml -> /home/neu/Desktop/microros_ws/firmware/mcu_ws/install/tracetools_launch/share/tracetools_launch
[1.003s] creating /home/neu/Desktop/microros_ws/firmware/mcu_ws/install/tracetools_launch/share/tracetools_launch/launch
[1.003s] copying launch/example.launch.yaml -> /home/neu/Desktop/microros_ws/firmware/mcu_ws/install/tracetools_launch/share/tracetools_launch/launch
[1.003s] copying launch/example.launch.xml -> /home/neu/Desktop/microros_ws/firmware/mcu_ws/install/tracetools_launch/share/tracetools_launch/launch
[1.003s] copying launch/example.launch.py -> /home/neu/Desktop/microros_ws/firmware/mcu_ws/install/tracetools_launch/share/tracetools_launch/launch
[1.003s] creating /home/neu/Desktop/microros_ws/firmware/mcu_ws/install/tracetools_launch/share/ament_index
[1.003s] creating /home/neu/Desktop/microros_ws/firmware/mcu_ws/install/tracetools_launch/share/ament_index/resource_index
[1.003s] creating /home/neu/Desktop/microros_ws/firmware/mcu_ws/install/tracetools_launch/share/ament_index/resource_index/packages
[1.003s] copying resource/tracetools_launch -> /home/neu/Desktop/microros_ws/firmware/mcu_ws/install/tracetools_launch/share/ament_index/resource_index/packages
[1.003s] running install_egg_info
[1.003s] Copying ../../../build/tracetools_launch/tracetools_launch.egg-info to /home/neu/Desktop/microros_ws/firmware/mcu_ws/install/tracetools_launch/lib/python3.8/site-packages/tracetools_launch-4.1.1-py3.8.egg-info
[1.004s] running install_scripts
[1.022s] writing list of installed files to '/home/neu/Desktop/microros_ws/firmware/mcu_ws/build/tracetools_launch/install.log'
[1.056s] Invoked command in '/home/neu/Desktop/microros_ws/firmware/mcu_ws/uros/tracetools/tracetools_launch' returned '0': AMENT_PREFIX_PATH=/home/neu/Desktop/microros_ws/firmware/mcu_ws/install/tracetools_trace:${AMENT_PREFIX_PATH} PYTHONPATH=/home/neu/Desktop/microros_ws/firmware/mcu_ws/build/tracetools_launch/prefix_override:/home/neu/Desktop/microros_ws/firmware/mcu_ws/install/tracetools_launch/lib/python3.8/site-packages:/home/neu/Desktop/microros_ws/firmware/mcu_ws/install/tracetools_trace/lib/python3.8/site-packages:${PYTHONPATH} /usr/bin/python3 setup.py egg_info --egg-base ../../../build/tracetools_launch build --build-base /home/neu/Desktop/microros_ws/firmware/mcu_ws/build/tracetools_launch/build install --record /home/neu/Desktop/microros_ws/firmware/mcu_ws/build/tracetools_launch/install.log --single-version-externally-managed
