Not searching for unused variables given on the command line.
-- Found ament_cmake: 1.3.5 (/home/neu/Desktop/microros_ws/firmware/dev_ws/install/ament_cmake/share/ament_cmake/cmake)
-- Found Python3: /usr/bin/python3.8 (found version "3.8.10") found components: Interpreter 
-- Configuring done
-- Generating done
-- Build files have been written to: /home/neu/Desktop/microros_ws/firmware/mcu_ws/build/rosidl_default_generators
make[1]: Entering directory '/home/neu/Desktop/microros_ws/firmware/mcu_ws/build/rosidl_default_generators'
/usr/bin/cmake -S/home/neu/Desktop/microros_ws/firmware/mcu_ws/ros2/rosidl_defaults/rosidl_default_generators -B/home/neu/Desktop/microros_ws/firmware/mcu_ws/build/rosidl_default_generators --check-build-system CMakeFiles/Makefile.cmake 0
/usr/bin/cmake -E cmake_progress_start /home/neu/Desktop/microros_ws/firmware/mcu_ws/build/rosidl_default_generators/CMakeFiles /home/neu/Desktop/microros_ws/firmware/mcu_ws/build/rosidl_default_generators/CMakeFiles/progress.marks
/usr/bin/make -f CMakeFiles/Makefile2 all
make[2]: Entering directory '/home/neu/Desktop/microros_ws/firmware/mcu_ws/build/rosidl_default_generators'
make[2]: Nothing to be done for 'all'.
make[2]: Leaving directory '/home/neu/Desktop/microros_ws/firmware/mcu_ws/build/rosidl_default_generators'
/usr/bin/cmake -E cmake_progress_start /home/neu/Desktop/microros_ws/firmware/mcu_ws/build/rosidl_default_generators/CMakeFiles 0
make[1]: Leaving directory '/home/neu/Desktop/microros_ws/firmware/mcu_ws/build/rosidl_default_generators'
-- Install configuration: "Debug"
-- Installing: /home/neu/Desktop/microros_ws/firmware/mcu_ws/install/rosidl_default_generators/share/ament_index/resource_index/package_run_dependencies/rosidl_default_generators
-- Installing: /home/neu/Desktop/microros_ws/firmware/mcu_ws/install/rosidl_default_generators/share/ament_index/resource_index/parent_prefix_path/rosidl_default_generators
-- Installing: /home/neu/Desktop/microros_ws/firmware/mcu_ws/install/rosidl_default_generators/share/rosidl_default_generators/environment/ament_prefix_path.sh
-- Installing: /home/neu/Desktop/microros_ws/firmware/mcu_ws/install/rosidl_default_generators/share/rosidl_default_generators/environment/ament_prefix_path.dsv
-- Installing: /home/neu/Desktop/microros_ws/firmware/mcu_ws/install/rosidl_default_generators/share/rosidl_default_generators/environment/path.sh
-- Installing: /home/neu/Desktop/microros_ws/firmware/mcu_ws/install/rosidl_default_generators/share/rosidl_default_generators/environment/path.dsv
-- Installing: /home/neu/Desktop/microros_ws/firmware/mcu_ws/install/rosidl_default_generators/share/rosidl_default_generators/local_setup.bash
-- Installing: /home/neu/Desktop/microros_ws/firmware/mcu_ws/install/rosidl_default_generators/share/rosidl_default_generators/local_setup.sh
-- Installing: /home/neu/Desktop/microros_ws/firmware/mcu_ws/install/rosidl_default_generators/share/rosidl_default_generators/local_setup.zsh
-- Installing: /home/neu/Desktop/microros_ws/firmware/mcu_ws/install/rosidl_default_generators/share/rosidl_default_generators/local_setup.dsv
-- Installing: /home/neu/Desktop/microros_ws/firmware/mcu_ws/install/rosidl_default_generators/share/rosidl_default_generators/package.dsv
-- Installing: /home/neu/Desktop/microros_ws/firmware/mcu_ws/install/rosidl_default_generators/share/ament_index/resource_index/packages/rosidl_default_generators
-- Installing: /home/neu/Desktop/microros_ws/firmware/mcu_ws/install/rosidl_default_generators/share/rosidl_default_generators/cmake/rosidl_default_generators-extras.cmake
-- Installing: /home/neu/Desktop/microros_ws/firmware/mcu_ws/install/rosidl_default_generators/share/rosidl_default_generators/cmake/ament_cmake_export_dependencies-extras.cmake
-- Installing: /home/neu/Desktop/microros_ws/firmware/mcu_ws/install/rosidl_default_generators/share/rosidl_default_generators/cmake/rosidl_default_generatorsConfig.cmake
-- Installing: /home/neu/Desktop/microros_ws/firmware/mcu_ws/install/rosidl_default_generators/share/rosidl_default_generators/cmake/rosidl_default_generatorsConfig-version.cmake
-- Installing: /home/neu/Desktop/microros_ws/firmware/mcu_ws/install/rosidl_default_generators/share/rosidl_default_generators/package.xml
