[0.509s] Invoking command in '/home/neu/Desktop/microros_ws/firmware/mcu_ws/build/microcdr': /usr/bin/cmake /home/neu/Desktop/microros_ws/firmware/mcu_ws/eProsima/Micro-CDR --no-warn-unused-cli -DCMAKE_POSITION_INDEPENDENT_CODE=OFF -DTHIRDPARTY=ON -DBUILD_SHARED_LIBS=OFF -DBUILD_TESTING=OFF -DCMAKE_BUILD_TYPE=Debug -DCMAKE_TOOLCHAIN_FILE=/home/neu/Desktop/microros_ws/firmware/freertos_apps/microros_nucleo_f446ze_extensions/arm_toolchain.cmake -DCMAKE_VERBOSE_MAKEFILE=ON -DUCDR_ISOLATED_INSTALL=OFF -DCMAKE_INSTALL_PREFIX=/home/neu/Desktop/microros_ws/firmware/mcu_ws/install/microcdr
[1.473s] Not searching for unused variables given on the command line.
[1.473s] -- The C compiler identification is GNU 8.3.1
[1.473s] -- Check for working C compiler: /home/neu/Desktop/microros_ws/firmware/freertos_apps/microros_nucleo_f446ze_extensions/../../toolchain/bin/arm-none-eabi-gcc
[1.474s] -- Check for working C compiler: /home/neu/Desktop/microros_ws/firmware/freertos_apps/microros_nucleo_f446ze_extensions/../../toolchain/bin/arm-none-eabi-gcc -- works
[1.474s] -- Detecting C compiler ABI info
[1.474s] -- Detecting C compiler ABI info - done
[1.474s] -- Detecting C compile features
[1.474s] -- Detecting C compile features - done
[1.474s] -- The CXX compiler identification is GNU 8.3.1
[1.474s] -- Check for working CXX compiler: /home/neu/Desktop/microros_ws/firmware/freertos_apps/microros_nucleo_f446ze_extensions/../../toolchain/bin/arm-none-eabi-g++
[1.474s] -- Check for working CXX compiler: /home/neu/Desktop/microros_ws/firmware/freertos_apps/microros_nucleo_f446ze_extensions/../../toolchain/bin/arm-none-eabi-g++ -- works
[1.474s] -- Detecting CXX compiler ABI info
[1.474s] -- Detecting CXX compiler ABI info - done
[1.475s] -- Detecting CXX compile features
[1.475s] -- Detecting CXX compile features - done
[1.475s] -- Configuring done
[1.475s] -- Generating done
[1.475s] -- Build files have been written to: /home/neu/Desktop/microros_ws/firmware/mcu_ws/build/microcdr
[1.494s] Invoked command in '/home/neu/Desktop/microros_ws/firmware/mcu_ws/build/microcdr' returned '0': /usr/bin/cmake /home/neu/Desktop/microros_ws/firmware/mcu_ws/eProsima/Micro-CDR --no-warn-unused-cli -DCMAKE_POSITION_INDEPENDENT_CODE=OFF -DTHIRDPARTY=ON -DBUILD_SHARED_LIBS=OFF -DBUILD_TESTING=OFF -DCMAKE_BUILD_TYPE=Debug -DCMAKE_TOOLCHAIN_FILE=/home/neu/Desktop/microros_ws/firmware/freertos_apps/microros_nucleo_f446ze_extensions/arm_toolchain.cmake -DCMAKE_VERBOSE_MAKEFILE=ON -DUCDR_ISOLATED_INSTALL=OFF -DCMAKE_INSTALL_PREFIX=/home/neu/Desktop/microros_ws/firmware/mcu_ws/install/microcdr
[1.495s] Invoking command in '/home/neu/Desktop/microros_ws/firmware/mcu_ws/build/microcdr': /usr/bin/cmake --build /home/neu/Desktop/microros_ws/firmware/mcu_ws/build/microcdr -- -j20 -l20
[1.511s] make[1]: Entering directory '/home/neu/Desktop/microros_ws/firmware/mcu_ws/build/microcdr'
[1.511s] /usr/bin/cmake -S/home/neu/Desktop/microros_ws/firmware/mcu_ws/eProsima/Micro-CDR -B/home/neu/Desktop/microros_ws/firmware/mcu_ws/build/microcdr --check-build-system CMakeFiles/Makefile.cmake 0
[1.525s] /usr/bin/cmake -E cmake_progress_start /home/neu/Desktop/microros_ws/firmware/mcu_ws/build/microcdr/CMakeFiles /home/neu/Desktop/microros_ws/firmware/mcu_ws/build/microcdr/CMakeFiles/progress.marks
[1.537s] /usr/bin/make -f CMakeFiles/Makefile2 all
[1.537s] make[2]: Entering directory '/home/neu/Desktop/microros_ws/firmware/mcu_ws/build/microcdr'
[1.537s] /usr/bin/make -f CMakeFiles/ucdr.dir/build.make CMakeFiles/ucdr.dir/depend
[1.537s] make[3]: Entering directory '/home/neu/Desktop/microros_ws/firmware/mcu_ws/build/microcdr'
[1.537s] cd /home/neu/Desktop/microros_ws/firmware/mcu_ws/build/microcdr && /usr/bin/cmake -E cmake_depends "Unix Makefiles" /home/neu/Desktop/microros_ws/firmware/mcu_ws/eProsima/Micro-CDR /home/neu/Desktop/microros_ws/firmware/mcu_ws/eProsima/Micro-CDR /home/neu/Desktop/microros_ws/firmware/mcu_ws/build/microcdr /home/neu/Desktop/microros_ws/firmware/mcu_ws/build/microcdr /home/neu/Desktop/microros_ws/firmware/mcu_ws/build/microcdr/CMakeFiles/ucdr.dir/DependInfo.cmake --color=
[1.544s] Dependee "/home/neu/Desktop/microros_ws/firmware/mcu_ws/build/microcdr/CMakeFiles/ucdr.dir/DependInfo.cmake" is newer than depender "/home/neu/Desktop/microros_ws/firmware/mcu_ws/build/microcdr/CMakeFiles/ucdr.dir/depend.internal".
[1.544s] Dependee "/home/neu/Desktop/microros_ws/firmware/mcu_ws/build/microcdr/CMakeFiles/CMakeDirectoryInformation.cmake" is newer than depender "/home/neu/Desktop/microros_ws/firmware/mcu_ws/build/microcdr/CMakeFiles/ucdr.dir/depend.internal".
[1.544s] [35m[1mScanning dependencies of target ucdr[0m
[1.545s] make[3]: Leaving directory '/home/neu/Desktop/microros_ws/firmware/mcu_ws/build/microcdr'
[1.545s] /usr/bin/make -f CMakeFiles/ucdr.dir/build.make CMakeFiles/ucdr.dir/build
[1.546s] make[3]: Entering directory '/home/neu/Desktop/microros_ws/firmware/mcu_ws/build/microcdr'
[1.554s] [ 12%] [34m[1mCreating directories for 'ucdr'[0m
[1.556s] /usr/bin/cmake -E make_directory /home/neu/Desktop/microros_ws/firmware/mcu_ws/eProsima/Micro-CDR
[1.562s] /usr/bin/cmake -E make_directory /home/neu/Desktop/microros_ws/firmware/mcu_ws/build/microcdr
[1.571s] /usr/bin/cmake -E make_directory /home/neu/Desktop/microros_ws/firmware/mcu_ws/build/microcdr/ucdr-prefix
[1.582s] /usr/bin/cmake -E make_directory /home/neu/Desktop/microros_ws/firmware/mcu_ws/build/microcdr/ucdr-prefix/tmp
[1.589s] /usr/bin/cmake -E make_directory /home/neu/Desktop/microros_ws/firmware/mcu_ws/build/microcdr/ucdr-prefix/src/ucdr-stamp
[1.597s] /usr/bin/cmake -E make_directory /home/neu/Desktop/microros_ws/firmware/mcu_ws/build/microcdr/ucdr-prefix/src
[1.603s] /usr/bin/cmake -E make_directory /home/neu/Desktop/microros_ws/firmware/mcu_ws/build/microcdr/ucdr-prefix/src/ucdr-stamp
[1.613s] /usr/bin/cmake -E touch /home/neu/Desktop/microros_ws/firmware/mcu_ws/build/microcdr/ucdr-prefix/src/ucdr-stamp/ucdr-mkdir
[1.648s] [ 25%] [34m[1mNo download step for 'ucdr'[0m
[1.648s] /usr/bin/cmake -E echo_append
[1.653s] /usr/bin/cmake -E touch /home/neu/Desktop/microros_ws/firmware/mcu_ws/build/microcdr/ucdr-prefix/src/ucdr-stamp/ucdr-download
[1.670s] [ 37%] [34m[1mNo patch step for 'ucdr'[0m
[1.670s] /usr/bin/cmake -E echo_append
[1.683s] [ 50%] [34m[1mNo update step for 'ucdr'[0m
[1.683s] /usr/bin/cmake -E echo_append
[1.683s] /usr/bin/cmake -E touch /home/neu/Desktop/microros_ws/firmware/mcu_ws/build/microcdr/ucdr-prefix/src/ucdr-stamp/ucdr-patch
[1.684s] /usr/bin/cmake -E touch /home/neu/Desktop/microros_ws/firmware/mcu_ws/build/microcdr/ucdr-prefix/src/ucdr-stamp/ucdr-update
[1.712s] [ 62%] [34m[1mPerforming configure step for 'ucdr'[0m
[1.713s] /usr/bin/cmake "-GUnix Makefiles" -C/home/neu/Desktop/microros_ws/firmware/mcu_ws/build/microcdr/ucdr-prefix/tmp/ucdr-cache-Debug.cmake /home/neu/Desktop/microros_ws/firmware/mcu_ws/eProsima/Micro-CDR
[1.713s] loading initial cache file /home/neu/Desktop/microros_ws/firmware/mcu_ws/build/microcdr/ucdr-prefix/tmp/ucdr-cache-Debug.cmake
[1.713s] Re-run cmake no build system arguments
[1.717s] -- Configuring done
[1.718s] -- Generating done
[1.718s] -- Build files have been written to: /home/neu/Desktop/microros_ws/firmware/mcu_ws/build/microcdr
[1.724s] /usr/bin/cmake -E touch /home/neu/Desktop/microros_ws/firmware/mcu_ws/build/microcdr/ucdr-prefix/src/ucdr-stamp/ucdr-configure
[1.737s] [ 75%] [34m[1mPerforming build step for 'ucdr'[0m
[1.738s] /usr/bin/make
[1.739s] make[4]: Entering directory '/home/neu/Desktop/microros_ws/firmware/mcu_ws/build/microcdr'
[1.739s] /usr/bin/cmake -S/home/neu/Desktop/microros_ws/firmware/mcu_ws/eProsima/Micro-CDR -B/home/neu/Desktop/microros_ws/firmware/mcu_ws/build/microcdr --check-build-system CMakeFiles/Makefile.cmake 0
[1.746s] /usr/bin/cmake -E cmake_progress_start /home/neu/Desktop/microros_ws/firmware/mcu_ws/build/microcdr/CMakeFiles /home/neu/Desktop/microros_ws/firmware/mcu_ws/build/microcdr/CMakeFiles/progress.marks
[1.755s] /usr/bin/make -f CMakeFiles/Makefile2 all
[1.755s] make[5]: Entering directory '/home/neu/Desktop/microros_ws/firmware/mcu_ws/build/microcdr'
[1.755s] /usr/bin/make -f CMakeFiles/microcdr.dir/build.make CMakeFiles/microcdr.dir/depend
[1.755s] make[6]: Entering directory '/home/neu/Desktop/microros_ws/firmware/mcu_ws/build/microcdr'
[1.755s] cd /home/neu/Desktop/microros_ws/firmware/mcu_ws/build/microcdr && /usr/bin/cmake -E cmake_depends "Unix Makefiles" /home/neu/Desktop/microros_ws/firmware/mcu_ws/eProsima/Micro-CDR /home/neu/Desktop/microros_ws/firmware/mcu_ws/eProsima/Micro-CDR /home/neu/Desktop/microros_ws/firmware/mcu_ws/build/microcdr /home/neu/Desktop/microros_ws/firmware/mcu_ws/build/microcdr /home/neu/Desktop/microros_ws/firmware/mcu_ws/build/microcdr/CMakeFiles/microcdr.dir/DependInfo.cmake --color=
[1.762s] Dependee "/home/neu/Desktop/microros_ws/firmware/mcu_ws/build/microcdr/CMakeFiles/microcdr.dir/DependInfo.cmake" is newer than depender "/home/neu/Desktop/microros_ws/firmware/mcu_ws/build/microcdr/CMakeFiles/microcdr.dir/depend.internal".
[1.762s] Dependee "/home/neu/Desktop/microros_ws/firmware/mcu_ws/build/microcdr/CMakeFiles/CMakeDirectoryInformation.cmake" is newer than depender "/home/neu/Desktop/microros_ws/firmware/mcu_ws/build/microcdr/CMakeFiles/microcdr.dir/depend.internal".
[1.762s] [35m[1mScanning dependencies of target microcdr[0m
[1.763s] make[6]: Leaving directory '/home/neu/Desktop/microros_ws/firmware/mcu_ws/build/microcdr'
[1.764s] /usr/bin/make -f CMakeFiles/microcdr.dir/build.make CMakeFiles/microcdr.dir/build
[1.765s] make[6]: Entering directory '/home/neu/Desktop/microros_ws/firmware/mcu_ws/build/microcdr'
[1.776s] [ 50%] [32mBuilding C object CMakeFiles/microcdr.dir/src/c/types/sequence.c.obj[0m
[1.776s] [ 50%] [32mBuilding C object CMakeFiles/microcdr.dir/src/c/types/string.c.obj[0m
[1.776s] [ 50%] [32mBuilding C object CMakeFiles/microcdr.dir/src/c/types/array.c.obj[0m
[1.776s] [ 83%] [32mBuilding C object CMakeFiles/microcdr.dir/src/c/common.c.obj[0m
[1.776s] [ 83%] [32mBuilding C object CMakeFiles/microcdr.dir/src/c/types/basic.c.obj[0m
[1.777s] /home/neu/Desktop/microros_ws/firmware/freertos_apps/microros_nucleo_f446ze_extensions/../../toolchain/bin/arm-none-eabi-gcc  -I/home/neu/Desktop/microros_ws/firmware/mcu_ws/eProsima/Micro-CDR/include -I/home/neu/Desktop/microros_ws/firmware/mcu_ws/build/microcdr/include  -std=c11 -mcpu=cortex-m4 -mthumb -mfpu=fpv4-sp-d16 -mfloat-abi=hard -DUSE_HAL_DRIVER -DSTM32F446xx -D_TIMEVAL_DEFINED -O0 -Wall -fdata-sections -ffunction-sections  -DCLOCK_MONOTONIC=0 -g -fPIC   -Wall -Wextra -Wshadow -pedantic -Wcast-align -Wunused -Wconversion -Wnull-dereference -Wduplicated-branches -Wduplicated-cond -Wrestrict -Wdouble-promotion -Wsign-conversion -fdata-sections -ffunction-sections -std=gnu99 -o CMakeFiles/microcdr.dir/src/c/types/string.c.obj   -c /home/neu/Desktop/microros_ws/firmware/mcu_ws/eProsima/Micro-CDR/src/c/types/string.c
[1.777s] /home/neu/Desktop/microros_ws/firmware/freertos_apps/microros_nucleo_f446ze_extensions/../../toolchain/bin/arm-none-eabi-gcc  -I/home/neu/Desktop/microros_ws/firmware/mcu_ws/eProsima/Micro-CDR/include -I/home/neu/Desktop/microros_ws/firmware/mcu_ws/build/microcdr/include  -std=c11 -mcpu=cortex-m4 -mthumb -mfpu=fpv4-sp-d16 -mfloat-abi=hard -DUSE_HAL_DRIVER -DSTM32F446xx -D_TIMEVAL_DEFINED -O0 -Wall -fdata-sections -ffunction-sections  -DCLOCK_MONOTONIC=0 -g -fPIC   -Wall -Wextra -Wshadow -pedantic -Wcast-align -Wunused -Wconversion -Wnull-dereference -Wduplicated-branches -Wduplicated-cond -Wrestrict -Wdouble-promotion -Wsign-conversion -fdata-sections -ffunction-sections -std=gnu99 -o CMakeFiles/microcdr.dir/src/c/common.c.obj   -c /home/neu/Desktop/microros_ws/firmware/mcu_ws/eProsima/Micro-CDR/src/c/common.c
[1.777s] /home/neu/Desktop/microros_ws/firmware/freertos_apps/microros_nucleo_f446ze_extensions/../../toolchain/bin/arm-none-eabi-gcc  -I/home/neu/Desktop/microros_ws/firmware/mcu_ws/eProsima/Micro-CDR/include -I/home/neu/Desktop/microros_ws/firmware/mcu_ws/build/microcdr/include  -std=c11 -mcpu=cortex-m4 -mthumb -mfpu=fpv4-sp-d16 -mfloat-abi=hard -DUSE_HAL_DRIVER -DSTM32F446xx -D_TIMEVAL_DEFINED -O0 -Wall -fdata-sections -ffunction-sections  -DCLOCK_MONOTONIC=0 -g -fPIC   -Wall -Wextra -Wshadow -pedantic -Wcast-align -Wunused -Wconversion -Wnull-dereference -Wduplicated-branches -Wduplicated-cond -Wrestrict -Wdouble-promotion -Wsign-conversion -fdata-sections -ffunction-sections -std=gnu99 -o CMakeFiles/microcdr.dir/src/c/types/basic.c.obj   -c /home/neu/Desktop/microros_ws/firmware/mcu_ws/eProsima/Micro-CDR/src/c/types/basic.c
[1.777s] /home/neu/Desktop/microros_ws/firmware/freertos_apps/microros_nucleo_f446ze_extensions/../../toolchain/bin/arm-none-eabi-gcc  -I/home/neu/Desktop/microros_ws/firmware/mcu_ws/eProsima/Micro-CDR/include -I/home/neu/Desktop/microros_ws/firmware/mcu_ws/build/microcdr/include  -std=c11 -mcpu=cortex-m4 -mthumb -mfpu=fpv4-sp-d16 -mfloat-abi=hard -DUSE_HAL_DRIVER -DSTM32F446xx -D_TIMEVAL_DEFINED -O0 -Wall -fdata-sections -ffunction-sections  -DCLOCK_MONOTONIC=0 -g -fPIC   -Wall -Wextra -Wshadow -pedantic -Wcast-align -Wunused -Wconversion -Wnull-dereference -Wduplicated-branches -Wduplicated-cond -Wrestrict -Wdouble-promotion -Wsign-conversion -fdata-sections -ffunction-sections -std=gnu99 -o CMakeFiles/microcdr.dir/src/c/types/array.c.obj   -c /home/neu/Desktop/microros_ws/firmware/mcu_ws/eProsima/Micro-CDR/src/c/types/array.c
[1.777s] /home/neu/Desktop/microros_ws/firmware/freertos_apps/microros_nucleo_f446ze_extensions/../../toolchain/bin/arm-none-eabi-gcc  -I/home/neu/Desktop/microros_ws/firmware/mcu_ws/eProsima/Micro-CDR/include -I/home/neu/Desktop/microros_ws/firmware/mcu_ws/build/microcdr/include  -std=c11 -mcpu=cortex-m4 -mthumb -mfpu=fpv4-sp-d16 -mfloat-abi=hard -DUSE_HAL_DRIVER -DSTM32F446xx -D_TIMEVAL_DEFINED -O0 -Wall -fdata-sections -ffunction-sections  -DCLOCK_MONOTONIC=0 -g -fPIC   -Wall -Wextra -Wshadow -pedantic -Wcast-align -Wunused -Wconversion -Wnull-dereference -Wduplicated-branches -Wduplicated-cond -Wrestrict -Wdouble-promotion -Wsign-conversion -fdata-sections -ffunction-sections -std=gnu99 -o CMakeFiles/microcdr.dir/src/c/types/sequence.c.obj   -c /home/neu/Desktop/microros_ws/firmware/mcu_ws/eProsima/Micro-CDR/src/c/types/sequence.c
[2.274s] [100%] [32m[1mLinking C static library libmicrocdr.a[0m
[2.275s] /usr/bin/cmake -P CMakeFiles/microcdr.dir/cmake_clean_target.cmake
[2.282s] /usr/bin/cmake -E cmake_link_script CMakeFiles/microcdr.dir/link.txt --verbose=1
[2.287s] /home/neu/Desktop/microros_ws/firmware/toolchain/bin/arm-none-eabi-ar qc libmicrocdr.a  CMakeFiles/microcdr.dir/src/c/common.c.obj CMakeFiles/microcdr.dir/src/c/types/basic.c.obj CMakeFiles/microcdr.dir/src/c/types/string.c.obj CMakeFiles/microcdr.dir/src/c/types/array.c.obj CMakeFiles/microcdr.dir/src/c/types/sequence.c.obj
[2.288s] /home/neu/Desktop/microros_ws/firmware/toolchain/bin/arm-none-eabi-ranlib libmicrocdr.a
[2.291s] make[6]: Leaving directory '/home/neu/Desktop/microros_ws/firmware/mcu_ws/build/microcdr'
[2.297s] [100%] Built target microcdr
[2.298s] make[5]: Leaving directory '/home/neu/Desktop/microros_ws/firmware/mcu_ws/build/microcdr'
[2.298s] /usr/bin/cmake -E cmake_progress_start /home/neu/Desktop/microros_ws/firmware/mcu_ws/build/microcdr/CMakeFiles 0
[2.304s] make[4]: Leaving directory '/home/neu/Desktop/microros_ws/firmware/mcu_ws/build/microcdr'
[2.304s] /usr/bin/cmake -E touch /home/neu/Desktop/microros_ws/firmware/mcu_ws/build/microcdr/ucdr-prefix/src/ucdr-stamp/ucdr-build
[2.316s] [34m[1mNo install step for 'ucdr'[0m
[2.316s] /usr/bin/cmake -E echo_append
[2.323s] /usr/bin/cmake -E touch /home/neu/Desktop/microros_ws/firmware/mcu_ws/build/microcdr/ucdr-prefix/src/ucdr-stamp/ucdr-install
[2.336s] [34m[1mCompleted 'ucdr'[0m
[2.336s] /usr/bin/cmake -E make_directory /home/neu/Desktop/microros_ws/firmware/mcu_ws/build/microcdr/CMakeFiles
[2.345s] /usr/bin/cmake -E touch /home/neu/Desktop/microros_ws/firmware/mcu_ws/build/microcdr/CMakeFiles/ucdr-complete
[2.355s] /usr/bin/cmake -E touch /home/neu/Desktop/microros_ws/firmware/mcu_ws/build/microcdr/ucdr-prefix/src/ucdr-stamp/ucdr-done
[2.364s] make[3]: Leaving directory '/home/neu/Desktop/microros_ws/firmware/mcu_ws/build/microcdr'
[2.371s] Built target ucdr
[2.372s] make[2]: Leaving directory '/home/neu/Desktop/microros_ws/firmware/mcu_ws/build/microcdr'
[2.372s] /usr/bin/cmake -E cmake_progress_start /home/neu/Desktop/microros_ws/firmware/mcu_ws/build/microcdr/CMakeFiles 0
[2.382s] make[1]: Leaving directory '/home/neu/Desktop/microros_ws/firmware/mcu_ws/build/microcdr'
[2.383s] Invoked command in '/home/neu/Desktop/microros_ws/firmware/mcu_ws/build/microcdr' returned '0': /usr/bin/cmake --build /home/neu/Desktop/microros_ws/firmware/mcu_ws/build/microcdr -- -j20 -l20
[2.433s] Invoking command in '/home/neu/Desktop/microros_ws/firmware/mcu_ws/build/microcdr': /usr/bin/cmake --install /home/neu/Desktop/microros_ws/firmware/mcu_ws/build/microcdr
[2.443s] -- Install configuration: "Debug"
[2.443s] -- Installing: /home/neu/Desktop/microros_ws/firmware/mcu_ws/install/microcdr/lib/libmicrocdr.a
[2.443s] -- Installing: /home/neu/Desktop/microros_ws/firmware/mcu_ws/install/microcdr/include/ucdr
[2.444s] -- Installing: /home/neu/Desktop/microros_ws/firmware/mcu_ws/install/microcdr/include/ucdr/visibility.h
[2.444s] -- Installing: /home/neu/Desktop/microros_ws/firmware/mcu_ws/install/microcdr/include/ucdr/microcdr.h
[2.444s] -- Installing: /home/neu/Desktop/microros_ws/firmware/mcu_ws/install/microcdr/include/ucdr/config.h
[2.444s] -- Installing: /home/neu/Desktop/microros_ws/firmware/mcu_ws/install/microcdr/share/microcdr/cmake/microcdrTargets.cmake
[2.444s] -- Installing: /home/neu/Desktop/microros_ws/firmware/mcu_ws/install/microcdr/share/microcdr/cmake/microcdrTargets-debug.cmake
[2.444s] -- Installing: /home/neu/Desktop/microros_ws/firmware/mcu_ws/install/microcdr/share/microcdr/cmake/microcdrConfig.cmake
[2.444s] -- Installing: /home/neu/Desktop/microros_ws/firmware/mcu_ws/install/microcdr/share/microcdr/cmake/microcdrConfigVersion.cmake
[2.826s] Invoked command in '/home/neu/Desktop/microros_ws/firmware/mcu_ws/build/microcdr' returned '0': /usr/bin/cmake --install /home/neu/Desktop/microros_ws/firmware/mcu_ws/build/microcdr
