[1.085s] Invoking command in '/home/neu/Desktop/microros_ws/firmware/mcu_ws/uros/tracetools/ros2trace': AMENT_PREFIX_PATH=/home/neu/Desktop/microros_ws/firmware/mcu_ws/install/tracetools_trace:${AMENT_PREFIX_PATH} PYTHONPATH=/home/neu/Desktop/microros_ws/firmware/mcu_ws/build/ros2trace/prefix_override:/home/neu/Desktop/microros_ws/firmware/mcu_ws/install/ros2trace/lib/python3.8/site-packages:/home/neu/Desktop/microros_ws/firmware/mcu_ws/install/tracetools_trace/lib/python3.8/site-packages:${PYTHONPATH} /usr/bin/python3 setup.py egg_info --egg-base ../../../build/ros2trace build --build-base /home/neu/Desktop/microros_ws/firmware/mcu_ws/build/ros2trace/build install --record /home/neu/Desktop/microros_ws/firmware/mcu_ws/build/ros2trace/install.log --single-version-externally-managed
[1.310s] running egg_info
[1.311s] creating ../../../build/ros2trace/ros2trace.egg-info
[1.311s] writing ../../../build/ros2trace/ros2trace.egg-info/PKG-INFO
[1.311s] writing dependency_links to ../../../build/ros2trace/ros2trace.egg-info/dependency_links.txt
[1.311s] writing entry points to ../../../build/ros2trace/ros2trace.egg-info/entry_points.txt
[1.311s] writing requirements to ../../../build/ros2trace/ros2trace.egg-info/requires.txt
[1.311s] writing top-level names to ../../../build/ros2trace/ros2trace.egg-info/top_level.txt
[1.311s] writing manifest file '../../../build/ros2trace/ros2trace.egg-info/SOURCES.txt'
[1.340s] reading manifest file '../../../build/ros2trace/ros2trace.egg-info/SOURCES.txt'
[1.341s] writing manifest file '../../../build/ros2trace/ros2trace.egg-info/SOURCES.txt'
[1.341s] running build
[1.341s] running build_py
[1.341s] creating /home/neu/Desktop/microros_ws/firmware/mcu_ws/build/ros2trace/build
[1.341s] creating /home/neu/Desktop/microros_ws/firmware/mcu_ws/build/ros2trace/build/lib
[1.341s] creating /home/neu/Desktop/microros_ws/firmware/mcu_ws/build/ros2trace/build/lib/ros2trace
[1.341s] copying ros2trace/__init__.py -> /home/neu/Desktop/microros_ws/firmware/mcu_ws/build/ros2trace/build/lib/ros2trace
[1.342s] creating /home/neu/Desktop/microros_ws/firmware/mcu_ws/build/ros2trace/build/lib/ros2trace/api
[1.342s] copying ros2trace/api/__init__.py -> /home/neu/Desktop/microros_ws/firmware/mcu_ws/build/ros2trace/build/lib/ros2trace/api
[1.342s] creating /home/neu/Desktop/microros_ws/firmware/mcu_ws/build/ros2trace/build/lib/ros2trace/command
[1.342s] copying ros2trace/command/trace.py -> /home/neu/Desktop/microros_ws/firmware/mcu_ws/build/ros2trace/build/lib/ros2trace/command
[1.342s] copying ros2trace/command/__init__.py -> /home/neu/Desktop/microros_ws/firmware/mcu_ws/build/ros2trace/build/lib/ros2trace/command
[1.342s] running install
[1.343s] running install_lib
[1.343s] creating /home/neu/Desktop/microros_ws/firmware/mcu_ws/install/ros2trace/lib/python3.8/site-packages/ros2trace
[1.343s] creating /home/neu/Desktop/microros_ws/firmware/mcu_ws/install/ros2trace/lib/python3.8/site-packages/ros2trace/api
[1.343s] copying /home/neu/Desktop/microros_ws/firmware/mcu_ws/build/ros2trace/build/lib/ros2trace/api/__init__.py -> /home/neu/Desktop/microros_ws/firmware/mcu_ws/install/ros2trace/lib/python3.8/site-packages/ros2trace/api
[1.343s] copying /home/neu/Desktop/microros_ws/firmware/mcu_ws/build/ros2trace/build/lib/ros2trace/__init__.py -> /home/neu/Desktop/microros_ws/firmware/mcu_ws/install/ros2trace/lib/python3.8/site-packages/ros2trace
[1.344s] creating /home/neu/Desktop/microros_ws/firmware/mcu_ws/install/ros2trace/lib/python3.8/site-packages/ros2trace/command
[1.344s] copying /home/neu/Desktop/microros_ws/firmware/mcu_ws/build/ros2trace/build/lib/ros2trace/command/trace.py -> /home/neu/Desktop/microros_ws/firmware/mcu_ws/install/ros2trace/lib/python3.8/site-packages/ros2trace/command
[1.344s] copying /home/neu/Desktop/microros_ws/firmware/mcu_ws/build/ros2trace/build/lib/ros2trace/command/__init__.py -> /home/neu/Desktop/microros_ws/firmware/mcu_ws/install/ros2trace/lib/python3.8/site-packages/ros2trace/command
[1.344s] byte-compiling /home/neu/Desktop/microros_ws/firmware/mcu_ws/install/ros2trace/lib/python3.8/site-packages/ros2trace/api/__init__.py to __init__.cpython-38.pyc
[1.345s] byte-compiling /home/neu/Desktop/microros_ws/firmware/mcu_ws/install/ros2trace/lib/python3.8/site-packages/ros2trace/__init__.py to __init__.cpython-38.pyc
[1.345s] byte-compiling /home/neu/Desktop/microros_ws/firmware/mcu_ws/install/ros2trace/lib/python3.8/site-packages/ros2trace/command/trace.py to trace.cpython-38.pyc
[1.345s] byte-compiling /home/neu/Desktop/microros_ws/firmware/mcu_ws/install/ros2trace/lib/python3.8/site-packages/ros2trace/command/__init__.py to __init__.cpython-38.pyc
[1.345s] running install_data
[1.345s] copying package.xml -> /home/neu/Desktop/microros_ws/firmware/mcu_ws/install/ros2trace/share/ros2trace
[1.346s] creating /home/neu/Desktop/microros_ws/firmware/mcu_ws/install/ros2trace/share/ament_index
[1.346s] creating /home/neu/Desktop/microros_ws/firmware/mcu_ws/install/ros2trace/share/ament_index/resource_index
[1.346s] creating /home/neu/Desktop/microros_ws/firmware/mcu_ws/install/ros2trace/share/ament_index/resource_index/packages
[1.346s] copying resource/ros2trace -> /home/neu/Desktop/microros_ws/firmware/mcu_ws/install/ros2trace/share/ament_index/resource_index/packages
[1.346s] running install_egg_info
[1.347s] Copying ../../../build/ros2trace/ros2trace.egg-info to /home/neu/Desktop/microros_ws/firmware/mcu_ws/install/ros2trace/lib/python3.8/site-packages/ros2trace-4.1.1-py3.8.egg-info
[1.348s] running install_scripts
[1.370s] writing list of installed files to '/home/neu/Desktop/microros_ws/firmware/mcu_ws/build/ros2trace/install.log'
[1.408s] Invoked command in '/home/neu/Desktop/microros_ws/firmware/mcu_ws/uros/tracetools/ros2trace' returned '0': AMENT_PREFIX_PATH=/home/neu/Desktop/microros_ws/firmware/mcu_ws/install/tracetools_trace:${AMENT_PREFIX_PATH} PYTHONPATH=/home/neu/Desktop/microros_ws/firmware/mcu_ws/build/ros2trace/prefix_override:/home/neu/Desktop/microros_ws/firmware/mcu_ws/install/ros2trace/lib/python3.8/site-packages:/home/neu/Desktop/microros_ws/firmware/mcu_ws/install/tracetools_trace/lib/python3.8/site-packages:${PYTHONPATH} /usr/bin/python3 setup.py egg_info --egg-base ../../../build/ros2trace build --build-base /home/neu/Desktop/microros_ws/firmware/mcu_ws/build/ros2trace/build install --record /home/neu/Desktop/microros_ws/firmware/mcu_ws/build/ros2trace/install.log --single-version-externally-managed
