Not searching for unused variables given on the command line.
-- The C compiler identification is GNU 8.3.1
-- The CXX compiler identification is GNU 8.3.1
-- Check for working C compiler: /home/neu/Desktop/microros_ws/firmware/freertos_apps/microros_nucleo_f446ze_extensions/../../toolchain/bin/arm-none-eabi-gcc
-- Check for working C compiler: /home/neu/Desktop/microros_ws/firmware/freertos_apps/microros_nucleo_f446ze_extensions/../../toolchain/bin/arm-none-eabi-gcc -- works
-- Detecting C compiler ABI info
-- Detecting C compiler ABI info - done
-- Detecting C compile features
-- Detecting C compile features - done
-- Check for working CXX compiler: /home/neu/Desktop/microros_ws/firmware/freertos_apps/microros_nucleo_f446ze_extensions/../../toolchain/bin/arm-none-eabi-g++
-- Check for working CXX compiler: /home/neu/Desktop/microros_ws/firmware/freertos_apps/microros_nucleo_f446ze_extensions/../../toolchain/bin/arm-none-eabi-g++ -- works
-- Detecting CXX compiler ABI info
-- Detecting CXX compiler ABI info - done
-- Detecting CXX compile features
-- Detecting CXX compile features - done
-- Found ament_cmake: 1.3.5 (/home/neu/Desktop/microros_ws/firmware/dev_ws/install/ament_cmake/share/ament_cmake/cmake)
-- Found Python3: /usr/bin/python3.8 (found version "3.8.10") found components: Interpreter 
-- Found builtin_interfaces: 1.2.1 (/home/neu/Desktop/microros_ws/firmware/mcu_ws/install/builtin_interfaces/share/builtin_interfaces/cmake)
CMake Warning at /home/neu/Desktop/microros_ws/firmware/mcu_ws/install/rcutils/share/rcutils/cmake/ament_cmake_export_libraries-extras.cmake:116 (message):
  Package 'rcutils' exports library 'dl' which couldn't be found
Call Stack (most recent call first):
  /home/neu/Desktop/microros_ws/firmware/mcu_ws/install/rcutils/share/rcutils/cmake/rcutilsConfig.cmake:41 (include)
  /home/neu/Desktop/microros_ws/firmware/mcu_ws/install/rosidl_runtime_c/share/rosidl_runtime_c/cmake/ament_cmake_export_dependencies-extras.cmake:21 (find_package)
  /home/neu/Desktop/microros_ws/firmware/mcu_ws/install/rosidl_runtime_c/share/rosidl_runtime_c/cmake/rosidl_runtime_cConfig.cmake:41 (include)
  /home/neu/Desktop/microros_ws/firmware/mcu_ws/install/builtin_interfaces/share/builtin_interfaces/cmake/ament_cmake_export_dependencies-extras.cmake:21 (find_package)
  /home/neu/Desktop/microros_ws/firmware/mcu_ws/install/builtin_interfaces/share/builtin_interfaces/cmake/builtin_interfacesConfig.cmake:41 (include)
  CMakeLists.txt:14 (find_package)


-- Using all available rosidl_typesupport_c: rosidl_typesupport_microxrcedds_c;rosidl_typesupport_introspection_c
-- Found rosidl_adapter: 3.1.5 (/home/neu/Desktop/microros_ws/firmware/mcu_ws/install/rosidl_adapter/share/rosidl_adapter/cmake)
-- Found rosidl_default_generators: 1.2.0 (/home/neu/Desktop/microros_ws/firmware/mcu_ws/install/rosidl_default_generators/share/rosidl_default_generators/cmake)
-- Found std_msgs: 4.2.3 (/home/neu/Desktop/microros_ws/firmware/mcu_ws/install/std_msgs/share/std_msgs/cmake)
-- Found ament_cmake_ros: 0.10.0 (/home/neu/Desktop/microros_ws/firmware/dev_ws/install/ament_cmake_ros/share/ament_cmake_ros/cmake)
-- Using all available rosidl_typesupport_c: rosidl_typesupport_microxrcedds_c;rosidl_typesupport_introspection_c
-- Configuring done
-- Generating done
-- Build files have been written to: /home/neu/Desktop/microros_ws/firmware/mcu_ws/build/actionlib_msgs
make[1]: Entering directory '/home/neu/Desktop/microros_ws/firmware/mcu_ws/build/actionlib_msgs'
/usr/bin/cmake -S/home/neu/Desktop/microros_ws/firmware/mcu_ws/ros2/common_interfaces/actionlib_msgs -B/home/neu/Desktop/microros_ws/firmware/mcu_ws/build/actionlib_msgs --check-build-system CMakeFiles/Makefile.cmake 0
/usr/bin/cmake -E cmake_progress_start /home/neu/Desktop/microros_ws/firmware/mcu_ws/build/actionlib_msgs/CMakeFiles /home/neu/Desktop/microros_ws/firmware/mcu_ws/build/actionlib_msgs/CMakeFiles/progress.marks
/usr/bin/make -f CMakeFiles/Makefile2 all
make[2]: Entering directory '/home/neu/Desktop/microros_ws/firmware/mcu_ws/build/actionlib_msgs'
/usr/bin/make -f CMakeFiles/actionlib_msgs__rosidl_generator_c.dir/build.make CMakeFiles/actionlib_msgs__rosidl_generator_c.dir/depend
make[3]: Entering directory '/home/neu/Desktop/microros_ws/firmware/mcu_ws/build/actionlib_msgs'
[  5%] [34m[1mGenerating C code for ROS interfaces[0m
/usr/bin/python3.8 /home/neu/Desktop/microros_ws/firmware/mcu_ws/install/rosidl_generator_c/share/rosidl_generator_c/cmake/../../../lib/rosidl_generator_c/rosidl_generator_c --generator-arguments-file /home/neu/Desktop/microros_ws/firmware/mcu_ws/build/actionlib_msgs/rosidl_generator_c__arguments.json
cd /home/neu/Desktop/microros_ws/firmware/mcu_ws/build/actionlib_msgs && /usr/bin/cmake -E cmake_depends "Unix Makefiles" /home/neu/Desktop/microros_ws/firmware/mcu_ws/ros2/common_interfaces/actionlib_msgs /home/neu/Desktop/microros_ws/firmware/mcu_ws/ros2/common_interfaces/actionlib_msgs /home/neu/Desktop/microros_ws/firmware/mcu_ws/build/actionlib_msgs /home/neu/Desktop/microros_ws/firmware/mcu_ws/build/actionlib_msgs /home/neu/Desktop/microros_ws/firmware/mcu_ws/build/actionlib_msgs/CMakeFiles/actionlib_msgs__rosidl_generator_c.dir/DependInfo.cmake --color=
Dependee "/home/neu/Desktop/microros_ws/firmware/mcu_ws/build/actionlib_msgs/CMakeFiles/actionlib_msgs__rosidl_generator_c.dir/DependInfo.cmake" is newer than depender "/home/neu/Desktop/microros_ws/firmware/mcu_ws/build/actionlib_msgs/CMakeFiles/actionlib_msgs__rosidl_generator_c.dir/depend.internal".
Dependee "/home/neu/Desktop/microros_ws/firmware/mcu_ws/build/actionlib_msgs/CMakeFiles/CMakeDirectoryInformation.cmake" is newer than depender "/home/neu/Desktop/microros_ws/firmware/mcu_ws/build/actionlib_msgs/CMakeFiles/actionlib_msgs__rosidl_generator_c.dir/depend.internal".
[35m[1mScanning dependencies of target actionlib_msgs__rosidl_generator_c[0m
make[3]: Leaving directory '/home/neu/Desktop/microros_ws/firmware/mcu_ws/build/actionlib_msgs'
/usr/bin/make -f CMakeFiles/actionlib_msgs__rosidl_generator_c.dir/build.make CMakeFiles/actionlib_msgs__rosidl_generator_c.dir/build
make[3]: Entering directory '/home/neu/Desktop/microros_ws/firmware/mcu_ws/build/actionlib_msgs'
[ 20%] [32mBuilding C object CMakeFiles/actionlib_msgs__rosidl_generator_c.dir/rosidl_generator_c/actionlib_msgs/msg/detail/goal_id__functions.c.obj[0m
[ 20%] [32mBuilding C object CMakeFiles/actionlib_msgs__rosidl_generator_c.dir/rosidl_generator_c/actionlib_msgs/msg/detail/goal_status_array__functions.c.obj[0m
[ 20%] [32mBuilding C object CMakeFiles/actionlib_msgs__rosidl_generator_c.dir/rosidl_generator_c/actionlib_msgs/msg/detail/goal_status__functions.c.obj[0m
/home/neu/Desktop/microros_ws/firmware/freertos_apps/microros_nucleo_f446ze_extensions/../../toolchain/bin/arm-none-eabi-gcc -DROS_PACKAGE_NAME=\"actionlib_msgs\" -I/home/neu/Desktop/microros_ws/firmware/mcu_ws/build/actionlib_msgs/rosidl_generator_c -isystem /home/neu/Desktop/microros_ws/firmware/mcu_ws/install/builtin_interfaces/include/builtin_interfaces -isystem /home/neu/Desktop/microros_ws/firmware/mcu_ws/install/rosidl_runtime_c/include/rosidl_runtime_c -isystem /home/neu/Desktop/microros_ws/firmware/mcu_ws/install/rcutils/include/rcutils -isystem /home/neu/Desktop/microros_ws/firmware/mcu_ws/install/rosidl_typesupport_interface/include/rosidl_typesupport_interface -isystem /home/neu/Desktop/microros_ws/firmware/mcu_ws/install/std_msgs/include/std_msgs  -std=c11 -mcpu=cortex-m4 -mthumb -mfpu=fpv4-sp-d16 -mfloat-abi=hard -DUSE_HAL_DRIVER -DSTM32F446xx -D_TIMEVAL_DEFINED -O0 -Wall -fdata-sections -ffunction-sections  -DCLOCK_MONOTONIC=0 -g   -Wall -std=gnu11 -o CMakeFiles/actionlib_msgs__rosidl_generator_c.dir/rosidl_generator_c/actionlib_msgs/msg/detail/goal_status__functions.c.obj   -c /home/neu/Desktop/microros_ws/firmware/mcu_ws/build/actionlib_msgs/rosidl_generator_c/actionlib_msgs/msg/detail/goal_status__functions.c
/home/neu/Desktop/microros_ws/firmware/freertos_apps/microros_nucleo_f446ze_extensions/../../toolchain/bin/arm-none-eabi-gcc -DROS_PACKAGE_NAME=\"actionlib_msgs\" -I/home/neu/Desktop/microros_ws/firmware/mcu_ws/build/actionlib_msgs/rosidl_generator_c -isystem /home/neu/Desktop/microros_ws/firmware/mcu_ws/install/builtin_interfaces/include/builtin_interfaces -isystem /home/neu/Desktop/microros_ws/firmware/mcu_ws/install/rosidl_runtime_c/include/rosidl_runtime_c -isystem /home/neu/Desktop/microros_ws/firmware/mcu_ws/install/rcutils/include/rcutils -isystem /home/neu/Desktop/microros_ws/firmware/mcu_ws/install/rosidl_typesupport_interface/include/rosidl_typesupport_interface -isystem /home/neu/Desktop/microros_ws/firmware/mcu_ws/install/std_msgs/include/std_msgs  -std=c11 -mcpu=cortex-m4 -mthumb -mfpu=fpv4-sp-d16 -mfloat-abi=hard -DUSE_HAL_DRIVER -DSTM32F446xx -D_TIMEVAL_DEFINED -O0 -Wall -fdata-sections -ffunction-sections  -DCLOCK_MONOTONIC=0 -g   -Wall -std=gnu11 -o CMakeFiles/actionlib_msgs__rosidl_generator_c.dir/rosidl_generator_c/actionlib_msgs/msg/detail/goal_status_array__functions.c.obj   -c /home/neu/Desktop/microros_ws/firmware/mcu_ws/build/actionlib_msgs/rosidl_generator_c/actionlib_msgs/msg/detail/goal_status_array__functions.c
/home/neu/Desktop/microros_ws/firmware/freertos_apps/microros_nucleo_f446ze_extensions/../../toolchain/bin/arm-none-eabi-gcc -DROS_PACKAGE_NAME=\"actionlib_msgs\" -I/home/neu/Desktop/microros_ws/firmware/mcu_ws/build/actionlib_msgs/rosidl_generator_c -isystem /home/neu/Desktop/microros_ws/firmware/mcu_ws/install/builtin_interfaces/include/builtin_interfaces -isystem /home/neu/Desktop/microros_ws/firmware/mcu_ws/install/rosidl_runtime_c/include/rosidl_runtime_c -isystem /home/neu/Desktop/microros_ws/firmware/mcu_ws/install/rcutils/include/rcutils -isystem /home/neu/Desktop/microros_ws/firmware/mcu_ws/install/rosidl_typesupport_interface/include/rosidl_typesupport_interface -isystem /home/neu/Desktop/microros_ws/firmware/mcu_ws/install/std_msgs/include/std_msgs  -std=c11 -mcpu=cortex-m4 -mthumb -mfpu=fpv4-sp-d16 -mfloat-abi=hard -DUSE_HAL_DRIVER -DSTM32F446xx -D_TIMEVAL_DEFINED -O0 -Wall -fdata-sections -ffunction-sections  -DCLOCK_MONOTONIC=0 -g   -Wall -std=gnu11 -o CMakeFiles/actionlib_msgs__rosidl_generator_c.dir/rosidl_generator_c/actionlib_msgs/msg/detail/goal_id__functions.c.obj   -c /home/neu/Desktop/microros_ws/firmware/mcu_ws/build/actionlib_msgs/rosidl_generator_c/actionlib_msgs/msg/detail/goal_id__functions.c
[ 25%] [32m[1mLinking C static library libactionlib_msgs__rosidl_generator_c.a[0m
/usr/bin/cmake -P CMakeFiles/actionlib_msgs__rosidl_generator_c.dir/cmake_clean_target.cmake
/usr/bin/cmake -E cmake_link_script CMakeFiles/actionlib_msgs__rosidl_generator_c.dir/link.txt --verbose=1
/home/neu/Desktop/microros_ws/firmware/toolchain/bin/arm-none-eabi-ar qc libactionlib_msgs__rosidl_generator_c.a  CMakeFiles/actionlib_msgs__rosidl_generator_c.dir/rosidl_generator_c/actionlib_msgs/msg/detail/goal_id__functions.c.obj CMakeFiles/actionlib_msgs__rosidl_generator_c.dir/rosidl_generator_c/actionlib_msgs/msg/detail/goal_status__functions.c.obj CMakeFiles/actionlib_msgs__rosidl_generator_c.dir/rosidl_generator_c/actionlib_msgs/msg/detail/goal_status_array__functions.c.obj
/home/neu/Desktop/microros_ws/firmware/toolchain/bin/arm-none-eabi-ranlib libactionlib_msgs__rosidl_generator_c.a
make[3]: Leaving directory '/home/neu/Desktop/microros_ws/firmware/mcu_ws/build/actionlib_msgs'
[ 25%] Built target actionlib_msgs__rosidl_generator_c
/usr/bin/make -f CMakeFiles/actionlib_msgs__rosidl_typesupport_c.dir/build.make CMakeFiles/actionlib_msgs__rosidl_typesupport_c.dir/depend
/usr/bin/make -f CMakeFiles/actionlib_msgs__rosidl_typesupport_microxrcedds_c.dir/build.make CMakeFiles/actionlib_msgs__rosidl_typesupport_microxrcedds_c.dir/depend
/usr/bin/make -f CMakeFiles/actionlib_msgs__rosidl_typesupport_introspection_c.dir/build.make CMakeFiles/actionlib_msgs__rosidl_typesupport_introspection_c.dir/depend
make[3]: Entering directory '/home/neu/Desktop/microros_ws/firmware/mcu_ws/build/actionlib_msgs'
make[3]: Entering directory '/home/neu/Desktop/microros_ws/firmware/mcu_ws/build/actionlib_msgs'
make[3]: Entering directory '/home/neu/Desktop/microros_ws/firmware/mcu_ws/build/actionlib_msgs'
[ 30%] [34m[1mGenerating C type support dispatch for ROS interfaces[0m
/usr/bin/python3.8 /home/neu/Desktop/microros_ws/firmware/mcu_ws/install/rosidl_typesupport_c/lib/rosidl_typesupport_c/rosidl_typesupport_c --generator-arguments-file /home/neu/Desktop/microros_ws/firmware/mcu_ws/build/actionlib_msgs/rosidl_typesupport_c__arguments.json --typesupports rosidl_typesupport_microxrcedds_c rosidl_typesupport_introspection_c
[ 35%] [34m[1mGenerating C type support for eProsima Micro XRCE-DDS[0m
[ 40%] [34m[1mGenerating C introspection for ROS interfaces[0m
/usr/bin/python3.8 /home/neu/Desktop/microros_ws/firmware/mcu_ws/install/rosidl_typesupport_microxrcedds_c/lib/rosidl_typesupport_microxrcedds_c/rosidl_typesupport_microxrcedds_c --generator-arguments-file /home/neu/Desktop/microros_ws/firmware/mcu_ws/build/actionlib_msgs/rosidl_typesupport_microxrcedds_c__arguments.json
/usr/bin/python3.8 /home/neu/Desktop/microros_ws/firmware/mcu_ws/install/rosidl_typesupport_introspection_c/lib/rosidl_typesupport_introspection_c/rosidl_typesupport_introspection_c --generator-arguments-file /home/neu/Desktop/microros_ws/firmware/mcu_ws/build/actionlib_msgs/rosidl_typesupport_introspection_c__arguments.json
cd /home/neu/Desktop/microros_ws/firmware/mcu_ws/build/actionlib_msgs && /usr/bin/cmake -E cmake_depends "Unix Makefiles" /home/neu/Desktop/microros_ws/firmware/mcu_ws/ros2/common_interfaces/actionlib_msgs /home/neu/Desktop/microros_ws/firmware/mcu_ws/ros2/common_interfaces/actionlib_msgs /home/neu/Desktop/microros_ws/firmware/mcu_ws/build/actionlib_msgs /home/neu/Desktop/microros_ws/firmware/mcu_ws/build/actionlib_msgs /home/neu/Desktop/microros_ws/firmware/mcu_ws/build/actionlib_msgs/CMakeFiles/actionlib_msgs__rosidl_typesupport_c.dir/DependInfo.cmake --color=
Dependee "/home/neu/Desktop/microros_ws/firmware/mcu_ws/build/actionlib_msgs/CMakeFiles/actionlib_msgs__rosidl_typesupport_c.dir/DependInfo.cmake" is newer than depender "/home/neu/Desktop/microros_ws/firmware/mcu_ws/build/actionlib_msgs/CMakeFiles/actionlib_msgs__rosidl_typesupport_c.dir/depend.internal".
Dependee "/home/neu/Desktop/microros_ws/firmware/mcu_ws/build/actionlib_msgs/CMakeFiles/CMakeDirectoryInformation.cmake" is newer than depender "/home/neu/Desktop/microros_ws/firmware/mcu_ws/build/actionlib_msgs/CMakeFiles/actionlib_msgs__rosidl_typesupport_c.dir/depend.internal".
[35m[1mScanning dependencies of target actionlib_msgs__rosidl_typesupport_c[0m
make[3]: Leaving directory '/home/neu/Desktop/microros_ws/firmware/mcu_ws/build/actionlib_msgs'
/usr/bin/make -f CMakeFiles/actionlib_msgs__rosidl_typesupport_c.dir/build.make CMakeFiles/actionlib_msgs__rosidl_typesupport_c.dir/build
make[3]: Entering directory '/home/neu/Desktop/microros_ws/firmware/mcu_ws/build/actionlib_msgs'
[ 45%] [32mBuilding CXX object CMakeFiles/actionlib_msgs__rosidl_typesupport_c.dir/rosidl_typesupport_c/actionlib_msgs/msg/goal_status__type_support.cpp.obj[0m
[ 50%] [32mBuilding CXX object CMakeFiles/actionlib_msgs__rosidl_typesupport_c.dir/rosidl_typesupport_c/actionlib_msgs/msg/goal_status_array__type_support.cpp.obj[0m
/home/neu/Desktop/microros_ws/firmware/freertos_apps/microros_nucleo_f446ze_extensions/../../toolchain/bin/arm-none-eabi-g++  -DROSIDL_TYPESUPPORT_STATIC_TYPESUPPORT -DROS_PACKAGE_NAME=\"actionlib_msgs\" -I/home/neu/Desktop/microros_ws/firmware/mcu_ws/build/actionlib_msgs/rosidl_generator_c -isystem /home/neu/Desktop/microros_ws/firmware/mcu_ws/install/builtin_interfaces/include/builtin_interfaces -isystem /home/neu/Desktop/microros_ws/firmware/mcu_ws/install/rosidl_runtime_c/include/rosidl_runtime_c -isystem /home/neu/Desktop/microros_ws/firmware/mcu_ws/install/rcutils/include/rcutils -isystem /home/neu/Desktop/microros_ws/firmware/mcu_ws/install/rosidl_typesupport_interface/include/rosidl_typesupport_interface -isystem /home/neu/Desktop/microros_ws/firmware/mcu_ws/install/std_msgs/include/std_msgs -isystem /home/neu/Desktop/microros_ws/firmware/mcu_ws/install/rosidl_typesupport_c/include/rosidl_typesupport_c  -std=c++14 -mcpu=cortex-m4 -mthumb -mfpu=fpv4-sp-d16 -mfloat-abi=hard -DUSE_HAL_DRIVER -DSTM32F446xx -D_TIMEVAL_DEFINED -O0 -Wall -fdata-sections -ffunction-sections  -DCLOCK_MONOTONIC=0 -g   -Wall -std=gnu++14 -o CMakeFiles/actionlib_msgs__rosidl_typesupport_c.dir/rosidl_typesupport_c/actionlib_msgs/msg/goal_status_array__type_support.cpp.obj -c /home/neu/Desktop/microros_ws/firmware/mcu_ws/build/actionlib_msgs/rosidl_typesupport_c/actionlib_msgs/msg/goal_status_array__type_support.cpp
[ 55%] [32mBuilding CXX object CMakeFiles/actionlib_msgs__rosidl_typesupport_c.dir/rosidl_typesupport_c/actionlib_msgs/msg/goal_id__type_support.cpp.obj[0m
/home/neu/Desktop/microros_ws/firmware/freertos_apps/microros_nucleo_f446ze_extensions/../../toolchain/bin/arm-none-eabi-g++  -DROSIDL_TYPESUPPORT_STATIC_TYPESUPPORT -DROS_PACKAGE_NAME=\"actionlib_msgs\" -I/home/neu/Desktop/microros_ws/firmware/mcu_ws/build/actionlib_msgs/rosidl_generator_c -isystem /home/neu/Desktop/microros_ws/firmware/mcu_ws/install/builtin_interfaces/include/builtin_interfaces -isystem /home/neu/Desktop/microros_ws/firmware/mcu_ws/install/rosidl_runtime_c/include/rosidl_runtime_c -isystem /home/neu/Desktop/microros_ws/firmware/mcu_ws/install/rcutils/include/rcutils -isystem /home/neu/Desktop/microros_ws/firmware/mcu_ws/install/rosidl_typesupport_interface/include/rosidl_typesupport_interface -isystem /home/neu/Desktop/microros_ws/firmware/mcu_ws/install/std_msgs/include/std_msgs -isystem /home/neu/Desktop/microros_ws/firmware/mcu_ws/install/rosidl_typesupport_c/include/rosidl_typesupport_c  -std=c++14 -mcpu=cortex-m4 -mthumb -mfpu=fpv4-sp-d16 -mfloat-abi=hard -DUSE_HAL_DRIVER -DSTM32F446xx -D_TIMEVAL_DEFINED -O0 -Wall -fdata-sections -ffunction-sections  -DCLOCK_MONOTONIC=0 -g   -Wall -std=gnu++14 -o CMakeFiles/actionlib_msgs__rosidl_typesupport_c.dir/rosidl_typesupport_c/actionlib_msgs/msg/goal_id__type_support.cpp.obj -c /home/neu/Desktop/microros_ws/firmware/mcu_ws/build/actionlib_msgs/rosidl_typesupport_c/actionlib_msgs/msg/goal_id__type_support.cpp
/home/neu/Desktop/microros_ws/firmware/freertos_apps/microros_nucleo_f446ze_extensions/../../toolchain/bin/arm-none-eabi-g++  -DROSIDL_TYPESUPPORT_STATIC_TYPESUPPORT -DROS_PACKAGE_NAME=\"actionlib_msgs\" -I/home/neu/Desktop/microros_ws/firmware/mcu_ws/build/actionlib_msgs/rosidl_generator_c -isystem /home/neu/Desktop/microros_ws/firmware/mcu_ws/install/builtin_interfaces/include/builtin_interfaces -isystem /home/neu/Desktop/microros_ws/firmware/mcu_ws/install/rosidl_runtime_c/include/rosidl_runtime_c -isystem /home/neu/Desktop/microros_ws/firmware/mcu_ws/install/rcutils/include/rcutils -isystem /home/neu/Desktop/microros_ws/firmware/mcu_ws/install/rosidl_typesupport_interface/include/rosidl_typesupport_interface -isystem /home/neu/Desktop/microros_ws/firmware/mcu_ws/install/std_msgs/include/std_msgs -isystem /home/neu/Desktop/microros_ws/firmware/mcu_ws/install/rosidl_typesupport_c/include/rosidl_typesupport_c  -std=c++14 -mcpu=cortex-m4 -mthumb -mfpu=fpv4-sp-d16 -mfloat-abi=hard -DUSE_HAL_DRIVER -DSTM32F446xx -D_TIMEVAL_DEFINED -O0 -Wall -fdata-sections -ffunction-sections  -DCLOCK_MONOTONIC=0 -g   -Wall -std=gnu++14 -o CMakeFiles/actionlib_msgs__rosidl_typesupport_c.dir/rosidl_typesupport_c/actionlib_msgs/msg/goal_status__type_support.cpp.obj -c /home/neu/Desktop/microros_ws/firmware/mcu_ws/build/actionlib_msgs/rosidl_typesupport_c/actionlib_msgs/msg/goal_status__type_support.cpp
[ 60%] [32m[1mLinking CXX static library libactionlib_msgs__rosidl_typesupport_c.a[0m
/usr/bin/cmake -P CMakeFiles/actionlib_msgs__rosidl_typesupport_c.dir/cmake_clean_target.cmake
cd /home/neu/Desktop/microros_ws/firmware/mcu_ws/build/actionlib_msgs && /usr/bin/cmake -E cmake_depends "Unix Makefiles" /home/neu/Desktop/microros_ws/firmware/mcu_ws/ros2/common_interfaces/actionlib_msgs /home/neu/Desktop/microros_ws/firmware/mcu_ws/ros2/common_interfaces/actionlib_msgs /home/neu/Desktop/microros_ws/firmware/mcu_ws/build/actionlib_msgs /home/neu/Desktop/microros_ws/firmware/mcu_ws/build/actionlib_msgs /home/neu/Desktop/microros_ws/firmware/mcu_ws/build/actionlib_msgs/CMakeFiles/actionlib_msgs__rosidl_typesupport_introspection_c.dir/DependInfo.cmake --color=
cd /home/neu/Desktop/microros_ws/firmware/mcu_ws/build/actionlib_msgs && /usr/bin/cmake -E cmake_depends "Unix Makefiles" /home/neu/Desktop/microros_ws/firmware/mcu_ws/ros2/common_interfaces/actionlib_msgs /home/neu/Desktop/microros_ws/firmware/mcu_ws/ros2/common_interfaces/actionlib_msgs /home/neu/Desktop/microros_ws/firmware/mcu_ws/build/actionlib_msgs /home/neu/Desktop/microros_ws/firmware/mcu_ws/build/actionlib_msgs /home/neu/Desktop/microros_ws/firmware/mcu_ws/build/actionlib_msgs/CMakeFiles/actionlib_msgs__rosidl_typesupport_microxrcedds_c.dir/DependInfo.cmake --color=
/usr/bin/cmake -E cmake_link_script CMakeFiles/actionlib_msgs__rosidl_typesupport_c.dir/link.txt --verbose=1
Dependee "/home/neu/Desktop/microros_ws/firmware/mcu_ws/build/actionlib_msgs/CMakeFiles/actionlib_msgs__rosidl_typesupport_microxrcedds_c.dir/DependInfo.cmake" is newer than depender "/home/neu/Desktop/microros_ws/firmware/mcu_ws/build/actionlib_msgs/CMakeFiles/actionlib_msgs__rosidl_typesupport_microxrcedds_c.dir/depend.internal".
Dependee "/home/neu/Desktop/microros_ws/firmware/mcu_ws/build/actionlib_msgs/CMakeFiles/CMakeDirectoryInformation.cmake" is newer than depender "/home/neu/Desktop/microros_ws/firmware/mcu_ws/build/actionlib_msgs/CMakeFiles/actionlib_msgs__rosidl_typesupport_microxrcedds_c.dir/depend.internal".
[35m[1mScanning dependencies of target actionlib_msgs__rosidl_typesupport_microxrcedds_c[0m
make[3]: Leaving directory '/home/neu/Desktop/microros_ws/firmware/mcu_ws/build/actionlib_msgs'
/usr/bin/make -f CMakeFiles/actionlib_msgs__rosidl_typesupport_microxrcedds_c.dir/build.make CMakeFiles/actionlib_msgs__rosidl_typesupport_microxrcedds_c.dir/build
make[3]: Entering directory '/home/neu/Desktop/microros_ws/firmware/mcu_ws/build/actionlib_msgs'
Dependee "/home/neu/Desktop/microros_ws/firmware/mcu_ws/build/actionlib_msgs/CMakeFiles/actionlib_msgs__rosidl_typesupport_introspection_c.dir/DependInfo.cmake" is newer than depender "/home/neu/Desktop/microros_ws/firmware/mcu_ws/build/actionlib_msgs/CMakeFiles/actionlib_msgs__rosidl_typesupport_introspection_c.dir/depend.internal".
Dependee "/home/neu/Desktop/microros_ws/firmware/mcu_ws/build/actionlib_msgs/CMakeFiles/CMakeDirectoryInformation.cmake" is newer than depender "/home/neu/Desktop/microros_ws/firmware/mcu_ws/build/actionlib_msgs/CMakeFiles/actionlib_msgs__rosidl_typesupport_introspection_c.dir/depend.internal".
[35m[1mScanning dependencies of target actionlib_msgs__rosidl_typesupport_introspection_c[0m
make[3]: Leaving directory '/home/neu/Desktop/microros_ws/firmware/mcu_ws/build/actionlib_msgs'
/usr/bin/make -f CMakeFiles/actionlib_msgs__rosidl_typesupport_introspection_c.dir/build.make CMakeFiles/actionlib_msgs__rosidl_typesupport_introspection_c.dir/build
/home/neu/Desktop/microros_ws/firmware/toolchain/bin/arm-none-eabi-ar qc libactionlib_msgs__rosidl_typesupport_c.a  CMakeFiles/actionlib_msgs__rosidl_typesupport_c.dir/rosidl_typesupport_c/actionlib_msgs/msg/goal_id__type_support.cpp.obj CMakeFiles/actionlib_msgs__rosidl_typesupport_c.dir/rosidl_typesupport_c/actionlib_msgs/msg/goal_status__type_support.cpp.obj CMakeFiles/actionlib_msgs__rosidl_typesupport_c.dir/rosidl_typesupport_c/actionlib_msgs/msg/goal_status_array__type_support.cpp.obj
make[3]: Entering directory '/home/neu/Desktop/microros_ws/firmware/mcu_ws/build/actionlib_msgs'
/home/neu/Desktop/microros_ws/firmware/toolchain/bin/arm-none-eabi-ranlib libactionlib_msgs__rosidl_typesupport_c.a
[ 65%] [32mBuilding C object CMakeFiles/actionlib_msgs__rosidl_typesupport_microxrcedds_c.dir/rosidl_typesupport_microxrcedds_c/actionlib_msgs/msg/detail/microxrcedds/goal_id__type_support_c.c.obj[0m
make[3]: Leaving directory '/home/neu/Desktop/microros_ws/firmware/mcu_ws/build/actionlib_msgs'
[ 70%] [32mBuilding C object CMakeFiles/actionlib_msgs__rosidl_typesupport_introspection_c.dir/rosidl_typesupport_introspection_c/actionlib_msgs/msg/detail/goal_id__type_support.c.obj[0m
[ 75%] [32mBuilding C object CMakeFiles/actionlib_msgs__rosidl_typesupport_introspection_c.dir/rosidl_typesupport_introspection_c/actionlib_msgs/msg/detail/goal_status_array__type_support.c.obj[0m
/home/neu/Desktop/microros_ws/firmware/freertos_apps/microros_nucleo_f446ze_extensions/../../toolchain/bin/arm-none-eabi-gcc -DROS_PACKAGE_NAME=\"actionlib_msgs\" -I/home/neu/Desktop/microros_ws/firmware/mcu_ws/build/actionlib_msgs/rosidl_typesupport_introspection_c -I/home/neu/Desktop/microros_ws/firmware/mcu_ws/build/actionlib_msgs/rosidl_generator_c -isystem /home/neu/Desktop/microros_ws/firmware/mcu_ws/install/builtin_interfaces/include/builtin_interfaces -isystem /home/neu/Desktop/microros_ws/firmware/mcu_ws/install/rosidl_runtime_c/include/rosidl_runtime_c -isystem /home/neu/Desktop/microros_ws/firmware/mcu_ws/install/rcutils/include/rcutils -isystem /home/neu/Desktop/microros_ws/firmware/mcu_ws/install/rosidl_typesupport_interface/include/rosidl_typesupport_interface -isystem /home/neu/Desktop/microros_ws/firmware/mcu_ws/install/std_msgs/include/std_msgs -isystem /home/neu/Desktop/microros_ws/firmware/mcu_ws/install/rosidl_typesupport_introspection_c/include/rosidl_typesupport_introspection_c  -std=c11 -mcpu=cortex-m4 -mthumb -mfpu=fpv4-sp-d16 -mfloat-abi=hard -DUSE_HAL_DRIVER -DSTM32F446xx -D_TIMEVAL_DEFINED -O0 -Wall -fdata-sections -ffunction-sections  -DCLOCK_MONOTONIC=0 -g   -Wall -std=gnu11 -o CMakeFiles/actionlib_msgs__rosidl_typesupport_introspection_c.dir/rosidl_typesupport_introspection_c/actionlib_msgs/msg/detail/goal_status_array__type_support.c.obj   -c /home/neu/Desktop/microros_ws/firmware/mcu_ws/build/actionlib_msgs/rosidl_typesupport_introspection_c/actionlib_msgs/msg/detail/goal_status_array__type_support.c
/home/neu/Desktop/microros_ws/firmware/freertos_apps/microros_nucleo_f446ze_extensions/../../toolchain/bin/arm-none-eabi-gcc -DROS_PACKAGE_NAME=\"actionlib_msgs\" -I/home/neu/Desktop/microros_ws/firmware/mcu_ws/build/actionlib_msgs/rosidl_typesupport_introspection_c -I/home/neu/Desktop/microros_ws/firmware/mcu_ws/build/actionlib_msgs/rosidl_generator_c -isystem /home/neu/Desktop/microros_ws/firmware/mcu_ws/install/builtin_interfaces/include/builtin_interfaces -isystem /home/neu/Desktop/microros_ws/firmware/mcu_ws/install/rosidl_runtime_c/include/rosidl_runtime_c -isystem /home/neu/Desktop/microros_ws/firmware/mcu_ws/install/rcutils/include/rcutils -isystem /home/neu/Desktop/microros_ws/firmware/mcu_ws/install/rosidl_typesupport_interface/include/rosidl_typesupport_interface -isystem /home/neu/Desktop/microros_ws/firmware/mcu_ws/install/std_msgs/include/std_msgs -isystem /home/neu/Desktop/microros_ws/firmware/mcu_ws/install/rosidl_typesupport_introspection_c/include/rosidl_typesupport_introspection_c  -std=c11 -mcpu=cortex-m4 -mthumb -mfpu=fpv4-sp-d16 -mfloat-abi=hard -DUSE_HAL_DRIVER -DSTM32F446xx -D_TIMEVAL_DEFINED -O0 -Wall -fdata-sections -ffunction-sections  -DCLOCK_MONOTONIC=0 -g   -Wall -std=gnu11 -o CMakeFiles/actionlib_msgs__rosidl_typesupport_introspection_c.dir/rosidl_typesupport_introspection_c/actionlib_msgs/msg/detail/goal_id__type_support.c.obj   -c /home/neu/Desktop/microros_ws/firmware/mcu_ws/build/actionlib_msgs/rosidl_typesupport_introspection_c/actionlib_msgs/msg/detail/goal_id__type_support.c
/home/neu/Desktop/microros_ws/firmware/freertos_apps/microros_nucleo_f446ze_extensions/../../toolchain/bin/arm-none-eabi-gcc -DROS_PACKAGE_NAME=\"actionlib_msgs\" -I/home/neu/Desktop/microros_ws/firmware/mcu_ws/build/actionlib_msgs/rosidl_generator_c -I/home/neu/Desktop/microros_ws/firmware/mcu_ws/build/actionlib_msgs/rosidl_typesupport_microxrcedds_c -isystem /home/neu/Desktop/microros_ws/firmware/mcu_ws/install/rosidl_typesupport_microxrcedds_c/include -isystem /home/neu/Desktop/microros_ws/firmware/mcu_ws/install/rmw/include/rmw -isystem /home/neu/Desktop/microros_ws/firmware/mcu_ws/install/rosidl_runtime_c/include/rosidl_runtime_c -isystem /home/neu/Desktop/microros_ws/firmware/mcu_ws/install/rosidl_typesupport_interface/include/rosidl_typesupport_interface -isystem /home/neu/Desktop/microros_ws/firmware/mcu_ws/install/builtin_interfaces/include/builtin_interfaces -isystem /home/neu/Desktop/microros_ws/firmware/mcu_ws/install/std_msgs/include/std_msgs -isystem /home/neu/Desktop/microros_ws/firmware/mcu_ws/install/rcutils/include/rcutils -isystem /home/neu/Desktop/microros_ws/firmware/mcu_ws/install/rosidl_typesupport_introspection_c/include/rosidl_typesupport_introspection_c -isystem /home/neu/Desktop/microros_ws/firmware/mcu_ws/install/microcdr/include  -std=c11 -mcpu=cortex-m4 -mthumb -mfpu=fpv4-sp-d16 -mfloat-abi=hard -DUSE_HAL_DRIVER -DSTM32F446xx -D_TIMEVAL_DEFINED -O0 -Wall -fdata-sections -ffunction-sections  -DCLOCK_MONOTONIC=0 -g   -Wall -Wextra -Wpedantic -std=gnu99 -o CMakeFiles/actionlib_msgs__rosidl_typesupport_microxrcedds_c.dir/rosidl_typesupport_microxrcedds_c/actionlib_msgs/msg/detail/microxrcedds/goal_id__type_support_c.c.obj   -c /home/neu/Desktop/microros_ws/firmware/mcu_ws/build/actionlib_msgs/rosidl_typesupport_microxrcedds_c/actionlib_msgs/msg/detail/microxrcedds/goal_id__type_support_c.c
[ 75%] Built target actionlib_msgs__rosidl_typesupport_c
[ 80%] [32mBuilding C object CMakeFiles/actionlib_msgs__rosidl_typesupport_introspection_c.dir/rosidl_typesupport_introspection_c/actionlib_msgs/msg/detail/goal_status__type_support.c.obj[0m
/home/neu/Desktop/microros_ws/firmware/freertos_apps/microros_nucleo_f446ze_extensions/../../toolchain/bin/arm-none-eabi-gcc -DROS_PACKAGE_NAME=\"actionlib_msgs\" -I/home/neu/Desktop/microros_ws/firmware/mcu_ws/build/actionlib_msgs/rosidl_typesupport_introspection_c -I/home/neu/Desktop/microros_ws/firmware/mcu_ws/build/actionlib_msgs/rosidl_generator_c -isystem /home/neu/Desktop/microros_ws/firmware/mcu_ws/install/builtin_interfaces/include/builtin_interfaces -isystem /home/neu/Desktop/microros_ws/firmware/mcu_ws/install/rosidl_runtime_c/include/rosidl_runtime_c -isystem /home/neu/Desktop/microros_ws/firmware/mcu_ws/install/rcutils/include/rcutils -isystem /home/neu/Desktop/microros_ws/firmware/mcu_ws/install/rosidl_typesupport_interface/include/rosidl_typesupport_interface -isystem /home/neu/Desktop/microros_ws/firmware/mcu_ws/install/std_msgs/include/std_msgs -isystem /home/neu/Desktop/microros_ws/firmware/mcu_ws/install/rosidl_typesupport_introspection_c/include/rosidl_typesupport_introspection_c  -std=c11 -mcpu=cortex-m4 -mthumb -mfpu=fpv4-sp-d16 -mfloat-abi=hard -DUSE_HAL_DRIVER -DSTM32F446xx -D_TIMEVAL_DEFINED -O0 -Wall -fdata-sections -ffunction-sections  -DCLOCK_MONOTONIC=0 -g   -Wall -std=gnu11 -o CMakeFiles/actionlib_msgs__rosidl_typesupport_introspection_c.dir/rosidl_typesupport_introspection_c/actionlib_msgs/msg/detail/goal_status__type_support.c.obj   -c /home/neu/Desktop/microros_ws/firmware/mcu_ws/build/actionlib_msgs/rosidl_typesupport_introspection_c/actionlib_msgs/msg/detail/goal_status__type_support.c
[ 85%] [32mBuilding C object CMakeFiles/actionlib_msgs__rosidl_typesupport_microxrcedds_c.dir/rosidl_typesupport_microxrcedds_c/actionlib_msgs/msg/detail/microxrcedds/goal_status__type_support_c.c.obj[0m
/home/neu/Desktop/microros_ws/firmware/freertos_apps/microros_nucleo_f446ze_extensions/../../toolchain/bin/arm-none-eabi-gcc -DROS_PACKAGE_NAME=\"actionlib_msgs\" -I/home/neu/Desktop/microros_ws/firmware/mcu_ws/build/actionlib_msgs/rosidl_generator_c -I/home/neu/Desktop/microros_ws/firmware/mcu_ws/build/actionlib_msgs/rosidl_typesupport_microxrcedds_c -isystem /home/neu/Desktop/microros_ws/firmware/mcu_ws/install/rosidl_typesupport_microxrcedds_c/include -isystem /home/neu/Desktop/microros_ws/firmware/mcu_ws/install/rmw/include/rmw -isystem /home/neu/Desktop/microros_ws/firmware/mcu_ws/install/rosidl_runtime_c/include/rosidl_runtime_c -isystem /home/neu/Desktop/microros_ws/firmware/mcu_ws/install/rosidl_typesupport_interface/include/rosidl_typesupport_interface -isystem /home/neu/Desktop/microros_ws/firmware/mcu_ws/install/builtin_interfaces/include/builtin_interfaces -isystem /home/neu/Desktop/microros_ws/firmware/mcu_ws/install/std_msgs/include/std_msgs -isystem /home/neu/Desktop/microros_ws/firmware/mcu_ws/install/rcutils/include/rcutils -isystem /home/neu/Desktop/microros_ws/firmware/mcu_ws/install/rosidl_typesupport_introspection_c/include/rosidl_typesupport_introspection_c -isystem /home/neu/Desktop/microros_ws/firmware/mcu_ws/install/microcdr/include  -std=c11 -mcpu=cortex-m4 -mthumb -mfpu=fpv4-sp-d16 -mfloat-abi=hard -DUSE_HAL_DRIVER -DSTM32F446xx -D_TIMEVAL_DEFINED -O0 -Wall -fdata-sections -ffunction-sections  -DCLOCK_MONOTONIC=0 -g   -Wall -Wextra -Wpedantic -std=gnu99 -o CMakeFiles/actionlib_msgs__rosidl_typesupport_microxrcedds_c.dir/rosidl_typesupport_microxrcedds_c/actionlib_msgs/msg/detail/microxrcedds/goal_status__type_support_c.c.obj   -c /home/neu/Desktop/microros_ws/firmware/mcu_ws/build/actionlib_msgs/rosidl_typesupport_microxrcedds_c/actionlib_msgs/msg/detail/microxrcedds/goal_status__type_support_c.c
[ 90%] [32mBuilding C object CMakeFiles/actionlib_msgs__rosidl_typesupport_microxrcedds_c.dir/rosidl_typesupport_microxrcedds_c/actionlib_msgs/msg/detail/microxrcedds/goal_status_array__type_support_c.c.obj[0m
/home/neu/Desktop/microros_ws/firmware/freertos_apps/microros_nucleo_f446ze_extensions/../../toolchain/bin/arm-none-eabi-gcc -DROS_PACKAGE_NAME=\"actionlib_msgs\" -I/home/neu/Desktop/microros_ws/firmware/mcu_ws/build/actionlib_msgs/rosidl_generator_c -I/home/neu/Desktop/microros_ws/firmware/mcu_ws/build/actionlib_msgs/rosidl_typesupport_microxrcedds_c -isystem /home/neu/Desktop/microros_ws/firmware/mcu_ws/install/rosidl_typesupport_microxrcedds_c/include -isystem /home/neu/Desktop/microros_ws/firmware/mcu_ws/install/rmw/include/rmw -isystem /home/neu/Desktop/microros_ws/firmware/mcu_ws/install/rosidl_runtime_c/include/rosidl_runtime_c -isystem /home/neu/Desktop/microros_ws/firmware/mcu_ws/install/rosidl_typesupport_interface/include/rosidl_typesupport_interface -isystem /home/neu/Desktop/microros_ws/firmware/mcu_ws/install/builtin_interfaces/include/builtin_interfaces -isystem /home/neu/Desktop/microros_ws/firmware/mcu_ws/install/std_msgs/include/std_msgs -isystem /home/neu/Desktop/microros_ws/firmware/mcu_ws/install/rcutils/include/rcutils -isystem /home/neu/Desktop/microros_ws/firmware/mcu_ws/install/rosidl_typesupport_introspection_c/include/rosidl_typesupport_introspection_c -isystem /home/neu/Desktop/microros_ws/firmware/mcu_ws/install/microcdr/include  -std=c11 -mcpu=cortex-m4 -mthumb -mfpu=fpv4-sp-d16 -mfloat-abi=hard -DUSE_HAL_DRIVER -DSTM32F446xx -D_TIMEVAL_DEFINED -O0 -Wall -fdata-sections -ffunction-sections  -DCLOCK_MONOTONIC=0 -g   -Wall -Wextra -Wpedantic -std=gnu99 -o CMakeFiles/actionlib_msgs__rosidl_typesupport_microxrcedds_c.dir/rosidl_typesupport_microxrcedds_c/actionlib_msgs/msg/detail/microxrcedds/goal_status_array__type_support_c.c.obj   -c /home/neu/Desktop/microros_ws/firmware/mcu_ws/build/actionlib_msgs/rosidl_typesupport_microxrcedds_c/actionlib_msgs/msg/detail/microxrcedds/goal_status_array__type_support_c.c
[ 95%] [32m[1mLinking C static library libactionlib_msgs__rosidl_typesupport_introspection_c.a[0m
/usr/bin/cmake -P CMakeFiles/actionlib_msgs__rosidl_typesupport_introspection_c.dir/cmake_clean_target.cmake
/usr/bin/cmake -E cmake_link_script CMakeFiles/actionlib_msgs__rosidl_typesupport_introspection_c.dir/link.txt --verbose=1
/home/neu/Desktop/microros_ws/firmware/toolchain/bin/arm-none-eabi-ar qc libactionlib_msgs__rosidl_typesupport_introspection_c.a  CMakeFiles/actionlib_msgs__rosidl_typesupport_introspection_c.dir/rosidl_typesupport_introspection_c/actionlib_msgs/msg/detail/goal_id__type_support.c.obj CMakeFiles/actionlib_msgs__rosidl_typesupport_introspection_c.dir/rosidl_typesupport_introspection_c/actionlib_msgs/msg/detail/goal_status__type_support.c.obj CMakeFiles/actionlib_msgs__rosidl_typesupport_introspection_c.dir/rosidl_typesupport_introspection_c/actionlib_msgs/msg/detail/goal_status_array__type_support.c.obj
/home/neu/Desktop/microros_ws/firmware/toolchain/bin/arm-none-eabi-ranlib libactionlib_msgs__rosidl_typesupport_introspection_c.a
make[3]: Leaving directory '/home/neu/Desktop/microros_ws/firmware/mcu_ws/build/actionlib_msgs'
[ 95%] Built target actionlib_msgs__rosidl_typesupport_introspection_c
[100%] [32m[1mLinking CXX static library libactionlib_msgs__rosidl_typesupport_microxrcedds_c.a[0m
/usr/bin/cmake -P CMakeFiles/actionlib_msgs__rosidl_typesupport_microxrcedds_c.dir/cmake_clean_target.cmake
/usr/bin/cmake -E cmake_link_script CMakeFiles/actionlib_msgs__rosidl_typesupport_microxrcedds_c.dir/link.txt --verbose=1
/home/neu/Desktop/microros_ws/firmware/toolchain/bin/arm-none-eabi-ar qc libactionlib_msgs__rosidl_typesupport_microxrcedds_c.a  CMakeFiles/actionlib_msgs__rosidl_typesupport_microxrcedds_c.dir/rosidl_typesupport_microxrcedds_c/actionlib_msgs/msg/detail/microxrcedds/goal_id__type_support_c.c.obj CMakeFiles/actionlib_msgs__rosidl_typesupport_microxrcedds_c.dir/rosidl_typesupport_microxrcedds_c/actionlib_msgs/msg/detail/microxrcedds/goal_status__type_support_c.c.obj CMakeFiles/actionlib_msgs__rosidl_typesupport_microxrcedds_c.dir/rosidl_typesupport_microxrcedds_c/actionlib_msgs/msg/detail/microxrcedds/goal_status_array__type_support_c.c.obj
/home/neu/Desktop/microros_ws/firmware/toolchain/bin/arm-none-eabi-ranlib libactionlib_msgs__rosidl_typesupport_microxrcedds_c.a
make[3]: Leaving directory '/home/neu/Desktop/microros_ws/firmware/mcu_ws/build/actionlib_msgs'
[100%] Built target actionlib_msgs__rosidl_typesupport_microxrcedds_c
/usr/bin/make -f CMakeFiles/actionlib_msgs.dir/build.make CMakeFiles/actionlib_msgs.dir/depend
make[3]: Entering directory '/home/neu/Desktop/microros_ws/firmware/mcu_ws/build/actionlib_msgs'
cd /home/neu/Desktop/microros_ws/firmware/mcu_ws/build/actionlib_msgs && /usr/bin/cmake -E cmake_depends "Unix Makefiles" /home/neu/Desktop/microros_ws/firmware/mcu_ws/ros2/common_interfaces/actionlib_msgs /home/neu/Desktop/microros_ws/firmware/mcu_ws/ros2/common_interfaces/actionlib_msgs /home/neu/Desktop/microros_ws/firmware/mcu_ws/build/actionlib_msgs /home/neu/Desktop/microros_ws/firmware/mcu_ws/build/actionlib_msgs /home/neu/Desktop/microros_ws/firmware/mcu_ws/build/actionlib_msgs/CMakeFiles/actionlib_msgs.dir/DependInfo.cmake --color=
Dependee "/home/neu/Desktop/microros_ws/firmware/mcu_ws/build/actionlib_msgs/CMakeFiles/actionlib_msgs.dir/DependInfo.cmake" is newer than depender "/home/neu/Desktop/microros_ws/firmware/mcu_ws/build/actionlib_msgs/CMakeFiles/actionlib_msgs.dir/depend.internal".
Dependee "/home/neu/Desktop/microros_ws/firmware/mcu_ws/build/actionlib_msgs/CMakeFiles/CMakeDirectoryInformation.cmake" is newer than depender "/home/neu/Desktop/microros_ws/firmware/mcu_ws/build/actionlib_msgs/CMakeFiles/actionlib_msgs.dir/depend.internal".
[35m[1mScanning dependencies of target actionlib_msgs[0m
make[3]: Leaving directory '/home/neu/Desktop/microros_ws/firmware/mcu_ws/build/actionlib_msgs'
/usr/bin/make -f CMakeFiles/actionlib_msgs.dir/build.make CMakeFiles/actionlib_msgs.dir/build
make[3]: Entering directory '/home/neu/Desktop/microros_ws/firmware/mcu_ws/build/actionlib_msgs'
make[3]: Nothing to be done for 'CMakeFiles/actionlib_msgs.dir/build'.
make[3]: Leaving directory '/home/neu/Desktop/microros_ws/firmware/mcu_ws/build/actionlib_msgs'
[100%] Built target actionlib_msgs
make[2]: Leaving directory '/home/neu/Desktop/microros_ws/firmware/mcu_ws/build/actionlib_msgs'
/usr/bin/cmake -E cmake_progress_start /home/neu/Desktop/microros_ws/firmware/mcu_ws/build/actionlib_msgs/CMakeFiles 0
make[1]: Leaving directory '/home/neu/Desktop/microros_ws/firmware/mcu_ws/build/actionlib_msgs'
-- Install configuration: "Debug"
-- Installing: /home/neu/Desktop/microros_ws/firmware/mcu_ws/install/actionlib_msgs/share/ament_index/resource_index/rosidl_interfaces/actionlib_msgs
-- Installing: /home/neu/Desktop/microros_ws/firmware/mcu_ws/install/actionlib_msgs/include/actionlib_msgs/actionlib_msgs
-- Installing: /home/neu/Desktop/microros_ws/firmware/mcu_ws/install/actionlib_msgs/include/actionlib_msgs/actionlib_msgs/msg
-- Installing: /home/neu/Desktop/microros_ws/firmware/mcu_ws/install/actionlib_msgs/include/actionlib_msgs/actionlib_msgs/msg/detail
-- Installing: /home/neu/Desktop/microros_ws/firmware/mcu_ws/install/actionlib_msgs/include/actionlib_msgs/actionlib_msgs/msg/detail/goal_status_array__functions.c
-- Installing: /home/neu/Desktop/microros_ws/firmware/mcu_ws/install/actionlib_msgs/include/actionlib_msgs/actionlib_msgs/msg/detail/goal_status_array__type_support.h
-- Installing: /home/neu/Desktop/microros_ws/firmware/mcu_ws/install/actionlib_msgs/include/actionlib_msgs/actionlib_msgs/msg/detail/goal_status_array__functions.h
-- Installing: /home/neu/Desktop/microros_ws/firmware/mcu_ws/install/actionlib_msgs/include/actionlib_msgs/actionlib_msgs/msg/detail/goal_status__struct.h
-- Installing: /home/neu/Desktop/microros_ws/firmware/mcu_ws/install/actionlib_msgs/include/actionlib_msgs/actionlib_msgs/msg/detail/goal_status__functions.c
-- Installing: /home/neu/Desktop/microros_ws/firmware/mcu_ws/install/actionlib_msgs/include/actionlib_msgs/actionlib_msgs/msg/detail/goal_id__type_support.h
-- Installing: /home/neu/Desktop/microros_ws/firmware/mcu_ws/install/actionlib_msgs/include/actionlib_msgs/actionlib_msgs/msg/detail/goal_status_array__struct.h
-- Installing: /home/neu/Desktop/microros_ws/firmware/mcu_ws/install/actionlib_msgs/include/actionlib_msgs/actionlib_msgs/msg/detail/goal_status__type_support.h
-- Installing: /home/neu/Desktop/microros_ws/firmware/mcu_ws/install/actionlib_msgs/include/actionlib_msgs/actionlib_msgs/msg/detail/goal_id__struct.h
-- Installing: /home/neu/Desktop/microros_ws/firmware/mcu_ws/install/actionlib_msgs/include/actionlib_msgs/actionlib_msgs/msg/detail/goal_id__functions.c
-- Installing: /home/neu/Desktop/microros_ws/firmware/mcu_ws/install/actionlib_msgs/include/actionlib_msgs/actionlib_msgs/msg/detail/goal_id__functions.h
-- Installing: /home/neu/Desktop/microros_ws/firmware/mcu_ws/install/actionlib_msgs/include/actionlib_msgs/actionlib_msgs/msg/detail/goal_status__functions.h
-- Installing: /home/neu/Desktop/microros_ws/firmware/mcu_ws/install/actionlib_msgs/include/actionlib_msgs/actionlib_msgs/msg/goal_status_array.h
-- Installing: /home/neu/Desktop/microros_ws/firmware/mcu_ws/install/actionlib_msgs/include/actionlib_msgs/actionlib_msgs/msg/goal_id.h
-- Installing: /home/neu/Desktop/microros_ws/firmware/mcu_ws/install/actionlib_msgs/include/actionlib_msgs/actionlib_msgs/msg/rosidl_generator_c__visibility_control.h
-- Installing: /home/neu/Desktop/microros_ws/firmware/mcu_ws/install/actionlib_msgs/include/actionlib_msgs/actionlib_msgs/msg/goal_status.h
-- Installing: /home/neu/Desktop/microros_ws/firmware/mcu_ws/install/actionlib_msgs/share/actionlib_msgs/environment/library_path.sh
-- Installing: /home/neu/Desktop/microros_ws/firmware/mcu_ws/install/actionlib_msgs/share/actionlib_msgs/environment/library_path.dsv
-- Installing: /home/neu/Desktop/microros_ws/firmware/mcu_ws/install/actionlib_msgs/lib/libactionlib_msgs__rosidl_generator_c.a
-- Up-to-date: /home/neu/Desktop/microros_ws/firmware/mcu_ws/install/actionlib_msgs/include/actionlib_msgs
-- Installing: /home/neu/Desktop/microros_ws/firmware/mcu_ws/install/actionlib_msgs/include/actionlib_msgs/msg
-- Installing: /home/neu/Desktop/microros_ws/firmware/mcu_ws/install/actionlib_msgs/include/actionlib_msgs/msg/detail
-- Installing: /home/neu/Desktop/microros_ws/firmware/mcu_ws/install/actionlib_msgs/include/actionlib_msgs/msg/detail/goal_status_array__rosidl_typesupport_microxrcedds_c.h
-- Installing: /home/neu/Desktop/microros_ws/firmware/mcu_ws/install/actionlib_msgs/include/actionlib_msgs/msg/detail/microxrcedds
-- Installing: /home/neu/Desktop/microros_ws/firmware/mcu_ws/install/actionlib_msgs/include/actionlib_msgs/msg/detail/goal_id__rosidl_typesupport_microxrcedds_c.h
-- Installing: /home/neu/Desktop/microros_ws/firmware/mcu_ws/install/actionlib_msgs/include/actionlib_msgs/msg/detail/goal_status__rosidl_typesupport_microxrcedds_c.h
-- Installing: /home/neu/Desktop/microros_ws/firmware/mcu_ws/install/actionlib_msgs/include/actionlib_msgs/msg/rosidl_typesupport_microxrcedds_c__visibility_control.h
-- Installing: /home/neu/Desktop/microros_ws/firmware/mcu_ws/install/actionlib_msgs/lib/libactionlib_msgs__rosidl_typesupport_microxrcedds_c.a
-- Up-to-date: /home/neu/Desktop/microros_ws/firmware/mcu_ws/install/actionlib_msgs/include/actionlib_msgs/actionlib_msgs
-- Up-to-date: /home/neu/Desktop/microros_ws/firmware/mcu_ws/install/actionlib_msgs/include/actionlib_msgs/actionlib_msgs/msg
-- Up-to-date: /home/neu/Desktop/microros_ws/firmware/mcu_ws/install/actionlib_msgs/include/actionlib_msgs/actionlib_msgs/msg/detail
-- Installing: /home/neu/Desktop/microros_ws/firmware/mcu_ws/install/actionlib_msgs/include/actionlib_msgs/actionlib_msgs/msg/detail/goal_status__type_support.c
-- Installing: /home/neu/Desktop/microros_ws/firmware/mcu_ws/install/actionlib_msgs/include/actionlib_msgs/actionlib_msgs/msg/detail/goal_id__type_support.c
-- Installing: /home/neu/Desktop/microros_ws/firmware/mcu_ws/install/actionlib_msgs/include/actionlib_msgs/actionlib_msgs/msg/detail/goal_status__rosidl_typesupport_introspection_c.h
-- Installing: /home/neu/Desktop/microros_ws/firmware/mcu_ws/install/actionlib_msgs/include/actionlib_msgs/actionlib_msgs/msg/detail/goal_id__rosidl_typesupport_introspection_c.h
-- Installing: /home/neu/Desktop/microros_ws/firmware/mcu_ws/install/actionlib_msgs/include/actionlib_msgs/actionlib_msgs/msg/detail/goal_status_array__type_support.c
-- Installing: /home/neu/Desktop/microros_ws/firmware/mcu_ws/install/actionlib_msgs/include/actionlib_msgs/actionlib_msgs/msg/detail/goal_status_array__rosidl_typesupport_introspection_c.h
-- Installing: /home/neu/Desktop/microros_ws/firmware/mcu_ws/install/actionlib_msgs/include/actionlib_msgs/actionlib_msgs/msg/rosidl_typesupport_introspection_c__visibility_control.h
-- Installing: /home/neu/Desktop/microros_ws/firmware/mcu_ws/install/actionlib_msgs/lib/libactionlib_msgs__rosidl_typesupport_introspection_c.a
-- Installing: /home/neu/Desktop/microros_ws/firmware/mcu_ws/install/actionlib_msgs/lib/libactionlib_msgs__rosidl_typesupport_c.a
-- Installing: /home/neu/Desktop/microros_ws/firmware/mcu_ws/install/actionlib_msgs/share/actionlib_msgs/msg/GoalID.idl
-- Installing: /home/neu/Desktop/microros_ws/firmware/mcu_ws/install/actionlib_msgs/share/actionlib_msgs/msg/GoalStatus.idl
-- Installing: /home/neu/Desktop/microros_ws/firmware/mcu_ws/install/actionlib_msgs/share/actionlib_msgs/msg/GoalStatusArray.idl
-- Installing: /home/neu/Desktop/microros_ws/firmware/mcu_ws/install/actionlib_msgs/share/actionlib_msgs/msg/GoalID.msg
-- Installing: /home/neu/Desktop/microros_ws/firmware/mcu_ws/install/actionlib_msgs/share/actionlib_msgs/msg/GoalStatus.msg
-- Installing: /home/neu/Desktop/microros_ws/firmware/mcu_ws/install/actionlib_msgs/share/actionlib_msgs/msg/GoalStatusArray.msg
-- Installing: /home/neu/Desktop/microros_ws/firmware/mcu_ws/install/actionlib_msgs/share/ament_index/resource_index/package_run_dependencies/actionlib_msgs
-- Installing: /home/neu/Desktop/microros_ws/firmware/mcu_ws/install/actionlib_msgs/share/ament_index/resource_index/parent_prefix_path/actionlib_msgs
-- Installing: /home/neu/Desktop/microros_ws/firmware/mcu_ws/install/actionlib_msgs/share/actionlib_msgs/environment/ament_prefix_path.sh
-- Installing: /home/neu/Desktop/microros_ws/firmware/mcu_ws/install/actionlib_msgs/share/actionlib_msgs/environment/ament_prefix_path.dsv
-- Installing: /home/neu/Desktop/microros_ws/firmware/mcu_ws/install/actionlib_msgs/share/actionlib_msgs/environment/path.sh
-- Installing: /home/neu/Desktop/microros_ws/firmware/mcu_ws/install/actionlib_msgs/share/actionlib_msgs/environment/path.dsv
-- Installing: /home/neu/Desktop/microros_ws/firmware/mcu_ws/install/actionlib_msgs/share/actionlib_msgs/local_setup.bash
-- Installing: /home/neu/Desktop/microros_ws/firmware/mcu_ws/install/actionlib_msgs/share/actionlib_msgs/local_setup.sh
-- Installing: /home/neu/Desktop/microros_ws/firmware/mcu_ws/install/actionlib_msgs/share/actionlib_msgs/local_setup.zsh
-- Installing: /home/neu/Desktop/microros_ws/firmware/mcu_ws/install/actionlib_msgs/share/actionlib_msgs/local_setup.dsv
-- Installing: /home/neu/Desktop/microros_ws/firmware/mcu_ws/install/actionlib_msgs/share/actionlib_msgs/package.dsv
-- Installing: /home/neu/Desktop/microros_ws/firmware/mcu_ws/install/actionlib_msgs/share/ament_index/resource_index/packages/actionlib_msgs
-- Installing: /home/neu/Desktop/microros_ws/firmware/mcu_ws/install/actionlib_msgs/share/actionlib_msgs/cmake/export_actionlib_msgs__rosidl_generator_cExport.cmake
-- Installing: /home/neu/Desktop/microros_ws/firmware/mcu_ws/install/actionlib_msgs/share/actionlib_msgs/cmake/export_actionlib_msgs__rosidl_generator_cExport-debug.cmake
-- Installing: /home/neu/Desktop/microros_ws/firmware/mcu_ws/install/actionlib_msgs/share/actionlib_msgs/cmake/actionlib_msgs__rosidl_typesupport_introspection_cExport.cmake
-- Installing: /home/neu/Desktop/microros_ws/firmware/mcu_ws/install/actionlib_msgs/share/actionlib_msgs/cmake/actionlib_msgs__rosidl_typesupport_introspection_cExport-debug.cmake
-- Installing: /home/neu/Desktop/microros_ws/firmware/mcu_ws/install/actionlib_msgs/share/actionlib_msgs/cmake/actionlib_msgs__rosidl_typesupport_cExport.cmake
-- Installing: /home/neu/Desktop/microros_ws/firmware/mcu_ws/install/actionlib_msgs/share/actionlib_msgs/cmake/actionlib_msgs__rosidl_typesupport_cExport-debug.cmake
-- Installing: /home/neu/Desktop/microros_ws/firmware/mcu_ws/install/actionlib_msgs/share/actionlib_msgs/cmake/rosidl_cmake-extras.cmake
-- Installing: /home/neu/Desktop/microros_ws/firmware/mcu_ws/install/actionlib_msgs/share/actionlib_msgs/cmake/ament_cmake_export_dependencies-extras.cmake
-- Installing: /home/neu/Desktop/microros_ws/firmware/mcu_ws/install/actionlib_msgs/share/actionlib_msgs/cmake/ament_cmake_export_include_directories-extras.cmake
-- Installing: /home/neu/Desktop/microros_ws/firmware/mcu_ws/install/actionlib_msgs/share/actionlib_msgs/cmake/ament_cmake_export_libraries-extras.cmake
-- Installing: /home/neu/Desktop/microros_ws/firmware/mcu_ws/install/actionlib_msgs/share/actionlib_msgs/cmake/ament_cmake_export_targets-extras.cmake
-- Installing: /home/neu/Desktop/microros_ws/firmware/mcu_ws/install/actionlib_msgs/share/actionlib_msgs/cmake/rosidl_cmake_export_typesupport_targets-extras.cmake
-- Installing: /home/neu/Desktop/microros_ws/firmware/mcu_ws/install/actionlib_msgs/share/actionlib_msgs/cmake/rosidl_cmake_export_typesupport_libraries-extras.cmake
-- Installing: /home/neu/Desktop/microros_ws/firmware/mcu_ws/install/actionlib_msgs/share/actionlib_msgs/cmake/actionlib_msgsConfig.cmake
-- Installing: /home/neu/Desktop/microros_ws/firmware/mcu_ws/install/actionlib_msgs/share/actionlib_msgs/cmake/actionlib_msgsConfig-version.cmake
-- Installing: /home/neu/Desktop/microros_ws/firmware/mcu_ws/install/actionlib_msgs/share/actionlib_msgs/package.xml
