Not searching for unused variables given on the command line.
-- The C compiler identification is GNU 8.3.1
-- The CXX compiler identification is GNU 8.3.1
-- Check for working C compiler: /home/neu/Desktop/microros_ws/firmware/freertos_apps/microros_nucleo_f446ze_extensions/../../toolchain/bin/arm-none-eabi-gcc
-- Check for working C compiler: /home/neu/Desktop/microros_ws/firmware/freertos_apps/microros_nucleo_f446ze_extensions/../../toolchain/bin/arm-none-eabi-gcc -- works
-- Detecting C compiler ABI info
-- Detecting C compiler ABI info - done
-- Detecting C compile features
-- Detecting C compile features - done
-- Check for working CXX compiler: /home/neu/Desktop/microros_ws/firmware/freertos_apps/microros_nucleo_f446ze_extensions/../../toolchain/bin/arm-none-eabi-g++
-- Check for working CXX compiler: /home/neu/Desktop/microros_ws/firmware/freertos_apps/microros_nucleo_f446ze_extensions/../../toolchain/bin/arm-none-eabi-g++ -- works
-- Detecting CXX compiler ABI info
-- Detecting CXX compiler ABI info - done
-- Detecting CXX compile features
-- Detecting CXX compile features - done
-- Found ament_cmake: 1.3.5 (/home/neu/Desktop/microros_ws/firmware/dev_ws/install/ament_cmake/share/ament_cmake/cmake)
-- Found Python3: /usr/bin/python3.8 (found version "3.8.10") found components: Interpreter 
-- Found rosidl_typesupport_introspection_c: 3.1.5 (/home/neu/Desktop/microros_ws/firmware/mcu_ws/install/rosidl_typesupport_introspection_c/share/rosidl_typesupport_introspection_c/cmake)
-- Found rosidl_adapter: 3.1.5 (/home/neu/Desktop/microros_ws/firmware/mcu_ws/install/rosidl_adapter/share/rosidl_adapter/cmake)
CMake Warning at /home/neu/Desktop/microros_ws/firmware/mcu_ws/install/rcutils/share/rcutils/cmake/ament_cmake_export_libraries-extras.cmake:116 (message):
  Package 'rcutils' exports library 'dl' which couldn't be found
Call Stack (most recent call first):
  /home/neu/Desktop/microros_ws/firmware/mcu_ws/install/rcutils/share/rcutils/cmake/rcutilsConfig.cmake:41 (include)
  /home/neu/Desktop/microros_ws/firmware/mcu_ws/install/rosidl_runtime_c/share/rosidl_runtime_c/cmake/ament_cmake_export_dependencies-extras.cmake:21 (find_package)
  /home/neu/Desktop/microros_ws/firmware/mcu_ws/install/rosidl_runtime_c/share/rosidl_runtime_c/cmake/rosidl_runtime_cConfig.cmake:41 (include)
  /home/neu/Desktop/microros_ws/firmware/mcu_ws/install/rosidl_typesupport_introspection_c/share/rosidl_typesupport_introspection_c/cmake/ament_cmake_export_dependencies-extras.cmake:21 (find_package)
  /home/neu/Desktop/microros_ws/firmware/mcu_ws/install/rosidl_typesupport_introspection_c/share/rosidl_typesupport_introspection_c/cmake/rosidl_typesupport_introspection_cConfig.cmake:41 (include)
  CMakeLists.txt:18 (find_package)


-- Configuring done
-- Generating done
-- Build files have been written to: /home/neu/Desktop/microros_ws/firmware/mcu_ws/build/micro_ros_utilities
make[1]: Entering directory '/home/neu/Desktop/microros_ws/firmware/mcu_ws/build/micro_ros_utilities'
/usr/bin/cmake -S/home/neu/Desktop/microros_ws/firmware/mcu_ws/uros/micro_ros_utilities -B/home/neu/Desktop/microros_ws/firmware/mcu_ws/build/micro_ros_utilities --check-build-system CMakeFiles/Makefile.cmake 0
/usr/bin/cmake -E cmake_progress_start /home/neu/Desktop/microros_ws/firmware/mcu_ws/build/micro_ros_utilities/CMakeFiles /home/neu/Desktop/microros_ws/firmware/mcu_ws/build/micro_ros_utilities/CMakeFiles/progress.marks
/usr/bin/make -f CMakeFiles/Makefile2 all
make[2]: Entering directory '/home/neu/Desktop/microros_ws/firmware/mcu_ws/build/micro_ros_utilities'
/usr/bin/make -f CMakeFiles/micro_ros_utilities.dir/build.make CMakeFiles/micro_ros_utilities.dir/depend
make[3]: Entering directory '/home/neu/Desktop/microros_ws/firmware/mcu_ws/build/micro_ros_utilities'
cd /home/neu/Desktop/microros_ws/firmware/mcu_ws/build/micro_ros_utilities && /usr/bin/cmake -E cmake_depends "Unix Makefiles" /home/neu/Desktop/microros_ws/firmware/mcu_ws/uros/micro_ros_utilities /home/neu/Desktop/microros_ws/firmware/mcu_ws/uros/micro_ros_utilities /home/neu/Desktop/microros_ws/firmware/mcu_ws/build/micro_ros_utilities /home/neu/Desktop/microros_ws/firmware/mcu_ws/build/micro_ros_utilities /home/neu/Desktop/microros_ws/firmware/mcu_ws/build/micro_ros_utilities/CMakeFiles/micro_ros_utilities.dir/DependInfo.cmake --color=
Dependee "/home/neu/Desktop/microros_ws/firmware/mcu_ws/build/micro_ros_utilities/CMakeFiles/micro_ros_utilities.dir/DependInfo.cmake" is newer than depender "/home/neu/Desktop/microros_ws/firmware/mcu_ws/build/micro_ros_utilities/CMakeFiles/micro_ros_utilities.dir/depend.internal".
Dependee "/home/neu/Desktop/microros_ws/firmware/mcu_ws/build/micro_ros_utilities/CMakeFiles/CMakeDirectoryInformation.cmake" is newer than depender "/home/neu/Desktop/microros_ws/firmware/mcu_ws/build/micro_ros_utilities/CMakeFiles/micro_ros_utilities.dir/depend.internal".
[35m[1mScanning dependencies of target micro_ros_utilities[0m
make[3]: Leaving directory '/home/neu/Desktop/microros_ws/firmware/mcu_ws/build/micro_ros_utilities'
/usr/bin/make -f CMakeFiles/micro_ros_utilities.dir/build.make CMakeFiles/micro_ros_utilities.dir/build
make[3]: Entering directory '/home/neu/Desktop/microros_ws/firmware/mcu_ws/build/micro_ros_utilities'
[ 33%] [32mBuilding C object CMakeFiles/micro_ros_utilities.dir/src/string_utilities.c.obj[0m
[ 66%] [32mBuilding C object CMakeFiles/micro_ros_utilities.dir/src/type_utilities.c.obj[0m
/home/neu/Desktop/microros_ws/firmware/freertos_apps/microros_nucleo_f446ze_extensions/../../toolchain/bin/arm-none-eabi-gcc  -I/home/neu/Desktop/microros_ws/firmware/mcu_ws/uros/micro_ros_utilities/include -I/home/neu/Desktop/microros_ws/firmware/mcu_ws/uros/micro_ros_utilities/src -isystem /home/neu/Desktop/microros_ws/firmware/mcu_ws/install/rosidl_typesupport_introspection_c/include/rosidl_typesupport_introspection_c -isystem /home/neu/Desktop/microros_ws/firmware/mcu_ws/install/rosidl_runtime_c/include/rosidl_runtime_c -isystem /home/neu/Desktop/microros_ws/firmware/mcu_ws/install/rcutils/include/rcutils -isystem /home/neu/Desktop/microros_ws/firmware/mcu_ws/install/rosidl_typesupport_interface/include/rosidl_typesupport_interface  -std=c11 -mcpu=cortex-m4 -mthumb -mfpu=fpv4-sp-d16 -mfloat-abi=hard -DUSE_HAL_DRIVER -DSTM32F446xx -D_TIMEVAL_DEFINED -O0 -Wall -fdata-sections -ffunction-sections  -DCLOCK_MONOTONIC=0 -g   -Wall -Wextra -Wpedantic -std=gnu11 -o CMakeFiles/micro_ros_utilities.dir/src/string_utilities.c.obj   -c /home/neu/Desktop/microros_ws/firmware/mcu_ws/uros/micro_ros_utilities/src/string_utilities.c
/home/neu/Desktop/microros_ws/firmware/freertos_apps/microros_nucleo_f446ze_extensions/../../toolchain/bin/arm-none-eabi-gcc  -I/home/neu/Desktop/microros_ws/firmware/mcu_ws/uros/micro_ros_utilities/include -I/home/neu/Desktop/microros_ws/firmware/mcu_ws/uros/micro_ros_utilities/src -isystem /home/neu/Desktop/microros_ws/firmware/mcu_ws/install/rosidl_typesupport_introspection_c/include/rosidl_typesupport_introspection_c -isystem /home/neu/Desktop/microros_ws/firmware/mcu_ws/install/rosidl_runtime_c/include/rosidl_runtime_c -isystem /home/neu/Desktop/microros_ws/firmware/mcu_ws/install/rcutils/include/rcutils -isystem /home/neu/Desktop/microros_ws/firmware/mcu_ws/install/rosidl_typesupport_interface/include/rosidl_typesupport_interface  -std=c11 -mcpu=cortex-m4 -mthumb -mfpu=fpv4-sp-d16 -mfloat-abi=hard -DUSE_HAL_DRIVER -DSTM32F446xx -D_TIMEVAL_DEFINED -O0 -Wall -fdata-sections -ffunction-sections  -DCLOCK_MONOTONIC=0 -g   -Wall -Wextra -Wpedantic -std=gnu11 -o CMakeFiles/micro_ros_utilities.dir/src/type_utilities.c.obj   -c /home/neu/Desktop/microros_ws/firmware/mcu_ws/uros/micro_ros_utilities/src/type_utilities.c
[01m[K/home/neu/Desktop/microros_ws/firmware/mcu_ws/uros/micro_ros_utilities/src/type_utilities.c:[m[K In function '[01m[Kprint_type_info[m[K':
[01m[K/home/neu/Desktop/microros_ws/firmware/mcu_ws/uros/micro_ros_utilities/src/type_utilities.c:96:61:[m[K [01;35m[Kwarning: [m[Kformat '[01m[K%u[m[K' expects argument of type '[01m[Kunsigned int[m[K', but argument 7 has type '[01m[Kuint32_t[m[K' {aka '[01m[Kconst long unsigned int[m[K'} [[01;35m[K-Wformat=[m[K]
       buffer, sizeof(buffer), "%sIntrospection for %s/%s - [01;35m[K%u[m[K members, %zu B\n",
                                                            [01;35m[K~^[m[K
                                                            [32m[K%lu[m[K
[01m[K/home/neu/Desktop/microros_ws/firmware/mcu_ws/uros/micro_ros_utilities/src/type_utilities.c:100:7:[m[K
       [32m[Kmembers->member_count_[m[K,
       [32m[K~~~~~~~~~~~~~~~~~~~~~~[m[K                                 
[100%] [32m[1mLinking C static library libmicro_ros_utilities.a[0m
/usr/bin/cmake -P CMakeFiles/micro_ros_utilities.dir/cmake_clean_target.cmake
/usr/bin/cmake -E cmake_link_script CMakeFiles/micro_ros_utilities.dir/link.txt --verbose=1
/home/neu/Desktop/microros_ws/firmware/toolchain/bin/arm-none-eabi-ar qc libmicro_ros_utilities.a  CMakeFiles/micro_ros_utilities.dir/src/string_utilities.c.obj CMakeFiles/micro_ros_utilities.dir/src/type_utilities.c.obj
/home/neu/Desktop/microros_ws/firmware/toolchain/bin/arm-none-eabi-ranlib libmicro_ros_utilities.a
make[3]: Leaving directory '/home/neu/Desktop/microros_ws/firmware/mcu_ws/build/micro_ros_utilities'
[100%] Built target micro_ros_utilities
make[2]: Leaving directory '/home/neu/Desktop/microros_ws/firmware/mcu_ws/build/micro_ros_utilities'
/usr/bin/cmake -E cmake_progress_start /home/neu/Desktop/microros_ws/firmware/mcu_ws/build/micro_ros_utilities/CMakeFiles 0
make[1]: Leaving directory '/home/neu/Desktop/microros_ws/firmware/mcu_ws/build/micro_ros_utilities'
-- Install configuration: "Debug"
-- Installing: /home/neu/Desktop/microros_ws/firmware/mcu_ws/install/micro_ros_utilities/include
-- Installing: /home/neu/Desktop/microros_ws/firmware/mcu_ws/install/micro_ros_utilities/include/micro_ros_utilities
-- Installing: /home/neu/Desktop/microros_ws/firmware/mcu_ws/install/micro_ros_utilities/include/micro_ros_utilities/visibility_control.h
-- Installing: /home/neu/Desktop/microros_ws/firmware/mcu_ws/install/micro_ros_utilities/include/micro_ros_utilities/string_utilities.h
-- Installing: /home/neu/Desktop/microros_ws/firmware/mcu_ws/install/micro_ros_utilities/include/micro_ros_utilities/type_utilities.h
-- Installing: /home/neu/Desktop/microros_ws/firmware/mcu_ws/install/micro_ros_utilities/lib/libmicro_ros_utilities.a
-- Installing: /home/neu/Desktop/microros_ws/firmware/mcu_ws/install/micro_ros_utilities/share/micro_ros_utilities/environment/library_path.sh
-- Installing: /home/neu/Desktop/microros_ws/firmware/mcu_ws/install/micro_ros_utilities/share/micro_ros_utilities/environment/library_path.dsv
-- Installing: /home/neu/Desktop/microros_ws/firmware/mcu_ws/install/micro_ros_utilities/share/ament_index/resource_index/package_run_dependencies/micro_ros_utilities
-- Installing: /home/neu/Desktop/microros_ws/firmware/mcu_ws/install/micro_ros_utilities/share/ament_index/resource_index/parent_prefix_path/micro_ros_utilities
-- Installing: /home/neu/Desktop/microros_ws/firmware/mcu_ws/install/micro_ros_utilities/share/micro_ros_utilities/environment/ament_prefix_path.sh
-- Installing: /home/neu/Desktop/microros_ws/firmware/mcu_ws/install/micro_ros_utilities/share/micro_ros_utilities/environment/ament_prefix_path.dsv
-- Installing: /home/neu/Desktop/microros_ws/firmware/mcu_ws/install/micro_ros_utilities/share/micro_ros_utilities/environment/path.sh
-- Installing: /home/neu/Desktop/microros_ws/firmware/mcu_ws/install/micro_ros_utilities/share/micro_ros_utilities/environment/path.dsv
-- Installing: /home/neu/Desktop/microros_ws/firmware/mcu_ws/install/micro_ros_utilities/share/micro_ros_utilities/local_setup.bash
-- Installing: /home/neu/Desktop/microros_ws/firmware/mcu_ws/install/micro_ros_utilities/share/micro_ros_utilities/local_setup.sh
-- Installing: /home/neu/Desktop/microros_ws/firmware/mcu_ws/install/micro_ros_utilities/share/micro_ros_utilities/local_setup.zsh
-- Installing: /home/neu/Desktop/microros_ws/firmware/mcu_ws/install/micro_ros_utilities/share/micro_ros_utilities/local_setup.dsv
-- Installing: /home/neu/Desktop/microros_ws/firmware/mcu_ws/install/micro_ros_utilities/share/micro_ros_utilities/package.dsv
-- Installing: /home/neu/Desktop/microros_ws/firmware/mcu_ws/install/micro_ros_utilities/share/ament_index/resource_index/packages/micro_ros_utilities
-- Installing: /home/neu/Desktop/microros_ws/firmware/mcu_ws/install/micro_ros_utilities/share/micro_ros_utilities/cmake/ament_cmake_export_include_directories-extras.cmake
-- Installing: /home/neu/Desktop/microros_ws/firmware/mcu_ws/install/micro_ros_utilities/share/micro_ros_utilities/cmake/ament_cmake_export_libraries-extras.cmake
-- Installing: /home/neu/Desktop/microros_ws/firmware/mcu_ws/install/micro_ros_utilities/share/micro_ros_utilities/cmake/ament_cmake_export_dependencies-extras.cmake
-- Installing: /home/neu/Desktop/microros_ws/firmware/mcu_ws/install/micro_ros_utilities/share/micro_ros_utilities/cmake/micro_ros_utilitiesConfig.cmake
-- Installing: /home/neu/Desktop/microros_ws/firmware/mcu_ws/install/micro_ros_utilities/share/micro_ros_utilities/cmake/micro_ros_utilitiesConfig-version.cmake
-- Installing: /home/neu/Desktop/microros_ws/firmware/mcu_ws/install/micro_ros_utilities/share/micro_ros_utilities/package.xml
