[0.854s] Invoking command in '/home/neu/Desktop/microros_ws/firmware/mcu_ws/uros/tracetools/ros2trace': AMENT_PREFIX_PATH=/home/neu/Desktop/microros_ws/firmware/mcu_ws/install/tracetools_trace:${AMENT_PREFIX_PATH} PYTHONPATH=/home/neu/Desktop/microros_ws/firmware/mcu_ws/build/ros2trace/prefix_override:/home/neu/Desktop/microros_ws/firmware/mcu_ws/install/ros2trace/lib/python3.8/site-packages:/home/neu/Desktop/microros_ws/firmware/mcu_ws/install/tracetools_trace/lib/python3.8/site-packages:${PYTHONPATH} /usr/bin/python3 setup.py egg_info --egg-base ../../../build/ros2trace build --build-base /home/neu/Desktop/microros_ws/firmware/mcu_ws/build/ros2trace/build install --record /home/neu/Desktop/microros_ws/firmware/mcu_ws/build/ros2trace/install.log --single-version-externally-managed
[1.176s] running egg_info
[1.180s] creating ../../../build/ros2trace/ros2trace.egg-info
[1.180s] writing ../../../build/ros2trace/ros2trace.egg-info/PKG-INFO
[1.181s] writing dependency_links to ../../../build/ros2trace/ros2trace.egg-info/dependency_links.txt
[1.181s] writing entry points to ../../../build/ros2trace/ros2trace.egg-info/entry_points.txt
[1.181s] writing requirements to ../../../build/ros2trace/ros2trace.egg-info/requires.txt
[1.181s] writing top-level names to ../../../build/ros2trace/ros2trace.egg-info/top_level.txt
[1.181s] writing manifest file '../../../build/ros2trace/ros2trace.egg-info/SOURCES.txt'
[1.227s] reading manifest file '../../../build/ros2trace/ros2trace.egg-info/SOURCES.txt'
[1.227s] writing manifest file '../../../build/ros2trace/ros2trace.egg-info/SOURCES.txt'
[1.227s] running build
[1.227s] running build_py
[1.227s] creating /home/neu/Desktop/microros_ws/firmware/mcu_ws/build/ros2trace/build
[1.227s] creating /home/neu/Desktop/microros_ws/firmware/mcu_ws/build/ros2trace/build/lib
[1.227s] creating /home/neu/Desktop/microros_ws/firmware/mcu_ws/build/ros2trace/build/lib/ros2trace
[1.228s] copying ros2trace/__init__.py -> /home/neu/Desktop/microros_ws/firmware/mcu_ws/build/ros2trace/build/lib/ros2trace
[1.228s] creating /home/neu/Desktop/microros_ws/firmware/mcu_ws/build/ros2trace/build/lib/ros2trace/api
[1.229s] copying ros2trace/api/__init__.py -> /home/neu/Desktop/microros_ws/firmware/mcu_ws/build/ros2trace/build/lib/ros2trace/api
[1.229s] creating /home/neu/Desktop/microros_ws/firmware/mcu_ws/build/ros2trace/build/lib/ros2trace/command
[1.229s] copying ros2trace/command/trace.py -> /home/neu/Desktop/microros_ws/firmware/mcu_ws/build/ros2trace/build/lib/ros2trace/command
[1.229s] copying ros2trace/command/__init__.py -> /home/neu/Desktop/microros_ws/firmware/mcu_ws/build/ros2trace/build/lib/ros2trace/command
[1.229s] running install
[1.229s] running install_lib
[1.230s] creating /home/neu/Desktop/microros_ws/firmware/mcu_ws/install/ros2trace/lib/python3.8/site-packages/ros2trace
[1.230s] creating /home/neu/Desktop/microros_ws/firmware/mcu_ws/install/ros2trace/lib/python3.8/site-packages/ros2trace/api
[1.230s] copying /home/neu/Desktop/microros_ws/firmware/mcu_ws/build/ros2trace/build/lib/ros2trace/api/__init__.py -> /home/neu/Desktop/microros_ws/firmware/mcu_ws/install/ros2trace/lib/python3.8/site-packages/ros2trace/api
[1.230s] copying /home/neu/Desktop/microros_ws/firmware/mcu_ws/build/ros2trace/build/lib/ros2trace/__init__.py -> /home/neu/Desktop/microros_ws/firmware/mcu_ws/install/ros2trace/lib/python3.8/site-packages/ros2trace
[1.230s] creating /home/neu/Desktop/microros_ws/firmware/mcu_ws/install/ros2trace/lib/python3.8/site-packages/ros2trace/command
[1.230s] copying /home/neu/Desktop/microros_ws/firmware/mcu_ws/build/ros2trace/build/lib/ros2trace/command/trace.py -> /home/neu/Desktop/microros_ws/firmware/mcu_ws/install/ros2trace/lib/python3.8/site-packages/ros2trace/command
[1.230s] copying /home/neu/Desktop/microros_ws/firmware/mcu_ws/build/ros2trace/build/lib/ros2trace/command/__init__.py -> /home/neu/Desktop/microros_ws/firmware/mcu_ws/install/ros2trace/lib/python3.8/site-packages/ros2trace/command
[1.233s] byte-compiling /home/neu/Desktop/microros_ws/firmware/mcu_ws/install/ros2trace/lib/python3.8/site-packages/ros2trace/api/__init__.py to __init__.cpython-38.pyc
[1.235s] byte-compiling /home/neu/Desktop/microros_ws/firmware/mcu_ws/install/ros2trace/lib/python3.8/site-packages/ros2trace/__init__.py to __init__.cpython-38.pyc
[1.235s] byte-compiling /home/neu/Desktop/microros_ws/firmware/mcu_ws/install/ros2trace/lib/python3.8/site-packages/ros2trace/command/trace.py to trace.cpython-38.pyc
[1.235s] byte-compiling /home/neu/Desktop/microros_ws/firmware/mcu_ws/install/ros2trace/lib/python3.8/site-packages/ros2trace/command/__init__.py to __init__.cpython-38.pyc
[1.236s] running install_data
[1.237s] copying package.xml -> /home/neu/Desktop/microros_ws/firmware/mcu_ws/install/ros2trace/share/ros2trace
[1.237s] creating /home/neu/Desktop/microros_ws/firmware/mcu_ws/install/ros2trace/share/ament_index
[1.238s] creating /home/neu/Desktop/microros_ws/firmware/mcu_ws/install/ros2trace/share/ament_index/resource_index
[1.238s] creating /home/neu/Desktop/microros_ws/firmware/mcu_ws/install/ros2trace/share/ament_index/resource_index/packages
[1.240s] copying resource/ros2trace -> /home/neu/Desktop/microros_ws/firmware/mcu_ws/install/ros2trace/share/ament_index/resource_index/packages
[1.242s] running install_egg_info
[1.245s] Copying ../../../build/ros2trace/ros2trace.egg-info to /home/neu/Desktop/microros_ws/firmware/mcu_ws/install/ros2trace/lib/python3.8/site-packages/ros2trace-4.1.1-py3.8.egg-info
[1.245s] running install_scripts
[1.275s] writing list of installed files to '/home/neu/Desktop/microros_ws/firmware/mcu_ws/build/ros2trace/install.log'
[1.333s] Invoked command in '/home/neu/Desktop/microros_ws/firmware/mcu_ws/uros/tracetools/ros2trace' returned '0': AMENT_PREFIX_PATH=/home/neu/Desktop/microros_ws/firmware/mcu_ws/install/tracetools_trace:${AMENT_PREFIX_PATH} PYTHONPATH=/home/neu/Desktop/microros_ws/firmware/mcu_ws/build/ros2trace/prefix_override:/home/neu/Desktop/microros_ws/firmware/mcu_ws/install/ros2trace/lib/python3.8/site-packages:/home/neu/Desktop/microros_ws/firmware/mcu_ws/install/tracetools_trace/lib/python3.8/site-packages:${PYTHONPATH} /usr/bin/python3 setup.py egg_info --egg-base ../../../build/ros2trace build --build-base /home/neu/Desktop/microros_ws/firmware/mcu_ws/build/ros2trace/build install --record /home/neu/Desktop/microros_ws/firmware/mcu_ws/build/ros2trace/install.log --single-version-externally-managed
