Not searching for unused variables given on the command line.
-- The C compiler identification is GNU 8.3.1
-- The CXX compiler identification is GNU 8.3.1
-- Check for working C compiler: /home/neu/Desktop/microros_ws/firmware/freertos_apps/microros_nucleo_f446ze_extensions/../../toolchain/bin/arm-none-eabi-gcc
-- Check for working C compiler: /home/neu/Desktop/microros_ws/firmware/freertos_apps/microros_nucleo_f446ze_extensions/../../toolchain/bin/arm-none-eabi-gcc -- works
-- Detecting C compiler ABI info
-- Detecting C compiler ABI info - done
-- Detecting C compile features
-- Detecting C compile features - done
-- Check for working CXX compiler: /home/neu/Desktop/microros_ws/firmware/freertos_apps/microros_nucleo_f446ze_extensions/../../toolchain/bin/arm-none-eabi-g++
-- Check for working CXX compiler: /home/neu/Desktop/microros_ws/firmware/freertos_apps/microros_nucleo_f446ze_extensions/../../toolchain/bin/arm-none-eabi-g++ -- works
-- Detecting CXX compiler ABI info
-- Detecting CXX compiler ABI info - done
-- Detecting CXX compile features
-- Detecting CXX compile features - done
-- Found ament_cmake: 1.3.5 (/home/neu/Desktop/microros_ws/firmware/dev_ws/install/ament_cmake/share/ament_cmake/cmake)
-- Found Python3: /usr/bin/python3.8 (found version "3.8.10") found components: Interpreter 
-- Found rosidl_default_generators: 1.2.0 (/home/neu/Desktop/microros_ws/firmware/mcu_ws/install/rosidl_default_generators/share/rosidl_default_generators/cmake)
-- Using all available rosidl_typesupport_c: rosidl_typesupport_microxrcedds_c;rosidl_typesupport_introspection_c
-- Found rosidl_adapter: 3.1.5 (/home/neu/Desktop/microros_ws/firmware/mcu_ws/install/rosidl_adapter/share/rosidl_adapter/cmake)
CMake Warning at /home/neu/Desktop/microros_ws/firmware/mcu_ws/install/rcutils/share/rcutils/cmake/ament_cmake_export_libraries-extras.cmake:116 (message):
  Package 'rcutils' exports library 'dl' which couldn't be found
Call Stack (most recent call first):
  /home/neu/Desktop/microros_ws/firmware/mcu_ws/install/rcutils/share/rcutils/cmake/rcutilsConfig.cmake:41 (include)
  /home/neu/Desktop/microros_ws/firmware/mcu_ws/install/rmw/share/rmw/cmake/ament_cmake_export_dependencies-extras.cmake:21 (find_package)
  /home/neu/Desktop/microros_ws/firmware/mcu_ws/install/rmw/share/rmw/cmake/rmwConfig.cmake:41 (include)
  /home/neu/Desktop/microros_ws/firmware/mcu_ws/install/rosidl_typesupport_microxrcedds_c/share/rosidl_typesupport_microxrcedds_c/cmake/ament_cmake_export_dependencies-extras.cmake:21 (find_package)
  /home/neu/Desktop/microros_ws/firmware/mcu_ws/install/rosidl_typesupport_microxrcedds_c/share/rosidl_typesupport_microxrcedds_c/cmake/rosidl_typesupport_microxrcedds_cConfig.cmake:41 (include)
  /home/neu/Desktop/microros_ws/firmware/mcu_ws/install/rosidl_typesupport_c/share/rosidl_typesupport_c/cmake/rosidl_typesupport_c-extras.cmake:13 (find_package)
  /home/neu/Desktop/microros_ws/firmware/mcu_ws/install/rosidl_typesupport_c/share/rosidl_typesupport_c/cmake/rosidl_typesupport_cConfig.cmake:41 (include)
  /home/neu/Desktop/microros_ws/firmware/mcu_ws/install/rosidl_default_generators/share/rosidl_default_generators/cmake/rosidl_default_generators-extras.cmake:21 (find_package)
  /home/neu/Desktop/microros_ws/firmware/mcu_ws/install/rosidl_default_generators/share/rosidl_default_generators/cmake/rosidl_default_generatorsConfig.cmake:41 (include)
  CMakeLists.txt:14 (find_package)


-- Found ament_cmake_ros: 0.10.0 (/home/neu/Desktop/microros_ws/firmware/dev_ws/install/ament_cmake_ros/share/ament_cmake_ros/cmake)
-- Using all available rosidl_typesupport_c: rosidl_typesupport_microxrcedds_c;rosidl_typesupport_introspection_c
-- Configuring done
-- Generating done
-- Build files have been written to: /home/neu/Desktop/microros_ws/firmware/mcu_ws/build/builtin_interfaces
make[1]: Entering directory '/home/neu/Desktop/microros_ws/firmware/mcu_ws/build/builtin_interfaces'
/usr/bin/cmake -S/home/neu/Desktop/microros_ws/firmware/mcu_ws/ros2/rcl_interfaces/builtin_interfaces -B/home/neu/Desktop/microros_ws/firmware/mcu_ws/build/builtin_interfaces --check-build-system CMakeFiles/Makefile.cmake 0
/usr/bin/cmake -E cmake_progress_start /home/neu/Desktop/microros_ws/firmware/mcu_ws/build/builtin_interfaces/CMakeFiles /home/neu/Desktop/microros_ws/firmware/mcu_ws/build/builtin_interfaces/CMakeFiles/progress.marks
/usr/bin/make -f CMakeFiles/Makefile2 all
make[2]: Entering directory '/home/neu/Desktop/microros_ws/firmware/mcu_ws/build/builtin_interfaces'
/usr/bin/make -f CMakeFiles/builtin_interfaces__rosidl_generator_c.dir/build.make CMakeFiles/builtin_interfaces__rosidl_generator_c.dir/depend
make[3]: Entering directory '/home/neu/Desktop/microros_ws/firmware/mcu_ws/build/builtin_interfaces'
[  6%] [34m[1mGenerating C code for ROS interfaces[0m
/usr/bin/python3.8 /home/neu/Desktop/microros_ws/firmware/mcu_ws/install/rosidl_generator_c/share/rosidl_generator_c/cmake/../../../lib/rosidl_generator_c/rosidl_generator_c --generator-arguments-file /home/neu/Desktop/microros_ws/firmware/mcu_ws/build/builtin_interfaces/rosidl_generator_c__arguments.json
cd /home/neu/Desktop/microros_ws/firmware/mcu_ws/build/builtin_interfaces && /usr/bin/cmake -E cmake_depends "Unix Makefiles" /home/neu/Desktop/microros_ws/firmware/mcu_ws/ros2/rcl_interfaces/builtin_interfaces /home/neu/Desktop/microros_ws/firmware/mcu_ws/ros2/rcl_interfaces/builtin_interfaces /home/neu/Desktop/microros_ws/firmware/mcu_ws/build/builtin_interfaces /home/neu/Desktop/microros_ws/firmware/mcu_ws/build/builtin_interfaces /home/neu/Desktop/microros_ws/firmware/mcu_ws/build/builtin_interfaces/CMakeFiles/builtin_interfaces__rosidl_generator_c.dir/DependInfo.cmake --color=
Dependee "/home/neu/Desktop/microros_ws/firmware/mcu_ws/build/builtin_interfaces/CMakeFiles/builtin_interfaces__rosidl_generator_c.dir/DependInfo.cmake" is newer than depender "/home/neu/Desktop/microros_ws/firmware/mcu_ws/build/builtin_interfaces/CMakeFiles/builtin_interfaces__rosidl_generator_c.dir/depend.internal".
Dependee "/home/neu/Desktop/microros_ws/firmware/mcu_ws/build/builtin_interfaces/CMakeFiles/CMakeDirectoryInformation.cmake" is newer than depender "/home/neu/Desktop/microros_ws/firmware/mcu_ws/build/builtin_interfaces/CMakeFiles/builtin_interfaces__rosidl_generator_c.dir/depend.internal".
[35m[1mScanning dependencies of target builtin_interfaces__rosidl_generator_c[0m
make[3]: Leaving directory '/home/neu/Desktop/microros_ws/firmware/mcu_ws/build/builtin_interfaces'
/usr/bin/make -f CMakeFiles/builtin_interfaces__rosidl_generator_c.dir/build.make CMakeFiles/builtin_interfaces__rosidl_generator_c.dir/build
make[3]: Entering directory '/home/neu/Desktop/microros_ws/firmware/mcu_ws/build/builtin_interfaces'
[ 18%] [32mBuilding C object CMakeFiles/builtin_interfaces__rosidl_generator_c.dir/rosidl_generator_c/builtin_interfaces/msg/detail/time__functions.c.obj[0m
[ 18%] [32mBuilding C object CMakeFiles/builtin_interfaces__rosidl_generator_c.dir/rosidl_generator_c/builtin_interfaces/msg/detail/duration__functions.c.obj[0m
/home/neu/Desktop/microros_ws/firmware/freertos_apps/microros_nucleo_f446ze_extensions/../../toolchain/bin/arm-none-eabi-gcc -DROS_PACKAGE_NAME=\"builtin_interfaces\" -I/home/neu/Desktop/microros_ws/firmware/mcu_ws/build/builtin_interfaces/rosidl_generator_c -isystem /home/neu/Desktop/microros_ws/firmware/mcu_ws/install/rosidl_runtime_c/include/rosidl_runtime_c -isystem /home/neu/Desktop/microros_ws/firmware/mcu_ws/install/rcutils/include/rcutils -isystem /home/neu/Desktop/microros_ws/firmware/mcu_ws/install/rosidl_typesupport_interface/include/rosidl_typesupport_interface  -std=c11 -mcpu=cortex-m4 -mthumb -mfpu=fpv4-sp-d16 -mfloat-abi=hard -DUSE_HAL_DRIVER -DSTM32F446xx -D_TIMEVAL_DEFINED -O0 -Wall -fdata-sections -ffunction-sections  -DCLOCK_MONOTONIC=0 -g   -Wall -std=gnu11 -o CMakeFiles/builtin_interfaces__rosidl_generator_c.dir/rosidl_generator_c/builtin_interfaces/msg/detail/time__functions.c.obj   -c /home/neu/Desktop/microros_ws/firmware/mcu_ws/build/builtin_interfaces/rosidl_generator_c/builtin_interfaces/msg/detail/time__functions.c
/home/neu/Desktop/microros_ws/firmware/freertos_apps/microros_nucleo_f446ze_extensions/../../toolchain/bin/arm-none-eabi-gcc -DROS_PACKAGE_NAME=\"builtin_interfaces\" -I/home/neu/Desktop/microros_ws/firmware/mcu_ws/build/builtin_interfaces/rosidl_generator_c -isystem /home/neu/Desktop/microros_ws/firmware/mcu_ws/install/rosidl_runtime_c/include/rosidl_runtime_c -isystem /home/neu/Desktop/microros_ws/firmware/mcu_ws/install/rcutils/include/rcutils -isystem /home/neu/Desktop/microros_ws/firmware/mcu_ws/install/rosidl_typesupport_interface/include/rosidl_typesupport_interface  -std=c11 -mcpu=cortex-m4 -mthumb -mfpu=fpv4-sp-d16 -mfloat-abi=hard -DUSE_HAL_DRIVER -DSTM32F446xx -D_TIMEVAL_DEFINED -O0 -Wall -fdata-sections -ffunction-sections  -DCLOCK_MONOTONIC=0 -g   -Wall -std=gnu11 -o CMakeFiles/builtin_interfaces__rosidl_generator_c.dir/rosidl_generator_c/builtin_interfaces/msg/detail/duration__functions.c.obj   -c /home/neu/Desktop/microros_ws/firmware/mcu_ws/build/builtin_interfaces/rosidl_generator_c/builtin_interfaces/msg/detail/duration__functions.c
[ 25%] [32m[1mLinking C static library libbuiltin_interfaces__rosidl_generator_c.a[0m
/usr/bin/cmake -P CMakeFiles/builtin_interfaces__rosidl_generator_c.dir/cmake_clean_target.cmake
/usr/bin/cmake -E cmake_link_script CMakeFiles/builtin_interfaces__rosidl_generator_c.dir/link.txt --verbose=1
/home/neu/Desktop/microros_ws/firmware/toolchain/bin/arm-none-eabi-ar qc libbuiltin_interfaces__rosidl_generator_c.a  CMakeFiles/builtin_interfaces__rosidl_generator_c.dir/rosidl_generator_c/builtin_interfaces/msg/detail/duration__functions.c.obj CMakeFiles/builtin_interfaces__rosidl_generator_c.dir/rosidl_generator_c/builtin_interfaces/msg/detail/time__functions.c.obj
/home/neu/Desktop/microros_ws/firmware/toolchain/bin/arm-none-eabi-ranlib libbuiltin_interfaces__rosidl_generator_c.a
make[3]: Leaving directory '/home/neu/Desktop/microros_ws/firmware/mcu_ws/build/builtin_interfaces'
[ 25%] Built target builtin_interfaces__rosidl_generator_c
/usr/bin/make -f CMakeFiles/builtin_interfaces__rosidl_typesupport_c.dir/build.make CMakeFiles/builtin_interfaces__rosidl_typesupport_c.dir/depend
/usr/bin/make -f CMakeFiles/builtin_interfaces__rosidl_typesupport_introspection_c.dir/build.make CMakeFiles/builtin_interfaces__rosidl_typesupport_introspection_c.dir/depend
/usr/bin/make -f CMakeFiles/builtin_interfaces__rosidl_typesupport_microxrcedds_c.dir/build.make CMakeFiles/builtin_interfaces__rosidl_typesupport_microxrcedds_c.dir/depend
make[3]: Entering directory '/home/neu/Desktop/microros_ws/firmware/mcu_ws/build/builtin_interfaces'
make[3]: Entering directory '/home/neu/Desktop/microros_ws/firmware/mcu_ws/build/builtin_interfaces'
make[3]: Entering directory '/home/neu/Desktop/microros_ws/firmware/mcu_ws/build/builtin_interfaces'
[ 37%] [34m[1mGenerating C type support dispatch for ROS interfaces[0m
[ 37%] [34m[1mGenerating C introspection for ROS interfaces[0m
[ 43%] [34m[1mGenerating C type support for eProsima Micro XRCE-DDS[0m
/usr/bin/python3.8 /home/neu/Desktop/microros_ws/firmware/mcu_ws/install/rosidl_typesupport_c/lib/rosidl_typesupport_c/rosidl_typesupport_c --generator-arguments-file /home/neu/Desktop/microros_ws/firmware/mcu_ws/build/builtin_interfaces/rosidl_typesupport_c__arguments.json --typesupports rosidl_typesupport_microxrcedds_c rosidl_typesupport_introspection_c
/usr/bin/python3.8 /home/neu/Desktop/microros_ws/firmware/mcu_ws/install/rosidl_typesupport_introspection_c/lib/rosidl_typesupport_introspection_c/rosidl_typesupport_introspection_c --generator-arguments-file /home/neu/Desktop/microros_ws/firmware/mcu_ws/build/builtin_interfaces/rosidl_typesupport_introspection_c__arguments.json
/usr/bin/python3.8 /home/neu/Desktop/microros_ws/firmware/mcu_ws/install/rosidl_typesupport_microxrcedds_c/lib/rosidl_typesupport_microxrcedds_c/rosidl_typesupport_microxrcedds_c --generator-arguments-file /home/neu/Desktop/microros_ws/firmware/mcu_ws/build/builtin_interfaces/rosidl_typesupport_microxrcedds_c__arguments.json
cd /home/neu/Desktop/microros_ws/firmware/mcu_ws/build/builtin_interfaces && /usr/bin/cmake -E cmake_depends "Unix Makefiles" /home/neu/Desktop/microros_ws/firmware/mcu_ws/ros2/rcl_interfaces/builtin_interfaces /home/neu/Desktop/microros_ws/firmware/mcu_ws/ros2/rcl_interfaces/builtin_interfaces /home/neu/Desktop/microros_ws/firmware/mcu_ws/build/builtin_interfaces /home/neu/Desktop/microros_ws/firmware/mcu_ws/build/builtin_interfaces /home/neu/Desktop/microros_ws/firmware/mcu_ws/build/builtin_interfaces/CMakeFiles/builtin_interfaces__rosidl_typesupport_c.dir/DependInfo.cmake --color=
Dependee "/home/neu/Desktop/microros_ws/firmware/mcu_ws/build/builtin_interfaces/CMakeFiles/builtin_interfaces__rosidl_typesupport_c.dir/DependInfo.cmake" is newer than depender "/home/neu/Desktop/microros_ws/firmware/mcu_ws/build/builtin_interfaces/CMakeFiles/builtin_interfaces__rosidl_typesupport_c.dir/depend.internal".
Dependee "/home/neu/Desktop/microros_ws/firmware/mcu_ws/build/builtin_interfaces/CMakeFiles/CMakeDirectoryInformation.cmake" is newer than depender "/home/neu/Desktop/microros_ws/firmware/mcu_ws/build/builtin_interfaces/CMakeFiles/builtin_interfaces__rosidl_typesupport_c.dir/depend.internal".
[35m[1mScanning dependencies of target builtin_interfaces__rosidl_typesupport_c[0m
make[3]: Leaving directory '/home/neu/Desktop/microros_ws/firmware/mcu_ws/build/builtin_interfaces'
/usr/bin/make -f CMakeFiles/builtin_interfaces__rosidl_typesupport_c.dir/build.make CMakeFiles/builtin_interfaces__rosidl_typesupport_c.dir/build
make[3]: Entering directory '/home/neu/Desktop/microros_ws/firmware/mcu_ws/build/builtin_interfaces'
[ 50%] [32mBuilding CXX object CMakeFiles/builtin_interfaces__rosidl_typesupport_c.dir/rosidl_typesupport_c/builtin_interfaces/msg/time__type_support.cpp.obj[0m
[ 56%] [32mBuilding CXX object CMakeFiles/builtin_interfaces__rosidl_typesupport_c.dir/rosidl_typesupport_c/builtin_interfaces/msg/duration__type_support.cpp.obj[0m
/home/neu/Desktop/microros_ws/firmware/freertos_apps/microros_nucleo_f446ze_extensions/../../toolchain/bin/arm-none-eabi-g++  -DROSIDL_TYPESUPPORT_STATIC_TYPESUPPORT -DROS_PACKAGE_NAME=\"builtin_interfaces\" -I/home/neu/Desktop/microros_ws/firmware/mcu_ws/build/builtin_interfaces/rosidl_generator_c -isystem /home/neu/Desktop/microros_ws/firmware/mcu_ws/install/rosidl_runtime_c/include/rosidl_runtime_c -isystem /home/neu/Desktop/microros_ws/firmware/mcu_ws/install/rcutils/include/rcutils -isystem /home/neu/Desktop/microros_ws/firmware/mcu_ws/install/rosidl_typesupport_interface/include/rosidl_typesupport_interface -isystem /home/neu/Desktop/microros_ws/firmware/mcu_ws/install/rosidl_typesupport_c/include/rosidl_typesupport_c  -std=c++14 -mcpu=cortex-m4 -mthumb -mfpu=fpv4-sp-d16 -mfloat-abi=hard -DUSE_HAL_DRIVER -DSTM32F446xx -D_TIMEVAL_DEFINED -O0 -Wall -fdata-sections -ffunction-sections  -DCLOCK_MONOTONIC=0 -g   -Wall -std=gnu++14 -o CMakeFiles/builtin_interfaces__rosidl_typesupport_c.dir/rosidl_typesupport_c/builtin_interfaces/msg/time__type_support.cpp.obj -c /home/neu/Desktop/microros_ws/firmware/mcu_ws/build/builtin_interfaces/rosidl_typesupport_c/builtin_interfaces/msg/time__type_support.cpp
/home/neu/Desktop/microros_ws/firmware/freertos_apps/microros_nucleo_f446ze_extensions/../../toolchain/bin/arm-none-eabi-g++  -DROSIDL_TYPESUPPORT_STATIC_TYPESUPPORT -DROS_PACKAGE_NAME=\"builtin_interfaces\" -I/home/neu/Desktop/microros_ws/firmware/mcu_ws/build/builtin_interfaces/rosidl_generator_c -isystem /home/neu/Desktop/microros_ws/firmware/mcu_ws/install/rosidl_runtime_c/include/rosidl_runtime_c -isystem /home/neu/Desktop/microros_ws/firmware/mcu_ws/install/rcutils/include/rcutils -isystem /home/neu/Desktop/microros_ws/firmware/mcu_ws/install/rosidl_typesupport_interface/include/rosidl_typesupport_interface -isystem /home/neu/Desktop/microros_ws/firmware/mcu_ws/install/rosidl_typesupport_c/include/rosidl_typesupport_c  -std=c++14 -mcpu=cortex-m4 -mthumb -mfpu=fpv4-sp-d16 -mfloat-abi=hard -DUSE_HAL_DRIVER -DSTM32F446xx -D_TIMEVAL_DEFINED -O0 -Wall -fdata-sections -ffunction-sections  -DCLOCK_MONOTONIC=0 -g   -Wall -std=gnu++14 -o CMakeFiles/builtin_interfaces__rosidl_typesupport_c.dir/rosidl_typesupport_c/builtin_interfaces/msg/duration__type_support.cpp.obj -c /home/neu/Desktop/microros_ws/firmware/mcu_ws/build/builtin_interfaces/rosidl_typesupport_c/builtin_interfaces/msg/duration__type_support.cpp
cd /home/neu/Desktop/microros_ws/firmware/mcu_ws/build/builtin_interfaces && /usr/bin/cmake -E cmake_depends "Unix Makefiles" /home/neu/Desktop/microros_ws/firmware/mcu_ws/ros2/rcl_interfaces/builtin_interfaces /home/neu/Desktop/microros_ws/firmware/mcu_ws/ros2/rcl_interfaces/builtin_interfaces /home/neu/Desktop/microros_ws/firmware/mcu_ws/build/builtin_interfaces /home/neu/Desktop/microros_ws/firmware/mcu_ws/build/builtin_interfaces /home/neu/Desktop/microros_ws/firmware/mcu_ws/build/builtin_interfaces/CMakeFiles/builtin_interfaces__rosidl_typesupport_microxrcedds_c.dir/DependInfo.cmake --color=
Dependee "/home/neu/Desktop/microros_ws/firmware/mcu_ws/build/builtin_interfaces/CMakeFiles/builtin_interfaces__rosidl_typesupport_microxrcedds_c.dir/DependInfo.cmake" is newer than depender "/home/neu/Desktop/microros_ws/firmware/mcu_ws/build/builtin_interfaces/CMakeFiles/builtin_interfaces__rosidl_typesupport_microxrcedds_c.dir/depend.internal".
Dependee "/home/neu/Desktop/microros_ws/firmware/mcu_ws/build/builtin_interfaces/CMakeFiles/CMakeDirectoryInformation.cmake" is newer than depender "/home/neu/Desktop/microros_ws/firmware/mcu_ws/build/builtin_interfaces/CMakeFiles/builtin_interfaces__rosidl_typesupport_microxrcedds_c.dir/depend.internal".
[35m[1mScanning dependencies of target builtin_interfaces__rosidl_typesupport_microxrcedds_c[0m
make[3]: Leaving directory '/home/neu/Desktop/microros_ws/firmware/mcu_ws/build/builtin_interfaces'
/usr/bin/make -f CMakeFiles/builtin_interfaces__rosidl_typesupport_microxrcedds_c.dir/build.make CMakeFiles/builtin_interfaces__rosidl_typesupport_microxrcedds_c.dir/build
make[3]: Entering directory '/home/neu/Desktop/microros_ws/firmware/mcu_ws/build/builtin_interfaces'
[ 62%] [32mBuilding C object CMakeFiles/builtin_interfaces__rosidl_typesupport_microxrcedds_c.dir/rosidl_typesupport_microxrcedds_c/builtin_interfaces/msg/detail/microxrcedds/duration__type_support_c.c.obj[0m
[ 68%] [32mBuilding C object CMakeFiles/builtin_interfaces__rosidl_typesupport_microxrcedds_c.dir/rosidl_typesupport_microxrcedds_c/builtin_interfaces/msg/detail/microxrcedds/time__type_support_c.c.obj[0m
/home/neu/Desktop/microros_ws/firmware/freertos_apps/microros_nucleo_f446ze_extensions/../../toolchain/bin/arm-none-eabi-gcc -DROS_PACKAGE_NAME=\"builtin_interfaces\" -I/home/neu/Desktop/microros_ws/firmware/mcu_ws/build/builtin_interfaces/rosidl_generator_c -I/home/neu/Desktop/microros_ws/firmware/mcu_ws/build/builtin_interfaces/rosidl_typesupport_microxrcedds_c -isystem /home/neu/Desktop/microros_ws/firmware/mcu_ws/install/rosidl_typesupport_microxrcedds_c/include -isystem /home/neu/Desktop/microros_ws/firmware/mcu_ws/install/rmw/include/rmw -isystem /home/neu/Desktop/microros_ws/firmware/mcu_ws/install/rosidl_runtime_c/include/rosidl_runtime_c -isystem /home/neu/Desktop/microros_ws/firmware/mcu_ws/install/rosidl_typesupport_interface/include/rosidl_typesupport_interface -isystem /home/neu/Desktop/microros_ws/firmware/mcu_ws/install/rcutils/include/rcutils -isystem /home/neu/Desktop/microros_ws/firmware/mcu_ws/install/microcdr/include  -std=c11 -mcpu=cortex-m4 -mthumb -mfpu=fpv4-sp-d16 -mfloat-abi=hard -DUSE_HAL_DRIVER -DSTM32F446xx -D_TIMEVAL_DEFINED -O0 -Wall -fdata-sections -ffunction-sections  -DCLOCK_MONOTONIC=0 -g   -Wall -Wextra -Wpedantic -std=gnu99 -o CMakeFiles/builtin_interfaces__rosidl_typesupport_microxrcedds_c.dir/rosidl_typesupport_microxrcedds_c/builtin_interfaces/msg/detail/microxrcedds/duration__type_support_c.c.obj   -c /home/neu/Desktop/microros_ws/firmware/mcu_ws/build/builtin_interfaces/rosidl_typesupport_microxrcedds_c/builtin_interfaces/msg/detail/microxrcedds/duration__type_support_c.c
/home/neu/Desktop/microros_ws/firmware/freertos_apps/microros_nucleo_f446ze_extensions/../../toolchain/bin/arm-none-eabi-gcc -DROS_PACKAGE_NAME=\"builtin_interfaces\" -I/home/neu/Desktop/microros_ws/firmware/mcu_ws/build/builtin_interfaces/rosidl_generator_c -I/home/neu/Desktop/microros_ws/firmware/mcu_ws/build/builtin_interfaces/rosidl_typesupport_microxrcedds_c -isystem /home/neu/Desktop/microros_ws/firmware/mcu_ws/install/rosidl_typesupport_microxrcedds_c/include -isystem /home/neu/Desktop/microros_ws/firmware/mcu_ws/install/rmw/include/rmw -isystem /home/neu/Desktop/microros_ws/firmware/mcu_ws/install/rosidl_runtime_c/include/rosidl_runtime_c -isystem /home/neu/Desktop/microros_ws/firmware/mcu_ws/install/rosidl_typesupport_interface/include/rosidl_typesupport_interface -isystem /home/neu/Desktop/microros_ws/firmware/mcu_ws/install/rcutils/include/rcutils -isystem /home/neu/Desktop/microros_ws/firmware/mcu_ws/install/microcdr/include  -std=c11 -mcpu=cortex-m4 -mthumb -mfpu=fpv4-sp-d16 -mfloat-abi=hard -DUSE_HAL_DRIVER -DSTM32F446xx -D_TIMEVAL_DEFINED -O0 -Wall -fdata-sections -ffunction-sections  -DCLOCK_MONOTONIC=0 -g   -Wall -Wextra -Wpedantic -std=gnu99 -o CMakeFiles/builtin_interfaces__rosidl_typesupport_microxrcedds_c.dir/rosidl_typesupport_microxrcedds_c/builtin_interfaces/msg/detail/microxrcedds/time__type_support_c.c.obj   -c /home/neu/Desktop/microros_ws/firmware/mcu_ws/build/builtin_interfaces/rosidl_typesupport_microxrcedds_c/builtin_interfaces/msg/detail/microxrcedds/time__type_support_c.c
cd /home/neu/Desktop/microros_ws/firmware/mcu_ws/build/builtin_interfaces && /usr/bin/cmake -E cmake_depends "Unix Makefiles" /home/neu/Desktop/microros_ws/firmware/mcu_ws/ros2/rcl_interfaces/builtin_interfaces /home/neu/Desktop/microros_ws/firmware/mcu_ws/ros2/rcl_interfaces/builtin_interfaces /home/neu/Desktop/microros_ws/firmware/mcu_ws/build/builtin_interfaces /home/neu/Desktop/microros_ws/firmware/mcu_ws/build/builtin_interfaces /home/neu/Desktop/microros_ws/firmware/mcu_ws/build/builtin_interfaces/CMakeFiles/builtin_interfaces__rosidl_typesupport_introspection_c.dir/DependInfo.cmake --color=
Dependee "/home/neu/Desktop/microros_ws/firmware/mcu_ws/build/builtin_interfaces/CMakeFiles/builtin_interfaces__rosidl_typesupport_introspection_c.dir/DependInfo.cmake" is newer than depender "/home/neu/Desktop/microros_ws/firmware/mcu_ws/build/builtin_interfaces/CMakeFiles/builtin_interfaces__rosidl_typesupport_introspection_c.dir/depend.internal".
Dependee "/home/neu/Desktop/microros_ws/firmware/mcu_ws/build/builtin_interfaces/CMakeFiles/CMakeDirectoryInformation.cmake" is newer than depender "/home/neu/Desktop/microros_ws/firmware/mcu_ws/build/builtin_interfaces/CMakeFiles/builtin_interfaces__rosidl_typesupport_introspection_c.dir/depend.internal".
[35m[1mScanning dependencies of target builtin_interfaces__rosidl_typesupport_introspection_c[0m
make[3]: Leaving directory '/home/neu/Desktop/microros_ws/firmware/mcu_ws/build/builtin_interfaces'
/usr/bin/make -f CMakeFiles/builtin_interfaces__rosidl_typesupport_introspection_c.dir/build.make CMakeFiles/builtin_interfaces__rosidl_typesupport_introspection_c.dir/build
make[3]: Entering directory '/home/neu/Desktop/microros_ws/firmware/mcu_ws/build/builtin_interfaces'
[ 81%] [32mBuilding C object CMakeFiles/builtin_interfaces__rosidl_typesupport_introspection_c.dir/rosidl_typesupport_introspection_c/builtin_interfaces/msg/detail/time__type_support.c.obj[0m
[ 81%] [32mBuilding C object CMakeFiles/builtin_interfaces__rosidl_typesupport_introspection_c.dir/rosidl_typesupport_introspection_c/builtin_interfaces/msg/detail/duration__type_support.c.obj[0m
/home/neu/Desktop/microros_ws/firmware/freertos_apps/microros_nucleo_f446ze_extensions/../../toolchain/bin/arm-none-eabi-gcc -DROS_PACKAGE_NAME=\"builtin_interfaces\" -I/home/neu/Desktop/microros_ws/firmware/mcu_ws/build/builtin_interfaces/rosidl_typesupport_introspection_c -I/home/neu/Desktop/microros_ws/firmware/mcu_ws/build/builtin_interfaces/rosidl_generator_c -isystem /home/neu/Desktop/microros_ws/firmware/mcu_ws/install/rosidl_runtime_c/include/rosidl_runtime_c -isystem /home/neu/Desktop/microros_ws/firmware/mcu_ws/install/rcutils/include/rcutils -isystem /home/neu/Desktop/microros_ws/firmware/mcu_ws/install/rosidl_typesupport_interface/include/rosidl_typesupport_interface -isystem /home/neu/Desktop/microros_ws/firmware/mcu_ws/install/rosidl_typesupport_introspection_c/include/rosidl_typesupport_introspection_c  -std=c11 -mcpu=cortex-m4 -mthumb -mfpu=fpv4-sp-d16 -mfloat-abi=hard -DUSE_HAL_DRIVER -DSTM32F446xx -D_TIMEVAL_DEFINED -O0 -Wall -fdata-sections -ffunction-sections  -DCLOCK_MONOTONIC=0 -g   -Wall -std=gnu11 -o CMakeFiles/builtin_interfaces__rosidl_typesupport_introspection_c.dir/rosidl_typesupport_introspection_c/builtin_interfaces/msg/detail/time__type_support.c.obj   -c /home/neu/Desktop/microros_ws/firmware/mcu_ws/build/builtin_interfaces/rosidl_typesupport_introspection_c/builtin_interfaces/msg/detail/time__type_support.c
/home/neu/Desktop/microros_ws/firmware/freertos_apps/microros_nucleo_f446ze_extensions/../../toolchain/bin/arm-none-eabi-gcc -DROS_PACKAGE_NAME=\"builtin_interfaces\" -I/home/neu/Desktop/microros_ws/firmware/mcu_ws/build/builtin_interfaces/rosidl_typesupport_introspection_c -I/home/neu/Desktop/microros_ws/firmware/mcu_ws/build/builtin_interfaces/rosidl_generator_c -isystem /home/neu/Desktop/microros_ws/firmware/mcu_ws/install/rosidl_runtime_c/include/rosidl_runtime_c -isystem /home/neu/Desktop/microros_ws/firmware/mcu_ws/install/rcutils/include/rcutils -isystem /home/neu/Desktop/microros_ws/firmware/mcu_ws/install/rosidl_typesupport_interface/include/rosidl_typesupport_interface -isystem /home/neu/Desktop/microros_ws/firmware/mcu_ws/install/rosidl_typesupport_introspection_c/include/rosidl_typesupport_introspection_c  -std=c11 -mcpu=cortex-m4 -mthumb -mfpu=fpv4-sp-d16 -mfloat-abi=hard -DUSE_HAL_DRIVER -DSTM32F446xx -D_TIMEVAL_DEFINED -O0 -Wall -fdata-sections -ffunction-sections  -DCLOCK_MONOTONIC=0 -g   -Wall -std=gnu11 -o CMakeFiles/builtin_interfaces__rosidl_typesupport_introspection_c.dir/rosidl_typesupport_introspection_c/builtin_interfaces/msg/detail/duration__type_support.c.obj   -c /home/neu/Desktop/microros_ws/firmware/mcu_ws/build/builtin_interfaces/rosidl_typesupport_introspection_c/builtin_interfaces/msg/detail/duration__type_support.c
[ 87%] [32m[1mLinking CXX static library libbuiltin_interfaces__rosidl_typesupport_c.a[0m
/usr/bin/cmake -P CMakeFiles/builtin_interfaces__rosidl_typesupport_c.dir/cmake_clean_target.cmake
/usr/bin/cmake -E cmake_link_script CMakeFiles/builtin_interfaces__rosidl_typesupport_c.dir/link.txt --verbose=1
/home/neu/Desktop/microros_ws/firmware/toolchain/bin/arm-none-eabi-ar qc libbuiltin_interfaces__rosidl_typesupport_c.a  CMakeFiles/builtin_interfaces__rosidl_typesupport_c.dir/rosidl_typesupport_c/builtin_interfaces/msg/duration__type_support.cpp.obj CMakeFiles/builtin_interfaces__rosidl_typesupport_c.dir/rosidl_typesupport_c/builtin_interfaces/msg/time__type_support.cpp.obj
/home/neu/Desktop/microros_ws/firmware/toolchain/bin/arm-none-eabi-ranlib libbuiltin_interfaces__rosidl_typesupport_c.a
make[3]: Leaving directory '/home/neu/Desktop/microros_ws/firmware/mcu_ws/build/builtin_interfaces'
[ 93%] [32m[1mLinking C static library libbuiltin_interfaces__rosidl_typesupport_microxrcedds_c.a[0m
[ 93%] Built target builtin_interfaces__rosidl_typesupport_c
/usr/bin/cmake -P CMakeFiles/builtin_interfaces__rosidl_typesupport_microxrcedds_c.dir/cmake_clean_target.cmake
/usr/bin/cmake -E cmake_link_script CMakeFiles/builtin_interfaces__rosidl_typesupport_microxrcedds_c.dir/link.txt --verbose=1
[100%] [32m[1mLinking C static library libbuiltin_interfaces__rosidl_typesupport_introspection_c.a[0m
/usr/bin/cmake -P CMakeFiles/builtin_interfaces__rosidl_typesupport_introspection_c.dir/cmake_clean_target.cmake
/home/neu/Desktop/microros_ws/firmware/toolchain/bin/arm-none-eabi-ar qc libbuiltin_interfaces__rosidl_typesupport_microxrcedds_c.a  CMakeFiles/builtin_interfaces__rosidl_typesupport_microxrcedds_c.dir/rosidl_typesupport_microxrcedds_c/builtin_interfaces/msg/detail/microxrcedds/duration__type_support_c.c.obj CMakeFiles/builtin_interfaces__rosidl_typesupport_microxrcedds_c.dir/rosidl_typesupport_microxrcedds_c/builtin_interfaces/msg/detail/microxrcedds/time__type_support_c.c.obj
/home/neu/Desktop/microros_ws/firmware/toolchain/bin/arm-none-eabi-ranlib libbuiltin_interfaces__rosidl_typesupport_microxrcedds_c.a
make[3]: Leaving directory '/home/neu/Desktop/microros_ws/firmware/mcu_ws/build/builtin_interfaces'
/usr/bin/cmake -E cmake_link_script CMakeFiles/builtin_interfaces__rosidl_typesupport_introspection_c.dir/link.txt --verbose=1
/home/neu/Desktop/microros_ws/firmware/toolchain/bin/arm-none-eabi-ar qc libbuiltin_interfaces__rosidl_typesupport_introspection_c.a  CMakeFiles/builtin_interfaces__rosidl_typesupport_introspection_c.dir/rosidl_typesupport_introspection_c/builtin_interfaces/msg/detail/duration__type_support.c.obj CMakeFiles/builtin_interfaces__rosidl_typesupport_introspection_c.dir/rosidl_typesupport_introspection_c/builtin_interfaces/msg/detail/time__type_support.c.obj
[100%] Built target builtin_interfaces__rosidl_typesupport_microxrcedds_c
/home/neu/Desktop/microros_ws/firmware/toolchain/bin/arm-none-eabi-ranlib libbuiltin_interfaces__rosidl_typesupport_introspection_c.a
make[3]: Leaving directory '/home/neu/Desktop/microros_ws/firmware/mcu_ws/build/builtin_interfaces'
[100%] Built target builtin_interfaces__rosidl_typesupport_introspection_c
/usr/bin/make -f CMakeFiles/builtin_interfaces.dir/build.make CMakeFiles/builtin_interfaces.dir/depend
make[3]: Entering directory '/home/neu/Desktop/microros_ws/firmware/mcu_ws/build/builtin_interfaces'
cd /home/neu/Desktop/microros_ws/firmware/mcu_ws/build/builtin_interfaces && /usr/bin/cmake -E cmake_depends "Unix Makefiles" /home/neu/Desktop/microros_ws/firmware/mcu_ws/ros2/rcl_interfaces/builtin_interfaces /home/neu/Desktop/microros_ws/firmware/mcu_ws/ros2/rcl_interfaces/builtin_interfaces /home/neu/Desktop/microros_ws/firmware/mcu_ws/build/builtin_interfaces /home/neu/Desktop/microros_ws/firmware/mcu_ws/build/builtin_interfaces /home/neu/Desktop/microros_ws/firmware/mcu_ws/build/builtin_interfaces/CMakeFiles/builtin_interfaces.dir/DependInfo.cmake --color=
Dependee "/home/neu/Desktop/microros_ws/firmware/mcu_ws/build/builtin_interfaces/CMakeFiles/builtin_interfaces.dir/DependInfo.cmake" is newer than depender "/home/neu/Desktop/microros_ws/firmware/mcu_ws/build/builtin_interfaces/CMakeFiles/builtin_interfaces.dir/depend.internal".
Dependee "/home/neu/Desktop/microros_ws/firmware/mcu_ws/build/builtin_interfaces/CMakeFiles/CMakeDirectoryInformation.cmake" is newer than depender "/home/neu/Desktop/microros_ws/firmware/mcu_ws/build/builtin_interfaces/CMakeFiles/builtin_interfaces.dir/depend.internal".
[35m[1mScanning dependencies of target builtin_interfaces[0m
make[3]: Leaving directory '/home/neu/Desktop/microros_ws/firmware/mcu_ws/build/builtin_interfaces'
/usr/bin/make -f CMakeFiles/builtin_interfaces.dir/build.make CMakeFiles/builtin_interfaces.dir/build
make[3]: Entering directory '/home/neu/Desktop/microros_ws/firmware/mcu_ws/build/builtin_interfaces'
make[3]: Nothing to be done for 'CMakeFiles/builtin_interfaces.dir/build'.
make[3]: Leaving directory '/home/neu/Desktop/microros_ws/firmware/mcu_ws/build/builtin_interfaces'
[100%] Built target builtin_interfaces
make[2]: Leaving directory '/home/neu/Desktop/microros_ws/firmware/mcu_ws/build/builtin_interfaces'
/usr/bin/cmake -E cmake_progress_start /home/neu/Desktop/microros_ws/firmware/mcu_ws/build/builtin_interfaces/CMakeFiles 0
make[1]: Leaving directory '/home/neu/Desktop/microros_ws/firmware/mcu_ws/build/builtin_interfaces'
-- Install configuration: "Debug"
-- Installing: /home/neu/Desktop/microros_ws/firmware/mcu_ws/install/builtin_interfaces/share/ament_index/resource_index/rosidl_interfaces/builtin_interfaces
-- Installing: /home/neu/Desktop/microros_ws/firmware/mcu_ws/install/builtin_interfaces/include/builtin_interfaces/builtin_interfaces
-- Installing: /home/neu/Desktop/microros_ws/firmware/mcu_ws/install/builtin_interfaces/include/builtin_interfaces/builtin_interfaces/msg
-- Installing: /home/neu/Desktop/microros_ws/firmware/mcu_ws/install/builtin_interfaces/include/builtin_interfaces/builtin_interfaces/msg/detail
-- Installing: /home/neu/Desktop/microros_ws/firmware/mcu_ws/install/builtin_interfaces/include/builtin_interfaces/builtin_interfaces/msg/detail/time__functions.h
-- Installing: /home/neu/Desktop/microros_ws/firmware/mcu_ws/install/builtin_interfaces/include/builtin_interfaces/builtin_interfaces/msg/detail/duration__struct.h
-- Installing: /home/neu/Desktop/microros_ws/firmware/mcu_ws/install/builtin_interfaces/include/builtin_interfaces/builtin_interfaces/msg/detail/time__functions.c
-- Installing: /home/neu/Desktop/microros_ws/firmware/mcu_ws/install/builtin_interfaces/include/builtin_interfaces/builtin_interfaces/msg/detail/time__type_support.h
-- Installing: /home/neu/Desktop/microros_ws/firmware/mcu_ws/install/builtin_interfaces/include/builtin_interfaces/builtin_interfaces/msg/detail/duration__type_support.h
-- Installing: /home/neu/Desktop/microros_ws/firmware/mcu_ws/install/builtin_interfaces/include/builtin_interfaces/builtin_interfaces/msg/detail/duration__functions.c
-- Installing: /home/neu/Desktop/microros_ws/firmware/mcu_ws/install/builtin_interfaces/include/builtin_interfaces/builtin_interfaces/msg/detail/time__struct.h
-- Installing: /home/neu/Desktop/microros_ws/firmware/mcu_ws/install/builtin_interfaces/include/builtin_interfaces/builtin_interfaces/msg/detail/duration__functions.h
-- Installing: /home/neu/Desktop/microros_ws/firmware/mcu_ws/install/builtin_interfaces/include/builtin_interfaces/builtin_interfaces/msg/rosidl_generator_c__visibility_control.h
-- Installing: /home/neu/Desktop/microros_ws/firmware/mcu_ws/install/builtin_interfaces/include/builtin_interfaces/builtin_interfaces/msg/duration.h
-- Installing: /home/neu/Desktop/microros_ws/firmware/mcu_ws/install/builtin_interfaces/include/builtin_interfaces/builtin_interfaces/msg/time.h
-- Installing: /home/neu/Desktop/microros_ws/firmware/mcu_ws/install/builtin_interfaces/share/builtin_interfaces/environment/library_path.sh
-- Installing: /home/neu/Desktop/microros_ws/firmware/mcu_ws/install/builtin_interfaces/share/builtin_interfaces/environment/library_path.dsv
-- Installing: /home/neu/Desktop/microros_ws/firmware/mcu_ws/install/builtin_interfaces/lib/libbuiltin_interfaces__rosidl_generator_c.a
-- Up-to-date: /home/neu/Desktop/microros_ws/firmware/mcu_ws/install/builtin_interfaces/include/builtin_interfaces
-- Installing: /home/neu/Desktop/microros_ws/firmware/mcu_ws/install/builtin_interfaces/include/builtin_interfaces/msg
-- Installing: /home/neu/Desktop/microros_ws/firmware/mcu_ws/install/builtin_interfaces/include/builtin_interfaces/msg/detail
-- Installing: /home/neu/Desktop/microros_ws/firmware/mcu_ws/install/builtin_interfaces/include/builtin_interfaces/msg/detail/time__rosidl_typesupport_microxrcedds_c.h
-- Installing: /home/neu/Desktop/microros_ws/firmware/mcu_ws/install/builtin_interfaces/include/builtin_interfaces/msg/detail/microxrcedds
-- Installing: /home/neu/Desktop/microros_ws/firmware/mcu_ws/install/builtin_interfaces/include/builtin_interfaces/msg/detail/duration__rosidl_typesupport_microxrcedds_c.h
-- Installing: /home/neu/Desktop/microros_ws/firmware/mcu_ws/install/builtin_interfaces/include/builtin_interfaces/msg/rosidl_typesupport_microxrcedds_c__visibility_control.h
-- Installing: /home/neu/Desktop/microros_ws/firmware/mcu_ws/install/builtin_interfaces/lib/libbuiltin_interfaces__rosidl_typesupport_microxrcedds_c.a
-- Up-to-date: /home/neu/Desktop/microros_ws/firmware/mcu_ws/install/builtin_interfaces/include/builtin_interfaces/builtin_interfaces
-- Up-to-date: /home/neu/Desktop/microros_ws/firmware/mcu_ws/install/builtin_interfaces/include/builtin_interfaces/builtin_interfaces/msg
-- Up-to-date: /home/neu/Desktop/microros_ws/firmware/mcu_ws/install/builtin_interfaces/include/builtin_interfaces/builtin_interfaces/msg/detail
-- Installing: /home/neu/Desktop/microros_ws/firmware/mcu_ws/install/builtin_interfaces/include/builtin_interfaces/builtin_interfaces/msg/detail/time__type_support.c
-- Installing: /home/neu/Desktop/microros_ws/firmware/mcu_ws/install/builtin_interfaces/include/builtin_interfaces/builtin_interfaces/msg/detail/time__rosidl_typesupport_introspection_c.h
-- Installing: /home/neu/Desktop/microros_ws/firmware/mcu_ws/install/builtin_interfaces/include/builtin_interfaces/builtin_interfaces/msg/detail/duration__rosidl_typesupport_introspection_c.h
-- Installing: /home/neu/Desktop/microros_ws/firmware/mcu_ws/install/builtin_interfaces/include/builtin_interfaces/builtin_interfaces/msg/detail/duration__type_support.c
-- Installing: /home/neu/Desktop/microros_ws/firmware/mcu_ws/install/builtin_interfaces/include/builtin_interfaces/builtin_interfaces/msg/rosidl_typesupport_introspection_c__visibility_control.h
-- Installing: /home/neu/Desktop/microros_ws/firmware/mcu_ws/install/builtin_interfaces/lib/libbuiltin_interfaces__rosidl_typesupport_introspection_c.a
-- Installing: /home/neu/Desktop/microros_ws/firmware/mcu_ws/install/builtin_interfaces/lib/libbuiltin_interfaces__rosidl_typesupport_c.a
-- Installing: /home/neu/Desktop/microros_ws/firmware/mcu_ws/install/builtin_interfaces/share/builtin_interfaces/msg/Duration.idl
-- Installing: /home/neu/Desktop/microros_ws/firmware/mcu_ws/install/builtin_interfaces/share/builtin_interfaces/msg/Time.idl
-- Installing: /home/neu/Desktop/microros_ws/firmware/mcu_ws/install/builtin_interfaces/share/builtin_interfaces/msg/Duration.msg
-- Installing: /home/neu/Desktop/microros_ws/firmware/mcu_ws/install/builtin_interfaces/share/builtin_interfaces/msg/Time.msg
-- Installing: /home/neu/Desktop/microros_ws/firmware/mcu_ws/install/builtin_interfaces/share/ament_index/resource_index/package_run_dependencies/builtin_interfaces
-- Installing: /home/neu/Desktop/microros_ws/firmware/mcu_ws/install/builtin_interfaces/share/ament_index/resource_index/parent_prefix_path/builtin_interfaces
-- Installing: /home/neu/Desktop/microros_ws/firmware/mcu_ws/install/builtin_interfaces/share/builtin_interfaces/environment/ament_prefix_path.sh
-- Installing: /home/neu/Desktop/microros_ws/firmware/mcu_ws/install/builtin_interfaces/share/builtin_interfaces/environment/ament_prefix_path.dsv
-- Installing: /home/neu/Desktop/microros_ws/firmware/mcu_ws/install/builtin_interfaces/share/builtin_interfaces/environment/path.sh
-- Installing: /home/neu/Desktop/microros_ws/firmware/mcu_ws/install/builtin_interfaces/share/builtin_interfaces/environment/path.dsv
-- Installing: /home/neu/Desktop/microros_ws/firmware/mcu_ws/install/builtin_interfaces/share/builtin_interfaces/local_setup.bash
-- Installing: /home/neu/Desktop/microros_ws/firmware/mcu_ws/install/builtin_interfaces/share/builtin_interfaces/local_setup.sh
-- Installing: /home/neu/Desktop/microros_ws/firmware/mcu_ws/install/builtin_interfaces/share/builtin_interfaces/local_setup.zsh
-- Installing: /home/neu/Desktop/microros_ws/firmware/mcu_ws/install/builtin_interfaces/share/builtin_interfaces/local_setup.dsv
-- Installing: /home/neu/Desktop/microros_ws/firmware/mcu_ws/install/builtin_interfaces/share/builtin_interfaces/package.dsv
-- Installing: /home/neu/Desktop/microros_ws/firmware/mcu_ws/install/builtin_interfaces/share/ament_index/resource_index/packages/builtin_interfaces
-- Installing: /home/neu/Desktop/microros_ws/firmware/mcu_ws/install/builtin_interfaces/share/builtin_interfaces/cmake/export_builtin_interfaces__rosidl_generator_cExport.cmake
-- Installing: /home/neu/Desktop/microros_ws/firmware/mcu_ws/install/builtin_interfaces/share/builtin_interfaces/cmake/export_builtin_interfaces__rosidl_generator_cExport-debug.cmake
-- Installing: /home/neu/Desktop/microros_ws/firmware/mcu_ws/install/builtin_interfaces/share/builtin_interfaces/cmake/builtin_interfaces__rosidl_typesupport_introspection_cExport.cmake
-- Installing: /home/neu/Desktop/microros_ws/firmware/mcu_ws/install/builtin_interfaces/share/builtin_interfaces/cmake/builtin_interfaces__rosidl_typesupport_introspection_cExport-debug.cmake
-- Installing: /home/neu/Desktop/microros_ws/firmware/mcu_ws/install/builtin_interfaces/share/builtin_interfaces/cmake/builtin_interfaces__rosidl_typesupport_cExport.cmake
-- Installing: /home/neu/Desktop/microros_ws/firmware/mcu_ws/install/builtin_interfaces/share/builtin_interfaces/cmake/builtin_interfaces__rosidl_typesupport_cExport-debug.cmake
-- Installing: /home/neu/Desktop/microros_ws/firmware/mcu_ws/install/builtin_interfaces/share/builtin_interfaces/cmake/rosidl_cmake-extras.cmake
-- Installing: /home/neu/Desktop/microros_ws/firmware/mcu_ws/install/builtin_interfaces/share/builtin_interfaces/cmake/ament_cmake_export_include_directories-extras.cmake
-- Installing: /home/neu/Desktop/microros_ws/firmware/mcu_ws/install/builtin_interfaces/share/builtin_interfaces/cmake/ament_cmake_export_libraries-extras.cmake
-- Installing: /home/neu/Desktop/microros_ws/firmware/mcu_ws/install/builtin_interfaces/share/builtin_interfaces/cmake/ament_cmake_export_targets-extras.cmake
-- Installing: /home/neu/Desktop/microros_ws/firmware/mcu_ws/install/builtin_interfaces/share/builtin_interfaces/cmake/rosidl_cmake_export_typesupport_targets-extras.cmake
-- Installing: /home/neu/Desktop/microros_ws/firmware/mcu_ws/install/builtin_interfaces/share/builtin_interfaces/cmake/ament_cmake_export_dependencies-extras.cmake
-- Installing: /home/neu/Desktop/microros_ws/firmware/mcu_ws/install/builtin_interfaces/share/builtin_interfaces/cmake/rosidl_cmake_export_typesupport_libraries-extras.cmake
-- Installing: /home/neu/Desktop/microros_ws/firmware/mcu_ws/install/builtin_interfaces/share/builtin_interfaces/cmake/builtin_interfacesConfig.cmake
-- Installing: /home/neu/Desktop/microros_ws/firmware/mcu_ws/install/builtin_interfaces/share/builtin_interfaces/cmake/builtin_interfacesConfig-version.cmake
-- Installing: /home/neu/Desktop/microros_ws/firmware/mcu_ws/install/builtin_interfaces/share/builtin_interfaces/package.xml
