Not searching for unused variables given on the command line.
-- Found ament_cmake: 1.3.5 (/home/neu/Desktop/microros_ws/firmware/dev_ws/install/ament_cmake/share/ament_cmake/cmake)
-- Found Python3: /usr/bin/python3.8 (found version "3.8.10") found components: Interpreter 
-- Configuring done
-- Generating done
-- Build files have been written to: /home/neu/Desktop/microros_ws/firmware/mcu_ws/build/rosidl_parser
make[1]: Entering directory '/home/neu/Desktop/microros_ws/firmware/mcu_ws/build/rosidl_parser'
/usr/bin/cmake -S/home/neu/Desktop/microros_ws/firmware/mcu_ws/ros2/rosidl/rosidl_parser -B/home/neu/Desktop/microros_ws/firmware/mcu_ws/build/rosidl_parser --check-build-system CMakeFiles/Makefile.cmake 0
/usr/bin/cmake -E cmake_progress_start /home/neu/Desktop/microros_ws/firmware/mcu_ws/build/rosidl_parser/CMakeFiles /home/neu/Desktop/microros_ws/firmware/mcu_ws/build/rosidl_parser/CMakeFiles/progress.marks
/usr/bin/make -f CMakeFiles/Makefile2 all
make[2]: Entering directory '/home/neu/Desktop/microros_ws/firmware/mcu_ws/build/rosidl_parser'
/usr/bin/make -f CMakeFiles/ament_cmake_python_copy_rosidl_parser.dir/build.make CMakeFiles/ament_cmake_python_copy_rosidl_parser.dir/depend
make[3]: Entering directory '/home/neu/Desktop/microros_ws/firmware/mcu_ws/build/rosidl_parser'
cd /home/neu/Desktop/microros_ws/firmware/mcu_ws/build/rosidl_parser && /usr/bin/cmake -E cmake_depends "Unix Makefiles" /home/neu/Desktop/microros_ws/firmware/mcu_ws/ros2/rosidl/rosidl_parser /home/neu/Desktop/microros_ws/firmware/mcu_ws/ros2/rosidl/rosidl_parser /home/neu/Desktop/microros_ws/firmware/mcu_ws/build/rosidl_parser /home/neu/Desktop/microros_ws/firmware/mcu_ws/build/rosidl_parser /home/neu/Desktop/microros_ws/firmware/mcu_ws/build/rosidl_parser/CMakeFiles/ament_cmake_python_copy_rosidl_parser.dir/DependInfo.cmake --color=
Dependee "/home/neu/Desktop/microros_ws/firmware/mcu_ws/build/rosidl_parser/CMakeFiles/ament_cmake_python_copy_rosidl_parser.dir/DependInfo.cmake" is newer than depender "/home/neu/Desktop/microros_ws/firmware/mcu_ws/build/rosidl_parser/CMakeFiles/ament_cmake_python_copy_rosidl_parser.dir/depend.internal".
Dependee "/home/neu/Desktop/microros_ws/firmware/mcu_ws/build/rosidl_parser/CMakeFiles/CMakeDirectoryInformation.cmake" is newer than depender "/home/neu/Desktop/microros_ws/firmware/mcu_ws/build/rosidl_parser/CMakeFiles/ament_cmake_python_copy_rosidl_parser.dir/depend.internal".
[35m[1mScanning dependencies of target ament_cmake_python_copy_rosidl_parser[0m
make[3]: Leaving directory '/home/neu/Desktop/microros_ws/firmware/mcu_ws/build/rosidl_parser'
/usr/bin/make -f CMakeFiles/ament_cmake_python_copy_rosidl_parser.dir/build.make CMakeFiles/ament_cmake_python_copy_rosidl_parser.dir/build
make[3]: Entering directory '/home/neu/Desktop/microros_ws/firmware/mcu_ws/build/rosidl_parser'
/usr/bin/cmake -E copy_directory /home/neu/Desktop/microros_ws/firmware/mcu_ws/ros2/rosidl/rosidl_parser/rosidl_parser /home/neu/Desktop/microros_ws/firmware/mcu_ws/build/rosidl_parser/ament_cmake_python/rosidl_parser/rosidl_parser
make[3]: Leaving directory '/home/neu/Desktop/microros_ws/firmware/mcu_ws/build/rosidl_parser'
Built target ament_cmake_python_copy_rosidl_parser
/usr/bin/make -f CMakeFiles/ament_cmake_python_build_rosidl_parser_egg.dir/build.make CMakeFiles/ament_cmake_python_build_rosidl_parser_egg.dir/depend
make[3]: Entering directory '/home/neu/Desktop/microros_ws/firmware/mcu_ws/build/rosidl_parser'
cd /home/neu/Desktop/microros_ws/firmware/mcu_ws/build/rosidl_parser && /usr/bin/cmake -E cmake_depends "Unix Makefiles" /home/neu/Desktop/microros_ws/firmware/mcu_ws/ros2/rosidl/rosidl_parser /home/neu/Desktop/microros_ws/firmware/mcu_ws/ros2/rosidl/rosidl_parser /home/neu/Desktop/microros_ws/firmware/mcu_ws/build/rosidl_parser /home/neu/Desktop/microros_ws/firmware/mcu_ws/build/rosidl_parser /home/neu/Desktop/microros_ws/firmware/mcu_ws/build/rosidl_parser/CMakeFiles/ament_cmake_python_build_rosidl_parser_egg.dir/DependInfo.cmake --color=
Dependee "/home/neu/Desktop/microros_ws/firmware/mcu_ws/build/rosidl_parser/CMakeFiles/ament_cmake_python_build_rosidl_parser_egg.dir/DependInfo.cmake" is newer than depender "/home/neu/Desktop/microros_ws/firmware/mcu_ws/build/rosidl_parser/CMakeFiles/ament_cmake_python_build_rosidl_parser_egg.dir/depend.internal".
Dependee "/home/neu/Desktop/microros_ws/firmware/mcu_ws/build/rosidl_parser/CMakeFiles/CMakeDirectoryInformation.cmake" is newer than depender "/home/neu/Desktop/microros_ws/firmware/mcu_ws/build/rosidl_parser/CMakeFiles/ament_cmake_python_build_rosidl_parser_egg.dir/depend.internal".
[35m[1mScanning dependencies of target ament_cmake_python_build_rosidl_parser_egg[0m
make[3]: Leaving directory '/home/neu/Desktop/microros_ws/firmware/mcu_ws/build/rosidl_parser'
/usr/bin/make -f CMakeFiles/ament_cmake_python_build_rosidl_parser_egg.dir/build.make CMakeFiles/ament_cmake_python_build_rosidl_parser_egg.dir/build
make[3]: Entering directory '/home/neu/Desktop/microros_ws/firmware/mcu_ws/build/rosidl_parser'
cd /home/neu/Desktop/microros_ws/firmware/mcu_ws/build/rosidl_parser/ament_cmake_python/rosidl_parser && /usr/bin/python3.8 setup.py egg_info
running egg_info
creating rosidl_parser.egg-info
writing rosidl_parser.egg-info/PKG-INFO
writing dependency_links to rosidl_parser.egg-info/dependency_links.txt
writing top-level names to rosidl_parser.egg-info/top_level.txt
writing manifest file 'rosidl_parser.egg-info/SOURCES.txt'
reading manifest file 'rosidl_parser.egg-info/SOURCES.txt'
writing manifest file 'rosidl_parser.egg-info/SOURCES.txt'
make[3]: Leaving directory '/home/neu/Desktop/microros_ws/firmware/mcu_ws/build/rosidl_parser'
Built target ament_cmake_python_build_rosidl_parser_egg
make[2]: Leaving directory '/home/neu/Desktop/microros_ws/firmware/mcu_ws/build/rosidl_parser'
/usr/bin/cmake -E cmake_progress_start /home/neu/Desktop/microros_ws/firmware/mcu_ws/build/rosidl_parser/CMakeFiles 0
make[1]: Leaving directory '/home/neu/Desktop/microros_ws/firmware/mcu_ws/build/rosidl_parser'
-- Install configuration: "Debug"
-- Installing: /home/neu/Desktop/microros_ws/firmware/mcu_ws/install/rosidl_parser/share/rosidl_parser/environment/pythonpath.sh
-- Installing: /home/neu/Desktop/microros_ws/firmware/mcu_ws/install/rosidl_parser/share/rosidl_parser/environment/pythonpath.dsv
-- Installing: /home/neu/Desktop/microros_ws/firmware/mcu_ws/install/rosidl_parser/lib/python3.8/site-packages/rosidl_parser-3.1.5-py3.8.egg-info
-- Installing: /home/neu/Desktop/microros_ws/firmware/mcu_ws/install/rosidl_parser/lib/python3.8/site-packages/rosidl_parser-3.1.5-py3.8.egg-info/SOURCES.txt
-- Installing: /home/neu/Desktop/microros_ws/firmware/mcu_ws/install/rosidl_parser/lib/python3.8/site-packages/rosidl_parser-3.1.5-py3.8.egg-info/top_level.txt
-- Installing: /home/neu/Desktop/microros_ws/firmware/mcu_ws/install/rosidl_parser/lib/python3.8/site-packages/rosidl_parser-3.1.5-py3.8.egg-info/dependency_links.txt
-- Installing: /home/neu/Desktop/microros_ws/firmware/mcu_ws/install/rosidl_parser/lib/python3.8/site-packages/rosidl_parser-3.1.5-py3.8.egg-info/PKG-INFO
-- Installing: /home/neu/Desktop/microros_ws/firmware/mcu_ws/install/rosidl_parser/lib/python3.8/site-packages/rosidl_parser
-- Installing: /home/neu/Desktop/microros_ws/firmware/mcu_ws/install/rosidl_parser/lib/python3.8/site-packages/rosidl_parser/definition.py
-- Installing: /home/neu/Desktop/microros_ws/firmware/mcu_ws/install/rosidl_parser/lib/python3.8/site-packages/rosidl_parser/__init__.py
-- Installing: /home/neu/Desktop/microros_ws/firmware/mcu_ws/install/rosidl_parser/lib/python3.8/site-packages/rosidl_parser/grammar.lark
-- Installing: /home/neu/Desktop/microros_ws/firmware/mcu_ws/install/rosidl_parser/lib/python3.8/site-packages/rosidl_parser/parser.py
Listing '/home/neu/Desktop/microros_ws/firmware/mcu_ws/install/rosidl_parser/lib/python3.8/site-packages/rosidl_parser'...
Compiling '/home/neu/Desktop/microros_ws/firmware/mcu_ws/install/rosidl_parser/lib/python3.8/site-packages/rosidl_parser/__init__.py'...
Compiling '/home/neu/Desktop/microros_ws/firmware/mcu_ws/install/rosidl_parser/lib/python3.8/site-packages/rosidl_parser/definition.py'...
Compiling '/home/neu/Desktop/microros_ws/firmware/mcu_ws/install/rosidl_parser/lib/python3.8/site-packages/rosidl_parser/parser.py'...
-- Installing: /home/neu/Desktop/microros_ws/firmware/mcu_ws/install/rosidl_parser/share/ament_index/resource_index/package_run_dependencies/rosidl_parser
-- Installing: /home/neu/Desktop/microros_ws/firmware/mcu_ws/install/rosidl_parser/share/ament_index/resource_index/parent_prefix_path/rosidl_parser
-- Installing: /home/neu/Desktop/microros_ws/firmware/mcu_ws/install/rosidl_parser/share/rosidl_parser/environment/ament_prefix_path.sh
-- Installing: /home/neu/Desktop/microros_ws/firmware/mcu_ws/install/rosidl_parser/share/rosidl_parser/environment/ament_prefix_path.dsv
-- Installing: /home/neu/Desktop/microros_ws/firmware/mcu_ws/install/rosidl_parser/share/rosidl_parser/environment/path.sh
-- Installing: /home/neu/Desktop/microros_ws/firmware/mcu_ws/install/rosidl_parser/share/rosidl_parser/environment/path.dsv
-- Installing: /home/neu/Desktop/microros_ws/firmware/mcu_ws/install/rosidl_parser/share/rosidl_parser/local_setup.bash
-- Installing: /home/neu/Desktop/microros_ws/firmware/mcu_ws/install/rosidl_parser/share/rosidl_parser/local_setup.sh
-- Installing: /home/neu/Desktop/microros_ws/firmware/mcu_ws/install/rosidl_parser/share/rosidl_parser/local_setup.zsh
-- Installing: /home/neu/Desktop/microros_ws/firmware/mcu_ws/install/rosidl_parser/share/rosidl_parser/local_setup.dsv
-- Installing: /home/neu/Desktop/microros_ws/firmware/mcu_ws/install/rosidl_parser/share/rosidl_parser/package.dsv
-- Installing: /home/neu/Desktop/microros_ws/firmware/mcu_ws/install/rosidl_parser/share/ament_index/resource_index/packages/rosidl_parser
-- Installing: /home/neu/Desktop/microros_ws/firmware/mcu_ws/install/rosidl_parser/share/rosidl_parser/cmake/rosidl_parserConfig.cmake
-- Installing: /home/neu/Desktop/microros_ws/firmware/mcu_ws/install/rosidl_parser/share/rosidl_parser/cmake/rosidl_parserConfig-version.cmake
-- Installing: /home/neu/Desktop/microros_ws/firmware/mcu_ws/install/rosidl_parser/share/rosidl_parser/package.xml
-- Installing: /home/neu/Desktop/microros_ws/firmware/mcu_ws/install/rosidl_parser/lib/rosidl_parser/idl2png
