[1.376s] Invoking command in '/home/neu/Desktop/microros_ws/firmware/mcu_ws/ros2/rosidl/rosidl_cli': PYTHONPATH=/home/neu/Desktop/microros_ws/firmware/mcu_ws/build/rosidl_cli/prefix_override:/home/neu/Desktop/microros_ws/firmware/mcu_ws/install/rosidl_cli/lib/python3.8/site-packages:${PYTHONPATH} /usr/bin/python3 setup.py egg_info --egg-base ../../../build/rosidl_cli build --build-base /home/neu/Desktop/microros_ws/firmware/mcu_ws/build/rosidl_cli/build install --record /home/neu/Desktop/microros_ws/firmware/mcu_ws/build/rosidl_cli/install.log --single-version-externally-managed
[1.635s] running egg_info
[1.636s] creating ../../../build/rosidl_cli/rosidl_cli.egg-info
[1.636s] writing ../../../build/rosidl_cli/rosidl_cli.egg-info/PKG-INFO
[1.637s] writing dependency_links to ../../../build/rosidl_cli/rosidl_cli.egg-info/dependency_links.txt
[1.637s] writing entry points to ../../../build/rosidl_cli/rosidl_cli.egg-info/entry_points.txt
[1.637s] writing requirements to ../../../build/rosidl_cli/rosidl_cli.egg-info/requires.txt
[1.640s] writing top-level names to ../../../build/rosidl_cli/rosidl_cli.egg-info/top_level.txt
[1.640s] writing manifest file '../../../build/rosidl_cli/rosidl_cli.egg-info/SOURCES.txt'
[1.704s] reading manifest file '../../../build/rosidl_cli/rosidl_cli.egg-info/SOURCES.txt'
[1.706s] writing manifest file '../../../build/rosidl_cli/rosidl_cli.egg-info/SOURCES.txt'
[1.706s] running build
[1.706s] running build_py
[1.707s] creating /home/neu/Desktop/microros_ws/firmware/mcu_ws/build/rosidl_cli/build
[1.707s] creating /home/neu/Desktop/microros_ws/firmware/mcu_ws/build/rosidl_cli/build/lib
[1.707s] creating /home/neu/Desktop/microros_ws/firmware/mcu_ws/build/rosidl_cli/build/lib/rosidl_cli
[1.707s] copying rosidl_cli/__init__.py -> /home/neu/Desktop/microros_ws/firmware/mcu_ws/build/rosidl_cli/build/lib/rosidl_cli
[1.708s] copying rosidl_cli/entry_points.py -> /home/neu/Desktop/microros_ws/firmware/mcu_ws/build/rosidl_cli/build/lib/rosidl_cli
[1.708s] copying rosidl_cli/cli.py -> /home/neu/Desktop/microros_ws/firmware/mcu_ws/build/rosidl_cli/build/lib/rosidl_cli
[1.708s] copying rosidl_cli/common.py -> /home/neu/Desktop/microros_ws/firmware/mcu_ws/build/rosidl_cli/build/lib/rosidl_cli
[1.708s] copying rosidl_cli/extensions.py -> /home/neu/Desktop/microros_ws/firmware/mcu_ws/build/rosidl_cli/build/lib/rosidl_cli
[1.708s] creating /home/neu/Desktop/microros_ws/firmware/mcu_ws/build/rosidl_cli/build/lib/rosidl_cli/command
[1.708s] copying rosidl_cli/command/__init__.py -> /home/neu/Desktop/microros_ws/firmware/mcu_ws/build/rosidl_cli/build/lib/rosidl_cli/command
[1.708s] copying rosidl_cli/command/helpers.py -> /home/neu/Desktop/microros_ws/firmware/mcu_ws/build/rosidl_cli/build/lib/rosidl_cli/command
[1.709s] creating /home/neu/Desktop/microros_ws/firmware/mcu_ws/build/rosidl_cli/build/lib/rosidl_cli/command/translate
[1.709s] copying rosidl_cli/command/translate/api.py -> /home/neu/Desktop/microros_ws/firmware/mcu_ws/build/rosidl_cli/build/lib/rosidl_cli/command/translate
[1.709s] copying rosidl_cli/command/translate/__init__.py -> /home/neu/Desktop/microros_ws/firmware/mcu_ws/build/rosidl_cli/build/lib/rosidl_cli/command/translate
[1.709s] copying rosidl_cli/command/translate/extensions.py -> /home/neu/Desktop/microros_ws/firmware/mcu_ws/build/rosidl_cli/build/lib/rosidl_cli/command/translate
[1.709s] creating /home/neu/Desktop/microros_ws/firmware/mcu_ws/build/rosidl_cli/build/lib/rosidl_cli/command/generate
[1.710s] copying rosidl_cli/command/generate/api.py -> /home/neu/Desktop/microros_ws/firmware/mcu_ws/build/rosidl_cli/build/lib/rosidl_cli/command/generate
[1.710s] copying rosidl_cli/command/generate/__init__.py -> /home/neu/Desktop/microros_ws/firmware/mcu_ws/build/rosidl_cli/build/lib/rosidl_cli/command/generate
[1.710s] copying rosidl_cli/command/generate/extensions.py -> /home/neu/Desktop/microros_ws/firmware/mcu_ws/build/rosidl_cli/build/lib/rosidl_cli/command/generate
[1.710s] running install
[1.713s] running install_lib
[1.714s] creating /home/neu/Desktop/microros_ws/firmware/mcu_ws/install/rosidl_cli/lib/python3.8/site-packages/rosidl_cli
[1.714s] copying /home/neu/Desktop/microros_ws/firmware/mcu_ws/build/rosidl_cli/build/lib/rosidl_cli/__init__.py -> /home/neu/Desktop/microros_ws/firmware/mcu_ws/install/rosidl_cli/lib/python3.8/site-packages/rosidl_cli
[1.715s] copying /home/neu/Desktop/microros_ws/firmware/mcu_ws/build/rosidl_cli/build/lib/rosidl_cli/entry_points.py -> /home/neu/Desktop/microros_ws/firmware/mcu_ws/install/rosidl_cli/lib/python3.8/site-packages/rosidl_cli
[1.715s] copying /home/neu/Desktop/microros_ws/firmware/mcu_ws/build/rosidl_cli/build/lib/rosidl_cli/cli.py -> /home/neu/Desktop/microros_ws/firmware/mcu_ws/install/rosidl_cli/lib/python3.8/site-packages/rosidl_cli
[1.715s] creating /home/neu/Desktop/microros_ws/firmware/mcu_ws/install/rosidl_cli/lib/python3.8/site-packages/rosidl_cli/command
[1.716s] creating /home/neu/Desktop/microros_ws/firmware/mcu_ws/install/rosidl_cli/lib/python3.8/site-packages/rosidl_cli/command/translate
[1.716s] copying /home/neu/Desktop/microros_ws/firmware/mcu_ws/build/rosidl_cli/build/lib/rosidl_cli/command/translate/api.py -> /home/neu/Desktop/microros_ws/firmware/mcu_ws/install/rosidl_cli/lib/python3.8/site-packages/rosidl_cli/command/translate
[1.716s] copying /home/neu/Desktop/microros_ws/firmware/mcu_ws/build/rosidl_cli/build/lib/rosidl_cli/command/translate/__init__.py -> /home/neu/Desktop/microros_ws/firmware/mcu_ws/install/rosidl_cli/lib/python3.8/site-packages/rosidl_cli/command/translate
[1.716s] copying /home/neu/Desktop/microros_ws/firmware/mcu_ws/build/rosidl_cli/build/lib/rosidl_cli/command/translate/extensions.py -> /home/neu/Desktop/microros_ws/firmware/mcu_ws/install/rosidl_cli/lib/python3.8/site-packages/rosidl_cli/command/translate
[1.717s] copying /home/neu/Desktop/microros_ws/firmware/mcu_ws/build/rosidl_cli/build/lib/rosidl_cli/command/__init__.py -> /home/neu/Desktop/microros_ws/firmware/mcu_ws/install/rosidl_cli/lib/python3.8/site-packages/rosidl_cli/command
[1.717s] creating /home/neu/Desktop/microros_ws/firmware/mcu_ws/install/rosidl_cli/lib/python3.8/site-packages/rosidl_cli/command/generate
[1.717s] copying /home/neu/Desktop/microros_ws/firmware/mcu_ws/build/rosidl_cli/build/lib/rosidl_cli/command/generate/api.py -> /home/neu/Desktop/microros_ws/firmware/mcu_ws/install/rosidl_cli/lib/python3.8/site-packages/rosidl_cli/command/generate
[1.717s] copying /home/neu/Desktop/microros_ws/firmware/mcu_ws/build/rosidl_cli/build/lib/rosidl_cli/command/generate/__init__.py -> /home/neu/Desktop/microros_ws/firmware/mcu_ws/install/rosidl_cli/lib/python3.8/site-packages/rosidl_cli/command/generate
[1.717s] copying /home/neu/Desktop/microros_ws/firmware/mcu_ws/build/rosidl_cli/build/lib/rosidl_cli/command/generate/extensions.py -> /home/neu/Desktop/microros_ws/firmware/mcu_ws/install/rosidl_cli/lib/python3.8/site-packages/rosidl_cli/command/generate
[1.718s] copying /home/neu/Desktop/microros_ws/firmware/mcu_ws/build/rosidl_cli/build/lib/rosidl_cli/command/helpers.py -> /home/neu/Desktop/microros_ws/firmware/mcu_ws/install/rosidl_cli/lib/python3.8/site-packages/rosidl_cli/command
[1.718s] copying /home/neu/Desktop/microros_ws/firmware/mcu_ws/build/rosidl_cli/build/lib/rosidl_cli/common.py -> /home/neu/Desktop/microros_ws/firmware/mcu_ws/install/rosidl_cli/lib/python3.8/site-packages/rosidl_cli
[1.718s] copying /home/neu/Desktop/microros_ws/firmware/mcu_ws/build/rosidl_cli/build/lib/rosidl_cli/extensions.py -> /home/neu/Desktop/microros_ws/firmware/mcu_ws/install/rosidl_cli/lib/python3.8/site-packages/rosidl_cli
[1.719s] byte-compiling /home/neu/Desktop/microros_ws/firmware/mcu_ws/install/rosidl_cli/lib/python3.8/site-packages/rosidl_cli/__init__.py to __init__.cpython-38.pyc
[1.721s] byte-compiling /home/neu/Desktop/microros_ws/firmware/mcu_ws/install/rosidl_cli/lib/python3.8/site-packages/rosidl_cli/entry_points.py to entry_points.cpython-38.pyc
[1.723s] byte-compiling /home/neu/Desktop/microros_ws/firmware/mcu_ws/install/rosidl_cli/lib/python3.8/site-packages/rosidl_cli/cli.py to cli.cpython-38.pyc
[1.724s] byte-compiling /home/neu/Desktop/microros_ws/firmware/mcu_ws/install/rosidl_cli/lib/python3.8/site-packages/rosidl_cli/command/translate/api.py to api.cpython-38.pyc
[1.724s] byte-compiling /home/neu/Desktop/microros_ws/firmware/mcu_ws/install/rosidl_cli/lib/python3.8/site-packages/rosidl_cli/command/translate/__init__.py to __init__.cpython-38.pyc
[1.725s] byte-compiling /home/neu/Desktop/microros_ws/firmware/mcu_ws/install/rosidl_cli/lib/python3.8/site-packages/rosidl_cli/command/translate/extensions.py to extensions.cpython-38.pyc
[1.725s] byte-compiling /home/neu/Desktop/microros_ws/firmware/mcu_ws/install/rosidl_cli/lib/python3.8/site-packages/rosidl_cli/command/__init__.py to __init__.cpython-38.pyc
[1.725s] byte-compiling /home/neu/Desktop/microros_ws/firmware/mcu_ws/install/rosidl_cli/lib/python3.8/site-packages/rosidl_cli/command/generate/api.py to api.cpython-38.pyc
[1.726s] byte-compiling /home/neu/Desktop/microros_ws/firmware/mcu_ws/install/rosidl_cli/lib/python3.8/site-packages/rosidl_cli/command/generate/__init__.py to __init__.cpython-38.pyc
[1.726s] byte-compiling /home/neu/Desktop/microros_ws/firmware/mcu_ws/install/rosidl_cli/lib/python3.8/site-packages/rosidl_cli/command/generate/extensions.py to extensions.cpython-38.pyc
[1.726s] byte-compiling /home/neu/Desktop/microros_ws/firmware/mcu_ws/install/rosidl_cli/lib/python3.8/site-packages/rosidl_cli/command/helpers.py to helpers.cpython-38.pyc
[1.727s] byte-compiling /home/neu/Desktop/microros_ws/firmware/mcu_ws/install/rosidl_cli/lib/python3.8/site-packages/rosidl_cli/common.py to common.cpython-38.pyc
[1.727s] byte-compiling /home/neu/Desktop/microros_ws/firmware/mcu_ws/install/rosidl_cli/lib/python3.8/site-packages/rosidl_cli/extensions.py to extensions.cpython-38.pyc
[1.728s] running install_data
[1.729s] creating /home/neu/Desktop/microros_ws/firmware/mcu_ws/install/rosidl_cli/share/ament_index
[1.729s] creating /home/neu/Desktop/microros_ws/firmware/mcu_ws/install/rosidl_cli/share/ament_index/resource_index
[1.729s] creating /home/neu/Desktop/microros_ws/firmware/mcu_ws/install/rosidl_cli/share/ament_index/resource_index/packages
[1.730s] copying resource/rosidl_cli -> /home/neu/Desktop/microros_ws/firmware/mcu_ws/install/rosidl_cli/share/ament_index/resource_index/packages
[1.730s] copying package.xml -> /home/neu/Desktop/microros_ws/firmware/mcu_ws/install/rosidl_cli/share/rosidl_cli
[1.730s] copying resource/package.dsv -> /home/neu/Desktop/microros_ws/firmware/mcu_ws/install/rosidl_cli/share/rosidl_cli
[1.730s] creating /home/neu/Desktop/microros_ws/firmware/mcu_ws/install/rosidl_cli/share/rosidl_cli/environment
[1.730s] copying completion/rosidl-argcomplete.bash -> /home/neu/Desktop/microros_ws/firmware/mcu_ws/install/rosidl_cli/share/rosidl_cli/environment
[1.730s] copying completion/rosidl-argcomplete.zsh -> /home/neu/Desktop/microros_ws/firmware/mcu_ws/install/rosidl_cli/share/rosidl_cli/environment
[1.731s] running install_egg_info
[1.735s] Copying ../../../build/rosidl_cli/rosidl_cli.egg-info to /home/neu/Desktop/microros_ws/firmware/mcu_ws/install/rosidl_cli/lib/python3.8/site-packages/rosidl_cli-3.1.5-py3.8.egg-info
[1.735s] running install_scripts
[1.765s] Installing rosidl script to /home/neu/Desktop/microros_ws/firmware/mcu_ws/install/rosidl_cli/bin
[1.766s] writing list of installed files to '/home/neu/Desktop/microros_ws/firmware/mcu_ws/build/rosidl_cli/install.log'
[1.800s] Invoked command in '/home/neu/Desktop/microros_ws/firmware/mcu_ws/ros2/rosidl/rosidl_cli' returned '0': PYTHONPATH=/home/neu/Desktop/microros_ws/firmware/mcu_ws/build/rosidl_cli/prefix_override:/home/neu/Desktop/microros_ws/firmware/mcu_ws/install/rosidl_cli/lib/python3.8/site-packages:${PYTHONPATH} /usr/bin/python3 setup.py egg_info --egg-base ../../../build/rosidl_cli build --build-base /home/neu/Desktop/microros_ws/firmware/mcu_ws/build/rosidl_cli/build install --record /home/neu/Desktop/microros_ws/firmware/mcu_ws/build/rosidl_cli/install.log --single-version-externally-managed
